participant_ID,Timestamp,Event,Stimulus,isTarget,isValidation,isRepeat,Button,Accuracy IR,Accuracy WR,Reaction_time_IR,Reaction_time_WR,CR_IR,CR_WR
241,1770295630149,Practice Sentence shown,HH_104_A,true,,,N/A,N/A,N/A,N/A,N/A,N/A,N/A
241,1770295635677,Practice Sentence shown,HL_6_A,,,,N/A,N/A,N/A,N/A,N/A,N/A,N/A
241,1770295641204,Practice Sentence shown,HL_23_A,,,,N/A,N/A,N/A,N/A,N/A,N/A,N/A
241,1770295646733,Practice Sentence shown,HL_61_A,,,,N/A,N/A,N/A,N/A,N/A,N/A,N/A
241,1770295652256,Practice Sentence shown,HH_115_A,true,,,N/A,N/A,N/A,N/A,N/A,N/A,N/A
241,1770295657771,Practice Sentence shown,HL_66_A,,,,N/A,N/A,N/A,N/A,N/A,N/A,N/A
241,1770295663291,Practice Sentence shown,HH_125_A,true,,,N/A,N/A,N/A,N/A,N/A,N/A,N/A
241,1770295668810,Practice Sentence shown,HL_77_A,,,,N/A,N/A,N/A,N/A,N/A,N/A,N/A
241,1770295674333,Practice Sentence shown,HH_104_P,true,,true,N/A,N/A,N/A,N/A,N/A,N/A,N/A
241,1770295676124,Practice IR pressed,HH_104_P,true,,true,Spacebar,1,N/A,1791,N/A,N/A,N/A
241,1770295677067,Practice WR pressed,HH_104_P,true,,true,No,N/A,1,N/A,943,N/A,N/A
241,1770295678579,Practice Sentence shown,HL_49_A,,,,N/A,N/A,N/A,N/A,N/A,N/A,N/A
241,1770295684100,Practice Sentence shown,HH_115_P,true,,true,N/A,N/A,N/A,N/A,N/A,N/A,N/A
241,1770295685250,Practice IR pressed,HH_115_P,true,,true,Spacebar,1,N/A,1150,N/A,N/A,N/A
241,1770295687006,Practice WR pressed,HH_115_P,true,,true,No,N/A,1,N/A,1756,N/A,N/A
241,1770295688519,Practice Sentence shown,HL_46_A,,,,N/A,N/A,N/A,N/A,N/A,N/A,N/A
241,1770295694038,Practice Sentence shown,HL_19_A,,,,N/A,N/A,N/A,N/A,N/A,N/A,N/A
241,1770295699560,Practice Sentence shown,HL_48_A,,,,N/A,N/A,N/A,N/A,N/A,N/A,N/A
241,1770295705089,Practice Sentence shown,HH_125_P,true,,true,N/A,N/A,N/A,N/A,N/A,N/A,N/A
241,1770295706323,Practice IR pressed,HH_125_P,true,,true,Spacebar,1,N/A,1234,N/A,N/A,N/A
241,1770295706957,Practice WR pressed,HH_125_P,true,,true,No,N/A,1,N/A,634,N/A,N/A
241,1770295708468,Practice Sentence shown,HH_134_A,true,,,N/A,N/A,N/A,N/A,N/A,N/A,N/A
241,1770295713988,Practice Sentence shown,HL_56_A,,,,N/A,N/A,N/A,N/A,N/A,N/A,N/A
241,1770295719508,Practice Sentence shown,HH_131_A,true,,,N/A,N/A,N/A,N/A,N/A,N/A,N/A
241,1770295725021,Practice Sentence shown,HH_134_A,true,,true,N/A,N/A,N/A,N/A,N/A,N/A,N/A
241,1770295726023,Practice IR pressed,HH_134_A,true,,true,Spacebar,1,N/A,1002,N/A,N/A,N/A
241,1770295726643,Practice WR pressed,HH_134_A,true,,true,Yes,N/A,1,N/A,620,N/A,N/A
241,1770295728158,Practice Sentence shown,HH_131_A,true,,true,N/A,N/A,N/A,N/A,N/A,N/A,N/A
241,1770295731123,Practice IR pressed,HH_131_A,true,,true,Spacebar,1,N/A,2964,N/A,N/A,N/A
241,1770295731713,Practice WR pressed,HH_131_A,true,,true,No,N/A,0,N/A,591,N/A,N/A
241,1770295743607,Sentence shown,HF_22_A,,,,N/A,N/A,N/A,N/A,N/A,N/A,N/A
241,1770295747614,gap_time,N/A,,,,GapTime_932,N/A,N/A,N/A,N/A,N/A,N/A
241,1770295748562,Sentence shown,HF_5_A,,,,N/A,N/A,N/A,N/A,N/A,N/A,N/A
241,1770295752575,gap_time,N/A,,,,GapTime_1189,N/A,N/A,N/A,N/A,N/A,N/A
241,1770295753778,Sentence shown,HF_22_A,,true,true,N/A,N/A,N/A,N/A,N/A,N/A,N/A
241,1770295755001,Validation IR pressed,HF_22_A,,true,true,Spacebar,1,N/A,1223,N/A,N/A,N/A
241,1770295755001,IR pressed,HF_22_A,,true,true,Spacebar,1,N/A,1223,N/A,N/A,N/A
241,1770295755464,WR pressed,HF_22_A,,true,true,Yes,N/A,N/A,N/A,463,N/A,N/A
241,1770295755464,gap_time,N/A,,true,true,GapTime_1046,N/A,N/A,N/A,N/A,N/A,N/A
241,1770295756514,Sentence shown,HH_137_A,true,,,N/A,N/A,N/A,N/A,N/A,N/A,N/A
241,1770295760522,gap_time,N/A,true,,,GapTime_1212,N/A,N/A,N/A,N/A,N/A,N/A
241,1770295761747,Sentence shown,HF_5_A,,true,true,N/A,N/A,N/A,N/A,N/A,N/A,N/A
241,1770295762893,Validation IR pressed,HF_5_A,,true,true,Spacebar,1,N/A,1146,N/A,N/A,N/A
241,1770295762893,IR pressed,HF_5_A,,true,true,Spacebar,1,N/A,1146,N/A,N/A,N/A
241,1770295763903,WR pressed,HF_5_A,,true,true,Yes,N/A,N/A,N/A,1010,N/A,N/A
241,1770295763904,gap_time,N/A,,true,true,GapTime_867,N/A,N/A,N/A,N/A,N/A,N/A
241,1770295764782,Sentence shown,HH_156_P,true,,,N/A,N/A,N/A,N/A,N/A,N/A,N/A
241,1770295768786,gap_time,N/A,true,,,GapTime_1099,N/A,N/A,N/A,N/A,N/A,N/A
241,1770295769899,Sentence shown,HF_24_A,,,,N/A,N/A,N/A,N/A,N/A,N/A,N/A
241,1770295773901,gap_time,N/A,,,,GapTime_1184,N/A,N/A,N/A,N/A,N/A,N/A
241,1770295775101,Sentence shown,LVH_164_P,true,,,N/A,N/A,N/A,N/A,N/A,N/A,N/A
241,1770295779102,gap_time,N/A,true,,,GapTime_992,N/A,N/A,N/A,N/A,N/A,N/A
241,1770295780107,Sentence shown,LVH_122_A,true,,,N/A,N/A,N/A,N/A,N/A,N/A,N/A
241,1770295784110,gap_time,N/A,true,,,GapTime_1097,N/A,N/A,N/A,N/A,N/A,N/A
241,1770295785210,Sentence shown,HF_17_A,,,,N/A,N/A,N/A,N/A,N/A,N/A,N/A
241,1770295789216,gap_time,N/A,,,,GapTime_1073,N/A,N/A,N/A,N/A,N/A,N/A
241,1770295790298,Sentence shown,HF_33_A,,,,N/A,N/A,N/A,N/A,N/A,N/A,N/A
241,1770295794311,gap_time,N/A,,,,GapTime_1161,N/A,N/A,N/A,N/A,N/A,N/A
241,1770295795479,Sentence shown,HH_156_A,true,,true,N/A,N/A,N/A,N/A,N/A,N/A,N/A
241,1770295797339,IR pressed,HH_156_A,true,,true,Spacebar,1,N/A,1860,N/A,N/A,N/A
241,1770295797767,WR pressed,HH_156_A,true,,true,Yes,N/A,0,N/A,427,N/A,N/A
241,1770295797767,gap_time,N/A,true,,true,GapTime_943,N/A,N/A,N/A,N/A,N/A,N/A
241,1770295798718,Sentence shown,HF_6_A,,,,N/A,N/A,N/A,N/A,N/A,N/A,N/A
241,1770295800860,Validation Wrong IR pressed,HF_6_A,,,,Spacebar,0,N/A,2142,N/A,N/A,N/A
241,1770295800860,IR pressed,HF_6_A,,,,Spacebar,0,N/A,2142,N/A,N/A,N/A
241,1770295801422,WR pressed,HF_6_A,,,,Yes,N/A,N/A,N/A,562,N/A,N/A
241,1770295801422,gap_time,N/A,,,,GapTime_1022,N/A,N/A,N/A,N/A,N/A,N/A
241,1770295802446,Sentence shown,HH_137_P,true,,true,N/A,N/A,N/A,N/A,N/A,N/A,N/A
241,1770295805038,IR pressed,HH_137_P,true,,true,Spacebar,1,N/A,2592,N/A,N/A,N/A
241,1770295805246,WR pressed,HH_137_P,true,,true,Yes,N/A,0,N/A,208,N/A,N/A
241,1770295805247,gap_time,N/A,true,,true,GapTime_943,N/A,N/A,N/A,N/A,N/A,N/A
241,1770295806194,Sentence shown,HF_7_A,,,,N/A,N/A,N/A,N/A,N/A,N/A,N/A
241,1770295810207,gap_time,N/A,,,,GapTime_1208,N/A,N/A,N/A,N/A,N/A,N/A
241,1770295811427,Sentence shown,LVH_164_A,true,,true,N/A,N/A,N/A,N/A,N/A,N/A,N/A
241,1770295814381,IR pressed,LVH_164_A,true,,true,Spacebar,1,N/A,2954,N/A,N/A,N/A
241,1770295814560,WR pressed,LVH_164_A,true,,true,Yes,N/A,0,N/A,179,N/A,N/A
241,1770295814561,gap_time,N/A,true,,true,GapTime_795,N/A,N/A,N/A,N/A,N/A,N/A
241,1770295815366,Sentence shown,HF_31_A,,,,N/A,N/A,N/A,N/A,N/A,N/A,N/A
241,1770295817932,Validation Wrong IR pressed,HF_31_A,,,,Spacebar,0,N/A,2566,N/A,N/A,N/A
241,1770295817932,IR pressed,HF_31_A,,,,Spacebar,0,N/A,2566,N/A,N/A,N/A
241,1770295818669,WR pressed,HF_31_A,,,,No,N/A,N/A,N/A,737,N/A,N/A
241,1770295818670,gap_time,N/A,,,,GapTime_880,N/A,N/A,N/A,N/A,N/A,N/A
241,1770295819561,Sentence shown,HF_20_A,,,,N/A,N/A,N/A,N/A,N/A,N/A,N/A
241,1770295823569,gap_time,N/A,,,,GapTime_728,N/A,N/A,N/A,N/A,N/A,N/A
241,1770295824301,Sentence shown,HF_4_A,,,,N/A,N/A,N/A,N/A,N/A,N/A,N/A
241,1770295828313,gap_time,N/A,,,,GapTime_886,N/A,N/A,N/A,N/A,N/A,N/A
241,1770295829206,Sentence shown,LVH_122_P,true,,true,N/A,N/A,N/A,N/A,N/A,N/A,N/A
241,1770295830588,IR pressed,LVH_122_P,true,,true,Spacebar,1,N/A,1382,N/A,N/A,N/A
241,1770295831766,WR pressed,LVH_122_P,true,,true,No,N/A,1,N/A,1178,N/A,N/A
241,1770295831766,gap_time,N/A,true,,true,GapTime_770,N/A,N/A,N/A,N/A,N/A,N/A
241,1770295832544,Sentence shown,HF_20_A,,true,true,N/A,N/A,N/A,N/A,N/A,N/A,N/A
241,1770295833712,Validation IR pressed,HF_20_A,,true,true,Spacebar,1,N/A,1168,N/A,N/A,N/A
241,1770295833712,IR pressed,HF_20_A,,true,true,Spacebar,1,N/A,1168,N/A,N/A,N/A
241,1770295834069,WR pressed,HF_20_A,,true,true,Yes,N/A,N/A,N/A,357,N/A,N/A
241,1770295834070,gap_time,N/A,,true,true,GapTime_767,N/A,N/A,N/A,N/A,N/A,N/A
241,1770295834840,Sentence shown,HF_29_A,,,,N/A,N/A,N/A,N/A,N/A,N/A,N/A
241,1770295838846,gap_time,N/A,,,,GapTime_1034,N/A,N/A,N/A,N/A,N/A,N/A
241,1770295839889,Sentence shown,HVL_123_P,true,,,N/A,N/A,N/A,N/A,N/A,N/A,N/A
241,1770295843895,gap_time,N/A,true,,,GapTime_902,N/A,N/A,N/A,N/A,N/A,N/A
241,1770295844801,Sentence shown,HF_19_A,,,,N/A,N/A,N/A,N/A,N/A,N/A,N/A
241,1770295848818,gap_time,N/A,,,,GapTime_1143,N/A,N/A,N/A,N/A,N/A,N/A
241,1770295849963,Sentence shown,HF_29_A,,true,true,N/A,N/A,N/A,N/A,N/A,N/A,N/A
241,1770295850904,Validation IR pressed,HF_29_A,,true,true,Spacebar,1,N/A,941,N/A,N/A,N/A
241,1770295850904,IR pressed,HF_29_A,,true,true,Spacebar,1,N/A,941,N/A,N/A,N/A
241,1770295851129,WR pressed,HF_29_A,,true,true,Yes,N/A,N/A,N/A,225,N/A,N/A
241,1770295851129,gap_time,N/A,,true,true,GapTime_1180,N/A,N/A,N/A,N/A,N/A,N/A
241,1770295852325,Sentence shown,HF_1_A,,,,N/A,N/A,N/A,N/A,N/A,N/A,N/A
241,1770295855332,Validation Wrong IR pressed,HF_1_A,,,,Spacebar,0,N/A,3007,N/A,N/A,N/A
241,1770295855332,IR pressed,HF_1_A,,,,Spacebar,0,N/A,3007,N/A,N/A,N/A
241,1770295855808,WR pressed,HF_1_A,,,,No,N/A,N/A,N/A,476,N/A,N/A
241,1770295855808,gap_time,N/A,,,,GapTime_724,N/A,N/A,N/A,N/A,N/A,N/A
241,1770295856547,Sentence shown,HF_1_A,,true,true,N/A,N/A,N/A,N/A,N/A,N/A,N/A
241,1770295857663,Validation IR pressed,HF_1_A,,true,true,Spacebar,1,N/A,1116,N/A,N/A,N/A
241,1770295857663,IR pressed,HF_1_A,,true,true,Spacebar,1,N/A,1116,N/A,N/A,N/A
241,1770295857863,WR pressed,HF_1_A,,true,true,Yes,N/A,N/A,N/A,200,N/A,N/A
241,1770295857864,gap_time,N/A,,true,true,GapTime_1189,N/A,N/A,N/A,N/A,N/A,N/A
241,1770295859062,Sentence shown,HF_8_A,,,,N/A,N/A,N/A,N/A,N/A,N/A,N/A
241,1770295860714,Validation Wrong IR pressed,HF_8_A,,,,Spacebar,0,N/A,1652,N/A,N/A,N/A
241,1770295860714,IR pressed,HF_8_A,,,,Spacebar,0,N/A,1652,N/A,N/A,N/A
241,1770295860926,WR pressed,HF_8_A,,,,Yes,N/A,N/A,N/A,211,N/A,N/A
241,1770295860927,gap_time,N/A,,,,GapTime_1044,N/A,N/A,N/A,N/A,N/A,N/A
241,1770295861983,Sentence shown,HF_15_A,,,,N/A,N/A,N/A,N/A,N/A,N/A,N/A
241,1770295865995,gap_time,N/A,,,,GapTime_853,N/A,N/A,N/A,N/A,N/A,N/A
241,1770295866856,Sentence shown,LVH_171_P,true,,,N/A,N/A,N/A,N/A,N/A,N/A,N/A
241,1770295870867,gap_time,N/A,true,,,GapTime_1267,N/A,N/A,N/A,N/A,N/A,N/A
241,1770295872143,Sentence shown,HVL_100_A,true,,,N/A,N/A,N/A,N/A,N/A,N/A,N/A
241,1770295876153,gap_time,N/A,true,,,GapTime_927,N/A,N/A,N/A,N/A,N/A,N/A
241,1770295877088,Sentence shown,HF_26_A,,,,N/A,N/A,N/A,N/A,N/A,N/A,N/A
241,1770295881103,gap_time,N/A,,,,GapTime_928,N/A,N/A,N/A,N/A,N/A,N/A
241,1770295882040,Sentence shown,HVL_123_P,true,,true,N/A,N/A,N/A,N/A,N/A,N/A,N/A
241,1770295883332,IR pressed,HVL_123_P,true,,true,Spacebar,1,N/A,1292,N/A,N/A,N/A
241,1770295883724,WR pressed,HVL_123_P,true,,true,Yes,N/A,1,N/A,392,N/A,N/A
241,1770295883725,gap_time,N/A,true,,true,GapTime_1217,N/A,N/A,N/A,N/A,N/A,N/A
241,1770295884958,Sentence shown,HF_26_A,,true,true,N/A,N/A,N/A,N/A,N/A,N/A,N/A
241,1770295886300,Validation IR pressed,HF_26_A,,true,true,Spacebar,1,N/A,1342,N/A,N/A,N/A
241,1770295886300,IR pressed,HF_26_A,,true,true,Spacebar,1,N/A,1342,N/A,N/A,N/A
241,1770295886563,WR pressed,HF_26_A,,true,true,Yes,N/A,N/A,N/A,263,N/A,N/A
241,1770295886563,gap_time,N/A,,true,true,GapTime_1168,N/A,N/A,N/A,N/A,N/A,N/A
241,1770295887744,Sentence shown,HVL_106_P,true,,,N/A,N/A,N/A,N/A,N/A,N/A,N/A
241,1770295891757,gap_time,N/A,true,,,GapTime_1168,N/A,N/A,N/A,N/A,N/A,N/A
241,1770295892932,Sentence shown,LVH_155_A,true,,,N/A,N/A,N/A,N/A,N/A,N/A,N/A
241,1770295896944,gap_time,N/A,true,,,GapTime_741,N/A,N/A,N/A,N/A,N/A,N/A
241,1770295897695,Sentence shown,LVL_106_P,true,,,N/A,N/A,N/A,N/A,N/A,N/A,N/A
241,1770295901706,gap_time,N/A,true,,,GapTime_1125,N/A,N/A,N/A,N/A,N/A,N/A
241,1770295902845,Sentence shown,LVL_129_A,true,,,N/A,N/A,N/A,N/A,N/A,N/A,N/A
241,1770295906859,gap_time,N/A,true,,,GapTime_703,N/A,N/A,N/A,N/A,N/A,N/A
241,1770295907576,Sentence shown,HF_32_A,,,,N/A,N/A,N/A,N/A,N/A,N/A,N/A
241,1770295911588,gap_time,N/A,,,,GapTime_977,N/A,N/A,N/A,N/A,N/A,N/A
241,1770295912571,Sentence shown,LVH_171_P,true,,true,N/A,N/A,N/A,N/A,N/A,N/A,N/A
241,1770295913974,IR pressed,LVH_171_P,true,,true,Spacebar,1,N/A,1403,N/A,N/A,N/A
241,1770295914490,WR pressed,LVH_171_P,true,,true,Yes,N/A,1,N/A,516,N/A,N/A
241,1770295914491,gap_time,N/A,true,,true,GapTime_815,N/A,N/A,N/A,N/A,N/A,N/A
241,1770295915316,Sentence shown,HF_32_A,,true,true,N/A,N/A,N/A,N/A,N/A,N/A,N/A
241,1770295916522,Validation IR pressed,HF_32_A,,true,true,Spacebar,1,N/A,1205,N/A,N/A,N/A
241,1770295916522,IR pressed,HF_32_A,,true,true,Spacebar,1,N/A,1205,N/A,N/A,N/A
241,1770295916771,WR pressed,HF_32_A,,true,true,Yes,N/A,N/A,N/A,249,N/A,N/A
241,1770295916772,gap_time,N/A,,true,true,GapTime_914,N/A,N/A,N/A,N/A,N/A,N/A
241,1770295917695,Sentence shown,HF_23_A,,,,N/A,N/A,N/A,N/A,N/A,N/A,N/A
241,1770295921706,gap_time,N/A,,,,GapTime_824,N/A,N/A,N/A,N/A,N/A,N/A
241,1770295922540,Sentence shown,HVL_100_A,true,,true,N/A,N/A,N/A,N/A,N/A,N/A,N/A
241,1770295923647,IR pressed,HVL_100_A,true,,true,Spacebar,1,N/A,1107,N/A,N/A,N/A
241,1770295923815,WR pressed,HVL_100_A,true,,true,Yes,N/A,1,N/A,168,N/A,N/A
241,1770295923816,gap_time,N/A,true,,true,GapTime_983,N/A,N/A,N/A,N/A,N/A,N/A
241,1770295924815,Sentence shown,HVL_106_A,true,,true,N/A,N/A,N/A,N/A,N/A,N/A,N/A
241,1770295926178,IR pressed,HVL_106_A,true,,true,Spacebar,1,N/A,1363,N/A,N/A,N/A
241,1770295926374,WR pressed,HVL_106_A,true,,true,Yes,N/A,0,N/A,196,N/A,N/A
241,1770295926374,gap_time,N/A,true,,true,GapTime_824,N/A,N/A,N/A,N/A,N/A,N/A
241,1770295927215,Sentence shown,HH_188_P,true,,,N/A,N/A,N/A,N/A,N/A,N/A,N/A
241,1770295931224,gap_time,N/A,true,,,GapTime_920,N/A,N/A,N/A,N/A,N/A,N/A
241,1770295932160,Sentence shown,HF_27_A,,,,N/A,N/A,N/A,N/A,N/A,N/A,N/A
241,1770295936169,gap_time,N/A,,,,GapTime_1192,N/A,N/A,N/A,N/A,N/A,N/A
241,1770295937372,Sentence shown,HF_16_A,,,,N/A,N/A,N/A,N/A,N/A,N/A,N/A
241,1770295938647,Validation Wrong IR pressed,HF_16_A,,,,Spacebar,0,N/A,1275,N/A,N/A,N/A
241,1770295938647,IR pressed,HF_16_A,,,,Spacebar,0,N/A,1275,N/A,N/A,N/A
241,1770295938806,WR pressed,HF_16_A,,,,Yes,N/A,N/A,N/A,159,N/A,N/A
241,1770295938806,gap_time,N/A,,,,GapTime_1049,N/A,N/A,N/A,N/A,N/A,N/A
241,1770295939871,Sentence shown,LVH_155_A,true,,true,N/A,N/A,N/A,N/A,N/A,N/A,N/A
241,1770295943882,gap_time,N/A,true,,true,GapTime_1071,N/A,N/A,N/A,N/A,N/A,N/A
241,1770295944961,Sentence shown,LVL_106_A,true,,true,N/A,N/A,N/A,N/A,N/A,N/A,N/A
241,1770295946415,IR pressed,LVL_106_A,true,,true,Spacebar,1,N/A,1454,N/A,N/A,N/A
241,1770295946602,WR pressed,LVL_106_A,true,,true,Yes,N/A,0,N/A,187,N/A,N/A
241,1770295946603,gap_time,N/A,true,,true,GapTime_860,N/A,N/A,N/A,N/A,N/A,N/A
241,1770295947478,Sentence shown,HF_9_A,,,,N/A,N/A,N/A,N/A,N/A,N/A,N/A
241,1770295951489,gap_time,N/A,,,,GapTime_887,N/A,N/A,N/A,N/A,N/A,N/A
241,1770295952379,Sentence shown,HF_21_A,,,,N/A,N/A,N/A,N/A,N/A,N/A,N/A
241,1770295956384,gap_time,N/A,,,,GapTime_898,N/A,N/A,N/A,N/A,N/A,N/A
241,1770295957289,Sentence shown,LVL_129_A,true,,true,N/A,N/A,N/A,N/A,N/A,N/A,N/A
241,1770295959332,IR pressed,LVL_129_A,true,,true,Spacebar,1,N/A,2043,N/A,N/A,N/A
241,1770295959700,WR pressed,LVL_129_A,true,,true,Yes,N/A,1,N/A,368,N/A,N/A
241,1770295959700,gap_time,N/A,true,,true,GapTime_897,N/A,N/A,N/A,N/A,N/A,N/A
241,1770295960612,Sentence shown,HF_21_A,,true,true,N/A,N/A,N/A,N/A,N/A,N/A,N/A
241,1770295962014,Validation IR pressed,HF_21_A,,true,true,Spacebar,1,N/A,1402,N/A,N/A,N/A
241,1770295962014,IR pressed,HF_21_A,,true,true,Spacebar,1,N/A,1402,N/A,N/A,N/A
241,1770295962361,WR pressed,HF_21_A,,true,true,Yes,N/A,N/A,N/A,347,N/A,N/A
241,1770295962361,gap_time,N/A,,true,true,GapTime_872,N/A,N/A,N/A,N/A,N/A,N/A
241,1770295963245,Sentence shown,HF_2_A,,,,N/A,N/A,N/A,N/A,N/A,N/A,N/A
241,1770295967247,gap_time,N/A,,,,GapTime_710,N/A,N/A,N/A,N/A,N/A,N/A
241,1770295967963,Sentence shown,HF_10_A,,,,N/A,N/A,N/A,N/A,N/A,N/A,N/A
241,1770295971972,gap_time,N/A,,,,GapTime_721,N/A,N/A,N/A,N/A,N/A,N/A
241,1770295972705,Sentence shown,HF_2_A,,true,true,N/A,N/A,N/A,N/A,N/A,N/A,N/A
241,1770295973783,Validation IR pressed,HF_2_A,,true,true,Spacebar,1,N/A,1078,N/A,N/A,N/A
241,1770295973783,IR pressed,HF_2_A,,true,true,Spacebar,1,N/A,1078,N/A,N/A,N/A
241,1770295973949,WR pressed,HF_2_A,,true,true,Yes,N/A,N/A,N/A,166,N/A,N/A
241,1770295973949,gap_time,N/A,,true,true,GapTime_790,N/A,N/A,N/A,N/A,N/A,N/A
241,1770295974750,Sentence shown,HH_188_P,true,,true,N/A,N/A,N/A,N/A,N/A,N/A,N/A
241,1770295975883,IR pressed,HH_188_P,true,,true,Spacebar,1,N/A,1133,N/A,N/A,N/A
241,1770295976085,WR pressed,HH_188_P,true,,true,Yes,N/A,1,N/A,202,N/A,N/A
241,1770295976086,gap_time,N/A,true,,true,GapTime_792,N/A,N/A,N/A,N/A,N/A,N/A
241,1770295976887,Sentence shown,HVL_128_A,true,,,N/A,N/A,N/A,N/A,N/A,N/A,N/A
241,1770295980894,gap_time,N/A,true,,,GapTime_812,N/A,N/A,N/A,N/A,N/A,N/A
241,1770295981721,Sentence shown,HF_18_A,,,,N/A,N/A,N/A,N/A,N/A,N/A,N/A
241,1770295985736,gap_time,N/A,,,,GapTime_1016,N/A,N/A,N/A,N/A,N/A,N/A
241,1770295986770,Sentence shown,LVL_120_P,true,,,N/A,N/A,N/A,N/A,N/A,N/A,N/A
241,1770295990778,gap_time,N/A,true,,,GapTime_1062,N/A,N/A,N/A,N/A,N/A,N/A
241,1770295991855,Sentence shown,HF_11_A,,,,N/A,N/A,N/A,N/A,N/A,N/A,N/A
241,1770295995300,Validation Wrong IR pressed,HF_11_A,,,,Spacebar,0,N/A,3445,N/A,N/A,N/A
241,1770295995300,IR pressed,HF_11_A,,,,Spacebar,0,N/A,3445,N/A,N/A,N/A
241,1770295995596,WR pressed,HF_11_A,,,,No,N/A,N/A,N/A,296,N/A,N/A
241,1770295995596,gap_time,N/A,,,,GapTime_799,N/A,N/A,N/A,N/A,N/A,N/A
241,1770295996408,Sentence shown,HF_14_A,,,,N/A,N/A,N/A,N/A,N/A,N/A,N/A
241,1770295999479,Validation Wrong IR pressed,HF_14_A,,,,Spacebar,0,N/A,3071,N/A,N/A,N/A
241,1770295999479,IR pressed,HF_14_A,,,,Spacebar,0,N/A,3071,N/A,N/A,N/A
241,1770295999746,WR pressed,HF_14_A,,,,No,N/A,N/A,N/A,267,N/A,N/A
241,1770295999747,gap_time,N/A,,,,GapTime_1059,N/A,N/A,N/A,N/A,N/A,N/A
241,1770296000809,Sentence shown,LVL_125_A,true,,,N/A,N/A,N/A,N/A,N/A,N/A,N/A
241,1770296004815,gap_time,N/A,true,,,GapTime_1295,N/A,N/A,N/A,N/A,N/A,N/A
241,1770296006126,Sentence shown,HF_30_A,,,,N/A,N/A,N/A,N/A,N/A,N/A,N/A
241,1770296010142,gap_time,N/A,,,,GapTime_989,N/A,N/A,N/A,N/A,N/A,N/A
241,1770296011144,Sentence shown,HF_14_A,,true,true,N/A,N/A,N/A,N/A,N/A,N/A,N/A
241,1770296012634,Validation IR pressed,HF_14_A,,true,true,Spacebar,1,N/A,1489,N/A,N/A,N/A
241,1770296012634,IR pressed,HF_14_A,,true,true,Spacebar,1,N/A,1489,N/A,N/A,N/A
241,1770296012944,WR pressed,HF_14_A,,true,true,Yes,N/A,N/A,N/A,310,N/A,N/A
241,1770296012944,gap_time,N/A,,true,true,GapTime_700,N/A,N/A,N/A,N/A,N/A,N/A
241,1770296013652,Sentence shown,HVL_128_P,true,,true,N/A,N/A,N/A,N/A,N/A,N/A,N/A
241,1770296015343,IR pressed,HVL_128_P,true,,true,Spacebar,1,N/A,1691,N/A,N/A,N/A
241,1770296015549,WR pressed,HVL_128_P,true,,true,Yes,N/A,0,N/A,206,N/A,N/A
241,1770296015549,gap_time,N/A,true,,true,GapTime_1227,N/A,N/A,N/A,N/A,N/A,N/A
241,1770296016779,Sentence shown,HF_28_A,,,,N/A,N/A,N/A,N/A,N/A,N/A,N/A
241,1770296020786,gap_time,N/A,,,,GapTime_1289,N/A,N/A,N/A,N/A,N/A,N/A
241,1770296022087,Sentence shown,LVL_120_P,true,,true,N/A,N/A,N/A,N/A,N/A,N/A,N/A
241,1770296023645,IR pressed,LVL_120_P,true,,true,Spacebar,1,N/A,1558,N/A,N/A,N/A
241,1770296024608,WR pressed,LVL_120_P,true,,true,No,N/A,0,N/A,963,N/A,N/A
241,1770296024609,gap_time,N/A,true,,true,GapTime_1106,N/A,N/A,N/A,N/A,N/A,N/A
241,1770296025719,Sentence shown,HF_12_A,,,,N/A,N/A,N/A,N/A,N/A,N/A,N/A
241,1770296029735,gap_time,N/A,,,,GapTime_1241,N/A,N/A,N/A,N/A,N/A,N/A
241,1770296030985,Sentence shown,HF_13_A,,,,N/A,N/A,N/A,N/A,N/A,N/A,N/A
241,1770296032705,Validation Wrong IR pressed,HF_13_A,,,,Spacebar,0,N/A,1720,N/A,N/A,N/A
241,1770296032705,IR pressed,HF_13_A,,,,Spacebar,0,N/A,1720,N/A,N/A,N/A
241,1770296032894,WR pressed,HF_13_A,,,,Yes,N/A,N/A,N/A,189,N/A,N/A
241,1770296032894,gap_time,N/A,,,,GapTime_1234,N/A,N/A,N/A,N/A,N/A,N/A
241,1770296034137,Sentence shown,HF_25_A,,,,N/A,N/A,N/A,N/A,N/A,N/A,N/A
241,1770296038147,gap_time,N/A,,,,GapTime_1178,N/A,N/A,N/A,N/A,N/A,N/A
241,1770296039331,Sentence shown,HH_140_A,true,,,N/A,N/A,N/A,N/A,N/A,N/A,N/A
241,1770296043346,gap_time,N/A,true,,,GapTime_890,N/A,N/A,N/A,N/A,N/A,N/A
241,1770296044250,Sentence shown,LVL_125_P,true,,true,N/A,N/A,N/A,N/A,N/A,N/A,N/A
241,1770296045519,IR pressed,LVL_125_P,true,,true,Spacebar,1,N/A,1269,N/A,N/A,N/A
241,1770296045760,WR pressed,LVL_125_P,true,,true,Yes,N/A,0,N/A,241,N/A,N/A
241,1770296045761,gap_time,N/A,true,,true,GapTime_1295,N/A,N/A,N/A,N/A,N/A,N/A
241,1770296047071,Sentence shown,HH_140_A,true,,true,N/A,N/A,N/A,N/A,N/A,N/A,N/A
241,1770296049506,IR pressed,HH_140_A,true,,true,Spacebar,1,N/A,2434,N/A,N/A,N/A
241,1770296049663,WR pressed,HH_140_A,true,,true,Yes,N/A,1,N/A,157,N/A,N/A
241,1770296049663,gap_time,N/A,true,,true,GapTime_751,N/A,N/A,N/A,N/A,N/A,N/A
241,1770296050419,Rest Phase started,N/A,true,,true,Rest,N/A,N/A,N/A,N/A,N/A,N/A
241,1770296066783,Sentence shown,HF_34_A,,,,N/A,N/A,N/A,N/A,N/A,N/A,N/A
241,1770296070371,Validation Wrong IR pressed,HF_34_A,,,,Spacebar,0,N/A,3587,N/A,N/A,N/A
241,1770296070371,IR pressed,HF_34_A,,,,Spacebar,0,N/A,3587,N/A,N/A,N/A
241,1770296070927,WR pressed,HF_34_A,,,,Yes,N/A,N/A,N/A,556,N/A,N/A
241,1770296070927,gap_time,N/A,,,,GapTime_835,N/A,N/A,N/A,N/A,N/A,N/A
241,1770296071773,Sentence shown,HF_65_A,,,,N/A,N/A,N/A,N/A,N/A,N/A,N/A
241,1770296075776,gap_time,N/A,,,,GapTime_1190,N/A,N/A,N/A,N/A,N/A,N/A
241,1770296076981,Sentence shown,HH_146_P,true,,,N/A,N/A,N/A,N/A,N/A,N/A,N/A
241,1770296080996,gap_time,N/A,true,,,GapTime_1280,N/A,N/A,N/A,N/A,N/A,N/A
241,1770296082293,Sentence shown,HF_65_A,,true,true,N/A,N/A,N/A,N/A,N/A,N/A,N/A
241,1770296083656,Validation IR pressed,HF_65_A,,true,true,Spacebar,1,N/A,1363,N/A,N/A,N/A
241,1770296083656,IR pressed,HF_65_A,,true,true,Spacebar,1,N/A,1363,N/A,N/A,N/A
241,1770296084023,WR pressed,HF_65_A,,true,true,Yes,N/A,N/A,N/A,367,N/A,N/A
241,1770296084023,gap_time,N/A,,true,true,GapTime_1141,N/A,N/A,N/A,N/A,N/A,N/A
241,1770296085173,Sentence shown,HF_46_A,,,,N/A,N/A,N/A,N/A,N/A,N/A,N/A
241,1770296089188,gap_time,N/A,,,,GapTime_716,N/A,N/A,N/A,N/A,N/A,N/A
241,1770296089905,Sentence shown,HF_57_A,,,,N/A,N/A,N/A,N/A,N/A,N/A,N/A
241,1770296093918,gap_time,N/A,,,,GapTime_758,N/A,N/A,N/A,N/A,N/A,N/A
241,1770296094681,Sentence shown,HF_45_A,,,,N/A,N/A,N/A,N/A,N/A,N/A,N/A
241,1770296098695,gap_time,N/A,,,,GapTime_1166,N/A,N/A,N/A,N/A,N/A,N/A
241,1770296099868,Sentence shown,HF_61_A,,,,N/A,N/A,N/A,N/A,N/A,N/A,N/A
241,1770296103875,gap_time,N/A,,,,GapTime_998,N/A,N/A,N/A,N/A,N/A,N/A
241,1770296104879,Sentence shown,HF_45_A,,true,true,N/A,N/A,N/A,N/A,N/A,N/A,N/A
241,1770296106480,Validation IR pressed,HF_45_A,,true,true,Spacebar,1,N/A,1601,N/A,N/A,N/A
241,1770296106480,IR pressed,HF_45_A,,true,true,Spacebar,1,N/A,1601,N/A,N/A,N/A
241,1770296106697,WR pressed,HF_45_A,,true,true,Yes,N/A,N/A,N/A,217,N/A,N/A
241,1770296106698,gap_time,N/A,,true,true,GapTime_1114,N/A,N/A,N/A,N/A,N/A,N/A
241,1770296107819,Sentence shown,HF_35_A,,,,N/A,N/A,N/A,N/A,N/A,N/A,N/A
241,1770296111828,gap_time,N/A,,,,GapTime_1041,N/A,N/A,N/A,N/A,N/A,N/A
241,1770296112875,Sentence shown,HH_146_A,true,,true,N/A,N/A,N/A,N/A,N/A,N/A,N/A
241,1770296115990,IR pressed,HH_146_A,true,,true,Spacebar,1,N/A,3115,N/A,N/A,N/A
241,1770296116275,WR pressed,HH_146_A,true,,true,No,N/A,1,N/A,285,N/A,N/A
241,1770296116276,gap_time,N/A,true,,true,GapTime_946,N/A,N/A,N/A,N/A,N/A,N/A
241,1770296117236,Sentence shown,HF_64_A,,,,N/A,N/A,N/A,N/A,N/A,N/A,N/A
241,1770296121246,gap_time,N/A,,,,GapTime_1002,N/A,N/A,N/A,N/A,N/A,N/A
241,1770296122259,Sentence shown,HF_50_A,,,,N/A,N/A,N/A,N/A,N/A,N/A,N/A
241,1770296126270,gap_time,N/A,,,,GapTime_1173,N/A,N/A,N/A,N/A,N/A,N/A
241,1770296127454,Sentence shown,HF_50_A,,true,true,N/A,N/A,N/A,N/A,N/A,N/A,N/A
241,1770296128266,Validation IR pressed,HF_50_A,,true,true,Spacebar,1,N/A,812,N/A,N/A,N/A
241,1770296128266,IR pressed,HF_50_A,,true,true,Spacebar,1,N/A,812,N/A,N/A,N/A
241,1770296128486,WR pressed,HF_50_A,,true,true,Yes,N/A,N/A,N/A,220,N/A,N/A
241,1770296128488,gap_time,N/A,,true,true,GapTime_1018,N/A,N/A,N/A,N/A,N/A,N/A
241,1770296129515,Sentence shown,HF_44_A,,,,N/A,N/A,N/A,N/A,N/A,N/A,N/A
241,1770296133521,gap_time,N/A,,,,GapTime_989,N/A,N/A,N/A,N/A,N/A,N/A
241,1770296134519,Sentence shown,LVL_141_A,true,,,N/A,N/A,N/A,N/A,N/A,N/A,N/A
241,1770296138521,gap_time,N/A,true,,,GapTime_802,N/A,N/A,N/A,N/A,N/A,N/A
241,1770296139335,Sentence shown,HVL_117_P,true,,,N/A,N/A,N/A,N/A,N/A,N/A,N/A
241,1770296143338,gap_time,N/A,true,,,GapTime_979,N/A,N/A,N/A,N/A,N/A,N/A
241,1770296144322,Sentence shown,HVL_110_P,true,,,N/A,N/A,N/A,N/A,N/A,N/A,N/A
241,1770296148337,gap_time,N/A,true,,,GapTime_1280,N/A,N/A,N/A,N/A,N/A,N/A
241,1770296149631,Sentence shown,HF_59_A,,,,N/A,N/A,N/A,N/A,N/A,N/A,N/A
241,1770296153633,gap_time,N/A,,,,GapTime_864,N/A,N/A,N/A,N/A,N/A,N/A
241,1770296154509,Sentence shown,HF_42_A,,,,N/A,N/A,N/A,N/A,N/A,N/A,N/A
241,1770296158526,gap_time,N/A,,,,GapTime_1011,N/A,N/A,N/A,N/A,N/A,N/A
241,1770296159543,Sentence shown,LVL_141_P,true,,true,N/A,N/A,N/A,N/A,N/A,N/A,N/A
241,1770296161381,IR pressed,LVL_141_P,true,,true,Spacebar,1,N/A,1837,N/A,N/A,N/A
241,1770296161801,WR pressed,LVL_141_P,true,,true,Yes,N/A,0,N/A,420,N/A,N/A
241,1770296161801,gap_time,N/A,true,,true,GapTime_874,N/A,N/A,N/A,N/A,N/A,N/A
241,1770296162676,Sentence shown,HF_59_A,,true,true,N/A,N/A,N/A,N/A,N/A,N/A,N/A
241,1770296164272,Validation IR pressed,HF_59_A,,true,true,Spacebar,1,N/A,1596,N/A,N/A,N/A
241,1770296164272,IR pressed,HF_59_A,,true,true,Spacebar,1,N/A,1596,N/A,N/A,N/A
241,1770296166287,WR pressed,HF_59_A,,true,true,Yes,N/A,N/A,N/A,2015,N/A,N/A
241,1770296166288,gap_time,N/A,,true,true,GapTime_1142,N/A,N/A,N/A,N/A,N/A,N/A
241,1770296167434,Sentence shown,HF_53_A,,,,N/A,N/A,N/A,N/A,N/A,N/A,N/A
241,1770296171435,gap_time,N/A,,,,GapTime_887,N/A,N/A,N/A,N/A,N/A,N/A
241,1770296172327,Sentence shown,HF_36_A,,,,N/A,N/A,N/A,N/A,N/A,N/A,N/A
241,1770296176334,gap_time,N/A,,,,GapTime_782,N/A,N/A,N/A,N/A,N/A,N/A
241,1770296177131,Sentence shown,HVL_117_A,true,,true,N/A,N/A,N/A,N/A,N/A,N/A,N/A
241,1770296178465,IR pressed,HVL_117_A,true,,true,Spacebar,1,N/A,1334,N/A,N/A,N/A
241,1770296180948,WR pressed,HVL_117_A,true,,true,No,N/A,1,N/A,2483,N/A,N/A
241,1770296180949,gap_time,N/A,true,,true,GapTime_975,N/A,N/A,N/A,N/A,N/A,N/A
241,1770296181930,Sentence shown,HVL_120_A,true,,,N/A,N/A,N/A,N/A,N/A,N/A,N/A
241,1770296185934,gap_time,N/A,true,,,GapTime_1104,N/A,N/A,N/A,N/A,N/A,N/A
241,1770296187044,Sentence shown,HF_36_A,,true,true,N/A,N/A,N/A,N/A,N/A,N/A,N/A
241,1770296188141,Validation IR pressed,HF_36_A,,true,true,Spacebar,1,N/A,1097,N/A,N/A,N/A
241,1770296188141,IR pressed,HF_36_A,,true,true,Spacebar,1,N/A,1097,N/A,N/A,N/A
241,1770296188411,WR pressed,HF_36_A,,true,true,Yes,N/A,N/A,N/A,270,N/A,N/A
241,1770296188411,gap_time,N/A,,true,true,GapTime_1016,N/A,N/A,N/A,N/A,N/A,N/A
241,1770296189429,Sentence shown,HH_160_A,true,,,N/A,N/A,N/A,N/A,N/A,N/A,N/A
241,1770296193433,gap_time,N/A,true,,,GapTime_834,N/A,N/A,N/A,N/A,N/A,N/A
241,1770296194278,Sentence shown,HF_40_A,,,,N/A,N/A,N/A,N/A,N/A,N/A,N/A
241,1770296198294,gap_time,N/A,,,,GapTime_1024,N/A,N/A,N/A,N/A,N/A,N/A
241,1770296199324,Sentence shown,HVL_110_P,true,,true,N/A,N/A,N/A,N/A,N/A,N/A,N/A
241,1770296202290,IR pressed,HVL_110_P,true,,true,Spacebar,1,N/A,2966,N/A,N/A,N/A
241,1770296205060,WR pressed,HVL_110_P,true,,true,No,N/A,0,N/A,2770,N/A,N/A
241,1770296205060,gap_time,N/A,true,,true,GapTime_891,N/A,N/A,N/A,N/A,N/A,N/A
241,1770296205958,Sentence shown,LVH_101_A,true,,,N/A,N/A,N/A,N/A,N/A,N/A,N/A
241,1770296209964,gap_time,N/A,true,,,GapTime_790,N/A,N/A,N/A,N/A,N/A,N/A
241,1770296210760,Sentence shown,HF_40_A,,true,true,N/A,N/A,N/A,N/A,N/A,N/A,N/A
241,1770296211731,Validation IR pressed,HF_40_A,,true,true,Spacebar,1,N/A,971,N/A,N/A,N/A
241,1770296211731,IR pressed,HF_40_A,,true,true,Spacebar,1,N/A,971,N/A,N/A,N/A
241,1770296211932,WR pressed,HF_40_A,,true,true,Yes,N/A,N/A,N/A,201,N/A,N/A
241,1770296211933,gap_time,N/A,,true,true,GapTime_1250,N/A,N/A,N/A,N/A,N/A,N/A
241,1770296213195,Sentence shown,HF_49_A,,,,N/A,N/A,N/A,N/A,N/A,N/A,N/A
241,1770296217210,gap_time,N/A,,,,GapTime_854,N/A,N/A,N/A,N/A,N/A,N/A
241,1770296218069,Sentence shown,HF_49_A,,true,true,N/A,N/A,N/A,N/A,N/A,N/A,N/A
241,1770296218767,Validation IR pressed,HF_49_A,,true,true,Spacebar,1,N/A,698,N/A,N/A,N/A
241,1770296218767,IR pressed,HF_49_A,,true,true,Spacebar,1,N/A,698,N/A,N/A,N/A
241,1770296218967,WR pressed,HF_49_A,,true,true,Yes,N/A,N/A,N/A,200,N/A,N/A
241,1770296218967,gap_time,N/A,,true,true,GapTime_1092,N/A,N/A,N/A,N/A,N/A,N/A
241,1770296220068,Sentence shown,HVL_120_A,true,,true,N/A,N/A,N/A,N/A,N/A,N/A,N/A
241,1770296221568,IR pressed,HVL_120_A,true,,true,Spacebar,1,N/A,1500,N/A,N/A,N/A
241,1770296221980,WR pressed,HVL_120_A,true,,true,No,N/A,0,N/A,412,N/A,N/A
241,1770296221981,gap_time,N/A,true,,true,GapTime_1101,N/A,N/A,N/A,N/A,N/A,N/A
241,1770296223096,Sentence shown,LVL_115_A,true,,,N/A,N/A,N/A,N/A,N/A,N/A,N/A
241,1770296227100,gap_time,N/A,true,,,GapTime_940,N/A,N/A,N/A,N/A,N/A,N/A
241,1770296228053,Sentence shown,HF_37_A,,,,N/A,N/A,N/A,N/A,N/A,N/A,N/A
241,1770296230379,Validation Wrong IR pressed,HF_37_A,,,,Spacebar,0,N/A,2326,N/A,N/A,N/A
241,1770296230379,IR pressed,HF_37_A,,,,Spacebar,0,N/A,2326,N/A,N/A,N/A
241,1770296230616,WR pressed,HF_37_A,,,,No,N/A,N/A,N/A,237,N/A,N/A
241,1770296230617,gap_time,N/A,,,,GapTime_1183,N/A,N/A,N/A,N/A,N/A,N/A
241,1770296231812,Sentence shown,HF_37_A,,true,true,N/A,N/A,N/A,N/A,N/A,N/A,N/A
241,1770296233453,Validation IR pressed,HF_37_A,,true,true,Spacebar,1,N/A,1641,N/A,N/A,N/A
241,1770296233453,IR pressed,HF_37_A,,true,true,Spacebar,1,N/A,1641,N/A,N/A,N/A
241,1770296233732,WR pressed,HF_37_A,,true,true,Yes,N/A,N/A,N/A,279,N/A,N/A
241,1770296233733,gap_time,N/A,,true,true,GapTime_908,N/A,N/A,N/A,N/A,N/A,N/A
241,1770296234653,Sentence shown,HH_165_A,true,,,N/A,N/A,N/A,N/A,N/A,N/A,N/A
241,1770296238659,gap_time,N/A,true,,,GapTime_998,N/A,N/A,N/A,N/A,N/A,N/A
241,1770296239660,Sentence shown,HF_47_A,,,,N/A,N/A,N/A,N/A,N/A,N/A,N/A
241,1770296240956,Validation Wrong IR pressed,HF_47_A,,,,Spacebar,0,N/A,1296,N/A,N/A,N/A
241,1770296240956,IR pressed,HF_47_A,,,,Spacebar,0,N/A,1296,N/A,N/A,N/A
241,1770296241141,WR pressed,HF_47_A,,,,Yes,N/A,N/A,N/A,185,N/A,N/A
241,1770296241141,gap_time,N/A,,,,GapTime_1247,N/A,N/A,N/A,N/A,N/A,N/A
241,1770296242394,Sentence shown,HH_160_P,true,,true,N/A,N/A,N/A,N/A,N/A,N/A,N/A
241,1770296245803,IR pressed,HH_160_P,true,,true,Spacebar,1,N/A,3409,N/A,N/A,N/A
241,1770296252377,WR pressed,HH_160_P,true,,true,Yes,N/A,0,N/A,6574,N/A,N/A
241,1770296252377,gap_time,N/A,true,,true,GapTime_792,N/A,N/A,N/A,N/A,N/A,N/A
241,1770296253181,Sentence shown,HF_55_A,,,,N/A,N/A,N/A,N/A,N/A,N/A,N/A
241,1770296257185,gap_time,N/A,,,,GapTime_965,N/A,N/A,N/A,N/A,N/A,N/A
241,1770296258156,Sentence shown,HF_56_A,,,,N/A,N/A,N/A,N/A,N/A,N/A,N/A
241,1770296259437,Validation Wrong IR pressed,HF_56_A,,,,Spacebar,0,N/A,1280,N/A,N/A,N/A
241,1770296259437,IR pressed,HF_56_A,,,,Spacebar,0,N/A,1280,N/A,N/A,N/A
241,1770296259800,WR pressed,HF_56_A,,,,Yes,N/A,N/A,N/A,363,N/A,N/A
241,1770296259801,gap_time,N/A,,,,GapTime_1236,N/A,N/A,N/A,N/A,N/A,N/A
241,1770296261051,Sentence shown,LVL_115_A,true,,true,N/A,N/A,N/A,N/A,N/A,N/A,N/A
241,1770296263847,IR pressed,LVL_115_A,true,,true,Spacebar,1,N/A,2796,N/A,N/A,N/A
241,1770296264434,WR pressed,LVL_115_A,true,,true,No,N/A,0,N/A,587,N/A,N/A
241,1770296264434,gap_time,N/A,true,,true,GapTime_717,N/A,N/A,N/A,N/A,N/A,N/A
241,1770296265152,Sentence shown,LVH_101_P,true,,true,N/A,N/A,N/A,N/A,N/A,N/A,N/A
241,1770296268798,IR pressed,LVH_101_P,true,,true,Spacebar,1,N/A,3646,N/A,N/A,N/A
241,1770296269108,WR pressed,LVH_101_P,true,,true,Yes,N/A,0,N/A,310,N/A,N/A
241,1770296269109,gap_time,N/A,true,,true,GapTime_1037,N/A,N/A,N/A,N/A,N/A,N/A
241,1770296270155,Sentence shown,HF_54_A,,,,N/A,N/A,N/A,N/A,N/A,N/A,N/A
241,1770296274170,gap_time,N/A,,,,GapTime_730,N/A,N/A,N/A,N/A,N/A,N/A
241,1770296274906,Sentence shown,HVL_164_A,true,,,N/A,N/A,N/A,N/A,N/A,N/A,N/A
241,1770296278917,gap_time,N/A,true,,,GapTime_1256,N/A,N/A,N/A,N/A,N/A,N/A
241,1770296280183,Sentence shown,HH_165_A,true,,true,N/A,N/A,N/A,N/A,N/A,N/A,N/A
241,1770296284194,gap_time,N/A,true,,true,GapTime_1183,N/A,N/A,N/A,N/A,N/A,N/A
241,1770296285379,Sentence shown,HF_60_A,,,,N/A,N/A,N/A,N/A,N/A,N/A,N/A
241,1770296289381,gap_time,N/A,,,,GapTime_1300,N/A,N/A,N/A,N/A,N/A,N/A
241,1770296290692,Sentence shown,HF_60_A,,true,true,N/A,N/A,N/A,N/A,N/A,N/A,N/A
241,1770296291520,Validation IR pressed,HF_60_A,,true,true,Spacebar,1,N/A,827,N/A,N/A,N/A
241,1770296291520,IR pressed,HF_60_A,,true,true,Spacebar,1,N/A,827,N/A,N/A,N/A
241,1770296291804,WR pressed,HF_60_A,,true,true,Yes,N/A,N/A,N/A,284,N/A,N/A
241,1770296291805,gap_time,N/A,,true,true,GapTime_948,N/A,N/A,N/A,N/A,N/A,N/A
241,1770296292764,Sentence shown,HF_38_A,,,,N/A,N/A,N/A,N/A,N/A,N/A,N/A
241,1770296293873,Validation Wrong IR pressed,HF_38_A,,,,Spacebar,0,N/A,1108,N/A,N/A,N/A
241,1770296293873,IR pressed,HF_38_A,,,,Spacebar,0,N/A,1108,N/A,N/A,N/A
241,1770296294461,WR pressed,HF_38_A,,,,No,N/A,N/A,N/A,588,N/A,N/A
241,1770296294461,gap_time,N/A,,,,GapTime_820,N/A,N/A,N/A,N/A,N/A,N/A
241,1770296295291,Sentence shown,HF_38_A,,true,true,N/A,N/A,N/A,N/A,N/A,N/A,N/A
241,1770296296205,Validation IR pressed,HF_38_A,,true,true,Spacebar,1,N/A,913,N/A,N/A,N/A
241,1770296296205,IR pressed,HF_38_A,,true,true,Spacebar,1,N/A,913,N/A,N/A,N/A
241,1770296296505,WR pressed,HF_38_A,,true,true,Yes,N/A,N/A,N/A,300,N/A,N/A
241,1770296296506,gap_time,N/A,,true,true,GapTime_779,N/A,N/A,N/A,N/A,N/A,N/A
241,1770296297300,Sentence shown,LVL_102_P,true,,,N/A,N/A,N/A,N/A,N/A,N/A,N/A
241,1770296301315,gap_time,N/A,true,,,GapTime_741,N/A,N/A,N/A,N/A,N/A,N/A
241,1770296302063,Sentence shown,HF_62_A,,,,N/A,N/A,N/A,N/A,N/A,N/A,N/A
241,1770296305641,Validation Wrong IR pressed,HF_62_A,,,,Spacebar,0,N/A,3578,N/A,N/A,N/A
241,1770296305641,IR pressed,HF_62_A,,,,Spacebar,0,N/A,3578,N/A,N/A,N/A
241,1770296306006,WR pressed,HF_62_A,,,,No,N/A,N/A,N/A,365,N/A,N/A
241,1770296306007,gap_time,N/A,,,,GapTime_707,N/A,N/A,N/A,N/A,N/A,N/A
241,1770296306717,Sentence shown,HF_58_A,,,,N/A,N/A,N/A,N/A,N/A,N/A,N/A
241,1770296310722,gap_time,N/A,,,,GapTime_930,N/A,N/A,N/A,N/A,N/A,N/A
241,1770296311662,Sentence shown,HVL_164_P,true,,true,N/A,N/A,N/A,N/A,N/A,N/A,N/A
241,1770296313004,IR pressed,HVL_164_P,true,,true,Spacebar,1,N/A,1342,N/A,N/A,N/A
241,1770296313293,WR pressed,HVL_164_P,true,,true,No,N/A,1,N/A,289,N/A,N/A
241,1770296313294,gap_time,N/A,true,,true,GapTime_779,N/A,N/A,N/A,N/A,N/A,N/A
241,1770296314087,Sentence shown,LVH_102_P,true,,,N/A,N/A,N/A,N/A,N/A,N/A,N/A
241,1770296315658,Validation Wrong IR pressed,LVH_102_P,true,,,Spacebar,0,N/A,1571,N/A,N/A,N/A
241,1770296315658,IR pressed,LVH_102_P,true,,,Spacebar,0,N/A,1571,N/A,N/A,N/A
241,1770296316002,WR pressed,LVH_102_P,true,,,Yes,N/A,1,N/A,344,N/A,N/A
241,1770296316002,gap_time,N/A,true,,,GapTime_1161,N/A,N/A,N/A,N/A,N/A,N/A
241,1770296317164,Sentence shown,HF_39_A,,,,N/A,N/A,N/A,N/A,N/A,N/A,N/A
241,1770296321172,gap_time,N/A,,,,GapTime_1160,N/A,N/A,N/A,N/A,N/A,N/A
241,1770296322346,Sentence shown,HF_41_A,,,,N/A,N/A,N/A,N/A,N/A,N/A,N/A
241,1770296326358,gap_time,N/A,,,,GapTime_997,N/A,N/A,N/A,N/A,N/A,N/A
241,1770296327367,Sentence shown,HF_43_A,,,,N/A,N/A,N/A,N/A,N/A,N/A,N/A
241,1770296331378,gap_time,N/A,,,,GapTime_822,N/A,N/A,N/A,N/A,N/A,N/A
241,1770296332207,Sentence shown,HH_186_P,true,,,N/A,N/A,N/A,N/A,N/A,N/A,N/A
241,1770296336218,gap_time,N/A,true,,,GapTime_980,N/A,N/A,N/A,N/A,N/A,N/A
241,1770296337201,Sentence shown,LVL_102_P,true,,true,N/A,N/A,N/A,N/A,N/A,N/A,N/A
241,1770296338576,IR pressed,LVL_102_P,true,,true,Spacebar,1,N/A,1375,N/A,N/A,N/A
241,1770296341440,WR pressed,LVL_102_P,true,,true,Yes,N/A,1,N/A,2864,N/A,N/A
241,1770296341440,gap_time,N/A,true,,true,GapTime_913,N/A,N/A,N/A,N/A,N/A,N/A
241,1770296342356,Sentence shown,LVH_178_A,true,,,N/A,N/A,N/A,N/A,N/A,N/A,N/A
241,1770296346366,gap_time,N/A,true,,,GapTime_906,N/A,N/A,N/A,N/A,N/A,N/A
241,1770296347286,Sentence shown,LVH_102_P,true,,true,N/A,N/A,N/A,N/A,N/A,N/A,N/A
241,1770296348392,IR pressed,LVH_102_P,true,,true,Spacebar,1,N/A,1105,N/A,N/A,N/A
241,1770296348636,WR pressed,LVH_102_P,true,,true,Yes,N/A,1,N/A,244,N/A,N/A
241,1770296348637,gap_time,N/A,true,,true,GapTime_1157,N/A,N/A,N/A,N/A,N/A,N/A
241,1770296349800,Sentence shown,HF_51_A,,,,N/A,N/A,N/A,N/A,N/A,N/A,N/A
241,1770296353801,gap_time,N/A,,,,GapTime_952,N/A,N/A,N/A,N/A,N/A,N/A
241,1770296354770,Sentence shown,LVH_123_P,true,,,N/A,N/A,N/A,N/A,N/A,N/A,N/A
241,1770296358774,gap_time,N/A,true,,,GapTime_704,N/A,N/A,N/A,N/A,N/A,N/A
241,1770296359493,Sentence shown,HF_52_A,,,,N/A,N/A,N/A,N/A,N/A,N/A,N/A
241,1770296361089,Validation Wrong IR pressed,HF_52_A,,,,Spacebar,0,N/A,1596,N/A,N/A,N/A
241,1770296361089,IR pressed,HF_52_A,,,,Spacebar,0,N/A,1596,N/A,N/A,N/A
241,1770296361579,WR pressed,HF_52_A,,,,Yes,N/A,N/A,N/A,490,N/A,N/A
241,1770296361580,gap_time,N/A,,,,GapTime_955,N/A,N/A,N/A,N/A,N/A,N/A
241,1770296362545,Sentence shown,HF_63_A,,,,N/A,N/A,N/A,N/A,N/A,N/A,N/A
241,1770296366553,gap_time,N/A,,,,GapTime_801,N/A,N/A,N/A,N/A,N/A,N/A
241,1770296367366,Sentence shown,LVL_117_P,true,,,N/A,N/A,N/A,N/A,N/A,N/A,N/A
241,1770296371379,gap_time,N/A,true,,,GapTime_899,N/A,N/A,N/A,N/A,N/A,N/A
241,1770296372286,Sentence shown,HH_186_P,true,,true,N/A,N/A,N/A,N/A,N/A,N/A,N/A
241,1770296374416,IR pressed,HH_186_P,true,,true,Spacebar,1,N/A,2129,N/A,N/A,N/A
241,1770296376565,WR pressed,HH_186_P,true,,true,Yes,N/A,1,N/A,2149,N/A,N/A
241,1770296376566,gap_time,N/A,true,,true,GapTime_972,N/A,N/A,N/A,N/A,N/A,N/A
241,1770296377551,Sentence shown,HF_48_A,,,,N/A,N/A,N/A,N/A,N/A,N/A,N/A
241,1770296379205,Validation Wrong IR pressed,HF_48_A,,,,Spacebar,0,N/A,1654,N/A,N/A,N/A
241,1770296379205,IR pressed,HF_48_A,,,,Spacebar,0,N/A,1654,N/A,N/A,N/A
241,1770296379597,WR pressed,HF_48_A,,,,No,N/A,N/A,N/A,392,N/A,N/A
241,1770296379597,gap_time,N/A,,,,GapTime_918,N/A,N/A,N/A,N/A,N/A,N/A
241,1770296380518,Sentence shown,LVH_178_A,true,,true,N/A,N/A,N/A,N/A,N/A,N/A,N/A
241,1770296381813,IR pressed,LVH_178_A,true,,true,Spacebar,1,N/A,1295,N/A,N/A,N/A
241,1770296382123,WR pressed,LVH_178_A,true,,true,Yes,N/A,1,N/A,310,N/A,N/A
241,1770296382124,gap_time,N/A,true,,true,GapTime_752,N/A,N/A,N/A,N/A,N/A,N/A
241,1770296382888,Sentence shown,LVH_123_A,true,,true,N/A,N/A,N/A,N/A,N/A,N/A,N/A
241,1770296384542,IR pressed,LVH_123_A,true,,true,Spacebar,1,N/A,1654,N/A,N/A,N/A
241,1770296384831,WR pressed,LVH_123_A,true,,true,No,N/A,1,N/A,289,N/A,N/A
241,1770296384832,gap_time,N/A,true,,true,GapTime_832,N/A,N/A,N/A,N/A,N/A,N/A
241,1770296385671,Sentence shown,LVL_117_A,true,,true,N/A,N/A,N/A,N/A,N/A,N/A,N/A
241,1770296387173,IR pressed,LVL_117_A,true,,true,Spacebar,1,N/A,1502,N/A,N/A,N/A
241,1770296387338,WR pressed,LVL_117_A,true,,true,Yes,N/A,0,N/A,165,N/A,N/A
241,1770296387339,gap_time,N/A,true,,true,GapTime_1018,N/A,N/A,N/A,N/A,N/A,N/A
241,1770296388373,Rest Phase started,N/A,true,,true,Rest,N/A,N/A,N/A,N/A,N/A,N/A
241,1770296550766,Sentence shown,HF_93_A,,,,N/A,N/A,N/A,N/A,N/A,N/A,N/A
241,1770296554771,gap_time,N/A,,,,GapTime_914,N/A,N/A,N/A,N/A,N/A,N/A
241,1770296555696,Sentence shown,HF_93_A,,true,true,N/A,N/A,N/A,N/A,N/A,N/A,N/A
241,1770296556740,Validation IR pressed,HF_93_A,,true,true,Spacebar,1,N/A,1044,N/A,N/A,N/A
241,1770296556740,IR pressed,HF_93_A,,true,true,Spacebar,1,N/A,1044,N/A,N/A,N/A
241,1770296556989,WR pressed,HF_93_A,,true,true,Yes,N/A,N/A,N/A,249,N/A,N/A
241,1770296556990,gap_time,N/A,,true,true,GapTime_824,N/A,N/A,N/A,N/A,N/A,N/A
241,1770296557820,Sentence shown,HF_84_A,,,,N/A,N/A,N/A,N/A,N/A,N/A,N/A
241,1770296561836,gap_time,N/A,,,,GapTime_1150,N/A,N/A,N/A,N/A,N/A,N/A
241,1770296562992,Sentence shown,HF_84_A,,true,true,N/A,N/A,N/A,N/A,N/A,N/A,N/A
241,1770296563738,Validation IR pressed,HF_84_A,,true,true,Spacebar,1,N/A,745,N/A,N/A,N/A
241,1770296563738,IR pressed,HF_84_A,,true,true,Spacebar,1,N/A,745,N/A,N/A,N/A
241,1770296563920,WR pressed,HF_84_A,,true,true,Yes,N/A,N/A,N/A,182,N/A,N/A
241,1770296563921,gap_time,N/A,,true,true,GapTime_965,N/A,N/A,N/A,N/A,N/A,N/A
241,1770296564898,Sentence shown,HF_83_A,,,,N/A,N/A,N/A,N/A,N/A,N/A,N/A
241,1770296568914,gap_time,N/A,,,,GapTime_928,N/A,N/A,N/A,N/A,N/A,N/A
241,1770296569849,Sentence shown,HVL_150_P,true,,,N/A,N/A,N/A,N/A,N/A,N/A,N/A
241,1770296573855,gap_time,N/A,true,,,GapTime_869,N/A,N/A,N/A,N/A,N/A,N/A
241,1770296574738,Sentence shown,HF_92_A,,,,N/A,N/A,N/A,N/A,N/A,N/A,N/A
241,1770296578748,gap_time,N/A,,,,GapTime_937,N/A,N/A,N/A,N/A,N/A,N/A
241,1770296579687,Sentence shown,HF_88_A,,,,N/A,N/A,N/A,N/A,N/A,N/A,N/A
241,1770296583702,gap_time,N/A,,,,GapTime_1167,N/A,N/A,N/A,N/A,N/A,N/A
241,1770296584880,Sentence shown,HF_69_A,,,,N/A,N/A,N/A,N/A,N/A,N/A,N/A
241,1770296588881,gap_time,N/A,,,,GapTime_716,N/A,N/A,N/A,N/A,N/A,N/A
241,1770296589607,Sentence shown,HF_86_A,,,,N/A,N/A,N/A,N/A,N/A,N/A,N/A
241,1770296593620,gap_time,N/A,,,,GapTime_970,N/A,N/A,N/A,N/A,N/A,N/A
241,1770296594604,Sentence shown,HF_82_A,,,,N/A,N/A,N/A,N/A,N/A,N/A,N/A
241,1770296598610,gap_time,N/A,,,,GapTime_783,N/A,N/A,N/A,N/A,N/A,N/A
241,1770296599407,Sentence shown,HVL_150_A,true,,true,N/A,N/A,N/A,N/A,N/A,N/A,N/A
241,1770296601976,IR pressed,HVL_150_A,true,,true,Spacebar,1,N/A,2569,N/A,N/A,N/A
241,1770296603303,WR pressed,HVL_150_A,true,,true,No,N/A,1,N/A,1327,N/A,N/A
241,1770296603303,gap_time,N/A,true,,true,GapTime_867,N/A,N/A,N/A,N/A,N/A,N/A
241,1770296604173,Sentence shown,HF_90_A,,,,N/A,N/A,N/A,N/A,N/A,N/A,N/A
241,1770296608189,gap_time,N/A,,,,GapTime_1223,N/A,N/A,N/A,N/A,N/A,N/A
241,1770296609419,Sentence shown,HF_82_A,,true,true,N/A,N/A,N/A,N/A,N/A,N/A,N/A
241,1770296610576,Validation IR pressed,HF_82_A,,true,true,Spacebar,1,N/A,1157,N/A,N/A,N/A
241,1770296610576,IR pressed,HF_82_A,,true,true,Spacebar,1,N/A,1157,N/A,N/A,N/A
241,1770296610785,WR pressed,HF_82_A,,true,true,Yes,N/A,N/A,N/A,209,N/A,N/A
241,1770296610785,gap_time,N/A,,true,true,GapTime_930,N/A,N/A,N/A,N/A,N/A,N/A
241,1770296611730,Sentence shown,HF_66_A,,,,N/A,N/A,N/A,N/A,N/A,N/A,N/A
241,1770296615384,Validation Wrong IR pressed,HF_66_A,,,,Spacebar,0,N/A,3654,N/A,N/A,N/A
241,1770296615384,IR pressed,HF_66_A,,,,Spacebar,0,N/A,3654,N/A,N/A,N/A
241,1770296615546,WR pressed,HF_66_A,,,,Yes,N/A,N/A,N/A,162,N/A,N/A
241,1770296615546,gap_time,N/A,,,,GapTime_1280,N/A,N/A,N/A,N/A,N/A,N/A
241,1770296616833,Sentence shown,HF_76_A,,,,N/A,N/A,N/A,N/A,N/A,N/A,N/A
241,1770296620842,gap_time,N/A,,,,GapTime_915,N/A,N/A,N/A,N/A,N/A,N/A
241,1770296621769,Sentence shown,HF_71_A,,,,N/A,N/A,N/A,N/A,N/A,N/A,N/A
241,1770296625776,gap_time,N/A,,,,GapTime_1114,N/A,N/A,N/A,N/A,N/A,N/A
241,1770296626901,Sentence shown,HVL_139_P,true,,,N/A,N/A,N/A,N/A,N/A,N/A,N/A
241,1770296630906,gap_time,N/A,true,,,GapTime_818,N/A,N/A,N/A,N/A,N/A,N/A
241,1770296631731,Sentence shown,HF_71_A,,true,true,N/A,N/A,N/A,N/A,N/A,N/A,N/A
241,1770296634425,Validation IR pressed,HF_71_A,,true,true,Spacebar,1,N/A,2694,N/A,N/A,N/A
241,1770296634425,IR pressed,HF_71_A,,true,true,Spacebar,1,N/A,2694,N/A,N/A,N/A
241,1770296639492,WR pressed,HF_71_A,,true,true,Yes,N/A,N/A,N/A,5067,N/A,N/A
241,1770296639492,gap_time,N/A,,true,true,GapTime_720,N/A,N/A,N/A,N/A,N/A,N/A
241,1770296640221,Sentence shown,HF_76_A,,true,true,N/A,N/A,N/A,N/A,N/A,N/A,N/A
241,1770296641693,Validation IR pressed,HF_76_A,,true,true,Spacebar,1,N/A,1472,N/A,N/A,N/A
241,1770296641693,IR pressed,HF_76_A,,true,true,Spacebar,1,N/A,1472,N/A,N/A,N/A
241,1770296641945,WR pressed,HF_76_A,,true,true,Yes,N/A,N/A,N/A,252,N/A,N/A
241,1770296641946,gap_time,N/A,,true,true,GapTime_757,N/A,N/A,N/A,N/A,N/A,N/A
241,1770296642720,Sentence shown,HF_89_A,,,,N/A,N/A,N/A,N/A,N/A,N/A,N/A
241,1770296646727,gap_time,N/A,,,,GapTime_863,N/A,N/A,N/A,N/A,N/A,N/A
241,1770296647603,Sentence shown,HF_81_A,,,,N/A,N/A,N/A,N/A,N/A,N/A,N/A
241,1770296651606,gap_time,N/A,,,,GapTime_992,N/A,N/A,N/A,N/A,N/A,N/A
241,1770296652606,Sentence shown,HF_91_A,,,,N/A,N/A,N/A,N/A,N/A,N/A,N/A
241,1770296656616,gap_time,N/A,,,,GapTime_1020,N/A,N/A,N/A,N/A,N/A,N/A
241,1770296657641,Sentence shown,HF_81_A,,true,true,N/A,N/A,N/A,N/A,N/A,N/A,N/A
241,1770296661652,Validation Missed,HF_81_A,,true,true,None,0,N/A,N/A,N/A,N/A,N/A
241,1770296661653,gap_time,N/A,,true,true,GapTime_1177,N/A,N/A,N/A,N/A,N/A,N/A
241,1770296662841,Sentence shown,HF_77_A,,,,N/A,N/A,N/A,N/A,N/A,N/A,N/A
241,1770296664742,Validation Wrong IR pressed,HF_77_A,,,,Spacebar,0,N/A,1901,N/A,N/A,N/A
241,1770296664742,IR pressed,HF_77_A,,,,Spacebar,0,N/A,1901,N/A,N/A,N/A
241,1770296665342,WR pressed,HF_77_A,,,,Yes,N/A,N/A,N/A,600,N/A,N/A
241,1770296665343,gap_time,N/A,,,,GapTime_774,N/A,N/A,N/A,N/A,N/A,N/A
241,1770296666127,Sentence shown,HF_77_A,,true,true,N/A,N/A,N/A,N/A,N/A,N/A,N/A
241,1770296667002,Validation IR pressed,HF_77_A,,true,true,Spacebar,1,N/A,875,N/A,N/A,N/A
241,1770296667002,IR pressed,HF_77_A,,true,true,Spacebar,1,N/A,875,N/A,N/A,N/A
241,1770296667243,WR pressed,HF_77_A,,true,true,Yes,N/A,N/A,N/A,241,N/A,N/A
241,1770296667243,gap_time,N/A,,true,true,GapTime_1122,N/A,N/A,N/A,N/A,N/A,N/A
241,1770296668377,Sentence shown,HVL_139_P,true,,true,N/A,N/A,N/A,N/A,N/A,N/A,N/A
241,1770296669482,IR pressed,HVL_139_P,true,,true,Spacebar,1,N/A,1105,N/A,N/A,N/A
241,1770296669867,WR pressed,HVL_139_P,true,,true,Yes,N/A,1,N/A,385,N/A,N/A
241,1770296669868,gap_time,N/A,true,,true,GapTime_1119,N/A,N/A,N/A,N/A,N/A,N/A
241,1770296671001,Sentence shown,HF_72_A,,,,N/A,N/A,N/A,N/A,N/A,N/A,N/A
241,1770296675006,gap_time,N/A,,,,GapTime_981,N/A,N/A,N/A,N/A,N/A,N/A
241,1770296675991,Sentence shown,LVH_104_A,true,,,N/A,N/A,N/A,N/A,N/A,N/A,N/A
241,1770296680004,gap_time,N/A,true,,,GapTime_1230,N/A,N/A,N/A,N/A,N/A,N/A
241,1770296681237,Sentence shown,HF_79_A,,,,N/A,N/A,N/A,N/A,N/A,N/A,N/A
241,1770296685239,gap_time,N/A,,,,GapTime_1135,N/A,N/A,N/A,N/A,N/A,N/A
241,1770296686392,Sentence shown,LVH_105_P,true,,,N/A,N/A,N/A,N/A,N/A,N/A,N/A
241,1770296690408,gap_time,N/A,true,,,GapTime_1251,N/A,N/A,N/A,N/A,N/A,N/A
241,1770296691667,Sentence shown,HF_75_A,,,,N/A,N/A,N/A,N/A,N/A,N/A,N/A
241,1770296695669,gap_time,N/A,,,,GapTime_1185,N/A,N/A,N/A,N/A,N/A,N/A
241,1770296696857,Sentence shown,LVH_104_A,true,,true,N/A,N/A,N/A,N/A,N/A,N/A,N/A
241,1770296698806,IR pressed,LVH_104_A,true,,true,Spacebar,1,N/A,1949,N/A,N/A,N/A
241,1770296702217,WR pressed,LVH_104_A,true,,true,Yes,N/A,1,N/A,3411,N/A,N/A
241,1770296702218,gap_time,N/A,true,,true,GapTime_829,N/A,N/A,N/A,N/A,N/A,N/A
241,1770296703057,Sentence shown,HF_67_A,,,,N/A,N/A,N/A,N/A,N/A,N/A,N/A
241,1770296707061,gap_time,N/A,,,,GapTime_983,N/A,N/A,N/A,N/A,N/A,N/A
241,1770296708045,Sentence shown,HVL_111_A,true,,,N/A,N/A,N/A,N/A,N/A,N/A,N/A
241,1770296712053,gap_time,N/A,true,,,GapTime_986,N/A,N/A,N/A,N/A,N/A,N/A
241,1770296713052,Sentence shown,HF_74_A,,,,N/A,N/A,N/A,N/A,N/A,N/A,N/A
241,1770296717061,gap_time,N/A,,,,GapTime_1184,N/A,N/A,N/A,N/A,N/A,N/A
241,1770296718260,Sentence shown,HF_80_A,,,,N/A,N/A,N/A,N/A,N/A,N/A,N/A
241,1770296722268,gap_time,N/A,,,,GapTime_909,N/A,N/A,N/A,N/A,N/A,N/A
241,1770296723192,Sentence shown,LVH_153_P,true,,,N/A,N/A,N/A,N/A,N/A,N/A,N/A
241,1770296727200,gap_time,N/A,true,,,GapTime_1097,N/A,N/A,N/A,N/A,N/A,N/A
241,1770296728307,Sentence shown,HF_78_A,,,,N/A,N/A,N/A,N/A,N/A,N/A,N/A
241,1770296732311,gap_time,N/A,,,,GapTime_1072,N/A,N/A,N/A,N/A,N/A,N/A
241,1770296733386,Sentence shown,LVH_105_A,true,,true,N/A,N/A,N/A,N/A,N/A,N/A,N/A
241,1770296737402,gap_time,N/A,true,,true,GapTime_1020,N/A,N/A,N/A,N/A,N/A,N/A
241,1770296738435,Sentence shown,HH_166_P,true,,,N/A,N/A,N/A,N/A,N/A,N/A,N/A
241,1770296742439,gap_time,N/A,true,,,GapTime_1228,N/A,N/A,N/A,N/A,N/A,N/A
241,1770296743682,Sentence shown,HVL_111_A,true,,true,N/A,N/A,N/A,N/A,N/A,N/A,N/A
241,1770296747684,gap_time,N/A,true,,true,GapTime_828,N/A,N/A,N/A,N/A,N/A,N/A
241,1770296748516,Sentence shown,LVL_146_A,true,,,N/A,N/A,N/A,N/A,N/A,N/A,N/A
241,1770296752531,gap_time,N/A,true,,,GapTime_1211,N/A,N/A,N/A,N/A,N/A,N/A
241,1770296753748,Sentence shown,HF_94_A,,,,N/A,N/A,N/A,N/A,N/A,N/A,N/A
241,1770296757758,gap_time,N/A,,,,GapTime_824,N/A,N/A,N/A,N/A,N/A,N/A
241,1770296758585,Sentence shown,HF_94_A,,true,true,N/A,N/A,N/A,N/A,N/A,N/A,N/A
241,1770296759970,Validation IR pressed,HF_94_A,,true,true,Spacebar,1,N/A,1384,N/A,N/A,N/A
241,1770296759970,IR pressed,HF_94_A,,true,true,Spacebar,1,N/A,1384,N/A,N/A,N/A
241,1770296760641,WR pressed,HF_94_A,,true,true,Yes,N/A,N/A,N/A,671,N/A,N/A
241,1770296760642,gap_time,N/A,,true,true,GapTime_988,N/A,N/A,N/A,N/A,N/A,N/A
241,1770296761633,Sentence shown,HF_85_A,,,,N/A,N/A,N/A,N/A,N/A,N/A,N/A
241,1770296765636,gap_time,N/A,,,,GapTime_1105,N/A,N/A,N/A,N/A,N/A,N/A
241,1770296766749,Sentence shown,LVH_153_P,true,,true,N/A,N/A,N/A,N/A,N/A,N/A,N/A
241,1770296768065,IR pressed,LVH_153_P,true,,true,Spacebar,1,N/A,1316,N/A,N/A,N/A
241,1770296768643,WR pressed,LVH_153_P,true,,true,Yes,N/A,1,N/A,578,N/A,N/A
241,1770296768643,gap_time,N/A,true,,true,GapTime_1109,N/A,N/A,N/A,N/A,N/A,N/A
241,1770296769759,Sentence shown,HH_139_A,true,,,N/A,N/A,N/A,N/A,N/A,N/A,N/A
241,1770296773769,gap_time,N/A,true,,,GapTime_1063,N/A,N/A,N/A,N/A,N/A,N/A
241,1770296774845,Sentence shown,HH_141_P,true,,,N/A,N/A,N/A,N/A,N/A,N/A,N/A
241,1770296778849,gap_time,N/A,true,,,GapTime_970,N/A,N/A,N/A,N/A,N/A,N/A
241,1770296779821,Sentence shown,LVH_107_A,true,,,N/A,N/A,N/A,N/A,N/A,N/A,N/A
241,1770296783831,gap_time,N/A,true,,,GapTime_1268,N/A,N/A,N/A,N/A,N/A,N/A
241,1770296785102,Sentence shown,HF_96_A,,,,N/A,N/A,N/A,N/A,N/A,N/A,N/A
241,1770296789115,gap_time,N/A,,,,GapTime_923,N/A,N/A,N/A,N/A,N/A,N/A
241,1770296790052,Sentence shown,HH_166_P,true,,true,N/A,N/A,N/A,N/A,N/A,N/A,N/A
241,1770296791955,IR pressed,HH_166_P,true,,true,Spacebar,1,N/A,1903,N/A,N/A,N/A
241,1770296792759,WR pressed,HH_166_P,true,,true,Yes,N/A,1,N/A,803,N/A,N/A
241,1770296792759,gap_time,N/A,true,,true,GapTime_701,N/A,N/A,N/A,N/A,N/A,N/A
241,1770296793465,Sentence shown,HF_68_A,,,,N/A,N/A,N/A,N/A,N/A,N/A,N/A
241,1770296796399,Validation Wrong IR pressed,HF_68_A,,,,Spacebar,0,N/A,2934,N/A,N/A,N/A
241,1770296796399,IR pressed,HF_68_A,,,,Spacebar,0,N/A,2934,N/A,N/A,N/A
241,1770296796810,WR pressed,HF_68_A,,,,No,N/A,N/A,N/A,411,N/A,N/A
241,1770296796810,gap_time,N/A,,,,GapTime_1088,N/A,N/A,N/A,N/A,N/A,N/A
241,1770296797901,Sentence shown,LVL_146_P,true,,true,N/A,N/A,N/A,N/A,N/A,N/A,N/A
241,1770296799703,IR pressed,LVL_146_P,true,,true,Spacebar,1,N/A,1802,N/A,N/A,N/A
241,1770296800304,WR pressed,LVL_146_P,true,,true,Yes,N/A,0,N/A,601,N/A,N/A
241,1770296800305,gap_time,N/A,true,,true,GapTime_857,N/A,N/A,N/A,N/A,N/A,N/A
241,1770296801174,Sentence shown,HF_70_A,,,,N/A,N/A,N/A,N/A,N/A,N/A,N/A
241,1770296803607,Validation Wrong IR pressed,HF_70_A,,,,Spacebar,0,N/A,2433,N/A,N/A,N/A
241,1770296803607,IR pressed,HF_70_A,,,,Spacebar,0,N/A,2433,N/A,N/A,N/A
241,1770296806706,WR pressed,HF_70_A,,,,Yes,N/A,N/A,N/A,3099,N/A,N/A
241,1770296806707,gap_time,N/A,,,,GapTime_1182,N/A,N/A,N/A,N/A,N/A,N/A
241,1770296807903,Sentence shown,HH_175_A,true,,,N/A,N/A,N/A,N/A,N/A,N/A,N/A
241,1770296810180,Validation Wrong IR pressed,HH_175_A,true,,,Spacebar,0,N/A,2277,N/A,N/A,N/A
241,1770296810180,IR pressed,HH_175_A,true,,,Spacebar,0,N/A,2277,N/A,N/A,N/A
241,1770296810775,WR pressed,HH_175_A,true,,,Yes,N/A,1,N/A,595,N/A,N/A
241,1770296810776,gap_time,N/A,true,,,GapTime_981,N/A,N/A,N/A,N/A,N/A,N/A
241,1770296811760,Sentence shown,HF_87_A,,,,N/A,N/A,N/A,N/A,N/A,N/A,N/A
241,1770296813900,Validation Wrong IR pressed,HF_87_A,,,,Spacebar,0,N/A,2140,N/A,N/A,N/A
241,1770296813900,IR pressed,HF_87_A,,,,Spacebar,0,N/A,2140,N/A,N/A,N/A
241,1770296814172,WR pressed,HF_87_A,,,,No,N/A,N/A,N/A,272,N/A,N/A
241,1770296814172,gap_time,N/A,,,,GapTime_821,N/A,N/A,N/A,N/A,N/A,N/A
241,1770296815005,Sentence shown,HH_139_P,true,,true,N/A,N/A,N/A,N/A,N/A,N/A,N/A
241,1770296816534,IR pressed,HH_139_P,true,,true,Spacebar,1,N/A,1529,N/A,N/A,N/A
241,1770296819684,WR pressed,HH_139_P,true,,true,No,N/A,1,N/A,3149,N/A,N/A
241,1770296819684,gap_time,N/A,true,,true,GapTime_819,N/A,N/A,N/A,N/A,N/A,N/A
241,1770296820511,Sentence shown,HF_87_A,,true,true,N/A,N/A,N/A,N/A,N/A,N/A,N/A
241,1770296821832,Validation IR pressed,HF_87_A,,true,true,Spacebar,1,N/A,1321,N/A,N/A,N/A
241,1770296821832,IR pressed,HF_87_A,,true,true,Spacebar,1,N/A,1321,N/A,N/A,N/A
241,1770296822183,WR pressed,HF_87_A,,true,true,Yes,N/A,N/A,N/A,351,N/A,N/A
241,1770296822184,gap_time,N/A,,true,true,GapTime_880,N/A,N/A,N/A,N/A,N/A,N/A
241,1770296823081,Sentence shown,HH_141_A,true,,true,N/A,N/A,N/A,N/A,N/A,N/A,N/A
241,1770296824431,IR pressed,HH_141_A,true,,true,Spacebar,1,N/A,1350,N/A,N/A,N/A
241,1770296824754,WR pressed,HH_141_A,true,,true,No,N/A,1,N/A,323,N/A,N/A
241,1770296824755,gap_time,N/A,true,,true,GapTime_921,N/A,N/A,N/A,N/A,N/A,N/A
241,1770296825691,Sentence shown,LVL_100_P,true,,,N/A,N/A,N/A,N/A,N/A,N/A,N/A
241,1770296827240,Validation Wrong IR pressed,LVL_100_P,true,,,Spacebar,0,N/A,1549,N/A,N/A,N/A
241,1770296827240,IR pressed,LVL_100_P,true,,,Spacebar,0,N/A,1549,N/A,N/A,N/A
241,1770296828808,WR pressed,LVL_100_P,true,,,No,N/A,0,N/A,1568,N/A,N/A
241,1770296828809,gap_time,N/A,true,,,GapTime_1267,N/A,N/A,N/A,N/A,N/A,N/A
241,1770296830091,Sentence shown,LVH_107_P,true,,true,N/A,N/A,N/A,N/A,N/A,N/A,N/A
241,1770296831429,IR pressed,LVH_107_P,true,,true,Spacebar,1,N/A,1338,N/A,N/A,N/A
241,1770296835037,WR pressed,LVH_107_P,true,,true,No,N/A,1,N/A,3608,N/A,N/A
241,1770296835038,gap_time,N/A,true,,true,GapTime_917,N/A,N/A,N/A,N/A,N/A,N/A
241,1770296835964,Sentence shown,HF_73_A,,,,N/A,N/A,N/A,N/A,N/A,N/A,N/A
241,1770296839980,gap_time,N/A,,,,GapTime_715,N/A,N/A,N/A,N/A,N/A,N/A
241,1770296840712,Sentence shown,HF_95_A,,,,N/A,N/A,N/A,N/A,N/A,N/A,N/A
241,1770296844722,gap_time,N/A,,,,GapTime_978,N/A,N/A,N/A,N/A,N/A,N/A
241,1770296845708,Sentence shown,HVL_103_A,true,,,N/A,N/A,N/A,N/A,N/A,N/A,N/A
241,1770296849720,gap_time,N/A,true,,,GapTime_1221,N/A,N/A,N/A,N/A,N/A,N/A
241,1770296850954,Sentence shown,HF_73_A,,true,true,N/A,N/A,N/A,N/A,N/A,N/A,N/A
241,1770296851919,Validation IR pressed,HF_73_A,,true,true,Spacebar,1,N/A,965,N/A,N/A,N/A
241,1770296851919,IR pressed,HF_73_A,,true,true,Spacebar,1,N/A,965,N/A,N/A,N/A
241,1770296852222,WR pressed,HF_73_A,,true,true,Yes,N/A,N/A,N/A,303,N/A,N/A
241,1770296852222,gap_time,N/A,,true,true,GapTime_1035,N/A,N/A,N/A,N/A,N/A,N/A
241,1770296853267,Sentence shown,LVL_119_P,true,,,N/A,N/A,N/A,N/A,N/A,N/A,N/A
241,1770296857275,gap_time,N/A,true,,,GapTime_1023,N/A,N/A,N/A,N/A,N/A,N/A
241,1770296858308,Sentence shown,LVL_135_A,true,,,N/A,N/A,N/A,N/A,N/A,N/A,N/A
241,1770296862312,gap_time,N/A,true,,,GapTime_984,N/A,N/A,N/A,N/A,N/A,N/A
241,1770296863304,Sentence shown,HH_175_A,true,,true,N/A,N/A,N/A,N/A,N/A,N/A,N/A
241,1770296864732,IR pressed,HH_175_A,true,,true,Spacebar,1,N/A,1428,N/A,N/A,N/A
241,1770296865609,WR pressed,HH_175_A,true,,true,Yes,N/A,1,N/A,877,N/A,N/A
241,1770296865610,gap_time,N/A,true,,true,GapTime_1262,N/A,N/A,N/A,N/A,N/A,N/A
241,1770296866878,Sentence shown,HF_97_A,,,,N/A,N/A,N/A,N/A,N/A,N/A,N/A
241,1770296870884,gap_time,N/A,,,,GapTime_846,N/A,N/A,N/A,N/A,N/A,N/A
241,1770296871743,Sentence shown,LVL_100_P,true,,true,N/A,N/A,N/A,N/A,N/A,N/A,N/A
241,1770296873648,IR pressed,LVL_100_P,true,,true,Spacebar,1,N/A,1905,N/A,N/A,N/A
241,1770296876506,WR pressed,LVL_100_P,true,,true,Yes,N/A,1,N/A,2858,N/A,N/A
241,1770296876507,gap_time,N/A,true,,true,GapTime_1134,N/A,N/A,N/A,N/A,N/A,N/A
241,1770296877657,Sentence shown,HVL_103_P,true,,true,N/A,N/A,N/A,N/A,N/A,N/A,N/A
241,1770296879167,IR pressed,HVL_103_P,true,,true,Spacebar,1,N/A,1510,N/A,N/A,N/A
241,1770296879552,WR pressed,HVL_103_P,true,,true,Yes,N/A,0,N/A,385,N/A,N/A
241,1770296879552,gap_time,N/A,true,,true,GapTime_804,N/A,N/A,N/A,N/A,N/A,N/A
241,1770296880370,Sentence shown,LVL_119_A,true,,true,N/A,N/A,N/A,N/A,N/A,N/A,N/A
241,1770296881630,IR pressed,LVL_119_A,true,,true,Spacebar,1,N/A,1260,N/A,N/A,N/A
241,1770296882099,WR pressed,LVL_119_A,true,,true,Yes,N/A,0,N/A,469,N/A,N/A
241,1770296882100,gap_time,N/A,true,,true,GapTime_1242,N/A,N/A,N/A,N/A,N/A,N/A
241,1770296883354,Sentence shown,LVL_135_A,true,,true,N/A,N/A,N/A,N/A,N/A,N/A,N/A
241,1770296887365,gap_time,N/A,true,,true,GapTime_1003,N/A,N/A,N/A,N/A,N/A,N/A
