participant_ID,Timestamp,Event,Stimulus,isTarget,isValidation,isRepeat,Button,Accuracy IR,Accuracy WR,Reaction_time_IR,Reaction_time_WR,CR_IR,CR_WR
242,1770297206058,Practice Sentence shown,HL_91_A,,,,N/A,N/A,N/A,N/A,N/A,N/A,N/A
242,1770297211563,Practice Sentence shown,HL_59_A,,,,N/A,N/A,N/A,N/A,N/A,N/A,N/A
242,1770297217068,Practice Sentence shown,HH_127_A,true,,,N/A,N/A,N/A,N/A,N/A,N/A,N/A
242,1770297222572,Practice Sentence shown,HL_5_A,,,,N/A,N/A,N/A,N/A,N/A,N/A,N/A
242,1770297228077,Practice Sentence shown,HL_47_A,,,,N/A,N/A,N/A,N/A,N/A,N/A,N/A
242,1770297233581,Practice Sentence shown,HL_13_A,,,,N/A,N/A,N/A,N/A,N/A,N/A,N/A
242,1770297239086,Practice Sentence shown,HH_127_P,true,,true,N/A,N/A,N/A,N/A,N/A,N/A,N/A
242,1770297241816,Practice IR pressed,HH_127_P,true,,true,Spacebar,1,N/A,2730,N/A,N/A,N/A
242,1770297246275,Practice WR pressed,HH_127_P,true,,true,Yes,N/A,0,N/A,4459,N/A,N/A
242,1770297256192,Practice Sentence shown,HH_135_A,true,,,N/A,N/A,N/A,N/A,N/A,N/A,N/A
242,1770297261697,Practice Sentence shown,HL_43_A,,,,N/A,N/A,N/A,N/A,N/A,N/A,N/A
242,1770297267201,Practice Sentence shown,HL_57_A,,,,N/A,N/A,N/A,N/A,N/A,N/A,N/A
242,1770297272706,Practice Sentence shown,HH_124_A,true,,,N/A,N/A,N/A,N/A,N/A,N/A,N/A
242,1770297278211,Practice Sentence shown,HH_135_P,true,,true,N/A,N/A,N/A,N/A,N/A,N/A,N/A
242,1770297282213,Practice Missed,HH_135_P,true,,true,None,0,N/A,N/A,N/A,N/A,N/A
242,1770297296942,Practice Sentence shown,HL_48_A,,,,N/A,N/A,N/A,N/A,N/A,N/A,N/A
242,1770297302447,Practice Sentence shown,HL_31_A,,,,N/A,N/A,N/A,N/A,N/A,N/A,N/A
242,1770297307951,Practice Sentence shown,HL_12_A,,,,N/A,N/A,N/A,N/A,N/A,N/A,N/A
242,1770297313456,Practice Sentence shown,HH_124_P,true,,true,N/A,N/A,N/A,N/A,N/A,N/A,N/A
242,1770297315538,Practice IR pressed,HH_124_P,true,,true,Spacebar,1,N/A,2082,N/A,N/A,N/A
242,1770297319530,Practice WR pressed,HH_124_P,true,,true,No,N/A,1,N/A,3992,N/A,N/A
242,1770297321032,Practice Sentence shown,HH_107_A,true,,,N/A,N/A,N/A,N/A,N/A,N/A,N/A
242,1770297326536,Practice Sentence shown,HH_123_A,true,,,N/A,N/A,N/A,N/A,N/A,N/A,N/A
242,1770297332041,Practice Sentence shown,HH_123_A,true,,true,N/A,N/A,N/A,N/A,N/A,N/A,N/A
242,1770297336042,Practice Missed,HH_123_A,true,,true,None,0,N/A,N/A,N/A,N/A,N/A
242,1770297336468,Practice Sentence shown,HH_107_A,true,,true,N/A,N/A,N/A,N/A,N/A,N/A,N/A
242,1770297338797,Practice IR pressed,HH_107_A,true,,true,Spacebar,1,N/A,2329,N/A,N/A,N/A
242,1770297340657,Practice WR pressed,HH_107_A,true,,true,Yes,N/A,1,N/A,1860,N/A,N/A
242,1770297375486,Sentence shown,HF_12_A,,,,N/A,N/A,N/A,N/A,N/A,N/A,N/A
242,1770297379488,gap_time,N/A,,,,GapTime_1070,N/A,N/A,N/A,N/A,N/A,N/A
242,1770297380561,Sentence shown,HF_12_A,,true,true,N/A,N/A,N/A,N/A,N/A,N/A,N/A
242,1770297383923,Validation IR pressed,HF_12_A,,true,true,Spacebar,1,N/A,3362,N/A,N/A,N/A
242,1770297383923,IR pressed,HF_12_A,,true,true,Spacebar,1,N/A,3362,N/A,N/A,N/A
242,1770297385696,WR pressed,HF_12_A,,true,true,Yes,N/A,N/A,N/A,1773,N/A,N/A
242,1770297385696,gap_time,N/A,,true,true,GapTime_1194,N/A,N/A,N/A,N/A,N/A,N/A
242,1770297386893,Sentence shown,HF_21_A,,,,N/A,N/A,N/A,N/A,N/A,N/A,N/A
242,1770297390895,gap_time,N/A,,,,GapTime_1163,N/A,N/A,N/A,N/A,N/A,N/A
242,1770297392060,Sentence shown,HF_6_A,,,,N/A,N/A,N/A,N/A,N/A,N/A,N/A
242,1770297396062,gap_time,N/A,,,,GapTime_1018,N/A,N/A,N/A,N/A,N/A,N/A
242,1770297397083,Sentence shown,HF_21_A,,true,true,N/A,N/A,N/A,N/A,N/A,N/A,N/A
242,1770297399426,Validation IR pressed,HF_21_A,,true,true,Spacebar,1,N/A,2343,N/A,N/A,N/A
242,1770297399426,IR pressed,HF_21_A,,true,true,Spacebar,1,N/A,2343,N/A,N/A,N/A
242,1770297400789,WR pressed,HF_21_A,,true,true,Yes,N/A,N/A,N/A,1362,N/A,N/A
242,1770297400789,gap_time,N/A,,true,true,GapTime_840,N/A,N/A,N/A,N/A,N/A,N/A
242,1770297401631,Sentence shown,HF_13_A,,,,N/A,N/A,N/A,N/A,N/A,N/A,N/A
242,1770297405634,gap_time,N/A,,,,GapTime_990,N/A,N/A,N/A,N/A,N/A,N/A
242,1770297406626,Sentence shown,LVH_138_A,true,,,N/A,N/A,N/A,N/A,N/A,N/A,N/A
242,1770297410628,gap_time,N/A,true,,,GapTime_950,N/A,N/A,N/A,N/A,N/A,N/A
242,1770297411580,Sentence shown,HF_28_A,,,,N/A,N/A,N/A,N/A,N/A,N/A,N/A
242,1770297415582,gap_time,N/A,,,,GapTime_1032,N/A,N/A,N/A,N/A,N/A,N/A
242,1770297416617,Sentence shown,LVH_151_A,true,,,N/A,N/A,N/A,N/A,N/A,N/A,N/A
242,1770297420619,gap_time,N/A,true,,,GapTime_735,N/A,N/A,N/A,N/A,N/A,N/A
242,1770297421357,Sentence shown,HF_26_A,,,,N/A,N/A,N/A,N/A,N/A,N/A,N/A
242,1770297425358,gap_time,N/A,,,,GapTime_849,N/A,N/A,N/A,N/A,N/A,N/A
242,1770297426210,Sentence shown,LVH_138_P,true,,true,N/A,N/A,N/A,N/A,N/A,N/A,N/A
242,1770297430212,gap_time,N/A,true,,true,GapTime_700,N/A,N/A,N/A,N/A,N/A,N/A
242,1770297430915,Sentence shown,LVL_149_A,true,,,N/A,N/A,N/A,N/A,N/A,N/A,N/A
242,1770297434916,gap_time,N/A,true,,,GapTime_781,N/A,N/A,N/A,N/A,N/A,N/A
242,1770297435700,Sentence shown,HF_27_A,,,,N/A,N/A,N/A,N/A,N/A,N/A,N/A
242,1770297439702,gap_time,N/A,,,,GapTime_1104,N/A,N/A,N/A,N/A,N/A,N/A
242,1770297440809,Sentence shown,HF_30_A,,,,N/A,N/A,N/A,N/A,N/A,N/A,N/A
242,1770297444810,gap_time,N/A,,,,GapTime_1157,N/A,N/A,N/A,N/A,N/A,N/A
242,1770297445969,Sentence shown,HF_27_A,,true,true,N/A,N/A,N/A,N/A,N/A,N/A,N/A
242,1770297447353,Validation IR pressed,HF_27_A,,true,true,Spacebar,1,N/A,1384,N/A,N/A,N/A
242,1770297447353,IR pressed,HF_27_A,,true,true,Spacebar,1,N/A,1384,N/A,N/A,N/A
242,1770297449113,WR pressed,HF_27_A,,true,true,Yes,N/A,N/A,N/A,1760,N/A,N/A
242,1770297449114,gap_time,N/A,,true,true,GapTime_1254,N/A,N/A,N/A,N/A,N/A,N/A
242,1770297450371,Sentence shown,LVL_134_A,true,,,N/A,N/A,N/A,N/A,N/A,N/A,N/A
242,1770297454373,gap_time,N/A,true,,,GapTime_954,N/A,N/A,N/A,N/A,N/A,N/A
242,1770297455330,Sentence shown,HF_17_A,,,,N/A,N/A,N/A,N/A,N/A,N/A,N/A
242,1770297459332,gap_time,N/A,,,,GapTime_1261,N/A,N/A,N/A,N/A,N/A,N/A
242,1770297460596,Sentence shown,LVH_151_A,true,,true,N/A,N/A,N/A,N/A,N/A,N/A,N/A
242,1770297462897,IR pressed,LVH_151_A,true,,true,Spacebar,1,N/A,2301,N/A,N/A,N/A
242,1770297466636,WR pressed,LVH_151_A,true,,true,Yes,N/A,1,N/A,3739,N/A,N/A
242,1770297466637,gap_time,N/A,true,,true,GapTime_1024,N/A,N/A,N/A,N/A,N/A,N/A
242,1770297467663,Sentence shown,HF_32_A,,,,N/A,N/A,N/A,N/A,N/A,N/A,N/A
242,1770297471665,gap_time,N/A,,,,GapTime_994,N/A,N/A,N/A,N/A,N/A,N/A
242,1770297472662,Sentence shown,HF_17_A,,true,true,N/A,N/A,N/A,N/A,N/A,N/A,N/A
242,1770297474512,Validation IR pressed,HF_17_A,,true,true,Spacebar,1,N/A,1850,N/A,N/A,N/A
242,1770297474512,IR pressed,HF_17_A,,true,true,Spacebar,1,N/A,1850,N/A,N/A,N/A
242,1770297481429,WR pressed,HF_17_A,,true,true,No,N/A,N/A,N/A,6917,N/A,N/A
242,1770297481430,gap_time,N/A,,true,true,GapTime_1292,N/A,N/A,N/A,N/A,N/A,N/A
242,1770297482724,Sentence shown,HF_15_A,,,,N/A,N/A,N/A,N/A,N/A,N/A,N/A
242,1770297486726,gap_time,N/A,,,,GapTime_908,N/A,N/A,N/A,N/A,N/A,N/A
242,1770297487637,Sentence shown,LVL_149_A,true,,true,N/A,N/A,N/A,N/A,N/A,N/A,N/A
242,1770297489078,IR pressed,LVL_149_A,true,,true,Spacebar,1,N/A,1440,N/A,N/A,N/A
242,1770297489892,WR pressed,LVL_149_A,true,,true,Yes,N/A,1,N/A,814,N/A,N/A
242,1770297489892,gap_time,N/A,true,,true,GapTime_732,N/A,N/A,N/A,N/A,N/A,N/A
242,1770297490627,Sentence shown,HF_32_A,,true,true,N/A,N/A,N/A,N/A,N/A,N/A,N/A
242,1770297491698,Validation IR pressed,HF_32_A,,true,true,Spacebar,1,N/A,1071,N/A,N/A,N/A
242,1770297491698,IR pressed,HF_32_A,,true,true,Spacebar,1,N/A,1071,N/A,N/A,N/A
242,1770297492394,WR pressed,HF_32_A,,true,true,Yes,N/A,N/A,N/A,695,N/A,N/A
242,1770297492394,gap_time,N/A,,true,true,GapTime_800,N/A,N/A,N/A,N/A,N/A,N/A
242,1770297493196,Sentence shown,HF_29_A,,,,N/A,N/A,N/A,N/A,N/A,N/A,N/A
242,1770297497199,gap_time,N/A,,,,GapTime_1149,N/A,N/A,N/A,N/A,N/A,N/A
242,1770297498350,Sentence shown,HF_29_A,,true,true,N/A,N/A,N/A,N/A,N/A,N/A,N/A
242,1770297500618,Validation IR pressed,HF_29_A,,true,true,Spacebar,1,N/A,2268,N/A,N/A,N/A
242,1770297500618,IR pressed,HF_29_A,,true,true,Spacebar,1,N/A,2268,N/A,N/A,N/A
242,1770297501416,WR pressed,HF_29_A,,true,true,Yes,N/A,N/A,N/A,798,N/A,N/A
242,1770297501417,gap_time,N/A,,true,true,GapTime_1255,N/A,N/A,N/A,N/A,N/A,N/A
242,1770297502674,Sentence shown,HH_146_P,true,,,N/A,N/A,N/A,N/A,N/A,N/A,N/A
242,1770297506676,gap_time,N/A,true,,,GapTime_947,N/A,N/A,N/A,N/A,N/A,N/A
242,1770297507626,Sentence shown,HF_4_A,,,,N/A,N/A,N/A,N/A,N/A,N/A,N/A
242,1770297511628,gap_time,N/A,,,,GapTime_940,N/A,N/A,N/A,N/A,N/A,N/A
242,1770297512571,Sentence shown,HF_4_A,,true,true,N/A,N/A,N/A,N/A,N/A,N/A,N/A
242,1770297514540,Validation IR pressed,HF_4_A,,true,true,Spacebar,1,N/A,1969,N/A,N/A,N/A
242,1770297514540,IR pressed,HF_4_A,,true,true,Spacebar,1,N/A,1969,N/A,N/A,N/A
242,1770297515466,WR pressed,HF_4_A,,true,true,Yes,N/A,N/A,N/A,926,N/A,N/A
242,1770297515467,gap_time,N/A,,true,true,GapTime_1175,N/A,N/A,N/A,N/A,N/A,N/A
242,1770297516644,Sentence shown,HF_31_A,,,,N/A,N/A,N/A,N/A,N/A,N/A,N/A
242,1770297520646,gap_time,N/A,,,,GapTime_946,N/A,N/A,N/A,N/A,N/A,N/A
242,1770297521594,Sentence shown,LVL_134_P,true,,true,N/A,N/A,N/A,N/A,N/A,N/A,N/A
242,1770297525596,gap_time,N/A,true,,true,GapTime_1014,N/A,N/A,N/A,N/A,N/A,N/A
242,1770297526612,Sentence shown,HF_2_A,,,,N/A,N/A,N/A,N/A,N/A,N/A,N/A
242,1770297530614,gap_time,N/A,,,,GapTime_1108,N/A,N/A,N/A,N/A,N/A,N/A
242,1770297531724,Sentence shown,HF_14_A,,,,N/A,N/A,N/A,N/A,N/A,N/A,N/A
242,1770297535726,gap_time,N/A,,,,GapTime_831,N/A,N/A,N/A,N/A,N/A,N/A
242,1770297536559,Sentence shown,HF_25_A,,,,N/A,N/A,N/A,N/A,N/A,N/A,N/A
242,1770297540561,gap_time,N/A,,,,GapTime_1060,N/A,N/A,N/A,N/A,N/A,N/A
242,1770297541624,Sentence shown,HH_146_A,true,,true,N/A,N/A,N/A,N/A,N/A,N/A,N/A
242,1770297542963,IR pressed,HH_146_A,true,,true,Spacebar,1,N/A,1339,N/A,N/A,N/A
242,1770297545650,WR pressed,HH_146_A,true,,true,No,N/A,1,N/A,2687,N/A,N/A
242,1770297545651,gap_time,N/A,true,,true,GapTime_800,N/A,N/A,N/A,N/A,N/A,N/A
242,1770297546453,Sentence shown,HVL_138_P,true,,,N/A,N/A,N/A,N/A,N/A,N/A,N/A
242,1770297550454,gap_time,N/A,true,,,GapTime_1107,N/A,N/A,N/A,N/A,N/A,N/A
242,1770297551563,Sentence shown,HF_5_A,,,,N/A,N/A,N/A,N/A,N/A,N/A,N/A
242,1770297555565,gap_time,N/A,,,,GapTime_896,N/A,N/A,N/A,N/A,N/A,N/A
242,1770297556464,Sentence shown,HF_11_A,,,,N/A,N/A,N/A,N/A,N/A,N/A,N/A
242,1770297560467,gap_time,N/A,,,,GapTime_1009,N/A,N/A,N/A,N/A,N/A,N/A
242,1770297561478,Sentence shown,HH_138_A,true,,,N/A,N/A,N/A,N/A,N/A,N/A,N/A
242,1770297565480,gap_time,N/A,true,,,GapTime_973,N/A,N/A,N/A,N/A,N/A,N/A
242,1770297566455,Sentence shown,HH_147_A,true,,,N/A,N/A,N/A,N/A,N/A,N/A,N/A
242,1770297570457,gap_time,N/A,true,,,GapTime_765,N/A,N/A,N/A,N/A,N/A,N/A
242,1770297571225,Sentence shown,HF_10_A,,,,N/A,N/A,N/A,N/A,N/A,N/A,N/A
242,1770297575227,gap_time,N/A,,,,GapTime_1241,N/A,N/A,N/A,N/A,N/A,N/A
242,1770297576471,Sentence shown,HVL_138_A,true,,true,N/A,N/A,N/A,N/A,N/A,N/A,N/A
242,1770297580473,gap_time,N/A,true,,true,GapTime_948,N/A,N/A,N/A,N/A,N/A,N/A
242,1770297581424,Sentence shown,LVL_129_P,true,,,N/A,N/A,N/A,N/A,N/A,N/A,N/A
242,1770297583467,Validation Wrong IR pressed,LVL_129_P,true,,,Spacebar,0,N/A,2043,N/A,N/A,N/A
242,1770297583467,IR pressed,LVL_129_P,true,,,Spacebar,0,N/A,2043,N/A,N/A,N/A
242,1770297584523,WR pressed,LVL_129_P,true,,,No,N/A,1,N/A,1056,N/A,N/A
242,1770297584524,gap_time,N/A,true,,,GapTime_1053,N/A,N/A,N/A,N/A,N/A,N/A
242,1770297585579,Sentence shown,LVH_133_P,true,,,N/A,N/A,N/A,N/A,N/A,N/A,N/A
242,1770297589582,gap_time,N/A,true,,,GapTime_755,N/A,N/A,N/A,N/A,N/A,N/A
242,1770297590339,Sentence shown,HH_153_P,true,,,N/A,N/A,N/A,N/A,N/A,N/A,N/A
242,1770297594340,gap_time,N/A,true,,,GapTime_1007,N/A,N/A,N/A,N/A,N/A,N/A
242,1770297595350,Sentence shown,HF_9_A,,,,N/A,N/A,N/A,N/A,N/A,N/A,N/A
242,1770297599352,gap_time,N/A,,,,GapTime_902,N/A,N/A,N/A,N/A,N/A,N/A
242,1770297600256,Sentence shown,HF_19_A,,,,N/A,N/A,N/A,N/A,N/A,N/A,N/A
242,1770297604258,gap_time,N/A,,,,GapTime_1234,N/A,N/A,N/A,N/A,N/A,N/A
242,1770297605494,Sentence shown,HF_9_A,,true,true,N/A,N/A,N/A,N/A,N/A,N/A,N/A
242,1770297607162,Validation IR pressed,HF_9_A,,true,true,Spacebar,1,N/A,1667,N/A,N/A,N/A
242,1770297607162,IR pressed,HF_9_A,,true,true,Spacebar,1,N/A,1667,N/A,N/A,N/A
242,1770297607822,WR pressed,HF_9_A,,true,true,Yes,N/A,N/A,N/A,660,N/A,N/A
242,1770297607823,gap_time,N/A,,true,true,GapTime_1166,N/A,N/A,N/A,N/A,N/A,N/A
242,1770297608991,Sentence shown,HH_147_P,true,,true,N/A,N/A,N/A,N/A,N/A,N/A,N/A
242,1770297612398,IR pressed,HH_147_P,true,,true,Spacebar,1,N/A,3407,N/A,N/A,N/A
242,1770297614483,WR pressed,HH_147_P,true,,true,No,N/A,1,N/A,2085,N/A,N/A
242,1770297614484,gap_time,N/A,true,,true,GapTime_871,N/A,N/A,N/A,N/A,N/A,N/A
242,1770297615357,Sentence shown,HH_138_A,true,,true,N/A,N/A,N/A,N/A,N/A,N/A,N/A
242,1770297617139,IR pressed,HH_138_A,true,,true,Spacebar,1,N/A,1782,N/A,N/A,N/A
242,1770297617813,WR pressed,HH_138_A,true,,true,Yes,N/A,1,N/A,674,N/A,N/A
242,1770297617814,gap_time,N/A,true,,true,GapTime_900,N/A,N/A,N/A,N/A,N/A,N/A
242,1770297618716,Sentence shown,HF_23_A,,,,N/A,N/A,N/A,N/A,N/A,N/A,N/A
242,1770297622718,gap_time,N/A,,,,GapTime_1101,N/A,N/A,N/A,N/A,N/A,N/A
242,1770297623821,Sentence shown,HF_33_A,,,,N/A,N/A,N/A,N/A,N/A,N/A,N/A
242,1770297627823,gap_time,N/A,,,,GapTime_1226,N/A,N/A,N/A,N/A,N/A,N/A
242,1770297629051,Sentence shown,HF_20_A,,,,N/A,N/A,N/A,N/A,N/A,N/A,N/A
242,1770297633052,gap_time,N/A,,,,GapTime_789,N/A,N/A,N/A,N/A,N/A,N/A
242,1770297633844,Sentence shown,HF_33_A,,true,true,N/A,N/A,N/A,N/A,N/A,N/A,N/A
242,1770297635391,Validation IR pressed,HF_33_A,,true,true,Spacebar,1,N/A,1547,N/A,N/A,N/A
242,1770297635391,IR pressed,HF_33_A,,true,true,Spacebar,1,N/A,1547,N/A,N/A,N/A
242,1770297635774,WR pressed,HF_33_A,,true,true,Yes,N/A,N/A,N/A,383,N/A,N/A
242,1770297635775,gap_time,N/A,,true,true,GapTime_1272,N/A,N/A,N/A,N/A,N/A,N/A
242,1770297637049,Sentence shown,LVH_133_A,true,,true,N/A,N/A,N/A,N/A,N/A,N/A,N/A
242,1770297638529,IR pressed,LVH_133_A,true,,true,Spacebar,1,N/A,1480,N/A,N/A,N/A
242,1770297638924,WR pressed,LVH_133_A,true,,true,No,N/A,1,N/A,395,N/A,N/A
242,1770297638925,gap_time,N/A,true,,true,GapTime_913,N/A,N/A,N/A,N/A,N/A,N/A
242,1770297639839,Sentence shown,HH_153_P,true,,true,N/A,N/A,N/A,N/A,N/A,N/A,N/A
242,1770297641787,IR pressed,HH_153_P,true,,true,Spacebar,1,N/A,1948,N/A,N/A,N/A
242,1770297645135,WR pressed,HH_153_P,true,,true,Yes,N/A,1,N/A,3348,N/A,N/A
242,1770297645135,gap_time,N/A,true,,true,GapTime_773,N/A,N/A,N/A,N/A,N/A,N/A
242,1770297645910,Sentence shown,LVL_129_A,true,,true,N/A,N/A,N/A,N/A,N/A,N/A,N/A
242,1770297649912,gap_time,N/A,true,,true,GapTime_957,N/A,N/A,N/A,N/A,N/A,N/A
242,1770297650871,Sentence shown,LVL_121_P,true,,,N/A,N/A,N/A,N/A,N/A,N/A,N/A
242,1770297654874,gap_time,N/A,true,,,GapTime_1163,N/A,N/A,N/A,N/A,N/A,N/A
242,1770297656039,Sentence shown,HF_24_A,,,,N/A,N/A,N/A,N/A,N/A,N/A,N/A
242,1770297660041,gap_time,N/A,,,,GapTime_1119,N/A,N/A,N/A,N/A,N/A,N/A
242,1770297661162,Sentence shown,HF_1_A,,,,N/A,N/A,N/A,N/A,N/A,N/A,N/A
242,1770297665164,gap_time,N/A,,,,GapTime_1032,N/A,N/A,N/A,N/A,N/A,N/A
242,1770297666198,Sentence shown,HF_1_A,,true,true,N/A,N/A,N/A,N/A,N/A,N/A,N/A
242,1770297667334,Validation IR pressed,HF_1_A,,true,true,Spacebar,1,N/A,1136,N/A,N/A,N/A
242,1770297667334,IR pressed,HF_1_A,,true,true,Spacebar,1,N/A,1136,N/A,N/A,N/A
242,1770297668061,WR pressed,HF_1_A,,true,true,Yes,N/A,N/A,N/A,727,N/A,N/A
242,1770297668061,gap_time,N/A,,true,true,GapTime_1056,N/A,N/A,N/A,N/A,N/A,N/A
242,1770297669120,Sentence shown,HF_7_A,,,,N/A,N/A,N/A,N/A,N/A,N/A,N/A
242,1770297673122,gap_time,N/A,,,,GapTime_740,N/A,N/A,N/A,N/A,N/A,N/A
242,1770297673864,Sentence shown,HVL_134_A,true,,,N/A,N/A,N/A,N/A,N/A,N/A,N/A
242,1770297677867,gap_time,N/A,true,,,GapTime_714,N/A,N/A,N/A,N/A,N/A,N/A
242,1770297678584,Sentence shown,HVL_114_A,true,,,N/A,N/A,N/A,N/A,N/A,N/A,N/A
242,1770297682586,gap_time,N/A,true,,,GapTime_720,N/A,N/A,N/A,N/A,N/A,N/A
242,1770297683309,Sentence shown,HF_18_A,,,,N/A,N/A,N/A,N/A,N/A,N/A,N/A
242,1770297687311,gap_time,N/A,,,,GapTime_859,N/A,N/A,N/A,N/A,N/A,N/A
242,1770297688173,Sentence shown,LVL_121_P,true,,true,N/A,N/A,N/A,N/A,N/A,N/A,N/A
242,1770297691600,IR pressed,LVL_121_P,true,,true,Spacebar,1,N/A,3427,N/A,N/A,N/A
242,1770297693316,WR pressed,LVL_121_P,true,,true,No,N/A,0,N/A,1716,N/A,N/A
242,1770297693316,gap_time,N/A,true,,true,GapTime_744,N/A,N/A,N/A,N/A,N/A,N/A
242,1770297694063,Sentence shown,HF_22_A,,,,N/A,N/A,N/A,N/A,N/A,N/A,N/A
242,1770297698065,gap_time,N/A,,,,GapTime_1011,N/A,N/A,N/A,N/A,N/A,N/A
242,1770297699078,Sentence shown,HF_8_A,,,,N/A,N/A,N/A,N/A,N/A,N/A,N/A
242,1770297701750,Validation Wrong IR pressed,HF_8_A,,,,Spacebar,0,N/A,2672,N/A,N/A,N/A
242,1770297701750,IR pressed,HF_8_A,,,,Spacebar,0,N/A,2672,N/A,N/A,N/A
242,1770297702531,WR pressed,HF_8_A,,,,No,N/A,N/A,N/A,781,N/A,N/A
242,1770297702532,gap_time,N/A,,,,GapTime_1148,N/A,N/A,N/A,N/A,N/A,N/A
242,1770297703682,Sentence shown,HVL_134_A,true,,true,N/A,N/A,N/A,N/A,N/A,N/A,N/A
242,1770297704913,IR pressed,HVL_134_A,true,,true,Spacebar,1,N/A,1231,N/A,N/A,N/A
242,1770297705816,WR pressed,HVL_134_A,true,,true,No,N/A,0,N/A,903,N/A,N/A
242,1770297705816,gap_time,N/A,true,,true,GapTime_950,N/A,N/A,N/A,N/A,N/A,N/A
242,1770297706769,Sentence shown,HVL_136_P,true,,,N/A,N/A,N/A,N/A,N/A,N/A,N/A
242,1770297710771,gap_time,N/A,true,,,GapTime_724,N/A,N/A,N/A,N/A,N/A,N/A
242,1770297711498,Sentence shown,HF_16_A,,,,N/A,N/A,N/A,N/A,N/A,N/A,N/A
242,1770297715500,gap_time,N/A,,,,GapTime_920,N/A,N/A,N/A,N/A,N/A,N/A
242,1770297716423,Sentence shown,LVH_172_P,true,,,N/A,N/A,N/A,N/A,N/A,N/A,N/A
242,1770297720425,gap_time,N/A,true,,,GapTime_1024,N/A,N/A,N/A,N/A,N/A,N/A
242,1770297721451,Sentence shown,HVL_114_P,true,,true,N/A,N/A,N/A,N/A,N/A,N/A,N/A
242,1770297723100,IR pressed,HVL_114_P,true,,true,Spacebar,1,N/A,1649,N/A,N/A,N/A
242,1770297726690,WR pressed,HVL_114_P,true,,true,No,N/A,1,N/A,3589,N/A,N/A
242,1770297726690,gap_time,N/A,true,,true,GapTime_833,N/A,N/A,N/A,N/A,N/A,N/A
242,1770297727526,Sentence shown,HVL_136_P,true,,true,N/A,N/A,N/A,N/A,N/A,N/A,N/A
242,1770297729131,IR pressed,HVL_136_P,true,,true,Spacebar,1,N/A,1605,N/A,N/A,N/A
242,1770297729942,WR pressed,HVL_136_P,true,,true,No,N/A,0,N/A,811,N/A,N/A
242,1770297729943,gap_time,N/A,true,,true,GapTime_1275,N/A,N/A,N/A,N/A,N/A,N/A
242,1770297731220,Sentence shown,LVH_172_P,true,,true,N/A,N/A,N/A,N/A,N/A,N/A,N/A
242,1770297732776,IR pressed,LVH_172_P,true,,true,Spacebar,1,N/A,1556,N/A,N/A,N/A
242,1770297733124,WR pressed,LVH_172_P,true,,true,Yes,N/A,1,N/A,348,N/A,N/A
242,1770297733125,gap_time,N/A,true,,true,GapTime_912,N/A,N/A,N/A,N/A,N/A,N/A
242,1770297734038,Rest Phase started,N/A,true,,true,Rest,N/A,N/A,N/A,N/A,N/A,N/A
242,1770297757991,Sentence shown,HF_40_A,,,,N/A,N/A,N/A,N/A,N/A,N/A,N/A
242,1770297761993,gap_time,N/A,,,,GapTime_1093,N/A,N/A,N/A,N/A,N/A,N/A
242,1770297763088,Sentence shown,HF_64_A,,,,N/A,N/A,N/A,N/A,N/A,N/A,N/A
242,1770297767090,gap_time,N/A,,,,GapTime_1007,N/A,N/A,N/A,N/A,N/A,N/A
242,1770297768100,Sentence shown,LVH_141_P,true,,,N/A,N/A,N/A,N/A,N/A,N/A,N/A
242,1770297772102,gap_time,N/A,true,,,GapTime_875,N/A,N/A,N/A,N/A,N/A,N/A
242,1770297772980,Sentence shown,HF_35_A,,,,N/A,N/A,N/A,N/A,N/A,N/A,N/A
242,1770297776982,gap_time,N/A,,,,GapTime_826,N/A,N/A,N/A,N/A,N/A,N/A
242,1770297777810,Sentence shown,HF_42_A,,,,N/A,N/A,N/A,N/A,N/A,N/A,N/A
242,1770297781812,gap_time,N/A,,,,GapTime_723,N/A,N/A,N/A,N/A,N/A,N/A
242,1770297782537,Sentence shown,HVL_104_A,true,,,N/A,N/A,N/A,N/A,N/A,N/A,N/A
242,1770297786539,gap_time,N/A,true,,,GapTime_745,N/A,N/A,N/A,N/A,N/A,N/A
242,1770297787287,Sentence shown,HF_35_A,,true,true,N/A,N/A,N/A,N/A,N/A,N/A,N/A
242,1770297791288,Validation Missed,HF_35_A,,true,true,None,0,N/A,N/A,N/A,N/A,N/A
242,1770297791289,gap_time,N/A,,true,true,GapTime_1102,N/A,N/A,N/A,N/A,N/A,N/A
242,1770297792393,Sentence shown,HF_42_A,,true,true,N/A,N/A,N/A,N/A,N/A,N/A,N/A
242,1770297793718,Validation IR pressed,HF_42_A,,true,true,Spacebar,1,N/A,1325,N/A,N/A,N/A
242,1770297793718,IR pressed,HF_42_A,,true,true,Spacebar,1,N/A,1325,N/A,N/A,N/A
242,1770297794189,WR pressed,HF_42_A,,true,true,Yes,N/A,N/A,N/A,471,N/A,N/A
242,1770297794189,gap_time,N/A,,true,true,GapTime_839,N/A,N/A,N/A,N/A,N/A,N/A
242,1770297795031,Sentence shown,LVH_141_P,true,,true,N/A,N/A,N/A,N/A,N/A,N/A,N/A
242,1770297796342,IR pressed,LVH_141_P,true,,true,Spacebar,1,N/A,1310,N/A,N/A,N/A
242,1770297796752,WR pressed,LVH_141_P,true,,true,Yes,N/A,1,N/A,410,N/A,N/A
242,1770297796753,gap_time,N/A,true,,true,GapTime_1001,N/A,N/A,N/A,N/A,N/A,N/A
242,1770297797756,Sentence shown,HF_43_A,,,,N/A,N/A,N/A,N/A,N/A,N/A,N/A
242,1770297801758,gap_time,N/A,,,,GapTime_764,N/A,N/A,N/A,N/A,N/A,N/A
242,1770297802524,Sentence shown,HF_65_A,,,,N/A,N/A,N/A,N/A,N/A,N/A,N/A
242,1770297806527,gap_time,N/A,,,,GapTime_1183,N/A,N/A,N/A,N/A,N/A,N/A
242,1770297807712,Sentence shown,HF_54_A,,,,N/A,N/A,N/A,N/A,N/A,N/A,N/A
242,1770297811714,gap_time,N/A,,,,GapTime_852,N/A,N/A,N/A,N/A,N/A,N/A
242,1770297812569,Sentence shown,HH_158_P,true,,,N/A,N/A,N/A,N/A,N/A,N/A,N/A
242,1770297816571,gap_time,N/A,true,,,GapTime_1161,N/A,N/A,N/A,N/A,N/A,N/A
242,1770297817734,Sentence shown,HF_38_A,,,,N/A,N/A,N/A,N/A,N/A,N/A,N/A
242,1770297821737,gap_time,N/A,,,,GapTime_1211,N/A,N/A,N/A,N/A,N/A,N/A
242,1770297822950,Sentence shown,HVL_117_P,true,,,N/A,N/A,N/A,N/A,N/A,N/A,N/A
242,1770297826952,gap_time,N/A,true,,,GapTime_784,N/A,N/A,N/A,N/A,N/A,N/A
242,1770297827738,Sentence shown,HVL_104_A,true,,true,N/A,N/A,N/A,N/A,N/A,N/A,N/A
242,1770297829326,IR pressed,HVL_104_A,true,,true,Spacebar,1,N/A,1588,N/A,N/A,N/A
242,1770297830112,WR pressed,HVL_104_A,true,,true,Yes,N/A,1,N/A,786,N/A,N/A
242,1770297830112,gap_time,N/A,true,,true,GapTime_861,N/A,N/A,N/A,N/A,N/A,N/A
242,1770297830976,Sentence shown,HF_38_A,,true,true,N/A,N/A,N/A,N/A,N/A,N/A,N/A
242,1770297834977,Validation Missed,HF_38_A,,true,true,None,0,N/A,N/A,N/A,N/A,N/A
242,1770297834978,gap_time,N/A,,true,true,GapTime_1179,N/A,N/A,N/A,N/A,N/A,N/A
242,1770297836160,Sentence shown,HF_63_A,,,,N/A,N/A,N/A,N/A,N/A,N/A,N/A
242,1770297840162,gap_time,N/A,,,,GapTime_890,N/A,N/A,N/A,N/A,N/A,N/A
242,1770297841054,Sentence shown,HF_49_A,,,,N/A,N/A,N/A,N/A,N/A,N/A,N/A
242,1770297845055,gap_time,N/A,,,,GapTime_813,N/A,N/A,N/A,N/A,N/A,N/A
242,1770297845870,Sentence shown,HH_158_A,true,,true,N/A,N/A,N/A,N/A,N/A,N/A,N/A
242,1770297849150,IR pressed,HH_158_A,true,,true,Spacebar,1,N/A,3280,N/A,N/A,N/A
242,1770297850730,WR pressed,HH_158_A,true,,true,No,N/A,1,N/A,1580,N/A,N/A
242,1770297850731,gap_time,N/A,true,,true,GapTime_1067,N/A,N/A,N/A,N/A,N/A,N/A
242,1770297851800,Sentence shown,HF_52_A,,,,N/A,N/A,N/A,N/A,N/A,N/A,N/A
242,1770297855803,gap_time,N/A,,,,GapTime_997,N/A,N/A,N/A,N/A,N/A,N/A
242,1770297856803,Sentence shown,HVL_117_A,true,,true,N/A,N/A,N/A,N/A,N/A,N/A,N/A
242,1770297858395,IR pressed,HVL_117_A,true,,true,Spacebar,1,N/A,1592,N/A,N/A,N/A
242,1770297859223,WR pressed,HVL_117_A,true,,true,No,N/A,1,N/A,828,N/A,N/A
242,1770297859223,gap_time,N/A,true,,true,GapTime_859,N/A,N/A,N/A,N/A,N/A,N/A
242,1770297860085,Sentence shown,HF_51_A,,,,N/A,N/A,N/A,N/A,N/A,N/A,N/A
242,1770297862929,Validation Wrong IR pressed,HF_51_A,,,,Spacebar,0,N/A,2844,N/A,N/A,N/A
242,1770297862929,IR pressed,HF_51_A,,,,Spacebar,0,N/A,2844,N/A,N/A,N/A
242,1770297863670,WR pressed,HF_51_A,,,,No,N/A,N/A,N/A,741,N/A,N/A
242,1770297863670,gap_time,N/A,,,,GapTime_959,N/A,N/A,N/A,N/A,N/A,N/A
242,1770297864632,Sentence shown,HF_52_A,,true,true,N/A,N/A,N/A,N/A,N/A,N/A,N/A
242,1770297865940,Validation IR pressed,HF_52_A,,true,true,Spacebar,1,N/A,1308,N/A,N/A,N/A
242,1770297865940,IR pressed,HF_52_A,,true,true,Spacebar,1,N/A,1308,N/A,N/A,N/A
242,1770297866372,WR pressed,HF_52_A,,true,true,Yes,N/A,N/A,N/A,432,N/A,N/A
242,1770297866373,gap_time,N/A,,true,true,GapTime_814,N/A,N/A,N/A,N/A,N/A,N/A
242,1770297867190,Sentence shown,LVH_134_P,true,,,N/A,N/A,N/A,N/A,N/A,N/A,N/A
242,1770297871192,gap_time,N/A,true,,,GapTime_709,N/A,N/A,N/A,N/A,N/A,N/A
242,1770297871903,Sentence shown,HF_53_A,,,,N/A,N/A,N/A,N/A,N/A,N/A,N/A
242,1770297875905,gap_time,N/A,,,,GapTime_966,N/A,N/A,N/A,N/A,N/A,N/A
242,1770297876873,Sentence shown,HVL_131_P,true,,,N/A,N/A,N/A,N/A,N/A,N/A,N/A
242,1770297880875,gap_time,N/A,true,,,GapTime_984,N/A,N/A,N/A,N/A,N/A,N/A
242,1770297881861,Sentence shown,LVL_148_P,true,,,N/A,N/A,N/A,N/A,N/A,N/A,N/A
242,1770297885863,gap_time,N/A,true,,,GapTime_910,N/A,N/A,N/A,N/A,N/A,N/A
242,1770297886775,Sentence shown,HF_53_A,,true,true,N/A,N/A,N/A,N/A,N/A,N/A,N/A
242,1770297888005,Validation IR pressed,HF_53_A,,true,true,Spacebar,1,N/A,1230,N/A,N/A,N/A
242,1770297888005,IR pressed,HF_53_A,,true,true,Spacebar,1,N/A,1230,N/A,N/A,N/A
242,1770297888390,WR pressed,HF_53_A,,true,true,Yes,N/A,N/A,N/A,385,N/A,N/A
242,1770297888391,gap_time,N/A,,true,true,GapTime_1019,N/A,N/A,N/A,N/A,N/A,N/A
242,1770297889412,Sentence shown,HF_45_A,,,,N/A,N/A,N/A,N/A,N/A,N/A,N/A
242,1770297893414,gap_time,N/A,,,,GapTime_827,N/A,N/A,N/A,N/A,N/A,N/A
242,1770297894243,Sentence shown,HF_57_A,,,,N/A,N/A,N/A,N/A,N/A,N/A,N/A
242,1770297898246,gap_time,N/A,,,,GapTime_1085,N/A,N/A,N/A,N/A,N/A,N/A
242,1770297899333,Sentence shown,HF_57_A,,true,true,N/A,N/A,N/A,N/A,N/A,N/A,N/A
242,1770297900508,Validation IR pressed,HF_57_A,,true,true,Spacebar,1,N/A,1175,N/A,N/A,N/A
242,1770297900508,IR pressed,HF_57_A,,true,true,Spacebar,1,N/A,1175,N/A,N/A,N/A
242,1770297900740,WR pressed,HF_57_A,,true,true,Yes,N/A,N/A,N/A,232,N/A,N/A
242,1770297900741,gap_time,N/A,,true,true,GapTime_942,N/A,N/A,N/A,N/A,N/A,N/A
242,1770297901686,Sentence shown,LVH_134_A,true,,true,N/A,N/A,N/A,N/A,N/A,N/A,N/A
242,1770297903169,IR pressed,LVH_134_A,true,,true,Spacebar,1,N/A,1483,N/A,N/A,N/A
242,1770297903515,WR pressed,LVH_134_A,true,,true,No,N/A,1,N/A,346,N/A,N/A
242,1770297903516,gap_time,N/A,true,,true,GapTime_861,N/A,N/A,N/A,N/A,N/A,N/A
242,1770297904378,Sentence shown,HVL_131_P,true,,true,N/A,N/A,N/A,N/A,N/A,N/A,N/A
242,1770297905457,IR pressed,HVL_131_P,true,,true,Spacebar,1,N/A,1079,N/A,N/A,N/A
242,1770297905804,WR pressed,HVL_131_P,true,,true,Yes,N/A,1,N/A,347,N/A,N/A
242,1770297905804,gap_time,N/A,true,,true,GapTime_1077,N/A,N/A,N/A,N/A,N/A,N/A
242,1770297906884,Sentence shown,HF_59_A,,,,N/A,N/A,N/A,N/A,N/A,N/A,N/A
242,1770297910886,gap_time,N/A,,,,GapTime_1012,N/A,N/A,N/A,N/A,N/A,N/A
242,1770297911899,Sentence shown,HF_34_A,,,,N/A,N/A,N/A,N/A,N/A,N/A,N/A
242,1770297915901,gap_time,N/A,,,,GapTime_1203,N/A,N/A,N/A,N/A,N/A,N/A
242,1770297917106,Sentence shown,HF_34_A,,true,true,N/A,N/A,N/A,N/A,N/A,N/A,N/A
242,1770297918711,Validation IR pressed,HF_34_A,,true,true,Spacebar,1,N/A,1605,N/A,N/A,N/A
242,1770297918711,IR pressed,HF_34_A,,true,true,Spacebar,1,N/A,1605,N/A,N/A,N/A
242,1770297919058,WR pressed,HF_34_A,,true,true,Yes,N/A,N/A,N/A,347,N/A,N/A
242,1770297919058,gap_time,N/A,,true,true,GapTime_994,N/A,N/A,N/A,N/A,N/A,N/A
242,1770297920054,Sentence shown,LVH_155_A,true,,,N/A,N/A,N/A,N/A,N/A,N/A,N/A
242,1770297924056,gap_time,N/A,true,,,GapTime_1238,N/A,N/A,N/A,N/A,N/A,N/A
242,1770297925296,Sentence shown,LVL_111_A,true,,,N/A,N/A,N/A,N/A,N/A,N/A,N/A
242,1770297929298,gap_time,N/A,true,,,GapTime_724,N/A,N/A,N/A,N/A,N/A,N/A
242,1770297930024,Sentence shown,LVL_148_A,true,,true,N/A,N/A,N/A,N/A,N/A,N/A,N/A
242,1770297934026,gap_time,N/A,true,,true,GapTime_1204,N/A,N/A,N/A,N/A,N/A,N/A
242,1770297935232,Sentence shown,HF_41_A,,,,N/A,N/A,N/A,N/A,N/A,N/A,N/A
242,1770297939234,gap_time,N/A,,,,GapTime_1149,N/A,N/A,N/A,N/A,N/A,N/A
242,1770297940386,Sentence shown,HF_36_A,,,,N/A,N/A,N/A,N/A,N/A,N/A,N/A
242,1770297944388,gap_time,N/A,,,,GapTime_920,N/A,N/A,N/A,N/A,N/A,N/A
242,1770297945310,Sentence shown,HF_56_A,,,,N/A,N/A,N/A,N/A,N/A,N/A,N/A
242,1770297949312,gap_time,N/A,,,,GapTime_776,N/A,N/A,N/A,N/A,N/A,N/A
242,1770297950091,Sentence shown,LVH_106_A,true,,,N/A,N/A,N/A,N/A,N/A,N/A,N/A
242,1770297954092,gap_time,N/A,true,,,GapTime_1147,N/A,N/A,N/A,N/A,N/A,N/A
242,1770297955242,Sentence shown,LVH_155_A,true,,true,N/A,N/A,N/A,N/A,N/A,N/A,N/A
242,1770297956463,IR pressed,LVH_155_A,true,,true,Spacebar,1,N/A,1221,N/A,N/A,N/A
242,1770297957168,WR pressed,LVH_155_A,true,,true,Yes,N/A,1,N/A,705,N/A,N/A
242,1770297957169,gap_time,N/A,true,,true,GapTime_820,N/A,N/A,N/A,N/A,N/A,N/A
242,1770297957992,Sentence shown,HF_56_A,,true,true,N/A,N/A,N/A,N/A,N/A,N/A,N/A
242,1770297959307,Validation IR pressed,HF_56_A,,true,true,Spacebar,1,N/A,1314,N/A,N/A,N/A
242,1770297959307,IR pressed,HF_56_A,,true,true,Spacebar,1,N/A,1314,N/A,N/A,N/A
242,1770297959760,WR pressed,HF_56_A,,true,true,Yes,N/A,N/A,N/A,453,N/A,N/A
242,1770297959761,gap_time,N/A,,true,true,GapTime_941,N/A,N/A,N/A,N/A,N/A,N/A
242,1770297960704,Sentence shown,HF_37_A,,,,N/A,N/A,N/A,N/A,N/A,N/A,N/A
242,1770297964706,gap_time,N/A,,,,GapTime_1209,N/A,N/A,N/A,N/A,N/A,N/A
242,1770297965917,Sentence shown,LVL_111_A,true,,true,N/A,N/A,N/A,N/A,N/A,N/A,N/A
242,1770297967208,IR pressed,LVL_111_A,true,,true,Spacebar,1,N/A,1291,N/A,N/A,N/A
242,1770297967609,WR pressed,LVL_111_A,true,,true,Yes,N/A,1,N/A,401,N/A,N/A
242,1770297967609,gap_time,N/A,true,,true,GapTime_964,N/A,N/A,N/A,N/A,N/A,N/A
242,1770297968576,Sentence shown,HF_50_A,,,,N/A,N/A,N/A,N/A,N/A,N/A,N/A
242,1770297972577,gap_time,N/A,,,,GapTime_1134,N/A,N/A,N/A,N/A,N/A,N/A
242,1770297973713,Sentence shown,HF_37_A,,true,true,N/A,N/A,N/A,N/A,N/A,N/A,N/A
242,1770297975097,Validation IR pressed,HF_37_A,,true,true,Spacebar,1,N/A,1383,N/A,N/A,N/A
242,1770297975097,IR pressed,HF_37_A,,true,true,Spacebar,1,N/A,1383,N/A,N/A,N/A
242,1770297975457,WR pressed,HF_37_A,,true,true,Yes,N/A,N/A,N/A,360,N/A,N/A
242,1770297975458,gap_time,N/A,,true,true,GapTime_968,N/A,N/A,N/A,N/A,N/A,N/A
242,1770297976428,Sentence shown,HF_58_A,,,,N/A,N/A,N/A,N/A,N/A,N/A,N/A
242,1770297980430,gap_time,N/A,,,,GapTime_809,N/A,N/A,N/A,N/A,N/A,N/A
242,1770297981241,Sentence shown,HH_140_A,true,,,N/A,N/A,N/A,N/A,N/A,N/A,N/A
242,1770297985243,gap_time,N/A,true,,,GapTime_1244,N/A,N/A,N/A,N/A,N/A,N/A
242,1770297986489,Sentence shown,LVH_106_P,true,,true,N/A,N/A,N/A,N/A,N/A,N/A,N/A
242,1770297988769,IR pressed,LVH_106_P,true,,true,Spacebar,1,N/A,2279,N/A,N/A,N/A
242,1770297989172,WR pressed,LVH_106_P,true,,true,No,N/A,1,N/A,403,N/A,N/A
242,1770297989173,gap_time,N/A,true,,true,GapTime_1177,N/A,N/A,N/A,N/A,N/A,N/A
242,1770297990353,Sentence shown,HF_47_A,,,,N/A,N/A,N/A,N/A,N/A,N/A,N/A
242,1770297994354,gap_time,N/A,,,,GapTime_818,N/A,N/A,N/A,N/A,N/A,N/A
242,1770297995174,Sentence shown,HF_39_A,,,,N/A,N/A,N/A,N/A,N/A,N/A,N/A
242,1770297999176,gap_time,N/A,,,,GapTime_767,N/A,N/A,N/A,N/A,N/A,N/A
242,1770297999945,Sentence shown,HF_60_A,,,,N/A,N/A,N/A,N/A,N/A,N/A,N/A
242,1770298003947,gap_time,N/A,,,,GapTime_843,N/A,N/A,N/A,N/A,N/A,N/A
242,1770298004792,Sentence shown,LVL_135_A,true,,,N/A,N/A,N/A,N/A,N/A,N/A,N/A
242,1770298008794,gap_time,N/A,true,,,GapTime_889,N/A,N/A,N/A,N/A,N/A,N/A
242,1770298009685,Sentence shown,HF_62_A,,,,N/A,N/A,N/A,N/A,N/A,N/A,N/A
242,1770298013686,gap_time,N/A,,,,GapTime_715,N/A,N/A,N/A,N/A,N/A,N/A
242,1770298014404,Sentence shown,HF_61_A,,,,N/A,N/A,N/A,N/A,N/A,N/A,N/A
242,1770298018406,gap_time,N/A,,,,GapTime_1031,N/A,N/A,N/A,N/A,N/A,N/A
242,1770298019440,Sentence shown,HF_48_A,,,,N/A,N/A,N/A,N/A,N/A,N/A,N/A
242,1770298023441,gap_time,N/A,,,,GapTime_777,N/A,N/A,N/A,N/A,N/A,N/A
242,1770298024221,Sentence shown,HH_140_A,true,,true,N/A,N/A,N/A,N/A,N/A,N/A,N/A
242,1770298025517,IR pressed,HH_140_A,true,,true,Spacebar,1,N/A,1296,N/A,N/A,N/A
242,1770298025985,WR pressed,HH_140_A,true,,true,Yes,N/A,1,N/A,468,N/A,N/A
242,1770298025985,gap_time,N/A,true,,true,GapTime_897,N/A,N/A,N/A,N/A,N/A,N/A
242,1770298026884,Sentence shown,HF_44_A,,,,N/A,N/A,N/A,N/A,N/A,N/A,N/A
242,1770298030885,gap_time,N/A,,,,GapTime_1119,N/A,N/A,N/A,N/A,N/A,N/A
242,1770298032007,Sentence shown,LVL_124_P,true,,,N/A,N/A,N/A,N/A,N/A,N/A,N/A
242,1770298036009,gap_time,N/A,true,,,GapTime_1157,N/A,N/A,N/A,N/A,N/A,N/A
242,1770298037169,Sentence shown,HF_46_A,,,,N/A,N/A,N/A,N/A,N/A,N/A,N/A
242,1770298041171,gap_time,N/A,,,,GapTime_1155,N/A,N/A,N/A,N/A,N/A,N/A
242,1770298042328,Sentence shown,LVL_135_P,true,,true,N/A,N/A,N/A,N/A,N/A,N/A,N/A
242,1770298043774,IR pressed,LVL_135_P,true,,true,Spacebar,1,N/A,1446,N/A,N/A,N/A
242,1770298045316,WR pressed,LVL_135_P,true,,true,Yes,N/A,0,N/A,1542,N/A,N/A
242,1770298045316,gap_time,N/A,true,,true,GapTime_1113,N/A,N/A,N/A,N/A,N/A,N/A
242,1770298046431,Sentence shown,HF_55_A,,,,N/A,N/A,N/A,N/A,N/A,N/A,N/A
242,1770298050434,gap_time,N/A,,,,GapTime_881,N/A,N/A,N/A,N/A,N/A,N/A
242,1770298051318,Sentence shown,HF_46_A,,true,true,N/A,N/A,N/A,N/A,N/A,N/A,N/A
242,1770298052564,Validation IR pressed,HF_46_A,,true,true,Spacebar,1,N/A,1246,N/A,N/A,N/A
242,1770298052564,IR pressed,HF_46_A,,true,true,Spacebar,1,N/A,1246,N/A,N/A,N/A
242,1770298052899,WR pressed,HF_46_A,,true,true,Yes,N/A,N/A,N/A,335,N/A,N/A
242,1770298052899,gap_time,N/A,,true,true,GapTime_890,N/A,N/A,N/A,N/A,N/A,N/A
242,1770298053791,Sentence shown,HH_170_P,true,,,N/A,N/A,N/A,N/A,N/A,N/A,N/A
242,1770298057793,gap_time,N/A,true,,,GapTime_900,N/A,N/A,N/A,N/A,N/A,N/A
242,1770298058696,Sentence shown,HH_174_A,true,,,N/A,N/A,N/A,N/A,N/A,N/A,N/A
242,1770298062698,gap_time,N/A,true,,,GapTime_959,N/A,N/A,N/A,N/A,N/A,N/A
242,1770298063660,Sentence shown,HVL_106_A,true,,,N/A,N/A,N/A,N/A,N/A,N/A,N/A
242,1770298067661,gap_time,N/A,true,,,GapTime_805,N/A,N/A,N/A,N/A,N/A,N/A
242,1770298068468,Sentence shown,LVL_124_P,true,,true,N/A,N/A,N/A,N/A,N/A,N/A,N/A
242,1770298070518,IR pressed,LVL_124_P,true,,true,Spacebar,1,N/A,2050,N/A,N/A,N/A
242,1770298070866,WR pressed,LVL_124_P,true,,true,Yes,N/A,1,N/A,347,N/A,N/A
242,1770298070866,gap_time,N/A,true,,true,GapTime_1017,N/A,N/A,N/A,N/A,N/A,N/A
242,1770298071886,Sentence shown,HH_170_P,true,,true,N/A,N/A,N/A,N/A,N/A,N/A,N/A
242,1770298073196,IR pressed,HH_170_P,true,,true,Spacebar,1,N/A,1310,N/A,N/A,N/A
242,1770298073536,WR pressed,HH_170_P,true,,true,Yes,N/A,1,N/A,340,N/A,N/A
242,1770298073537,gap_time,N/A,true,,true,GapTime_1221,N/A,N/A,N/A,N/A,N/A,N/A
242,1770298074760,Sentence shown,HH_174_P,true,,true,N/A,N/A,N/A,N/A,N/A,N/A,N/A
242,1770298075873,IR pressed,HH_174_P,true,,true,Spacebar,1,N/A,1113,N/A,N/A,N/A
242,1770298077543,WR pressed,HH_174_P,true,,true,No,N/A,1,N/A,1670,N/A,N/A
242,1770298077543,gap_time,N/A,true,,true,GapTime_1029,N/A,N/A,N/A,N/A,N/A,N/A
242,1770298078574,Sentence shown,HVL_106_P,true,,true,N/A,N/A,N/A,N/A,N/A,N/A,N/A
242,1770298080844,IR pressed,HVL_106_P,true,,true,Spacebar,1,N/A,2270,N/A,N/A,N/A
242,1770298081548,WR pressed,HVL_106_P,true,,true,No,N/A,1,N/A,704,N/A,N/A
242,1770298081548,gap_time,N/A,true,,true,GapTime_703,N/A,N/A,N/A,N/A,N/A,N/A
242,1770298082253,Rest Phase started,N/A,true,,true,Rest,N/A,N/A,N/A,N/A,N/A,N/A
242,1770298145843,Sentence shown,LVH_136_A,true,,,N/A,N/A,N/A,N/A,N/A,N/A,N/A
242,1770298149845,gap_time,N/A,true,,,GapTime_1065,N/A,N/A,N/A,N/A,N/A,N/A
242,1770298150912,Sentence shown,HF_72_A,,,,N/A,N/A,N/A,N/A,N/A,N/A,N/A
242,1770298154914,gap_time,N/A,,,,GapTime_1074,N/A,N/A,N/A,N/A,N/A,N/A
242,1770298155990,Sentence shown,HF_68_A,,,,N/A,N/A,N/A,N/A,N/A,N/A,N/A
242,1770298159992,gap_time,N/A,,,,GapTime_1290,N/A,N/A,N/A,N/A,N/A,N/A
242,1770298161284,Sentence shown,HF_92_A,,,,N/A,N/A,N/A,N/A,N/A,N/A,N/A
242,1770298165286,gap_time,N/A,,,,GapTime_798,N/A,N/A,N/A,N/A,N/A,N/A
242,1770298166086,Sentence shown,HF_92_A,,true,true,N/A,N/A,N/A,N/A,N/A,N/A,N/A
242,1770298167062,Validation IR pressed,HF_92_A,,true,true,Spacebar,1,N/A,976,N/A,N/A,N/A
242,1770298167062,IR pressed,HF_92_A,,true,true,Spacebar,1,N/A,976,N/A,N/A,N/A
242,1770298167759,WR pressed,HF_92_A,,true,true,Yes,N/A,N/A,N/A,697,N/A,N/A
242,1770298167759,gap_time,N/A,,true,true,GapTime_814,N/A,N/A,N/A,N/A,N/A,N/A
242,1770298168576,Sentence shown,HF_69_A,,,,N/A,N/A,N/A,N/A,N/A,N/A,N/A
242,1770298172577,gap_time,N/A,,,,GapTime_1114,N/A,N/A,N/A,N/A,N/A,N/A
242,1770298173693,Sentence shown,HF_84_A,,,,N/A,N/A,N/A,N/A,N/A,N/A,N/A
242,1770298177695,gap_time,N/A,,,,GapTime_776,N/A,N/A,N/A,N/A,N/A,N/A
242,1770298178474,Sentence shown,HF_69_A,,true,true,N/A,N/A,N/A,N/A,N/A,N/A,N/A
242,1770298180653,Validation IR pressed,HF_69_A,,true,true,Spacebar,1,N/A,2179,N/A,N/A,N/A
242,1770298180653,IR pressed,HF_69_A,,true,true,Spacebar,1,N/A,2179,N/A,N/A,N/A
242,1770298181959,WR pressed,HF_69_A,,true,true,Yes,N/A,N/A,N/A,1306,N/A,N/A
242,1770298181959,gap_time,N/A,,true,true,GapTime_721,N/A,N/A,N/A,N/A,N/A,N/A
242,1770298182683,Sentence shown,HF_95_A,,,,N/A,N/A,N/A,N/A,N/A,N/A,N/A
242,1770298186685,gap_time,N/A,,,,GapTime_1264,N/A,N/A,N/A,N/A,N/A,N/A
242,1770298187952,Sentence shown,LVH_136_A,true,,true,N/A,N/A,N/A,N/A,N/A,N/A,N/A
242,1770298189687,IR pressed,LVH_136_A,true,,true,Spacebar,1,N/A,1735,N/A,N/A,N/A
242,1770298190051,WR pressed,LVH_136_A,true,,true,Yes,N/A,1,N/A,364,N/A,N/A
242,1770298190051,gap_time,N/A,true,,true,GapTime_1018,N/A,N/A,N/A,N/A,N/A,N/A
242,1770298191071,Sentence shown,HF_79_A,,,,N/A,N/A,N/A,N/A,N/A,N/A,N/A
242,1770298195074,gap_time,N/A,,,,GapTime_1089,N/A,N/A,N/A,N/A,N/A,N/A
242,1770298196165,Sentence shown,HF_87_A,,,,N/A,N/A,N/A,N/A,N/A,N/A,N/A
242,1770298200167,gap_time,N/A,,,,GapTime_959,N/A,N/A,N/A,N/A,N/A,N/A
242,1770298201128,Sentence shown,HF_87_A,,true,true,N/A,N/A,N/A,N/A,N/A,N/A,N/A
242,1770298202242,Validation IR pressed,HF_87_A,,true,true,Spacebar,1,N/A,1114,N/A,N/A,N/A
242,1770298202242,IR pressed,HF_87_A,,true,true,Spacebar,1,N/A,1114,N/A,N/A,N/A
242,1770298202538,WR pressed,HF_87_A,,true,true,Yes,N/A,N/A,N/A,296,N/A,N/A
242,1770298202538,gap_time,N/A,,true,true,GapTime_939,N/A,N/A,N/A,N/A,N/A,N/A
242,1770298203480,Sentence shown,HF_79_A,,true,true,N/A,N/A,N/A,N/A,N/A,N/A,N/A
242,1770298204858,Validation IR pressed,HF_79_A,,true,true,Spacebar,1,N/A,1378,N/A,N/A,N/A
242,1770298204858,IR pressed,HF_79_A,,true,true,Spacebar,1,N/A,1378,N/A,N/A,N/A
242,1770298205265,WR pressed,HF_79_A,,true,true,Yes,N/A,N/A,N/A,407,N/A,N/A
242,1770298205265,gap_time,N/A,,true,true,GapTime_990,N/A,N/A,N/A,N/A,N/A,N/A
242,1770298206257,Sentence shown,HF_88_A,,,,N/A,N/A,N/A,N/A,N/A,N/A,N/A
242,1770298210258,gap_time,N/A,,,,GapTime_1161,N/A,N/A,N/A,N/A,N/A,N/A
242,1770298211422,Sentence shown,HF_74_A,,,,N/A,N/A,N/A,N/A,N/A,N/A,N/A
242,1770298215424,gap_time,N/A,,,,GapTime_717,N/A,N/A,N/A,N/A,N/A,N/A
242,1770298216143,Sentence shown,HF_67_A,,,,N/A,N/A,N/A,N/A,N/A,N/A,N/A
242,1770298220144,gap_time,N/A,,,,GapTime_1123,N/A,N/A,N/A,N/A,N/A,N/A
242,1770298221270,Sentence shown,HH_187_P,true,,,N/A,N/A,N/A,N/A,N/A,N/A,N/A
242,1770298225272,gap_time,N/A,true,,,GapTime_1002,N/A,N/A,N/A,N/A,N/A,N/A
242,1770298226275,Sentence shown,HH_164_A,true,,,N/A,N/A,N/A,N/A,N/A,N/A,N/A
242,1770298230277,gap_time,N/A,true,,,GapTime_1021,N/A,N/A,N/A,N/A,N/A,N/A
242,1770298231300,Sentence shown,HF_67_A,,true,true,N/A,N/A,N/A,N/A,N/A,N/A,N/A
242,1770298232463,Validation IR pressed,HF_67_A,,true,true,Spacebar,1,N/A,1163,N/A,N/A,N/A
242,1770298232463,IR pressed,HF_67_A,,true,true,Spacebar,1,N/A,1163,N/A,N/A,N/A
242,1770298232823,WR pressed,HF_67_A,,true,true,Yes,N/A,N/A,N/A,360,N/A,N/A
242,1770298232824,gap_time,N/A,,true,true,GapTime_812,N/A,N/A,N/A,N/A,N/A,N/A
242,1770298233638,Sentence shown,HF_82_A,,,,N/A,N/A,N/A,N/A,N/A,N/A,N/A
242,1770298237640,gap_time,N/A,,,,GapTime_1064,N/A,N/A,N/A,N/A,N/A,N/A
242,1770298238706,Sentence shown,HVL_105_P,true,,,N/A,N/A,N/A,N/A,N/A,N/A,N/A
242,1770298242708,gap_time,N/A,true,,,GapTime_1011,N/A,N/A,N/A,N/A,N/A,N/A
242,1770298243721,Sentence shown,HF_82_A,,true,true,N/A,N/A,N/A,N/A,N/A,N/A,N/A
242,1770298246715,Validation IR pressed,HF_82_A,,true,true,Spacebar,1,N/A,2994,N/A,N/A,N/A
242,1770298246715,IR pressed,HF_82_A,,true,true,Spacebar,1,N/A,2994,N/A,N/A,N/A
242,1770298247841,WR pressed,HF_82_A,,true,true,Yes,N/A,N/A,N/A,1126,N/A,N/A
242,1770298247842,gap_time,N/A,,true,true,GapTime_903,N/A,N/A,N/A,N/A,N/A,N/A
242,1770298248747,Sentence shown,HF_76_A,,,,N/A,N/A,N/A,N/A,N/A,N/A,N/A
242,1770298252749,gap_time,N/A,,,,GapTime_1159,N/A,N/A,N/A,N/A,N/A,N/A
242,1770298253911,Sentence shown,HF_89_A,,,,N/A,N/A,N/A,N/A,N/A,N/A,N/A
242,1770298257913,gap_time,N/A,,,,GapTime_1111,N/A,N/A,N/A,N/A,N/A,N/A
242,1770298259027,Sentence shown,HVL_164_P,true,,,N/A,N/A,N/A,N/A,N/A,N/A,N/A
242,1770298263029,gap_time,N/A,true,,,GapTime_1274,N/A,N/A,N/A,N/A,N/A,N/A
242,1770298264305,Sentence shown,LVL_115_P,true,,,N/A,N/A,N/A,N/A,N/A,N/A,N/A
242,1770298268306,gap_time,N/A,true,,,GapTime_1252,N/A,N/A,N/A,N/A,N/A,N/A
242,1770298269561,Sentence shown,HH_164_P,true,,true,N/A,N/A,N/A,N/A,N/A,N/A,N/A
242,1770298271632,IR pressed,HH_164_P,true,,true,Spacebar,1,N/A,2071,N/A,N/A,N/A
242,1770298272310,WR pressed,HH_164_P,true,,true,No,N/A,1,N/A,678,N/A,N/A
242,1770298272310,gap_time,N/A,true,,true,GapTime_1253,N/A,N/A,N/A,N/A,N/A,N/A
242,1770298273566,Sentence shown,HH_187_P,true,,true,N/A,N/A,N/A,N/A,N/A,N/A,N/A
242,1770298277567,gap_time,N/A,true,,true,GapTime_1163,N/A,N/A,N/A,N/A,N/A,N/A
242,1770298278733,Sentence shown,HF_83_A,,,,N/A,N/A,N/A,N/A,N/A,N/A,N/A
242,1770298282735,gap_time,N/A,,,,GapTime_993,N/A,N/A,N/A,N/A,N/A,N/A
242,1770298283730,Sentence shown,LVL_101_A,true,,,N/A,N/A,N/A,N/A,N/A,N/A,N/A
242,1770298287732,gap_time,N/A,true,,,GapTime_1137,N/A,N/A,N/A,N/A,N/A,N/A
242,1770298288871,Sentence shown,HF_94_A,,,,N/A,N/A,N/A,N/A,N/A,N/A,N/A
242,1770298292874,gap_time,N/A,,,,GapTime_1237,N/A,N/A,N/A,N/A,N/A,N/A
242,1770298294113,Sentence shown,HVL_164_A,true,,true,N/A,N/A,N/A,N/A,N/A,N/A,N/A
242,1770298295776,IR pressed,HVL_164_A,true,,true,Spacebar,1,N/A,1663,N/A,N/A,N/A
242,1770298296126,WR pressed,HVL_164_A,true,,true,No,N/A,1,N/A,350,N/A,N/A
242,1770298296126,gap_time,N/A,true,,true,GapTime_1038,N/A,N/A,N/A,N/A,N/A,N/A
242,1770298297166,Sentence shown,HVL_105_P,true,,true,N/A,N/A,N/A,N/A,N/A,N/A,N/A
242,1770298298560,IR pressed,HVL_105_P,true,,true,Spacebar,1,N/A,1394,N/A,N/A,N/A
242,1770298298900,WR pressed,HVL_105_P,true,,true,Yes,N/A,1,N/A,340,N/A,N/A
242,1770298298900,gap_time,N/A,true,,true,GapTime_966,N/A,N/A,N/A,N/A,N/A,N/A
242,1770298299869,Sentence shown,LVH_101_A,true,,,N/A,N/A,N/A,N/A,N/A,N/A,N/A
242,1770298303871,gap_time,N/A,true,,,GapTime_1263,N/A,N/A,N/A,N/A,N/A,N/A
242,1770298305135,Sentence shown,HF_90_A,,,,N/A,N/A,N/A,N/A,N/A,N/A,N/A
242,1770298309137,gap_time,N/A,,,,GapTime_727,N/A,N/A,N/A,N/A,N/A,N/A
242,1770298309866,Sentence shown,LVL_115_P,true,,true,N/A,N/A,N/A,N/A,N/A,N/A,N/A
242,1770298313869,gap_time,N/A,true,,true,GapTime_1014,N/A,N/A,N/A,N/A,N/A,N/A
242,1770298314885,Sentence shown,LVH_177_P,true,,,N/A,N/A,N/A,N/A,N/A,N/A,N/A
242,1770298318887,gap_time,N/A,true,,,GapTime_868,N/A,N/A,N/A,N/A,N/A,N/A
242,1770298319758,Sentence shown,HF_86_A,,,,N/A,N/A,N/A,N/A,N/A,N/A,N/A
242,1770298323760,gap_time,N/A,,,,GapTime_709,N/A,N/A,N/A,N/A,N/A,N/A
242,1770298324471,Sentence shown,HF_97_A,,,,N/A,N/A,N/A,N/A,N/A,N/A,N/A
242,1770298328472,gap_time,N/A,,,,GapTime_938,N/A,N/A,N/A,N/A,N/A,N/A
242,1770298329413,Sentence shown,LVL_101_A,true,,true,N/A,N/A,N/A,N/A,N/A,N/A,N/A
242,1770298330781,IR pressed,LVL_101_A,true,,true,Spacebar,1,N/A,1368,N/A,N/A,N/A
242,1770298331199,WR pressed,LVL_101_A,true,,true,No,N/A,0,N/A,418,N/A,N/A
242,1770298331199,gap_time,N/A,true,,true,GapTime_803,N/A,N/A,N/A,N/A,N/A,N/A
242,1770298332005,Sentence shown,HH_145_P,true,,,N/A,N/A,N/A,N/A,N/A,N/A,N/A
242,1770298336007,gap_time,N/A,true,,,GapTime_833,N/A,N/A,N/A,N/A,N/A,N/A
242,1770298336842,Sentence shown,HVL_100_A,true,,,N/A,N/A,N/A,N/A,N/A,N/A,N/A
242,1770298340844,gap_time,N/A,true,,,GapTime_962,N/A,N/A,N/A,N/A,N/A,N/A
242,1770298341809,Sentence shown,LVH_101_P,true,,true,N/A,N/A,N/A,N/A,N/A,N/A,N/A
242,1770298343502,IR pressed,LVH_101_P,true,,true,Spacebar,1,N/A,1693,N/A,N/A,N/A
242,1770298344112,WR pressed,LVH_101_P,true,,true,Yes,N/A,0,N/A,610,N/A,N/A
242,1770298344112,gap_time,N/A,true,,true,GapTime_1076,N/A,N/A,N/A,N/A,N/A,N/A
242,1770298345190,Sentence shown,HH_144_A,true,,,N/A,N/A,N/A,N/A,N/A,N/A,N/A
242,1770298349192,gap_time,N/A,true,,,GapTime_833,N/A,N/A,N/A,N/A,N/A,N/A
242,1770298350027,Sentence shown,HF_91_A,,,,N/A,N/A,N/A,N/A,N/A,N/A,N/A
242,1770298354030,gap_time,N/A,,,,GapTime_1236,N/A,N/A,N/A,N/A,N/A,N/A
242,1770298355268,Sentence shown,HF_80_A,,,,N/A,N/A,N/A,N/A,N/A,N/A,N/A
242,1770298359270,gap_time,N/A,,,,GapTime_1136,N/A,N/A,N/A,N/A,N/A,N/A
242,1770298360409,Sentence shown,LVH_177_A,true,,true,N/A,N/A,N/A,N/A,N/A,N/A,N/A
242,1770298361658,IR pressed,LVH_177_A,true,,true,Spacebar,1,N/A,1249,N/A,N/A,N/A
242,1770298362667,WR pressed,LVH_177_A,true,,true,No,N/A,1,N/A,1008,N/A,N/A
242,1770298362667,gap_time,N/A,true,,true,GapTime_871,N/A,N/A,N/A,N/A,N/A,N/A
242,1770298363541,Sentence shown,HF_73_A,,,,N/A,N/A,N/A,N/A,N/A,N/A,N/A
242,1770298367542,gap_time,N/A,,,,GapTime_1157,N/A,N/A,N/A,N/A,N/A,N/A
242,1770298368702,Sentence shown,LVL_108_P,true,,,N/A,N/A,N/A,N/A,N/A,N/A,N/A
242,1770298372704,gap_time,N/A,true,,,GapTime_1053,N/A,N/A,N/A,N/A,N/A,N/A
242,1770298373759,Sentence shown,HF_78_A,,,,N/A,N/A,N/A,N/A,N/A,N/A,N/A
242,1770298377761,gap_time,N/A,,,,GapTime_1025,N/A,N/A,N/A,N/A,N/A,N/A
242,1770298378788,Sentence shown,HVL_100_A,true,,true,N/A,N/A,N/A,N/A,N/A,N/A,N/A
242,1770298380274,IR pressed,HVL_100_A,true,,true,Spacebar,1,N/A,1486,N/A,N/A,N/A
242,1770298380959,WR pressed,HVL_100_A,true,,true,Yes,N/A,1,N/A,685,N/A,N/A
242,1770298380959,gap_time,N/A,true,,true,GapTime_940,N/A,N/A,N/A,N/A,N/A,N/A
242,1770298381902,Sentence shown,HH_145_A,true,,true,N/A,N/A,N/A,N/A,N/A,N/A,N/A
242,1770298384001,IR pressed,HH_145_A,true,,true,Spacebar,1,N/A,2099,N/A,N/A,N/A
242,1770298384986,WR pressed,HH_145_A,true,,true,Yes,N/A,0,N/A,985,N/A,N/A
242,1770298384987,gap_time,N/A,true,,true,GapTime_964,N/A,N/A,N/A,N/A,N/A,N/A
242,1770298385953,Sentence shown,LVH_100_P,true,,,N/A,N/A,N/A,N/A,N/A,N/A,N/A
242,1770298389955,gap_time,N/A,true,,,GapTime_721,N/A,N/A,N/A,N/A,N/A,N/A
242,1770298390679,Sentence shown,HF_81_A,,,,N/A,N/A,N/A,N/A,N/A,N/A,N/A
242,1770298394680,gap_time,N/A,,,,GapTime_793,N/A,N/A,N/A,N/A,N/A,N/A
242,1770298395476,Sentence shown,HH_144_A,true,,true,N/A,N/A,N/A,N/A,N/A,N/A,N/A
242,1770298397030,IR pressed,HH_144_A,true,,true,Spacebar,1,N/A,1554,N/A,N/A,N/A
242,1770298397895,WR pressed,HH_144_A,true,,true,No,N/A,0,N/A,865,N/A,N/A
242,1770298397895,gap_time,N/A,true,,true,GapTime_1226,N/A,N/A,N/A,N/A,N/A,N/A
242,1770298399123,Sentence shown,HF_70_A,,,,N/A,N/A,N/A,N/A,N/A,N/A,N/A
242,1770298403125,gap_time,N/A,,,,GapTime_799,N/A,N/A,N/A,N/A,N/A,N/A
242,1770298403927,Sentence shown,LVL_108_A,true,,true,N/A,N/A,N/A,N/A,N/A,N/A,N/A
242,1770298407929,gap_time,N/A,true,,true,GapTime_880,N/A,N/A,N/A,N/A,N/A,N/A
242,1770298408811,Sentence shown,HF_66_A,,,,N/A,N/A,N/A,N/A,N/A,N/A,N/A
242,1770298412813,gap_time,N/A,,,,GapTime_774,N/A,N/A,N/A,N/A,N/A,N/A
242,1770298413589,Sentence shown,HF_70_A,,true,true,N/A,N/A,N/A,N/A,N/A,N/A,N/A
242,1770298415037,Validation IR pressed,HF_70_A,,true,true,Spacebar,1,N/A,1448,N/A,N/A,N/A
242,1770298415037,IR pressed,HF_70_A,,true,true,Spacebar,1,N/A,1448,N/A,N/A,N/A
242,1770298415254,WR pressed,HF_70_A,,true,true,Yes,N/A,N/A,N/A,217,N/A,N/A
242,1770298415255,gap_time,N/A,,true,true,GapTime_1298,N/A,N/A,N/A,N/A,N/A,N/A
242,1770298416555,Sentence shown,HF_66_A,,true,true,N/A,N/A,N/A,N/A,N/A,N/A,N/A
242,1770298420557,Validation Missed,HF_66_A,,true,true,None,0,N/A,N/A,N/A,N/A,N/A
242,1770298420557,gap_time,N/A,,true,true,GapTime_954,N/A,N/A,N/A,N/A,N/A,N/A
242,1770298421513,Sentence shown,HF_77_A,,,,N/A,N/A,N/A,N/A,N/A,N/A,N/A
242,1770298425515,gap_time,N/A,,,,GapTime_759,N/A,N/A,N/A,N/A,N/A,N/A
242,1770298426277,Sentence shown,HVL_116_A,true,,,N/A,N/A,N/A,N/A,N/A,N/A,N/A
242,1770298430279,gap_time,N/A,true,,,GapTime_833,N/A,N/A,N/A,N/A,N/A,N/A
242,1770298431114,Sentence shown,HF_85_A,,,,N/A,N/A,N/A,N/A,N/A,N/A,N/A
242,1770298435115,gap_time,N/A,,,,GapTime_799,N/A,N/A,N/A,N/A,N/A,N/A
242,1770298435916,Sentence shown,LVH_100_P,true,,true,N/A,N/A,N/A,N/A,N/A,N/A,N/A
242,1770298437417,IR pressed,LVH_100_P,true,,true,Spacebar,1,N/A,1501,N/A,N/A,N/A
242,1770298437818,WR pressed,LVH_100_P,true,,true,Yes,N/A,1,N/A,401,N/A,N/A
242,1770298437818,gap_time,N/A,true,,true,GapTime_900,N/A,N/A,N/A,N/A,N/A,N/A
242,1770298438721,Sentence shown,HF_71_A,,,,N/A,N/A,N/A,N/A,N/A,N/A,N/A
242,1770298442722,gap_time,N/A,,,,GapTime_717,N/A,N/A,N/A,N/A,N/A,N/A
242,1770298443442,Sentence shown,HF_75_A,,,,N/A,N/A,N/A,N/A,N/A,N/A,N/A
242,1770298447444,gap_time,N/A,,,,GapTime_1160,N/A,N/A,N/A,N/A,N/A,N/A
242,1770298448606,Sentence shown,HF_96_A,,,,N/A,N/A,N/A,N/A,N/A,N/A,N/A
242,1770298452608,gap_time,N/A,,,,GapTime_1126,N/A,N/A,N/A,N/A,N/A,N/A
242,1770298453737,Sentence shown,LVL_138_A,true,,,N/A,N/A,N/A,N/A,N/A,N/A,N/A
242,1770298457739,gap_time,N/A,true,,,GapTime_829,N/A,N/A,N/A,N/A,N/A,N/A
242,1770298458570,Sentence shown,HF_75_A,,true,true,N/A,N/A,N/A,N/A,N/A,N/A,N/A
242,1770298459913,Validation IR pressed,HF_75_A,,true,true,Spacebar,1,N/A,1343,N/A,N/A,N/A
242,1770298459913,IR pressed,HF_75_A,,true,true,Spacebar,1,N/A,1343,N/A,N/A,N/A
242,1770298460277,WR pressed,HF_75_A,,true,true,Yes,N/A,N/A,N/A,364,N/A,N/A
242,1770298460277,gap_time,N/A,,true,true,GapTime_1014,N/A,N/A,N/A,N/A,N/A,N/A
242,1770298461294,Sentence shown,HVL_116_P,true,,true,N/A,N/A,N/A,N/A,N/A,N/A,N/A
242,1770298463110,IR pressed,HVL_116_P,true,,true,Spacebar,1,N/A,1816,N/A,N/A,N/A
242,1770298463467,WR pressed,HVL_116_P,true,,true,No,N/A,1,N/A,357,N/A,N/A
242,1770298463468,gap_time,N/A,true,,true,GapTime_1144,N/A,N/A,N/A,N/A,N/A,N/A
242,1770298464614,Sentence shown,HF_93_A,,,,N/A,N/A,N/A,N/A,N/A,N/A,N/A
242,1770298468616,gap_time,N/A,,,,GapTime_748,N/A,N/A,N/A,N/A,N/A,N/A
242,1770298469366,Sentence shown,LVL_138_P,true,,true,N/A,N/A,N/A,N/A,N/A,N/A,N/A
242,1770298470990,IR pressed,LVL_138_P,true,,true,Spacebar,1,N/A,1623,N/A,N/A,N/A
242,1770298472078,WR pressed,LVL_138_P,true,,true,No,N/A,1,N/A,1088,N/A,N/A
242,1770298472079,gap_time,N/A,true,,true,GapTime_744,N/A,N/A,N/A,N/A,N/A,N/A
242,1770298472825,Sentence shown,HF_93_A,,true,true,N/A,N/A,N/A,N/A,N/A,N/A,N/A
242,1770298473749,Validation IR pressed,HF_93_A,,true,true,Spacebar,1,N/A,924,N/A,N/A,N/A
242,1770298473749,IR pressed,HF_93_A,,true,true,Spacebar,1,N/A,924,N/A,N/A,N/A
242,1770298474169,WR pressed,HF_93_A,,true,true,Yes,N/A,N/A,N/A,420,N/A,N/A
242,1770298474169,gap_time,N/A,,true,true,GapTime_713,N/A,N/A,N/A,N/A,N/A,N/A
