participant_ID,Timestamp,Event,Stimulus,isTarget,isValidation,isRepeat,Button,Accuracy IR,Accuracy WR,Reaction_time_IR,Reaction_time_WR,CR_IR,CR_WR
262,1770405629705,Practice Sentence shown,HH_111_A,true,,,N/A,N/A,N/A,N/A,N/A,N/A,N/A
262,1770405635219,Practice Sentence shown,HL_55_A,,,,N/A,N/A,N/A,N/A,N/A,N/A,N/A
262,1770405640735,Practice Sentence shown,HL_91_A,,,,N/A,N/A,N/A,N/A,N/A,N/A,N/A
262,1770405646259,Practice Sentence shown,HH_102_A,true,,,N/A,N/A,N/A,N/A,N/A,N/A,N/A
262,1770405651773,Practice Sentence shown,HH_111_A,true,,true,N/A,N/A,N/A,N/A,N/A,N/A,N/A
262,1770405653199,Practice IR pressed,HH_111_A,true,,true,Spacebar,1,N/A,1426,N/A,N/A,N/A
262,1770405655093,Practice WR pressed,HH_111_A,true,,true,Yes,N/A,1,N/A,1894,N/A,N/A
262,1770405656610,Practice Sentence shown,HH_132_A,true,,,N/A,N/A,N/A,N/A,N/A,N/A,N/A
262,1770405662134,Practice Sentence shown,HL_48_A,,,,N/A,N/A,N/A,N/A,N/A,N/A,N/A
262,1770405667647,Practice Sentence shown,HL_105_A,,,,N/A,N/A,N/A,N/A,N/A,N/A,N/A
262,1770405673169,Practice Sentence shown,HL_79_A,,,,N/A,N/A,N/A,N/A,N/A,N/A,N/A
262,1770405676380,Practice IR pressed,HL_79_A,,,,Spacebar,0,N/A,3210,N/A,N/A,N/A
262,1770405679627,Practice Sentence shown,HH_102_P,true,,true,N/A,N/A,N/A,N/A,N/A,N/A,N/A
262,1770405681493,Practice IR pressed,HH_102_P,true,,true,Spacebar,1,N/A,1866,N/A,N/A,N/A
262,1770405684931,Practice WR pressed,HH_102_P,true,,true,Yes,N/A,0,N/A,3437,N/A,N/A
262,1770405688485,Practice Sentence shown,HH_132_A,true,,true,N/A,N/A,N/A,N/A,N/A,N/A,N/A
262,1770405689756,Practice IR pressed,HH_132_A,true,,true,Spacebar,1,N/A,1271,N/A,N/A,N/A
262,1770405690185,Practice WR pressed,HH_132_A,true,,true,Yes,N/A,1,N/A,429,N/A,N/A
262,1770405691702,Practice Sentence shown,HL_56_A,,,,N/A,N/A,N/A,N/A,N/A,N/A,N/A
262,1770405697227,Practice Sentence shown,HH_135_A,true,,,N/A,N/A,N/A,N/A,N/A,N/A,N/A
262,1770405702749,Practice Sentence shown,HL_14_A,,,,N/A,N/A,N/A,N/A,N/A,N/A,N/A
262,1770405708275,Practice Sentence shown,HH_130_A,true,,,N/A,N/A,N/A,N/A,N/A,N/A,N/A
262,1770405713798,Practice Sentence shown,HL_87_A,,,,N/A,N/A,N/A,N/A,N/A,N/A,N/A
262,1770405716031,Practice IR pressed,HL_87_A,,,,Spacebar,0,N/A,2233,N/A,N/A,N/A
262,1770405719133,Practice Sentence shown,HH_135_P,true,,true,N/A,N/A,N/A,N/A,N/A,N/A,N/A
262,1770405721622,Practice IR pressed,HH_135_P,true,,true,Spacebar,1,N/A,2489,N/A,N/A,N/A
262,1770405722518,Practice WR pressed,HH_135_P,true,,true,No,N/A,1,N/A,895,N/A,N/A
262,1770405724029,Practice Sentence shown,HL_9_A,,,,N/A,N/A,N/A,N/A,N/A,N/A,N/A
262,1770405726834,Practice IR pressed,HL_9_A,,,,Spacebar,0,N/A,2805,N/A,N/A,N/A
262,1770405728193,Practice Sentence shown,HL_1_A,,,,N/A,N/A,N/A,N/A,N/A,N/A,N/A
262,1770405733723,Practice Sentence shown,HH_130_P,true,,true,N/A,N/A,N/A,N/A,N/A,N/A,N/A
262,1770405735757,Practice IR pressed,HH_130_P,true,,true,Spacebar,1,N/A,2034,N/A,N/A,N/A
262,1770405736356,Practice WR pressed,HH_130_P,true,,true,Yes,N/A,0,N/A,599,N/A,N/A
262,1770405759310,Sentence shown,HVL_138_A,true,,,N/A,N/A,N/A,N/A,N/A,N/A,N/A
262,1770405763313,gap_time,N/A,true,,,GapTime_1099,N/A,N/A,N/A,N/A,N/A,N/A
262,1770405764427,Sentence shown,HF_5_A,,,,N/A,N/A,N/A,N/A,N/A,N/A,N/A
262,1770405768438,gap_time,N/A,,,,GapTime_1295,N/A,N/A,N/A,N/A,N/A,N/A
262,1770405769749,Sentence shown,HF_14_A,,,,N/A,N/A,N/A,N/A,N/A,N/A,N/A
262,1770405773753,gap_time,N/A,,,,GapTime_899,N/A,N/A,N/A,N/A,N/A,N/A
262,1770405774664,Sentence shown,HF_5_A,,true,true,N/A,N/A,N/A,N/A,N/A,N/A,N/A
262,1770405777300,Validation IR pressed,HF_5_A,,true,true,Spacebar,1,N/A,2636,N/A,N/A,N/A
262,1770405777300,IR pressed,HF_5_A,,true,true,Spacebar,1,N/A,2636,N/A,N/A,N/A
262,1770405779472,WR pressed,HF_5_A,,true,true,Yes,N/A,N/A,N/A,2172,N/A,N/A
262,1770405779473,gap_time,N/A,,true,true,GapTime_859,N/A,N/A,N/A,N/A,N/A,N/A
262,1770405780333,Sentence shown,HVL_161_P,true,,,N/A,N/A,N/A,N/A,N/A,N/A,N/A
262,1770405784344,gap_time,N/A,true,,,GapTime_815,N/A,N/A,N/A,N/A,N/A,N/A
262,1770405785167,Sentence shown,HF_32_A,,,,N/A,N/A,N/A,N/A,N/A,N/A,N/A
262,1770405789169,gap_time,N/A,,,,GapTime_1068,N/A,N/A,N/A,N/A,N/A,N/A
262,1770405790242,Sentence shown,HF_25_A,,,,N/A,N/A,N/A,N/A,N/A,N/A,N/A
262,1770405794258,gap_time,N/A,,,,GapTime_1176,N/A,N/A,N/A,N/A,N/A,N/A
262,1770405795438,Sentence shown,HF_25_A,,true,true,N/A,N/A,N/A,N/A,N/A,N/A,N/A
262,1770405796597,Validation IR pressed,HF_25_A,,true,true,Spacebar,1,N/A,1159,N/A,N/A,N/A
262,1770405796597,IR pressed,HF_25_A,,true,true,Spacebar,1,N/A,1159,N/A,N/A,N/A
262,1770405797099,WR pressed,HF_25_A,,true,true,Yes,N/A,N/A,N/A,502,N/A,N/A
262,1770405797100,gap_time,N/A,,true,true,GapTime_740,N/A,N/A,N/A,N/A,N/A,N/A
262,1770405797849,Sentence shown,HF_4_A,,,,N/A,N/A,N/A,N/A,N/A,N/A,N/A
262,1770405801859,gap_time,N/A,,,,GapTime_1205,N/A,N/A,N/A,N/A,N/A,N/A
262,1770405803065,Sentence shown,HF_4_A,,true,true,N/A,N/A,N/A,N/A,N/A,N/A,N/A
262,1770405803984,Validation IR pressed,HF_4_A,,true,true,Spacebar,1,N/A,919,N/A,N/A,N/A
262,1770405803984,IR pressed,HF_4_A,,true,true,Spacebar,1,N/A,919,N/A,N/A,N/A
262,1770405804372,WR pressed,HF_4_A,,true,true,Yes,N/A,N/A,N/A,388,N/A,N/A
262,1770405804373,gap_time,N/A,,true,true,GapTime_1240,N/A,N/A,N/A,N/A,N/A,N/A
262,1770405805626,Sentence shown,HH_153_P,true,,,N/A,N/A,N/A,N/A,N/A,N/A,N/A
262,1770405809642,gap_time,N/A,true,,,GapTime_865,N/A,N/A,N/A,N/A,N/A,N/A
262,1770405810509,Sentence shown,HVL_138_P,true,,true,N/A,N/A,N/A,N/A,N/A,N/A,N/A
262,1770405814510,gap_time,N/A,true,,true,GapTime_1011,N/A,N/A,N/A,N/A,N/A,N/A
262,1770405815530,Sentence shown,HVL_161_P,true,,true,N/A,N/A,N/A,N/A,N/A,N/A,N/A
262,1770405817227,IR pressed,HVL_161_P,true,,true,Spacebar,1,N/A,1697,N/A,N/A,N/A
262,1770405817688,WR pressed,HVL_161_P,true,,true,Yes,N/A,1,N/A,461,N/A,N/A
262,1770405817689,gap_time,N/A,true,,true,GapTime_848,N/A,N/A,N/A,N/A,N/A,N/A
262,1770405818552,Sentence shown,HH_152_A,true,,,N/A,N/A,N/A,N/A,N/A,N/A,N/A
262,1770405822562,gap_time,N/A,true,,,GapTime_745,N/A,N/A,N/A,N/A,N/A,N/A
262,1770405823314,Sentence shown,HF_21_A,,,,N/A,N/A,N/A,N/A,N/A,N/A,N/A
262,1770405827331,gap_time,N/A,,,,GapTime_815,N/A,N/A,N/A,N/A,N/A,N/A
262,1770405828149,Sentence shown,HF_13_A,,,,N/A,N/A,N/A,N/A,N/A,N/A,N/A
262,1770405832166,gap_time,N/A,,,,GapTime_988,N/A,N/A,N/A,N/A,N/A,N/A
262,1770405833167,Sentence shown,HF_21_A,,true,true,N/A,N/A,N/A,N/A,N/A,N/A,N/A
262,1770405834613,Validation IR pressed,HF_21_A,,true,true,Spacebar,1,N/A,1446,N/A,N/A,N/A
262,1770405834613,IR pressed,HF_21_A,,true,true,Spacebar,1,N/A,1446,N/A,N/A,N/A
262,1770405835017,WR pressed,HF_21_A,,true,true,Yes,N/A,N/A,N/A,404,N/A,N/A
262,1770405835018,gap_time,N/A,,true,true,GapTime_1214,N/A,N/A,N/A,N/A,N/A,N/A
262,1770405836242,Sentence shown,HF_13_A,,true,true,N/A,N/A,N/A,N/A,N/A,N/A,N/A
262,1770405840247,Validation Missed,HF_13_A,,true,true,None,0,N/A,N/A,N/A,N/A,N/A
262,1770405840248,gap_time,N/A,,true,true,GapTime_870,N/A,N/A,N/A,N/A,N/A,N/A
262,1770405841129,Sentence shown,HF_12_A,,,,N/A,N/A,N/A,N/A,N/A,N/A,N/A
262,1770405845145,gap_time,N/A,,,,GapTime_811,N/A,N/A,N/A,N/A,N/A,N/A
262,1770405845969,Sentence shown,HVL_163_A,true,,,N/A,N/A,N/A,N/A,N/A,N/A,N/A
262,1770405849983,gap_time,N/A,true,,,GapTime_1246,N/A,N/A,N/A,N/A,N/A,N/A
262,1770405851239,Sentence shown,HH_188_A,true,,,N/A,N/A,N/A,N/A,N/A,N/A,N/A
262,1770405855247,gap_time,N/A,true,,,GapTime_924,N/A,N/A,N/A,N/A,N/A,N/A
262,1770405856176,Sentence shown,HH_153_A,true,,true,N/A,N/A,N/A,N/A,N/A,N/A,N/A
262,1770405857816,IR pressed,HH_153_A,true,,true,Spacebar,1,N/A,1640,N/A,N/A,N/A
262,1770405859811,WR pressed,HH_153_A,true,,true,Yes,N/A,0,N/A,1995,N/A,N/A
262,1770405859812,gap_time,N/A,true,,true,GapTime_828,N/A,N/A,N/A,N/A,N/A,N/A
262,1770405860646,Sentence shown,LVL_113_A,true,,,N/A,N/A,N/A,N/A,N/A,N/A,N/A
262,1770405864663,gap_time,N/A,true,,,GapTime_820,N/A,N/A,N/A,N/A,N/A,N/A
262,1770405865501,Sentence shown,HH_152_A,true,,true,N/A,N/A,N/A,N/A,N/A,N/A,N/A
262,1770405867986,IR pressed,HH_152_A,true,,true,Spacebar,1,N/A,2485,N/A,N/A,N/A
262,1770405868468,WR pressed,HH_152_A,true,,true,No,N/A,0,N/A,482,N/A,N/A
262,1770405868469,gap_time,N/A,true,,true,GapTime_715,N/A,N/A,N/A,N/A,N/A,N/A
262,1770405869191,Sentence shown,HF_18_A,,,,N/A,N/A,N/A,N/A,N/A,N/A,N/A
262,1770405873200,gap_time,N/A,,,,GapTime_1041,N/A,N/A,N/A,N/A,N/A,N/A
262,1770405874249,Sentence shown,HF_16_A,,,,N/A,N/A,N/A,N/A,N/A,N/A,N/A
262,1770405878264,gap_time,N/A,,,,GapTime_1288,N/A,N/A,N/A,N/A,N/A,N/A
262,1770405879565,Sentence shown,HF_27_A,,,,N/A,N/A,N/A,N/A,N/A,N/A,N/A
262,1770405881740,Validation Wrong IR pressed,HF_27_A,,,,Spacebar,0,N/A,2175,N/A,N/A,N/A
262,1770405881740,IR pressed,HF_27_A,,,,Spacebar,0,N/A,2175,N/A,N/A,N/A
262,1770405882847,WR pressed,HF_27_A,,,,Yes,N/A,N/A,N/A,1107,N/A,N/A
262,1770405882848,gap_time,N/A,,,,GapTime_739,N/A,N/A,N/A,N/A,N/A,N/A
262,1770405883597,Sentence shown,HF_16_A,,true,true,N/A,N/A,N/A,N/A,N/A,N/A,N/A
262,1770405885122,Validation IR pressed,HF_16_A,,true,true,Spacebar,1,N/A,1525,N/A,N/A,N/A
262,1770405885122,IR pressed,HF_16_A,,true,true,Spacebar,1,N/A,1525,N/A,N/A,N/A
262,1770405885682,WR pressed,HF_16_A,,true,true,Yes,N/A,N/A,N/A,560,N/A,N/A
262,1770405885684,gap_time,N/A,,true,true,GapTime_881,N/A,N/A,N/A,N/A,N/A,N/A
262,1770405886574,Sentence shown,LVL_133_P,true,,,N/A,N/A,N/A,N/A,N/A,N/A,N/A
262,1770405890580,gap_time,N/A,true,,,GapTime_957,N/A,N/A,N/A,N/A,N/A,N/A
262,1770405891548,Sentence shown,HVL_163_A,true,,true,N/A,N/A,N/A,N/A,N/A,N/A,N/A
262,1770405893756,IR pressed,HVL_163_A,true,,true,Spacebar,1,N/A,2208,N/A,N/A,N/A
262,1770405894051,WR pressed,HVL_163_A,true,,true,Yes,N/A,1,N/A,295,N/A,N/A
262,1770405894052,gap_time,N/A,true,,true,GapTime_990,N/A,N/A,N/A,N/A,N/A,N/A
262,1770405895045,Sentence shown,HH_188_P,true,,true,N/A,N/A,N/A,N/A,N/A,N/A,N/A
262,1770405896607,IR pressed,HH_188_P,true,,true,Spacebar,1,N/A,1562,N/A,N/A,N/A
262,1770405897718,WR pressed,HH_188_P,true,,true,No,N/A,1,N/A,1110,N/A,N/A
262,1770405897718,gap_time,N/A,true,,true,GapTime_854,N/A,N/A,N/A,N/A,N/A,N/A
262,1770405898586,Sentence shown,HF_2_A,,,,N/A,N/A,N/A,N/A,N/A,N/A,N/A
262,1770405902594,gap_time,N/A,,,,GapTime_932,N/A,N/A,N/A,N/A,N/A,N/A
262,1770405903542,Sentence shown,HF_29_A,,,,N/A,N/A,N/A,N/A,N/A,N/A,N/A
262,1770405907544,gap_time,N/A,,,,GapTime_965,N/A,N/A,N/A,N/A,N/A,N/A
262,1770405908519,Sentence shown,LVL_113_P,true,,true,N/A,N/A,N/A,N/A,N/A,N/A,N/A
262,1770405911215,IR pressed,LVL_113_P,true,,true,Spacebar,1,N/A,2696,N/A,N/A,N/A
262,1770405912589,WR pressed,LVL_113_P,true,,true,No,N/A,1,N/A,1374,N/A,N/A
262,1770405912590,gap_time,N/A,true,,true,GapTime_1027,N/A,N/A,N/A,N/A,N/A,N/A
262,1770405913619,Sentence shown,LVH_149_A,true,,,N/A,N/A,N/A,N/A,N/A,N/A,N/A
262,1770405917624,gap_time,N/A,true,,,GapTime_902,N/A,N/A,N/A,N/A,N/A,N/A
262,1770405918542,Sentence shown,HH_166_P,true,,,N/A,N/A,N/A,N/A,N/A,N/A,N/A
262,1770405922550,gap_time,N/A,true,,,GapTime_723,N/A,N/A,N/A,N/A,N/A,N/A
262,1770405923276,Sentence shown,HF_9_A,,,,N/A,N/A,N/A,N/A,N/A,N/A,N/A
262,1770405927082,Validation Wrong IR pressed,HF_9_A,,,,Spacebar,0,N/A,3806,N/A,N/A,N/A
262,1770405927082,IR pressed,HF_9_A,,,,Spacebar,0,N/A,3806,N/A,N/A,N/A
262,1770405927991,WR pressed,HF_9_A,,,,No,N/A,N/A,N/A,909,N/A,N/A
262,1770405927991,gap_time,N/A,,,,GapTime_723,N/A,N/A,N/A,N/A,N/A,N/A
262,1770405928723,Sentence shown,HF_10_A,,,,N/A,N/A,N/A,N/A,N/A,N/A,N/A
262,1770405932733,gap_time,N/A,,,,GapTime_944,N/A,N/A,N/A,N/A,N/A,N/A
262,1770405933684,Sentence shown,HF_17_A,,,,N/A,N/A,N/A,N/A,N/A,N/A,N/A
262,1770405937693,gap_time,N/A,,,,GapTime_1076,N/A,N/A,N/A,N/A,N/A,N/A
262,1770405938779,Sentence shown,LVL_133_P,true,,true,N/A,N/A,N/A,N/A,N/A,N/A,N/A
262,1770405941358,IR pressed,LVL_133_P,true,,true,Spacebar,1,N/A,2579,N/A,N/A,N/A
262,1770405941832,WR pressed,LVL_133_P,true,,true,Yes,N/A,1,N/A,474,N/A,N/A
262,1770405941833,gap_time,N/A,true,,true,GapTime_1087,N/A,N/A,N/A,N/A,N/A,N/A
262,1770405942936,Sentence shown,LVH_149_P,true,,true,N/A,N/A,N/A,N/A,N/A,N/A,N/A
262,1770405945296,IR pressed,LVH_149_P,true,,true,Spacebar,1,N/A,2360,N/A,N/A,N/A
262,1770405946012,WR pressed,LVH_149_P,true,,true,No,N/A,1,N/A,716,N/A,N/A
262,1770405946013,gap_time,N/A,true,,true,GapTime_952,N/A,N/A,N/A,N/A,N/A,N/A
262,1770405946970,Sentence shown,HF_19_A,,,,N/A,N/A,N/A,N/A,N/A,N/A,N/A
262,1770405950977,gap_time,N/A,,,,GapTime_1287,N/A,N/A,N/A,N/A,N/A,N/A
262,1770405952280,Sentence shown,HF_11_A,,,,N/A,N/A,N/A,N/A,N/A,N/A,N/A
262,1770405955765,Validation Wrong IR pressed,HF_11_A,,,,Spacebar,0,N/A,3485,N/A,N/A,N/A
262,1770405955765,IR pressed,HF_11_A,,,,Spacebar,0,N/A,3485,N/A,N/A,N/A
262,1770405956495,WR pressed,HF_11_A,,,,Yes,N/A,N/A,N/A,730,N/A,N/A
262,1770405956496,gap_time,N/A,,,,GapTime_969,N/A,N/A,N/A,N/A,N/A,N/A
262,1770405957474,Sentence shown,HF_11_A,,true,true,N/A,N/A,N/A,N/A,N/A,N/A,N/A
262,1770405958917,Validation IR pressed,HF_11_A,,true,true,Spacebar,1,N/A,1443,N/A,N/A,N/A
262,1770405958917,IR pressed,HF_11_A,,true,true,Spacebar,1,N/A,1443,N/A,N/A,N/A
262,1770405959332,WR pressed,HF_11_A,,true,true,Yes,N/A,N/A,N/A,415,N/A,N/A
262,1770405959332,gap_time,N/A,,true,true,GapTime_1176,N/A,N/A,N/A,N/A,N/A,N/A
262,1770405960509,Sentence shown,HF_30_A,,,,N/A,N/A,N/A,N/A,N/A,N/A,N/A
262,1770405964516,gap_time,N/A,,,,GapTime_943,N/A,N/A,N/A,N/A,N/A,N/A
262,1770405965466,Sentence shown,HH_166_P,true,,true,N/A,N/A,N/A,N/A,N/A,N/A,N/A
262,1770405967833,IR pressed,HH_166_P,true,,true,Spacebar,1,N/A,2367,N/A,N/A,N/A
262,1770405968203,WR pressed,HH_166_P,true,,true,Yes,N/A,1,N/A,370,N/A,N/A
262,1770405968204,gap_time,N/A,true,,true,GapTime_842,N/A,N/A,N/A,N/A,N/A,N/A
262,1770405969060,Sentence shown,HF_1_A,,,,N/A,N/A,N/A,N/A,N/A,N/A,N/A
262,1770405973062,gap_time,N/A,,,,GapTime_947,N/A,N/A,N/A,N/A,N/A,N/A
262,1770405974011,Sentence shown,HF_22_A,,,,N/A,N/A,N/A,N/A,N/A,N/A,N/A
262,1770405978019,gap_time,N/A,,,,GapTime_1182,N/A,N/A,N/A,N/A,N/A,N/A
262,1770405979211,Sentence shown,LVH_100_P,true,,,N/A,N/A,N/A,N/A,N/A,N/A,N/A
262,1770405983223,gap_time,N/A,true,,,GapTime_1002,N/A,N/A,N/A,N/A,N/A,N/A
262,1770405984234,Sentence shown,HF_23_A,,,,N/A,N/A,N/A,N/A,N/A,N/A,N/A
262,1770405988251,gap_time,N/A,,,,GapTime_1097,N/A,N/A,N/A,N/A,N/A,N/A
262,1770405989356,Sentence shown,LVL_128_A,true,,,N/A,N/A,N/A,N/A,N/A,N/A,N/A
262,1770405993359,gap_time,N/A,true,,,GapTime_1273,N/A,N/A,N/A,N/A,N/A,N/A
262,1770405994641,Sentence shown,HF_31_A,,,,N/A,N/A,N/A,N/A,N/A,N/A,N/A
262,1770405998649,gap_time,N/A,,,,GapTime_1013,N/A,N/A,N/A,N/A,N/A,N/A
262,1770405999668,Sentence shown,HF_23_A,,true,true,N/A,N/A,N/A,N/A,N/A,N/A,N/A
262,1770406001248,Validation IR pressed,HF_23_A,,true,true,Spacebar,1,N/A,1580,N/A,N/A,N/A
262,1770406001248,IR pressed,HF_23_A,,true,true,Spacebar,1,N/A,1580,N/A,N/A,N/A
262,1770406001559,WR pressed,HF_23_A,,true,true,Yes,N/A,N/A,N/A,311,N/A,N/A
262,1770406001559,gap_time,N/A,,true,true,GapTime_781,N/A,N/A,N/A,N/A,N/A,N/A
262,1770406002357,Sentence shown,HVL_106_P,true,,,N/A,N/A,N/A,N/A,N/A,N/A,N/A
262,1770406006360,gap_time,N/A,true,,,GapTime_1105,N/A,N/A,N/A,N/A,N/A,N/A
262,1770406007477,Sentence shown,LVH_151_A,true,,,N/A,N/A,N/A,N/A,N/A,N/A,N/A
262,1770406011488,gap_time,N/A,true,,,GapTime_958,N/A,N/A,N/A,N/A,N/A,N/A
262,1770406012455,Sentence shown,HF_26_A,,,,N/A,N/A,N/A,N/A,N/A,N/A,N/A
262,1770406015488,Validation Wrong IR pressed,HF_26_A,,,,Spacebar,0,N/A,3033,N/A,N/A,N/A
262,1770406015488,IR pressed,HF_26_A,,,,Spacebar,0,N/A,3033,N/A,N/A,N/A
262,1770406015906,WR pressed,HF_26_A,,,,Yes,N/A,N/A,N/A,418,N/A,N/A
262,1770406015907,gap_time,N/A,,,,GapTime_819,N/A,N/A,N/A,N/A,N/A,N/A
262,1770406016742,Sentence shown,HF_6_A,,,,N/A,N/A,N/A,N/A,N/A,N/A,N/A
262,1770406020745,gap_time,N/A,,,,GapTime_977,N/A,N/A,N/A,N/A,N/A,N/A
262,1770406021736,Sentence shown,HF_6_A,,true,true,N/A,N/A,N/A,N/A,N/A,N/A,N/A
262,1770406023025,Validation IR pressed,HF_6_A,,true,true,Spacebar,1,N/A,1289,N/A,N/A,N/A
262,1770406023025,IR pressed,HF_6_A,,true,true,Spacebar,1,N/A,1289,N/A,N/A,N/A
262,1770406023309,WR pressed,HF_6_A,,true,true,Yes,N/A,N/A,N/A,284,N/A,N/A
262,1770406023309,gap_time,N/A,,true,true,GapTime_934,N/A,N/A,N/A,N/A,N/A,N/A
262,1770406024257,Sentence shown,LVH_100_A,true,,true,N/A,N/A,N/A,N/A,N/A,N/A,N/A
262,1770406027164,IR pressed,LVH_100_A,true,,true,Spacebar,1,N/A,2907,N/A,N/A,N/A
262,1770406027568,WR pressed,LVH_100_A,true,,true,No,N/A,1,N/A,404,N/A,N/A
262,1770406027568,gap_time,N/A,true,,true,GapTime_1042,N/A,N/A,N/A,N/A,N/A,N/A
262,1770406028621,Sentence shown,HF_33_A,,,,N/A,N/A,N/A,N/A,N/A,N/A,N/A
262,1770406032628,gap_time,N/A,,,,GapTime_1298,N/A,N/A,N/A,N/A,N/A,N/A
262,1770406033939,Sentence shown,HF_7_A,,,,N/A,N/A,N/A,N/A,N/A,N/A,N/A
262,1770406037950,gap_time,N/A,,,,GapTime_750,N/A,N/A,N/A,N/A,N/A,N/A
262,1770406038706,Sentence shown,LVL_128_A,true,,true,N/A,N/A,N/A,N/A,N/A,N/A,N/A
262,1770406040239,IR pressed,LVL_128_A,true,,true,Spacebar,1,N/A,1533,N/A,N/A,N/A
262,1770406040531,WR pressed,LVL_128_A,true,,true,Yes,N/A,1,N/A,292,N/A,N/A
262,1770406040532,gap_time,N/A,true,,true,GapTime_766,N/A,N/A,N/A,N/A,N/A,N/A
262,1770406041306,Sentence shown,HF_20_A,,,,N/A,N/A,N/A,N/A,N/A,N/A,N/A
262,1770406045319,gap_time,N/A,,,,GapTime_857,N/A,N/A,N/A,N/A,N/A,N/A
262,1770406046188,Sentence shown,HF_20_A,,true,true,N/A,N/A,N/A,N/A,N/A,N/A,N/A
262,1770406047150,Validation IR pressed,HF_20_A,,true,true,Spacebar,1,N/A,962,N/A,N/A,N/A
262,1770406047150,IR pressed,HF_20_A,,true,true,Spacebar,1,N/A,962,N/A,N/A,N/A
262,1770406047366,WR pressed,HF_20_A,,true,true,Yes,N/A,N/A,N/A,216,N/A,N/A
262,1770406047367,gap_time,N/A,,true,true,GapTime_1110,N/A,N/A,N/A,N/A,N/A,N/A
262,1770406048494,Sentence shown,LVL_127_P,true,,,N/A,N/A,N/A,N/A,N/A,N/A,N/A
262,1770406052499,gap_time,N/A,true,,,GapTime_1135,N/A,N/A,N/A,N/A,N/A,N/A
262,1770406053650,Sentence shown,HVL_106_A,true,,true,N/A,N/A,N/A,N/A,N/A,N/A,N/A
262,1770406057660,gap_time,N/A,true,,true,GapTime_1018,N/A,N/A,N/A,N/A,N/A,N/A
262,1770406058688,Sentence shown,LVH_151_A,true,,true,N/A,N/A,N/A,N/A,N/A,N/A,N/A
262,1770406061122,IR pressed,LVH_151_A,true,,true,Spacebar,1,N/A,2434,N/A,N/A,N/A
262,1770406061603,WR pressed,LVH_151_A,true,,true,Yes,N/A,1,N/A,481,N/A,N/A
262,1770406061603,gap_time,N/A,true,,true,GapTime_1278,N/A,N/A,N/A,N/A,N/A,N/A
262,1770406062896,Sentence shown,HF_24_A,,,,N/A,N/A,N/A,N/A,N/A,N/A,N/A
262,1770406066900,gap_time,N/A,,,,GapTime_1163,N/A,N/A,N/A,N/A,N/A,N/A
262,1770406068074,Sentence shown,HF_15_A,,,,N/A,N/A,N/A,N/A,N/A,N/A,N/A
262,1770406072078,gap_time,N/A,,,,GapTime_887,N/A,N/A,N/A,N/A,N/A,N/A
262,1770406072978,Sentence shown,HF_8_A,,,,N/A,N/A,N/A,N/A,N/A,N/A,N/A
262,1770406076989,gap_time,N/A,,,,GapTime_1037,N/A,N/A,N/A,N/A,N/A,N/A
262,1770406078037,Sentence shown,HF_28_A,,,,N/A,N/A,N/A,N/A,N/A,N/A,N/A
262,1770406082051,gap_time,N/A,,,,GapTime_1271,N/A,N/A,N/A,N/A,N/A,N/A
262,1770406083327,Sentence shown,LVL_127_A,true,,true,N/A,N/A,N/A,N/A,N/A,N/A,N/A
262,1770406087333,gap_time,N/A,true,,true,GapTime_1273,N/A,N/A,N/A,N/A,N/A,N/A
262,1770406088613,Sentence shown,LVH_139_P,true,,,N/A,N/A,N/A,N/A,N/A,N/A,N/A
262,1770406092621,gap_time,N/A,true,,,GapTime_765,N/A,N/A,N/A,N/A,N/A,N/A
262,1770406093403,Sentence shown,LVH_139_P,true,,true,N/A,N/A,N/A,N/A,N/A,N/A,N/A
262,1770406094437,IR pressed,LVH_139_P,true,,true,Spacebar,1,N/A,1034,N/A,N/A,N/A
262,1770406094749,WR pressed,LVH_139_P,true,,true,Yes,N/A,1,N/A,312,N/A,N/A
262,1770406094750,gap_time,N/A,true,,true,GapTime_929,N/A,N/A,N/A,N/A,N/A,N/A
262,1770406095691,Rest Phase started,N/A,true,,true,Rest,N/A,N/A,N/A,N/A,N/A,N/A
262,1770406121943,Sentence shown,HVL_107_P,true,,,N/A,N/A,N/A,N/A,N/A,N/A,N/A
262,1770406125948,gap_time,N/A,true,,,GapTime_1263,N/A,N/A,N/A,N/A,N/A,N/A
262,1770406127222,Sentence shown,HF_46_A,,,,N/A,N/A,N/A,N/A,N/A,N/A,N/A
262,1770406131238,gap_time,N/A,,,,GapTime_1004,N/A,N/A,N/A,N/A,N/A,N/A
262,1770406132254,Sentence shown,LVH_126_P,true,,,N/A,N/A,N/A,N/A,N/A,N/A,N/A
262,1770406136267,gap_time,N/A,true,,,GapTime_1147,N/A,N/A,N/A,N/A,N/A,N/A
262,1770406137430,Sentence shown,HF_40_A,,,,N/A,N/A,N/A,N/A,N/A,N/A,N/A
262,1770406141448,gap_time,N/A,,,,GapTime_924,N/A,N/A,N/A,N/A,N/A,N/A
262,1770406142384,Sentence shown,HF_65_A,,,,N/A,N/A,N/A,N/A,N/A,N/A,N/A
262,1770406146391,gap_time,N/A,,,,GapTime_855,N/A,N/A,N/A,N/A,N/A,N/A
262,1770406147249,Sentence shown,HF_39_A,,,,N/A,N/A,N/A,N/A,N/A,N/A,N/A
262,1770406151251,gap_time,N/A,,,,GapTime_809,N/A,N/A,N/A,N/A,N/A,N/A
262,1770406152063,Sentence shown,HVL_107_P,true,,true,N/A,N/A,N/A,N/A,N/A,N/A,N/A
262,1770406154120,IR pressed,HVL_107_P,true,,true,Spacebar,1,N/A,2057,N/A,N/A,N/A
262,1770406155010,WR pressed,HVL_107_P,true,,true,Yes,N/A,1,N/A,890,N/A,N/A
262,1770406155010,gap_time,N/A,true,,true,GapTime_956,N/A,N/A,N/A,N/A,N/A,N/A
262,1770406155968,Sentence shown,HF_60_A,,,,N/A,N/A,N/A,N/A,N/A,N/A,N/A
262,1770406159973,gap_time,N/A,,,,GapTime_1117,N/A,N/A,N/A,N/A,N/A,N/A
262,1770406161108,Sentence shown,HF_37_A,,,,N/A,N/A,N/A,N/A,N/A,N/A,N/A
262,1770406165109,gap_time,N/A,,,,GapTime_754,N/A,N/A,N/A,N/A,N/A,N/A
262,1770406165877,Sentence shown,HF_60_A,,true,true,N/A,N/A,N/A,N/A,N/A,N/A,N/A
262,1770406168355,Validation IR pressed,HF_60_A,,true,true,Spacebar,1,N/A,2478,N/A,N/A,N/A
262,1770406168355,IR pressed,HF_60_A,,true,true,Spacebar,1,N/A,2478,N/A,N/A,N/A
262,1770406168551,WR pressed,HF_60_A,,true,true,Yes,N/A,N/A,N/A,196,N/A,N/A
262,1770406168552,gap_time,N/A,,true,true,GapTime_1091,N/A,N/A,N/A,N/A,N/A,N/A
262,1770406169660,Sentence shown,HH_180_A,true,,,N/A,N/A,N/A,N/A,N/A,N/A,N/A
262,1770406173668,gap_time,N/A,true,,,GapTime_721,N/A,N/A,N/A,N/A,N/A,N/A
262,1770406174402,Sentence shown,LVH_126_P,true,,true,N/A,N/A,N/A,N/A,N/A,N/A,N/A
262,1770406175589,IR pressed,LVH_126_P,true,,true,Spacebar,1,N/A,1187,N/A,N/A,N/A
262,1770406175795,WR pressed,LVH_126_P,true,,true,Yes,N/A,1,N/A,206,N/A,N/A
262,1770406175795,gap_time,N/A,true,,true,GapTime_1279,N/A,N/A,N/A,N/A,N/A,N/A
262,1770406177076,Sentence shown,HF_56_A,,,,N/A,N/A,N/A,N/A,N/A,N/A,N/A
262,1770406181080,gap_time,N/A,,,,GapTime_1266,N/A,N/A,N/A,N/A,N/A,N/A
262,1770406182351,Sentence shown,HF_34_A,,,,N/A,N/A,N/A,N/A,N/A,N/A,N/A
262,1770406185029,Validation Wrong IR pressed,HF_34_A,,,,Spacebar,0,N/A,2678,N/A,N/A,N/A
262,1770406185029,IR pressed,HF_34_A,,,,Spacebar,0,N/A,2678,N/A,N/A,N/A
262,1770406185261,WR pressed,HF_34_A,,,,Yes,N/A,N/A,N/A,232,N/A,N/A
262,1770406185261,gap_time,N/A,,,,GapTime_771,N/A,N/A,N/A,N/A,N/A,N/A
262,1770406186049,Sentence shown,HF_54_A,,,,N/A,N/A,N/A,N/A,N/A,N/A,N/A
262,1770406190061,gap_time,N/A,,,,GapTime_734,N/A,N/A,N/A,N/A,N/A,N/A
262,1770406190807,Sentence shown,HH_180_P,true,,true,N/A,N/A,N/A,N/A,N/A,N/A,N/A
262,1770406192721,IR pressed,HH_180_P,true,,true,Spacebar,1,N/A,1914,N/A,N/A,N/A
262,1770406193066,WR pressed,HH_180_P,true,,true,No,N/A,1,N/A,345,N/A,N/A
262,1770406193066,gap_time,N/A,true,,true,GapTime_1138,N/A,N/A,N/A,N/A,N/A,N/A
262,1770406194211,Sentence shown,LVH_104_A,true,,,N/A,N/A,N/A,N/A,N/A,N/A,N/A
262,1770406198223,gap_time,N/A,true,,,GapTime_1235,N/A,N/A,N/A,N/A,N/A,N/A
262,1770406199466,Sentence shown,HF_59_A,,,,N/A,N/A,N/A,N/A,N/A,N/A,N/A
262,1770406203477,gap_time,N/A,,,,GapTime_1264,N/A,N/A,N/A,N/A,N/A,N/A
262,1770406204745,Sentence shown,LVH_155_P,true,,,N/A,N/A,N/A,N/A,N/A,N/A,N/A
262,1770406208750,gap_time,N/A,true,,,GapTime_862,N/A,N/A,N/A,N/A,N/A,N/A
262,1770406209623,Sentence shown,HF_43_A,,,,N/A,N/A,N/A,N/A,N/A,N/A,N/A
262,1770406213639,gap_time,N/A,,,,GapTime_783,N/A,N/A,N/A,N/A,N/A,N/A
262,1770406214432,Sentence shown,HF_38_A,,,,N/A,N/A,N/A,N/A,N/A,N/A,N/A
262,1770406218445,gap_time,N/A,,,,GapTime_1064,N/A,N/A,N/A,N/A,N/A,N/A
262,1770406219510,Sentence shown,HF_38_A,,true,true,N/A,N/A,N/A,N/A,N/A,N/A,N/A
262,1770406220584,Validation IR pressed,HF_38_A,,true,true,Spacebar,1,N/A,1074,N/A,N/A,N/A
262,1770406220584,IR pressed,HF_38_A,,true,true,Spacebar,1,N/A,1074,N/A,N/A,N/A
262,1770406220867,WR pressed,HF_38_A,,true,true,Yes,N/A,N/A,N/A,283,N/A,N/A
262,1770406220867,gap_time,N/A,,true,true,GapTime_714,N/A,N/A,N/A,N/A,N/A,N/A
262,1770406221599,Sentence shown,HF_41_A,,,,N/A,N/A,N/A,N/A,N/A,N/A,N/A
262,1770406225605,gap_time,N/A,,,,GapTime_1034,N/A,N/A,N/A,N/A,N/A,N/A
262,1770406226647,Sentence shown,LVL_139_P,true,,,N/A,N/A,N/A,N/A,N/A,N/A,N/A
262,1770406230653,gap_time,N/A,true,,,GapTime_1128,N/A,N/A,N/A,N/A,N/A,N/A
262,1770406231794,Sentence shown,HF_41_A,,true,true,N/A,N/A,N/A,N/A,N/A,N/A,N/A
262,1770406233304,Validation IR pressed,HF_41_A,,true,true,Spacebar,1,N/A,1510,N/A,N/A,N/A
262,1770406233304,IR pressed,HF_41_A,,true,true,Spacebar,1,N/A,1510,N/A,N/A,N/A
262,1770406233561,WR pressed,HF_41_A,,true,true,Yes,N/A,N/A,N/A,257,N/A,N/A
262,1770406233562,gap_time,N/A,,true,true,GapTime_949,N/A,N/A,N/A,N/A,N/A,N/A
262,1770406234520,Sentence shown,HF_52_A,,,,N/A,N/A,N/A,N/A,N/A,N/A,N/A
262,1770406238525,gap_time,N/A,,,,GapTime_995,N/A,N/A,N/A,N/A,N/A,N/A
262,1770406239523,Sentence shown,LVH_155_A,true,,true,N/A,N/A,N/A,N/A,N/A,N/A,N/A
262,1770406240759,IR pressed,LVH_155_A,true,,true,Spacebar,1,N/A,1236,N/A,N/A,N/A
262,1770406240951,WR pressed,LVH_155_A,true,,true,Yes,N/A,0,N/A,192,N/A,N/A
262,1770406240951,gap_time,N/A,true,,true,GapTime_957,N/A,N/A,N/A,N/A,N/A,N/A
262,1770406241925,Sentence shown,HF_52_A,,true,true,N/A,N/A,N/A,N/A,N/A,N/A,N/A
262,1770406243542,Validation IR pressed,HF_52_A,,true,true,Spacebar,1,N/A,1617,N/A,N/A,N/A
262,1770406243542,IR pressed,HF_52_A,,true,true,Spacebar,1,N/A,1617,N/A,N/A,N/A
262,1770406243808,WR pressed,HF_52_A,,true,true,Yes,N/A,N/A,N/A,266,N/A,N/A
262,1770406243809,gap_time,N/A,,true,true,GapTime_815,N/A,N/A,N/A,N/A,N/A,N/A
262,1770406244640,Sentence shown,LVH_104_P,true,,true,N/A,N/A,N/A,N/A,N/A,N/A,N/A
262,1770406246962,IR pressed,LVH_104_P,true,,true,Spacebar,1,N/A,2322,N/A,N/A,N/A
262,1770406247352,WR pressed,LVH_104_P,true,,true,Yes,N/A,0,N/A,390,N/A,N/A
262,1770406247353,gap_time,N/A,true,,true,GapTime_1133,N/A,N/A,N/A,N/A,N/A,N/A
262,1770406248495,Sentence shown,LVL_144_P,true,,,N/A,N/A,N/A,N/A,N/A,N/A,N/A
262,1770406252509,gap_time,N/A,true,,,GapTime_871,N/A,N/A,N/A,N/A,N/A,N/A
262,1770406253388,Sentence shown,HF_55_A,,,,N/A,N/A,N/A,N/A,N/A,N/A,N/A
262,1770406257392,gap_time,N/A,,,,GapTime_1098,N/A,N/A,N/A,N/A,N/A,N/A
262,1770406258498,Sentence shown,HF_35_A,,,,N/A,N/A,N/A,N/A,N/A,N/A,N/A
262,1770406262507,gap_time,N/A,,,,GapTime_1067,N/A,N/A,N/A,N/A,N/A,N/A
262,1770406263582,Sentence shown,HF_42_A,,,,N/A,N/A,N/A,N/A,N/A,N/A,N/A
262,1770406267596,gap_time,N/A,,,,GapTime_747,N/A,N/A,N/A,N/A,N/A,N/A
262,1770406268348,Sentence shown,HF_35_A,,true,true,N/A,N/A,N/A,N/A,N/A,N/A,N/A
262,1770406272349,Validation Missed,HF_35_A,,true,true,None,0,N/A,N/A,N/A,N/A,N/A
262,1770406272349,gap_time,N/A,,true,true,GapTime_701,N/A,N/A,N/A,N/A,N/A,N/A
262,1770406273061,Sentence shown,LVL_139_A,true,,true,N/A,N/A,N/A,N/A,N/A,N/A,N/A
262,1770406277069,gap_time,N/A,true,,true,GapTime_1250,N/A,N/A,N/A,N/A,N/A,N/A
262,1770406278334,Sentence shown,LVH_106_A,true,,,N/A,N/A,N/A,N/A,N/A,N/A,N/A
262,1770406282344,gap_time,N/A,true,,,GapTime_1073,N/A,N/A,N/A,N/A,N/A,N/A
262,1770406283428,Sentence shown,HVL_104_A,true,,,N/A,N/A,N/A,N/A,N/A,N/A,N/A
262,1770406287435,gap_time,N/A,true,,,GapTime_1099,N/A,N/A,N/A,N/A,N/A,N/A
262,1770406288547,Sentence shown,LVL_144_P,true,,true,N/A,N/A,N/A,N/A,N/A,N/A,N/A
262,1770406291951,IR pressed,LVL_144_P,true,,true,Spacebar,1,N/A,3404,N/A,N/A,N/A
262,1770406292421,WR pressed,LVL_144_P,true,,true,No,N/A,0,N/A,470,N/A,N/A
262,1770406292421,gap_time,N/A,true,,true,GapTime_1157,N/A,N/A,N/A,N/A,N/A,N/A
262,1770406293581,Sentence shown,HVL_135_A,true,,,N/A,N/A,N/A,N/A,N/A,N/A,N/A
262,1770406297597,gap_time,N/A,true,,,GapTime_1143,N/A,N/A,N/A,N/A,N/A,N/A
262,1770406298744,Sentence shown,HH_148_P,true,,,N/A,N/A,N/A,N/A,N/A,N/A,N/A
262,1770406302760,gap_time,N/A,true,,,GapTime_1068,N/A,N/A,N/A,N/A,N/A,N/A
262,1770406303842,Sentence shown,HF_36_A,,,,N/A,N/A,N/A,N/A,N/A,N/A,N/A
262,1770406307847,gap_time,N/A,,,,GapTime_1245,N/A,N/A,N/A,N/A,N/A,N/A
262,1770406309096,Sentence shown,HF_62_A,,,,N/A,N/A,N/A,N/A,N/A,N/A,N/A
262,1770406313106,gap_time,N/A,,,,GapTime_913,N/A,N/A,N/A,N/A,N/A,N/A
262,1770406314035,Sentence shown,HF_53_A,,,,N/A,N/A,N/A,N/A,N/A,N/A,N/A
262,1770406318051,gap_time,N/A,,,,GapTime_1101,N/A,N/A,N/A,N/A,N/A,N/A
262,1770406319162,Sentence shown,HVL_104_P,true,,true,N/A,N/A,N/A,N/A,N/A,N/A,N/A
262,1770406321731,IR pressed,HVL_104_P,true,,true,Spacebar,1,N/A,2569,N/A,N/A,N/A
262,1770406326536,WR pressed,HVL_104_P,true,,true,No,N/A,1,N/A,4805,N/A,N/A
262,1770406326537,gap_time,N/A,true,,true,GapTime_1173,N/A,N/A,N/A,N/A,N/A,N/A
262,1770406327712,Sentence shown,LVH_106_A,true,,true,N/A,N/A,N/A,N/A,N/A,N/A,N/A
262,1770406329382,IR pressed,LVH_106_A,true,,true,Spacebar,1,N/A,1670,N/A,N/A,N/A
262,1770406329591,WR pressed,LVH_106_A,true,,true,Yes,N/A,1,N/A,209,N/A,N/A
262,1770406329592,gap_time,N/A,true,,true,GapTime_700,N/A,N/A,N/A,N/A,N/A,N/A
262,1770406330295,Sentence shown,HF_49_A,,,,N/A,N/A,N/A,N/A,N/A,N/A,N/A
262,1770406334307,gap_time,N/A,,,,GapTime_1165,N/A,N/A,N/A,N/A,N/A,N/A
262,1770406335481,Sentence shown,HF_49_A,,true,true,N/A,N/A,N/A,N/A,N/A,N/A,N/A
262,1770406336294,Validation IR pressed,HF_49_A,,true,true,Spacebar,1,N/A,813,N/A,N/A,N/A
262,1770406336294,IR pressed,HF_49_A,,true,true,Spacebar,1,N/A,813,N/A,N/A,N/A
262,1770406336448,WR pressed,HF_49_A,,true,true,Yes,N/A,N/A,N/A,154,N/A,N/A
262,1770406336448,gap_time,N/A,,true,true,GapTime_922,N/A,N/A,N/A,N/A,N/A,N/A
262,1770406337374,Sentence shown,HVL_135_A,true,,true,N/A,N/A,N/A,N/A,N/A,N/A,N/A
262,1770406339237,IR pressed,HVL_135_A,true,,true,Spacebar,1,N/A,1863,N/A,N/A,N/A
262,1770406339398,WR pressed,HVL_135_A,true,,true,Yes,N/A,1,N/A,161,N/A,N/A
262,1770406339399,gap_time,N/A,true,,true,GapTime_752,N/A,N/A,N/A,N/A,N/A,N/A
262,1770406340160,Sentence shown,LVL_126_A,true,,,N/A,N/A,N/A,N/A,N/A,N/A,N/A
262,1770406344172,gap_time,N/A,true,,,GapTime_891,N/A,N/A,N/A,N/A,N/A,N/A
262,1770406345074,Sentence shown,HH_156_P,true,,,N/A,N/A,N/A,N/A,N/A,N/A,N/A
262,1770406349077,gap_time,N/A,true,,,GapTime_1113,N/A,N/A,N/A,N/A,N/A,N/A
262,1770406350202,Sentence shown,LVL_101_A,true,,,N/A,N/A,N/A,N/A,N/A,N/A,N/A
262,1770406354205,gap_time,N/A,true,,,GapTime_752,N/A,N/A,N/A,N/A,N/A,N/A
262,1770406354972,Sentence shown,HH_148_P,true,,true,N/A,N/A,N/A,N/A,N/A,N/A,N/A
262,1770406356976,IR pressed,HH_148_P,true,,true,Spacebar,1,N/A,2004,N/A,N/A,N/A
262,1770406357176,WR pressed,HH_148_P,true,,true,Yes,N/A,1,N/A,200,N/A,N/A
262,1770406357176,gap_time,N/A,true,,true,GapTime_737,N/A,N/A,N/A,N/A,N/A,N/A
262,1770406357924,Sentence shown,HF_64_A,,,,N/A,N/A,N/A,N/A,N/A,N/A,N/A
262,1770406361935,gap_time,N/A,,,,GapTime_1055,N/A,N/A,N/A,N/A,N/A,N/A
262,1770406363002,Sentence shown,HF_50_A,,,,N/A,N/A,N/A,N/A,N/A,N/A,N/A
262,1770406367006,gap_time,N/A,,,,GapTime_1124,N/A,N/A,N/A,N/A,N/A,N/A
262,1770406368136,Sentence shown,HVL_116_P,true,,,N/A,N/A,N/A,N/A,N/A,N/A,N/A
262,1770406372143,gap_time,N/A,true,,,GapTime_1184,N/A,N/A,N/A,N/A,N/A,N/A
262,1770406373342,Sentence shown,HF_51_A,,,,N/A,N/A,N/A,N/A,N/A,N/A,N/A
262,1770406377344,gap_time,N/A,,,,GapTime_883,N/A,N/A,N/A,N/A,N/A,N/A
262,1770406378243,Sentence shown,LVL_126_P,true,,true,N/A,N/A,N/A,N/A,N/A,N/A,N/A
262,1770406380170,IR pressed,LVL_126_P,true,,true,Spacebar,1,N/A,1927,N/A,N/A,N/A
262,1770406383471,WR pressed,LVL_126_P,true,,true,Yes,N/A,0,N/A,3301,N/A,N/A
262,1770406383472,gap_time,N/A,true,,true,GapTime_1097,N/A,N/A,N/A,N/A,N/A,N/A
262,1770406384576,Sentence shown,HH_156_A,true,,true,N/A,N/A,N/A,N/A,N/A,N/A,N/A
262,1770406386993,IR pressed,HH_156_A,true,,true,Spacebar,1,N/A,2417,N/A,N/A,N/A
262,1770406387319,WR pressed,HH_156_A,true,,true,No,N/A,1,N/A,326,N/A,N/A
262,1770406387319,gap_time,N/A,true,,true,GapTime_1073,N/A,N/A,N/A,N/A,N/A,N/A
262,1770406388404,Sentence shown,HF_51_A,,true,true,N/A,N/A,N/A,N/A,N/A,N/A,N/A
262,1770406389822,Validation IR pressed,HF_51_A,,true,true,Spacebar,1,N/A,1418,N/A,N/A,N/A
262,1770406389822,IR pressed,HF_51_A,,true,true,Spacebar,1,N/A,1418,N/A,N/A,N/A
262,1770406390158,WR pressed,HF_51_A,,true,true,Yes,N/A,N/A,N/A,336,N/A,N/A
262,1770406390158,gap_time,N/A,,true,true,GapTime_1052,N/A,N/A,N/A,N/A,N/A,N/A
262,1770406391214,Sentence shown,HF_44_A,,,,N/A,N/A,N/A,N/A,N/A,N/A,N/A
262,1770406393370,Validation Wrong IR pressed,HF_44_A,,,,Spacebar,0,N/A,2156,N/A,N/A,N/A
262,1770406393370,IR pressed,HF_44_A,,,,Spacebar,0,N/A,2156,N/A,N/A,N/A
262,1770406393562,WR pressed,HF_44_A,,,,Yes,N/A,N/A,N/A,192,N/A,N/A
262,1770406393562,gap_time,N/A,,,,GapTime_730,N/A,N/A,N/A,N/A,N/A,N/A
262,1770406394308,Sentence shown,LVL_101_A,true,,true,N/A,N/A,N/A,N/A,N/A,N/A,N/A
262,1770406398324,gap_time,N/A,true,,true,GapTime_1226,N/A,N/A,N/A,N/A,N/A,N/A
262,1770406399562,Sentence shown,HF_58_A,,,,N/A,N/A,N/A,N/A,N/A,N/A,N/A
262,1770406403565,gap_time,N/A,,,,GapTime_928,N/A,N/A,N/A,N/A,N/A,N/A
262,1770406404496,Sentence shown,HVL_116_A,true,,true,N/A,N/A,N/A,N/A,N/A,N/A,N/A
262,1770406408497,gap_time,N/A,true,,true,GapTime_758,N/A,N/A,N/A,N/A,N/A,N/A
262,1770406409257,Sentence shown,HF_58_A,,true,true,N/A,N/A,N/A,N/A,N/A,N/A,N/A
262,1770406411235,Validation IR pressed,HF_58_A,,true,true,Spacebar,1,N/A,1978,N/A,N/A,N/A
262,1770406411235,IR pressed,HF_58_A,,true,true,Spacebar,1,N/A,1978,N/A,N/A,N/A
262,1770406411461,WR pressed,HF_58_A,,true,true,Yes,N/A,N/A,N/A,226,N/A,N/A
262,1770406411462,gap_time,N/A,,true,true,GapTime_1259,N/A,N/A,N/A,N/A,N/A,N/A
262,1770406412734,Sentence shown,HH_158_A,true,,,N/A,N/A,N/A,N/A,N/A,N/A,N/A
262,1770406416745,gap_time,N/A,true,,,GapTime_960,N/A,N/A,N/A,N/A,N/A,N/A
262,1770406417707,Sentence shown,HF_45_A,,,,N/A,N/A,N/A,N/A,N/A,N/A,N/A
262,1770406421719,gap_time,N/A,,,,GapTime_839,N/A,N/A,N/A,N/A,N/A,N/A
262,1770406422575,Sentence shown,HF_47_A,,,,N/A,N/A,N/A,N/A,N/A,N/A,N/A
262,1770406426588,gap_time,N/A,,,,GapTime_1161,N/A,N/A,N/A,N/A,N/A,N/A
262,1770406427765,Sentence shown,HF_57_A,,,,N/A,N/A,N/A,N/A,N/A,N/A,N/A
262,1770406431766,gap_time,N/A,,,,GapTime_990,N/A,N/A,N/A,N/A,N/A,N/A
262,1770406432774,Sentence shown,HF_47_A,,true,true,N/A,N/A,N/A,N/A,N/A,N/A,N/A
262,1770406433982,Validation IR pressed,HF_47_A,,true,true,Spacebar,1,N/A,1208,N/A,N/A,N/A
262,1770406433982,IR pressed,HF_47_A,,true,true,Spacebar,1,N/A,1208,N/A,N/A,N/A
262,1770406434194,WR pressed,HF_47_A,,true,true,Yes,N/A,N/A,N/A,212,N/A,N/A
262,1770406434194,gap_time,N/A,,true,true,GapTime_1223,N/A,N/A,N/A,N/A,N/A,N/A
262,1770406435427,Sentence shown,HH_158_A,true,,true,N/A,N/A,N/A,N/A,N/A,N/A,N/A
262,1770406436445,IR pressed,HH_158_A,true,,true,Spacebar,1,N/A,1017,N/A,N/A,N/A
262,1770406436578,WR pressed,HH_158_A,true,,true,Yes,N/A,1,N/A,133,N/A,N/A
262,1770406436578,gap_time,N/A,true,,true,GapTime_1153,N/A,N/A,N/A,N/A,N/A,N/A
262,1770406437740,Sentence shown,HF_48_A,,,,N/A,N/A,N/A,N/A,N/A,N/A,N/A
262,1770406441746,gap_time,N/A,,,,GapTime_1086,N/A,N/A,N/A,N/A,N/A,N/A
262,1770406442846,Sentence shown,HF_61_A,,,,N/A,N/A,N/A,N/A,N/A,N/A,N/A
262,1770406446847,gap_time,N/A,,,,GapTime_901,N/A,N/A,N/A,N/A,N/A,N/A
262,1770406447764,Sentence shown,HF_63_A,,,,N/A,N/A,N/A,N/A,N/A,N/A,N/A
262,1770406451774,gap_time,N/A,,,,GapTime_822,N/A,N/A,N/A,N/A,N/A,N/A
262,1770406452601,Sentence shown,HF_61_A,,true,true,N/A,N/A,N/A,N/A,N/A,N/A,N/A
262,1770406456614,Validation Missed,HF_61_A,,true,true,None,0,N/A,N/A,N/A,N/A,N/A
262,1770406456614,gap_time,N/A,,true,true,GapTime_791,N/A,N/A,N/A,N/A,N/A,N/A
262,1770406457407,Rest Phase started,N/A,,true,true,Rest,N/A,N/A,N/A,N/A,N/A,N/A
262,1770406608706,Sentence shown,HVL_100_P,true,,,N/A,N/A,N/A,N/A,N/A,N/A,N/A
262,1770406612717,gap_time,N/A,true,,,GapTime_1004,N/A,N/A,N/A,N/A,N/A,N/A
262,1770406613728,Sentence shown,HF_76_A,,,,N/A,N/A,N/A,N/A,N/A,N/A,N/A
262,1770406617731,gap_time,N/A,,,,GapTime_1274,N/A,N/A,N/A,N/A,N/A,N/A
262,1770406619009,Sentence shown,HF_78_A,,,,N/A,N/A,N/A,N/A,N/A,N/A,N/A
262,1770406623019,gap_time,N/A,,,,GapTime_1178,N/A,N/A,N/A,N/A,N/A,N/A
262,1770406624211,Sentence shown,HF_83_A,,,,N/A,N/A,N/A,N/A,N/A,N/A,N/A
262,1770406628218,gap_time,N/A,,,,GapTime_805,N/A,N/A,N/A,N/A,N/A,N/A
262,1770406629033,Sentence shown,HF_88_A,,,,N/A,N/A,N/A,N/A,N/A,N/A,N/A
262,1770406633045,gap_time,N/A,,,,GapTime_717,N/A,N/A,N/A,N/A,N/A,N/A
262,1770406633765,Sentence shown,HF_83_A,,true,true,N/A,N/A,N/A,N/A,N/A,N/A,N/A
262,1770406634979,Validation IR pressed,HF_83_A,,true,true,Spacebar,1,N/A,1214,N/A,N/A,N/A
262,1770406634979,IR pressed,HF_83_A,,true,true,Spacebar,1,N/A,1214,N/A,N/A,N/A
262,1770406635170,WR pressed,HF_83_A,,true,true,Yes,N/A,N/A,N/A,191,N/A,N/A
262,1770406635170,gap_time,N/A,,true,true,GapTime_719,N/A,N/A,N/A,N/A,N/A,N/A
262,1770406635897,Sentence shown,HF_79_A,,,,N/A,N/A,N/A,N/A,N/A,N/A,N/A
262,1770406639909,gap_time,N/A,,,,GapTime_767,N/A,N/A,N/A,N/A,N/A,N/A
262,1770406640689,Sentence shown,LVL_111_P,true,,,N/A,N/A,N/A,N/A,N/A,N/A,N/A
262,1770406644699,gap_time,N/A,true,,,GapTime_824,N/A,N/A,N/A,N/A,N/A,N/A
262,1770406645541,Sentence shown,HVL_100_P,true,,true,N/A,N/A,N/A,N/A,N/A,N/A,N/A
262,1770406648738,IR pressed,HVL_100_P,true,,true,Spacebar,1,N/A,3197,N/A,N/A,N/A
262,1770406649759,WR pressed,HVL_100_P,true,,true,No,N/A,0,N/A,1021,N/A,N/A
262,1770406649760,gap_time,N/A,true,,true,GapTime_727,N/A,N/A,N/A,N/A,N/A,N/A
262,1770406650489,Sentence shown,HF_79_A,,true,true,N/A,N/A,N/A,N/A,N/A,N/A,N/A
262,1770406651657,Validation IR pressed,HF_79_A,,true,true,Spacebar,1,N/A,1168,N/A,N/A,N/A
262,1770406651657,IR pressed,HF_79_A,,true,true,Spacebar,1,N/A,1168,N/A,N/A,N/A
262,1770406651818,WR pressed,HF_79_A,,true,true,Yes,N/A,N/A,N/A,161,N/A,N/A
262,1770406651819,gap_time,N/A,,true,true,GapTime_1013,N/A,N/A,N/A,N/A,N/A,N/A
262,1770406652844,Sentence shown,HF_94_A,,,,N/A,N/A,N/A,N/A,N/A,N/A,N/A
262,1770406656859,gap_time,N/A,,,,GapTime_1237,N/A,N/A,N/A,N/A,N/A,N/A
262,1770406658104,Sentence shown,HF_81_A,,,,N/A,N/A,N/A,N/A,N/A,N/A,N/A
262,1770406662114,gap_time,N/A,,,,GapTime_1079,N/A,N/A,N/A,N/A,N/A,N/A
262,1770406663195,Sentence shown,LVH_141_A,true,,,N/A,N/A,N/A,N/A,N/A,N/A,N/A
262,1770406667208,gap_time,N/A,true,,,GapTime_751,N/A,N/A,N/A,N/A,N/A,N/A
262,1770406667969,Sentence shown,LVH_133_P,true,,,N/A,N/A,N/A,N/A,N/A,N/A,N/A
262,1770406671977,gap_time,N/A,true,,,GapTime_1225,N/A,N/A,N/A,N/A,N/A,N/A
262,1770406673206,Sentence shown,HF_91_A,,,,N/A,N/A,N/A,N/A,N/A,N/A,N/A
262,1770406677212,gap_time,N/A,,,,GapTime_1060,N/A,N/A,N/A,N/A,N/A,N/A
262,1770406678289,Sentence shown,HF_77_A,,,,N/A,N/A,N/A,N/A,N/A,N/A,N/A
262,1770406682290,gap_time,N/A,,,,GapTime_1151,N/A,N/A,N/A,N/A,N/A,N/A
262,1770406683455,Sentence shown,HF_91_A,,true,true,N/A,N/A,N/A,N/A,N/A,N/A,N/A
262,1770406684512,Validation IR pressed,HF_91_A,,true,true,Spacebar,1,N/A,1057,N/A,N/A,N/A
262,1770406684512,IR pressed,HF_91_A,,true,true,Spacebar,1,N/A,1057,N/A,N/A,N/A
262,1770406684798,WR pressed,HF_91_A,,true,true,Yes,N/A,N/A,N/A,286,N/A,N/A
262,1770406684799,gap_time,N/A,,true,true,GapTime_1242,N/A,N/A,N/A,N/A,N/A,N/A
262,1770406686045,Sentence shown,HH_187_A,true,,,N/A,N/A,N/A,N/A,N/A,N/A,N/A
262,1770406690060,gap_time,N/A,true,,,GapTime_787,N/A,N/A,N/A,N/A,N/A,N/A
262,1770406690851,Sentence shown,LVL_111_P,true,,true,N/A,N/A,N/A,N/A,N/A,N/A,N/A
262,1770406694855,gap_time,N/A,true,,true,GapTime_978,N/A,N/A,N/A,N/A,N/A,N/A
262,1770406695839,Sentence shown,HVL_150_P,true,,,N/A,N/A,N/A,N/A,N/A,N/A,N/A
262,1770406699853,gap_time,N/A,true,,,GapTime_816,N/A,N/A,N/A,N/A,N/A,N/A
262,1770406700672,Sentence shown,HH_181_A,true,,,N/A,N/A,N/A,N/A,N/A,N/A,N/A
262,1770406704676,gap_time,N/A,true,,,GapTime_1130,N/A,N/A,N/A,N/A,N/A,N/A
262,1770406705816,Sentence shown,HF_74_A,,,,N/A,N/A,N/A,N/A,N/A,N/A,N/A
262,1770406709826,gap_time,N/A,,,,GapTime_754,N/A,N/A,N/A,N/A,N/A,N/A
262,1770406710584,Sentence shown,LVH_141_A,true,,true,N/A,N/A,N/A,N/A,N/A,N/A,N/A
262,1770406711747,IR pressed,LVH_141_A,true,,true,Spacebar,1,N/A,1163,N/A,N/A,N/A
262,1770406711897,WR pressed,LVH_141_A,true,,true,Yes,N/A,1,N/A,150,N/A,N/A
262,1770406711898,gap_time,N/A,true,,true,GapTime_928,N/A,N/A,N/A,N/A,N/A,N/A
262,1770406712835,Sentence shown,HF_74_A,,true,true,N/A,N/A,N/A,N/A,N/A,N/A,N/A
262,1770406714108,Validation IR pressed,HF_74_A,,true,true,Spacebar,1,N/A,1273,N/A,N/A,N/A
262,1770406714108,IR pressed,HF_74_A,,true,true,Spacebar,1,N/A,1273,N/A,N/A,N/A
262,1770406714251,WR pressed,HF_74_A,,true,true,Yes,N/A,N/A,N/A,142,N/A,N/A
262,1770406714251,gap_time,N/A,,true,true,GapTime_1269,N/A,N/A,N/A,N/A,N/A,N/A
262,1770406715524,Sentence shown,HF_70_A,,,,N/A,N/A,N/A,N/A,N/A,N/A,N/A
262,1770406719539,gap_time,N/A,,,,GapTime_1073,N/A,N/A,N/A,N/A,N/A,N/A
262,1770406720623,Sentence shown,LVH_133_A,true,,true,N/A,N/A,N/A,N/A,N/A,N/A,N/A
262,1770406721675,IR pressed,LVH_133_A,true,,true,Spacebar,1,N/A,1052,N/A,N/A,N/A
262,1770406724170,WR pressed,LVH_133_A,true,,true,No,N/A,1,N/A,2494,N/A,N/A
262,1770406724170,gap_time,N/A,true,,true,GapTime_1283,N/A,N/A,N/A,N/A,N/A,N/A
262,1770406725464,Sentence shown,HF_71_A,,,,N/A,N/A,N/A,N/A,N/A,N/A,N/A
262,1770406729474,gap_time,N/A,,,,GapTime_793,N/A,N/A,N/A,N/A,N/A,N/A
262,1770406730278,Sentence shown,HF_70_A,,true,true,N/A,N/A,N/A,N/A,N/A,N/A,N/A
262,1770406731883,Validation IR pressed,HF_70_A,,true,true,Spacebar,1,N/A,1605,N/A,N/A,N/A
262,1770406731883,IR pressed,HF_70_A,,true,true,Spacebar,1,N/A,1605,N/A,N/A,N/A
262,1770406732055,WR pressed,HF_70_A,,true,true,Yes,N/A,N/A,N/A,172,N/A,N/A
262,1770406732055,gap_time,N/A,,true,true,GapTime_808,N/A,N/A,N/A,N/A,N/A,N/A
262,1770406732871,Sentence shown,HVL_150_A,true,,true,N/A,N/A,N/A,N/A,N/A,N/A,N/A
262,1770406736885,gap_time,N/A,true,,true,GapTime_1045,N/A,N/A,N/A,N/A,N/A,N/A
262,1770406737940,Sentence shown,HH_187_A,true,,true,N/A,N/A,N/A,N/A,N/A,N/A,N/A
262,1770406740354,IR pressed,HH_187_A,true,,true,Spacebar,1,N/A,2414,N/A,N/A,N/A
262,1770406741277,WR pressed,HH_187_A,true,,true,No,N/A,0,N/A,923,N/A,N/A
262,1770406741278,gap_time,N/A,true,,true,GapTime_751,N/A,N/A,N/A,N/A,N/A,N/A
262,1770406742037,Sentence shown,HF_84_A,,,,N/A,N/A,N/A,N/A,N/A,N/A,N/A
262,1770406746039,gap_time,N/A,,,,GapTime_848,N/A,N/A,N/A,N/A,N/A,N/A
262,1770406746891,Sentence shown,HF_84_A,,true,true,N/A,N/A,N/A,N/A,N/A,N/A,N/A
262,1770406747811,Validation IR pressed,HF_84_A,,true,true,Spacebar,1,N/A,920,N/A,N/A,N/A
262,1770406747811,IR pressed,HF_84_A,,true,true,Spacebar,1,N/A,920,N/A,N/A,N/A
262,1770406747980,WR pressed,HF_84_A,,true,true,Yes,N/A,N/A,N/A,169,N/A,N/A
262,1770406747981,gap_time,N/A,,true,true,GapTime_823,N/A,N/A,N/A,N/A,N/A,N/A
262,1770406748805,Sentence shown,HH_181_P,true,,true,N/A,N/A,N/A,N/A,N/A,N/A,N/A
262,1770406752325,IR pressed,HH_181_P,true,,true,Spacebar,1,N/A,3520,N/A,N/A,N/A
262,1770406752722,WR pressed,HH_181_P,true,,true,Yes,N/A,0,N/A,397,N/A,N/A
262,1770406752723,gap_time,N/A,true,,true,GapTime_854,N/A,N/A,N/A,N/A,N/A,N/A
262,1770406753592,Sentence shown,HF_66_A,,,,N/A,N/A,N/A,N/A,N/A,N/A,N/A
262,1770406757601,gap_time,N/A,,,,GapTime_808,N/A,N/A,N/A,N/A,N/A,N/A
262,1770406758414,Sentence shown,HF_73_A,,,,N/A,N/A,N/A,N/A,N/A,N/A,N/A
262,1770406762417,gap_time,N/A,,,,GapTime_912,N/A,N/A,N/A,N/A,N/A,N/A
262,1770406763344,Sentence shown,LVL_109_A,true,,,N/A,N/A,N/A,N/A,N/A,N/A,N/A
262,1770406767351,gap_time,N/A,true,,,GapTime_990,N/A,N/A,N/A,N/A,N/A,N/A
262,1770406768352,Sentence shown,HF_86_A,,,,N/A,N/A,N/A,N/A,N/A,N/A,N/A
262,1770406772361,gap_time,N/A,,,,GapTime_1069,N/A,N/A,N/A,N/A,N/A,N/A
262,1770406773435,Sentence shown,HF_69_A,,,,N/A,N/A,N/A,N/A,N/A,N/A,N/A
262,1770406777439,gap_time,N/A,,,,GapTime_924,N/A,N/A,N/A,N/A,N/A,N/A
262,1770406778368,Sentence shown,HF_72_A,,,,N/A,N/A,N/A,N/A,N/A,N/A,N/A
262,1770406782371,gap_time,N/A,,,,GapTime_716,N/A,N/A,N/A,N/A,N/A,N/A
262,1770406783098,Sentence shown,HF_93_A,,,,N/A,N/A,N/A,N/A,N/A,N/A,N/A
262,1770406787106,gap_time,N/A,,,,GapTime_1093,N/A,N/A,N/A,N/A,N/A,N/A
262,1770406788203,Sentence shown,HF_72_A,,true,true,N/A,N/A,N/A,N/A,N/A,N/A,N/A
262,1770406789177,Validation IR pressed,HF_72_A,,true,true,Spacebar,1,N/A,974,N/A,N/A,N/A
262,1770406789177,IR pressed,HF_72_A,,true,true,Spacebar,1,N/A,974,N/A,N/A,N/A
262,1770406789364,WR pressed,HF_72_A,,true,true,Yes,N/A,N/A,N/A,187,N/A,N/A
262,1770406789365,gap_time,N/A,,true,true,GapTime_1036,N/A,N/A,N/A,N/A,N/A,N/A
262,1770406790404,Sentence shown,HH_172_P,true,,,N/A,N/A,N/A,N/A,N/A,N/A,N/A
262,1770406794409,gap_time,N/A,true,,,GapTime_962,N/A,N/A,N/A,N/A,N/A,N/A
262,1770406795383,Sentence shown,LVL_109_P,true,,true,N/A,N/A,N/A,N/A,N/A,N/A,N/A
262,1770406797883,IR pressed,LVL_109_P,true,,true,Spacebar,1,N/A,2500,N/A,N/A,N/A
262,1770406798126,WR pressed,LVL_109_P,true,,true,No,N/A,1,N/A,243,N/A,N/A
262,1770406798127,gap_time,N/A,true,,true,GapTime_831,N/A,N/A,N/A,N/A,N/A,N/A
262,1770406798959,Sentence shown,HF_67_A,,,,N/A,N/A,N/A,N/A,N/A,N/A,N/A
262,1770406802967,gap_time,N/A,,,,GapTime_1236,N/A,N/A,N/A,N/A,N/A,N/A
262,1770406804220,Sentence shown,LVH_181_P,true,,,N/A,N/A,N/A,N/A,N/A,N/A,N/A
262,1770406808236,gap_time,N/A,true,,,GapTime_1059,N/A,N/A,N/A,N/A,N/A,N/A
262,1770406809303,Sentence shown,LVL_110_P,true,,,N/A,N/A,N/A,N/A,N/A,N/A,N/A
262,1770406813314,gap_time,N/A,true,,,GapTime_952,N/A,N/A,N/A,N/A,N/A,N/A
262,1770406814282,Sentence shown,HF_67_A,,true,true,N/A,N/A,N/A,N/A,N/A,N/A,N/A
262,1770406815856,Validation IR pressed,HF_67_A,,true,true,Spacebar,1,N/A,1574,N/A,N/A,N/A
262,1770406815856,IR pressed,HF_67_A,,true,true,Spacebar,1,N/A,1574,N/A,N/A,N/A
262,1770406816347,WR pressed,HF_67_A,,true,true,Yes,N/A,N/A,N/A,491,N/A,N/A
262,1770406816348,gap_time,N/A,,true,true,GapTime_1092,N/A,N/A,N/A,N/A,N/A,N/A
262,1770406817453,Sentence shown,HF_82_A,,,,N/A,N/A,N/A,N/A,N/A,N/A,N/A
262,1770406821468,gap_time,N/A,,,,GapTime_706,N/A,N/A,N/A,N/A,N/A,N/A
262,1770406822185,Sentence shown,HVL_103_A,true,,,N/A,N/A,N/A,N/A,N/A,N/A,N/A
262,1770406826196,gap_time,N/A,true,,,GapTime_872,N/A,N/A,N/A,N/A,N/A,N/A
262,1770406827076,Sentence shown,HF_96_A,,,,N/A,N/A,N/A,N/A,N/A,N/A,N/A
262,1770406831080,gap_time,N/A,,,,GapTime_1264,N/A,N/A,N/A,N/A,N/A,N/A
262,1770406832353,Sentence shown,HH_186_P,true,,,N/A,N/A,N/A,N/A,N/A,N/A,N/A
262,1770406836371,gap_time,N/A,true,,,GapTime_1175,N/A,N/A,N/A,N/A,N/A,N/A
262,1770406837555,Sentence shown,LVH_181_P,true,,true,N/A,N/A,N/A,N/A,N/A,N/A,N/A
262,1770406840152,IR pressed,LVH_181_P,true,,true,Spacebar,1,N/A,2596,N/A,N/A,N/A
262,1770406840446,WR pressed,LVH_181_P,true,,true,Yes,N/A,1,N/A,294,N/A,N/A
262,1770406840447,gap_time,N/A,true,,true,GapTime_1075,N/A,N/A,N/A,N/A,N/A,N/A
262,1770406841526,Sentence shown,HH_172_P,true,,true,N/A,N/A,N/A,N/A,N/A,N/A,N/A
262,1770406843264,IR pressed,HH_172_P,true,,true,Spacebar,1,N/A,1738,N/A,N/A,N/A
262,1770406843668,WR pressed,HH_172_P,true,,true,Yes,N/A,1,N/A,404,N/A,N/A
262,1770406843669,gap_time,N/A,true,,true,GapTime_1016,N/A,N/A,N/A,N/A,N/A,N/A
262,1770406844689,Sentence shown,HF_68_A,,,,N/A,N/A,N/A,N/A,N/A,N/A,N/A
262,1770406848704,gap_time,N/A,,,,GapTime_774,N/A,N/A,N/A,N/A,N/A,N/A
262,1770406849491,Sentence shown,HF_95_A,,,,N/A,N/A,N/A,N/A,N/A,N/A,N/A
262,1770406853495,gap_time,N/A,,,,GapTime_1117,N/A,N/A,N/A,N/A,N/A,N/A
262,1770406854616,Sentence shown,LVL_110_A,true,,true,N/A,N/A,N/A,N/A,N/A,N/A,N/A
262,1770406858631,gap_time,N/A,true,,true,GapTime_1293,N/A,N/A,N/A,N/A,N/A,N/A
262,1770406859926,Sentence shown,HVL_103_A,true,,true,N/A,N/A,N/A,N/A,N/A,N/A,N/A
262,1770406862662,IR pressed,HVL_103_A,true,,true,Spacebar,1,N/A,2736,N/A,N/A,N/A
262,1770406863340,WR pressed,HVL_103_A,true,,true,Yes,N/A,1,N/A,678,N/A,N/A
262,1770406863341,gap_time,N/A,true,,true,GapTime_840,N/A,N/A,N/A,N/A,N/A,N/A
262,1770406864186,Sentence shown,HF_92_A,,,,N/A,N/A,N/A,N/A,N/A,N/A,N/A
262,1770406868192,gap_time,N/A,,,,GapTime_1270,N/A,N/A,N/A,N/A,N/A,N/A
262,1770406869465,Sentence shown,LVL_107_A,true,,,N/A,N/A,N/A,N/A,N/A,N/A,N/A
262,1770406873479,gap_time,N/A,true,,,GapTime_1243,N/A,N/A,N/A,N/A,N/A,N/A
262,1770406874729,Sentence shown,HF_97_A,,,,N/A,N/A,N/A,N/A,N/A,N/A,N/A
262,1770406878745,gap_time,N/A,,,,GapTime_991,N/A,N/A,N/A,N/A,N/A,N/A
262,1770406879747,Sentence shown,HVL_144_A,true,,,N/A,N/A,N/A,N/A,N/A,N/A,N/A
262,1770406883752,gap_time,N/A,true,,,GapTime_1008,N/A,N/A,N/A,N/A,N/A,N/A
262,1770406884774,Sentence shown,HH_186_A,true,,true,N/A,N/A,N/A,N/A,N/A,N/A,N/A
262,1770406886758,IR pressed,HH_186_A,true,,true,Spacebar,1,N/A,1984,N/A,N/A,N/A
262,1770406887297,WR pressed,HH_186_A,true,,true,No,N/A,1,N/A,539,N/A,N/A
262,1770406887298,gap_time,N/A,true,,true,GapTime_1187,N/A,N/A,N/A,N/A,N/A,N/A
262,1770406888492,Sentence shown,HF_75_A,,,,N/A,N/A,N/A,N/A,N/A,N/A,N/A
262,1770406892499,gap_time,N/A,,,,GapTime_801,N/A,N/A,N/A,N/A,N/A,N/A
262,1770406893314,Sentence shown,HF_80_A,,,,N/A,N/A,N/A,N/A,N/A,N/A,N/A
262,1770406897321,gap_time,N/A,,,,GapTime_995,N/A,N/A,N/A,N/A,N/A,N/A
262,1770406898319,Sentence shown,HF_85_A,,,,N/A,N/A,N/A,N/A,N/A,N/A,N/A
262,1770406902328,gap_time,N/A,,,,GapTime_1011,N/A,N/A,N/A,N/A,N/A,N/A
262,1770406903349,Sentence shown,HF_75_A,,true,true,N/A,N/A,N/A,N/A,N/A,N/A,N/A
262,1770406904453,Validation IR pressed,HF_75_A,,true,true,Spacebar,1,N/A,1104,N/A,N/A,N/A
262,1770406904453,IR pressed,HF_75_A,,true,true,Spacebar,1,N/A,1104,N/A,N/A,N/A
262,1770406904639,WR pressed,HF_75_A,,true,true,Yes,N/A,N/A,N/A,186,N/A,N/A
262,1770406904640,gap_time,N/A,,true,true,GapTime_915,N/A,N/A,N/A,N/A,N/A,N/A
262,1770406905568,Sentence shown,HF_89_A,,,,N/A,N/A,N/A,N/A,N/A,N/A,N/A
262,1770406909578,gap_time,N/A,,,,GapTime_1201,N/A,N/A,N/A,N/A,N/A,N/A
262,1770406910794,Sentence shown,HF_89_A,,true,true,N/A,N/A,N/A,N/A,N/A,N/A,N/A
262,1770406911524,Validation IR pressed,HF_89_A,,true,true,Spacebar,1,N/A,730,N/A,N/A,N/A
262,1770406911524,IR pressed,HF_89_A,,true,true,Spacebar,1,N/A,730,N/A,N/A,N/A
262,1770406911684,WR pressed,HF_89_A,,true,true,Yes,N/A,N/A,N/A,160,N/A,N/A
262,1770406911685,gap_time,N/A,,true,true,GapTime_1279,N/A,N/A,N/A,N/A,N/A,N/A
262,1770406912973,Sentence shown,LVL_107_A,true,,true,N/A,N/A,N/A,N/A,N/A,N/A,N/A
262,1770406914531,IR pressed,LVL_107_A,true,,true,Spacebar,1,N/A,1558,N/A,N/A,N/A
262,1770406914814,WR pressed,LVL_107_A,true,,true,Yes,N/A,1,N/A,283,N/A,N/A
262,1770406914815,gap_time,N/A,true,,true,GapTime_1253,N/A,N/A,N/A,N/A,N/A,N/A
262,1770406916080,Sentence shown,HF_87_A,,,,N/A,N/A,N/A,N/A,N/A,N/A,N/A
262,1770406920094,gap_time,N/A,,,,GapTime_915,N/A,N/A,N/A,N/A,N/A,N/A
262,1770406921010,Sentence shown,LVH_118_A,true,,,N/A,N/A,N/A,N/A,N/A,N/A,N/A
262,1770406925015,gap_time,N/A,true,,,GapTime_763,N/A,N/A,N/A,N/A,N/A,N/A
262,1770406925781,Sentence shown,HF_90_A,,,,N/A,N/A,N/A,N/A,N/A,N/A,N/A
262,1770406929784,gap_time,N/A,,,,GapTime_1207,N/A,N/A,N/A,N/A,N/A,N/A
262,1770406930996,Sentence shown,HVL_144_P,true,,true,N/A,N/A,N/A,N/A,N/A,N/A,N/A
262,1770406933731,IR pressed,HVL_144_P,true,,true,Spacebar,1,N/A,2735,N/A,N/A,N/A
262,1770406935669,WR pressed,HVL_144_P,true,,true,No,N/A,1,N/A,1938,N/A,N/A
262,1770406935670,gap_time,N/A,true,,true,GapTime_1180,N/A,N/A,N/A,N/A,N/A,N/A
262,1770406936865,Sentence shown,LVH_118_P,true,,true,N/A,N/A,N/A,N/A,N/A,N/A,N/A
262,1770406938749,IR pressed,LVH_118_P,true,,true,Spacebar,1,N/A,1884,N/A,N/A,N/A
262,1770406939022,WR pressed,LVH_118_P,true,,true,No,N/A,1,N/A,273,N/A,N/A
262,1770406939023,gap_time,N/A,true,,true,GapTime_1282,N/A,N/A,N/A,N/A,N/A,N/A
