participant_ID,Timestamp,Event,Stimulus,isTarget,isValidation,isRepeat,Button,Accuracy IR,Accuracy WR,Reaction_time_IR,Reaction_time_WR,CR_IR,CR_WR
269,1770457324316,Practice Sentence shown,HL_9_A,,,,N/A,N/A,N/A,N/A,N/A,N/A,N/A
269,1770457329820,Practice Sentence shown,HL_98_A,,,,N/A,N/A,N/A,N/A,N/A,N/A,N/A
269,1770457335322,Practice Sentence shown,HH_135_A,true,,,N/A,N/A,N/A,N/A,N/A,N/A,N/A
269,1770457340826,Practice Sentence shown,HL_18_A,,,,N/A,N/A,N/A,N/A,N/A,N/A,N/A
269,1770457346331,Practice Sentence shown,HL_43_A,,,,N/A,N/A,N/A,N/A,N/A,N/A,N/A
269,1770457351835,Practice Sentence shown,HL_38_A,,,,N/A,N/A,N/A,N/A,N/A,N/A,N/A
269,1770457357338,Practice Sentence shown,HL_40_A,,,,N/A,N/A,N/A,N/A,N/A,N/A,N/A
269,1770457362842,Practice Sentence shown,HH_135_A,true,,true,N/A,N/A,N/A,N/A,N/A,N/A,N/A
269,1770457364044,Practice IR pressed,HH_135_A,true,,true,Spacebar,1,N/A,1202,N/A,N/A,N/A
269,1770457365809,Practice WR pressed,HH_135_A,true,,true,Yes,N/A,1,N/A,1765,N/A,N/A
269,1770457367311,Practice Sentence shown,HH_106_A,true,,,N/A,N/A,N/A,N/A,N/A,N/A,N/A
269,1770457372815,Practice Sentence shown,HL_23_A,,,,N/A,N/A,N/A,N/A,N/A,N/A,N/A
269,1770457378318,Practice Sentence shown,HH_104_A,true,,,N/A,N/A,N/A,N/A,N/A,N/A,N/A
269,1770457383822,Practice Sentence shown,HH_136_A,true,,,N/A,N/A,N/A,N/A,N/A,N/A,N/A
269,1770457389326,Practice Sentence shown,HL_57_A,,,,N/A,N/A,N/A,N/A,N/A,N/A,N/A
269,1770457394830,Practice Sentence shown,HL_6_A,,,,N/A,N/A,N/A,N/A,N/A,N/A,N/A
269,1770457398267,Practice IR pressed,HL_6_A,,,,Spacebar,0,N/A,3437,N/A,N/A,N/A
269,1770457401581,Practice Sentence shown,HH_106_P,true,,true,N/A,N/A,N/A,N/A,N/A,N/A,N/A
269,1770457403226,Practice IR pressed,HH_106_P,true,,true,Spacebar,1,N/A,1644,N/A,N/A,N/A
269,1770457404544,Practice WR pressed,HH_106_P,true,,true,No,N/A,1,N/A,1318,N/A,N/A
269,1770457406047,Practice Sentence shown,HH_104_P,true,,true,N/A,N/A,N/A,N/A,N/A,N/A,N/A
269,1770457407388,Practice IR pressed,HH_104_P,true,,true,Spacebar,1,N/A,1341,N/A,N/A,N/A
269,1770457408228,Practice WR pressed,HH_104_P,true,,true,Yes,N/A,0,N/A,840,N/A,N/A
269,1770457411843,Practice Sentence shown,HL_1_A,,,,N/A,N/A,N/A,N/A,N/A,N/A,N/A
269,1770457417347,Practice Sentence shown,HH_134_A,true,,,N/A,N/A,N/A,N/A,N/A,N/A,N/A
269,1770457422851,Practice Sentence shown,HH_134_P,true,,true,N/A,N/A,N/A,N/A,N/A,N/A,N/A
269,1770457423623,Practice IR pressed,HH_134_P,true,,true,Spacebar,1,N/A,772,N/A,N/A,N/A
269,1770457425182,Practice WR pressed,HH_134_P,true,,true,No,N/A,1,N/A,1559,N/A,N/A
269,1770457426684,Practice Sentence shown,HH_136_A,true,,true,N/A,N/A,N/A,N/A,N/A,N/A,N/A
269,1770457428246,Practice IR pressed,HH_136_A,true,,true,Spacebar,1,N/A,1562,N/A,N/A,N/A
269,1770457428922,Practice WR pressed,HH_136_A,true,,true,Yes,N/A,1,N/A,676,N/A,N/A
269,1770457448326,Sentence shown,LVL_141_A,true,,,N/A,N/A,N/A,N/A,N/A,N/A,N/A
269,1770457452329,gap_time,N/A,true,,,GapTime_994,N/A,N/A,N/A,N/A,N/A,N/A
269,1770457453326,Sentence shown,HF_8_A,,,,N/A,N/A,N/A,N/A,N/A,N/A,N/A
269,1770457457328,gap_time,N/A,,,,GapTime_966,N/A,N/A,N/A,N/A,N/A,N/A
269,1770457458297,Sentence shown,HF_27_A,,,,N/A,N/A,N/A,N/A,N/A,N/A,N/A
269,1770457462298,gap_time,N/A,,,,GapTime_1189,N/A,N/A,N/A,N/A,N/A,N/A
269,1770457463489,Sentence shown,LVL_133_P,true,,,N/A,N/A,N/A,N/A,N/A,N/A,N/A
269,1770457467491,gap_time,N/A,true,,,GapTime_806,N/A,N/A,N/A,N/A,N/A,N/A
269,1770457468299,Sentence shown,HF_27_A,,true,true,N/A,N/A,N/A,N/A,N/A,N/A,N/A
269,1770457469706,Validation IR pressed,HF_27_A,,true,true,Spacebar,1,N/A,1406,N/A,N/A,N/A
269,1770457469706,IR pressed,HF_27_A,,true,true,Spacebar,1,N/A,1406,N/A,N/A,N/A
269,1770457471752,WR pressed,HF_27_A,,true,true,Yes,N/A,N/A,N/A,2046,N/A,N/A
269,1770457471753,gap_time,N/A,,true,true,GapTime_738,N/A,N/A,N/A,N/A,N/A,N/A
269,1770457472493,Sentence shown,LVL_141_A,true,,true,N/A,N/A,N/A,N/A,N/A,N/A,N/A
269,1770457474270,IR pressed,LVL_141_A,true,,true,Spacebar,1,N/A,1776,N/A,N/A,N/A
269,1770457475985,WR pressed,LVL_141_A,true,,true,Yes,N/A,1,N/A,1715,N/A,N/A
269,1770457475986,gap_time,N/A,true,,true,GapTime_785,N/A,N/A,N/A,N/A,N/A,N/A
269,1770457476774,Sentence shown,HF_13_A,,,,N/A,N/A,N/A,N/A,N/A,N/A,N/A
269,1770457480776,gap_time,N/A,,,,GapTime_1277,N/A,N/A,N/A,N/A,N/A,N/A
269,1770457482055,Sentence shown,HF_29_A,,,,N/A,N/A,N/A,N/A,N/A,N/A,N/A
269,1770457486057,gap_time,N/A,,,,GapTime_1055,N/A,N/A,N/A,N/A,N/A,N/A
269,1770457487115,Sentence shown,HF_7_A,,,,N/A,N/A,N/A,N/A,N/A,N/A,N/A
269,1770457491116,gap_time,N/A,,,,GapTime_914,N/A,N/A,N/A,N/A,N/A,N/A
269,1770457492033,Sentence shown,HF_13_A,,true,true,N/A,N/A,N/A,N/A,N/A,N/A,N/A
269,1770457493235,Validation IR pressed,HF_13_A,,true,true,Spacebar,1,N/A,1202,N/A,N/A,N/A
269,1770457493235,IR pressed,HF_13_A,,true,true,Spacebar,1,N/A,1202,N/A,N/A,N/A
269,1770457495737,WR pressed,HF_13_A,,true,true,Yes,N/A,N/A,N/A,2501,N/A,N/A
269,1770457495737,gap_time,N/A,,true,true,GapTime_747,N/A,N/A,N/A,N/A,N/A,N/A
269,1770457496487,Sentence shown,HF_28_A,,,,N/A,N/A,N/A,N/A,N/A,N/A,N/A
269,1770457500489,gap_time,N/A,,,,GapTime_1047,N/A,N/A,N/A,N/A,N/A,N/A
269,1770457501538,Sentence shown,HF_28_A,,true,true,N/A,N/A,N/A,N/A,N/A,N/A,N/A
269,1770457502588,Validation IR pressed,HF_28_A,,true,true,Spacebar,1,N/A,1050,N/A,N/A,N/A
269,1770457502588,IR pressed,HF_28_A,,true,true,Spacebar,1,N/A,1050,N/A,N/A,N/A
269,1770457503838,WR pressed,HF_28_A,,true,true,Yes,N/A,N/A,N/A,1249,N/A,N/A
269,1770457503839,gap_time,N/A,,true,true,GapTime_731,N/A,N/A,N/A,N/A,N/A,N/A
269,1770457504572,Sentence shown,HH_149_A,true,,,N/A,N/A,N/A,N/A,N/A,N/A,N/A
269,1770457508573,gap_time,N/A,true,,,GapTime_881,N/A,N/A,N/A,N/A,N/A,N/A
269,1770457509457,Sentence shown,LVL_133_A,true,,true,N/A,N/A,N/A,N/A,N/A,N/A,N/A
269,1770457512875,IR pressed,LVL_133_A,true,,true,Spacebar,1,N/A,3418,N/A,N/A,N/A
269,1770457515213,WR pressed,LVL_133_A,true,,true,No,N/A,1,N/A,2338,N/A,N/A
269,1770457515214,gap_time,N/A,true,,true,GapTime_901,N/A,N/A,N/A,N/A,N/A,N/A
269,1770457516117,Sentence shown,HF_30_A,,,,N/A,N/A,N/A,N/A,N/A,N/A,N/A
269,1770457520119,gap_time,N/A,,,,GapTime_1156,N/A,N/A,N/A,N/A,N/A,N/A
269,1770457521277,Sentence shown,HF_14_A,,,,N/A,N/A,N/A,N/A,N/A,N/A,N/A
269,1770457525279,gap_time,N/A,,,,GapTime_1134,N/A,N/A,N/A,N/A,N/A,N/A
269,1770457526415,Sentence shown,HVL_138_A,true,,,N/A,N/A,N/A,N/A,N/A,N/A,N/A
269,1770457530416,gap_time,N/A,true,,,GapTime_723,N/A,N/A,N/A,N/A,N/A,N/A
269,1770457531141,Sentence shown,LVH_130_A,true,,,N/A,N/A,N/A,N/A,N/A,N/A,N/A
269,1770457535143,gap_time,N/A,true,,,GapTime_897,N/A,N/A,N/A,N/A,N/A,N/A
269,1770457536042,Sentence shown,HF_26_A,,,,N/A,N/A,N/A,N/A,N/A,N/A,N/A
269,1770457540043,gap_time,N/A,,,,GapTime_946,N/A,N/A,N/A,N/A,N/A,N/A
269,1770457540992,Sentence shown,HH_155_P,true,,,N/A,N/A,N/A,N/A,N/A,N/A,N/A
269,1770457544994,gap_time,N/A,true,,,GapTime_1079,N/A,N/A,N/A,N/A,N/A,N/A
269,1770457546075,Sentence shown,HH_149_A,true,,true,N/A,N/A,N/A,N/A,N/A,N/A,N/A
269,1770457547233,IR pressed,HH_149_A,true,,true,Spacebar,1,N/A,1158,N/A,N/A,N/A
269,1770457548325,WR pressed,HH_149_A,true,,true,Yes,N/A,1,N/A,1092,N/A,N/A
269,1770457548326,gap_time,N/A,true,,true,GapTime_788,N/A,N/A,N/A,N/A,N/A,N/A
269,1770457549116,Sentence shown,HF_26_A,,true,true,N/A,N/A,N/A,N/A,N/A,N/A,N/A
269,1770457550643,Validation IR pressed,HF_26_A,,true,true,Spacebar,1,N/A,1527,N/A,N/A,N/A
269,1770457550643,IR pressed,HF_26_A,,true,true,Spacebar,1,N/A,1527,N/A,N/A,N/A
269,1770457551365,WR pressed,HF_26_A,,true,true,Yes,N/A,N/A,N/A,722,N/A,N/A
269,1770457551366,gap_time,N/A,,true,true,GapTime_888,N/A,N/A,N/A,N/A,N/A,N/A
269,1770457552256,Sentence shown,HF_21_A,,,,N/A,N/A,N/A,N/A,N/A,N/A,N/A
269,1770457556258,gap_time,N/A,,,,GapTime_879,N/A,N/A,N/A,N/A,N/A,N/A
269,1770457557139,Sentence shown,HF_21_A,,true,true,N/A,N/A,N/A,N/A,N/A,N/A,N/A
269,1770457557966,Validation IR pressed,HF_21_A,,true,true,Spacebar,1,N/A,827,N/A,N/A,N/A
269,1770457557966,IR pressed,HF_21_A,,true,true,Spacebar,1,N/A,827,N/A,N/A,N/A
269,1770457558890,WR pressed,HF_21_A,,true,true,Yes,N/A,N/A,N/A,924,N/A,N/A
269,1770457558891,gap_time,N/A,,true,true,GapTime_1151,N/A,N/A,N/A,N/A,N/A,N/A
269,1770457560044,Sentence shown,HF_9_A,,,,N/A,N/A,N/A,N/A,N/A,N/A,N/A
269,1770457564046,gap_time,N/A,,,,GapTime_1212,N/A,N/A,N/A,N/A,N/A,N/A
269,1770457565260,Sentence shown,HF_11_A,,,,N/A,N/A,N/A,N/A,N/A,N/A,N/A
269,1770457569262,gap_time,N/A,,,,GapTime_703,N/A,N/A,N/A,N/A,N/A,N/A
269,1770457569968,Sentence shown,LVH_130_P,true,,true,N/A,N/A,N/A,N/A,N/A,N/A,N/A
269,1770457573969,gap_time,N/A,true,,true,GapTime_1003,N/A,N/A,N/A,N/A,N/A,N/A
269,1770457574974,Sentence shown,HF_18_A,,,,N/A,N/A,N/A,N/A,N/A,N/A,N/A
269,1770457578976,gap_time,N/A,,,,GapTime_841,N/A,N/A,N/A,N/A,N/A,N/A
269,1770457579819,Sentence shown,HF_18_A,,true,true,N/A,N/A,N/A,N/A,N/A,N/A,N/A
269,1770457580652,Validation IR pressed,HF_18_A,,true,true,Spacebar,1,N/A,833,N/A,N/A,N/A
269,1770457580653,IR pressed,HF_18_A,,true,true,Spacebar,1,N/A,833,N/A,N/A,N/A
269,1770457582227,WR pressed,HF_18_A,,true,true,Yes,N/A,N/A,N/A,1574,N/A,N/A
269,1770457582227,gap_time,N/A,,true,true,GapTime_1016,N/A,N/A,N/A,N/A,N/A,N/A
269,1770457583246,Sentence shown,HVL_138_A,true,,true,N/A,N/A,N/A,N/A,N/A,N/A,N/A
269,1770457587248,gap_time,N/A,true,,true,GapTime_1161,N/A,N/A,N/A,N/A,N/A,N/A
269,1770457588411,Sentence shown,HF_15_A,,,,N/A,N/A,N/A,N/A,N/A,N/A,N/A
269,1770457592412,gap_time,N/A,,,,GapTime_1176,N/A,N/A,N/A,N/A,N/A,N/A
269,1770457593591,Sentence shown,HF_24_A,,,,N/A,N/A,N/A,N/A,N/A,N/A,N/A
269,1770457597593,gap_time,N/A,,,,GapTime_1208,N/A,N/A,N/A,N/A,N/A,N/A
269,1770457598803,Sentence shown,HH_155_P,true,,true,N/A,N/A,N/A,N/A,N/A,N/A,N/A
269,1770457600038,IR pressed,HH_155_P,true,,true,Spacebar,1,N/A,1235,N/A,N/A,N/A
269,1770457600725,WR pressed,HH_155_P,true,,true,Yes,N/A,1,N/A,687,N/A,N/A
269,1770457600726,gap_time,N/A,true,,true,GapTime_762,N/A,N/A,N/A,N/A,N/A,N/A
269,1770457601491,Sentence shown,HF_6_A,,,,N/A,N/A,N/A,N/A,N/A,N/A,N/A
269,1770457602882,Validation Wrong IR pressed,HF_6_A,,,,Spacebar,0,N/A,1391,N/A,N/A,N/A
269,1770457602882,IR pressed,HF_6_A,,,,Spacebar,0,N/A,1391,N/A,N/A,N/A
269,1770457603398,WR pressed,HF_6_A,,,,Yes,N/A,N/A,N/A,516,N/A,N/A
269,1770457603399,gap_time,N/A,,,,GapTime_1125,N/A,N/A,N/A,N/A,N/A,N/A
269,1770457604526,Sentence shown,HF_24_A,,true,true,N/A,N/A,N/A,N/A,N/A,N/A,N/A
269,1770457605570,Validation IR pressed,HF_24_A,,true,true,Spacebar,1,N/A,1044,N/A,N/A,N/A
269,1770457605570,IR pressed,HF_24_A,,true,true,Spacebar,1,N/A,1044,N/A,N/A,N/A
269,1770457605962,WR pressed,HF_24_A,,true,true,Yes,N/A,N/A,N/A,392,N/A,N/A
269,1770457605963,gap_time,N/A,,true,true,GapTime_1210,N/A,N/A,N/A,N/A,N/A,N/A
269,1770457607175,Sentence shown,LVH_107_P,true,,,N/A,N/A,N/A,N/A,N/A,N/A,N/A
269,1770457611177,gap_time,N/A,true,,,GapTime_1026,N/A,N/A,N/A,N/A,N/A,N/A
269,1770457612206,Sentence shown,HF_22_A,,,,N/A,N/A,N/A,N/A,N/A,N/A,N/A
269,1770457616208,gap_time,N/A,,,,GapTime_1049,N/A,N/A,N/A,N/A,N/A,N/A
269,1770457617259,Sentence shown,HF_32_A,,,,N/A,N/A,N/A,N/A,N/A,N/A,N/A
269,1770457621261,gap_time,N/A,,,,GapTime_1242,N/A,N/A,N/A,N/A,N/A,N/A
269,1770457622505,Sentence shown,HF_22_A,,true,true,N/A,N/A,N/A,N/A,N/A,N/A,N/A
269,1770457623623,Validation IR pressed,HF_22_A,,true,true,Spacebar,1,N/A,1118,N/A,N/A,N/A
269,1770457623623,IR pressed,HF_22_A,,true,true,Spacebar,1,N/A,1118,N/A,N/A,N/A
269,1770457624219,WR pressed,HF_22_A,,true,true,Yes,N/A,N/A,N/A,596,N/A,N/A
269,1770457624220,gap_time,N/A,,true,true,GapTime_824,N/A,N/A,N/A,N/A,N/A,N/A
269,1770457625046,Sentence shown,HF_5_A,,,,N/A,N/A,N/A,N/A,N/A,N/A,N/A
269,1770457629048,gap_time,N/A,,,,GapTime_1009,N/A,N/A,N/A,N/A,N/A,N/A
269,1770457630059,Sentence shown,HF_32_A,,true,true,N/A,N/A,N/A,N/A,N/A,N/A,N/A
269,1770457631101,Validation IR pressed,HF_32_A,,true,true,Spacebar,1,N/A,1042,N/A,N/A,N/A
269,1770457631101,IR pressed,HF_32_A,,true,true,Spacebar,1,N/A,1042,N/A,N/A,N/A
269,1770457631582,WR pressed,HF_32_A,,true,true,Yes,N/A,N/A,N/A,481,N/A,N/A
269,1770457631583,gap_time,N/A,,true,true,GapTime_1189,N/A,N/A,N/A,N/A,N/A,N/A
269,1770457632774,Sentence shown,HH_145_P,true,,,N/A,N/A,N/A,N/A,N/A,N/A,N/A
269,1770457636152,Validation Wrong IR pressed,HH_145_P,true,,,Spacebar,0,N/A,3378,N/A,N/A,N/A
269,1770457636152,IR pressed,HH_145_P,true,,,Spacebar,0,N/A,3378,N/A,N/A,N/A
269,1770457637180,WR pressed,HH_145_P,true,,,No,N/A,1,N/A,1028,N/A,N/A
269,1770457637181,gap_time,N/A,true,,,GapTime_1054,N/A,N/A,N/A,N/A,N/A,N/A
269,1770457638237,Sentence shown,HVL_154_A,true,,,N/A,N/A,N/A,N/A,N/A,N/A,N/A
269,1770457642239,gap_time,N/A,true,,,GapTime_1195,N/A,N/A,N/A,N/A,N/A,N/A
269,1770457643435,Sentence shown,LVH_107_A,true,,true,N/A,N/A,N/A,N/A,N/A,N/A,N/A
269,1770457645054,IR pressed,LVH_107_A,true,,true,Spacebar,1,N/A,1619,N/A,N/A,N/A
269,1770457646760,WR pressed,LVH_107_A,true,,true,No,N/A,1,N/A,1706,N/A,N/A
269,1770457646761,gap_time,N/A,true,,true,GapTime_741,N/A,N/A,N/A,N/A,N/A,N/A
269,1770457647504,Sentence shown,HF_23_A,,,,N/A,N/A,N/A,N/A,N/A,N/A,N/A
269,1770457651506,gap_time,N/A,,,,GapTime_810,N/A,N/A,N/A,N/A,N/A,N/A
269,1770457652319,Sentence shown,LVL_128_P,true,,,N/A,N/A,N/A,N/A,N/A,N/A,N/A
269,1770457656320,gap_time,N/A,true,,,GapTime_1159,N/A,N/A,N/A,N/A,N/A,N/A
269,1770457657482,Sentence shown,HF_10_A,,,,N/A,N/A,N/A,N/A,N/A,N/A,N/A
269,1770457661483,gap_time,N/A,,,,GapTime_1262,N/A,N/A,N/A,N/A,N/A,N/A
269,1770457662748,Sentence shown,HF_25_A,,,,N/A,N/A,N/A,N/A,N/A,N/A,N/A
269,1770457666749,gap_time,N/A,,,,GapTime_773,N/A,N/A,N/A,N/A,N/A,N/A
269,1770457667525,Sentence shown,HVL_154_P,true,,true,N/A,N/A,N/A,N/A,N/A,N/A,N/A
269,1770457669789,IR pressed,HVL_154_P,true,,true,Spacebar,1,N/A,2264,N/A,N/A,N/A
269,1770457670861,WR pressed,HVL_154_P,true,,true,No,N/A,1,N/A,1072,N/A,N/A
269,1770457670862,gap_time,N/A,true,,true,GapTime_1140,N/A,N/A,N/A,N/A,N/A,N/A
269,1770457672005,Sentence shown,HH_145_A,true,,true,N/A,N/A,N/A,N/A,N/A,N/A,N/A
269,1770457674333,IR pressed,HH_145_A,true,,true,Spacebar,1,N/A,2328,N/A,N/A,N/A
269,1770457680157,WR pressed,HH_145_A,true,,true,Yes,N/A,0,N/A,5824,N/A,N/A
269,1770457680157,gap_time,N/A,true,,true,GapTime_913,N/A,N/A,N/A,N/A,N/A,N/A
269,1770457681072,Sentence shown,LVH_121_A,true,,,N/A,N/A,N/A,N/A,N/A,N/A,N/A
269,1770457685074,gap_time,N/A,true,,,GapTime_723,N/A,N/A,N/A,N/A,N/A,N/A
269,1770457685799,Sentence shown,HF_19_A,,,,N/A,N/A,N/A,N/A,N/A,N/A,N/A
269,1770457689801,gap_time,N/A,,,,GapTime_860,N/A,N/A,N/A,N/A,N/A,N/A
269,1770457690664,Sentence shown,HF_2_A,,,,N/A,N/A,N/A,N/A,N/A,N/A,N/A
269,1770457694666,gap_time,N/A,,,,GapTime_969,N/A,N/A,N/A,N/A,N/A,N/A
269,1770457695637,Sentence shown,HF_33_A,,,,N/A,N/A,N/A,N/A,N/A,N/A,N/A
269,1770457699639,gap_time,N/A,,,,GapTime_1042,N/A,N/A,N/A,N/A,N/A,N/A
269,1770457700684,Sentence shown,HF_12_A,,,,N/A,N/A,N/A,N/A,N/A,N/A,N/A
269,1770457704685,gap_time,N/A,,,,GapTime_1252,N/A,N/A,N/A,N/A,N/A,N/A
269,1770457705940,Sentence shown,LVH_121_A,true,,true,N/A,N/A,N/A,N/A,N/A,N/A,N/A
269,1770457708006,IR pressed,LVH_121_A,true,,true,Spacebar,1,N/A,2066,N/A,N/A,N/A
269,1770457709957,WR pressed,LVH_121_A,true,,true,Yes,N/A,1,N/A,1951,N/A,N/A
269,1770457709958,gap_time,N/A,true,,true,GapTime_1072,N/A,N/A,N/A,N/A,N/A,N/A
269,1770457711032,Sentence shown,HF_12_A,,true,true,N/A,N/A,N/A,N/A,N/A,N/A,N/A
269,1770457712219,Validation IR pressed,HF_12_A,,true,true,Spacebar,1,N/A,1187,N/A,N/A,N/A
269,1770457712219,IR pressed,HF_12_A,,true,true,Spacebar,1,N/A,1187,N/A,N/A,N/A
269,1770457712545,WR pressed,HF_12_A,,true,true,Yes,N/A,N/A,N/A,326,N/A,N/A
269,1770457712546,gap_time,N/A,,true,true,GapTime_732,N/A,N/A,N/A,N/A,N/A,N/A
269,1770457713281,Sentence shown,LVL_128_P,true,,true,N/A,N/A,N/A,N/A,N/A,N/A,N/A
269,1770457714431,IR pressed,LVL_128_P,true,,true,Spacebar,1,N/A,1150,N/A,N/A,N/A
269,1770457714792,WR pressed,LVL_128_P,true,,true,Yes,N/A,1,N/A,361,N/A,N/A
269,1770457714793,gap_time,N/A,true,,true,GapTime_1127,N/A,N/A,N/A,N/A,N/A,N/A
269,1770457715922,Sentence shown,HF_20_A,,,,N/A,N/A,N/A,N/A,N/A,N/A,N/A
269,1770457719924,gap_time,N/A,,,,GapTime_1217,N/A,N/A,N/A,N/A,N/A,N/A
269,1770457721143,Sentence shown,LVL_136_A,true,,,N/A,N/A,N/A,N/A,N/A,N/A,N/A
269,1770457725145,gap_time,N/A,true,,,GapTime_933,N/A,N/A,N/A,N/A,N/A,N/A
269,1770457726080,Sentence shown,HF_31_A,,,,N/A,N/A,N/A,N/A,N/A,N/A,N/A
269,1770457730082,gap_time,N/A,,,,GapTime_1214,N/A,N/A,N/A,N/A,N/A,N/A
269,1770457731298,Sentence shown,HF_16_A,,,,N/A,N/A,N/A,N/A,N/A,N/A,N/A
269,1770457735299,gap_time,N/A,,,,GapTime_1249,N/A,N/A,N/A,N/A,N/A,N/A
269,1770457736550,Sentence shown,LVH_106_P,true,,,N/A,N/A,N/A,N/A,N/A,N/A,N/A
269,1770457740552,gap_time,N/A,true,,,GapTime_944,N/A,N/A,N/A,N/A,N/A,N/A
269,1770457741498,Sentence shown,LVL_136_P,true,,true,N/A,N/A,N/A,N/A,N/A,N/A,N/A
269,1770457742667,IR pressed,LVL_136_P,true,,true,Spacebar,1,N/A,1169,N/A,N/A,N/A
269,1770457743248,WR pressed,LVL_136_P,true,,true,Yes,N/A,0,N/A,581,N/A,N/A
269,1770457743249,gap_time,N/A,true,,true,GapTime_919,N/A,N/A,N/A,N/A,N/A,N/A
269,1770457744170,Sentence shown,HF_4_A,,,,N/A,N/A,N/A,N/A,N/A,N/A,N/A
269,1770457748172,gap_time,N/A,,,,GapTime_1263,N/A,N/A,N/A,N/A,N/A,N/A
269,1770457749437,Sentence shown,HH_142_A,true,,,N/A,N/A,N/A,N/A,N/A,N/A,N/A
269,1770457753439,gap_time,N/A,true,,,GapTime_830,N/A,N/A,N/A,N/A,N/A,N/A
269,1770457754271,Sentence shown,HF_17_A,,,,N/A,N/A,N/A,N/A,N/A,N/A,N/A
269,1770457758273,gap_time,N/A,,,,GapTime_818,N/A,N/A,N/A,N/A,N/A,N/A
269,1770457759094,Sentence shown,HVL_111_P,true,,,N/A,N/A,N/A,N/A,N/A,N/A,N/A
269,1770457763096,gap_time,N/A,true,,,GapTime_1280,N/A,N/A,N/A,N/A,N/A,N/A
269,1770457764378,Sentence shown,LVH_106_P,true,,true,N/A,N/A,N/A,N/A,N/A,N/A,N/A
269,1770457765530,IR pressed,LVH_106_P,true,,true,Spacebar,1,N/A,1152,N/A,N/A,N/A
269,1770457770621,WR pressed,LVH_106_P,true,,true,Yes,N/A,1,N/A,5090,N/A,N/A
269,1770457770621,gap_time,N/A,true,,true,GapTime_1069,N/A,N/A,N/A,N/A,N/A,N/A
269,1770457771692,Sentence shown,HVL_102_P,true,,,N/A,N/A,N/A,N/A,N/A,N/A,N/A
269,1770457775587,Validation Wrong IR pressed,HVL_102_P,true,,,Spacebar,0,N/A,3895,N/A,N/A,N/A
269,1770457775587,IR pressed,HVL_102_P,true,,,Spacebar,0,N/A,3895,N/A,N/A,N/A
269,1770457782709,WR pressed,HVL_102_P,true,,,No,N/A,0,N/A,7122,N/A,N/A
269,1770457782710,gap_time,N/A,true,,,GapTime_1279,N/A,N/A,N/A,N/A,N/A,N/A
269,1770457783991,Sentence shown,HF_1_A,,,,N/A,N/A,N/A,N/A,N/A,N/A,N/A
269,1770457787993,gap_time,N/A,,,,GapTime_1251,N/A,N/A,N/A,N/A,N/A,N/A
269,1770457789246,Sentence shown,HH_142_P,true,,true,N/A,N/A,N/A,N/A,N/A,N/A,N/A
269,1770457791506,IR pressed,HH_142_P,true,,true,Spacebar,1,N/A,2260,N/A,N/A,N/A
269,1770457792636,WR pressed,HH_142_P,true,,true,No,N/A,1,N/A,1130,N/A,N/A
269,1770457792637,gap_time,N/A,true,,true,GapTime_1100,N/A,N/A,N/A,N/A,N/A,N/A
269,1770457793738,Sentence shown,HVL_111_A,true,,true,N/A,N/A,N/A,N/A,N/A,N/A,N/A
269,1770457795525,IR pressed,HVL_111_A,true,,true,Spacebar,1,N/A,1786,N/A,N/A,N/A
269,1770457796880,WR pressed,HVL_111_A,true,,true,No,N/A,1,N/A,1355,N/A,N/A
269,1770457796881,gap_time,N/A,true,,true,GapTime_969,N/A,N/A,N/A,N/A,N/A,N/A
269,1770457797852,Sentence shown,HVL_102_P,true,,true,N/A,N/A,N/A,N/A,N/A,N/A,N/A
269,1770457799097,IR pressed,HVL_102_P,true,,true,Spacebar,1,N/A,1245,N/A,N/A,N/A
269,1770457799503,WR pressed,HVL_102_P,true,,true,Yes,N/A,1,N/A,406,N/A,N/A
269,1770457799504,gap_time,N/A,true,,true,GapTime_1143,N/A,N/A,N/A,N/A,N/A,N/A
269,1770457800649,Rest Phase started,N/A,true,,true,Rest,N/A,N/A,N/A,N/A,N/A,N/A
269,1770457810841,Sentence shown,HF_64_A,,,,N/A,N/A,N/A,N/A,N/A,N/A,N/A
269,1770457814843,gap_time,N/A,,,,GapTime_1096,N/A,N/A,N/A,N/A,N/A,N/A
269,1770457815942,Sentence shown,HF_38_A,,,,N/A,N/A,N/A,N/A,N/A,N/A,N/A
269,1770457819944,gap_time,N/A,,,,GapTime_913,N/A,N/A,N/A,N/A,N/A,N/A
269,1770457820859,Sentence shown,HF_61_A,,,,N/A,N/A,N/A,N/A,N/A,N/A,N/A
269,1770457824861,gap_time,N/A,,,,GapTime_760,N/A,N/A,N/A,N/A,N/A,N/A
269,1770457825623,Sentence shown,HF_48_A,,,,N/A,N/A,N/A,N/A,N/A,N/A,N/A
269,1770457829624,gap_time,N/A,,,,GapTime_1288,N/A,N/A,N/A,N/A,N/A,N/A
269,1770457830914,Sentence shown,HF_48_A,,true,true,N/A,N/A,N/A,N/A,N/A,N/A,N/A
269,1770457832420,Validation IR pressed,HF_48_A,,true,true,Spacebar,1,N/A,1506,N/A,N/A,N/A
269,1770457832420,IR pressed,HF_48_A,,true,true,Spacebar,1,N/A,1506,N/A,N/A,N/A
269,1770457833623,WR pressed,HF_48_A,,true,true,Yes,N/A,N/A,N/A,1203,N/A,N/A
269,1770457833624,gap_time,N/A,,true,true,GapTime_826,N/A,N/A,N/A,N/A,N/A,N/A
269,1770457834452,Sentence shown,HF_61_A,,true,true,N/A,N/A,N/A,N/A,N/A,N/A,N/A
269,1770457835619,Validation IR pressed,HF_61_A,,true,true,Spacebar,1,N/A,1167,N/A,N/A,N/A
269,1770457835619,IR pressed,HF_61_A,,true,true,Spacebar,1,N/A,1167,N/A,N/A,N/A
269,1770457835855,WR pressed,HF_61_A,,true,true,Yes,N/A,N/A,N/A,236,N/A,N/A
269,1770457835856,gap_time,N/A,,true,true,GapTime_984,N/A,N/A,N/A,N/A,N/A,N/A
269,1770457836842,Sentence shown,LVH_144_P,true,,,N/A,N/A,N/A,N/A,N/A,N/A,N/A
269,1770457840843,gap_time,N/A,true,,,GapTime_927,N/A,N/A,N/A,N/A,N/A,N/A
269,1770457841772,Sentence shown,HF_49_A,,,,N/A,N/A,N/A,N/A,N/A,N/A,N/A
269,1770457845774,gap_time,N/A,,,,GapTime_1189,N/A,N/A,N/A,N/A,N/A,N/A
269,1770457846965,Sentence shown,LVH_109_P,true,,,N/A,N/A,N/A,N/A,N/A,N/A,N/A
269,1770457850967,gap_time,N/A,true,,,GapTime_1009,N/A,N/A,N/A,N/A,N/A,N/A
269,1770457851978,Sentence shown,HF_49_A,,true,true,N/A,N/A,N/A,N/A,N/A,N/A,N/A
269,1770457853217,Validation IR pressed,HF_49_A,,true,true,Spacebar,1,N/A,1239,N/A,N/A,N/A
269,1770457853217,IR pressed,HF_49_A,,true,true,Spacebar,1,N/A,1239,N/A,N/A,N/A
269,1770457853612,WR pressed,HF_49_A,,true,true,Yes,N/A,N/A,N/A,395,N/A,N/A
269,1770457853613,gap_time,N/A,,true,true,GapTime_1012,N/A,N/A,N/A,N/A,N/A,N/A
269,1770457854627,Sentence shown,HF_37_A,,,,N/A,N/A,N/A,N/A,N/A,N/A,N/A
269,1770457858629,gap_time,N/A,,,,GapTime_796,N/A,N/A,N/A,N/A,N/A,N/A
269,1770457859427,Sentence shown,HF_53_A,,,,N/A,N/A,N/A,N/A,N/A,N/A,N/A
269,1770457863429,gap_time,N/A,,,,GapTime_704,N/A,N/A,N/A,N/A,N/A,N/A
269,1770457864135,Sentence shown,HF_53_A,,true,true,N/A,N/A,N/A,N/A,N/A,N/A,N/A
269,1770457865055,Validation IR pressed,HF_53_A,,true,true,Spacebar,1,N/A,919,N/A,N/A,N/A
269,1770457865055,IR pressed,HF_53_A,,true,true,Spacebar,1,N/A,919,N/A,N/A,N/A
269,1770457866168,WR pressed,HF_53_A,,true,true,Yes,N/A,N/A,N/A,1113,N/A,N/A
269,1770457866169,gap_time,N/A,,true,true,GapTime_985,N/A,N/A,N/A,N/A,N/A,N/A
269,1770457867156,Sentence shown,HF_56_A,,,,N/A,N/A,N/A,N/A,N/A,N/A,N/A
269,1770457871158,gap_time,N/A,,,,GapTime_751,N/A,N/A,N/A,N/A,N/A,N/A
269,1770457871911,Sentence shown,HF_56_A,,true,true,N/A,N/A,N/A,N/A,N/A,N/A,N/A
269,1770457872669,Validation IR pressed,HF_56_A,,true,true,Spacebar,1,N/A,758,N/A,N/A,N/A
269,1770457872669,IR pressed,HF_56_A,,true,true,Spacebar,1,N/A,758,N/A,N/A,N/A
269,1770457872955,WR pressed,HF_56_A,,true,true,Yes,N/A,N/A,N/A,285,N/A,N/A
269,1770457872955,gap_time,N/A,,true,true,GapTime_807,N/A,N/A,N/A,N/A,N/A,N/A
269,1770457873765,Sentence shown,LVH_144_A,true,,true,N/A,N/A,N/A,N/A,N/A,N/A,N/A
269,1770457874690,IR pressed,LVH_144_A,true,,true,Spacebar,1,N/A,925,N/A,N/A,N/A
269,1770457875327,WR pressed,LVH_144_A,true,,true,No,N/A,1,N/A,637,N/A,N/A
269,1770457875328,gap_time,N/A,true,,true,GapTime_1071,N/A,N/A,N/A,N/A,N/A,N/A
269,1770457876401,Sentence shown,HF_59_A,,,,N/A,N/A,N/A,N/A,N/A,N/A,N/A
269,1770457880403,gap_time,N/A,,,,GapTime_946,N/A,N/A,N/A,N/A,N/A,N/A
269,1770457881351,Sentence shown,HF_65_A,,,,N/A,N/A,N/A,N/A,N/A,N/A,N/A
269,1770457885353,gap_time,N/A,,,,GapTime_932,N/A,N/A,N/A,N/A,N/A,N/A
269,1770457886287,Sentence shown,LVH_109_P,true,,true,N/A,N/A,N/A,N/A,N/A,N/A,N/A
269,1770457888169,IR pressed,LVH_109_P,true,,true,Spacebar,1,N/A,1881,N/A,N/A,N/A
269,1770457889694,WR pressed,LVH_109_P,true,,true,Yes,N/A,1,N/A,1525,N/A,N/A
269,1770457889695,gap_time,N/A,true,,true,GapTime_1003,N/A,N/A,N/A,N/A,N/A,N/A
269,1770457890700,Sentence shown,HF_59_A,,true,true,N/A,N/A,N/A,N/A,N/A,N/A,N/A
269,1770457891840,Validation IR pressed,HF_59_A,,true,true,Spacebar,1,N/A,1140,N/A,N/A,N/A
269,1770457891840,IR pressed,HF_59_A,,true,true,Spacebar,1,N/A,1140,N/A,N/A,N/A
269,1770457892201,WR pressed,HF_59_A,,true,true,Yes,N/A,N/A,N/A,361,N/A,N/A
269,1770457892202,gap_time,N/A,,true,true,GapTime_790,N/A,N/A,N/A,N/A,N/A,N/A
269,1770457892995,Sentence shown,HF_52_A,,,,N/A,N/A,N/A,N/A,N/A,N/A,N/A
269,1770457896996,gap_time,N/A,,,,GapTime_829,N/A,N/A,N/A,N/A,N/A,N/A
269,1770457897827,Sentence shown,HF_57_A,,,,N/A,N/A,N/A,N/A,N/A,N/A,N/A
269,1770457901829,gap_time,N/A,,,,GapTime_721,N/A,N/A,N/A,N/A,N/A,N/A
269,1770457902552,Sentence shown,LVL_108_P,true,,,N/A,N/A,N/A,N/A,N/A,N/A,N/A
269,1770457906554,gap_time,N/A,true,,,GapTime_1027,N/A,N/A,N/A,N/A,N/A,N/A
269,1770457907584,Sentence shown,LVH_126_A,true,,,N/A,N/A,N/A,N/A,N/A,N/A,N/A
269,1770457911585,gap_time,N/A,true,,,GapTime_1163,N/A,N/A,N/A,N/A,N/A,N/A
269,1770457912751,Sentence shown,HF_43_A,,,,N/A,N/A,N/A,N/A,N/A,N/A,N/A
269,1770457915953,Validation Wrong IR pressed,HF_43_A,,,,Spacebar,0,N/A,3202,N/A,N/A,N/A
269,1770457915953,IR pressed,HF_43_A,,,,Spacebar,0,N/A,3202,N/A,N/A,N/A
269,1770457917577,WR pressed,HF_43_A,,,,No,N/A,N/A,N/A,1624,N/A,N/A
269,1770457917577,gap_time,N/A,,,,GapTime_1170,N/A,N/A,N/A,N/A,N/A,N/A
269,1770457918749,Sentence shown,HF_47_A,,,,N/A,N/A,N/A,N/A,N/A,N/A,N/A
269,1770457922751,gap_time,N/A,,,,GapTime_770,N/A,N/A,N/A,N/A,N/A,N/A
269,1770457923523,Sentence shown,HF_36_A,,,,N/A,N/A,N/A,N/A,N/A,N/A,N/A
269,1770457927525,gap_time,N/A,,,,GapTime_921,N/A,N/A,N/A,N/A,N/A,N/A
269,1770457928448,Sentence shown,HF_40_A,,,,N/A,N/A,N/A,N/A,N/A,N/A,N/A
269,1770457929405,Validation Wrong IR pressed,HF_40_A,,,,Spacebar,0,N/A,957,N/A,N/A,N/A
269,1770457929405,IR pressed,HF_40_A,,,,Spacebar,0,N/A,957,N/A,N/A,N/A
269,1770457929569,WR pressed,HF_40_A,,,,Yes,N/A,N/A,N/A,164,N/A,N/A
269,1770457929570,gap_time,N/A,,,,GapTime_1109,N/A,N/A,N/A,N/A,N/A,N/A
269,1770457930681,Sentence shown,LVH_126_P,true,,true,N/A,N/A,N/A,N/A,N/A,N/A,N/A
269,1770457934683,gap_time,N/A,true,,true,GapTime_1262,N/A,N/A,N/A,N/A,N/A,N/A
269,1770457935947,Sentence shown,LVL_108_A,true,,true,N/A,N/A,N/A,N/A,N/A,N/A,N/A
269,1770457937562,IR pressed,LVL_108_A,true,,true,Spacebar,1,N/A,1615,N/A,N/A,N/A
269,1770457939056,WR pressed,LVL_108_A,true,,true,No,N/A,1,N/A,1494,N/A,N/A
269,1770457939057,gap_time,N/A,true,,true,GapTime_1071,N/A,N/A,N/A,N/A,N/A,N/A
269,1770457940129,Sentence shown,HVL_119_P,true,,,N/A,N/A,N/A,N/A,N/A,N/A,N/A
269,1770457944131,gap_time,N/A,true,,,GapTime_788,N/A,N/A,N/A,N/A,N/A,N/A
269,1770457944921,Sentence shown,HF_45_A,,,,N/A,N/A,N/A,N/A,N/A,N/A,N/A
269,1770457948922,gap_time,N/A,,,,GapTime_1095,N/A,N/A,N/A,N/A,N/A,N/A
269,1770457950019,Sentence shown,HF_63_A,,,,N/A,N/A,N/A,N/A,N/A,N/A,N/A
269,1770457954021,gap_time,N/A,,,,GapTime_872,N/A,N/A,N/A,N/A,N/A,N/A
269,1770457954895,Sentence shown,HF_63_A,,true,true,N/A,N/A,N/A,N/A,N/A,N/A,N/A
269,1770457955721,Validation IR pressed,HF_63_A,,true,true,Spacebar,1,N/A,826,N/A,N/A,N/A
269,1770457955721,IR pressed,HF_63_A,,true,true,Spacebar,1,N/A,826,N/A,N/A,N/A
269,1770457955959,WR pressed,HF_63_A,,true,true,Yes,N/A,N/A,N/A,238,N/A,N/A
269,1770457955960,gap_time,N/A,,true,true,GapTime_1011,N/A,N/A,N/A,N/A,N/A,N/A
269,1770457956973,Sentence shown,LVL_107_A,true,,,N/A,N/A,N/A,N/A,N/A,N/A,N/A
269,1770457960974,gap_time,N/A,true,,,GapTime_1032,N/A,N/A,N/A,N/A,N/A,N/A
269,1770457962009,Sentence shown,HF_35_A,,,,N/A,N/A,N/A,N/A,N/A,N/A,N/A
269,1770457966010,gap_time,N/A,,,,GapTime_934,N/A,N/A,N/A,N/A,N/A,N/A
269,1770457966946,Sentence shown,HF_51_A,,,,N/A,N/A,N/A,N/A,N/A,N/A,N/A
269,1770457970948,gap_time,N/A,,,,GapTime_851,N/A,N/A,N/A,N/A,N/A,N/A
269,1770457971801,Sentence shown,HH_143_P,true,,,N/A,N/A,N/A,N/A,N/A,N/A,N/A
269,1770457975803,gap_time,N/A,true,,,GapTime_737,N/A,N/A,N/A,N/A,N/A,N/A
269,1770457976542,Sentence shown,HVL_119_A,true,,true,N/A,N/A,N/A,N/A,N/A,N/A,N/A
269,1770457977984,IR pressed,HVL_119_A,true,,true,Spacebar,1,N/A,1442,N/A,N/A,N/A
269,1770457979121,WR pressed,HVL_119_A,true,,true,No,N/A,1,N/A,1137,N/A,N/A
269,1770457979122,gap_time,N/A,true,,true,GapTime_1286,N/A,N/A,N/A,N/A,N/A,N/A
269,1770457980410,Sentence shown,HF_62_A,,,,N/A,N/A,N/A,N/A,N/A,N/A,N/A
269,1770457984411,gap_time,N/A,,,,GapTime_1009,N/A,N/A,N/A,N/A,N/A,N/A
269,1770457985422,Sentence shown,LVL_107_P,true,,true,N/A,N/A,N/A,N/A,N/A,N/A,N/A
269,1770457987107,IR pressed,LVL_107_P,true,,true,Spacebar,1,N/A,1685,N/A,N/A,N/A
269,1770457989450,WR pressed,LVL_107_P,true,,true,No,N/A,1,N/A,2343,N/A,N/A
269,1770457989451,gap_time,N/A,true,,true,GapTime_1031,N/A,N/A,N/A,N/A,N/A,N/A
269,1770457990484,Sentence shown,HF_39_A,,,,N/A,N/A,N/A,N/A,N/A,N/A,N/A
269,1770457994486,gap_time,N/A,,,,GapTime_806,N/A,N/A,N/A,N/A,N/A,N/A
269,1770457995294,Sentence shown,LVL_101_A,true,,,N/A,N/A,N/A,N/A,N/A,N/A,N/A
269,1770457999295,gap_time,N/A,true,,,GapTime_1096,N/A,N/A,N/A,N/A,N/A,N/A
269,1770458000393,Sentence shown,HF_55_A,,,,N/A,N/A,N/A,N/A,N/A,N/A,N/A
269,1770458004395,gap_time,N/A,,,,GapTime_1008,N/A,N/A,N/A,N/A,N/A,N/A
269,1770458005404,Sentence shown,HF_44_A,,,,N/A,N/A,N/A,N/A,N/A,N/A,N/A
269,1770458009406,gap_time,N/A,,,,GapTime_1293,N/A,N/A,N/A,N/A,N/A,N/A
269,1770458010702,Sentence shown,HF_42_A,,,,N/A,N/A,N/A,N/A,N/A,N/A,N/A
269,1770458014704,gap_time,N/A,,,,GapTime_1216,N/A,N/A,N/A,N/A,N/A,N/A
269,1770458015922,Sentence shown,HF_41_A,,,,N/A,N/A,N/A,N/A,N/A,N/A,N/A
269,1770458019923,gap_time,N/A,,,,GapTime_1259,N/A,N/A,N/A,N/A,N/A,N/A
269,1770458021183,Sentence shown,HH_143_A,true,,true,N/A,N/A,N/A,N/A,N/A,N/A,N/A
269,1770458022217,IR pressed,HH_143_A,true,,true,Spacebar,1,N/A,1034,N/A,N/A,N/A
269,1770458022949,WR pressed,HH_143_A,true,,true,No,N/A,1,N/A,732,N/A,N/A
269,1770458022950,gap_time,N/A,true,,true,GapTime_1041,N/A,N/A,N/A,N/A,N/A,N/A
269,1770458023993,Sentence shown,HF_58_A,,,,N/A,N/A,N/A,N/A,N/A,N/A,N/A
269,1770458027995,gap_time,N/A,,,,GapTime_964,N/A,N/A,N/A,N/A,N/A,N/A
269,1770458028960,Sentence shown,LVL_101_A,true,,true,N/A,N/A,N/A,N/A,N/A,N/A,N/A
269,1770458032962,gap_time,N/A,true,,true,GapTime_986,N/A,N/A,N/A,N/A,N/A,N/A
269,1770458033950,Sentence shown,HF_58_A,,true,true,N/A,N/A,N/A,N/A,N/A,N/A,N/A
269,1770458035701,Validation IR pressed,HF_58_A,,true,true,Spacebar,1,N/A,1751,N/A,N/A,N/A
269,1770458035701,IR pressed,HF_58_A,,true,true,Spacebar,1,N/A,1751,N/A,N/A,N/A
269,1770458036011,WR pressed,HF_58_A,,true,true,Yes,N/A,N/A,N/A,310,N/A,N/A
269,1770458036011,gap_time,N/A,,true,true,GapTime_1066,N/A,N/A,N/A,N/A,N/A,N/A
269,1770458037079,Sentence shown,HVL_131_A,true,,,N/A,N/A,N/A,N/A,N/A,N/A,N/A
269,1770458041081,gap_time,N/A,true,,,GapTime_767,N/A,N/A,N/A,N/A,N/A,N/A
269,1770458041850,Sentence shown,HF_34_A,,,,N/A,N/A,N/A,N/A,N/A,N/A,N/A
269,1770458045852,gap_time,N/A,,,,GapTime_1063,N/A,N/A,N/A,N/A,N/A,N/A
269,1770458046917,Sentence shown,HF_54_A,,,,N/A,N/A,N/A,N/A,N/A,N/A,N/A
269,1770458050918,gap_time,N/A,,,,GapTime_950,N/A,N/A,N/A,N/A,N/A,N/A
269,1770458051870,Sentence shown,HF_50_A,,,,N/A,N/A,N/A,N/A,N/A,N/A,N/A
269,1770458055872,gap_time,N/A,,,,GapTime_901,N/A,N/A,N/A,N/A,N/A,N/A
269,1770458056776,Sentence shown,HF_50_A,,true,true,N/A,N/A,N/A,N/A,N/A,N/A,N/A
269,1770458057632,Validation IR pressed,HF_50_A,,true,true,Spacebar,1,N/A,856,N/A,N/A,N/A
269,1770458057632,IR pressed,HF_50_A,,true,true,Spacebar,1,N/A,856,N/A,N/A,N/A
269,1770458057872,WR pressed,HF_50_A,,true,true,Yes,N/A,N/A,N/A,240,N/A,N/A
269,1770458057873,gap_time,N/A,,true,true,GapTime_794,N/A,N/A,N/A,N/A,N/A,N/A
269,1770458058669,Sentence shown,HH_166_A,true,,,N/A,N/A,N/A,N/A,N/A,N/A,N/A
269,1770458062671,gap_time,N/A,true,,,GapTime_1109,N/A,N/A,N/A,N/A,N/A,N/A
269,1770458063782,Sentence shown,HF_60_A,,,,N/A,N/A,N/A,N/A,N/A,N/A,N/A
269,1770458067784,gap_time,N/A,,,,GapTime_1243,N/A,N/A,N/A,N/A,N/A,N/A
269,1770458069029,Sentence shown,HVL_131_A,true,,true,N/A,N/A,N/A,N/A,N/A,N/A,N/A
269,1770458070037,IR pressed,HVL_131_A,true,,true,Spacebar,1,N/A,1008,N/A,N/A,N/A
269,1770458070233,WR pressed,HVL_131_A,true,,true,Yes,N/A,1,N/A,196,N/A,N/A
269,1770458070234,gap_time,N/A,true,,true,GapTime_982,N/A,N/A,N/A,N/A,N/A,N/A
269,1770458071218,Sentence shown,HH_158_A,true,,,N/A,N/A,N/A,N/A,N/A,N/A,N/A
269,1770458075220,gap_time,N/A,true,,,GapTime_1246,N/A,N/A,N/A,N/A,N/A,N/A
269,1770458076469,Sentence shown,HVL_104_P,true,,,N/A,N/A,N/A,N/A,N/A,N/A,N/A
269,1770458080472,gap_time,N/A,true,,,GapTime_766,N/A,N/A,N/A,N/A,N/A,N/A
269,1770458081240,Sentence shown,HVL_150_A,true,,,N/A,N/A,N/A,N/A,N/A,N/A,N/A
269,1770458085242,gap_time,N/A,true,,,GapTime_1043,N/A,N/A,N/A,N/A,N/A,N/A
269,1770458086287,Sentence shown,HF_46_A,,,,N/A,N/A,N/A,N/A,N/A,N/A,N/A
269,1770458090289,gap_time,N/A,,,,GapTime_1111,N/A,N/A,N/A,N/A,N/A,N/A
269,1770458091402,Sentence shown,HF_46_A,,true,true,N/A,N/A,N/A,N/A,N/A,N/A,N/A
269,1770458095403,Validation Missed,HF_46_A,,true,true,None,0,N/A,N/A,N/A,N/A,N/A
269,1770458095404,gap_time,N/A,,true,true,GapTime_1297,N/A,N/A,N/A,N/A,N/A,N/A
269,1770458096703,Sentence shown,LVH_152_A,true,,,N/A,N/A,N/A,N/A,N/A,N/A,N/A
269,1770458100705,gap_time,N/A,true,,,GapTime_750,N/A,N/A,N/A,N/A,N/A,N/A
269,1770458101458,Sentence shown,HH_137_P,true,,,N/A,N/A,N/A,N/A,N/A,N/A,N/A
269,1770458105460,gap_time,N/A,true,,,GapTime_1267,N/A,N/A,N/A,N/A,N/A,N/A
269,1770458106729,Sentence shown,HH_166_A,true,,true,N/A,N/A,N/A,N/A,N/A,N/A,N/A
269,1770458107662,IR pressed,HH_166_A,true,,true,Spacebar,1,N/A,933,N/A,N/A,N/A
269,1770458107907,WR pressed,HH_166_A,true,,true,Yes,N/A,1,N/A,245,N/A,N/A
269,1770458107908,gap_time,N/A,true,,true,GapTime_1017,N/A,N/A,N/A,N/A,N/A,N/A
269,1770458108927,Sentence shown,LVL_113_P,true,,,N/A,N/A,N/A,N/A,N/A,N/A,N/A
269,1770458112929,gap_time,N/A,true,,,GapTime_1010,N/A,N/A,N/A,N/A,N/A,N/A
269,1770458113941,Sentence shown,HH_158_P,true,,true,N/A,N/A,N/A,N/A,N/A,N/A,N/A
269,1770458115154,IR pressed,HH_158_P,true,,true,Spacebar,1,N/A,1213,N/A,N/A,N/A
269,1770458118018,WR pressed,HH_158_P,true,,true,No,N/A,1,N/A,2864,N/A,N/A
269,1770458118019,gap_time,N/A,true,,true,GapTime_1152,N/A,N/A,N/A,N/A,N/A,N/A
269,1770458119173,Sentence shown,HVL_104_P,true,,true,N/A,N/A,N/A,N/A,N/A,N/A,N/A
269,1770458120215,IR pressed,HVL_104_P,true,,true,Spacebar,1,N/A,1041,N/A,N/A,N/A
269,1770458120466,WR pressed,HVL_104_P,true,,true,Yes,N/A,1,N/A,251,N/A,N/A
269,1770458120467,gap_time,N/A,true,,true,GapTime_1282,N/A,N/A,N/A,N/A,N/A,N/A
269,1770458121751,Sentence shown,HVL_150_P,true,,true,N/A,N/A,N/A,N/A,N/A,N/A,N/A
269,1770458122932,IR pressed,HVL_150_P,true,,true,Spacebar,1,N/A,1181,N/A,N/A,N/A
269,1770458127467,WR pressed,HVL_150_P,true,,true,Yes,N/A,0,N/A,4534,N/A,N/A
269,1770458127468,gap_time,N/A,true,,true,GapTime_1257,N/A,N/A,N/A,N/A,N/A,N/A
269,1770458128727,Sentence shown,LVH_152_A,true,,true,N/A,N/A,N/A,N/A,N/A,N/A,N/A
269,1770458129710,IR pressed,LVH_152_A,true,,true,Spacebar,1,N/A,983,N/A,N/A,N/A
269,1770458129944,WR pressed,LVH_152_A,true,,true,Yes,N/A,1,N/A,234,N/A,N/A
269,1770458129945,gap_time,N/A,true,,true,GapTime_1134,N/A,N/A,N/A,N/A,N/A,N/A
269,1770458131082,Sentence shown,HH_137_P,true,,true,N/A,N/A,N/A,N/A,N/A,N/A,N/A
269,1770458132066,IR pressed,HH_137_P,true,,true,Spacebar,1,N/A,984,N/A,N/A,N/A
269,1770458132371,WR pressed,HH_137_P,true,,true,Yes,N/A,1,N/A,305,N/A,N/A
269,1770458132372,gap_time,N/A,true,,true,GapTime_1286,N/A,N/A,N/A,N/A,N/A,N/A
269,1770458133661,Sentence shown,LVL_113_P,true,,true,N/A,N/A,N/A,N/A,N/A,N/A,N/A
269,1770458135336,IR pressed,LVL_113_P,true,,true,Spacebar,1,N/A,1675,N/A,N/A,N/A
269,1770458136339,WR pressed,LVL_113_P,true,,true,No,N/A,0,N/A,1003,N/A,N/A
269,1770458136340,gap_time,N/A,true,,true,GapTime_1098,N/A,N/A,N/A,N/A,N/A,N/A
269,1770458137440,Rest Phase started,N/A,true,,true,Rest,N/A,N/A,N/A,N/A,N/A,N/A
269,1770458159047,Sentence shown,HF_71_A,,,,N/A,N/A,N/A,N/A,N/A,N/A,N/A
269,1770458163049,gap_time,N/A,,,,GapTime_942,N/A,N/A,N/A,N/A,N/A,N/A
269,1770458163993,Sentence shown,HF_73_A,,,,N/A,N/A,N/A,N/A,N/A,N/A,N/A
269,1770458167995,gap_time,N/A,,,,GapTime_1269,N/A,N/A,N/A,N/A,N/A,N/A
269,1770458169266,Sentence shown,HF_85_A,,,,N/A,N/A,N/A,N/A,N/A,N/A,N/A
269,1770458173267,gap_time,N/A,,,,GapTime_1006,N/A,N/A,N/A,N/A,N/A,N/A
269,1770458174275,Sentence shown,HF_73_A,,true,true,N/A,N/A,N/A,N/A,N/A,N/A,N/A
269,1770458175195,Validation IR pressed,HF_73_A,,true,true,Spacebar,1,N/A,920,N/A,N/A,N/A
269,1770458175195,IR pressed,HF_73_A,,true,true,Spacebar,1,N/A,920,N/A,N/A,N/A
269,1770458175415,WR pressed,HF_73_A,,true,true,Yes,N/A,N/A,N/A,220,N/A,N/A
269,1770458175416,gap_time,N/A,,true,true,GapTime_860,N/A,N/A,N/A,N/A,N/A,N/A
269,1770458176278,Sentence shown,HF_71_A,,true,true,N/A,N/A,N/A,N/A,N/A,N/A,N/A
269,1770458177327,Validation IR pressed,HF_71_A,,true,true,Spacebar,1,N/A,1049,N/A,N/A,N/A
269,1770458177327,IR pressed,HF_71_A,,true,true,Spacebar,1,N/A,1049,N/A,N/A,N/A
269,1770458177501,WR pressed,HF_71_A,,true,true,Yes,N/A,N/A,N/A,174,N/A,N/A
269,1770458177502,gap_time,N/A,,true,true,GapTime_957,N/A,N/A,N/A,N/A,N/A,N/A
269,1770458178460,Sentence shown,HF_85_A,,true,true,N/A,N/A,N/A,N/A,N/A,N/A,N/A
269,1770458179878,Validation IR pressed,HF_85_A,,true,true,Spacebar,1,N/A,1418,N/A,N/A,N/A
269,1770458179878,IR pressed,HF_85_A,,true,true,Spacebar,1,N/A,1418,N/A,N/A,N/A
269,1770458180039,WR pressed,HF_85_A,,true,true,Yes,N/A,N/A,N/A,161,N/A,N/A
269,1770458180040,gap_time,N/A,,true,true,GapTime_790,N/A,N/A,N/A,N/A,N/A,N/A
269,1770458180832,Sentence shown,HVL_126_A,true,,,N/A,N/A,N/A,N/A,N/A,N/A,N/A
269,1770458184833,gap_time,N/A,true,,,GapTime_718,N/A,N/A,N/A,N/A,N/A,N/A
269,1770458185553,Sentence shown,HVL_112_P,true,,,N/A,N/A,N/A,N/A,N/A,N/A,N/A
269,1770458189554,gap_time,N/A,true,,,GapTime_1225,N/A,N/A,N/A,N/A,N/A,N/A
269,1770458190781,Sentence shown,HF_93_A,,,,N/A,N/A,N/A,N/A,N/A,N/A,N/A
269,1770458194782,gap_time,N/A,,,,GapTime_722,N/A,N/A,N/A,N/A,N/A,N/A
269,1770458195506,Sentence shown,LVL_106_P,true,,,N/A,N/A,N/A,N/A,N/A,N/A,N/A
269,1770458199508,gap_time,N/A,true,,,GapTime_870,N/A,N/A,N/A,N/A,N/A,N/A
269,1770458200380,Sentence shown,HF_72_A,,,,N/A,N/A,N/A,N/A,N/A,N/A,N/A
269,1770458204381,gap_time,N/A,,,,GapTime_1084,N/A,N/A,N/A,N/A,N/A,N/A
269,1770458205467,Sentence shown,HF_75_A,,,,N/A,N/A,N/A,N/A,N/A,N/A,N/A
269,1770458209469,gap_time,N/A,,,,GapTime_785,N/A,N/A,N/A,N/A,N/A,N/A
269,1770458210256,Sentence shown,HVL_112_P,true,,true,N/A,N/A,N/A,N/A,N/A,N/A,N/A
269,1770458211643,IR pressed,HVL_112_P,true,,true,Spacebar,1,N/A,1386,N/A,N/A,N/A
269,1770458212500,WR pressed,HVL_112_P,true,,true,Yes,N/A,1,N/A,856,N/A,N/A
269,1770458212500,gap_time,N/A,true,,true,GapTime_1094,N/A,N/A,N/A,N/A,N/A,N/A
269,1770458213596,Sentence shown,HF_67_A,,,,N/A,N/A,N/A,N/A,N/A,N/A,N/A
269,1770458217598,gap_time,N/A,,,,GapTime_1178,N/A,N/A,N/A,N/A,N/A,N/A
269,1770458218778,Sentence shown,HVL_126_P,true,,true,N/A,N/A,N/A,N/A,N/A,N/A,N/A
269,1770458219696,IR pressed,HVL_126_P,true,,true,Spacebar,1,N/A,918,N/A,N/A,N/A
269,1770458220410,WR pressed,HVL_126_P,true,,true,No,N/A,1,N/A,714,N/A,N/A
269,1770458220411,gap_time,N/A,true,,true,GapTime_891,N/A,N/A,N/A,N/A,N/A,N/A
269,1770458221304,Sentence shown,HF_70_A,,,,N/A,N/A,N/A,N/A,N/A,N/A,N/A
269,1770458225305,gap_time,N/A,,,,GapTime_980,N/A,N/A,N/A,N/A,N/A,N/A
269,1770458226287,Sentence shown,HF_70_A,,true,true,N/A,N/A,N/A,N/A,N/A,N/A,N/A
269,1770458227122,Validation IR pressed,HF_70_A,,true,true,Spacebar,1,N/A,835,N/A,N/A,N/A
269,1770458227122,IR pressed,HF_70_A,,true,true,Spacebar,1,N/A,835,N/A,N/A,N/A
269,1770458227322,WR pressed,HF_70_A,,true,true,Yes,N/A,N/A,N/A,199,N/A,N/A
269,1770458227322,gap_time,N/A,,true,true,GapTime_965,N/A,N/A,N/A,N/A,N/A,N/A
269,1770458228290,Sentence shown,HF_69_A,,,,N/A,N/A,N/A,N/A,N/A,N/A,N/A
269,1770458232291,gap_time,N/A,,,,GapTime_916,N/A,N/A,N/A,N/A,N/A,N/A
269,1770458233209,Sentence shown,HF_77_A,,,,N/A,N/A,N/A,N/A,N/A,N/A,N/A
269,1770458237211,gap_time,N/A,,,,GapTime_1096,N/A,N/A,N/A,N/A,N/A,N/A
269,1770458238308,Sentence shown,LVL_106_A,true,,true,N/A,N/A,N/A,N/A,N/A,N/A,N/A
269,1770458240977,IR pressed,LVL_106_A,true,,true,Spacebar,1,N/A,2669,N/A,N/A,N/A
269,1770458242004,WR pressed,LVL_106_A,true,,true,No,N/A,1,N/A,1027,N/A,N/A
269,1770458242005,gap_time,N/A,true,,true,GapTime_899,N/A,N/A,N/A,N/A,N/A,N/A
269,1770458242906,Sentence shown,HH_152_A,true,,,N/A,N/A,N/A,N/A,N/A,N/A,N/A
269,1770458246908,gap_time,N/A,true,,,GapTime_901,N/A,N/A,N/A,N/A,N/A,N/A
269,1770458247811,Sentence shown,HH_154_P,true,,,N/A,N/A,N/A,N/A,N/A,N/A,N/A
269,1770458251812,gap_time,N/A,true,,,GapTime_804,N/A,N/A,N/A,N/A,N/A,N/A
269,1770458252619,Sentence shown,HF_66_A,,,,N/A,N/A,N/A,N/A,N/A,N/A,N/A
269,1770458256620,gap_time,N/A,,,,GapTime_1096,N/A,N/A,N/A,N/A,N/A,N/A
269,1770458257718,Sentence shown,HF_66_A,,true,true,N/A,N/A,N/A,N/A,N/A,N/A,N/A
269,1770458258568,Validation IR pressed,HF_66_A,,true,true,Spacebar,1,N/A,850,N/A,N/A,N/A
269,1770458258568,IR pressed,HF_66_A,,true,true,Spacebar,1,N/A,850,N/A,N/A,N/A
269,1770458258738,WR pressed,HF_66_A,,true,true,Yes,N/A,N/A,N/A,170,N/A,N/A
269,1770458258739,gap_time,N/A,,true,true,GapTime_751,N/A,N/A,N/A,N/A,N/A,N/A
269,1770458259492,Sentence shown,HVL_116_A,true,,,N/A,N/A,N/A,N/A,N/A,N/A,N/A
269,1770458263493,gap_time,N/A,true,,,GapTime_837,N/A,N/A,N/A,N/A,N/A,N/A
269,1770458264333,Sentence shown,LVL_142_A,true,,,N/A,N/A,N/A,N/A,N/A,N/A,N/A
269,1770458268335,gap_time,N/A,true,,,GapTime_1091,N/A,N/A,N/A,N/A,N/A,N/A
269,1770458269428,Sentence shown,HF_97_A,,,,N/A,N/A,N/A,N/A,N/A,N/A,N/A
269,1770458273429,gap_time,N/A,,,,GapTime_706,N/A,N/A,N/A,N/A,N/A,N/A
269,1770458274137,Sentence shown,LVH_137_A,true,,,N/A,N/A,N/A,N/A,N/A,N/A,N/A
269,1770458278139,gap_time,N/A,true,,,GapTime_1062,N/A,N/A,N/A,N/A,N/A,N/A
269,1770458279203,Sentence shown,HF_78_A,,,,N/A,N/A,N/A,N/A,N/A,N/A,N/A
269,1770458283205,gap_time,N/A,,,,GapTime_1133,N/A,N/A,N/A,N/A,N/A,N/A
269,1770458284339,Sentence shown,HH_154_A,true,,true,N/A,N/A,N/A,N/A,N/A,N/A,N/A
269,1770458285193,IR pressed,HH_154_A,true,,true,Spacebar,1,N/A,854,N/A,N/A,N/A
269,1770458286111,WR pressed,HH_154_A,true,,true,No,N/A,1,N/A,918,N/A,N/A
269,1770458286112,gap_time,N/A,true,,true,GapTime_942,N/A,N/A,N/A,N/A,N/A,N/A
269,1770458287056,Sentence shown,HH_152_P,true,,true,N/A,N/A,N/A,N/A,N/A,N/A,N/A
269,1770458288298,IR pressed,HH_152_P,true,,true,Spacebar,1,N/A,1242,N/A,N/A,N/A
269,1770458289021,WR pressed,HH_152_P,true,,true,No,N/A,1,N/A,723,N/A,N/A
269,1770458289022,gap_time,N/A,true,,true,GapTime_1208,N/A,N/A,N/A,N/A,N/A,N/A
269,1770458290231,Sentence shown,HF_96_A,,,,N/A,N/A,N/A,N/A,N/A,N/A,N/A
269,1770458294233,gap_time,N/A,,,,GapTime_946,N/A,N/A,N/A,N/A,N/A,N/A
269,1770458295181,Sentence shown,HF_82_A,,,,N/A,N/A,N/A,N/A,N/A,N/A,N/A
269,1770458299182,gap_time,N/A,,,,GapTime_890,N/A,N/A,N/A,N/A,N/A,N/A
269,1770458300074,Sentence shown,LVL_145_A,true,,,N/A,N/A,N/A,N/A,N/A,N/A,N/A
269,1770458304076,gap_time,N/A,true,,,GapTime_965,N/A,N/A,N/A,N/A,N/A,N/A
269,1770458305044,Sentence shown,LVL_142_P,true,,true,N/A,N/A,N/A,N/A,N/A,N/A,N/A
269,1770458305886,IR pressed,LVL_142_P,true,,true,Spacebar,1,N/A,842,N/A,N/A,N/A
269,1770458306743,WR pressed,LVL_142_P,true,,true,No,N/A,1,N/A,857,N/A,N/A
269,1770458306743,gap_time,N/A,true,,true,GapTime_868,N/A,N/A,N/A,N/A,N/A,N/A
269,1770458307613,Sentence shown,HVL_116_A,true,,true,N/A,N/A,N/A,N/A,N/A,N/A,N/A
269,1770458311615,gap_time,N/A,true,,true,GapTime_909,N/A,N/A,N/A,N/A,N/A,N/A
269,1770458312526,Sentence shown,LVH_129_A,true,,,N/A,N/A,N/A,N/A,N/A,N/A,N/A
269,1770458316527,gap_time,N/A,true,,,GapTime_764,N/A,N/A,N/A,N/A,N/A,N/A
269,1770458317293,Sentence shown,HF_68_A,,,,N/A,N/A,N/A,N/A,N/A,N/A,N/A
269,1770458321295,gap_time,N/A,,,,GapTime_805,N/A,N/A,N/A,N/A,N/A,N/A
269,1770458322101,Sentence shown,HF_68_A,,true,true,N/A,N/A,N/A,N/A,N/A,N/A,N/A
269,1770458322771,Validation IR pressed,HF_68_A,,true,true,Spacebar,1,N/A,669,N/A,N/A,N/A
269,1770458322771,IR pressed,HF_68_A,,true,true,Spacebar,1,N/A,669,N/A,N/A,N/A
269,1770458322970,WR pressed,HF_68_A,,true,true,Yes,N/A,N/A,N/A,199,N/A,N/A
269,1770458322971,gap_time,N/A,,true,true,GapTime_928,N/A,N/A,N/A,N/A,N/A,N/A
269,1770458323901,Sentence shown,LVH_137_A,true,,true,N/A,N/A,N/A,N/A,N/A,N/A,N/A
269,1770458324781,IR pressed,LVH_137_A,true,,true,Spacebar,1,N/A,880,N/A,N/A,N/A
269,1770458324916,WR pressed,LVH_137_A,true,,true,Yes,N/A,1,N/A,135,N/A,N/A
269,1770458324916,gap_time,N/A,true,,true,GapTime_1286,N/A,N/A,N/A,N/A,N/A,N/A
269,1770458326205,Sentence shown,LVL_103_P,true,,,N/A,N/A,N/A,N/A,N/A,N/A,N/A
269,1770458330206,gap_time,N/A,true,,,GapTime_806,N/A,N/A,N/A,N/A,N/A,N/A
269,1770458331014,Sentence shown,HF_81_A,,,,N/A,N/A,N/A,N/A,N/A,N/A,N/A
269,1770458335015,gap_time,N/A,,,,GapTime_990,N/A,N/A,N/A,N/A,N/A,N/A
269,1770458336008,Sentence shown,HF_90_A,,,,N/A,N/A,N/A,N/A,N/A,N/A,N/A
269,1770458340009,gap_time,N/A,,,,GapTime_800,N/A,N/A,N/A,N/A,N/A,N/A
269,1770458340811,Sentence shown,HF_89_A,,,,N/A,N/A,N/A,N/A,N/A,N/A,N/A
269,1770458344812,gap_time,N/A,,,,GapTime_991,N/A,N/A,N/A,N/A,N/A,N/A
269,1770458345805,Sentence shown,LVH_129_P,true,,true,N/A,N/A,N/A,N/A,N/A,N/A,N/A
269,1770458349807,gap_time,N/A,true,,true,GapTime_1262,N/A,N/A,N/A,N/A,N/A,N/A
269,1770458351072,Sentence shown,HF_90_A,,true,true,N/A,N/A,N/A,N/A,N/A,N/A,N/A
269,1770458351775,Validation IR pressed,HF_90_A,,true,true,Spacebar,1,N/A,703,N/A,N/A,N/A
269,1770458351775,IR pressed,HF_90_A,,true,true,Spacebar,1,N/A,703,N/A,N/A,N/A
269,1770458351920,WR pressed,HF_90_A,,true,true,Yes,N/A,N/A,N/A,145,N/A,N/A
269,1770458351920,gap_time,N/A,,true,true,GapTime_1034,N/A,N/A,N/A,N/A,N/A,N/A
269,1770458352957,Sentence shown,LVL_145_A,true,,true,N/A,N/A,N/A,N/A,N/A,N/A,N/A
269,1770458356958,gap_time,N/A,true,,true,GapTime_768,N/A,N/A,N/A,N/A,N/A,N/A
269,1770458357728,Sentence shown,HF_83_A,,,,N/A,N/A,N/A,N/A,N/A,N/A,N/A
269,1770458361730,gap_time,N/A,,,,GapTime_845,N/A,N/A,N/A,N/A,N/A,N/A
269,1770458362577,Sentence shown,HF_84_A,,,,N/A,N/A,N/A,N/A,N/A,N/A,N/A
269,1770458366578,gap_time,N/A,,,,GapTime_1285,N/A,N/A,N/A,N/A,N/A,N/A
269,1770458367866,Sentence shown,LVL_103_P,true,,true,N/A,N/A,N/A,N/A,N/A,N/A,N/A
269,1770458368895,IR pressed,LVL_103_P,true,,true,Spacebar,1,N/A,1029,N/A,N/A,N/A
269,1770458369295,WR pressed,LVL_103_P,true,,true,Yes,N/A,1,N/A,400,N/A,N/A
269,1770458369296,gap_time,N/A,true,,true,GapTime_886,N/A,N/A,N/A,N/A,N/A,N/A
269,1770458370184,Sentence shown,HF_91_A,,,,N/A,N/A,N/A,N/A,N/A,N/A,N/A
269,1770458374185,gap_time,N/A,,,,GapTime_1005,N/A,N/A,N/A,N/A,N/A,N/A
269,1770458375193,Sentence shown,HF_95_A,,,,N/A,N/A,N/A,N/A,N/A,N/A,N/A
269,1770458379194,gap_time,N/A,,,,GapTime_1223,N/A,N/A,N/A,N/A,N/A,N/A
269,1770458380420,Sentence shown,HF_86_A,,,,N/A,N/A,N/A,N/A,N/A,N/A,N/A
269,1770458384421,gap_time,N/A,,,,GapTime_878,N/A,N/A,N/A,N/A,N/A,N/A
269,1770458385301,Sentence shown,HF_92_A,,,,N/A,N/A,N/A,N/A,N/A,N/A,N/A
269,1770458389303,gap_time,N/A,,,,GapTime_1020,N/A,N/A,N/A,N/A,N/A,N/A
269,1770458390325,Sentence shown,HF_88_A,,,,N/A,N/A,N/A,N/A,N/A,N/A,N/A
269,1770458394326,gap_time,N/A,,,,GapTime_803,N/A,N/A,N/A,N/A,N/A,N/A
269,1770458395131,Sentence shown,HF_74_A,,,,N/A,N/A,N/A,N/A,N/A,N/A,N/A
269,1770458399133,gap_time,N/A,,,,GapTime_1055,N/A,N/A,N/A,N/A,N/A,N/A
269,1770458400189,Sentence shown,HF_76_A,,,,N/A,N/A,N/A,N/A,N/A,N/A,N/A
269,1770458404191,gap_time,N/A,,,,GapTime_854,N/A,N/A,N/A,N/A,N/A,N/A
269,1770458405046,Sentence shown,HF_87_A,,,,N/A,N/A,N/A,N/A,N/A,N/A,N/A
269,1770458409048,gap_time,N/A,,,,GapTime_810,N/A,N/A,N/A,N/A,N/A,N/A
269,1770458409859,Sentence shown,HF_76_A,,true,true,N/A,N/A,N/A,N/A,N/A,N/A,N/A
269,1770458410702,Validation IR pressed,HF_76_A,,true,true,Spacebar,1,N/A,843,N/A,N/A,N/A
269,1770458410702,IR pressed,HF_76_A,,true,true,Spacebar,1,N/A,843,N/A,N/A,N/A
269,1770458410942,WR pressed,HF_76_A,,true,true,Yes,N/A,N/A,N/A,240,N/A,N/A
269,1770458410943,gap_time,N/A,,true,true,GapTime_983,N/A,N/A,N/A,N/A,N/A,N/A
269,1770458411928,Sentence shown,LVH_164_P,true,,,N/A,N/A,N/A,N/A,N/A,N/A,N/A
269,1770458415930,gap_time,N/A,true,,,GapTime_789,N/A,N/A,N/A,N/A,N/A,N/A
269,1770458416721,Sentence shown,HVL_149_P,true,,,N/A,N/A,N/A,N/A,N/A,N/A,N/A
269,1770458420723,gap_time,N/A,true,,,GapTime_940,N/A,N/A,N/A,N/A,N/A,N/A
269,1770458421665,Sentence shown,LVH_136_P,true,,,N/A,N/A,N/A,N/A,N/A,N/A,N/A
269,1770458425666,gap_time,N/A,true,,,GapTime_1209,N/A,N/A,N/A,N/A,N/A,N/A
269,1770458426877,Sentence shown,HF_80_A,,,,N/A,N/A,N/A,N/A,N/A,N/A,N/A
269,1770458430878,gap_time,N/A,,,,GapTime_1105,N/A,N/A,N/A,N/A,N/A,N/A
269,1770458431986,Sentence shown,HF_80_A,,true,true,N/A,N/A,N/A,N/A,N/A,N/A,N/A
269,1770458432790,Validation IR pressed,HF_80_A,,true,true,Spacebar,1,N/A,804,N/A,N/A,N/A
269,1770458432790,IR pressed,HF_80_A,,true,true,Spacebar,1,N/A,804,N/A,N/A,N/A
269,1770458432929,WR pressed,HF_80_A,,true,true,Yes,N/A,N/A,N/A,139,N/A,N/A
269,1770458432929,gap_time,N/A,,true,true,GapTime_916,N/A,N/A,N/A,N/A,N/A,N/A
269,1770458433848,Sentence shown,HH_140_P,true,,,N/A,N/A,N/A,N/A,N/A,N/A,N/A
269,1770458437849,gap_time,N/A,true,,,GapTime_1104,N/A,N/A,N/A,N/A,N/A,N/A
269,1770458438956,Sentence shown,HF_79_A,,,,N/A,N/A,N/A,N/A,N/A,N/A,N/A
269,1770458442957,gap_time,N/A,,,,GapTime_979,N/A,N/A,N/A,N/A,N/A,N/A
269,1770458443939,Sentence shown,HVL_149_A,true,,true,N/A,N/A,N/A,N/A,N/A,N/A,N/A
269,1770458445171,IR pressed,HVL_149_A,true,,true,Spacebar,1,N/A,1232,N/A,N/A,N/A
269,1770458445828,WR pressed,HVL_149_A,true,,true,No,N/A,1,N/A,657,N/A,N/A
269,1770458445829,gap_time,N/A,true,,true,GapTime_1139,N/A,N/A,N/A,N/A,N/A,N/A
269,1770458446970,Sentence shown,HF_79_A,,true,true,N/A,N/A,N/A,N/A,N/A,N/A,N/A
269,1770458449359,Validation IR pressed,HF_79_A,,true,true,Spacebar,1,N/A,2389,N/A,N/A,N/A
269,1770458449359,IR pressed,HF_79_A,,true,true,Spacebar,1,N/A,2389,N/A,N/A,N/A
269,1770458449614,WR pressed,HF_79_A,,true,true,Yes,N/A,N/A,N/A,255,N/A,N/A
269,1770458449615,gap_time,N/A,,true,true,GapTime_1075,N/A,N/A,N/A,N/A,N/A,N/A
269,1770458450692,Sentence shown,HH_159_A,true,,,N/A,N/A,N/A,N/A,N/A,N/A,N/A
269,1770458454694,gap_time,N/A,true,,,GapTime_1211,N/A,N/A,N/A,N/A,N/A,N/A
269,1770458455906,Sentence shown,LVH_164_A,true,,true,N/A,N/A,N/A,N/A,N/A,N/A,N/A
269,1770458456853,IR pressed,LVH_164_A,true,,true,Spacebar,1,N/A,947,N/A,N/A,N/A
269,1770458457329,WR pressed,LVH_164_A,true,,true,No,N/A,1,N/A,476,N/A,N/A
269,1770458457330,gap_time,N/A,true,,true,GapTime_1099,N/A,N/A,N/A,N/A,N/A,N/A
269,1770458458431,Sentence shown,HF_94_A,,,,N/A,N/A,N/A,N/A,N/A,N/A,N/A
269,1770458462432,gap_time,N/A,,,,GapTime_781,N/A,N/A,N/A,N/A,N/A,N/A
269,1770458463215,Sentence shown,LVH_136_P,true,,true,N/A,N/A,N/A,N/A,N/A,N/A,N/A
269,1770458464242,IR pressed,LVH_136_P,true,,true,Spacebar,1,N/A,1027,N/A,N/A,N/A
269,1770458464518,WR pressed,LVH_136_P,true,,true,Yes,N/A,1,N/A,276,N/A,N/A
269,1770458464519,gap_time,N/A,true,,true,GapTime_833,N/A,N/A,N/A,N/A,N/A,N/A
269,1770458465355,Sentence shown,HH_140_P,true,,true,N/A,N/A,N/A,N/A,N/A,N/A,N/A
269,1770458466624,IR pressed,HH_140_P,true,,true,Spacebar,1,N/A,1269,N/A,N/A,N/A
269,1770458466911,WR pressed,HH_140_P,true,,true,Yes,N/A,1,N/A,287,N/A,N/A
269,1770458466911,gap_time,N/A,true,,true,GapTime_1024,N/A,N/A,N/A,N/A,N/A,N/A
269,1770458467937,Sentence shown,HH_159_A,true,,true,N/A,N/A,N/A,N/A,N/A,N/A,N/A
269,1770458468922,IR pressed,HH_159_A,true,,true,Spacebar,1,N/A,985,N/A,N/A,N/A
269,1770458469188,WR pressed,HH_159_A,true,,true,Yes,N/A,1,N/A,266,N/A,N/A
269,1770458469189,gap_time,N/A,true,,true,GapTime_1271,N/A,N/A,N/A,N/A,N/A,N/A
