participant_ID,Timestamp,Event,Stimulus,isTarget,isValidation,isRepeat,Button,Accuracy IR,Accuracy WR,Reaction_time_IR,Reaction_time_WR,CR_IR,CR_WR
273,1770446170915,Practice Sentence shown,HH_119_A,true,,,N/A,N/A,N/A,N/A,N/A,N/A,N/A
273,1770446176438,Practice Sentence shown,HL_31_A,,,,N/A,N/A,N/A,N/A,N/A,N/A,N/A
273,1770446181945,Practice Sentence shown,HL_52_A,,,,N/A,N/A,N/A,N/A,N/A,N/A,N/A
273,1770446187476,Practice Sentence shown,HL_84_A,,,,N/A,N/A,N/A,N/A,N/A,N/A,N/A
273,1770446192999,Practice Sentence shown,HH_119_P,true,,true,N/A,N/A,N/A,N/A,N/A,N/A,N/A
273,1770446194581,Practice IR pressed,HH_119_P,true,,true,Spacebar,1,N/A,1581,N/A,N/A,N/A
273,1770446204211,Practice WR pressed,HH_119_P,true,,true,No,N/A,1,N/A,9631,N/A,N/A
273,1770446205724,Practice Sentence shown,HL_32_A,,,,N/A,N/A,N/A,N/A,N/A,N/A,N/A
273,1770446211232,Practice Sentence shown,HL_47_A,,,,N/A,N/A,N/A,N/A,N/A,N/A,N/A
273,1770446216752,Practice Sentence shown,HL_111_A,,,,N/A,N/A,N/A,N/A,N/A,N/A,N/A
273,1770446222269,Practice Sentence shown,HL_40_A,,,,N/A,N/A,N/A,N/A,N/A,N/A,N/A
273,1770446224589,Practice IR pressed,HL_40_A,,,,Spacebar,0,N/A,2320,N/A,N/A,N/A
273,1770446227626,Practice Sentence shown,HL_80_A,,,,N/A,N/A,N/A,N/A,N/A,N/A,N/A
273,1770446233138,Practice Sentence shown,HH_102_A,true,,,N/A,N/A,N/A,N/A,N/A,N/A,N/A
273,1770446238647,Practice Sentence shown,HH_121_A,true,,,N/A,N/A,N/A,N/A,N/A,N/A,N/A
273,1770446244175,Practice Sentence shown,HH_113_A,true,,,N/A,N/A,N/A,N/A,N/A,N/A,N/A
273,1770446249684,Practice Sentence shown,HH_130_A,true,,,N/A,N/A,N/A,N/A,N/A,N/A,N/A
273,1770446255204,Practice Sentence shown,HL_35_A,,,,N/A,N/A,N/A,N/A,N/A,N/A,N/A
273,1770446260722,Practice Sentence shown,HL_100_A,,,,N/A,N/A,N/A,N/A,N/A,N/A,N/A
273,1770446266237,Practice Sentence shown,HH_121_P,true,,true,N/A,N/A,N/A,N/A,N/A,N/A,N/A
273,1770446268046,Practice IR pressed,HH_121_P,true,,true,Spacebar,1,N/A,1809,N/A,N/A,N/A
273,1770446270384,Practice WR pressed,HH_121_P,true,,true,Yes,N/A,0,N/A,2338,N/A,N/A
273,1770446274874,Practice Sentence shown,HH_102_A,true,,true,N/A,N/A,N/A,N/A,N/A,N/A,N/A
273,1770446276251,Practice IR pressed,HH_102_A,true,,true,Spacebar,1,N/A,1377,N/A,N/A,N/A
273,1770446277429,Practice WR pressed,HH_102_A,true,,true,Yes,N/A,1,N/A,1178,N/A,N/A
273,1770446278932,Practice Sentence shown,HH_113_A,true,,true,N/A,N/A,N/A,N/A,N/A,N/A,N/A
273,1770446280458,Practice IR pressed,HH_113_A,true,,true,Spacebar,1,N/A,1526,N/A,N/A,N/A
273,1770446280981,Practice WR pressed,HH_113_A,true,,true,Yes,N/A,1,N/A,523,N/A,N/A
273,1770446282497,Practice Sentence shown,HH_130_P,true,,true,N/A,N/A,N/A,N/A,N/A,N/A,N/A
273,1770446286505,Practice Missed,HH_130_P,true,,true,None,0,N/A,N/A,N/A,N/A,N/A
273,1770446312479,Sentence shown,HF_1_A,,,,N/A,N/A,N/A,N/A,N/A,N/A,N/A
273,1770446316491,gap_time,N/A,,,,GapTime_1278,N/A,N/A,N/A,N/A,N/A,N/A
273,1770446317777,Sentence shown,HF_1_A,,true,true,N/A,N/A,N/A,N/A,N/A,N/A,N/A
273,1770446318671,Validation IR pressed,HF_1_A,,true,true,Spacebar,1,N/A,894,N/A,N/A,N/A
273,1770446318671,IR pressed,HF_1_A,,true,true,Spacebar,1,N/A,894,N/A,N/A,N/A
273,1770446319371,WR pressed,HF_1_A,,true,true,Yes,N/A,N/A,N/A,700,N/A,N/A
273,1770446319371,gap_time,N/A,,true,true,GapTime_996,N/A,N/A,N/A,N/A,N/A,N/A
273,1770446320369,Sentence shown,HF_24_A,,,,N/A,N/A,N/A,N/A,N/A,N/A,N/A
273,1770446324386,gap_time,N/A,,,,GapTime_1092,N/A,N/A,N/A,N/A,N/A,N/A
273,1770446325485,Sentence shown,LVL_109_A,true,,,N/A,N/A,N/A,N/A,N/A,N/A,N/A
273,1770446329491,gap_time,N/A,true,,,GapTime_1029,N/A,N/A,N/A,N/A,N/A,N/A
273,1770446330528,Sentence shown,LVH_106_A,true,,,N/A,N/A,N/A,N/A,N/A,N/A,N/A
273,1770446334530,gap_time,N/A,true,,,GapTime_1107,N/A,N/A,N/A,N/A,N/A,N/A
273,1770446335647,Sentence shown,HF_24_A,,true,true,N/A,N/A,N/A,N/A,N/A,N/A,N/A
273,1770446336416,Validation IR pressed,HF_24_A,,true,true,Spacebar,1,N/A,769,N/A,N/A,N/A
273,1770446336416,IR pressed,HF_24_A,,true,true,Spacebar,1,N/A,769,N/A,N/A,N/A
273,1770446336947,WR pressed,HF_24_A,,true,true,Yes,N/A,N/A,N/A,531,N/A,N/A
273,1770446336948,gap_time,N/A,,true,true,GapTime_1160,N/A,N/A,N/A,N/A,N/A,N/A
273,1770446338117,Sentence shown,LVL_121_P,true,,,N/A,N/A,N/A,N/A,N/A,N/A,N/A
273,1770446342121,gap_time,N/A,true,,,GapTime_1179,N/A,N/A,N/A,N/A,N/A,N/A
273,1770446343303,Sentence shown,HF_11_A,,,,N/A,N/A,N/A,N/A,N/A,N/A,N/A
273,1770446347318,gap_time,N/A,,,,GapTime_733,N/A,N/A,N/A,N/A,N/A,N/A
273,1770446348064,Sentence shown,HF_2_A,,,,N/A,N/A,N/A,N/A,N/A,N/A,N/A
273,1770446352076,gap_time,N/A,,,,GapTime_1138,N/A,N/A,N/A,N/A,N/A,N/A
273,1770446353229,Sentence shown,HF_5_A,,,,N/A,N/A,N/A,N/A,N/A,N/A,N/A
273,1770446357243,gap_time,N/A,,,,GapTime_983,N/A,N/A,N/A,N/A,N/A,N/A
273,1770446358232,Sentence shown,HF_2_A,,true,true,N/A,N/A,N/A,N/A,N/A,N/A,N/A
273,1770446358993,Validation IR pressed,HF_2_A,,true,true,Spacebar,1,N/A,761,N/A,N/A,N/A
273,1770446358993,IR pressed,HF_2_A,,true,true,Spacebar,1,N/A,761,N/A,N/A,N/A
273,1770446359391,WR pressed,HF_2_A,,true,true,Yes,N/A,N/A,N/A,398,N/A,N/A
273,1770446359391,gap_time,N/A,,true,true,GapTime_1010,N/A,N/A,N/A,N/A,N/A,N/A
273,1770446360416,Sentence shown,HF_31_A,,,,N/A,N/A,N/A,N/A,N/A,N/A,N/A
273,1770446364421,gap_time,N/A,,,,GapTime_852,N/A,N/A,N/A,N/A,N/A,N/A
273,1770446365283,Sentence shown,HF_31_A,,true,true,N/A,N/A,N/A,N/A,N/A,N/A,N/A
273,1770446366259,Validation IR pressed,HF_31_A,,true,true,Spacebar,1,N/A,976,N/A,N/A,N/A
273,1770446366259,IR pressed,HF_31_A,,true,true,Spacebar,1,N/A,976,N/A,N/A,N/A
273,1770446366542,WR pressed,HF_31_A,,true,true,Yes,N/A,N/A,N/A,283,N/A,N/A
273,1770446366543,gap_time,N/A,,true,true,GapTime_1290,N/A,N/A,N/A,N/A,N/A,N/A
273,1770446367839,Sentence shown,HH_180_A,true,,,N/A,N/A,N/A,N/A,N/A,N/A,N/A
273,1770446371855,gap_time,N/A,true,,,GapTime_1056,N/A,N/A,N/A,N/A,N/A,N/A
273,1770446372915,Sentence shown,LVL_121_A,true,,true,N/A,N/A,N/A,N/A,N/A,N/A,N/A
273,1770446374104,IR pressed,LVL_121_A,true,,true,Spacebar,1,N/A,1189,N/A,N/A,N/A
273,1770446376187,WR pressed,LVL_121_A,true,,true,No,N/A,1,N/A,2083,N/A,N/A
273,1770446376187,gap_time,N/A,true,,true,GapTime_739,N/A,N/A,N/A,N/A,N/A,N/A
273,1770446376940,Sentence shown,LVH_106_P,true,,true,N/A,N/A,N/A,N/A,N/A,N/A,N/A
273,1770446380944,gap_time,N/A,true,,true,GapTime_902,N/A,N/A,N/A,N/A,N/A,N/A
273,1770446381851,Sentence shown,LVL_109_A,true,,true,N/A,N/A,N/A,N/A,N/A,N/A,N/A
273,1770446383204,IR pressed,LVL_109_A,true,,true,Spacebar,1,N/A,1353,N/A,N/A,N/A
273,1770446383475,WR pressed,LVL_109_A,true,,true,Yes,N/A,1,N/A,271,N/A,N/A
273,1770446383476,gap_time,N/A,true,,true,GapTime_1107,N/A,N/A,N/A,N/A,N/A,N/A
273,1770446384598,Sentence shown,HF_13_A,,,,N/A,N/A,N/A,N/A,N/A,N/A,N/A
273,1770446388599,gap_time,N/A,,,,GapTime_1023,N/A,N/A,N/A,N/A,N/A,N/A
273,1770446389635,Sentence shown,LVH_151_P,true,,,N/A,N/A,N/A,N/A,N/A,N/A,N/A
273,1770446393645,gap_time,N/A,true,,,GapTime_1203,N/A,N/A,N/A,N/A,N/A,N/A
273,1770446394865,Sentence shown,HF_8_A,,,,N/A,N/A,N/A,N/A,N/A,N/A,N/A
273,1770446398881,gap_time,N/A,,,,GapTime_1270,N/A,N/A,N/A,N/A,N/A,N/A
273,1770446400154,Sentence shown,HF_18_A,,,,N/A,N/A,N/A,N/A,N/A,N/A,N/A
273,1770446404170,gap_time,N/A,,,,GapTime_889,N/A,N/A,N/A,N/A,N/A,N/A
273,1770446405072,Sentence shown,HF_8_A,,true,true,N/A,N/A,N/A,N/A,N/A,N/A,N/A
273,1770446406408,Validation IR pressed,HF_8_A,,true,true,Spacebar,1,N/A,1336,N/A,N/A,N/A
273,1770446406408,IR pressed,HF_8_A,,true,true,Spacebar,1,N/A,1336,N/A,N/A,N/A
273,1770446406717,WR pressed,HF_8_A,,true,true,Yes,N/A,N/A,N/A,309,N/A,N/A
273,1770446406718,gap_time,N/A,,true,true,GapTime_1250,N/A,N/A,N/A,N/A,N/A,N/A
273,1770446407979,Sentence shown,HF_18_A,,true,true,N/A,N/A,N/A,N/A,N/A,N/A,N/A
273,1770446409546,Validation IR pressed,HF_18_A,,true,true,Spacebar,1,N/A,1567,N/A,N/A,N/A
273,1770446409546,IR pressed,HF_18_A,,true,true,Spacebar,1,N/A,1567,N/A,N/A,N/A
273,1770446409779,WR pressed,HF_18_A,,true,true,Yes,N/A,N/A,N/A,232,N/A,N/A
273,1770446409779,gap_time,N/A,,true,true,GapTime_836,N/A,N/A,N/A,N/A,N/A,N/A
273,1770446410626,Sentence shown,LVL_101_A,true,,,N/A,N/A,N/A,N/A,N/A,N/A,N/A
273,1770446414628,gap_time,N/A,true,,,GapTime_1205,N/A,N/A,N/A,N/A,N/A,N/A
273,1770446415848,Sentence shown,HH_180_P,true,,true,N/A,N/A,N/A,N/A,N/A,N/A,N/A
273,1770446418643,IR pressed,HH_180_P,true,,true,Spacebar,1,N/A,2795,N/A,N/A,N/A
273,1770446420504,WR pressed,HH_180_P,true,,true,No,N/A,1,N/A,1861,N/A,N/A
273,1770446420505,gap_time,N/A,true,,true,GapTime_1170,N/A,N/A,N/A,N/A,N/A,N/A
273,1770446421688,Sentence shown,LVH_156_P,true,,,N/A,N/A,N/A,N/A,N/A,N/A,N/A
273,1770446425704,gap_time,N/A,true,,,GapTime_754,N/A,N/A,N/A,N/A,N/A,N/A
273,1770446426461,Sentence shown,HH_153_P,true,,,N/A,N/A,N/A,N/A,N/A,N/A,N/A
273,1770446430473,gap_time,N/A,true,,,GapTime_1290,N/A,N/A,N/A,N/A,N/A,N/A
273,1770446431774,Sentence shown,HF_4_A,,,,N/A,N/A,N/A,N/A,N/A,N/A,N/A
273,1770446435788,gap_time,N/A,,,,GapTime_984,N/A,N/A,N/A,N/A,N/A,N/A
273,1770446436798,Sentence shown,LVH_151_P,true,,true,N/A,N/A,N/A,N/A,N/A,N/A,N/A
273,1770446440804,gap_time,N/A,true,,true,GapTime_1231,N/A,N/A,N/A,N/A,N/A,N/A
273,1770446442039,Sentence shown,HF_14_A,,,,N/A,N/A,N/A,N/A,N/A,N/A,N/A
273,1770446446059,gap_time,N/A,,,,GapTime_1010,N/A,N/A,N/A,N/A,N/A,N/A
273,1770446447079,Sentence shown,HF_10_A,,,,N/A,N/A,N/A,N/A,N/A,N/A,N/A
273,1770446451094,gap_time,N/A,,,,GapTime_1117,N/A,N/A,N/A,N/A,N/A,N/A
273,1770446452226,Sentence shown,HF_9_A,,,,N/A,N/A,N/A,N/A,N/A,N/A,N/A
273,1770446456231,gap_time,N/A,,,,GapTime_773,N/A,N/A,N/A,N/A,N/A,N/A
273,1770446457019,Sentence shown,LVH_156_A,true,,true,N/A,N/A,N/A,N/A,N/A,N/A,N/A
273,1770446458704,IR pressed,LVH_156_A,true,,true,Spacebar,1,N/A,1684,N/A,N/A,N/A
273,1770446459663,WR pressed,LVH_156_A,true,,true,Yes,N/A,0,N/A,959,N/A,N/A
273,1770446459664,gap_time,N/A,true,,true,GapTime_1108,N/A,N/A,N/A,N/A,N/A,N/A
273,1770446460777,Sentence shown,HH_153_P,true,,true,N/A,N/A,N/A,N/A,N/A,N/A,N/A
273,1770446462375,IR pressed,HH_153_P,true,,true,Spacebar,1,N/A,1598,N/A,N/A,N/A
273,1770446463644,WR pressed,HH_153_P,true,,true,Yes,N/A,1,N/A,1269,N/A,N/A
273,1770446463646,gap_time,N/A,true,,true,GapTime_890,N/A,N/A,N/A,N/A,N/A,N/A
273,1770446464537,Sentence shown,LVL_101_P,true,,true,N/A,N/A,N/A,N/A,N/A,N/A,N/A
273,1770446467085,IR pressed,LVL_101_P,true,,true,Spacebar,1,N/A,2548,N/A,N/A,N/A
273,1770446467491,WR pressed,LVL_101_P,true,,true,Yes,N/A,0,N/A,405,N/A,N/A
273,1770446467491,gap_time,N/A,true,,true,GapTime_791,N/A,N/A,N/A,N/A,N/A,N/A
273,1770446468290,Sentence shown,HH_139_P,true,,,N/A,N/A,N/A,N/A,N/A,N/A,N/A
273,1770446472306,gap_time,N/A,true,,,GapTime_964,N/A,N/A,N/A,N/A,N/A,N/A
273,1770446473278,Sentence shown,HF_29_A,,,,N/A,N/A,N/A,N/A,N/A,N/A,N/A
273,1770446477282,gap_time,N/A,,,,GapTime_790,N/A,N/A,N/A,N/A,N/A,N/A
273,1770446478079,Sentence shown,HF_21_A,,,,N/A,N/A,N/A,N/A,N/A,N/A,N/A
273,1770446482086,gap_time,N/A,,,,GapTime_982,N/A,N/A,N/A,N/A,N/A,N/A
273,1770446483081,Sentence shown,HF_23_A,,,,N/A,N/A,N/A,N/A,N/A,N/A,N/A
273,1770446487082,gap_time,N/A,,,,GapTime_1167,N/A,N/A,N/A,N/A,N/A,N/A
273,1770446488263,Sentence shown,HF_17_A,,,,N/A,N/A,N/A,N/A,N/A,N/A,N/A
273,1770446492263,gap_time,N/A,,,,GapTime_829,N/A,N/A,N/A,N/A,N/A,N/A
273,1770446493095,Sentence shown,HH_139_A,true,,true,N/A,N/A,N/A,N/A,N/A,N/A,N/A
273,1770446497106,gap_time,N/A,true,,true,GapTime_1224,N/A,N/A,N/A,N/A,N/A,N/A
273,1770446498337,Sentence shown,HF_17_A,,true,true,N/A,N/A,N/A,N/A,N/A,N/A,N/A
273,1770446499741,Validation IR pressed,HF_17_A,,true,true,Spacebar,1,N/A,1404,N/A,N/A,N/A
273,1770446499741,IR pressed,HF_17_A,,true,true,Spacebar,1,N/A,1404,N/A,N/A,N/A
273,1770446499998,WR pressed,HF_17_A,,true,true,Yes,N/A,N/A,N/A,257,N/A,N/A
273,1770446499999,gap_time,N/A,,true,true,GapTime_1025,N/A,N/A,N/A,N/A,N/A,N/A
273,1770446501038,Sentence shown,HF_26_A,,,,N/A,N/A,N/A,N/A,N/A,N/A,N/A
273,1770446502435,Validation Wrong IR pressed,HF_26_A,,,,Spacebar,0,N/A,1397,N/A,N/A,N/A
273,1770446502435,IR pressed,HF_26_A,,,,Spacebar,0,N/A,1397,N/A,N/A,N/A
273,1770446503971,WR pressed,HF_26_A,,,,No,N/A,N/A,N/A,1536,N/A,N/A
273,1770446503971,gap_time,N/A,,,,GapTime_901,N/A,N/A,N/A,N/A,N/A,N/A
273,1770446504879,Sentence shown,LVL_116_P,true,,,N/A,N/A,N/A,N/A,N/A,N/A,N/A
273,1770446508884,gap_time,N/A,true,,,GapTime_1117,N/A,N/A,N/A,N/A,N/A,N/A
273,1770446510011,Sentence shown,HF_26_A,,true,true,N/A,N/A,N/A,N/A,N/A,N/A,N/A
273,1770446512452,Validation IR pressed,HF_26_A,,true,true,Spacebar,1,N/A,2441,N/A,N/A,N/A
273,1770446512452,IR pressed,HF_26_A,,true,true,Spacebar,1,N/A,2441,N/A,N/A,N/A
273,1770446514868,WR pressed,HF_26_A,,true,true,No,N/A,N/A,N/A,2416,N/A,N/A
273,1770446514868,gap_time,N/A,,true,true,GapTime_1195,N/A,N/A,N/A,N/A,N/A,N/A
273,1770446516080,Sentence shown,HH_166_A,true,,,N/A,N/A,N/A,N/A,N/A,N/A,N/A
273,1770446520086,gap_time,N/A,true,,,GapTime_1140,N/A,N/A,N/A,N/A,N/A,N/A
273,1770446521237,Sentence shown,HF_6_A,,,,N/A,N/A,N/A,N/A,N/A,N/A,N/A
273,1770446525240,gap_time,N/A,,,,GapTime_1291,N/A,N/A,N/A,N/A,N/A,N/A
273,1770446526536,Sentence shown,HVL_123_P,true,,,N/A,N/A,N/A,N/A,N/A,N/A,N/A
273,1770446530548,gap_time,N/A,true,,,GapTime_760,N/A,N/A,N/A,N/A,N/A,N/A
273,1770446531316,Sentence shown,HF_16_A,,,,N/A,N/A,N/A,N/A,N/A,N/A,N/A
273,1770446535329,gap_time,N/A,,,,GapTime_1272,N/A,N/A,N/A,N/A,N/A,N/A
273,1770446536603,Sentence shown,HF_25_A,,,,N/A,N/A,N/A,N/A,N/A,N/A,N/A
273,1770446540609,gap_time,N/A,,,,GapTime_918,N/A,N/A,N/A,N/A,N/A,N/A
273,1770446541530,Sentence shown,HH_166_A,true,,true,N/A,N/A,N/A,N/A,N/A,N/A,N/A
273,1770446542561,IR pressed,HH_166_A,true,,true,Spacebar,1,N/A,1031,N/A,N/A,N/A
273,1770446543030,WR pressed,HH_166_A,true,,true,Yes,N/A,1,N/A,469,N/A,N/A
273,1770446543030,gap_time,N/A,true,,true,GapTime_919,N/A,N/A,N/A,N/A,N/A,N/A
273,1770446543956,Sentence shown,HF_27_A,,,,N/A,N/A,N/A,N/A,N/A,N/A,N/A
273,1770446545588,Validation Wrong IR pressed,HF_27_A,,,,Spacebar,0,N/A,1632,N/A,N/A,N/A
273,1770446545588,IR pressed,HF_27_A,,,,Spacebar,0,N/A,1632,N/A,N/A,N/A
273,1770446545837,WR pressed,HF_27_A,,,,Yes,N/A,N/A,N/A,249,N/A,N/A
273,1770446545838,gap_time,N/A,,,,GapTime_809,N/A,N/A,N/A,N/A,N/A,N/A
273,1770446546659,Sentence shown,HVL_134_P,true,,,N/A,N/A,N/A,N/A,N/A,N/A,N/A
273,1770446550675,gap_time,N/A,true,,,GapTime_1196,N/A,N/A,N/A,N/A,N/A,N/A
273,1770446551875,Sentence shown,LVL_116_P,true,,true,N/A,N/A,N/A,N/A,N/A,N/A,N/A
273,1770446553314,IR pressed,LVL_116_P,true,,true,Spacebar,1,N/A,1439,N/A,N/A,N/A
273,1770446553725,WR pressed,LVL_116_P,true,,true,Yes,N/A,1,N/A,411,N/A,N/A
273,1770446553726,gap_time,N/A,true,,true,GapTime_740,N/A,N/A,N/A,N/A,N/A,N/A
273,1770446554478,Sentence shown,HF_19_A,,,,N/A,N/A,N/A,N/A,N/A,N/A,N/A
273,1770446558482,gap_time,N/A,,,,GapTime_916,N/A,N/A,N/A,N/A,N/A,N/A
273,1770446559415,Sentence shown,HVL_123_P,true,,true,N/A,N/A,N/A,N/A,N/A,N/A,N/A
273,1770446561430,IR pressed,HVL_123_P,true,,true,Spacebar,1,N/A,2015,N/A,N/A,N/A
273,1770446561715,WR pressed,HVL_123_P,true,,true,Yes,N/A,1,N/A,285,N/A,N/A
273,1770446561716,gap_time,N/A,true,,true,GapTime_1159,N/A,N/A,N/A,N/A,N/A,N/A
273,1770446562889,Sentence shown,LVH_107_A,true,,,N/A,N/A,N/A,N/A,N/A,N/A,N/A
273,1770446566903,gap_time,N/A,true,,,GapTime_719,N/A,N/A,N/A,N/A,N/A,N/A
273,1770446567636,Sentence shown,HF_20_A,,,,N/A,N/A,N/A,N/A,N/A,N/A,N/A
273,1770446571644,gap_time,N/A,,,,GapTime_774,N/A,N/A,N/A,N/A,N/A,N/A
273,1770446572428,Sentence shown,HF_33_A,,,,N/A,N/A,N/A,N/A,N/A,N/A,N/A
273,1770446576441,gap_time,N/A,,,,GapTime_1041,N/A,N/A,N/A,N/A,N/A,N/A
273,1770446577493,Sentence shown,HF_28_A,,,,N/A,N/A,N/A,N/A,N/A,N/A,N/A
273,1770446581501,gap_time,N/A,,,,GapTime_744,N/A,N/A,N/A,N/A,N/A,N/A
273,1770446582254,Sentence shown,HF_22_A,,,,N/A,N/A,N/A,N/A,N/A,N/A,N/A
273,1770446586259,gap_time,N/A,,,,GapTime_1239,N/A,N/A,N/A,N/A,N/A,N/A
273,1770446587510,Sentence shown,HF_28_A,,true,true,N/A,N/A,N/A,N/A,N/A,N/A,N/A
273,1770446591517,Validation Missed,HF_28_A,,true,true,None,0,N/A,N/A,N/A,N/A,N/A
273,1770446591518,gap_time,N/A,,true,true,GapTime_822,N/A,N/A,N/A,N/A,N/A,N/A
273,1770446592346,Sentence shown,HF_12_A,,,,N/A,N/A,N/A,N/A,N/A,N/A,N/A
273,1770446596347,gap_time,N/A,,,,GapTime_779,N/A,N/A,N/A,N/A,N/A,N/A
273,1770446597132,Sentence shown,HVL_134_A,true,,true,N/A,N/A,N/A,N/A,N/A,N/A,N/A
273,1770446598171,IR pressed,HVL_134_A,true,,true,Spacebar,1,N/A,1039,N/A,N/A,N/A
273,1770446598437,WR pressed,HVL_134_A,true,,true,Yes,N/A,0,N/A,266,N/A,N/A
273,1770446598437,gap_time,N/A,true,,true,GapTime_1211,N/A,N/A,N/A,N/A,N/A,N/A
273,1770446599650,Sentence shown,HF_15_A,,,,N/A,N/A,N/A,N/A,N/A,N/A,N/A
273,1770446603655,gap_time,N/A,,,,GapTime_1063,N/A,N/A,N/A,N/A,N/A,N/A
273,1770446604723,Sentence shown,LVH_107_A,true,,true,N/A,N/A,N/A,N/A,N/A,N/A,N/A
273,1770446606066,IR pressed,LVH_107_A,true,,true,Spacebar,1,N/A,1343,N/A,N/A,N/A
273,1770446606369,WR pressed,LVH_107_A,true,,true,Yes,N/A,1,N/A,303,N/A,N/A
273,1770446606370,gap_time,N/A,true,,true,GapTime_785,N/A,N/A,N/A,N/A,N/A,N/A
273,1770446607162,Sentence shown,HVL_126_A,true,,,N/A,N/A,N/A,N/A,N/A,N/A,N/A
273,1770446611175,gap_time,N/A,true,,,GapTime_1001,N/A,N/A,N/A,N/A,N/A,N/A
273,1770446612185,Sentence shown,HVL_101_A,true,,,N/A,N/A,N/A,N/A,N/A,N/A,N/A
273,1770446616203,gap_time,N/A,true,,,GapTime_864,N/A,N/A,N/A,N/A,N/A,N/A
273,1770446617078,Sentence shown,HF_7_A,,,,N/A,N/A,N/A,N/A,N/A,N/A,N/A
273,1770446621093,gap_time,N/A,,,,GapTime_1166,N/A,N/A,N/A,N/A,N/A,N/A
273,1770446622274,Sentence shown,HF_7_A,,true,true,N/A,N/A,N/A,N/A,N/A,N/A,N/A
273,1770446623555,Validation IR pressed,HF_7_A,,true,true,Spacebar,1,N/A,1281,N/A,N/A,N/A
273,1770446623555,IR pressed,HF_7_A,,true,true,Spacebar,1,N/A,1281,N/A,N/A,N/A
273,1770446623842,WR pressed,HF_7_A,,true,true,Yes,N/A,N/A,N/A,287,N/A,N/A
273,1770446623843,gap_time,N/A,,true,true,GapTime_1119,N/A,N/A,N/A,N/A,N/A,N/A
273,1770446624979,Sentence shown,HF_30_A,,,,N/A,N/A,N/A,N/A,N/A,N/A,N/A
273,1770446628989,gap_time,N/A,,,,GapTime_1149,N/A,N/A,N/A,N/A,N/A,N/A
273,1770446630154,Sentence shown,HF_32_A,,,,N/A,N/A,N/A,N/A,N/A,N/A,N/A
273,1770446634157,gap_time,N/A,,,,GapTime_1075,N/A,N/A,N/A,N/A,N/A,N/A
273,1770446635244,Sentence shown,HVL_126_A,true,,true,N/A,N/A,N/A,N/A,N/A,N/A,N/A
273,1770446636211,IR pressed,HVL_126_A,true,,true,Spacebar,1,N/A,967,N/A,N/A,N/A
273,1770446636460,WR pressed,HVL_126_A,true,,true,Yes,N/A,1,N/A,249,N/A,N/A
273,1770446636460,gap_time,N/A,true,,true,GapTime_787,N/A,N/A,N/A,N/A,N/A,N/A
273,1770446637256,Sentence shown,HVL_101_P,true,,true,N/A,N/A,N/A,N/A,N/A,N/A,N/A
273,1770446639951,IR pressed,HVL_101_P,true,,true,Spacebar,1,N/A,2695,N/A,N/A,N/A
273,1770446640203,WR pressed,HVL_101_P,true,,true,Yes,N/A,0,N/A,252,N/A,N/A
273,1770446640203,gap_time,N/A,true,,true,GapTime_912,N/A,N/A,N/A,N/A,N/A,N/A
273,1770446641131,Rest Phase started,N/A,true,,true,Rest,N/A,N/A,N/A,N/A,N/A,N/A
273,1770446789213,Sentence shown,HF_48_A,,,,N/A,N/A,N/A,N/A,N/A,N/A,N/A
273,1770446793230,gap_time,N/A,,,,GapTime_952,N/A,N/A,N/A,N/A,N/A,N/A
273,1770446794193,Sentence shown,HF_40_A,,,,N/A,N/A,N/A,N/A,N/A,N/A,N/A
273,1770446798207,gap_time,N/A,,,,GapTime_705,N/A,N/A,N/A,N/A,N/A,N/A
273,1770446798929,Sentence shown,LVH_133_A,true,,,N/A,N/A,N/A,N/A,N/A,N/A,N/A
273,1770446802945,gap_time,N/A,true,,,GapTime_769,N/A,N/A,N/A,N/A,N/A,N/A
273,1770446803733,Sentence shown,HH_181_P,true,,,N/A,N/A,N/A,N/A,N/A,N/A,N/A
273,1770446807744,gap_time,N/A,true,,,GapTime_981,N/A,N/A,N/A,N/A,N/A,N/A
273,1770446808735,Sentence shown,HF_51_A,,,,N/A,N/A,N/A,N/A,N/A,N/A,N/A
273,1770446812745,gap_time,N/A,,,,GapTime_1080,N/A,N/A,N/A,N/A,N/A,N/A
273,1770446813831,Sentence shown,HF_61_A,,,,N/A,N/A,N/A,N/A,N/A,N/A,N/A
273,1770446817843,gap_time,N/A,,,,GapTime_1209,N/A,N/A,N/A,N/A,N/A,N/A
273,1770446819065,Sentence shown,HF_61_A,,true,true,N/A,N/A,N/A,N/A,N/A,N/A,N/A
273,1770446819795,Validation IR pressed,HF_61_A,,true,true,Spacebar,1,N/A,730,N/A,N/A,N/A
273,1770446819795,IR pressed,HF_61_A,,true,true,Spacebar,1,N/A,730,N/A,N/A,N/A
273,1770446820222,WR pressed,HF_61_A,,true,true,Yes,N/A,N/A,N/A,427,N/A,N/A
273,1770446820222,gap_time,N/A,,true,true,GapTime_719,N/A,N/A,N/A,N/A,N/A,N/A
273,1770446820952,Sentence shown,HF_65_A,,,,N/A,N/A,N/A,N/A,N/A,N/A,N/A
273,1770446824966,gap_time,N/A,,,,GapTime_836,N/A,N/A,N/A,N/A,N/A,N/A
273,1770446825803,Sentence shown,HF_65_A,,true,true,N/A,N/A,N/A,N/A,N/A,N/A,N/A
273,1770446826707,Validation IR pressed,HF_65_A,,true,true,Spacebar,1,N/A,904,N/A,N/A,N/A
273,1770446826707,IR pressed,HF_65_A,,true,true,Spacebar,1,N/A,904,N/A,N/A,N/A
273,1770446827171,WR pressed,HF_65_A,,true,true,Yes,N/A,N/A,N/A,464,N/A,N/A
273,1770446827171,gap_time,N/A,,true,true,GapTime_1285,N/A,N/A,N/A,N/A,N/A,N/A
273,1770446828458,Sentence shown,LVH_133_A,true,,true,N/A,N/A,N/A,N/A,N/A,N/A,N/A
273,1770446832475,gap_time,N/A,true,,true,GapTime_1265,N/A,N/A,N/A,N/A,N/A,N/A
273,1770446833755,Sentence shown,HVL_139_A,true,,,N/A,N/A,N/A,N/A,N/A,N/A,N/A
273,1770446837758,gap_time,N/A,true,,,GapTime_902,N/A,N/A,N/A,N/A,N/A,N/A
273,1770446838667,Sentence shown,LVL_118_P,true,,,N/A,N/A,N/A,N/A,N/A,N/A,N/A
273,1770446842668,gap_time,N/A,true,,,GapTime_1291,N/A,N/A,N/A,N/A,N/A,N/A
273,1770446843965,Sentence shown,HH_181_A,true,,true,N/A,N/A,N/A,N/A,N/A,N/A,N/A
273,1770446845009,IR pressed,HH_181_A,true,,true,Spacebar,1,N/A,1044,N/A,N/A,N/A
273,1770446847860,WR pressed,HH_181_A,true,,true,No,N/A,1,N/A,2851,N/A,N/A
273,1770446847860,gap_time,N/A,true,,true,GapTime_961,N/A,N/A,N/A,N/A,N/A,N/A
273,1770446848830,Sentence shown,LVH_104_P,true,,,N/A,N/A,N/A,N/A,N/A,N/A,N/A
273,1770446852841,gap_time,N/A,true,,,GapTime_858,N/A,N/A,N/A,N/A,N/A,N/A
273,1770446853710,Sentence shown,HH_144_A,true,,,N/A,N/A,N/A,N/A,N/A,N/A,N/A
273,1770446857725,gap_time,N/A,true,,,GapTime_846,N/A,N/A,N/A,N/A,N/A,N/A
273,1770446858579,Sentence shown,HF_62_A,,,,N/A,N/A,N/A,N/A,N/A,N/A,N/A
273,1770446862593,gap_time,N/A,,,,GapTime_1225,N/A,N/A,N/A,N/A,N/A,N/A
273,1770446863824,Sentence shown,HF_62_A,,true,true,N/A,N/A,N/A,N/A,N/A,N/A,N/A
273,1770446864573,Validation IR pressed,HF_62_A,,true,true,Spacebar,1,N/A,749,N/A,N/A,N/A
273,1770446864573,IR pressed,HF_62_A,,true,true,Spacebar,1,N/A,749,N/A,N/A,N/A
273,1770446864968,WR pressed,HF_62_A,,true,true,Yes,N/A,N/A,N/A,395,N/A,N/A
273,1770446864969,gap_time,N/A,,true,true,GapTime_702,N/A,N/A,N/A,N/A,N/A,N/A
273,1770446865681,Sentence shown,HF_39_A,,,,N/A,N/A,N/A,N/A,N/A,N/A,N/A
273,1770446869695,gap_time,N/A,,,,GapTime_760,N/A,N/A,N/A,N/A,N/A,N/A
273,1770446870463,Sentence shown,HF_49_A,,,,N/A,N/A,N/A,N/A,N/A,N/A,N/A
273,1770446874466,gap_time,N/A,,,,GapTime_907,N/A,N/A,N/A,N/A,N/A,N/A
273,1770446875379,Sentence shown,HVL_139_A,true,,true,N/A,N/A,N/A,N/A,N/A,N/A,N/A
273,1770446876703,IR pressed,HVL_139_A,true,,true,Spacebar,1,N/A,1324,N/A,N/A,N/A
273,1770446879172,WR pressed,HVL_139_A,true,,true,No,N/A,0,N/A,2469,N/A,N/A
273,1770446879173,gap_time,N/A,true,,true,GapTime_714,N/A,N/A,N/A,N/A,N/A,N/A
273,1770446879889,Sentence shown,HF_64_A,,,,N/A,N/A,N/A,N/A,N/A,N/A,N/A
273,1770446883905,gap_time,N/A,,,,GapTime_854,N/A,N/A,N/A,N/A,N/A,N/A
273,1770446884769,Sentence shown,LVL_118_A,true,,true,N/A,N/A,N/A,N/A,N/A,N/A,N/A
273,1770446886196,IR pressed,LVL_118_A,true,,true,Spacebar,1,N/A,1427,N/A,N/A,N/A
273,1770446886603,WR pressed,LVL_118_A,true,,true,Yes,N/A,0,N/A,407,N/A,N/A
273,1770446886604,gap_time,N/A,true,,true,GapTime_1300,N/A,N/A,N/A,N/A,N/A,N/A
273,1770446887912,Sentence shown,HF_41_A,,,,N/A,N/A,N/A,N/A,N/A,N/A,N/A
273,1770446891921,gap_time,N/A,,,,GapTime_733,N/A,N/A,N/A,N/A,N/A,N/A
273,1770446892665,Sentence shown,HH_144_A,true,,true,N/A,N/A,N/A,N/A,N/A,N/A,N/A
273,1770446894093,IR pressed,HH_144_A,true,,true,Spacebar,1,N/A,1428,N/A,N/A,N/A
273,1770446895453,WR pressed,HH_144_A,true,,true,Yes,N/A,1,N/A,1360,N/A,N/A
273,1770446895454,gap_time,N/A,true,,true,GapTime_1216,N/A,N/A,N/A,N/A,N/A,N/A
273,1770446896679,Sentence shown,HF_41_A,,true,true,N/A,N/A,N/A,N/A,N/A,N/A,N/A
273,1770446897887,Validation IR pressed,HF_41_A,,true,true,Spacebar,1,N/A,1208,N/A,N/A,N/A
273,1770446897887,IR pressed,HF_41_A,,true,true,Spacebar,1,N/A,1208,N/A,N/A,N/A
273,1770446898207,WR pressed,HF_41_A,,true,true,Yes,N/A,N/A,N/A,320,N/A,N/A
273,1770446898208,gap_time,N/A,,true,true,GapTime_1028,N/A,N/A,N/A,N/A,N/A,N/A
273,1770446899250,Sentence shown,LVH_104_A,true,,true,N/A,N/A,N/A,N/A,N/A,N/A,N/A
273,1770446900566,IR pressed,LVH_104_A,true,,true,Spacebar,1,N/A,1315,N/A,N/A,N/A
273,1770446901507,WR pressed,LVH_104_A,true,,true,No,N/A,1,N/A,941,N/A,N/A
273,1770446901508,gap_time,N/A,true,,true,GapTime_1073,N/A,N/A,N/A,N/A,N/A,N/A
273,1770446902588,Sentence shown,HF_42_A,,,,N/A,N/A,N/A,N/A,N/A,N/A,N/A
273,1770446904178,Validation Wrong IR pressed,HF_42_A,,,,Spacebar,0,N/A,1590,N/A,N/A,N/A
273,1770446904178,IR pressed,HF_42_A,,,,Spacebar,0,N/A,1590,N/A,N/A,N/A
273,1770446907904,WR pressed,HF_42_A,,,,Yes,N/A,N/A,N/A,3726,N/A,N/A
273,1770446907904,gap_time,N/A,,,,GapTime_959,N/A,N/A,N/A,N/A,N/A,N/A
273,1770446908876,Sentence shown,HF_43_A,,,,N/A,N/A,N/A,N/A,N/A,N/A,N/A
273,1770446912893,gap_time,N/A,,,,GapTime_1212,N/A,N/A,N/A,N/A,N/A,N/A
273,1770446914116,Sentence shown,HF_44_A,,,,N/A,N/A,N/A,N/A,N/A,N/A,N/A
273,1770446918129,gap_time,N/A,,,,GapTime_1165,N/A,N/A,N/A,N/A,N/A,N/A
273,1770446919309,Sentence shown,HF_59_A,,,,N/A,N/A,N/A,N/A,N/A,N/A,N/A
273,1770446923321,gap_time,N/A,,,,GapTime_983,N/A,N/A,N/A,N/A,N/A,N/A
273,1770446924316,Sentence shown,HVL_102_P,true,,,N/A,N/A,N/A,N/A,N/A,N/A,N/A
273,1770446928316,gap_time,N/A,true,,,GapTime_1043,N/A,N/A,N/A,N/A,N/A,N/A
273,1770446929372,Sentence shown,HH_179_P,true,,,N/A,N/A,N/A,N/A,N/A,N/A,N/A
273,1770446933382,gap_time,N/A,true,,,GapTime_928,N/A,N/A,N/A,N/A,N/A,N/A
273,1770446934325,Sentence shown,HF_59_A,,true,true,N/A,N/A,N/A,N/A,N/A,N/A,N/A
273,1770446935490,Validation IR pressed,HF_59_A,,true,true,Spacebar,1,N/A,1165,N/A,N/A,N/A
273,1770446935490,IR pressed,HF_59_A,,true,true,Spacebar,1,N/A,1165,N/A,N/A,N/A
273,1770446935816,WR pressed,HF_59_A,,true,true,Yes,N/A,N/A,N/A,326,N/A,N/A
273,1770446935817,gap_time,N/A,,true,true,GapTime_903,N/A,N/A,N/A,N/A,N/A,N/A
273,1770446936736,Sentence shown,HF_60_A,,,,N/A,N/A,N/A,N/A,N/A,N/A,N/A
273,1770446940747,gap_time,N/A,,,,GapTime_1196,N/A,N/A,N/A,N/A,N/A,N/A
273,1770446941959,Sentence shown,HF_60_A,,true,true,N/A,N/A,N/A,N/A,N/A,N/A,N/A
273,1770446943222,Validation IR pressed,HF_60_A,,true,true,Spacebar,1,N/A,1263,N/A,N/A,N/A
273,1770446943222,IR pressed,HF_60_A,,true,true,Spacebar,1,N/A,1263,N/A,N/A,N/A
273,1770446944320,WR pressed,HF_60_A,,true,true,Yes,N/A,N/A,N/A,1098,N/A,N/A
273,1770446944321,gap_time,N/A,,true,true,GapTime_1268,N/A,N/A,N/A,N/A,N/A,N/A
273,1770446945594,Sentence shown,HF_63_A,,,,N/A,N/A,N/A,N/A,N/A,N/A,N/A
273,1770446949607,gap_time,N/A,,,,GapTime_1088,N/A,N/A,N/A,N/A,N/A,N/A
273,1770446950698,Sentence shown,HF_55_A,,,,N/A,N/A,N/A,N/A,N/A,N/A,N/A
273,1770446954712,gap_time,N/A,,,,GapTime_856,N/A,N/A,N/A,N/A,N/A,N/A
273,1770446955576,Sentence shown,LVH_159_P,true,,,N/A,N/A,N/A,N/A,N/A,N/A,N/A
273,1770446959577,gap_time,N/A,true,,,GapTime_848,N/A,N/A,N/A,N/A,N/A,N/A
273,1770446960436,Sentence shown,HVL_102_P,true,,true,N/A,N/A,N/A,N/A,N/A,N/A,N/A
273,1770446962149,IR pressed,HVL_102_P,true,,true,Spacebar,1,N/A,1713,N/A,N/A,N/A
273,1770446962634,WR pressed,HVL_102_P,true,,true,Yes,N/A,1,N/A,485,N/A,N/A
273,1770446962634,gap_time,N/A,true,,true,GapTime_1205,N/A,N/A,N/A,N/A,N/A,N/A
273,1770446963850,Sentence shown,HH_179_P,true,,true,N/A,N/A,N/A,N/A,N/A,N/A,N/A
273,1770446967861,gap_time,N/A,true,,true,GapTime_878,N/A,N/A,N/A,N/A,N/A,N/A
273,1770446968753,Sentence shown,LVL_120_A,true,,,N/A,N/A,N/A,N/A,N/A,N/A,N/A
273,1770446972766,gap_time,N/A,true,,,GapTime_1259,N/A,N/A,N/A,N/A,N/A,N/A
273,1770446974040,Sentence shown,HF_46_A,,,,N/A,N/A,N/A,N/A,N/A,N/A,N/A
273,1770446978055,gap_time,N/A,,,,GapTime_852,N/A,N/A,N/A,N/A,N/A,N/A
273,1770446978921,Sentence shown,HF_47_A,,,,N/A,N/A,N/A,N/A,N/A,N/A,N/A
273,1770446982926,gap_time,N/A,,,,GapTime_805,N/A,N/A,N/A,N/A,N/A,N/A
273,1770446983738,Sentence shown,HF_34_A,,,,N/A,N/A,N/A,N/A,N/A,N/A,N/A
273,1770446987740,gap_time,N/A,,,,GapTime_1135,N/A,N/A,N/A,N/A,N/A,N/A
273,1770446988890,Sentence shown,LVH_159_P,true,,true,N/A,N/A,N/A,N/A,N/A,N/A,N/A
273,1770446991519,IR pressed,LVH_159_P,true,,true,Spacebar,1,N/A,2629,N/A,N/A,N/A
273,1770446994362,WR pressed,LVH_159_P,true,,true,Yes,N/A,1,N/A,2843,N/A,N/A
273,1770446994363,gap_time,N/A,true,,true,GapTime_1300,N/A,N/A,N/A,N/A,N/A,N/A
273,1770446995675,Sentence shown,HF_34_A,,true,true,N/A,N/A,N/A,N/A,N/A,N/A,N/A
273,1770446997145,Validation IR pressed,HF_34_A,,true,true,Spacebar,1,N/A,1470,N/A,N/A,N/A
273,1770446997145,IR pressed,HF_34_A,,true,true,Spacebar,1,N/A,1470,N/A,N/A,N/A
273,1770446997393,WR pressed,HF_34_A,,true,true,Yes,N/A,N/A,N/A,248,N/A,N/A
273,1770446997394,gap_time,N/A,,true,true,GapTime_1214,N/A,N/A,N/A,N/A,N/A,N/A
273,1770446998622,Sentence shown,HF_54_A,,,,N/A,N/A,N/A,N/A,N/A,N/A,N/A
273,1770447002628,gap_time,N/A,,,,GapTime_859,N/A,N/A,N/A,N/A,N/A,N/A
273,1770447003497,Sentence shown,HF_58_A,,,,N/A,N/A,N/A,N/A,N/A,N/A,N/A
273,1770447007514,gap_time,N/A,,,,GapTime_930,N/A,N/A,N/A,N/A,N/A,N/A
273,1770447008451,Sentence shown,LVL_120_P,true,,true,N/A,N/A,N/A,N/A,N/A,N/A,N/A
273,1770447010064,IR pressed,LVL_120_P,true,,true,Spacebar,1,N/A,1613,N/A,N/A,N/A
273,1770447010351,WR pressed,LVL_120_P,true,,true,Yes,N/A,0,N/A,287,N/A,N/A
273,1770447010351,gap_time,N/A,true,,true,GapTime_1061,N/A,N/A,N/A,N/A,N/A,N/A
273,1770447011426,Sentence shown,HF_57_A,,,,N/A,N/A,N/A,N/A,N/A,N/A,N/A
273,1770447015439,gap_time,N/A,,,,GapTime_738,N/A,N/A,N/A,N/A,N/A,N/A
273,1770447016179,Sentence shown,HVL_158_P,true,,,N/A,N/A,N/A,N/A,N/A,N/A,N/A
273,1770447020190,gap_time,N/A,true,,,GapTime_1141,N/A,N/A,N/A,N/A,N/A,N/A
273,1770447021339,Sentence shown,LVL_107_A,true,,,N/A,N/A,N/A,N/A,N/A,N/A,N/A
273,1770447025340,gap_time,N/A,true,,,GapTime_898,N/A,N/A,N/A,N/A,N/A,N/A
273,1770447026253,Sentence shown,HF_57_A,,true,true,N/A,N/A,N/A,N/A,N/A,N/A,N/A
273,1770447027342,Validation IR pressed,HF_57_A,,true,true,Spacebar,1,N/A,1089,N/A,N/A,N/A
273,1770447027342,IR pressed,HF_57_A,,true,true,Spacebar,1,N/A,1089,N/A,N/A,N/A
273,1770447027585,WR pressed,HF_57_A,,true,true,Yes,N/A,N/A,N/A,243,N/A,N/A
273,1770447027585,gap_time,N/A,,true,true,GapTime_932,N/A,N/A,N/A,N/A,N/A,N/A
273,1770447028524,Sentence shown,HF_35_A,,,,N/A,N/A,N/A,N/A,N/A,N/A,N/A
273,1770447032525,gap_time,N/A,,,,GapTime_1176,N/A,N/A,N/A,N/A,N/A,N/A
273,1770447033707,Sentence shown,HF_52_A,,,,N/A,N/A,N/A,N/A,N/A,N/A,N/A
273,1770447037716,gap_time,N/A,,,,GapTime_1017,N/A,N/A,N/A,N/A,N/A,N/A
273,1770447038744,Sentence shown,HF_50_A,,,,N/A,N/A,N/A,N/A,N/A,N/A,N/A
273,1770447042747,gap_time,N/A,,,,GapTime_1203,N/A,N/A,N/A,N/A,N/A,N/A
273,1770447043958,Sentence shown,HF_37_A,,,,N/A,N/A,N/A,N/A,N/A,N/A,N/A
273,1770447047973,gap_time,N/A,,,,GapTime_923,N/A,N/A,N/A,N/A,N/A,N/A
273,1770447048899,Sentence shown,HF_53_A,,,,N/A,N/A,N/A,N/A,N/A,N/A,N/A
273,1770447052900,gap_time,N/A,,,,GapTime_792,N/A,N/A,N/A,N/A,N/A,N/A
273,1770447053707,Sentence shown,HVL_158_A,true,,true,N/A,N/A,N/A,N/A,N/A,N/A,N/A
273,1770447057720,gap_time,N/A,true,,true,GapTime_937,N/A,N/A,N/A,N/A,N/A,N/A
273,1770447058668,Sentence shown,HF_53_A,,true,true,N/A,N/A,N/A,N/A,N/A,N/A,N/A
273,1770447060230,Validation IR pressed,HF_53_A,,true,true,Spacebar,1,N/A,1562,N/A,N/A,N/A
273,1770447060230,IR pressed,HF_53_A,,true,true,Spacebar,1,N/A,1562,N/A,N/A,N/A
273,1770447060446,WR pressed,HF_53_A,,true,true,Yes,N/A,N/A,N/A,216,N/A,N/A
273,1770447060447,gap_time,N/A,,true,true,GapTime_794,N/A,N/A,N/A,N/A,N/A,N/A
273,1770447061243,Sentence shown,HH_169_A,true,,,N/A,N/A,N/A,N/A,N/A,N/A,N/A
273,1770447065258,gap_time,N/A,true,,,GapTime_1050,N/A,N/A,N/A,N/A,N/A,N/A
273,1770447066320,Sentence shown,HF_38_A,,,,N/A,N/A,N/A,N/A,N/A,N/A,N/A
273,1770447070335,gap_time,N/A,,,,GapTime_1207,N/A,N/A,N/A,N/A,N/A,N/A
273,1770447071556,Sentence shown,LVL_107_A,true,,true,N/A,N/A,N/A,N/A,N/A,N/A,N/A
273,1770447075569,gap_time,N/A,true,,true,GapTime_888,N/A,N/A,N/A,N/A,N/A,N/A
273,1770447076462,Sentence shown,LVL_100_P,true,,,N/A,N/A,N/A,N/A,N/A,N/A,N/A
273,1770447080474,gap_time,N/A,true,,,GapTime_1232,N/A,N/A,N/A,N/A,N/A,N/A
273,1770447081712,Sentence shown,HF_36_A,,,,N/A,N/A,N/A,N/A,N/A,N/A,N/A
273,1770447085728,gap_time,N/A,,,,GapTime_1110,N/A,N/A,N/A,N/A,N/A,N/A
273,1770447086841,Sentence shown,HF_36_A,,true,true,N/A,N/A,N/A,N/A,N/A,N/A,N/A
273,1770447087733,Validation IR pressed,HF_36_A,,true,true,Spacebar,1,N/A,892,N/A,N/A,N/A
273,1770447087733,IR pressed,HF_36_A,,true,true,Spacebar,1,N/A,892,N/A,N/A,N/A
273,1770447088009,WR pressed,HF_36_A,,true,true,Yes,N/A,N/A,N/A,275,N/A,N/A
273,1770447088009,gap_time,N/A,,true,true,GapTime_1143,N/A,N/A,N/A,N/A,N/A,N/A
273,1770447089154,Sentence shown,HF_45_A,,,,N/A,N/A,N/A,N/A,N/A,N/A,N/A
273,1770447093158,gap_time,N/A,,,,GapTime_1215,N/A,N/A,N/A,N/A,N/A,N/A
273,1770447094375,Sentence shown,HVL_112_A,true,,,N/A,N/A,N/A,N/A,N/A,N/A,N/A
273,1770447098386,gap_time,N/A,true,,,GapTime_987,N/A,N/A,N/A,N/A,N/A,N/A
273,1770447099379,Sentence shown,HF_56_A,,,,N/A,N/A,N/A,N/A,N/A,N/A,N/A
273,1770447103382,gap_time,N/A,,,,GapTime_724,N/A,N/A,N/A,N/A,N/A,N/A
273,1770447104119,Sentence shown,HH_169_P,true,,true,N/A,N/A,N/A,N/A,N/A,N/A,N/A
273,1770447108127,gap_time,N/A,true,,true,GapTime_749,N/A,N/A,N/A,N/A,N/A,N/A
273,1770447108894,Sentence shown,LVL_100_P,true,,true,N/A,N/A,N/A,N/A,N/A,N/A,N/A
273,1770447112909,gap_time,N/A,true,,true,GapTime_1233,N/A,N/A,N/A,N/A,N/A,N/A
273,1770447114148,Sentence shown,LVH_116_A,true,,,N/A,N/A,N/A,N/A,N/A,N/A,N/A
273,1770447118159,gap_time,N/A,true,,,GapTime_978,N/A,N/A,N/A,N/A,N/A,N/A
273,1770447119142,Sentence shown,HVL_112_P,true,,true,N/A,N/A,N/A,N/A,N/A,N/A,N/A
273,1770447121253,IR pressed,HVL_112_P,true,,true,Spacebar,1,N/A,2111,N/A,N/A,N/A
273,1770447122045,WR pressed,HVL_112_P,true,,true,Yes,N/A,0,N/A,792,N/A,N/A
273,1770447122045,gap_time,N/A,true,,true,GapTime_1168,N/A,N/A,N/A,N/A,N/A,N/A
273,1770447123224,Sentence shown,LVH_116_P,true,,true,N/A,N/A,N/A,N/A,N/A,N/A,N/A
273,1770447127240,gap_time,N/A,true,,true,GapTime_865,N/A,N/A,N/A,N/A,N/A,N/A
273,1770447128122,Rest Phase started,N/A,true,,true,Rest,N/A,N/A,N/A,N/A,N/A,N/A
273,1770447154280,Sentence shown,HH_163_P,true,,,N/A,N/A,N/A,N/A,N/A,N/A,N/A
273,1770447158288,gap_time,N/A,true,,,GapTime_770,N/A,N/A,N/A,N/A,N/A,N/A
273,1770447159073,Sentence shown,HF_97_A,,,,N/A,N/A,N/A,N/A,N/A,N/A,N/A
273,1770447163084,gap_time,N/A,,,,GapTime_1153,N/A,N/A,N/A,N/A,N/A,N/A
273,1770447164252,Sentence shown,HF_94_A,,,,N/A,N/A,N/A,N/A,N/A,N/A,N/A
273,1770447168253,gap_time,N/A,,,,GapTime_807,N/A,N/A,N/A,N/A,N/A,N/A
273,1770447169073,Sentence shown,HF_79_A,,,,N/A,N/A,N/A,N/A,N/A,N/A,N/A
273,1770447173078,gap_time,N/A,,,,GapTime_1189,N/A,N/A,N/A,N/A,N/A,N/A
273,1770447174274,Sentence shown,HF_79_A,,true,true,N/A,N/A,N/A,N/A,N/A,N/A,N/A
273,1770447176424,Validation IR pressed,HF_79_A,,true,true,Spacebar,1,N/A,2150,N/A,N/A,N/A
273,1770447176424,IR pressed,HF_79_A,,true,true,Spacebar,1,N/A,2150,N/A,N/A,N/A
273,1770447176991,WR pressed,HF_79_A,,true,true,Yes,N/A,N/A,N/A,567,N/A,N/A
273,1770447176992,gap_time,N/A,,true,true,GapTime_1248,N/A,N/A,N/A,N/A,N/A,N/A
273,1770447178252,Sentence shown,HF_75_A,,,,N/A,N/A,N/A,N/A,N/A,N/A,N/A
273,1770447182266,gap_time,N/A,,,,GapTime_849,N/A,N/A,N/A,N/A,N/A,N/A
273,1770447183129,Sentence shown,HH_163_A,true,,true,N/A,N/A,N/A,N/A,N/A,N/A,N/A
273,1770447187139,gap_time,N/A,true,,true,GapTime_932,N/A,N/A,N/A,N/A,N/A,N/A
273,1770447188081,Sentence shown,HF_75_A,,true,true,N/A,N/A,N/A,N/A,N/A,N/A,N/A
273,1770447192093,Validation Missed,HF_75_A,,true,true,None,0,N/A,N/A,N/A,N/A,N/A
273,1770447192093,gap_time,N/A,,true,true,GapTime_923,N/A,N/A,N/A,N/A,N/A,N/A
273,1770447193029,Sentence shown,HF_72_A,,,,N/A,N/A,N/A,N/A,N/A,N/A,N/A
273,1770447195342,Validation Wrong IR pressed,HF_72_A,,,,Spacebar,0,N/A,2312,N/A,N/A,N/A
273,1770447195342,IR pressed,HF_72_A,,,,Spacebar,0,N/A,2312,N/A,N/A,N/A
273,1770447195562,WR pressed,HF_72_A,,,,Yes,N/A,N/A,N/A,220,N/A,N/A
273,1770447195562,gap_time,N/A,,,,GapTime_1050,N/A,N/A,N/A,N/A,N/A,N/A
273,1770447196616,Sentence shown,HH_143_P,true,,,N/A,N/A,N/A,N/A,N/A,N/A,N/A
273,1770447200618,gap_time,N/A,true,,,GapTime_941,N/A,N/A,N/A,N/A,N/A,N/A
273,1770447201570,Sentence shown,HF_66_A,,,,N/A,N/A,N/A,N/A,N/A,N/A,N/A
273,1770447205574,gap_time,N/A,,,,GapTime_1153,N/A,N/A,N/A,N/A,N/A,N/A
273,1770447206729,Sentence shown,HF_93_A,,,,N/A,N/A,N/A,N/A,N/A,N/A,N/A
273,1770447210740,gap_time,N/A,,,,GapTime_871,N/A,N/A,N/A,N/A,N/A,N/A
273,1770447211620,Sentence shown,HF_78_A,,,,N/A,N/A,N/A,N/A,N/A,N/A,N/A
273,1770447215626,gap_time,N/A,,,,GapTime_1129,N/A,N/A,N/A,N/A,N/A,N/A
273,1770447216771,Sentence shown,LVH_136_A,true,,,N/A,N/A,N/A,N/A,N/A,N/A,N/A
273,1770447220776,gap_time,N/A,true,,,GapTime_1078,N/A,N/A,N/A,N/A,N/A,N/A
273,1770447221861,Sentence shown,HVL_110_P,true,,,N/A,N/A,N/A,N/A,N/A,N/A,N/A
273,1770447225868,gap_time,N/A,true,,,GapTime_1195,N/A,N/A,N/A,N/A,N/A,N/A
273,1770447227068,Sentence shown,HF_74_A,,,,N/A,N/A,N/A,N/A,N/A,N/A,N/A
273,1770447231075,gap_time,N/A,,,,GapTime_842,N/A,N/A,N/A,N/A,N/A,N/A
273,1770447231928,Sentence shown,HF_74_A,,true,true,N/A,N/A,N/A,N/A,N/A,N/A,N/A
273,1770447235932,Validation Missed,HF_74_A,,true,true,None,0,N/A,N/A,N/A,N/A,N/A
273,1770447235933,gap_time,N/A,,true,true,GapTime_726,N/A,N/A,N/A,N/A,N/A,N/A
273,1770447236670,Sentence shown,LVH_100_P,true,,,N/A,N/A,N/A,N/A,N/A,N/A,N/A
273,1770447240678,gap_time,N/A,true,,,GapTime_1247,N/A,N/A,N/A,N/A,N/A,N/A
273,1770447241941,Sentence shown,HH_143_P,true,,true,N/A,N/A,N/A,N/A,N/A,N/A,N/A
273,1770447245958,gap_time,N/A,true,,true,GapTime_1102,N/A,N/A,N/A,N/A,N/A,N/A
273,1770447247063,Sentence shown,LVH_118_A,true,,,N/A,N/A,N/A,N/A,N/A,N/A,N/A
273,1770447251079,gap_time,N/A,true,,,GapTime_1153,N/A,N/A,N/A,N/A,N/A,N/A
273,1770447252243,Sentence shown,HF_80_A,,,,N/A,N/A,N/A,N/A,N/A,N/A,N/A
273,1770447256244,gap_time,N/A,,,,GapTime_1253,N/A,N/A,N/A,N/A,N/A,N/A
273,1770447257510,Sentence shown,HF_80_A,,true,true,N/A,N/A,N/A,N/A,N/A,N/A,N/A
273,1770447258354,Validation IR pressed,HF_80_A,,true,true,Spacebar,1,N/A,843,N/A,N/A,N/A
273,1770447258354,IR pressed,HF_80_A,,true,true,Spacebar,1,N/A,843,N/A,N/A,N/A
273,1770447259003,WR pressed,HF_80_A,,true,true,Yes,N/A,N/A,N/A,649,N/A,N/A
273,1770447259003,gap_time,N/A,,true,true,GapTime_1141,N/A,N/A,N/A,N/A,N/A,N/A
273,1770447260150,Sentence shown,LVH_136_A,true,,true,N/A,N/A,N/A,N/A,N/A,N/A,N/A
273,1770447264159,gap_time,N/A,true,,true,GapTime_1080,N/A,N/A,N/A,N/A,N/A,N/A
273,1770447265248,Sentence shown,HH_172_A,true,,,N/A,N/A,N/A,N/A,N/A,N/A,N/A
273,1770447269250,gap_time,N/A,true,,,GapTime_1262,N/A,N/A,N/A,N/A,N/A,N/A
273,1770447270515,Sentence shown,HF_67_A,,,,N/A,N/A,N/A,N/A,N/A,N/A,N/A
273,1770447274527,gap_time,N/A,,,,GapTime_1027,N/A,N/A,N/A,N/A,N/A,N/A
273,1770447275565,Sentence shown,HF_67_A,,true,true,N/A,N/A,N/A,N/A,N/A,N/A,N/A
273,1770447276752,Validation IR pressed,HF_67_A,,true,true,Spacebar,1,N/A,1187,N/A,N/A,N/A
273,1770447276752,IR pressed,HF_67_A,,true,true,Spacebar,1,N/A,1187,N/A,N/A,N/A
273,1770447277244,WR pressed,HF_67_A,,true,true,Yes,N/A,N/A,N/A,492,N/A,N/A
273,1770447277245,gap_time,N/A,,true,true,GapTime_1099,N/A,N/A,N/A,N/A,N/A,N/A
273,1770447278350,Sentence shown,HVL_110_P,true,,true,N/A,N/A,N/A,N/A,N/A,N/A,N/A
273,1770447282365,gap_time,N/A,true,,true,GapTime_1168,N/A,N/A,N/A,N/A,N/A,N/A
273,1770447283538,Sentence shown,HF_85_A,,,,N/A,N/A,N/A,N/A,N/A,N/A,N/A
273,1770447287547,gap_time,N/A,,,,GapTime_1268,N/A,N/A,N/A,N/A,N/A,N/A
273,1770447288817,Sentence shown,LVH_118_P,true,,true,N/A,N/A,N/A,N/A,N/A,N/A,N/A
273,1770447292317,IR pressed,LVH_118_P,true,,true,Spacebar,1,N/A,3499,N/A,N/A,N/A
273,1770447292812,WR pressed,LVH_118_P,true,,true,Yes,N/A,0,N/A,494,N/A,N/A
273,1770447292813,gap_time,N/A,true,,true,GapTime_1273,N/A,N/A,N/A,N/A,N/A,N/A
273,1770447294089,Sentence shown,LVL_111_A,true,,,N/A,N/A,N/A,N/A,N/A,N/A,N/A
273,1770447298099,gap_time,N/A,true,,,GapTime_1104,N/A,N/A,N/A,N/A,N/A,N/A
273,1770447299217,Sentence shown,HF_77_A,,,,N/A,N/A,N/A,N/A,N/A,N/A,N/A
273,1770447303232,gap_time,N/A,,,,GapTime_1105,N/A,N/A,N/A,N/A,N/A,N/A
273,1770447304351,Sentence shown,LVH_100_P,true,,true,N/A,N/A,N/A,N/A,N/A,N/A,N/A
273,1770447306078,IR pressed,LVH_100_P,true,,true,Spacebar,1,N/A,1727,N/A,N/A,N/A
273,1770447306386,WR pressed,LVH_100_P,true,,true,Yes,N/A,1,N/A,308,N/A,N/A
273,1770447306386,gap_time,N/A,true,,true,GapTime_731,N/A,N/A,N/A,N/A,N/A,N/A
273,1770447307134,Sentence shown,HVL_163_P,true,,,N/A,N/A,N/A,N/A,N/A,N/A,N/A
273,1770447311135,gap_time,N/A,true,,,GapTime_733,N/A,N/A,N/A,N/A,N/A,N/A
273,1770447311870,Sentence shown,HF_95_A,,,,N/A,N/A,N/A,N/A,N/A,N/A,N/A
273,1770447315874,gap_time,N/A,,,,GapTime_1024,N/A,N/A,N/A,N/A,N/A,N/A
273,1770447316911,Sentence shown,HH_172_P,true,,true,N/A,N/A,N/A,N/A,N/A,N/A,N/A
273,1770447317898,IR pressed,HH_172_P,true,,true,Spacebar,1,N/A,986,N/A,N/A,N/A
273,1770447318141,WR pressed,HH_172_P,true,,true,Yes,N/A,0,N/A,243,N/A,N/A
273,1770447318142,gap_time,N/A,true,,true,GapTime_1092,N/A,N/A,N/A,N/A,N/A,N/A
273,1770447319240,Sentence shown,HF_96_A,,,,N/A,N/A,N/A,N/A,N/A,N/A,N/A
273,1770447323246,gap_time,N/A,,,,GapTime_887,N/A,N/A,N/A,N/A,N/A,N/A
273,1770447324147,Sentence shown,LVL_127_P,true,,,N/A,N/A,N/A,N/A,N/A,N/A,N/A
273,1770447328157,gap_time,N/A,true,,,GapTime_742,N/A,N/A,N/A,N/A,N/A,N/A
273,1770447328905,Sentence shown,HF_86_A,,,,N/A,N/A,N/A,N/A,N/A,N/A,N/A
273,1770447330530,Validation Wrong IR pressed,HF_86_A,,,,Spacebar,0,N/A,1625,N/A,N/A,N/A
273,1770447330530,IR pressed,HF_86_A,,,,Spacebar,0,N/A,1625,N/A,N/A,N/A
273,1770447330792,WR pressed,HF_86_A,,,,Yes,N/A,N/A,N/A,262,N/A,N/A
273,1770447330792,gap_time,N/A,,,,GapTime_701,N/A,N/A,N/A,N/A,N/A,N/A
273,1770447331506,Sentence shown,HF_81_A,,,,N/A,N/A,N/A,N/A,N/A,N/A,N/A
273,1770447335523,gap_time,N/A,,,,GapTime_1219,N/A,N/A,N/A,N/A,N/A,N/A
273,1770447336745,Sentence shown,LVL_111_P,true,,true,N/A,N/A,N/A,N/A,N/A,N/A,N/A
273,1770447340750,gap_time,N/A,true,,true,GapTime_1095,N/A,N/A,N/A,N/A,N/A,N/A
273,1770447341848,Sentence shown,HF_90_A,,,,N/A,N/A,N/A,N/A,N/A,N/A,N/A
273,1770447345863,gap_time,N/A,,,,GapTime_1059,N/A,N/A,N/A,N/A,N/A,N/A
273,1770447346938,Sentence shown,HVL_163_A,true,,true,N/A,N/A,N/A,N/A,N/A,N/A,N/A
273,1770447350951,gap_time,N/A,true,,true,GapTime_1259,N/A,N/A,N/A,N/A,N/A,N/A
273,1770447352217,Sentence shown,HF_71_A,,,,N/A,N/A,N/A,N/A,N/A,N/A,N/A
273,1770447356230,gap_time,N/A,,,,GapTime_975,N/A,N/A,N/A,N/A,N/A,N/A
273,1770447357216,Sentence shown,HF_82_A,,,,N/A,N/A,N/A,N/A,N/A,N/A,N/A
273,1770447361222,gap_time,N/A,,,,GapTime_1102,N/A,N/A,N/A,N/A,N/A,N/A
273,1770447362338,Sentence shown,HF_88_A,,,,N/A,N/A,N/A,N/A,N/A,N/A,N/A
273,1770447366342,gap_time,N/A,,,,GapTime_1291,N/A,N/A,N/A,N/A,N/A,N/A
273,1770447367640,Sentence shown,HF_71_A,,true,true,N/A,N/A,N/A,N/A,N/A,N/A,N/A
273,1770447368854,Validation IR pressed,HF_71_A,,true,true,Spacebar,1,N/A,1214,N/A,N/A,N/A
273,1770447368854,IR pressed,HF_71_A,,true,true,Spacebar,1,N/A,1214,N/A,N/A,N/A
273,1770447369051,WR pressed,HF_71_A,,true,true,Yes,N/A,N/A,N/A,197,N/A,N/A
273,1770447369051,gap_time,N/A,,true,true,GapTime_705,N/A,N/A,N/A,N/A,N/A,N/A
273,1770447369764,Sentence shown,LVL_127_A,true,,true,N/A,N/A,N/A,N/A,N/A,N/A,N/A
273,1770447373774,gap_time,N/A,true,,true,GapTime_1141,N/A,N/A,N/A,N/A,N/A,N/A
273,1770447374931,Sentence shown,HF_83_A,,,,N/A,N/A,N/A,N/A,N/A,N/A,N/A
273,1770447378945,gap_time,N/A,,,,GapTime_1102,N/A,N/A,N/A,N/A,N/A,N/A
273,1770447380053,Sentence shown,HF_84_A,,,,N/A,N/A,N/A,N/A,N/A,N/A,N/A
273,1770447384067,gap_time,N/A,,,,GapTime_990,N/A,N/A,N/A,N/A,N/A,N/A
273,1770447385066,Sentence shown,HF_84_A,,true,true,N/A,N/A,N/A,N/A,N/A,N/A,N/A
273,1770447386049,Validation IR pressed,HF_84_A,,true,true,Spacebar,1,N/A,983,N/A,N/A,N/A
273,1770447386049,IR pressed,HF_84_A,,true,true,Spacebar,1,N/A,983,N/A,N/A,N/A
273,1770447386323,WR pressed,HF_84_A,,true,true,Yes,N/A,N/A,N/A,274,N/A,N/A
273,1770447386323,gap_time,N/A,,true,true,GapTime_982,N/A,N/A,N/A,N/A,N/A,N/A
273,1770447387316,Sentence shown,HF_73_A,,,,N/A,N/A,N/A,N/A,N/A,N/A,N/A
273,1770447391332,gap_time,N/A,,,,GapTime_1102,N/A,N/A,N/A,N/A,N/A,N/A
273,1770447392442,Sentence shown,HVL_131_A,true,,,N/A,N/A,N/A,N/A,N/A,N/A,N/A
273,1770447396455,gap_time,N/A,true,,,GapTime_1074,N/A,N/A,N/A,N/A,N/A,N/A
273,1770447397545,Sentence shown,HF_73_A,,true,true,N/A,N/A,N/A,N/A,N/A,N/A,N/A
273,1770447400486,Validation IR pressed,HF_73_A,,true,true,Spacebar,1,N/A,2941,N/A,N/A,N/A
273,1770447400486,IR pressed,HF_73_A,,true,true,Spacebar,1,N/A,2941,N/A,N/A,N/A
273,1770447400877,WR pressed,HF_73_A,,true,true,No,N/A,N/A,N/A,391,N/A,N/A
273,1770447400878,gap_time,N/A,,true,true,GapTime_1228,N/A,N/A,N/A,N/A,N/A,N/A
273,1770447402117,Sentence shown,HH_155_A,true,,,N/A,N/A,N/A,N/A,N/A,N/A,N/A
273,1770447406130,gap_time,N/A,true,,,GapTime_1113,N/A,N/A,N/A,N/A,N/A,N/A
273,1770447407254,Sentence shown,HVL_109_A,true,,,N/A,N/A,N/A,N/A,N/A,N/A,N/A
273,1770447411256,gap_time,N/A,true,,,GapTime_1177,N/A,N/A,N/A,N/A,N/A,N/A
273,1770447412448,Sentence shown,HF_89_A,,,,N/A,N/A,N/A,N/A,N/A,N/A,N/A
273,1770447416462,gap_time,N/A,,,,GapTime_1286,N/A,N/A,N/A,N/A,N/A,N/A
273,1770447417754,Sentence shown,LVL_140_A,true,,,N/A,N/A,N/A,N/A,N/A,N/A,N/A
273,1770447421759,gap_time,N/A,true,,,GapTime_1085,N/A,N/A,N/A,N/A,N/A,N/A
273,1770447422855,Sentence shown,HF_68_A,,,,N/A,N/A,N/A,N/A,N/A,N/A,N/A
273,1770447426871,gap_time,N/A,,,,GapTime_780,N/A,N/A,N/A,N/A,N/A,N/A
273,1770447427659,Sentence shown,HF_68_A,,true,true,N/A,N/A,N/A,N/A,N/A,N/A,N/A
273,1770447428444,Validation IR pressed,HF_68_A,,true,true,Spacebar,1,N/A,785,N/A,N/A,N/A
273,1770447428444,IR pressed,HF_68_A,,true,true,Spacebar,1,N/A,785,N/A,N/A,N/A
273,1770447428816,WR pressed,HF_68_A,,true,true,Yes,N/A,N/A,N/A,372,N/A,N/A
273,1770447428817,gap_time,N/A,,true,true,GapTime_937,N/A,N/A,N/A,N/A,N/A,N/A
273,1770447429761,Sentence shown,HF_69_A,,,,N/A,N/A,N/A,N/A,N/A,N/A,N/A
273,1770447433778,gap_time,N/A,,,,GapTime_1055,N/A,N/A,N/A,N/A,N/A,N/A
273,1770447434849,Sentence shown,HH_155_A,true,,true,N/A,N/A,N/A,N/A,N/A,N/A,N/A
273,1770447438854,gap_time,N/A,true,,true,GapTime_1249,N/A,N/A,N/A,N/A,N/A,N/A
273,1770447440118,Sentence shown,HVL_131_P,true,,true,N/A,N/A,N/A,N/A,N/A,N/A,N/A
273,1770447442177,IR pressed,HVL_131_P,true,,true,Spacebar,1,N/A,2059,N/A,N/A,N/A
273,1770447442433,WR pressed,HVL_131_P,true,,true,Yes,N/A,0,N/A,256,N/A,N/A
273,1770447442433,gap_time,N/A,true,,true,GapTime_977,N/A,N/A,N/A,N/A,N/A,N/A
273,1770447443422,Sentence shown,HVL_109_A,true,,true,N/A,N/A,N/A,N/A,N/A,N/A,N/A
273,1770447444479,IR pressed,HVL_109_A,true,,true,Spacebar,1,N/A,1057,N/A,N/A,N/A
273,1770447444653,WR pressed,HVL_109_A,true,,true,Yes,N/A,1,N/A,174,N/A,N/A
273,1770447444654,gap_time,N/A,true,,true,GapTime_984,N/A,N/A,N/A,N/A,N/A,N/A
273,1770447445640,Sentence shown,HF_92_A,,,,N/A,N/A,N/A,N/A,N/A,N/A,N/A
273,1770447449654,gap_time,N/A,,,,GapTime_857,N/A,N/A,N/A,N/A,N/A,N/A
273,1770447450520,Sentence shown,HF_76_A,,,,N/A,N/A,N/A,N/A,N/A,N/A,N/A
273,1770447454522,gap_time,N/A,,,,GapTime_933,N/A,N/A,N/A,N/A,N/A,N/A
273,1770447455464,Sentence shown,HF_76_A,,true,true,N/A,N/A,N/A,N/A,N/A,N/A,N/A
273,1770447456714,Validation IR pressed,HF_76_A,,true,true,Spacebar,1,N/A,1250,N/A,N/A,N/A
273,1770447456714,IR pressed,HF_76_A,,true,true,Spacebar,1,N/A,1250,N/A,N/A,N/A
273,1770447456950,WR pressed,HF_76_A,,true,true,Yes,N/A,N/A,N/A,236,N/A,N/A
273,1770447456951,gap_time,N/A,,true,true,GapTime_1046,N/A,N/A,N/A,N/A,N/A,N/A
273,1770447458002,Sentence shown,LVL_140_A,true,,true,N/A,N/A,N/A,N/A,N/A,N/A,N/A
273,1770447460129,IR pressed,LVL_140_A,true,,true,Spacebar,1,N/A,2127,N/A,N/A,N/A
273,1770447460373,WR pressed,LVL_140_A,true,,true,Yes,N/A,1,N/A,244,N/A,N/A
273,1770447460374,gap_time,N/A,true,,true,GapTime_1285,N/A,N/A,N/A,N/A,N/A,N/A
273,1770447461668,Sentence shown,HF_87_A,,,,N/A,N/A,N/A,N/A,N/A,N/A,N/A
273,1770447465670,gap_time,N/A,,,,GapTime_818,N/A,N/A,N/A,N/A,N/A,N/A
273,1770447466501,Sentence shown,LVL_126_P,true,,,N/A,N/A,N/A,N/A,N/A,N/A,N/A
273,1770447470510,gap_time,N/A,true,,,GapTime_932,N/A,N/A,N/A,N/A,N/A,N/A
273,1770447471454,Sentence shown,LVH_101_P,true,,,N/A,N/A,N/A,N/A,N/A,N/A,N/A
273,1770447475466,gap_time,N/A,true,,,GapTime_865,N/A,N/A,N/A,N/A,N/A,N/A
273,1770447476335,Sentence shown,HF_70_A,,,,N/A,N/A,N/A,N/A,N/A,N/A,N/A
273,1770447478275,Validation Wrong IR pressed,HF_70_A,,,,Spacebar,0,N/A,1940,N/A,N/A,N/A
273,1770447478275,IR pressed,HF_70_A,,,,Spacebar,0,N/A,1940,N/A,N/A,N/A
273,1770447478601,WR pressed,HF_70_A,,,,Yes,N/A,N/A,N/A,325,N/A,N/A
273,1770447478601,gap_time,N/A,,,,GapTime_979,N/A,N/A,N/A,N/A,N/A,N/A
273,1770447479594,Sentence shown,HF_91_A,,,,N/A,N/A,N/A,N/A,N/A,N/A,N/A
273,1770447483596,gap_time,N/A,,,,GapTime_952,N/A,N/A,N/A,N/A,N/A,N/A
273,1770447484553,Sentence shown,LVL_126_P,true,,true,N/A,N/A,N/A,N/A,N/A,N/A,N/A
273,1770447488569,gap_time,N/A,true,,true,GapTime_833,N/A,N/A,N/A,N/A,N/A,N/A
273,1770447489418,Sentence shown,LVH_101_A,true,,true,N/A,N/A,N/A,N/A,N/A,N/A,N/A
273,1770447492972,IR pressed,LVH_101_A,true,,true,Spacebar,1,N/A,3554,N/A,N/A,N/A
273,1770447493639,WR pressed,LVH_101_A,true,,true,Yes,N/A,0,N/A,667,N/A,N/A
273,1770447493639,gap_time,N/A,true,,true,GapTime_851,N/A,N/A,N/A,N/A,N/A,N/A
