participant_ID,Timestamp,Event,Stimulus,isTarget,isValidation,isRepeat,Button,Accuracy IR,Accuracy WR,Reaction_time_IR,Reaction_time_WR,CR_IR,CR_WR
293,1770488685752,Practice Sentence shown,HL_10_A,,,,N/A,N/A,N/A,N/A,N/A,N/A,N/A
293,1770488691254,Practice Sentence shown,HL_32_A,,,,N/A,N/A,N/A,N/A,N/A,N/A,N/A
293,1770488696757,Practice Sentence shown,HL_14_A,,,,N/A,N/A,N/A,N/A,N/A,N/A,N/A
293,1770488702258,Practice Sentence shown,HL_8_A,,,,N/A,N/A,N/A,N/A,N/A,N/A,N/A
293,1770488707760,Practice Sentence shown,HL_1_A,,,,N/A,N/A,N/A,N/A,N/A,N/A,N/A
293,1770488710474,Practice IR pressed,HL_1_A,,,,Spacebar,0,N/A,2714,N/A,N/A,N/A
293,1770488715955,Practice Sentence shown,HL_44_A,,,,N/A,N/A,N/A,N/A,N/A,N/A,N/A
293,1770488721458,Practice Sentence shown,HL_38_A,,,,N/A,N/A,N/A,N/A,N/A,N/A,N/A
293,1770488726959,Practice Sentence shown,HH_119_A,true,,,N/A,N/A,N/A,N/A,N/A,N/A,N/A
293,1770488732460,Practice Sentence shown,HH_100_A,true,,,N/A,N/A,N/A,N/A,N/A,N/A,N/A
293,1770488734374,Practice IR pressed,HH_100_A,true,,,Spacebar,0,N/A,1914,N/A,N/A,N/A
293,1770488739559,Practice Sentence shown,HH_101_A,true,,,N/A,N/A,N/A,N/A,N/A,N/A,N/A
293,1770488745060,Practice Sentence shown,HL_30_A,,,,N/A,N/A,N/A,N/A,N/A,N/A,N/A
293,1770488750562,Practice Sentence shown,HL_28_A,,,,N/A,N/A,N/A,N/A,N/A,N/A,N/A
293,1770488756064,Practice Sentence shown,HH_119_A,true,,true,N/A,N/A,N/A,N/A,N/A,N/A,N/A
293,1770488760065,Practice Missed,HH_119_A,true,,true,None,0,N/A,N/A,N/A,N/A,N/A
293,1770488764461,Practice Sentence shown,HH_100_A,true,,true,N/A,N/A,N/A,N/A,N/A,N/A,N/A
293,1770488765725,Practice IR pressed,HH_100_A,true,,true,Spacebar,1,N/A,1264,N/A,N/A,N/A
293,1770488770570,Practice WR pressed,HH_100_A,true,,true,No,N/A,0,N/A,4845,N/A,N/A
293,1770488773871,Practice Sentence shown,HH_104_A,true,,,N/A,N/A,N/A,N/A,N/A,N/A,N/A
293,1770488779374,Practice Sentence shown,HL_31_A,,,,N/A,N/A,N/A,N/A,N/A,N/A,N/A
293,1770488784875,Practice Sentence shown,HH_121_A,true,,,N/A,N/A,N/A,N/A,N/A,N/A,N/A
293,1770488790378,Practice Sentence shown,HH_101_P,true,,true,N/A,N/A,N/A,N/A,N/A,N/A,N/A
293,1770488792910,Practice IR pressed,HH_101_P,true,,true,Spacebar,1,N/A,2532,N/A,N/A,N/A
293,1770488798093,Practice WR pressed,HH_101_P,true,,true,Yes,N/A,0,N/A,5183,N/A,N/A
293,1770488802835,Practice Sentence shown,HH_121_P,true,,true,N/A,N/A,N/A,N/A,N/A,N/A,N/A
293,1770488805357,Practice IR pressed,HH_121_P,true,,true,Spacebar,1,N/A,2522,N/A,N/A,N/A
293,1770488807245,Practice WR pressed,HH_121_P,true,,true,No,N/A,1,N/A,1888,N/A,N/A
293,1770488808747,Practice Sentence shown,HH_104_P,true,,true,N/A,N/A,N/A,N/A,N/A,N/A,N/A
293,1770488811554,Practice IR pressed,HH_104_P,true,,true,Spacebar,1,N/A,2807,N/A,N/A,N/A
293,1770488812864,Practice WR pressed,HH_104_P,true,,true,No,N/A,1,N/A,1310,N/A,N/A
293,1770488826827,Practice Sentence shown,HH_116_A,true,,,N/A,N/A,N/A,N/A,N/A,N/A,N/A
293,1770488832329,Practice Sentence shown,HL_16_A,,,,N/A,N/A,N/A,N/A,N/A,N/A,N/A
293,1770488837830,Practice Sentence shown,HL_29_A,,,,N/A,N/A,N/A,N/A,N/A,N/A,N/A
293,1770488843332,Practice Sentence shown,HL_19_A,,,,N/A,N/A,N/A,N/A,N/A,N/A,N/A
293,1770488848834,Practice Sentence shown,HH_107_A,true,,,N/A,N/A,N/A,N/A,N/A,N/A,N/A
293,1770488854335,Practice Sentence shown,HL_22_A,,,,N/A,N/A,N/A,N/A,N/A,N/A,N/A
293,1770488859838,Practice Sentence shown,HL_11_A,,,,N/A,N/A,N/A,N/A,N/A,N/A,N/A
293,1770488865340,Practice Sentence shown,HL_21_A,,,,N/A,N/A,N/A,N/A,N/A,N/A,N/A
293,1770488870841,Practice Sentence shown,HH_116_P,true,,true,N/A,N/A,N/A,N/A,N/A,N/A,N/A
293,1770488872587,Practice IR pressed,HH_116_P,true,,true,Spacebar,1,N/A,1746,N/A,N/A,N/A
293,1770488873901,Practice WR pressed,HH_116_P,true,,true,No,N/A,1,N/A,1314,N/A,N/A
293,1770488875402,Practice Sentence shown,HL_2_A,,,,N/A,N/A,N/A,N/A,N/A,N/A,N/A
293,1770488877291,Practice IR pressed,HL_2_A,,,,Spacebar,0,N/A,1889,N/A,N/A,N/A
293,1770488881921,Practice Sentence shown,HH_104_A,true,,,N/A,N/A,N/A,N/A,N/A,N/A,N/A
293,1770488887422,Practice Sentence shown,HL_1_A,,,,N/A,N/A,N/A,N/A,N/A,N/A,N/A
293,1770488892924,Practice Sentence shown,HH_107_A,true,,true,N/A,N/A,N/A,N/A,N/A,N/A,N/A
293,1770488895625,Practice IR pressed,HH_107_A,true,,true,Spacebar,1,N/A,2701,N/A,N/A,N/A
293,1770488897040,Practice WR pressed,HH_107_A,true,,true,Yes,N/A,1,N/A,1415,N/A,N/A
293,1770488898541,Practice Sentence shown,HL_34_A,,,,N/A,N/A,N/A,N/A,N/A,N/A,N/A
293,1770488899919,Practice IR pressed,HL_34_A,,,,Spacebar,0,N/A,1378,N/A,N/A,N/A
293,1770488907166,Practice Sentence shown,HL_28_A,,,,N/A,N/A,N/A,N/A,N/A,N/A,N/A
293,1770488912667,Practice Sentence shown,HH_132_A,true,,,N/A,N/A,N/A,N/A,N/A,N/A,N/A
293,1770488918168,Practice Sentence shown,HH_104_A,true,,true,N/A,N/A,N/A,N/A,N/A,N/A,N/A
293,1770488922169,Practice Missed,HH_104_A,true,,true,None,0,N/A,N/A,N/A,N/A,N/A
293,1770488924989,Practice Sentence shown,HH_135_A,true,,,N/A,N/A,N/A,N/A,N/A,N/A,N/A
293,1770488930491,Practice Sentence shown,HH_132_P,true,,true,N/A,N/A,N/A,N/A,N/A,N/A,N/A
293,1770488931708,Practice IR pressed,HH_132_P,true,,true,Spacebar,1,N/A,1217,N/A,N/A,N/A
293,1770488932653,Practice WR pressed,HH_132_P,true,,true,Yes,N/A,0,N/A,945,N/A,N/A
293,1770488937857,Practice Sentence shown,HH_135_P,true,,true,N/A,N/A,N/A,N/A,N/A,N/A,N/A
293,1770488941858,Practice Missed,HH_135_P,true,,true,None,0,N/A,N/A,N/A,N/A,N/A
293,1770488947248,Practice Sentence shown,HL_47_A,,,,N/A,N/A,N/A,N/A,N/A,N/A,N/A
293,1770488952750,Practice Sentence shown,HH_116_A,true,,,N/A,N/A,N/A,N/A,N/A,N/A,N/A
293,1770488958252,Practice Sentence shown,HL_24_A,,,,N/A,N/A,N/A,N/A,N/A,N/A,N/A
293,1770488963754,Practice Sentence shown,HH_103_A,true,,,N/A,N/A,N/A,N/A,N/A,N/A,N/A
293,1770488966354,Practice IR pressed,HH_103_A,true,,,Spacebar,0,N/A,2600,N/A,N/A,N/A
293,1770488969565,Practice Sentence shown,HL_54_A,,,,N/A,N/A,N/A,N/A,N/A,N/A,N/A
293,1770488975066,Practice Sentence shown,HL_8_A,,,,N/A,N/A,N/A,N/A,N/A,N/A,N/A
293,1770488980567,Practice Sentence shown,HL_32_A,,,,N/A,N/A,N/A,N/A,N/A,N/A,N/A
293,1770488986068,Practice Sentence shown,HL_12_A,,,,N/A,N/A,N/A,N/A,N/A,N/A,N/A
293,1770488991570,Practice Sentence shown,HL_28_A,,,,N/A,N/A,N/A,N/A,N/A,N/A,N/A
293,1770488997072,Practice Sentence shown,HH_116_P,true,,true,N/A,N/A,N/A,N/A,N/A,N/A,N/A
293,1770488998674,Practice IR pressed,HH_116_P,true,,true,Spacebar,1,N/A,1602,N/A,N/A,N/A
293,1770489000504,Practice WR pressed,HH_116_P,true,,true,No,N/A,1,N/A,1830,N/A,N/A
293,1770489002005,Practice Sentence shown,HL_36_A,,,,N/A,N/A,N/A,N/A,N/A,N/A,N/A
293,1770489007507,Practice Sentence shown,HH_103_A,true,,true,N/A,N/A,N/A,N/A,N/A,N/A,N/A
293,1770489009284,Practice IR pressed,HH_103_A,true,,true,Spacebar,1,N/A,1777,N/A,N/A,N/A
293,1770489010221,Practice WR pressed,HH_103_A,true,,true,Yes,N/A,1,N/A,937,N/A,N/A
293,1770489011722,Practice Sentence shown,HH_118_A,true,,,N/A,N/A,N/A,N/A,N/A,N/A,N/A
293,1770489017224,Practice Sentence shown,HL_51_A,,,,N/A,N/A,N/A,N/A,N/A,N/A,N/A
293,1770489022725,Practice Sentence shown,HH_108_A,true,,,N/A,N/A,N/A,N/A,N/A,N/A,N/A
293,1770489028227,Practice Sentence shown,HH_129_A,true,,,N/A,N/A,N/A,N/A,N/A,N/A,N/A
293,1770489033728,Practice Sentence shown,HL_56_A,,,,N/A,N/A,N/A,N/A,N/A,N/A,N/A
293,1770489039229,Practice Sentence shown,HH_108_P,true,,true,N/A,N/A,N/A,N/A,N/A,N/A,N/A
293,1770489041388,Practice IR pressed,HH_108_P,true,,true,Spacebar,1,N/A,2158,N/A,N/A,N/A
293,1770489043265,Practice WR pressed,HH_108_P,true,,true,No,N/A,1,N/A,1877,N/A,N/A
293,1770489044767,Practice Sentence shown,HH_129_A,true,,true,N/A,N/A,N/A,N/A,N/A,N/A,N/A
293,1770489046413,Practice IR pressed,HH_129_A,true,,true,Spacebar,1,N/A,1646,N/A,N/A,N/A
293,1770489047615,Practice WR pressed,HH_129_A,true,,true,Yes,N/A,1,N/A,1202,N/A,N/A
293,1770489049117,Practice Sentence shown,HH_118_P,true,,true,N/A,N/A,N/A,N/A,N/A,N/A,N/A
293,1770489050587,Practice IR pressed,HH_118_P,true,,true,Spacebar,1,N/A,1470,N/A,N/A,N/A
293,1770489051742,Practice WR pressed,HH_118_P,true,,true,No,N/A,1,N/A,1155,N/A,N/A
293,1770489074306,Sentence shown,HF_17_A,,,,N/A,N/A,N/A,N/A,N/A,N/A,N/A
293,1770489078307,gap_time,N/A,,,,GapTime_1249,N/A,N/A,N/A,N/A,N/A,N/A
293,1770489079558,Sentence shown,HF_17_A,,true,true,N/A,N/A,N/A,N/A,N/A,N/A,N/A
293,1770489081383,Validation IR pressed,HF_17_A,,true,true,Spacebar,1,N/A,1825,N/A,N/A,N/A
293,1770489081383,IR pressed,HF_17_A,,true,true,Spacebar,1,N/A,1825,N/A,N/A,N/A
293,1770489083073,WR pressed,HF_17_A,,true,true,Yes,N/A,N/A,N/A,1690,N/A,N/A
293,1770489083074,gap_time,N/A,,true,true,GapTime_1231,N/A,N/A,N/A,N/A,N/A,N/A
293,1770489084306,Sentence shown,LVH_134_P,true,,,N/A,N/A,N/A,N/A,N/A,N/A,N/A
293,1770489088307,gap_time,N/A,true,,,GapTime_1204,N/A,N/A,N/A,N/A,N/A,N/A
293,1770489089512,Sentence shown,HF_26_A,,,,N/A,N/A,N/A,N/A,N/A,N/A,N/A
293,1770489093512,gap_time,N/A,,,,GapTime_800,N/A,N/A,N/A,N/A,N/A,N/A
293,1770489094313,Sentence shown,HF_14_A,,,,N/A,N/A,N/A,N/A,N/A,N/A,N/A
293,1770489098314,gap_time,N/A,,,,GapTime_1197,N/A,N/A,N/A,N/A,N/A,N/A
293,1770489099513,Sentence shown,HF_26_A,,true,true,N/A,N/A,N/A,N/A,N/A,N/A,N/A
293,1770489101401,Validation IR pressed,HF_26_A,,true,true,Spacebar,1,N/A,1888,N/A,N/A,N/A
293,1770489101401,IR pressed,HF_26_A,,true,true,Spacebar,1,N/A,1888,N/A,N/A,N/A
293,1770489102757,WR pressed,HF_26_A,,true,true,Yes,N/A,N/A,N/A,1356,N/A,N/A
293,1770489102757,gap_time,N/A,,true,true,GapTime_994,N/A,N/A,N/A,N/A,N/A,N/A
293,1770489103753,Sentence shown,HF_4_A,,,,N/A,N/A,N/A,N/A,N/A,N/A,N/A
293,1770489107754,gap_time,N/A,,,,GapTime_755,N/A,N/A,N/A,N/A,N/A,N/A
293,1770489108509,Sentence shown,HF_4_A,,true,true,N/A,N/A,N/A,N/A,N/A,N/A,N/A
293,1770489109866,Validation IR pressed,HF_4_A,,true,true,Spacebar,1,N/A,1357,N/A,N/A,N/A
293,1770489109866,IR pressed,HF_4_A,,true,true,Spacebar,1,N/A,1357,N/A,N/A,N/A
293,1770489110821,WR pressed,HF_4_A,,true,true,Yes,N/A,N/A,N/A,955,N/A,N/A
293,1770489110821,gap_time,N/A,,true,true,GapTime_719,N/A,N/A,N/A,N/A,N/A,N/A
293,1770489111542,Sentence shown,HF_14_A,,true,true,N/A,N/A,N/A,N/A,N/A,N/A,N/A
293,1770489113209,Validation IR pressed,HF_14_A,,true,true,Spacebar,1,N/A,1667,N/A,N/A,N/A
293,1770489113209,IR pressed,HF_14_A,,true,true,Spacebar,1,N/A,1667,N/A,N/A,N/A
293,1770489114934,WR pressed,HF_14_A,,true,true,No,N/A,N/A,N/A,1725,N/A,N/A
293,1770489114934,gap_time,N/A,,true,true,GapTime_1188,N/A,N/A,N/A,N/A,N/A,N/A
293,1770489116123,Sentence shown,HF_10_A,,,,N/A,N/A,N/A,N/A,N/A,N/A,N/A
293,1770489120123,gap_time,N/A,,,,GapTime_1171,N/A,N/A,N/A,N/A,N/A,N/A
293,1770489121296,Sentence shown,HF_10_A,,true,true,N/A,N/A,N/A,N/A,N/A,N/A,N/A
293,1770489122509,Validation IR pressed,HF_10_A,,true,true,Spacebar,1,N/A,1213,N/A,N/A,N/A
293,1770489122509,IR pressed,HF_10_A,,true,true,Spacebar,1,N/A,1213,N/A,N/A,N/A
293,1770489123557,WR pressed,HF_10_A,,true,true,Yes,N/A,N/A,N/A,1047,N/A,N/A
293,1770489123557,gap_time,N/A,,true,true,GapTime_1061,N/A,N/A,N/A,N/A,N/A,N/A
293,1770489124619,Sentence shown,LVH_134_A,true,,true,N/A,N/A,N/A,N/A,N/A,N/A,N/A
293,1770489126453,IR pressed,LVH_134_A,true,,true,Spacebar,1,N/A,1834,N/A,N/A,N/A
293,1770489127700,WR pressed,LVH_134_A,true,,true,No,N/A,1,N/A,1247,N/A,N/A
293,1770489127700,gap_time,N/A,true,,true,GapTime_1170,N/A,N/A,N/A,N/A,N/A,N/A
293,1770489128871,Sentence shown,HF_31_A,,,,N/A,N/A,N/A,N/A,N/A,N/A,N/A
293,1770489132872,gap_time,N/A,,,,GapTime_862,N/A,N/A,N/A,N/A,N/A,N/A
293,1770489133735,Sentence shown,HF_30_A,,,,N/A,N/A,N/A,N/A,N/A,N/A,N/A
293,1770489137736,gap_time,N/A,,,,GapTime_879,N/A,N/A,N/A,N/A,N/A,N/A
293,1770489138616,Sentence shown,HH_188_P,true,,,N/A,N/A,N/A,N/A,N/A,N/A,N/A
293,1770489142616,gap_time,N/A,true,,,GapTime_824,N/A,N/A,N/A,N/A,N/A,N/A
293,1770489143441,Sentence shown,HF_15_A,,,,N/A,N/A,N/A,N/A,N/A,N/A,N/A
293,1770489147441,gap_time,N/A,,,,GapTime_988,N/A,N/A,N/A,N/A,N/A,N/A
293,1770489148430,Sentence shown,LVH_100_A,true,,,N/A,N/A,N/A,N/A,N/A,N/A,N/A
293,1770489152431,gap_time,N/A,true,,,GapTime_1009,N/A,N/A,N/A,N/A,N/A,N/A
293,1770489153441,Sentence shown,HF_29_A,,,,N/A,N/A,N/A,N/A,N/A,N/A,N/A
293,1770489157442,gap_time,N/A,,,,GapTime_784,N/A,N/A,N/A,N/A,N/A,N/A
293,1770489158227,Sentence shown,HF_32_A,,,,N/A,N/A,N/A,N/A,N/A,N/A,N/A
293,1770489162228,gap_time,N/A,,,,GapTime_828,N/A,N/A,N/A,N/A,N/A,N/A
293,1770489163056,Sentence shown,LVH_106_A,true,,,N/A,N/A,N/A,N/A,N/A,N/A,N/A
293,1770489167057,gap_time,N/A,true,,,GapTime_1088,N/A,N/A,N/A,N/A,N/A,N/A
293,1770489168146,Sentence shown,LVL_106_A,true,,,N/A,N/A,N/A,N/A,N/A,N/A,N/A
293,1770489172147,gap_time,N/A,true,,,GapTime_968,N/A,N/A,N/A,N/A,N/A,N/A
293,1770489173116,Sentence shown,HF_32_A,,true,true,N/A,N/A,N/A,N/A,N/A,N/A,N/A
293,1770489174210,Validation IR pressed,HF_32_A,,true,true,Spacebar,1,N/A,1094,N/A,N/A,N/A
293,1770489174210,IR pressed,HF_32_A,,true,true,Spacebar,1,N/A,1094,N/A,N/A,N/A
293,1770489175525,WR pressed,HF_32_A,,true,true,Yes,N/A,N/A,N/A,1315,N/A,N/A
293,1770489175525,gap_time,N/A,,true,true,GapTime_787,N/A,N/A,N/A,N/A,N/A,N/A
293,1770489176313,Sentence shown,LVL_118_P,true,,,N/A,N/A,N/A,N/A,N/A,N/A,N/A
293,1770489180314,gap_time,N/A,true,,,GapTime_805,N/A,N/A,N/A,N/A,N/A,N/A
293,1770489181120,Sentence shown,HH_188_P,true,,true,N/A,N/A,N/A,N/A,N/A,N/A,N/A
293,1770489182573,IR pressed,HH_188_P,true,,true,Spacebar,1,N/A,1453,N/A,N/A,N/A
293,1770489184039,WR pressed,HH_188_P,true,,true,No,N/A,0,N/A,1466,N/A,N/A
293,1770489184039,gap_time,N/A,true,,true,GapTime_849,N/A,N/A,N/A,N/A,N/A,N/A
293,1770489184889,Sentence shown,HF_23_A,,,,N/A,N/A,N/A,N/A,N/A,N/A,N/A
293,1770489188890,gap_time,N/A,,,,GapTime_747,N/A,N/A,N/A,N/A,N/A,N/A
293,1770489189637,Sentence shown,HVL_101_P,true,,,N/A,N/A,N/A,N/A,N/A,N/A,N/A
293,1770489193638,gap_time,N/A,true,,,GapTime_957,N/A,N/A,N/A,N/A,N/A,N/A
293,1770489194596,Sentence shown,LVH_100_P,true,,true,N/A,N/A,N/A,N/A,N/A,N/A,N/A
293,1770489198597,gap_time,N/A,true,,true,GapTime_1243,N/A,N/A,N/A,N/A,N/A,N/A
293,1770489199840,Sentence shown,HVL_141_A,true,,,N/A,N/A,N/A,N/A,N/A,N/A,N/A
293,1770489203841,gap_time,N/A,true,,,GapTime_1022,N/A,N/A,N/A,N/A,N/A,N/A
293,1770489204864,Sentence shown,HH_139_A,true,,,N/A,N/A,N/A,N/A,N/A,N/A,N/A
293,1770489208865,gap_time,N/A,true,,,GapTime_988,N/A,N/A,N/A,N/A,N/A,N/A
293,1770489209854,Sentence shown,HF_8_A,,,,N/A,N/A,N/A,N/A,N/A,N/A,N/A
293,1770489211889,Validation Wrong IR pressed,HF_8_A,,,,Spacebar,0,N/A,2035,N/A,N/A,N/A
293,1770489211889,IR pressed,HF_8_A,,,,Spacebar,0,N/A,2035,N/A,N/A,N/A
293,1770489213548,WR pressed,HF_8_A,,,,No,N/A,N/A,N/A,1659,N/A,N/A
293,1770489213548,gap_time,N/A,,,,GapTime_784,N/A,N/A,N/A,N/A,N/A,N/A
293,1770489214333,Sentence shown,LVH_106_A,true,,true,N/A,N/A,N/A,N/A,N/A,N/A,N/A
293,1770489215964,IR pressed,LVH_106_A,true,,true,Spacebar,1,N/A,1631,N/A,N/A,N/A
293,1770489217087,WR pressed,LVH_106_A,true,,true,Yes,N/A,1,N/A,1122,N/A,N/A
293,1770489217087,gap_time,N/A,true,,true,GapTime_941,N/A,N/A,N/A,N/A,N/A,N/A
293,1770489218029,Sentence shown,LVH_124_P,true,,,N/A,N/A,N/A,N/A,N/A,N/A,N/A
293,1770489222030,gap_time,N/A,true,,,GapTime_734,N/A,N/A,N/A,N/A,N/A,N/A
293,1770489222764,Sentence shown,LVL_106_P,true,,true,N/A,N/A,N/A,N/A,N/A,N/A,N/A
293,1770489226766,gap_time,N/A,true,,true,GapTime_1060,N/A,N/A,N/A,N/A,N/A,N/A
293,1770489227827,Sentence shown,LVL_131_A,true,,,N/A,N/A,N/A,N/A,N/A,N/A,N/A
293,1770489231828,gap_time,N/A,true,,,GapTime_941,N/A,N/A,N/A,N/A,N/A,N/A
293,1770489232770,Sentence shown,LVL_118_P,true,,true,N/A,N/A,N/A,N/A,N/A,N/A,N/A
293,1770489234525,IR pressed,LVL_118_P,true,,true,Spacebar,1,N/A,1755,N/A,N/A,N/A
293,1770489236532,WR pressed,LVL_118_P,true,,true,Yes,N/A,1,N/A,2007,N/A,N/A
293,1770489236532,gap_time,N/A,true,,true,GapTime_1188,N/A,N/A,N/A,N/A,N/A,N/A
293,1770489237721,Sentence shown,HF_7_A,,,,N/A,N/A,N/A,N/A,N/A,N/A,N/A
293,1770489241722,gap_time,N/A,,,,GapTime_1251,N/A,N/A,N/A,N/A,N/A,N/A
293,1770489242974,Sentence shown,HH_181_A,true,,,N/A,N/A,N/A,N/A,N/A,N/A,N/A
293,1770489246975,gap_time,N/A,true,,,GapTime_902,N/A,N/A,N/A,N/A,N/A,N/A
293,1770489247878,Sentence shown,HVL_101_P,true,,true,N/A,N/A,N/A,N/A,N/A,N/A,N/A
293,1770489250366,IR pressed,HVL_101_P,true,,true,Spacebar,1,N/A,2488,N/A,N/A,N/A
293,1770489251734,WR pressed,HVL_101_P,true,,true,Yes,N/A,1,N/A,1368,N/A,N/A
293,1770489251734,gap_time,N/A,true,,true,GapTime_1110,N/A,N/A,N/A,N/A,N/A,N/A
293,1770489252845,Sentence shown,HF_5_A,,,,N/A,N/A,N/A,N/A,N/A,N/A,N/A
293,1770489256847,gap_time,N/A,,,,GapTime_955,N/A,N/A,N/A,N/A,N/A,N/A
293,1770489257804,Sentence shown,HH_139_P,true,,true,N/A,N/A,N/A,N/A,N/A,N/A,N/A
293,1770489259091,IR pressed,HH_139_P,true,,true,Spacebar,1,N/A,1287,N/A,N/A,N/A
293,1770489260360,WR pressed,HH_139_P,true,,true,No,N/A,1,N/A,1269,N/A,N/A
293,1770489260360,gap_time,N/A,true,,true,GapTime_1152,N/A,N/A,N/A,N/A,N/A,N/A
293,1770489261513,Sentence shown,HVL_141_A,true,,true,N/A,N/A,N/A,N/A,N/A,N/A,N/A
293,1770489265514,gap_time,N/A,true,,true,GapTime_1292,N/A,N/A,N/A,N/A,N/A,N/A
293,1770489266807,Sentence shown,HVL_150_A,true,,,N/A,N/A,N/A,N/A,N/A,N/A,N/A
293,1770489270808,gap_time,N/A,true,,,GapTime_1072,N/A,N/A,N/A,N/A,N/A,N/A
293,1770489271881,Sentence shown,HF_20_A,,,,N/A,N/A,N/A,N/A,N/A,N/A,N/A
293,1770489275882,gap_time,N/A,,,,GapTime_976,N/A,N/A,N/A,N/A,N/A,N/A
293,1770489276859,Sentence shown,HF_22_A,,,,N/A,N/A,N/A,N/A,N/A,N/A,N/A
293,1770489280860,gap_time,N/A,,,,GapTime_1241,N/A,N/A,N/A,N/A,N/A,N/A
293,1770489282102,Sentence shown,LVH_124_P,true,,true,N/A,N/A,N/A,N/A,N/A,N/A,N/A
293,1770489283319,IR pressed,LVH_124_P,true,,true,Spacebar,1,N/A,1217,N/A,N/A,N/A
293,1770489287202,WR pressed,LVH_124_P,true,,true,Yes,N/A,1,N/A,3883,N/A,N/A
293,1770489287202,gap_time,N/A,true,,true,GapTime_901,N/A,N/A,N/A,N/A,N/A,N/A
293,1770489288104,Sentence shown,HF_22_A,,true,true,N/A,N/A,N/A,N/A,N/A,N/A,N/A
293,1770489289366,Validation IR pressed,HF_22_A,,true,true,Spacebar,1,N/A,1262,N/A,N/A,N/A
293,1770489289366,IR pressed,HF_22_A,,true,true,Spacebar,1,N/A,1262,N/A,N/A,N/A
293,1770489290421,WR pressed,HF_22_A,,true,true,Yes,N/A,N/A,N/A,1055,N/A,N/A
293,1770489290422,gap_time,N/A,,true,true,GapTime_1289,N/A,N/A,N/A,N/A,N/A,N/A
293,1770489291711,Sentence shown,HF_27_A,,,,N/A,N/A,N/A,N/A,N/A,N/A,N/A
293,1770489295713,gap_time,N/A,,,,GapTime_1109,N/A,N/A,N/A,N/A,N/A,N/A
293,1770489296823,Sentence shown,LVL_131_A,true,,true,N/A,N/A,N/A,N/A,N/A,N/A,N/A
293,1770489298095,IR pressed,LVL_131_A,true,,true,Spacebar,1,N/A,1272,N/A,N/A,N/A
293,1770489299039,WR pressed,LVL_131_A,true,,true,No,N/A,0,N/A,944,N/A,N/A
293,1770489299039,gap_time,N/A,true,,true,GapTime_848,N/A,N/A,N/A,N/A,N/A,N/A
293,1770489299888,Sentence shown,HF_27_A,,true,true,N/A,N/A,N/A,N/A,N/A,N/A,N/A
293,1770489301154,Validation IR pressed,HF_27_A,,true,true,Spacebar,1,N/A,1266,N/A,N/A,N/A
293,1770489301154,IR pressed,HF_27_A,,true,true,Spacebar,1,N/A,1266,N/A,N/A,N/A
293,1770489301948,WR pressed,HF_27_A,,true,true,Yes,N/A,N/A,N/A,794,N/A,N/A
293,1770489301949,gap_time,N/A,,true,true,GapTime_976,N/A,N/A,N/A,N/A,N/A,N/A
293,1770489302926,Sentence shown,HF_13_A,,,,N/A,N/A,N/A,N/A,N/A,N/A,N/A
293,1770489306926,gap_time,N/A,,,,GapTime_1221,N/A,N/A,N/A,N/A,N/A,N/A
293,1770489308148,Sentence shown,HH_181_A,true,,true,N/A,N/A,N/A,N/A,N/A,N/A,N/A
293,1770489309361,IR pressed,HH_181_A,true,,true,Spacebar,1,N/A,1213,N/A,N/A,N/A
293,1770489310662,WR pressed,HH_181_A,true,,true,Yes,N/A,1,N/A,1301,N/A,N/A
293,1770489310662,gap_time,N/A,true,,true,GapTime_888,N/A,N/A,N/A,N/A,N/A,N/A
293,1770489311551,Sentence shown,HVL_150_P,true,,true,N/A,N/A,N/A,N/A,N/A,N/A,N/A
293,1770489313051,IR pressed,HVL_150_P,true,,true,Spacebar,1,N/A,1500,N/A,N/A,N/A
293,1770489313783,WR pressed,HVL_150_P,true,,true,No,N/A,1,N/A,732,N/A,N/A
293,1770489313783,gap_time,N/A,true,,true,GapTime_955,N/A,N/A,N/A,N/A,N/A,N/A
293,1770489314739,Sentence shown,HF_28_A,,,,N/A,N/A,N/A,N/A,N/A,N/A,N/A
293,1770489318739,gap_time,N/A,,,,GapTime_923,N/A,N/A,N/A,N/A,N/A,N/A
293,1770489319663,Sentence shown,HF_28_A,,true,true,N/A,N/A,N/A,N/A,N/A,N/A,N/A
293,1770489320646,Validation IR pressed,HF_28_A,,true,true,Spacebar,1,N/A,983,N/A,N/A,N/A
293,1770489320646,IR pressed,HF_28_A,,true,true,Spacebar,1,N/A,983,N/A,N/A,N/A
293,1770489321530,WR pressed,HF_28_A,,true,true,Yes,N/A,N/A,N/A,884,N/A,N/A
293,1770489321530,gap_time,N/A,,true,true,GapTime_856,N/A,N/A,N/A,N/A,N/A,N/A
293,1770489322387,Sentence shown,LVL_111_P,true,,,N/A,N/A,N/A,N/A,N/A,N/A,N/A
293,1770489326387,gap_time,N/A,true,,,GapTime_1248,N/A,N/A,N/A,N/A,N/A,N/A
293,1770489327636,Sentence shown,HH_149_P,true,,,N/A,N/A,N/A,N/A,N/A,N/A,N/A
293,1770489331637,gap_time,N/A,true,,,GapTime_1233,N/A,N/A,N/A,N/A,N/A,N/A
293,1770489332870,Sentence shown,HF_9_A,,,,N/A,N/A,N/A,N/A,N/A,N/A,N/A
293,1770489334965,Validation Wrong IR pressed,HF_9_A,,,,Spacebar,0,N/A,2094,N/A,N/A,N/A
293,1770489334965,IR pressed,HF_9_A,,,,Spacebar,0,N/A,2094,N/A,N/A,N/A
293,1770489337144,WR pressed,HF_9_A,,,,No,N/A,N/A,N/A,2179,N/A,N/A
293,1770489337145,gap_time,N/A,,,,GapTime_1121,N/A,N/A,N/A,N/A,N/A,N/A
293,1770489338266,Sentence shown,HF_18_A,,,,N/A,N/A,N/A,N/A,N/A,N/A,N/A
293,1770489342267,gap_time,N/A,,,,GapTime_1282,N/A,N/A,N/A,N/A,N/A,N/A
293,1770489343550,Sentence shown,HF_2_A,,,,N/A,N/A,N/A,N/A,N/A,N/A,N/A
293,1770489347550,gap_time,N/A,,,,GapTime_1277,N/A,N/A,N/A,N/A,N/A,N/A
293,1770489348828,Sentence shown,LVL_111_A,true,,true,N/A,N/A,N/A,N/A,N/A,N/A,N/A
293,1770489350890,IR pressed,LVL_111_A,true,,true,Spacebar,1,N/A,2062,N/A,N/A,N/A
293,1770489351935,WR pressed,LVL_111_A,true,,true,Yes,N/A,0,N/A,1045,N/A,N/A
293,1770489351935,gap_time,N/A,true,,true,GapTime_888,N/A,N/A,N/A,N/A,N/A,N/A
293,1770489352825,Sentence shown,HF_21_A,,,,N/A,N/A,N/A,N/A,N/A,N/A,N/A
293,1770489356826,gap_time,N/A,,,,GapTime_965,N/A,N/A,N/A,N/A,N/A,N/A
293,1770489357792,Sentence shown,HF_1_A,,,,N/A,N/A,N/A,N/A,N/A,N/A,N/A
293,1770489361792,gap_time,N/A,,,,GapTime_1052,N/A,N/A,N/A,N/A,N/A,N/A
293,1770489362845,Sentence shown,HF_33_A,,,,N/A,N/A,N/A,N/A,N/A,N/A,N/A
293,1770489366846,gap_time,N/A,,,,GapTime_700,N/A,N/A,N/A,N/A,N/A,N/A
293,1770489367547,Sentence shown,HF_12_A,,,,N/A,N/A,N/A,N/A,N/A,N/A,N/A
293,1770489371548,gap_time,N/A,,,,GapTime_1234,N/A,N/A,N/A,N/A,N/A,N/A
293,1770489372782,Sentence shown,HF_33_A,,true,true,N/A,N/A,N/A,N/A,N/A,N/A,N/A
293,1770489373949,Validation IR pressed,HF_33_A,,true,true,Spacebar,1,N/A,1167,N/A,N/A,N/A
293,1770489373949,IR pressed,HF_33_A,,true,true,Spacebar,1,N/A,1167,N/A,N/A,N/A
293,1770489376321,WR pressed,HF_33_A,,true,true,No,N/A,N/A,N/A,2372,N/A,N/A
293,1770489376322,gap_time,N/A,,true,true,GapTime_712,N/A,N/A,N/A,N/A,N/A,N/A
293,1770489377034,Sentence shown,HH_149_A,true,,true,N/A,N/A,N/A,N/A,N/A,N/A,N/A
293,1770489378356,IR pressed,HH_149_A,true,,true,Spacebar,1,N/A,1322,N/A,N/A,N/A
293,1770489379356,WR pressed,HH_149_A,true,,true,No,N/A,1,N/A,1000,N/A,N/A
293,1770489379356,gap_time,N/A,true,,true,GapTime_1230,N/A,N/A,N/A,N/A,N/A,N/A
293,1770489380587,Sentence shown,HF_16_A,,,,N/A,N/A,N/A,N/A,N/A,N/A,N/A
293,1770489382251,Validation Wrong IR pressed,HF_16_A,,,,Spacebar,0,N/A,1664,N/A,N/A,N/A
293,1770489382251,IR pressed,HF_16_A,,,,Spacebar,0,N/A,1664,N/A,N/A,N/A
293,1770489383285,WR pressed,HF_16_A,,,,No,N/A,N/A,N/A,1034,N/A,N/A
293,1770489383286,gap_time,N/A,,,,GapTime_1065,N/A,N/A,N/A,N/A,N/A,N/A
293,1770489384352,Sentence shown,HVL_100_P,true,,,N/A,N/A,N/A,N/A,N/A,N/A,N/A
293,1770489388353,gap_time,N/A,true,,,GapTime_884,N/A,N/A,N/A,N/A,N/A,N/A
293,1770489389238,Sentence shown,HF_19_A,,,,N/A,N/A,N/A,N/A,N/A,N/A,N/A
293,1770489393239,gap_time,N/A,,,,GapTime_1025,N/A,N/A,N/A,N/A,N/A,N/A
293,1770489394265,Sentence shown,HF_24_A,,,,N/A,N/A,N/A,N/A,N/A,N/A,N/A
293,1770489398265,gap_time,N/A,,,,GapTime_739,N/A,N/A,N/A,N/A,N/A,N/A
293,1770489399006,Sentence shown,HF_11_A,,,,N/A,N/A,N/A,N/A,N/A,N/A,N/A
293,1770489400405,Validation Wrong IR pressed,HF_11_A,,,,Spacebar,0,N/A,1399,N/A,N/A,N/A
293,1770489400405,IR pressed,HF_11_A,,,,Spacebar,0,N/A,1399,N/A,N/A,N/A
293,1770489401367,WR pressed,HF_11_A,,,,Yes,N/A,N/A,N/A,962,N/A,N/A
293,1770489401367,gap_time,N/A,,,,GapTime_846,N/A,N/A,N/A,N/A,N/A,N/A
293,1770489402214,Sentence shown,HF_6_A,,,,N/A,N/A,N/A,N/A,N/A,N/A,N/A
293,1770489406214,gap_time,N/A,,,,GapTime_1131,N/A,N/A,N/A,N/A,N/A,N/A
293,1770489407346,Sentence shown,HVL_100_A,true,,true,N/A,N/A,N/A,N/A,N/A,N/A,N/A
293,1770489410187,IR pressed,HVL_100_A,true,,true,Spacebar,1,N/A,2841,N/A,N/A,N/A
293,1770489411042,WR pressed,HVL_100_A,true,,true,No,N/A,1,N/A,855,N/A,N/A
293,1770489411042,gap_time,N/A,true,,true,GapTime_1099,N/A,N/A,N/A,N/A,N/A,N/A
293,1770489412142,Sentence shown,HF_25_A,,,,N/A,N/A,N/A,N/A,N/A,N/A,N/A
293,1770489416143,gap_time,N/A,,,,GapTime_1019,N/A,N/A,N/A,N/A,N/A,N/A
293,1770489417163,Rest Phase started,N/A,,,,Rest,N/A,N/A,N/A,N/A,N/A,N/A
293,1770489425159,Sentence shown,LVH_178_A,true,,,N/A,N/A,N/A,N/A,N/A,N/A,N/A
293,1770489429160,gap_time,N/A,true,,,GapTime_1183,N/A,N/A,N/A,N/A,N/A,N/A
293,1770489430344,Sentence shown,HH_183_P,true,,,N/A,N/A,N/A,N/A,N/A,N/A,N/A
293,1770489434346,gap_time,N/A,true,,,GapTime_896,N/A,N/A,N/A,N/A,N/A,N/A
293,1770489435243,Sentence shown,LVL_134_A,true,,,N/A,N/A,N/A,N/A,N/A,N/A,N/A
293,1770489439244,gap_time,N/A,true,,,GapTime_1133,N/A,N/A,N/A,N/A,N/A,N/A
293,1770489440379,Sentence shown,HF_35_A,,,,N/A,N/A,N/A,N/A,N/A,N/A,N/A
293,1770489444379,gap_time,N/A,,,,GapTime_747,N/A,N/A,N/A,N/A,N/A,N/A
293,1770489445127,Sentence shown,HF_35_A,,true,true,N/A,N/A,N/A,N/A,N/A,N/A,N/A
293,1770489446804,Validation IR pressed,HF_35_A,,true,true,Spacebar,1,N/A,1677,N/A,N/A,N/A
293,1770489446804,IR pressed,HF_35_A,,true,true,Spacebar,1,N/A,1677,N/A,N/A,N/A
293,1770489447563,WR pressed,HF_35_A,,true,true,Yes,N/A,N/A,N/A,759,N/A,N/A
293,1770489447563,gap_time,N/A,,true,true,GapTime_838,N/A,N/A,N/A,N/A,N/A,N/A
293,1770489448402,Sentence shown,HF_41_A,,,,N/A,N/A,N/A,N/A,N/A,N/A,N/A
293,1770489452403,gap_time,N/A,,,,GapTime_1074,N/A,N/A,N/A,N/A,N/A,N/A
293,1770489453477,Sentence shown,HF_62_A,,,,N/A,N/A,N/A,N/A,N/A,N/A,N/A
293,1770489457478,gap_time,N/A,,,,GapTime_861,N/A,N/A,N/A,N/A,N/A,N/A
293,1770489458340,Sentence shown,HF_57_A,,,,N/A,N/A,N/A,N/A,N/A,N/A,N/A
293,1770489462340,gap_time,N/A,,,,GapTime_832,N/A,N/A,N/A,N/A,N/A,N/A
293,1770489463173,Sentence shown,HH_152_A,true,,,N/A,N/A,N/A,N/A,N/A,N/A,N/A
293,1770489467173,gap_time,N/A,true,,,GapTime_1080,N/A,N/A,N/A,N/A,N/A,N/A
293,1770489468254,Sentence shown,LVL_134_P,true,,true,N/A,N/A,N/A,N/A,N/A,N/A,N/A
293,1770489471379,IR pressed,LVL_134_P,true,,true,Spacebar,1,N/A,3125,N/A,N/A,N/A
293,1770489472309,WR pressed,LVL_134_P,true,,true,No,N/A,1,N/A,930,N/A,N/A
293,1770489472310,gap_time,N/A,true,,true,GapTime_946,N/A,N/A,N/A,N/A,N/A,N/A
293,1770489473256,Sentence shown,LVH_178_P,true,,true,N/A,N/A,N/A,N/A,N/A,N/A,N/A
293,1770489474235,IR pressed,LVH_178_P,true,,true,Spacebar,1,N/A,979,N/A,N/A,N/A
293,1770489475382,WR pressed,LVH_178_P,true,,true,No,N/A,1,N/A,1147,N/A,N/A
293,1770489475382,gap_time,N/A,true,,true,GapTime_812,N/A,N/A,N/A,N/A,N/A,N/A
293,1770489476195,Sentence shown,HH_183_A,true,,true,N/A,N/A,N/A,N/A,N/A,N/A,N/A
293,1770489480195,gap_time,N/A,true,,true,GapTime_788,N/A,N/A,N/A,N/A,N/A,N/A
293,1770489480984,Sentence shown,HF_48_A,,,,N/A,N/A,N/A,N/A,N/A,N/A,N/A
293,1770489484985,gap_time,N/A,,,,GapTime_1143,N/A,N/A,N/A,N/A,N/A,N/A
293,1770489486128,Sentence shown,HF_50_A,,,,N/A,N/A,N/A,N/A,N/A,N/A,N/A
293,1770489490129,gap_time,N/A,,,,GapTime_765,N/A,N/A,N/A,N/A,N/A,N/A
293,1770489490894,Sentence shown,HF_47_A,,,,N/A,N/A,N/A,N/A,N/A,N/A,N/A
293,1770489494895,gap_time,N/A,,,,GapTime_1020,N/A,N/A,N/A,N/A,N/A,N/A
293,1770489495915,Sentence shown,HF_48_A,,true,true,N/A,N/A,N/A,N/A,N/A,N/A,N/A
293,1770489497430,Validation IR pressed,HF_48_A,,true,true,Spacebar,1,N/A,1515,N/A,N/A,N/A
293,1770489497430,IR pressed,HF_48_A,,true,true,Spacebar,1,N/A,1515,N/A,N/A,N/A
293,1770489498387,WR pressed,HF_48_A,,true,true,Yes,N/A,N/A,N/A,957,N/A,N/A
293,1770489498387,gap_time,N/A,,true,true,GapTime_752,N/A,N/A,N/A,N/A,N/A,N/A
293,1770489499140,Sentence shown,HH_152_A,true,,true,N/A,N/A,N/A,N/A,N/A,N/A,N/A
293,1770489500430,IR pressed,HH_152_A,true,,true,Spacebar,1,N/A,1290,N/A,N/A,N/A
293,1770489501129,WR pressed,HH_152_A,true,,true,Yes,N/A,1,N/A,699,N/A,N/A
293,1770489501129,gap_time,N/A,true,,true,GapTime_921,N/A,N/A,N/A,N/A,N/A,N/A
293,1770489502051,Sentence shown,HF_36_A,,,,N/A,N/A,N/A,N/A,N/A,N/A,N/A
293,1770489506052,gap_time,N/A,,,,GapTime_958,N/A,N/A,N/A,N/A,N/A,N/A
293,1770489507010,Sentence shown,HF_38_A,,,,N/A,N/A,N/A,N/A,N/A,N/A,N/A
293,1770489511011,gap_time,N/A,,,,GapTime_979,N/A,N/A,N/A,N/A,N/A,N/A
293,1770489511991,Sentence shown,HF_58_A,,,,N/A,N/A,N/A,N/A,N/A,N/A,N/A
293,1770489515991,gap_time,N/A,,,,GapTime_707,N/A,N/A,N/A,N/A,N/A,N/A
293,1770489516699,Sentence shown,HF_37_A,,,,N/A,N/A,N/A,N/A,N/A,N/A,N/A
293,1770489520700,gap_time,N/A,,,,GapTime_779,N/A,N/A,N/A,N/A,N/A,N/A
293,1770489521479,Sentence shown,HF_37_A,,true,true,N/A,N/A,N/A,N/A,N/A,N/A,N/A
293,1770489522473,Validation IR pressed,HF_37_A,,true,true,Spacebar,1,N/A,994,N/A,N/A,N/A
293,1770489522473,IR pressed,HF_37_A,,true,true,Spacebar,1,N/A,994,N/A,N/A,N/A
293,1770489523399,WR pressed,HF_37_A,,true,true,Yes,N/A,N/A,N/A,926,N/A,N/A
293,1770489523399,gap_time,N/A,,true,true,GapTime_1280,N/A,N/A,N/A,N/A,N/A,N/A
293,1770489524681,Sentence shown,HF_61_A,,,,N/A,N/A,N/A,N/A,N/A,N/A,N/A
293,1770489528681,gap_time,N/A,,,,GapTime_1250,N/A,N/A,N/A,N/A,N/A,N/A
293,1770489529932,Sentence shown,HF_61_A,,true,true,N/A,N/A,N/A,N/A,N/A,N/A,N/A
293,1770489530730,Validation IR pressed,HF_61_A,,true,true,Spacebar,1,N/A,798,N/A,N/A,N/A
293,1770489530730,IR pressed,HF_61_A,,true,true,Spacebar,1,N/A,798,N/A,N/A,N/A
293,1770489531587,WR pressed,HF_61_A,,true,true,Yes,N/A,N/A,N/A,857,N/A,N/A
293,1770489531587,gap_time,N/A,,true,true,GapTime_824,N/A,N/A,N/A,N/A,N/A,N/A
293,1770489532411,Sentence shown,HF_59_A,,,,N/A,N/A,N/A,N/A,N/A,N/A,N/A
293,1770489536412,gap_time,N/A,,,,GapTime_1132,N/A,N/A,N/A,N/A,N/A,N/A
293,1770489537545,Sentence shown,HVL_153_A,true,,,N/A,N/A,N/A,N/A,N/A,N/A,N/A
293,1770489541546,gap_time,N/A,true,,,GapTime_903,N/A,N/A,N/A,N/A,N/A,N/A
293,1770489542450,Sentence shown,HF_53_A,,,,N/A,N/A,N/A,N/A,N/A,N/A,N/A
293,1770489546452,gap_time,N/A,,,,GapTime_701,N/A,N/A,N/A,N/A,N/A,N/A
293,1770489547153,Sentence shown,HF_63_A,,,,N/A,N/A,N/A,N/A,N/A,N/A,N/A
293,1770489551154,gap_time,N/A,,,,GapTime_760,N/A,N/A,N/A,N/A,N/A,N/A
293,1770489551915,Sentence shown,HF_45_A,,,,N/A,N/A,N/A,N/A,N/A,N/A,N/A
293,1770489555916,gap_time,N/A,,,,GapTime_1205,N/A,N/A,N/A,N/A,N/A,N/A
293,1770489557121,Sentence shown,HF_53_A,,true,true,N/A,N/A,N/A,N/A,N/A,N/A,N/A
293,1770489558891,Validation IR pressed,HF_53_A,,true,true,Spacebar,1,N/A,1770,N/A,N/A,N/A
293,1770489558891,IR pressed,HF_53_A,,true,true,Spacebar,1,N/A,1770,N/A,N/A,N/A
293,1770489559693,WR pressed,HF_53_A,,true,true,No,N/A,N/A,N/A,802,N/A,N/A
293,1770489559693,gap_time,N/A,,true,true,GapTime_1208,N/A,N/A,N/A,N/A,N/A,N/A
293,1770489560901,Sentence shown,HF_44_A,,,,N/A,N/A,N/A,N/A,N/A,N/A,N/A
293,1770489564902,gap_time,N/A,,,,GapTime_1217,N/A,N/A,N/A,N/A,N/A,N/A
293,1770489566119,Sentence shown,HF_34_A,,,,N/A,N/A,N/A,N/A,N/A,N/A,N/A
293,1770489567524,Validation Wrong IR pressed,HF_34_A,,,,Spacebar,0,N/A,1405,N/A,N/A,N/A
293,1770489567524,IR pressed,HF_34_A,,,,Spacebar,0,N/A,1405,N/A,N/A,N/A
293,1770489568958,WR pressed,HF_34_A,,,,Yes,N/A,N/A,N/A,1434,N/A,N/A
293,1770489568958,gap_time,N/A,,,,GapTime_915,N/A,N/A,N/A,N/A,N/A,N/A
293,1770489569873,Sentence shown,HF_43_A,,,,N/A,N/A,N/A,N/A,N/A,N/A,N/A
293,1770489573874,gap_time,N/A,,,,GapTime_1007,N/A,N/A,N/A,N/A,N/A,N/A
293,1770489574882,Sentence shown,HVL_153_A,true,,true,N/A,N/A,N/A,N/A,N/A,N/A,N/A
293,1770489576711,IR pressed,HVL_153_A,true,,true,Spacebar,1,N/A,1829,N/A,N/A,N/A
293,1770489577259,WR pressed,HVL_153_A,true,,true,Yes,N/A,1,N/A,548,N/A,N/A
293,1770489577259,gap_time,N/A,true,,true,GapTime_1034,N/A,N/A,N/A,N/A,N/A,N/A
293,1770489578294,Sentence shown,HVL_143_P,true,,,N/A,N/A,N/A,N/A,N/A,N/A,N/A
293,1770489582296,gap_time,N/A,true,,,GapTime_1028,N/A,N/A,N/A,N/A,N/A,N/A
293,1770489583324,Sentence shown,HF_65_A,,,,N/A,N/A,N/A,N/A,N/A,N/A,N/A
293,1770489585934,Validation Wrong IR pressed,HF_65_A,,,,Spacebar,0,N/A,2610,N/A,N/A,N/A
293,1770489585934,IR pressed,HF_65_A,,,,Spacebar,0,N/A,2610,N/A,N/A,N/A
293,1770489586689,WR pressed,HF_65_A,,,,No,N/A,N/A,N/A,755,N/A,N/A
293,1770489586690,gap_time,N/A,,,,GapTime_1267,N/A,N/A,N/A,N/A,N/A,N/A
293,1770489587958,Sentence shown,LVH_101_A,true,,,N/A,N/A,N/A,N/A,N/A,N/A,N/A
293,1770489591958,gap_time,N/A,true,,,GapTime_883,N/A,N/A,N/A,N/A,N/A,N/A
293,1770489592843,Sentence shown,HF_54_A,,,,N/A,N/A,N/A,N/A,N/A,N/A,N/A
293,1770489596843,gap_time,N/A,,,,GapTime_836,N/A,N/A,N/A,N/A,N/A,N/A
293,1770489597681,Sentence shown,HF_39_A,,,,N/A,N/A,N/A,N/A,N/A,N/A,N/A
293,1770489601682,gap_time,N/A,,,,GapTime_941,N/A,N/A,N/A,N/A,N/A,N/A
293,1770489602623,Sentence shown,HF_39_A,,true,true,N/A,N/A,N/A,N/A,N/A,N/A,N/A
293,1770489604154,Validation IR pressed,HF_39_A,,true,true,Spacebar,1,N/A,1531,N/A,N/A,N/A
293,1770489604154,IR pressed,HF_39_A,,true,true,Spacebar,1,N/A,1531,N/A,N/A,N/A
293,1770489604573,WR pressed,HF_39_A,,true,true,Yes,N/A,N/A,N/A,419,N/A,N/A
293,1770489604573,gap_time,N/A,,true,true,GapTime_1117,N/A,N/A,N/A,N/A,N/A,N/A
293,1770489605690,Sentence shown,HF_42_A,,,,N/A,N/A,N/A,N/A,N/A,N/A,N/A
293,1770489609692,gap_time,N/A,,,,GapTime_947,N/A,N/A,N/A,N/A,N/A,N/A
293,1770489610639,Sentence shown,HF_60_A,,,,N/A,N/A,N/A,N/A,N/A,N/A,N/A
293,1770489614640,gap_time,N/A,,,,GapTime_787,N/A,N/A,N/A,N/A,N/A,N/A
293,1770489615428,Sentence shown,HVL_143_P,true,,true,N/A,N/A,N/A,N/A,N/A,N/A,N/A
293,1770489617718,IR pressed,HVL_143_P,true,,true,Spacebar,1,N/A,2290,N/A,N/A,N/A
293,1770489618235,WR pressed,HVL_143_P,true,,true,No,N/A,0,N/A,517,N/A,N/A
293,1770489618236,gap_time,N/A,true,,true,GapTime_1030,N/A,N/A,N/A,N/A,N/A,N/A
293,1770489619267,Sentence shown,HF_64_A,,,,N/A,N/A,N/A,N/A,N/A,N/A,N/A
293,1770489623268,gap_time,N/A,,,,GapTime_1261,N/A,N/A,N/A,N/A,N/A,N/A
293,1770489624530,Sentence shown,HF_60_A,,true,true,N/A,N/A,N/A,N/A,N/A,N/A,N/A
293,1770489626650,Validation IR pressed,HF_60_A,,true,true,Spacebar,1,N/A,2120,N/A,N/A,N/A
293,1770489626650,IR pressed,HF_60_A,,true,true,Spacebar,1,N/A,2120,N/A,N/A,N/A
293,1770489627003,WR pressed,HF_60_A,,true,true,Yes,N/A,N/A,N/A,353,N/A,N/A
293,1770489627003,gap_time,N/A,,true,true,GapTime_818,N/A,N/A,N/A,N/A,N/A,N/A
293,1770489627821,Sentence shown,LVH_101_A,true,,true,N/A,N/A,N/A,N/A,N/A,N/A,N/A
293,1770489631822,gap_time,N/A,true,,true,GapTime_711,N/A,N/A,N/A,N/A,N/A,N/A
293,1770489632534,Sentence shown,LVH_119_P,true,,,N/A,N/A,N/A,N/A,N/A,N/A,N/A
293,1770489636535,gap_time,N/A,true,,,GapTime_985,N/A,N/A,N/A,N/A,N/A,N/A
293,1770489637520,Sentence shown,HF_46_A,,,,N/A,N/A,N/A,N/A,N/A,N/A,N/A
293,1770489641521,gap_time,N/A,,,,GapTime_918,N/A,N/A,N/A,N/A,N/A,N/A
293,1770489642440,Sentence shown,HF_51_A,,,,N/A,N/A,N/A,N/A,N/A,N/A,N/A
293,1770489646440,gap_time,N/A,,,,GapTime_1142,N/A,N/A,N/A,N/A,N/A,N/A
293,1770489647583,Sentence shown,HH_140_P,true,,,N/A,N/A,N/A,N/A,N/A,N/A,N/A
293,1770489651584,gap_time,N/A,true,,,GapTime_1177,N/A,N/A,N/A,N/A,N/A,N/A
293,1770489652761,Sentence shown,LVH_119_P,true,,true,N/A,N/A,N/A,N/A,N/A,N/A,N/A
293,1770489654641,IR pressed,LVH_119_P,true,,true,Spacebar,1,N/A,1880,N/A,N/A,N/A
293,1770489655060,WR pressed,LVH_119_P,true,,true,Yes,N/A,1,N/A,419,N/A,N/A
293,1770489655060,gap_time,N/A,true,,true,GapTime_957,N/A,N/A,N/A,N/A,N/A,N/A
293,1770489656018,Sentence shown,HF_51_A,,true,true,N/A,N/A,N/A,N/A,N/A,N/A,N/A
293,1770489657480,Validation IR pressed,HF_51_A,,true,true,Spacebar,1,N/A,1462,N/A,N/A,N/A
293,1770489657481,IR pressed,HF_51_A,,true,true,Spacebar,1,N/A,1462,N/A,N/A,N/A
293,1770489657832,WR pressed,HF_51_A,,true,true,Yes,N/A,N/A,N/A,351,N/A,N/A
293,1770489657832,gap_time,N/A,,true,true,GapTime_1277,N/A,N/A,N/A,N/A,N/A,N/A
293,1770489659111,Sentence shown,HF_40_A,,,,N/A,N/A,N/A,N/A,N/A,N/A,N/A
293,1770489661588,Validation Wrong IR pressed,HF_40_A,,,,Spacebar,0,N/A,2477,N/A,N/A,N/A
293,1770489661588,IR pressed,HF_40_A,,,,Spacebar,0,N/A,2477,N/A,N/A,N/A
293,1770489661987,WR pressed,HF_40_A,,,,No,N/A,N/A,N/A,399,N/A,N/A
293,1770489661987,gap_time,N/A,,,,GapTime_995,N/A,N/A,N/A,N/A,N/A,N/A
293,1770489662984,Sentence shown,HF_49_A,,,,N/A,N/A,N/A,N/A,N/A,N/A,N/A
293,1770489666985,gap_time,N/A,,,,GapTime_987,N/A,N/A,N/A,N/A,N/A,N/A
293,1770489667973,Sentence shown,HVL_138_A,true,,,N/A,N/A,N/A,N/A,N/A,N/A,N/A
293,1770489671974,gap_time,N/A,true,,,GapTime_1152,N/A,N/A,N/A,N/A,N/A,N/A
293,1770489673126,Sentence shown,HH_140_P,true,,true,N/A,N/A,N/A,N/A,N/A,N/A,N/A
293,1770489675288,IR pressed,HH_140_P,true,,true,Spacebar,1,N/A,2162,N/A,N/A,N/A
293,1770489675741,WR pressed,HH_140_P,true,,true,Yes,N/A,1,N/A,453,N/A,N/A
293,1770489675741,gap_time,N/A,true,,true,GapTime_702,N/A,N/A,N/A,N/A,N/A,N/A
293,1770489676444,Sentence shown,HF_56_A,,,,N/A,N/A,N/A,N/A,N/A,N/A,N/A
293,1770489680445,gap_time,N/A,,,,GapTime_749,N/A,N/A,N/A,N/A,N/A,N/A
293,1770489681195,Sentence shown,HF_56_A,,true,true,N/A,N/A,N/A,N/A,N/A,N/A,N/A
293,1770489682679,Validation IR pressed,HF_56_A,,true,true,Spacebar,1,N/A,1484,N/A,N/A,N/A
293,1770489682679,IR pressed,HF_56_A,,true,true,Spacebar,1,N/A,1484,N/A,N/A,N/A
293,1770489683094,WR pressed,HF_56_A,,true,true,Yes,N/A,N/A,N/A,415,N/A,N/A
293,1770489683094,gap_time,N/A,,true,true,GapTime_766,N/A,N/A,N/A,N/A,N/A,N/A
293,1770489683861,Sentence shown,HH_143_A,true,,,N/A,N/A,N/A,N/A,N/A,N/A,N/A
293,1770489687862,gap_time,N/A,true,,,GapTime_1228,N/A,N/A,N/A,N/A,N/A,N/A
293,1770489689091,Sentence shown,HF_52_A,,,,N/A,N/A,N/A,N/A,N/A,N/A,N/A
293,1770489693092,gap_time,N/A,,,,GapTime_1227,N/A,N/A,N/A,N/A,N/A,N/A
293,1770489694320,Sentence shown,HVL_138_P,true,,true,N/A,N/A,N/A,N/A,N/A,N/A,N/A
293,1770489696920,IR pressed,HVL_138_P,true,,true,Spacebar,1,N/A,2600,N/A,N/A,N/A
293,1770489699241,WR pressed,HVL_138_P,true,,true,No,N/A,1,N/A,2321,N/A,N/A
293,1770489699242,gap_time,N/A,true,,true,GapTime_948,N/A,N/A,N/A,N/A,N/A,N/A
293,1770489700190,Sentence shown,LVH_123_P,true,,,N/A,N/A,N/A,N/A,N/A,N/A,N/A
293,1770489704191,gap_time,N/A,true,,,GapTime_743,N/A,N/A,N/A,N/A,N/A,N/A
293,1770489704935,Sentence shown,HVL_131_P,true,,,N/A,N/A,N/A,N/A,N/A,N/A,N/A
293,1770489708936,gap_time,N/A,true,,,GapTime_702,N/A,N/A,N/A,N/A,N/A,N/A
293,1770489709639,Sentence shown,HF_55_A,,,,N/A,N/A,N/A,N/A,N/A,N/A,N/A
293,1770489713640,gap_time,N/A,,,,GapTime_971,N/A,N/A,N/A,N/A,N/A,N/A
293,1770489714612,Sentence shown,LVL_125_A,true,,,N/A,N/A,N/A,N/A,N/A,N/A,N/A
293,1770489718612,gap_time,N/A,true,,,GapTime_1240,N/A,N/A,N/A,N/A,N/A,N/A
293,1770489719853,Sentence shown,LVL_149_P,true,,,N/A,N/A,N/A,N/A,N/A,N/A,N/A
293,1770489723854,gap_time,N/A,true,,,GapTime_724,N/A,N/A,N/A,N/A,N/A,N/A
293,1770489724579,Sentence shown,HF_55_A,,true,true,N/A,N/A,N/A,N/A,N/A,N/A,N/A
293,1770489726651,Validation IR pressed,HF_55_A,,true,true,Spacebar,1,N/A,2072,N/A,N/A,N/A
293,1770489726651,IR pressed,HF_55_A,,true,true,Spacebar,1,N/A,2072,N/A,N/A,N/A
293,1770489727886,WR pressed,HF_55_A,,true,true,Yes,N/A,N/A,N/A,1235,N/A,N/A
293,1770489727886,gap_time,N/A,,true,true,GapTime_1241,N/A,N/A,N/A,N/A,N/A,N/A
293,1770489729127,Sentence shown,LVL_105_P,true,,,N/A,N/A,N/A,N/A,N/A,N/A,N/A
293,1770489733129,gap_time,N/A,true,,,GapTime_974,N/A,N/A,N/A,N/A,N/A,N/A
293,1770489734103,Sentence shown,HH_143_P,true,,true,N/A,N/A,N/A,N/A,N/A,N/A,N/A
293,1770489736758,IR pressed,HH_143_P,true,,true,Spacebar,1,N/A,2655,N/A,N/A,N/A
293,1770489738213,WR pressed,HH_143_P,true,,true,No,N/A,1,N/A,1455,N/A,N/A
293,1770489738213,gap_time,N/A,true,,true,GapTime_844,N/A,N/A,N/A,N/A,N/A,N/A
293,1770489739058,Sentence shown,LVH_123_A,true,,true,N/A,N/A,N/A,N/A,N/A,N/A,N/A
293,1770489740603,IR pressed,LVH_123_A,true,,true,Spacebar,1,N/A,1545,N/A,N/A,N/A
293,1770489741879,WR pressed,LVH_123_A,true,,true,No,N/A,1,N/A,1276,N/A,N/A
293,1770489741880,gap_time,N/A,true,,true,GapTime_956,N/A,N/A,N/A,N/A,N/A,N/A
293,1770489742837,Sentence shown,HVL_131_A,true,,true,N/A,N/A,N/A,N/A,N/A,N/A,N/A
293,1770489744679,IR pressed,HVL_131_A,true,,true,Spacebar,1,N/A,1842,N/A,N/A,N/A
293,1770489745634,WR pressed,HVL_131_A,true,,true,No,N/A,1,N/A,955,N/A,N/A
293,1770489745634,gap_time,N/A,true,,true,GapTime_1197,N/A,N/A,N/A,N/A,N/A,N/A
293,1770489746832,Sentence shown,LVL_125_A,true,,true,N/A,N/A,N/A,N/A,N/A,N/A,N/A
293,1770489748173,IR pressed,LVL_125_A,true,,true,Spacebar,1,N/A,1341,N/A,N/A,N/A
293,1770489748882,WR pressed,LVL_125_A,true,,true,Yes,N/A,1,N/A,709,N/A,N/A
293,1770489748883,gap_time,N/A,true,,true,GapTime_796,N/A,N/A,N/A,N/A,N/A,N/A
293,1770489749680,Sentence shown,LVL_149_A,true,,true,N/A,N/A,N/A,N/A,N/A,N/A,N/A
293,1770489751061,IR pressed,LVL_149_A,true,,true,Spacebar,1,N/A,1381,N/A,N/A,N/A
293,1770489751655,WR pressed,LVL_149_A,true,,true,No,N/A,1,N/A,594,N/A,N/A
293,1770489751655,gap_time,N/A,true,,true,GapTime_919,N/A,N/A,N/A,N/A,N/A,N/A
293,1770489752575,Sentence shown,LVL_105_P,true,,true,N/A,N/A,N/A,N/A,N/A,N/A,N/A
293,1770489754068,IR pressed,LVL_105_P,true,,true,Spacebar,1,N/A,1493,N/A,N/A,N/A
293,1770489756371,WR pressed,LVL_105_P,true,,true,No,N/A,0,N/A,2303,N/A,N/A
293,1770489756371,gap_time,N/A,true,,true,GapTime_790,N/A,N/A,N/A,N/A,N/A,N/A
293,1770489757162,Rest Phase started,N/A,true,,true,Rest,N/A,N/A,N/A,N/A,N/A,N/A
293,1770489760329,Sentence shown,HF_97_A,,,,N/A,N/A,N/A,N/A,N/A,N/A,N/A
293,1770489764329,gap_time,N/A,,,,GapTime_1211,N/A,N/A,N/A,N/A,N/A,N/A
293,1770489765541,Sentence shown,LVH_129_P,true,,,N/A,N/A,N/A,N/A,N/A,N/A,N/A
293,1770489769543,gap_time,N/A,true,,,GapTime_1050,N/A,N/A,N/A,N/A,N/A,N/A
293,1770489770594,Sentence shown,HF_97_A,,true,true,N/A,N/A,N/A,N/A,N/A,N/A,N/A
293,1770489772735,Validation IR pressed,HF_97_A,,true,true,Spacebar,1,N/A,2141,N/A,N/A,N/A
293,1770489772735,IR pressed,HF_97_A,,true,true,Spacebar,1,N/A,2141,N/A,N/A,N/A
293,1770489773523,WR pressed,HF_97_A,,true,true,Yes,N/A,N/A,N/A,788,N/A,N/A
293,1770489773523,gap_time,N/A,,true,true,GapTime_982,N/A,N/A,N/A,N/A,N/A,N/A
293,1770489774506,Sentence shown,HF_95_A,,,,N/A,N/A,N/A,N/A,N/A,N/A,N/A
293,1770489778507,gap_time,N/A,,,,GapTime_991,N/A,N/A,N/A,N/A,N/A,N/A
293,1770489779499,Sentence shown,HF_76_A,,,,N/A,N/A,N/A,N/A,N/A,N/A,N/A
293,1770489783500,gap_time,N/A,,,,GapTime_968,N/A,N/A,N/A,N/A,N/A,N/A
293,1770489784469,Sentence shown,HF_72_A,,,,N/A,N/A,N/A,N/A,N/A,N/A,N/A
293,1770489788470,gap_time,N/A,,,,GapTime_1260,N/A,N/A,N/A,N/A,N/A,N/A
293,1770489789731,Sentence shown,LVL_100_P,true,,,N/A,N/A,N/A,N/A,N/A,N/A,N/A
293,1770489793731,gap_time,N/A,true,,,GapTime_767,N/A,N/A,N/A,N/A,N/A,N/A
293,1770489794499,Sentence shown,LVH_129_P,true,,true,N/A,N/A,N/A,N/A,N/A,N/A,N/A
293,1770489796602,IR pressed,LVH_129_P,true,,true,Spacebar,1,N/A,2103,N/A,N/A,N/A
293,1770489797445,WR pressed,LVH_129_P,true,,true,No,N/A,0,N/A,843,N/A,N/A
293,1770489797446,gap_time,N/A,true,,true,GapTime_920,N/A,N/A,N/A,N/A,N/A,N/A
293,1770489798366,Sentence shown,HH_137_P,true,,,N/A,N/A,N/A,N/A,N/A,N/A,N/A
293,1770489802367,gap_time,N/A,true,,,GapTime_919,N/A,N/A,N/A,N/A,N/A,N/A
293,1770489803286,Sentence shown,HH_147_A,true,,,N/A,N/A,N/A,N/A,N/A,N/A,N/A
293,1770489807287,gap_time,N/A,true,,,GapTime_882,N/A,N/A,N/A,N/A,N/A,N/A
293,1770489808171,Sentence shown,HF_89_A,,,,N/A,N/A,N/A,N/A,N/A,N/A,N/A
293,1770489812171,gap_time,N/A,,,,GapTime_1194,N/A,N/A,N/A,N/A,N/A,N/A
293,1770489813366,Sentence shown,HF_67_A,,,,N/A,N/A,N/A,N/A,N/A,N/A,N/A
293,1770489817366,gap_time,N/A,,,,GapTime_1134,N/A,N/A,N/A,N/A,N/A,N/A
293,1770489818501,Sentence shown,HF_75_A,,,,N/A,N/A,N/A,N/A,N/A,N/A,N/A
293,1770489822502,gap_time,N/A,,,,GapTime_986,N/A,N/A,N/A,N/A,N/A,N/A
293,1770489823489,Sentence shown,HF_75_A,,true,true,N/A,N/A,N/A,N/A,N/A,N/A,N/A
293,1770489824816,Validation IR pressed,HF_75_A,,true,true,Spacebar,1,N/A,1327,N/A,N/A,N/A
293,1770489824816,IR pressed,HF_75_A,,true,true,Spacebar,1,N/A,1327,N/A,N/A,N/A
293,1770489825657,WR pressed,HF_75_A,,true,true,Yes,N/A,N/A,N/A,841,N/A,N/A
293,1770489825658,gap_time,N/A,,true,true,GapTime_849,N/A,N/A,N/A,N/A,N/A,N/A
293,1770489826507,Sentence shown,HF_89_A,,true,true,N/A,N/A,N/A,N/A,N/A,N/A,N/A
293,1770489827919,Validation IR pressed,HF_89_A,,true,true,Spacebar,1,N/A,1412,N/A,N/A,N/A
293,1770489827919,IR pressed,HF_89_A,,true,true,Spacebar,1,N/A,1412,N/A,N/A,N/A
293,1770489828833,WR pressed,HF_89_A,,true,true,Yes,N/A,N/A,N/A,914,N/A,N/A
293,1770489828833,gap_time,N/A,,true,true,GapTime_910,N/A,N/A,N/A,N/A,N/A,N/A
293,1770489829744,Sentence shown,LVL_100_P,true,,true,N/A,N/A,N/A,N/A,N/A,N/A,N/A
293,1770489833745,gap_time,N/A,true,,true,GapTime_1289,N/A,N/A,N/A,N/A,N/A,N/A
293,1770489835035,Sentence shown,HVL_103_A,true,,,N/A,N/A,N/A,N/A,N/A,N/A,N/A
293,1770489839036,gap_time,N/A,true,,,GapTime_1281,N/A,N/A,N/A,N/A,N/A,N/A
293,1770489840317,Sentence shown,LVH_149_A,true,,,N/A,N/A,N/A,N/A,N/A,N/A,N/A
293,1770489844318,gap_time,N/A,true,,,GapTime_1019,N/A,N/A,N/A,N/A,N/A,N/A
293,1770489845338,Sentence shown,HH_137_A,true,,true,N/A,N/A,N/A,N/A,N/A,N/A,N/A
293,1770489847893,IR pressed,HH_137_A,true,,true,Spacebar,1,N/A,2555,N/A,N/A,N/A
293,1770489848506,WR pressed,HH_137_A,true,,true,No,N/A,1,N/A,613,N/A,N/A
293,1770489848506,gap_time,N/A,true,,true,GapTime_1146,N/A,N/A,N/A,N/A,N/A,N/A
293,1770489849654,Sentence shown,HF_69_A,,,,N/A,N/A,N/A,N/A,N/A,N/A,N/A
293,1770489853655,gap_time,N/A,,,,GapTime_1025,N/A,N/A,N/A,N/A,N/A,N/A
293,1770489854680,Sentence shown,HF_81_A,,,,N/A,N/A,N/A,N/A,N/A,N/A,N/A
293,1770489858682,gap_time,N/A,,,,GapTime_829,N/A,N/A,N/A,N/A,N/A,N/A
293,1770489859512,Sentence shown,HH_147_A,true,,true,N/A,N/A,N/A,N/A,N/A,N/A,N/A
293,1770489861800,IR pressed,HH_147_A,true,,true,Spacebar,1,N/A,2288,N/A,N/A,N/A
293,1770489864383,WR pressed,HH_147_A,true,,true,Yes,N/A,1,N/A,2583,N/A,N/A
293,1770489864383,gap_time,N/A,true,,true,GapTime_710,N/A,N/A,N/A,N/A,N/A,N/A
293,1770489865094,Sentence shown,HF_86_A,,,,N/A,N/A,N/A,N/A,N/A,N/A,N/A
293,1770489869095,gap_time,N/A,,,,GapTime_1237,N/A,N/A,N/A,N/A,N/A,N/A
293,1770489870333,Sentence shown,HF_86_A,,true,true,N/A,N/A,N/A,N/A,N/A,N/A,N/A
293,1770489871527,Validation IR pressed,HF_86_A,,true,true,Spacebar,1,N/A,1194,N/A,N/A,N/A
293,1770489871527,IR pressed,HF_86_A,,true,true,Spacebar,1,N/A,1194,N/A,N/A,N/A
293,1770489872336,WR pressed,HF_86_A,,true,true,Yes,N/A,N/A,N/A,809,N/A,N/A
293,1770489872336,gap_time,N/A,,true,true,GapTime_864,N/A,N/A,N/A,N/A,N/A,N/A
293,1770489873201,Sentence shown,HVL_145_A,true,,,N/A,N/A,N/A,N/A,N/A,N/A,N/A
293,1770489877203,gap_time,N/A,true,,,GapTime_1230,N/A,N/A,N/A,N/A,N/A,N/A
293,1770489878434,Sentence shown,HF_66_A,,,,N/A,N/A,N/A,N/A,N/A,N/A,N/A
293,1770489882434,gap_time,N/A,,,,GapTime_875,N/A,N/A,N/A,N/A,N/A,N/A
293,1770489883310,Sentence shown,LVH_149_A,true,,true,N/A,N/A,N/A,N/A,N/A,N/A,N/A
293,1770489885083,IR pressed,LVH_149_A,true,,true,Spacebar,1,N/A,1772,N/A,N/A,N/A
293,1770489888324,WR pressed,LVH_149_A,true,,true,No,N/A,0,N/A,3241,N/A,N/A
293,1770489888324,gap_time,N/A,true,,true,GapTime_927,N/A,N/A,N/A,N/A,N/A,N/A
293,1770489889252,Sentence shown,HVL_103_P,true,,true,N/A,N/A,N/A,N/A,N/A,N/A,N/A
293,1770489890735,IR pressed,HVL_103_P,true,,true,Spacebar,1,N/A,1483,N/A,N/A,N/A
293,1770489891380,WR pressed,HVL_103_P,true,,true,No,N/A,1,N/A,645,N/A,N/A
293,1770489891381,gap_time,N/A,true,,true,GapTime_1259,N/A,N/A,N/A,N/A,N/A,N/A
293,1770489892640,Sentence shown,HF_66_A,,true,true,N/A,N/A,N/A,N/A,N/A,N/A,N/A
293,1770489893860,Validation IR pressed,HF_66_A,,true,true,Spacebar,1,N/A,1220,N/A,N/A,N/A
293,1770489893860,IR pressed,HF_66_A,,true,true,Spacebar,1,N/A,1220,N/A,N/A,N/A
293,1770489894548,WR pressed,HF_66_A,,true,true,Yes,N/A,N/A,N/A,688,N/A,N/A
293,1770489894549,gap_time,N/A,,true,true,GapTime_706,N/A,N/A,N/A,N/A,N/A,N/A
293,1770489895256,Sentence shown,HF_84_A,,,,N/A,N/A,N/A,N/A,N/A,N/A,N/A
293,1770489899257,gap_time,N/A,,,,GapTime_1278,N/A,N/A,N/A,N/A,N/A,N/A
293,1770489900536,Sentence shown,HF_84_A,,true,true,N/A,N/A,N/A,N/A,N/A,N/A,N/A
293,1770489901497,Validation IR pressed,HF_84_A,,true,true,Spacebar,1,N/A,961,N/A,N/A,N/A
293,1770489901497,IR pressed,HF_84_A,,true,true,Spacebar,1,N/A,961,N/A,N/A,N/A
293,1770489902389,WR pressed,HF_84_A,,true,true,Yes,N/A,N/A,N/A,892,N/A,N/A
293,1770489902389,gap_time,N/A,,true,true,GapTime_850,N/A,N/A,N/A,N/A,N/A,N/A
293,1770489903240,Sentence shown,HF_87_A,,,,N/A,N/A,N/A,N/A,N/A,N/A,N/A
293,1770489907241,gap_time,N/A,,,,GapTime_791,N/A,N/A,N/A,N/A,N/A,N/A
293,1770489908033,Sentence shown,HF_79_A,,,,N/A,N/A,N/A,N/A,N/A,N/A,N/A
293,1770489912034,gap_time,N/A,,,,GapTime_837,N/A,N/A,N/A,N/A,N/A,N/A
293,1770489912872,Sentence shown,LVL_146_P,true,,,N/A,N/A,N/A,N/A,N/A,N/A,N/A
293,1770489916873,gap_time,N/A,true,,,GapTime_745,N/A,N/A,N/A,N/A,N/A,N/A
293,1770489917619,Sentence shown,HF_94_A,,,,N/A,N/A,N/A,N/A,N/A,N/A,N/A
293,1770489921619,gap_time,N/A,,,,GapTime_1107,N/A,N/A,N/A,N/A,N/A,N/A
293,1770489922727,Sentence shown,LVH_168_A,true,,,N/A,N/A,N/A,N/A,N/A,N/A,N/A
293,1770489926728,gap_time,N/A,true,,,GapTime_930,N/A,N/A,N/A,N/A,N/A,N/A
293,1770489927660,Sentence shown,HVL_145_A,true,,true,N/A,N/A,N/A,N/A,N/A,N/A,N/A
293,1770489929328,IR pressed,HVL_145_A,true,,true,Spacebar,1,N/A,1668,N/A,N/A,N/A
293,1770489930413,WR pressed,HVL_145_A,true,,true,Yes,N/A,1,N/A,1085,N/A,N/A
293,1770489930413,gap_time,N/A,true,,true,GapTime_910,N/A,N/A,N/A,N/A,N/A,N/A
293,1770489931324,Sentence shown,HF_68_A,,,,N/A,N/A,N/A,N/A,N/A,N/A,N/A
293,1770489934286,Validation Wrong IR pressed,HF_68_A,,,,Spacebar,0,N/A,2962,N/A,N/A,N/A
293,1770489934286,IR pressed,HF_68_A,,,,Spacebar,0,N/A,2962,N/A,N/A,N/A
293,1770489935073,WR pressed,HF_68_A,,,,No,N/A,N/A,N/A,787,N/A,N/A
293,1770489935073,gap_time,N/A,,,,GapTime_1091,N/A,N/A,N/A,N/A,N/A,N/A
293,1770489936165,Sentence shown,HF_92_A,,,,N/A,N/A,N/A,N/A,N/A,N/A,N/A
293,1770489940166,gap_time,N/A,,,,GapTime_1296,N/A,N/A,N/A,N/A,N/A,N/A
293,1770489941463,Sentence shown,LVL_146_A,true,,true,N/A,N/A,N/A,N/A,N/A,N/A,N/A
293,1770489943123,IR pressed,LVL_146_A,true,,true,Spacebar,1,N/A,1659,N/A,N/A,N/A
293,1770489944445,WR pressed,LVL_146_A,true,,true,Yes,N/A,0,N/A,1322,N/A,N/A
293,1770489944445,gap_time,N/A,true,,true,GapTime_928,N/A,N/A,N/A,N/A,N/A,N/A
293,1770489945375,Sentence shown,LVL_135_A,true,,,N/A,N/A,N/A,N/A,N/A,N/A,N/A
293,1770489949375,gap_time,N/A,true,,,GapTime_809,N/A,N/A,N/A,N/A,N/A,N/A
293,1770489950186,Sentence shown,LVH_171_P,true,,,N/A,N/A,N/A,N/A,N/A,N/A,N/A
293,1770489954187,gap_time,N/A,true,,,GapTime_1111,N/A,N/A,N/A,N/A,N/A,N/A
293,1770489955299,Sentence shown,HF_70_A,,,,N/A,N/A,N/A,N/A,N/A,N/A,N/A
293,1770489958560,Validation Wrong IR pressed,HF_70_A,,,,Spacebar,0,N/A,3261,N/A,N/A,N/A
293,1770489958560,IR pressed,HF_70_A,,,,Spacebar,0,N/A,3261,N/A,N/A,N/A
293,1770489959344,WR pressed,HF_70_A,,,,No,N/A,N/A,N/A,784,N/A,N/A
293,1770489959344,gap_time,N/A,,,,GapTime_1121,N/A,N/A,N/A,N/A,N/A,N/A
293,1770489960466,Sentence shown,LVH_168_P,true,,true,N/A,N/A,N/A,N/A,N/A,N/A,N/A
293,1770489962486,IR pressed,LVH_168_P,true,,true,Spacebar,1,N/A,2020,N/A,N/A,N/A
293,1770489963285,WR pressed,LVH_168_P,true,,true,No,N/A,1,N/A,799,N/A,N/A
293,1770489963285,gap_time,N/A,true,,true,GapTime_1292,N/A,N/A,N/A,N/A,N/A,N/A
293,1770489964579,Sentence shown,HF_80_A,,,,N/A,N/A,N/A,N/A,N/A,N/A,N/A
293,1770489968580,gap_time,N/A,,,,GapTime_1205,N/A,N/A,N/A,N/A,N/A,N/A
293,1770489969786,Sentence shown,HF_70_A,,true,true,N/A,N/A,N/A,N/A,N/A,N/A,N/A
293,1770489971554,Validation IR pressed,HF_70_A,,true,true,Spacebar,1,N/A,1768,N/A,N/A,N/A
293,1770489971554,IR pressed,HF_70_A,,true,true,Spacebar,1,N/A,1768,N/A,N/A,N/A
293,1770489972375,WR pressed,HF_70_A,,true,true,Yes,N/A,N/A,N/A,821,N/A,N/A
293,1770489972375,gap_time,N/A,,true,true,GapTime_962,N/A,N/A,N/A,N/A,N/A,N/A
293,1770489973338,Sentence shown,LVL_135_P,true,,true,N/A,N/A,N/A,N/A,N/A,N/A,N/A
293,1770489974667,IR pressed,LVL_135_P,true,,true,Spacebar,1,N/A,1329,N/A,N/A,N/A
293,1770489975205,WR pressed,LVL_135_P,true,,true,No,N/A,1,N/A,538,N/A,N/A
293,1770489975206,gap_time,N/A,true,,true,GapTime_1236,N/A,N/A,N/A,N/A,N/A,N/A
293,1770489976443,Sentence shown,LVL_119_A,true,,,N/A,N/A,N/A,N/A,N/A,N/A,N/A
293,1770489980444,gap_time,N/A,true,,,GapTime_1092,N/A,N/A,N/A,N/A,N/A,N/A
293,1770489981537,Sentence shown,HF_85_A,,,,N/A,N/A,N/A,N/A,N/A,N/A,N/A
293,1770489985537,gap_time,N/A,,,,GapTime_1171,N/A,N/A,N/A,N/A,N/A,N/A
293,1770489986708,Sentence shown,HF_83_A,,,,N/A,N/A,N/A,N/A,N/A,N/A,N/A
293,1770489990709,gap_time,N/A,,,,GapTime_1042,N/A,N/A,N/A,N/A,N/A,N/A
293,1770489991752,Sentence shown,HF_85_A,,true,true,N/A,N/A,N/A,N/A,N/A,N/A,N/A
293,1770489994271,Validation IR pressed,HF_85_A,,true,true,Spacebar,1,N/A,2519,N/A,N/A,N/A
293,1770489994271,IR pressed,HF_85_A,,true,true,Spacebar,1,N/A,2519,N/A,N/A,N/A
293,1770489994991,WR pressed,HF_85_A,,true,true,No,N/A,N/A,N/A,719,N/A,N/A
293,1770489994991,gap_time,N/A,,true,true,GapTime_1008,N/A,N/A,N/A,N/A,N/A,N/A
293,1770489995999,Sentence shown,LVH_171_A,true,,true,N/A,N/A,N/A,N/A,N/A,N/A,N/A
293,1770489997929,IR pressed,LVH_171_A,true,,true,Spacebar,1,N/A,1930,N/A,N/A,N/A
293,1770489999816,WR pressed,LVH_171_A,true,,true,No,N/A,1,N/A,1887,N/A,N/A
293,1770489999816,gap_time,N/A,true,,true,GapTime_843,N/A,N/A,N/A,N/A,N/A,N/A
293,1770490000660,Sentence shown,HF_71_A,,,,N/A,N/A,N/A,N/A,N/A,N/A,N/A
293,1770490004661,gap_time,N/A,,,,GapTime_1219,N/A,N/A,N/A,N/A,N/A,N/A
293,1770490005881,Sentence shown,HF_74_A,,,,N/A,N/A,N/A,N/A,N/A,N/A,N/A
293,1770490009882,gap_time,N/A,,,,GapTime_1027,N/A,N/A,N/A,N/A,N/A,N/A
293,1770490010910,Sentence shown,LVL_119_A,true,,true,N/A,N/A,N/A,N/A,N/A,N/A,N/A
293,1770490012153,IR pressed,LVL_119_A,true,,true,Spacebar,1,N/A,1243,N/A,N/A,N/A
293,1770490013358,WR pressed,LVL_119_A,true,,true,Yes,N/A,1,N/A,1205,N/A,N/A
293,1770490013359,gap_time,N/A,true,,true,GapTime_1290,N/A,N/A,N/A,N/A,N/A,N/A
293,1770490014650,Sentence shown,HF_91_A,,,,N/A,N/A,N/A,N/A,N/A,N/A,N/A
293,1770490018651,gap_time,N/A,,,,GapTime_890,N/A,N/A,N/A,N/A,N/A,N/A
293,1770490019541,Sentence shown,HF_77_A,,,,N/A,N/A,N/A,N/A,N/A,N/A,N/A
293,1770490023542,gap_time,N/A,,,,GapTime_1021,N/A,N/A,N/A,N/A,N/A,N/A
293,1770490024564,Sentence shown,HF_88_A,,,,N/A,N/A,N/A,N/A,N/A,N/A,N/A
293,1770490028565,gap_time,N/A,,,,GapTime_815,N/A,N/A,N/A,N/A,N/A,N/A
293,1770490029381,Sentence shown,HVL_126_P,true,,,N/A,N/A,N/A,N/A,N/A,N/A,N/A
293,1770490033381,gap_time,N/A,true,,,GapTime_1146,N/A,N/A,N/A,N/A,N/A,N/A
293,1770490034528,Sentence shown,HVL_152_P,true,,,N/A,N/A,N/A,N/A,N/A,N/A,N/A
293,1770490038529,gap_time,N/A,true,,,GapTime_1060,N/A,N/A,N/A,N/A,N/A,N/A
293,1770490039590,Sentence shown,HF_82_A,,,,N/A,N/A,N/A,N/A,N/A,N/A,N/A
293,1770490043591,gap_time,N/A,,,,GapTime_783,N/A,N/A,N/A,N/A,N/A,N/A
293,1770490044375,Sentence shown,HF_73_A,,,,N/A,N/A,N/A,N/A,N/A,N/A,N/A
293,1770490048376,gap_time,N/A,,,,GapTime_999,N/A,N/A,N/A,N/A,N/A,N/A
293,1770490049377,Sentence shown,HF_73_A,,true,true,N/A,N/A,N/A,N/A,N/A,N/A,N/A
293,1770490050927,Validation IR pressed,HF_73_A,,true,true,Spacebar,1,N/A,1550,N/A,N/A,N/A
293,1770490050927,IR pressed,HF_73_A,,true,true,Spacebar,1,N/A,1550,N/A,N/A,N/A
293,1770490051797,WR pressed,HF_73_A,,true,true,Yes,N/A,N/A,N/A,870,N/A,N/A
293,1770490051797,gap_time,N/A,,true,true,GapTime_1139,N/A,N/A,N/A,N/A,N/A,N/A
293,1770490052937,Sentence shown,HF_78_A,,,,N/A,N/A,N/A,N/A,N/A,N/A,N/A
293,1770490056938,gap_time,N/A,,,,GapTime_1233,N/A,N/A,N/A,N/A,N/A,N/A
293,1770490058171,Sentence shown,HF_90_A,,,,N/A,N/A,N/A,N/A,N/A,N/A,N/A
293,1770490062172,gap_time,N/A,,,,GapTime_964,N/A,N/A,N/A,N/A,N/A,N/A
293,1770490063137,Sentence shown,HH_144_A,true,,,N/A,N/A,N/A,N/A,N/A,N/A,N/A
293,1770490067138,gap_time,N/A,true,,,GapTime_981,N/A,N/A,N/A,N/A,N/A,N/A
293,1770490068119,Sentence shown,HVL_126_P,true,,true,N/A,N/A,N/A,N/A,N/A,N/A,N/A
293,1770490070338,IR pressed,HVL_126_P,true,,true,Spacebar,1,N/A,2219,N/A,N/A,N/A
293,1770490070941,WR pressed,HVL_126_P,true,,true,Yes,N/A,1,N/A,603,N/A,N/A
293,1770490070941,gap_time,N/A,true,,true,GapTime_921,N/A,N/A,N/A,N/A,N/A,N/A
293,1770490071863,Sentence shown,HH_177_P,true,,,N/A,N/A,N/A,N/A,N/A,N/A,N/A
293,1770490075863,gap_time,N/A,true,,,GapTime_1237,N/A,N/A,N/A,N/A,N/A,N/A
293,1770490077102,Sentence shown,HF_93_A,,,,N/A,N/A,N/A,N/A,N/A,N/A,N/A
293,1770490081102,gap_time,N/A,,,,GapTime_749,N/A,N/A,N/A,N/A,N/A,N/A
293,1770490081852,Sentence shown,HVL_152_A,true,,true,N/A,N/A,N/A,N/A,N/A,N/A,N/A
293,1770490083828,IR pressed,HVL_152_A,true,,true,Spacebar,1,N/A,1975,N/A,N/A,N/A
293,1770490084727,WR pressed,HVL_152_A,true,,true,Yes,N/A,0,N/A,899,N/A,N/A
293,1770490084727,gap_time,N/A,true,,true,GapTime_826,N/A,N/A,N/A,N/A,N/A,N/A
293,1770490085553,Sentence shown,HF_96_A,,,,N/A,N/A,N/A,N/A,N/A,N/A,N/A
293,1770490089554,gap_time,N/A,,,,GapTime_1269,N/A,N/A,N/A,N/A,N/A,N/A
293,1770490090824,Sentence shown,HH_144_P,true,,true,N/A,N/A,N/A,N/A,N/A,N/A,N/A
293,1770490093075,IR pressed,HH_144_P,true,,true,Spacebar,1,N/A,2251,N/A,N/A,N/A
293,1770490094132,WR pressed,HH_144_P,true,,true,No,N/A,1,N/A,1057,N/A,N/A
293,1770490094132,gap_time,N/A,true,,true,GapTime_1175,N/A,N/A,N/A,N/A,N/A,N/A
293,1770490095309,Sentence shown,HH_177_P,true,,true,N/A,N/A,N/A,N/A,N/A,N/A,N/A
293,1770490096761,IR pressed,HH_177_P,true,,true,Spacebar,1,N/A,1452,N/A,N/A,N/A
293,1770490097351,WR pressed,HH_177_P,true,,true,Yes,N/A,1,N/A,590,N/A,N/A
293,1770490097351,gap_time,N/A,true,,true,GapTime_887,N/A,N/A,N/A,N/A,N/A,N/A
293,1770490098239,Sentence shown,HF_96_A,,true,true,N/A,N/A,N/A,N/A,N/A,N/A,N/A
293,1770490099809,Validation IR pressed,HF_96_A,,true,true,Spacebar,1,N/A,1569,N/A,N/A,N/A
293,1770490099809,IR pressed,HF_96_A,,true,true,Spacebar,1,N/A,1569,N/A,N/A,N/A
293,1770490100660,WR pressed,HF_96_A,,true,true,Yes,N/A,N/A,N/A,851,N/A,N/A
293,1770490100660,gap_time,N/A,,true,true,GapTime_1252,N/A,N/A,N/A,N/A,N/A,N/A
