participant_ID,Timestamp,Event,Stimulus,isTarget,isValidation,isRepeat,Button,Accuracy IR,Accuracy WR,Reaction_time_IR,Reaction_time_WR,CR_IR,CR_WR
305,1770531784162,Practice Sentence shown,HH_122_A,true,,,N/A,N/A,N/A,N/A,N/A,N/A,N/A
305,1770531789689,Practice Sentence shown,HH_108_A,true,,,N/A,N/A,N/A,N/A,N/A,N/A,N/A
305,1770531795204,Practice Sentence shown,HL_28_A,,,,N/A,N/A,N/A,N/A,N/A,N/A,N/A
305,1770531800725,Practice Sentence shown,HH_120_A,true,,,N/A,N/A,N/A,N/A,N/A,N/A,N/A
305,1770531806239,Practice Sentence shown,HH_111_A,true,,,N/A,N/A,N/A,N/A,N/A,N/A,N/A
305,1770531811759,Practice Sentence shown,HL_32_A,,,,N/A,N/A,N/A,N/A,N/A,N/A,N/A
305,1770531817275,Practice Sentence shown,HL_42_A,,,,N/A,N/A,N/A,N/A,N/A,N/A,N/A
305,1770531822789,Practice Sentence shown,HH_122_P,true,,true,N/A,N/A,N/A,N/A,N/A,N/A,N/A
305,1770531824415,Practice IR pressed,HH_122_P,true,,true,Spacebar,1,N/A,1626,N/A,N/A,N/A
305,1770531830119,Practice WR pressed,HH_122_P,true,,true,No,N/A,1,N/A,5704,N/A,N/A
305,1770531831630,Practice Sentence shown,HH_108_A,true,,true,N/A,N/A,N/A,N/A,N/A,N/A,N/A
305,1770531833161,Practice IR pressed,HH_108_A,true,,true,Spacebar,1,N/A,1531,N/A,N/A,N/A
305,1770531833670,Practice WR pressed,HH_108_A,true,,true,Yes,N/A,1,N/A,509,N/A,N/A
305,1770531835186,Practice Sentence shown,HL_92_A,,,,N/A,N/A,N/A,N/A,N/A,N/A,N/A
305,1770531840703,Practice Sentence shown,HL_96_A,,,,N/A,N/A,N/A,N/A,N/A,N/A,N/A
305,1770531846220,Practice Sentence shown,HH_120_P,true,,true,N/A,N/A,N/A,N/A,N/A,N/A,N/A
305,1770531847989,Practice IR pressed,HH_120_P,true,,true,Spacebar,1,N/A,1769,N/A,N/A,N/A
305,1770531849256,Practice WR pressed,HH_120_P,true,,true,No,N/A,1,N/A,1267,N/A,N/A
305,1770531850772,Practice Sentence shown,HH_111_P,true,,true,N/A,N/A,N/A,N/A,N/A,N/A,N/A
305,1770531852592,Practice IR pressed,HH_111_P,true,,true,Spacebar,1,N/A,1820,N/A,N/A,N/A
305,1770531854105,Practice WR pressed,HH_111_P,true,,true,No,N/A,1,N/A,1513,N/A,N/A
305,1770531855619,Practice Sentence shown,HL_91_A,,,,N/A,N/A,N/A,N/A,N/A,N/A,N/A
305,1770531857894,Practice IR pressed,HL_91_A,,,,Spacebar,0,N/A,2275,N/A,N/A,N/A
305,1770531860724,Practice Sentence shown,HL_114_A,,,,N/A,N/A,N/A,N/A,N/A,N/A,N/A
305,1770531866247,Practice Sentence shown,HL_71_A,,,,N/A,N/A,N/A,N/A,N/A,N/A,N/A
305,1770531871770,Practice Sentence shown,HH_134_A,true,,,N/A,N/A,N/A,N/A,N/A,N/A,N/A
305,1770531877275,Practice Sentence shown,HL_94_A,,,,N/A,N/A,N/A,N/A,N/A,N/A,N/A
305,1770531882785,Practice Sentence shown,HL_72_A,,,,N/A,N/A,N/A,N/A,N/A,N/A,N/A
305,1770531888309,Practice Sentence shown,HH_134_A,true,,true,N/A,N/A,N/A,N/A,N/A,N/A,N/A
305,1770531889796,Practice IR pressed,HH_134_A,true,,true,Spacebar,1,N/A,1487,N/A,N/A,N/A
305,1770531891582,Practice WR pressed,HH_134_A,true,,true,No,N/A,0,N/A,1785,N/A,N/A
305,1770531908653,Sentence shown,HF_29_A,,,,N/A,N/A,N/A,N/A,N/A,N/A,N/A
305,1770531912668,gap_time,N/A,,,,GapTime_842,N/A,N/A,N/A,N/A,N/A,N/A
305,1770531913516,Sentence shown,HH_181_A,true,,,N/A,N/A,N/A,N/A,N/A,N/A,N/A
305,1770531917522,gap_time,N/A,true,,,GapTime_1047,N/A,N/A,N/A,N/A,N/A,N/A
305,1770531918584,Sentence shown,HF_16_A,,,,N/A,N/A,N/A,N/A,N/A,N/A,N/A
305,1770531922585,gap_time,N/A,,,,GapTime_1135,N/A,N/A,N/A,N/A,N/A,N/A
305,1770531923733,Sentence shown,HF_30_A,,,,N/A,N/A,N/A,N/A,N/A,N/A,N/A
305,1770531927746,gap_time,N/A,,,,GapTime_841,N/A,N/A,N/A,N/A,N/A,N/A
305,1770531928600,Sentence shown,HF_8_A,,,,N/A,N/A,N/A,N/A,N/A,N/A,N/A
305,1770531932605,gap_time,N/A,,,,GapTime_965,N/A,N/A,N/A,N/A,N/A,N/A
305,1770531933582,Sentence shown,LVH_121_P,true,,,N/A,N/A,N/A,N/A,N/A,N/A,N/A
305,1770531937591,gap_time,N/A,true,,,GapTime_1029,N/A,N/A,N/A,N/A,N/A,N/A
305,1770531938624,Sentence shown,LVL_116_A,true,,,N/A,N/A,N/A,N/A,N/A,N/A,N/A
305,1770531942636,gap_time,N/A,true,,,GapTime_1142,N/A,N/A,N/A,N/A,N/A,N/A
305,1770531943781,Sentence shown,HF_8_A,,true,true,N/A,N/A,N/A,N/A,N/A,N/A,N/A
305,1770531944992,Validation IR pressed,HF_8_A,,true,true,Spacebar,1,N/A,1210,N/A,N/A,N/A
305,1770531944992,IR pressed,HF_8_A,,true,true,Spacebar,1,N/A,1210,N/A,N/A,N/A
305,1770531946094,WR pressed,HF_8_A,,true,true,Yes,N/A,N/A,N/A,1102,N/A,N/A
305,1770531946095,gap_time,N/A,,true,true,GapTime_1054,N/A,N/A,N/A,N/A,N/A,N/A
305,1770531947155,Sentence shown,HH_181_A,true,,true,N/A,N/A,N/A,N/A,N/A,N/A,N/A
305,1770531948236,IR pressed,HH_181_A,true,,true,Spacebar,1,N/A,1081,N/A,N/A,N/A
305,1770531948894,WR pressed,HH_181_A,true,,true,Yes,N/A,1,N/A,658,N/A,N/A
305,1770531948894,gap_time,N/A,true,,true,GapTime_1187,N/A,N/A,N/A,N/A,N/A,N/A
305,1770531950091,Sentence shown,HVL_100_A,true,,,N/A,N/A,N/A,N/A,N/A,N/A,N/A
305,1770531954100,gap_time,N/A,true,,,GapTime_821,N/A,N/A,N/A,N/A,N/A,N/A
305,1770531954933,Sentence shown,HF_15_A,,,,N/A,N/A,N/A,N/A,N/A,N/A,N/A
305,1770531958949,gap_time,N/A,,,,GapTime_821,N/A,N/A,N/A,N/A,N/A,N/A
305,1770531959787,Sentence shown,HVL_154_A,true,,,N/A,N/A,N/A,N/A,N/A,N/A,N/A
305,1770531963796,gap_time,N/A,true,,,GapTime_744,N/A,N/A,N/A,N/A,N/A,N/A
305,1770531964546,Sentence shown,HF_24_A,,,,N/A,N/A,N/A,N/A,N/A,N/A,N/A
305,1770531968548,gap_time,N/A,,,,GapTime_885,N/A,N/A,N/A,N/A,N/A,N/A
305,1770531969439,Sentence shown,LVL_116_P,true,,true,N/A,N/A,N/A,N/A,N/A,N/A,N/A
305,1770531971555,IR pressed,LVL_116_P,true,,true,Spacebar,1,N/A,2115,N/A,N/A,N/A
305,1770531972635,WR pressed,LVL_116_P,true,,true,No,N/A,1,N/A,1080,N/A,N/A
305,1770531972635,gap_time,N/A,true,,true,GapTime_1150,N/A,N/A,N/A,N/A,N/A,N/A
305,1770531973801,Sentence shown,HF_12_A,,,,N/A,N/A,N/A,N/A,N/A,N/A,N/A
305,1770531977817,gap_time,N/A,,,,GapTime_827,N/A,N/A,N/A,N/A,N/A,N/A
305,1770531978655,Sentence shown,HH_142_A,true,,,N/A,N/A,N/A,N/A,N/A,N/A,N/A
305,1770531982660,gap_time,N/A,true,,,GapTime_733,N/A,N/A,N/A,N/A,N/A,N/A
305,1770531983402,Sentence shown,LVH_121_A,true,,true,N/A,N/A,N/A,N/A,N/A,N/A,N/A
305,1770531984826,IR pressed,LVH_121_A,true,,true,Spacebar,1,N/A,1424,N/A,N/A,N/A
305,1770531985882,WR pressed,LVH_121_A,true,,true,No,N/A,1,N/A,1056,N/A,N/A
305,1770531985883,gap_time,N/A,true,,true,GapTime_1253,N/A,N/A,N/A,N/A,N/A,N/A
305,1770531987139,Sentence shown,HF_12_A,,true,true,N/A,N/A,N/A,N/A,N/A,N/A,N/A
305,1770531988556,Validation IR pressed,HF_12_A,,true,true,Spacebar,1,N/A,1417,N/A,N/A,N/A
305,1770531988556,IR pressed,HF_12_A,,true,true,Spacebar,1,N/A,1417,N/A,N/A,N/A
305,1770531988930,WR pressed,HF_12_A,,true,true,Yes,N/A,N/A,N/A,374,N/A,N/A
305,1770531988930,gap_time,N/A,,true,true,GapTime_1260,N/A,N/A,N/A,N/A,N/A,N/A
305,1770531990202,Sentence shown,HVL_100_A,true,,true,N/A,N/A,N/A,N/A,N/A,N/A,N/A
305,1770531991245,IR pressed,HVL_100_A,true,,true,Spacebar,1,N/A,1043,N/A,N/A,N/A
305,1770531991545,WR pressed,HVL_100_A,true,,true,Yes,N/A,1,N/A,299,N/A,N/A
305,1770531991545,gap_time,N/A,true,,true,GapTime_748,N/A,N/A,N/A,N/A,N/A,N/A
305,1770531992308,Sentence shown,HF_25_A,,,,N/A,N/A,N/A,N/A,N/A,N/A,N/A
305,1770531996315,gap_time,N/A,,,,GapTime_817,N/A,N/A,N/A,N/A,N/A,N/A
305,1770531997147,Sentence shown,HF_27_A,,,,N/A,N/A,N/A,N/A,N/A,N/A,N/A
305,1770532001157,gap_time,N/A,,,,GapTime_1189,N/A,N/A,N/A,N/A,N/A,N/A
305,1770532002353,Sentence shown,HF_17_A,,,,N/A,N/A,N/A,N/A,N/A,N/A,N/A
305,1770532006369,gap_time,N/A,,,,GapTime_1215,N/A,N/A,N/A,N/A,N/A,N/A
305,1770532007598,Sentence shown,HF_27_A,,true,true,N/A,N/A,N/A,N/A,N/A,N/A,N/A
305,1770532008693,Validation IR pressed,HF_27_A,,true,true,Spacebar,1,N/A,1095,N/A,N/A,N/A
305,1770532008693,IR pressed,HF_27_A,,true,true,Spacebar,1,N/A,1095,N/A,N/A,N/A
305,1770532009118,WR pressed,HF_27_A,,true,true,Yes,N/A,N/A,N/A,425,N/A,N/A
305,1770532009119,gap_time,N/A,,true,true,GapTime_1133,N/A,N/A,N/A,N/A,N/A,N/A
305,1770532010254,Sentence shown,HF_5_A,,,,N/A,N/A,N/A,N/A,N/A,N/A,N/A
305,1770532014257,gap_time,N/A,,,,GapTime_969,N/A,N/A,N/A,N/A,N/A,N/A
305,1770532015239,Sentence shown,HVL_154_P,true,,true,N/A,N/A,N/A,N/A,N/A,N/A,N/A
305,1770532018572,IR pressed,HVL_154_P,true,,true,Spacebar,1,N/A,3333,N/A,N/A,N/A
305,1770532020928,WR pressed,HVL_154_P,true,,true,No,N/A,1,N/A,2356,N/A,N/A
305,1770532020928,gap_time,N/A,true,,true,GapTime_1031,N/A,N/A,N/A,N/A,N/A,N/A
305,1770532021976,Sentence shown,LVH_139_A,true,,,N/A,N/A,N/A,N/A,N/A,N/A,N/A
305,1770532025977,gap_time,N/A,true,,,GapTime_854,N/A,N/A,N/A,N/A,N/A,N/A
305,1770532026840,Sentence shown,HH_142_P,true,,true,N/A,N/A,N/A,N/A,N/A,N/A,N/A
305,1770532029380,IR pressed,HH_142_P,true,,true,Spacebar,1,N/A,2540,N/A,N/A,N/A
305,1770532030236,WR pressed,HH_142_P,true,,true,No,N/A,1,N/A,856,N/A,N/A
305,1770532030237,gap_time,N/A,true,,true,GapTime_823,N/A,N/A,N/A,N/A,N/A,N/A
305,1770532031063,Sentence shown,HF_1_A,,,,N/A,N/A,N/A,N/A,N/A,N/A,N/A
305,1770532035075,gap_time,N/A,,,,GapTime_727,N/A,N/A,N/A,N/A,N/A,N/A
305,1770532035813,Sentence shown,HF_7_A,,,,N/A,N/A,N/A,N/A,N/A,N/A,N/A
305,1770532039822,gap_time,N/A,,,,GapTime_1118,N/A,N/A,N/A,N/A,N/A,N/A
305,1770532040950,Sentence shown,HF_14_A,,,,N/A,N/A,N/A,N/A,N/A,N/A,N/A
305,1770532044951,gap_time,N/A,,,,GapTime_1297,N/A,N/A,N/A,N/A,N/A,N/A
305,1770532046261,Sentence shown,HF_6_A,,,,N/A,N/A,N/A,N/A,N/A,N/A,N/A
305,1770532048997,Validation Wrong IR pressed,HF_6_A,,,,Spacebar,0,N/A,2735,N/A,N/A,N/A
305,1770532048997,IR pressed,HF_6_A,,,,Spacebar,0,N/A,2735,N/A,N/A,N/A
305,1770532051452,WR pressed,HF_6_A,,,,No,N/A,N/A,N/A,2455,N/A,N/A
305,1770532051452,gap_time,N/A,,,,GapTime_963,N/A,N/A,N/A,N/A,N/A,N/A
305,1770532052423,Sentence shown,LVL_129_A,true,,,N/A,N/A,N/A,N/A,N/A,N/A,N/A
305,1770532055226,Validation Wrong IR pressed,LVL_129_A,true,,,Spacebar,0,N/A,2803,N/A,N/A,N/A
305,1770532055226,IR pressed,LVL_129_A,true,,,Spacebar,0,N/A,2803,N/A,N/A,N/A
305,1770532055559,WR pressed,LVL_129_A,true,,,Yes,N/A,1,N/A,333,N/A,N/A
305,1770532055559,gap_time,N/A,true,,,GapTime_1019,N/A,N/A,N/A,N/A,N/A,N/A
305,1770532056593,Sentence shown,HF_6_A,,true,true,N/A,N/A,N/A,N/A,N/A,N/A,N/A
305,1770532058147,Validation IR pressed,HF_6_A,,true,true,Spacebar,1,N/A,1554,N/A,N/A,N/A
305,1770532058147,IR pressed,HF_6_A,,true,true,Spacebar,1,N/A,1554,N/A,N/A,N/A
305,1770532058412,WR pressed,HF_6_A,,true,true,Yes,N/A,N/A,N/A,265,N/A,N/A
305,1770532058413,gap_time,N/A,,true,true,GapTime_1123,N/A,N/A,N/A,N/A,N/A,N/A
305,1770532059540,Sentence shown,HF_23_A,,,,N/A,N/A,N/A,N/A,N/A,N/A,N/A
305,1770532063541,gap_time,N/A,,,,GapTime_1188,N/A,N/A,N/A,N/A,N/A,N/A
305,1770532064742,Sentence shown,HF_31_A,,,,N/A,N/A,N/A,N/A,N/A,N/A,N/A
305,1770532068755,gap_time,N/A,,,,GapTime_927,N/A,N/A,N/A,N/A,N/A,N/A
305,1770532069692,Sentence shown,LVH_139_P,true,,true,N/A,N/A,N/A,N/A,N/A,N/A,N/A
305,1770532071072,IR pressed,LVH_139_P,true,,true,Spacebar,1,N/A,1380,N/A,N/A,N/A
305,1770532071436,WR pressed,LVH_139_P,true,,true,No,N/A,1,N/A,364,N/A,N/A
305,1770532071437,gap_time,N/A,true,,true,GapTime_964,N/A,N/A,N/A,N/A,N/A,N/A
305,1770532072418,Sentence shown,HVL_125_P,true,,,N/A,N/A,N/A,N/A,N/A,N/A,N/A
305,1770532076424,gap_time,N/A,true,,,GapTime_1297,N/A,N/A,N/A,N/A,N/A,N/A
305,1770532077730,Sentence shown,HF_13_A,,,,N/A,N/A,N/A,N/A,N/A,N/A,N/A
305,1770532079309,Validation Wrong IR pressed,HF_13_A,,,,Spacebar,0,N/A,1579,N/A,N/A,N/A
305,1770532079309,IR pressed,HF_13_A,,,,Spacebar,0,N/A,1579,N/A,N/A,N/A
305,1770532082146,WR pressed,HF_13_A,,,,Yes,N/A,N/A,N/A,2837,N/A,N/A
305,1770532082147,gap_time,N/A,,,,GapTime_1180,N/A,N/A,N/A,N/A,N/A,N/A
305,1770532083336,Sentence shown,LVL_129_A,true,,true,N/A,N/A,N/A,N/A,N/A,N/A,N/A
305,1770532084815,IR pressed,LVL_129_A,true,,true,Spacebar,1,N/A,1479,N/A,N/A,N/A
305,1770532085177,WR pressed,LVL_129_A,true,,true,Yes,N/A,1,N/A,362,N/A,N/A
305,1770532085178,gap_time,N/A,true,,true,GapTime_1147,N/A,N/A,N/A,N/A,N/A,N/A
305,1770532086330,Sentence shown,HF_10_A,,,,N/A,N/A,N/A,N/A,N/A,N/A,N/A
305,1770532090343,gap_time,N/A,,,,GapTime_1037,N/A,N/A,N/A,N/A,N/A,N/A
305,1770532091391,Sentence shown,HF_13_A,,true,true,N/A,N/A,N/A,N/A,N/A,N/A,N/A
305,1770532092571,Validation IR pressed,HF_13_A,,true,true,Spacebar,1,N/A,1180,N/A,N/A,N/A
305,1770532092571,IR pressed,HF_13_A,,true,true,Spacebar,1,N/A,1180,N/A,N/A,N/A
305,1770532092939,WR pressed,HF_13_A,,true,true,Yes,N/A,N/A,N/A,368,N/A,N/A
305,1770532092940,gap_time,N/A,,true,true,GapTime_1118,N/A,N/A,N/A,N/A,N/A,N/A
305,1770532094068,Sentence shown,HF_10_A,,true,true,N/A,N/A,N/A,N/A,N/A,N/A,N/A
305,1770532095069,Validation IR pressed,HF_10_A,,true,true,Spacebar,1,N/A,1001,N/A,N/A,N/A
305,1770532095069,IR pressed,HF_10_A,,true,true,Spacebar,1,N/A,1001,N/A,N/A,N/A
305,1770532095319,WR pressed,HF_10_A,,true,true,Yes,N/A,N/A,N/A,250,N/A,N/A
305,1770532095319,gap_time,N/A,,true,true,GapTime_1081,N/A,N/A,N/A,N/A,N/A,N/A
305,1770532096408,Sentence shown,LVH_182_A,true,,,N/A,N/A,N/A,N/A,N/A,N/A,N/A
305,1770532100425,gap_time,N/A,true,,,GapTime_982,N/A,N/A,N/A,N/A,N/A,N/A
305,1770532101423,Sentence shown,HH_160_P,true,,,N/A,N/A,N/A,N/A,N/A,N/A,N/A
305,1770532105440,gap_time,N/A,true,,,GapTime_836,N/A,N/A,N/A,N/A,N/A,N/A
305,1770532106292,Sentence shown,HF_11_A,,,,N/A,N/A,N/A,N/A,N/A,N/A,N/A
305,1770532108641,Validation Wrong IR pressed,HF_11_A,,,,Spacebar,0,N/A,2349,N/A,N/A,N/A
305,1770532108641,IR pressed,HF_11_A,,,,Spacebar,0,N/A,2349,N/A,N/A,N/A
305,1770532108888,WR pressed,HF_11_A,,,,Yes,N/A,N/A,N/A,247,N/A,N/A
305,1770532108888,gap_time,N/A,,,,GapTime_960,N/A,N/A,N/A,N/A,N/A,N/A
305,1770532109861,Sentence shown,HF_9_A,,,,N/A,N/A,N/A,N/A,N/A,N/A,N/A
305,1770532112670,Validation Wrong IR pressed,HF_9_A,,,,Spacebar,0,N/A,2809,N/A,N/A,N/A
305,1770532112670,IR pressed,HF_9_A,,,,Spacebar,0,N/A,2809,N/A,N/A,N/A
305,1770532114036,WR pressed,HF_9_A,,,,No,N/A,N/A,N/A,1366,N/A,N/A
305,1770532114037,gap_time,N/A,,,,GapTime_1213,N/A,N/A,N/A,N/A,N/A,N/A
305,1770532115257,Sentence shown,HF_9_A,,true,true,N/A,N/A,N/A,N/A,N/A,N/A,N/A
305,1770532116751,Validation IR pressed,HF_9_A,,true,true,Spacebar,1,N/A,1494,N/A,N/A,N/A
305,1770532116751,IR pressed,HF_9_A,,true,true,Spacebar,1,N/A,1494,N/A,N/A,N/A
305,1770532117030,WR pressed,HF_9_A,,true,true,Yes,N/A,N/A,N/A,279,N/A,N/A
305,1770532117031,gap_time,N/A,,true,true,GapTime_763,N/A,N/A,N/A,N/A,N/A,N/A
305,1770532117806,Sentence shown,HF_28_A,,,,N/A,N/A,N/A,N/A,N/A,N/A,N/A
305,1770532118955,Validation Wrong IR pressed,HF_28_A,,,,Spacebar,0,N/A,1149,N/A,N/A,N/A
305,1770532118955,IR pressed,HF_28_A,,,,Spacebar,0,N/A,1149,N/A,N/A,N/A
305,1770532119158,WR pressed,HF_28_A,,,,Yes,N/A,N/A,N/A,203,N/A,N/A
305,1770532119158,gap_time,N/A,,,,GapTime_1000,N/A,N/A,N/A,N/A,N/A,N/A
305,1770532120173,Sentence shown,HVL_125_P,true,,true,N/A,N/A,N/A,N/A,N/A,N/A,N/A
305,1770532121492,IR pressed,HVL_125_P,true,,true,Spacebar,1,N/A,1319,N/A,N/A,N/A
305,1770532121690,WR pressed,HVL_125_P,true,,true,Yes,N/A,1,N/A,198,N/A,N/A
305,1770532121690,gap_time,N/A,true,,true,GapTime_782,N/A,N/A,N/A,N/A,N/A,N/A
305,1770532122482,Sentence shown,HF_2_A,,,,N/A,N/A,N/A,N/A,N/A,N/A,N/A
305,1770532124635,Validation Wrong IR pressed,HF_2_A,,,,Spacebar,0,N/A,2153,N/A,N/A,N/A
305,1770532124635,IR pressed,HF_2_A,,,,Spacebar,0,N/A,2153,N/A,N/A,N/A
305,1770532126816,WR pressed,HF_2_A,,,,No,N/A,N/A,N/A,2181,N/A,N/A
305,1770532126816,gap_time,N/A,,,,GapTime_1276,N/A,N/A,N/A,N/A,N/A,N/A
305,1770532128109,Sentence shown,HF_18_A,,,,N/A,N/A,N/A,N/A,N/A,N/A,N/A
305,1770532130354,Validation Wrong IR pressed,HF_18_A,,,,Spacebar,0,N/A,2245,N/A,N/A,N/A
305,1770532130354,IR pressed,HF_18_A,,,,Spacebar,0,N/A,2245,N/A,N/A,N/A
305,1770532130630,WR pressed,HF_18_A,,,,Yes,N/A,N/A,N/A,276,N/A,N/A
305,1770532130630,gap_time,N/A,,,,GapTime_727,N/A,N/A,N/A,N/A,N/A,N/A
305,1770532131373,Sentence shown,LVL_141_P,true,,,N/A,N/A,N/A,N/A,N/A,N/A,N/A
305,1770532135374,gap_time,N/A,true,,,GapTime_1214,N/A,N/A,N/A,N/A,N/A,N/A
305,1770532136604,Sentence shown,HH_160_P,true,,true,N/A,N/A,N/A,N/A,N/A,N/A,N/A
305,1770532138182,IR pressed,HH_160_P,true,,true,Spacebar,1,N/A,1578,N/A,N/A,N/A
305,1770532139391,WR pressed,HH_160_P,true,,true,Yes,N/A,1,N/A,1209,N/A,N/A
305,1770532139392,gap_time,N/A,true,,true,GapTime_945,N/A,N/A,N/A,N/A,N/A,N/A
305,1770532140349,Sentence shown,LVH_182_A,true,,true,N/A,N/A,N/A,N/A,N/A,N/A,N/A
305,1770532141296,IR pressed,LVH_182_A,true,,true,Spacebar,1,N/A,947,N/A,N/A,N/A
305,1770532141735,WR pressed,LVH_182_A,true,,true,Yes,N/A,1,N/A,439,N/A,N/A
305,1770532141735,gap_time,N/A,true,,true,GapTime_768,N/A,N/A,N/A,N/A,N/A,N/A
305,1770532142511,Sentence shown,HF_26_A,,,,N/A,N/A,N/A,N/A,N/A,N/A,N/A
305,1770532146517,gap_time,N/A,,,,GapTime_719,N/A,N/A,N/A,N/A,N/A,N/A
305,1770532147240,Sentence shown,HF_22_A,,,,N/A,N/A,N/A,N/A,N/A,N/A,N/A
305,1770532151245,gap_time,N/A,,,,GapTime_978,N/A,N/A,N/A,N/A,N/A,N/A
305,1770532152237,Sentence shown,HF_21_A,,,,N/A,N/A,N/A,N/A,N/A,N/A,N/A
305,1770532156242,gap_time,N/A,,,,GapTime_1203,N/A,N/A,N/A,N/A,N/A,N/A
305,1770532157451,Sentence shown,HH_187_P,true,,,N/A,N/A,N/A,N/A,N/A,N/A,N/A
305,1770532161452,gap_time,N/A,true,,,GapTime_853,N/A,N/A,N/A,N/A,N/A,N/A
305,1770532162310,Sentence shown,LVH_103_P,true,,,N/A,N/A,N/A,N/A,N/A,N/A,N/A
305,1770532166324,gap_time,N/A,true,,,GapTime_860,N/A,N/A,N/A,N/A,N/A,N/A
305,1770532167189,Sentence shown,LVL_141_P,true,,true,N/A,N/A,N/A,N/A,N/A,N/A,N/A
305,1770532168685,IR pressed,LVL_141_P,true,,true,Spacebar,1,N/A,1496,N/A,N/A,N/A
305,1770532169671,WR pressed,LVL_141_P,true,,true,Yes,N/A,1,N/A,986,N/A,N/A
305,1770532169671,gap_time,N/A,true,,true,GapTime_1014,N/A,N/A,N/A,N/A,N/A,N/A
305,1770532170696,Sentence shown,HF_19_A,,,,N/A,N/A,N/A,N/A,N/A,N/A,N/A
305,1770532174713,gap_time,N/A,,,,GapTime_1070,N/A,N/A,N/A,N/A,N/A,N/A
305,1770532175794,Sentence shown,HF_19_A,,true,true,N/A,N/A,N/A,N/A,N/A,N/A,N/A
305,1770532176844,Validation IR pressed,HF_19_A,,true,true,Spacebar,1,N/A,1050,N/A,N/A,N/A
305,1770532176844,IR pressed,HF_19_A,,true,true,Spacebar,1,N/A,1050,N/A,N/A,N/A
305,1770532177083,WR pressed,HF_19_A,,true,true,Yes,N/A,N/A,N/A,239,N/A,N/A
305,1770532177083,gap_time,N/A,,true,true,GapTime_838,N/A,N/A,N/A,N/A,N/A,N/A
305,1770532177935,Sentence shown,HF_20_A,,,,N/A,N/A,N/A,N/A,N/A,N/A,N/A
305,1770532181938,gap_time,N/A,,,,GapTime_789,N/A,N/A,N/A,N/A,N/A,N/A
305,1770532182730,Sentence shown,HF_20_A,,true,true,N/A,N/A,N/A,N/A,N/A,N/A,N/A
305,1770532183430,Validation IR pressed,HF_20_A,,true,true,Spacebar,1,N/A,700,N/A,N/A,N/A
305,1770532183430,IR pressed,HF_20_A,,true,true,Spacebar,1,N/A,700,N/A,N/A,N/A
305,1770532183624,WR pressed,HF_20_A,,true,true,Yes,N/A,N/A,N/A,194,N/A,N/A
305,1770532183625,gap_time,N/A,,true,true,GapTime_1241,N/A,N/A,N/A,N/A,N/A,N/A
305,1770532184869,Sentence shown,HH_187_A,true,,true,N/A,N/A,N/A,N/A,N/A,N/A,N/A
305,1770532186577,IR pressed,HH_187_A,true,,true,Spacebar,1,N/A,1708,N/A,N/A,N/A
305,1770532187372,WR pressed,HH_187_A,true,,true,No,N/A,1,N/A,795,N/A,N/A
305,1770532187373,gap_time,N/A,true,,true,GapTime_947,N/A,N/A,N/A,N/A,N/A,N/A
305,1770532188323,Sentence shown,HVL_118_P,true,,,N/A,N/A,N/A,N/A,N/A,N/A,N/A
305,1770532192327,gap_time,N/A,true,,,GapTime_1202,N/A,N/A,N/A,N/A,N/A,N/A
305,1770532193540,Sentence shown,HF_32_A,,,,N/A,N/A,N/A,N/A,N/A,N/A,N/A
305,1770532195445,Validation Wrong IR pressed,HF_32_A,,,,Spacebar,0,N/A,1905,N/A,N/A,N/A
305,1770532195445,IR pressed,HF_32_A,,,,Spacebar,0,N/A,1905,N/A,N/A,N/A
305,1770532197282,WR pressed,HF_32_A,,,,Yes,N/A,N/A,N/A,1837,N/A,N/A
305,1770532197282,gap_time,N/A,,,,GapTime_1222,N/A,N/A,N/A,N/A,N/A,N/A
305,1770532198505,Sentence shown,HF_32_A,,true,true,N/A,N/A,N/A,N/A,N/A,N/A,N/A
305,1770532199412,Validation IR pressed,HF_32_A,,true,true,Spacebar,1,N/A,907,N/A,N/A,N/A
305,1770532199412,IR pressed,HF_32_A,,true,true,Spacebar,1,N/A,907,N/A,N/A,N/A
305,1770532199580,WR pressed,HF_32_A,,true,true,Yes,N/A,N/A,N/A,168,N/A,N/A
305,1770532199581,gap_time,N/A,,true,true,GapTime_706,N/A,N/A,N/A,N/A,N/A,N/A
305,1770532200293,Sentence shown,LVL_106_P,true,,,N/A,N/A,N/A,N/A,N/A,N/A,N/A
305,1770532204296,gap_time,N/A,true,,,GapTime_751,N/A,N/A,N/A,N/A,N/A,N/A
305,1770532205064,Sentence shown,HF_33_A,,,,N/A,N/A,N/A,N/A,N/A,N/A,N/A
305,1770532209078,gap_time,N/A,,,,GapTime_762,N/A,N/A,N/A,N/A,N/A,N/A
305,1770532209855,Sentence shown,HF_4_A,,,,N/A,N/A,N/A,N/A,N/A,N/A,N/A
305,1770532213863,gap_time,N/A,,,,GapTime_1083,N/A,N/A,N/A,N/A,N/A,N/A
305,1770532214949,Sentence shown,HVL_118_A,true,,true,N/A,N/A,N/A,N/A,N/A,N/A,N/A
305,1770532216588,IR pressed,HVL_118_A,true,,true,Spacebar,1,N/A,1639,N/A,N/A,N/A
305,1770532216888,WR pressed,HVL_118_A,true,,true,No,N/A,1,N/A,300,N/A,N/A
305,1770532216888,gap_time,N/A,true,,true,GapTime_1078,N/A,N/A,N/A,N/A,N/A,N/A
305,1770532217983,Sentence shown,LVH_103_P,true,,true,N/A,N/A,N/A,N/A,N/A,N/A,N/A
305,1770532219356,IR pressed,LVH_103_P,true,,true,Spacebar,1,N/A,1373,N/A,N/A,N/A
305,1770532219617,WR pressed,LVH_103_P,true,,true,Yes,N/A,1,N/A,261,N/A,N/A
305,1770532219617,gap_time,N/A,true,,true,GapTime_756,N/A,N/A,N/A,N/A,N/A,N/A
305,1770532220380,Sentence shown,LVL_106_A,true,,true,N/A,N/A,N/A,N/A,N/A,N/A,N/A
305,1770532223010,IR pressed,LVL_106_A,true,,true,Spacebar,1,N/A,2630,N/A,N/A,N/A
305,1770532223223,WR pressed,LVL_106_A,true,,true,No,N/A,1,N/A,213,N/A,N/A
305,1770532223224,gap_time,N/A,true,,true,GapTime_1018,N/A,N/A,N/A,N/A,N/A,N/A
305,1770532224252,Rest Phase started,N/A,true,,true,Rest,N/A,N/A,N/A,N/A,N/A,N/A
305,1770532287136,Sentence shown,HF_38_A,,,,N/A,N/A,N/A,N/A,N/A,N/A,N/A
305,1770532291150,gap_time,N/A,,,,GapTime_740,N/A,N/A,N/A,N/A,N/A,N/A
305,1770532291901,Sentence shown,LVL_113_A,true,,,N/A,N/A,N/A,N/A,N/A,N/A,N/A
305,1770532295917,gap_time,N/A,true,,,GapTime_1183,N/A,N/A,N/A,N/A,N/A,N/A
305,1770532297110,Sentence shown,HF_41_A,,,,N/A,N/A,N/A,N/A,N/A,N/A,N/A
305,1770532301118,gap_time,N/A,,,,GapTime_943,N/A,N/A,N/A,N/A,N/A,N/A
305,1770532302078,Sentence shown,LVL_140_A,true,,,N/A,N/A,N/A,N/A,N/A,N/A,N/A
305,1770532306081,gap_time,N/A,true,,,GapTime_784,N/A,N/A,N/A,N/A,N/A,N/A
305,1770532306881,Sentence shown,HF_45_A,,,,N/A,N/A,N/A,N/A,N/A,N/A,N/A
305,1770532310896,gap_time,N/A,,,,GapTime_1089,N/A,N/A,N/A,N/A,N/A,N/A
305,1770532311987,Sentence shown,HF_41_A,,true,true,N/A,N/A,N/A,N/A,N/A,N/A,N/A
305,1770532313296,Validation IR pressed,HF_41_A,,true,true,Spacebar,1,N/A,1309,N/A,N/A,N/A
305,1770532313296,IR pressed,HF_41_A,,true,true,Spacebar,1,N/A,1309,N/A,N/A,N/A
305,1770532313735,WR pressed,HF_41_A,,true,true,Yes,N/A,N/A,N/A,439,N/A,N/A
305,1770532313735,gap_time,N/A,,true,true,GapTime_1065,N/A,N/A,N/A,N/A,N/A,N/A
305,1770532314802,Sentence shown,HF_39_A,,,,N/A,N/A,N/A,N/A,N/A,N/A,N/A
305,1770532318816,gap_time,N/A,,,,GapTime_889,N/A,N/A,N/A,N/A,N/A,N/A
305,1770532319711,Sentence shown,HVL_101_P,true,,,N/A,N/A,N/A,N/A,N/A,N/A,N/A
305,1770532323713,gap_time,N/A,true,,,GapTime_1125,N/A,N/A,N/A,N/A,N/A,N/A
305,1770532324841,Sentence shown,HVL_102_P,true,,,N/A,N/A,N/A,N/A,N/A,N/A,N/A
305,1770532328847,gap_time,N/A,true,,,GapTime_1122,N/A,N/A,N/A,N/A,N/A,N/A
305,1770532329978,Sentence shown,HF_49_A,,,,N/A,N/A,N/A,N/A,N/A,N/A,N/A
305,1770532333987,gap_time,N/A,,,,GapTime_710,N/A,N/A,N/A,N/A,N/A,N/A
305,1770532334703,Sentence shown,LVL_113_A,true,,true,N/A,N/A,N/A,N/A,N/A,N/A,N/A
305,1770532336541,IR pressed,LVL_113_A,true,,true,Spacebar,1,N/A,1838,N/A,N/A,N/A
305,1770532337163,WR pressed,LVL_113_A,true,,true,Yes,N/A,1,N/A,622,N/A,N/A
305,1770532337164,gap_time,N/A,true,,true,GapTime_1227,N/A,N/A,N/A,N/A,N/A,N/A
305,1770532338404,Sentence shown,HF_49_A,,true,true,N/A,N/A,N/A,N/A,N/A,N/A,N/A
305,1770532340343,Validation IR pressed,HF_49_A,,true,true,Spacebar,1,N/A,1939,N/A,N/A,N/A
305,1770532340343,IR pressed,HF_49_A,,true,true,Spacebar,1,N/A,1939,N/A,N/A,N/A
305,1770532340728,WR pressed,HF_49_A,,true,true,Yes,N/A,N/A,N/A,385,N/A,N/A
305,1770532340729,gap_time,N/A,,true,true,GapTime_952,N/A,N/A,N/A,N/A,N/A,N/A
305,1770532341682,Sentence shown,HF_34_A,,,,N/A,N/A,N/A,N/A,N/A,N/A,N/A
305,1770532345689,gap_time,N/A,,,,GapTime_900,N/A,N/A,N/A,N/A,N/A,N/A
305,1770532346597,Sentence shown,LVL_140_P,true,,true,N/A,N/A,N/A,N/A,N/A,N/A,N/A
305,1770532349549,IR pressed,LVL_140_P,true,,true,Spacebar,1,N/A,2952,N/A,N/A,N/A
305,1770532350138,WR pressed,LVL_140_P,true,,true,No,N/A,1,N/A,589,N/A,N/A
305,1770532350138,gap_time,N/A,true,,true,GapTime_844,N/A,N/A,N/A,N/A,N/A,N/A
305,1770532350983,Sentence shown,HF_35_A,,,,N/A,N/A,N/A,N/A,N/A,N/A,N/A
305,1770532354999,gap_time,N/A,,,,GapTime_822,N/A,N/A,N/A,N/A,N/A,N/A
305,1770532355830,Sentence shown,HF_46_A,,,,N/A,N/A,N/A,N/A,N/A,N/A,N/A
305,1770532359841,gap_time,N/A,,,,GapTime_1290,N/A,N/A,N/A,N/A,N/A,N/A
305,1770532361145,Sentence shown,HVL_101_A,true,,true,N/A,N/A,N/A,N/A,N/A,N/A,N/A
305,1770532362659,IR pressed,HVL_101_A,true,,true,Spacebar,1,N/A,1514,N/A,N/A,N/A
305,1770532362957,WR pressed,HVL_101_A,true,,true,No,N/A,1,N/A,298,N/A,N/A
305,1770532362958,gap_time,N/A,true,,true,GapTime_1268,N/A,N/A,N/A,N/A,N/A,N/A
305,1770532364232,Sentence shown,HF_46_A,,true,true,N/A,N/A,N/A,N/A,N/A,N/A,N/A
305,1770532365445,Validation IR pressed,HF_46_A,,true,true,Spacebar,1,N/A,1213,N/A,N/A,N/A
305,1770532365445,IR pressed,HF_46_A,,true,true,Spacebar,1,N/A,1213,N/A,N/A,N/A
305,1770532365732,WR pressed,HF_46_A,,true,true,Yes,N/A,N/A,N/A,287,N/A,N/A
305,1770532365733,gap_time,N/A,,true,true,GapTime_809,N/A,N/A,N/A,N/A,N/A,N/A
305,1770532366559,Sentence shown,HVL_102_P,true,,true,N/A,N/A,N/A,N/A,N/A,N/A,N/A
305,1770532368456,IR pressed,HVL_102_P,true,,true,Spacebar,1,N/A,1897,N/A,N/A,N/A
305,1770532368722,WR pressed,HVL_102_P,true,,true,Yes,N/A,1,N/A,266,N/A,N/A
305,1770532368722,gap_time,N/A,true,,true,GapTime_1299,N/A,N/A,N/A,N/A,N/A,N/A
305,1770532370035,Sentence shown,HF_59_A,,,,N/A,N/A,N/A,N/A,N/A,N/A,N/A
305,1770532374046,gap_time,N/A,,,,GapTime_835,N/A,N/A,N/A,N/A,N/A,N/A
305,1770532374891,Sentence shown,HH_170_P,true,,,N/A,N/A,N/A,N/A,N/A,N/A,N/A
305,1770532378900,gap_time,N/A,true,,,GapTime_819,N/A,N/A,N/A,N/A,N/A,N/A
305,1770532379722,Sentence shown,HF_42_A,,,,N/A,N/A,N/A,N/A,N/A,N/A,N/A
305,1770532382152,Validation Wrong IR pressed,HF_42_A,,,,Spacebar,0,N/A,2430,N/A,N/A,N/A
305,1770532382152,IR pressed,HF_42_A,,,,Spacebar,0,N/A,2430,N/A,N/A,N/A
305,1770532382988,WR pressed,HF_42_A,,,,Yes,N/A,N/A,N/A,836,N/A,N/A
305,1770532382989,gap_time,N/A,,,,GapTime_1249,N/A,N/A,N/A,N/A,N/A,N/A
305,1770532384241,Sentence shown,HF_42_A,,true,true,N/A,N/A,N/A,N/A,N/A,N/A,N/A
305,1770532385065,Validation IR pressed,HF_42_A,,true,true,Spacebar,1,N/A,824,N/A,N/A,N/A
305,1770532385065,IR pressed,HF_42_A,,true,true,Spacebar,1,N/A,824,N/A,N/A,N/A
305,1770532385273,WR pressed,HF_42_A,,true,true,Yes,N/A,N/A,N/A,207,N/A,N/A
305,1770532385273,gap_time,N/A,,true,true,GapTime_961,N/A,N/A,N/A,N/A,N/A,N/A
305,1770532386238,Sentence shown,HH_153_A,true,,,N/A,N/A,N/A,N/A,N/A,N/A,N/A
305,1770532390240,gap_time,N/A,true,,,GapTime_1214,N/A,N/A,N/A,N/A,N/A,N/A
305,1770532391465,Sentence shown,HF_48_A,,,,N/A,N/A,N/A,N/A,N/A,N/A,N/A
305,1770532395476,gap_time,N/A,,,,GapTime_1143,N/A,N/A,N/A,N/A,N/A,N/A
305,1770532396633,Sentence shown,HF_47_A,,,,N/A,N/A,N/A,N/A,N/A,N/A,N/A
305,1770532400640,gap_time,N/A,,,,GapTime_894,N/A,N/A,N/A,N/A,N/A,N/A
305,1770532401548,Sentence shown,HH_170_A,true,,true,N/A,N/A,N/A,N/A,N/A,N/A,N/A
305,1770532402927,IR pressed,HH_170_A,true,,true,Spacebar,1,N/A,1379,N/A,N/A,N/A
305,1770532403212,WR pressed,HH_170_A,true,,true,No,N/A,1,N/A,285,N/A,N/A
305,1770532403212,gap_time,N/A,true,,true,GapTime_839,N/A,N/A,N/A,N/A,N/A,N/A
305,1770532404068,Sentence shown,HVL_145_A,true,,,N/A,N/A,N/A,N/A,N/A,N/A,N/A
305,1770532408069,gap_time,N/A,true,,,GapTime_1085,N/A,N/A,N/A,N/A,N/A,N/A
305,1770532409167,Sentence shown,HF_50_A,,,,N/A,N/A,N/A,N/A,N/A,N/A,N/A
305,1770532413179,gap_time,N/A,,,,GapTime_991,N/A,N/A,N/A,N/A,N/A,N/A
305,1770532414173,Sentence shown,HF_50_A,,true,true,N/A,N/A,N/A,N/A,N/A,N/A,N/A
305,1770532415150,Validation IR pressed,HF_50_A,,true,true,Spacebar,1,N/A,977,N/A,N/A,N/A
305,1770532415150,IR pressed,HF_50_A,,true,true,Spacebar,1,N/A,977,N/A,N/A,N/A
305,1770532415371,WR pressed,HF_50_A,,true,true,Yes,N/A,N/A,N/A,221,N/A,N/A
305,1770532415372,gap_time,N/A,,true,true,GapTime_1157,N/A,N/A,N/A,N/A,N/A,N/A
305,1770532416536,Sentence shown,HH_153_A,true,,true,N/A,N/A,N/A,N/A,N/A,N/A,N/A
305,1770532418228,IR pressed,HH_153_A,true,,true,Spacebar,1,N/A,1692,N/A,N/A,N/A
305,1770532418689,WR pressed,HH_153_A,true,,true,Yes,N/A,1,N/A,461,N/A,N/A
305,1770532418689,gap_time,N/A,true,,true,GapTime_991,N/A,N/A,N/A,N/A,N/A,N/A
305,1770532419690,Sentence shown,HH_164_P,true,,,N/A,N/A,N/A,N/A,N/A,N/A,N/A
305,1770532423702,gap_time,N/A,true,,,GapTime_1125,N/A,N/A,N/A,N/A,N/A,N/A
305,1770532424831,Sentence shown,HF_56_A,,,,N/A,N/A,N/A,N/A,N/A,N/A,N/A
305,1770532428840,gap_time,N/A,,,,GapTime_1113,N/A,N/A,N/A,N/A,N/A,N/A
305,1770532429960,Sentence shown,HF_56_A,,true,true,N/A,N/A,N/A,N/A,N/A,N/A,N/A
305,1770532431847,Validation IR pressed,HF_56_A,,true,true,Spacebar,1,N/A,1887,N/A,N/A,N/A
305,1770532431847,IR pressed,HF_56_A,,true,true,Spacebar,1,N/A,1887,N/A,N/A,N/A
305,1770532432313,WR pressed,HF_56_A,,true,true,Yes,N/A,N/A,N/A,466,N/A,N/A
305,1770532432313,gap_time,N/A,,true,true,GapTime_1138,N/A,N/A,N/A,N/A,N/A,N/A
305,1770532433455,Sentence shown,HF_40_A,,,,N/A,N/A,N/A,N/A,N/A,N/A,N/A
305,1770532437458,gap_time,N/A,,,,GapTime_777,N/A,N/A,N/A,N/A,N/A,N/A
305,1770532438247,Sentence shown,HVL_145_A,true,,true,N/A,N/A,N/A,N/A,N/A,N/A,N/A
305,1770532440125,IR pressed,HVL_145_A,true,,true,Spacebar,1,N/A,1878,N/A,N/A,N/A
305,1770532440456,WR pressed,HVL_145_A,true,,true,Yes,N/A,1,N/A,331,N/A,N/A
305,1770532440456,gap_time,N/A,true,,true,GapTime_1053,N/A,N/A,N/A,N/A,N/A,N/A
305,1770532441514,Sentence shown,HF_57_A,,,,N/A,N/A,N/A,N/A,N/A,N/A,N/A
305,1770532445519,gap_time,N/A,,,,GapTime_734,N/A,N/A,N/A,N/A,N/A,N/A
305,1770532446265,Sentence shown,HF_55_A,,,,N/A,N/A,N/A,N/A,N/A,N/A,N/A
305,1770532450269,gap_time,N/A,,,,GapTime_1285,N/A,N/A,N/A,N/A,N/A,N/A
305,1770532451564,Sentence shown,LVH_153_A,true,,,N/A,N/A,N/A,N/A,N/A,N/A,N/A
305,1770532455566,gap_time,N/A,true,,,GapTime_973,N/A,N/A,N/A,N/A,N/A,N/A
305,1770532456546,Sentence shown,HH_164_P,true,,true,N/A,N/A,N/A,N/A,N/A,N/A,N/A
305,1770532458024,IR pressed,HH_164_P,true,,true,Spacebar,1,N/A,1478,N/A,N/A,N/A
305,1770532458261,WR pressed,HH_164_P,true,,true,Yes,N/A,1,N/A,237,N/A,N/A
305,1770532458261,gap_time,N/A,true,,true,GapTime_1033,N/A,N/A,N/A,N/A,N/A,N/A
305,1770532459298,Sentence shown,HF_60_A,,,,N/A,N/A,N/A,N/A,N/A,N/A,N/A
305,1770532463311,gap_time,N/A,,,,GapTime_1011,N/A,N/A,N/A,N/A,N/A,N/A
305,1770532464325,Sentence shown,LVL_100_P,true,,,N/A,N/A,N/A,N/A,N/A,N/A,N/A
305,1770532468334,gap_time,N/A,true,,,GapTime_903,N/A,N/A,N/A,N/A,N/A,N/A
305,1770532469246,Sentence shown,HF_51_A,,,,N/A,N/A,N/A,N/A,N/A,N/A,N/A
305,1770532473252,gap_time,N/A,,,,GapTime_833,N/A,N/A,N/A,N/A,N/A,N/A
305,1770532474096,Sentence shown,HF_58_A,,,,N/A,N/A,N/A,N/A,N/A,N/A,N/A
305,1770532478109,gap_time,N/A,,,,GapTime_779,N/A,N/A,N/A,N/A,N/A,N/A
305,1770532478898,Sentence shown,HF_58_A,,true,true,N/A,N/A,N/A,N/A,N/A,N/A,N/A
305,1770532479769,Validation IR pressed,HF_58_A,,true,true,Spacebar,1,N/A,871,N/A,N/A,N/A
305,1770532479769,IR pressed,HF_58_A,,true,true,Spacebar,1,N/A,871,N/A,N/A,N/A
305,1770532479927,WR pressed,HF_58_A,,true,true,Yes,N/A,N/A,N/A,158,N/A,N/A
305,1770532479927,gap_time,N/A,,true,true,GapTime_1207,N/A,N/A,N/A,N/A,N/A,N/A
305,1770532481144,Sentence shown,LVL_134_P,true,,,N/A,N/A,N/A,N/A,N/A,N/A,N/A
305,1770532485155,gap_time,N/A,true,,,GapTime_727,N/A,N/A,N/A,N/A,N/A,N/A
305,1770532485884,Sentence shown,HF_44_A,,,,N/A,N/A,N/A,N/A,N/A,N/A,N/A
305,1770532489905,gap_time,N/A,,,,GapTime_1037,N/A,N/A,N/A,N/A,N/A,N/A
305,1770532490952,Sentence shown,HF_37_A,,,,N/A,N/A,N/A,N/A,N/A,N/A,N/A
305,1770532494955,gap_time,N/A,,,,GapTime_997,N/A,N/A,N/A,N/A,N/A,N/A
305,1770532495967,Sentence shown,LVH_153_A,true,,true,N/A,N/A,N/A,N/A,N/A,N/A,N/A
305,1770532496927,IR pressed,LVH_153_A,true,,true,Spacebar,1,N/A,960,N/A,N/A,N/A
305,1770532497088,WR pressed,LVH_153_A,true,,true,Yes,N/A,1,N/A,161,N/A,N/A
305,1770532497089,gap_time,N/A,true,,true,GapTime_920,N/A,N/A,N/A,N/A,N/A,N/A
305,1770532498019,Sentence shown,HF_61_A,,,,N/A,N/A,N/A,N/A,N/A,N/A,N/A
305,1770532502034,gap_time,N/A,,,,GapTime_953,N/A,N/A,N/A,N/A,N/A,N/A
305,1770532502999,Sentence shown,LVL_100_A,true,,true,N/A,N/A,N/A,N/A,N/A,N/A,N/A
305,1770532504904,IR pressed,LVL_100_A,true,,true,Spacebar,1,N/A,1904,N/A,N/A,N/A
305,1770532506086,WR pressed,LVL_100_A,true,,true,Yes,N/A,0,N/A,1182,N/A,N/A
305,1770532506087,gap_time,N/A,true,,true,GapTime_1277,N/A,N/A,N/A,N/A,N/A,N/A
305,1770532507376,Sentence shown,HF_36_A,,,,N/A,N/A,N/A,N/A,N/A,N/A,N/A
305,1770532511384,gap_time,N/A,,,,GapTime_745,N/A,N/A,N/A,N/A,N/A,N/A
305,1770532512136,Sentence shown,LVL_134_P,true,,true,N/A,N/A,N/A,N/A,N/A,N/A,N/A
305,1770532513704,IR pressed,LVL_134_P,true,,true,Spacebar,1,N/A,1568,N/A,N/A,N/A
305,1770532514236,WR pressed,LVL_134_P,true,,true,Yes,N/A,1,N/A,532,N/A,N/A
305,1770532514236,gap_time,N/A,true,,true,GapTime_795,N/A,N/A,N/A,N/A,N/A,N/A
305,1770532515037,Sentence shown,HF_65_A,,,,N/A,N/A,N/A,N/A,N/A,N/A,N/A
305,1770532516816,Validation Wrong IR pressed,HF_65_A,,,,Spacebar,0,N/A,1779,N/A,N/A,N/A
305,1770532516816,IR pressed,HF_65_A,,,,Spacebar,0,N/A,1779,N/A,N/A,N/A
305,1770532517009,WR pressed,HF_65_A,,,,Yes,N/A,N/A,N/A,193,N/A,N/A
305,1770532517010,gap_time,N/A,,,,GapTime_927,N/A,N/A,N/A,N/A,N/A,N/A
305,1770532517943,Sentence shown,LVH_133_P,true,,,N/A,N/A,N/A,N/A,N/A,N/A,N/A
305,1770532521952,gap_time,N/A,true,,,GapTime_922,N/A,N/A,N/A,N/A,N/A,N/A
305,1770532522874,Sentence shown,HF_65_A,,true,true,N/A,N/A,N/A,N/A,N/A,N/A,N/A
305,1770532524007,Validation IR pressed,HF_65_A,,true,true,Spacebar,1,N/A,1133,N/A,N/A,N/A
305,1770532524007,IR pressed,HF_65_A,,true,true,Spacebar,1,N/A,1133,N/A,N/A,N/A
305,1770532524176,WR pressed,HF_65_A,,true,true,Yes,N/A,N/A,N/A,169,N/A,N/A
305,1770532524176,gap_time,N/A,,true,true,GapTime_1254,N/A,N/A,N/A,N/A,N/A,N/A
305,1770532525445,Sentence shown,HF_62_A,,,,N/A,N/A,N/A,N/A,N/A,N/A,N/A
305,1770532529460,gap_time,N/A,,,,GapTime_956,N/A,N/A,N/A,N/A,N/A,N/A
305,1770532530424,Sentence shown,HF_53_A,,,,N/A,N/A,N/A,N/A,N/A,N/A,N/A
305,1770532534429,gap_time,N/A,,,,GapTime_1154,N/A,N/A,N/A,N/A,N/A,N/A
305,1770532535591,Sentence shown,HF_54_A,,,,N/A,N/A,N/A,N/A,N/A,N/A,N/A
305,1770532539593,gap_time,N/A,,,,GapTime_796,N/A,N/A,N/A,N/A,N/A,N/A
305,1770532540404,Sentence shown,LVH_133_P,true,,true,N/A,N/A,N/A,N/A,N/A,N/A,N/A
305,1770532541444,IR pressed,LVH_133_P,true,,true,Spacebar,1,N/A,1040,N/A,N/A,N/A
305,1770532541618,WR pressed,LVH_133_P,true,,true,Yes,N/A,1,N/A,174,N/A,N/A
305,1770532541619,gap_time,N/A,true,,true,GapTime_1295,N/A,N/A,N/A,N/A,N/A,N/A
305,1770532542918,Sentence shown,HF_64_A,,,,N/A,N/A,N/A,N/A,N/A,N/A,N/A
305,1770532546928,gap_time,N/A,,,,GapTime_1097,N/A,N/A,N/A,N/A,N/A,N/A
305,1770532548040,Sentence shown,HF_63_A,,,,N/A,N/A,N/A,N/A,N/A,N/A,N/A
305,1770532552051,gap_time,N/A,,,,GapTime_1244,N/A,N/A,N/A,N/A,N/A,N/A
305,1770532553301,Sentence shown,HF_52_A,,,,N/A,N/A,N/A,N/A,N/A,N/A,N/A
305,1770532557312,gap_time,N/A,,,,GapTime_812,N/A,N/A,N/A,N/A,N/A,N/A
305,1770532558138,Sentence shown,LVH_136_A,true,,,N/A,N/A,N/A,N/A,N/A,N/A,N/A
305,1770532562146,gap_time,N/A,true,,,GapTime_707,N/A,N/A,N/A,N/A,N/A,N/A
305,1770532562858,Sentence shown,HF_63_A,,true,true,N/A,N/A,N/A,N/A,N/A,N/A,N/A
305,1770532564223,Validation IR pressed,HF_63_A,,true,true,Spacebar,1,N/A,1365,N/A,N/A,N/A
305,1770532564223,IR pressed,HF_63_A,,true,true,Spacebar,1,N/A,1365,N/A,N/A,N/A
305,1770532564455,WR pressed,HF_63_A,,true,true,Yes,N/A,N/A,N/A,232,N/A,N/A
305,1770532564455,gap_time,N/A,,true,true,GapTime_1126,N/A,N/A,N/A,N/A,N/A,N/A
305,1770532565588,Sentence shown,LVH_122_P,true,,,N/A,N/A,N/A,N/A,N/A,N/A,N/A
305,1770532569599,gap_time,N/A,true,,,GapTime_717,N/A,N/A,N/A,N/A,N/A,N/A
305,1770532570332,Sentence shown,HF_52_A,,true,true,N/A,N/A,N/A,N/A,N/A,N/A,N/A
305,1770532571516,Validation IR pressed,HF_52_A,,true,true,Spacebar,1,N/A,1184,N/A,N/A,N/A
305,1770532571516,IR pressed,HF_52_A,,true,true,Spacebar,1,N/A,1184,N/A,N/A,N/A
305,1770532571699,WR pressed,HF_52_A,,true,true,Yes,N/A,N/A,N/A,183,N/A,N/A
305,1770532571700,gap_time,N/A,,true,true,GapTime_1100,N/A,N/A,N/A,N/A,N/A,N/A
305,1770532572815,Sentence shown,HH_139_A,true,,,N/A,N/A,N/A,N/A,N/A,N/A,N/A
305,1770532576822,gap_time,N/A,true,,,GapTime_707,N/A,N/A,N/A,N/A,N/A,N/A
305,1770532577536,Sentence shown,HVL_110_A,true,,,N/A,N/A,N/A,N/A,N/A,N/A,N/A
305,1770532581550,gap_time,N/A,true,,,GapTime_1122,N/A,N/A,N/A,N/A,N/A,N/A
305,1770532582688,Sentence shown,HF_43_A,,,,N/A,N/A,N/A,N/A,N/A,N/A,N/A
305,1770532586700,gap_time,N/A,,,,GapTime_700,N/A,N/A,N/A,N/A,N/A,N/A
305,1770532587416,Sentence shown,LVH_136_P,true,,true,N/A,N/A,N/A,N/A,N/A,N/A,N/A
305,1770532588951,IR pressed,LVH_136_P,true,,true,Spacebar,1,N/A,1535,N/A,N/A,N/A
305,1770532589255,WR pressed,LVH_136_P,true,,true,Yes,N/A,0,N/A,304,N/A,N/A
305,1770532589255,gap_time,N/A,true,,true,GapTime_939,N/A,N/A,N/A,N/A,N/A,N/A
305,1770532590198,Sentence shown,LVH_122_A,true,,true,N/A,N/A,N/A,N/A,N/A,N/A,N/A
305,1770532591786,IR pressed,LVH_122_A,true,,true,Spacebar,1,N/A,1588,N/A,N/A,N/A
305,1770532592125,WR pressed,LVH_122_A,true,,true,No,N/A,1,N/A,339,N/A,N/A
305,1770532592126,gap_time,N/A,true,,true,GapTime_825,N/A,N/A,N/A,N/A,N/A,N/A
305,1770532592958,Sentence shown,HH_139_P,true,,true,N/A,N/A,N/A,N/A,N/A,N/A,N/A
305,1770532594266,IR pressed,HH_139_P,true,,true,Spacebar,1,N/A,1308,N/A,N/A,N/A
305,1770532594473,WR pressed,HH_139_P,true,,true,No,N/A,1,N/A,207,N/A,N/A
305,1770532594474,gap_time,N/A,true,,true,GapTime_1135,N/A,N/A,N/A,N/A,N/A,N/A
305,1770532595617,Sentence shown,HVL_110_P,true,,true,N/A,N/A,N/A,N/A,N/A,N/A,N/A
305,1770532596597,IR pressed,HVL_110_P,true,,true,Spacebar,1,N/A,980,N/A,N/A,N/A
305,1770532596778,WR pressed,HVL_110_P,true,,true,No,N/A,1,N/A,181,N/A,N/A
305,1770532596778,gap_time,N/A,true,,true,GapTime_872,N/A,N/A,N/A,N/A,N/A,N/A
305,1770532597663,Rest Phase started,N/A,true,,true,Rest,N/A,N/A,N/A,N/A,N/A,N/A
305,1770532713374,Sentence shown,LVL_137_A,true,,,N/A,N/A,N/A,N/A,N/A,N/A,N/A
305,1770532717384,gap_time,N/A,true,,,GapTime_1148,N/A,N/A,N/A,N/A,N/A,N/A
305,1770532718533,Sentence shown,HF_81_A,,,,N/A,N/A,N/A,N/A,N/A,N/A,N/A
305,1770532722537,gap_time,N/A,,,,GapTime_915,N/A,N/A,N/A,N/A,N/A,N/A
305,1770532723455,Sentence shown,LVL_110_A,true,,,N/A,N/A,N/A,N/A,N/A,N/A,N/A
305,1770532727460,gap_time,N/A,true,,,GapTime_1121,N/A,N/A,N/A,N/A,N/A,N/A
305,1770532728589,Sentence shown,HF_78_A,,,,N/A,N/A,N/A,N/A,N/A,N/A,N/A
305,1770532732595,gap_time,N/A,,,,GapTime_701,N/A,N/A,N/A,N/A,N/A,N/A
305,1770532733298,Sentence shown,HF_81_A,,true,true,N/A,N/A,N/A,N/A,N/A,N/A,N/A
305,1770532735706,Validation IR pressed,HF_81_A,,true,true,Spacebar,1,N/A,2408,N/A,N/A,N/A
305,1770532735706,IR pressed,HF_81_A,,true,true,Spacebar,1,N/A,2408,N/A,N/A,N/A
305,1770532737514,WR pressed,HF_81_A,,true,true,Yes,N/A,N/A,N/A,1808,N/A,N/A
305,1770532737514,gap_time,N/A,,true,true,GapTime_1112,N/A,N/A,N/A,N/A,N/A,N/A
305,1770532738644,Sentence shown,LVL_137_A,true,,true,N/A,N/A,N/A,N/A,N/A,N/A,N/A
305,1770532740432,IR pressed,LVL_137_A,true,,true,Spacebar,1,N/A,1788,N/A,N/A,N/A
305,1770532741210,WR pressed,LVL_137_A,true,,true,Yes,N/A,1,N/A,778,N/A,N/A
305,1770532741211,gap_time,N/A,true,,true,GapTime_823,N/A,N/A,N/A,N/A,N/A,N/A
305,1770532742051,Sentence shown,HF_68_A,,,,N/A,N/A,N/A,N/A,N/A,N/A,N/A
305,1770532746067,gap_time,N/A,,,,GapTime_923,N/A,N/A,N/A,N/A,N/A,N/A
305,1770532746993,Sentence shown,HF_76_A,,,,N/A,N/A,N/A,N/A,N/A,N/A,N/A
305,1770532751006,gap_time,N/A,,,,GapTime_776,N/A,N/A,N/A,N/A,N/A,N/A
305,1770532751797,Sentence shown,HF_71_A,,,,N/A,N/A,N/A,N/A,N/A,N/A,N/A
305,1770532753819,Validation Wrong IR pressed,HF_71_A,,,,Spacebar,0,N/A,2022,N/A,N/A,N/A
305,1770532753819,IR pressed,HF_71_A,,,,Spacebar,0,N/A,2022,N/A,N/A,N/A
305,1770532756250,WR pressed,HF_71_A,,,,Yes,N/A,N/A,N/A,2431,N/A,N/A
305,1770532756251,gap_time,N/A,,,,GapTime_1107,N/A,N/A,N/A,N/A,N/A,N/A
305,1770532757371,Sentence shown,LVL_110_P,true,,true,N/A,N/A,N/A,N/A,N/A,N/A,N/A
305,1770532759574,IR pressed,LVL_110_P,true,,true,Spacebar,1,N/A,2203,N/A,N/A,N/A
305,1770532760518,WR pressed,LVL_110_P,true,,true,No,N/A,1,N/A,944,N/A,N/A
305,1770532760518,gap_time,N/A,true,,true,GapTime_1040,N/A,N/A,N/A,N/A,N/A,N/A
305,1770532761569,Sentence shown,HF_71_A,,true,true,N/A,N/A,N/A,N/A,N/A,N/A,N/A
305,1770532763711,Validation IR pressed,HF_71_A,,true,true,Spacebar,1,N/A,2142,N/A,N/A,N/A
305,1770532763711,IR pressed,HF_71_A,,true,true,Spacebar,1,N/A,2142,N/A,N/A,N/A
305,1770532763957,WR pressed,HF_71_A,,true,true,Yes,N/A,N/A,N/A,246,N/A,N/A
305,1770532763958,gap_time,N/A,,true,true,GapTime_1116,N/A,N/A,N/A,N/A,N/A,N/A
305,1770532765076,Sentence shown,LVH_102_P,true,,,N/A,N/A,N/A,N/A,N/A,N/A,N/A
305,1770532769084,gap_time,N/A,true,,,GapTime_806,N/A,N/A,N/A,N/A,N/A,N/A
305,1770532769894,Sentence shown,HF_95_A,,,,N/A,N/A,N/A,N/A,N/A,N/A,N/A
305,1770532773895,gap_time,N/A,,,,GapTime_1142,N/A,N/A,N/A,N/A,N/A,N/A
305,1770532775046,Sentence shown,HF_90_A,,,,N/A,N/A,N/A,N/A,N/A,N/A,N/A
305,1770532779054,gap_time,N/A,,,,GapTime_1023,N/A,N/A,N/A,N/A,N/A,N/A
305,1770532780085,Sentence shown,HF_90_A,,true,true,N/A,N/A,N/A,N/A,N/A,N/A,N/A
305,1770532781201,Validation IR pressed,HF_90_A,,true,true,Spacebar,1,N/A,1116,N/A,N/A,N/A
305,1770532781201,IR pressed,HF_90_A,,true,true,Spacebar,1,N/A,1116,N/A,N/A,N/A
305,1770532781386,WR pressed,HF_90_A,,true,true,Yes,N/A,N/A,N/A,185,N/A,N/A
305,1770532781387,gap_time,N/A,,true,true,GapTime_803,N/A,N/A,N/A,N/A,N/A,N/A
305,1770532782192,Sentence shown,HF_82_A,,,,N/A,N/A,N/A,N/A,N/A,N/A,N/A
305,1770532786208,gap_time,N/A,,,,GapTime_1133,N/A,N/A,N/A,N/A,N/A,N/A
305,1770532787350,Sentence shown,HF_67_A,,,,N/A,N/A,N/A,N/A,N/A,N/A,N/A
305,1770532791363,gap_time,N/A,,,,GapTime_962,N/A,N/A,N/A,N/A,N/A,N/A
305,1770532792341,Sentence shown,HF_82_A,,true,true,N/A,N/A,N/A,N/A,N/A,N/A,N/A
305,1770532794275,Validation IR pressed,HF_82_A,,true,true,Spacebar,1,N/A,1934,N/A,N/A,N/A
305,1770532794275,IR pressed,HF_82_A,,true,true,Spacebar,1,N/A,1934,N/A,N/A,N/A
305,1770532794875,WR pressed,HF_82_A,,true,true,Yes,N/A,N/A,N/A,600,N/A,N/A
305,1770532794875,gap_time,N/A,,true,true,GapTime_1122,N/A,N/A,N/A,N/A,N/A,N/A
305,1770532796008,Sentence shown,LVL_101_P,true,,,N/A,N/A,N/A,N/A,N/A,N/A,N/A
305,1770532800020,gap_time,N/A,true,,,GapTime_1110,N/A,N/A,N/A,N/A,N/A,N/A
305,1770532801144,Sentence shown,LVH_102_A,true,,true,N/A,N/A,N/A,N/A,N/A,N/A,N/A
305,1770532802942,IR pressed,LVH_102_A,true,,true,Spacebar,1,N/A,1798,N/A,N/A,N/A
305,1770532803582,WR pressed,LVH_102_A,true,,true,No,N/A,1,N/A,639,N/A,N/A
305,1770532803582,gap_time,N/A,true,,true,GapTime_1011,N/A,N/A,N/A,N/A,N/A,N/A
305,1770532804607,Sentence shown,LVH_159_A,true,,,N/A,N/A,N/A,N/A,N/A,N/A,N/A
305,1770532808608,gap_time,N/A,true,,,GapTime_867,N/A,N/A,N/A,N/A,N/A,N/A
305,1770532809481,Sentence shown,HF_83_A,,,,N/A,N/A,N/A,N/A,N/A,N/A,N/A
305,1770532813482,gap_time,N/A,,,,GapTime_704,N/A,N/A,N/A,N/A,N/A,N/A
305,1770532814192,Sentence shown,HF_88_A,,,,N/A,N/A,N/A,N/A,N/A,N/A,N/A
305,1770532818193,gap_time,N/A,,,,GapTime_879,N/A,N/A,N/A,N/A,N/A,N/A
305,1770532819089,Sentence shown,HF_83_A,,true,true,N/A,N/A,N/A,N/A,N/A,N/A,N/A
305,1770532820455,Validation IR pressed,HF_83_A,,true,true,Spacebar,1,N/A,1366,N/A,N/A,N/A
305,1770532820455,IR pressed,HF_83_A,,true,true,Spacebar,1,N/A,1366,N/A,N/A,N/A
305,1770532820689,WR pressed,HF_83_A,,true,true,Yes,N/A,N/A,N/A,234,N/A,N/A
305,1770532820690,gap_time,N/A,,true,true,GapTime_1269,N/A,N/A,N/A,N/A,N/A,N/A
305,1770532821962,Sentence shown,HF_80_A,,,,N/A,N/A,N/A,N/A,N/A,N/A,N/A
305,1770532825975,gap_time,N/A,,,,GapTime_735,N/A,N/A,N/A,N/A,N/A,N/A
305,1770532826727,Sentence shown,HF_73_A,,,,N/A,N/A,N/A,N/A,N/A,N/A,N/A
305,1770532830739,gap_time,N/A,,,,GapTime_1220,N/A,N/A,N/A,N/A,N/A,N/A
305,1770532831962,Sentence shown,LVL_101_P,true,,true,N/A,N/A,N/A,N/A,N/A,N/A,N/A
305,1770532834178,IR pressed,LVL_101_P,true,,true,Spacebar,1,N/A,2216,N/A,N/A,N/A
305,1770532834671,WR pressed,LVL_101_P,true,,true,Yes,N/A,1,N/A,493,N/A,N/A
305,1770532834672,gap_time,N/A,true,,true,GapTime_1124,N/A,N/A,N/A,N/A,N/A,N/A
305,1770532835801,Sentence shown,HF_80_A,,true,true,N/A,N/A,N/A,N/A,N/A,N/A,N/A
305,1770532837165,Validation IR pressed,HF_80_A,,true,true,Spacebar,1,N/A,1363,N/A,N/A,N/A
305,1770532837165,IR pressed,HF_80_A,,true,true,Spacebar,1,N/A,1363,N/A,N/A,N/A
305,1770532837451,WR pressed,HF_80_A,,true,true,Yes,N/A,N/A,N/A,286,N/A,N/A
305,1770532837451,gap_time,N/A,,true,true,GapTime_894,N/A,N/A,N/A,N/A,N/A,N/A
305,1770532838348,Sentence shown,LVH_159_P,true,,true,N/A,N/A,N/A,N/A,N/A,N/A,N/A
305,1770532839525,IR pressed,LVH_159_P,true,,true,Spacebar,1,N/A,1177,N/A,N/A,N/A
305,1770532839759,WR pressed,LVH_159_P,true,,true,No,N/A,1,N/A,233,N/A,N/A
305,1770532839759,gap_time,N/A,true,,true,GapTime_1202,N/A,N/A,N/A,N/A,N/A,N/A
305,1770532840965,Sentence shown,HVL_121_P,true,,,N/A,N/A,N/A,N/A,N/A,N/A,N/A
305,1770532844971,gap_time,N/A,true,,,GapTime_813,N/A,N/A,N/A,N/A,N/A,N/A
305,1770532845786,Sentence shown,HH_173_P,true,,,N/A,N/A,N/A,N/A,N/A,N/A,N/A
305,1770532849798,gap_time,N/A,true,,,GapTime_950,N/A,N/A,N/A,N/A,N/A,N/A
305,1770532850762,Sentence shown,HF_72_A,,,,N/A,N/A,N/A,N/A,N/A,N/A,N/A
305,1770532854768,gap_time,N/A,,,,GapTime_875,N/A,N/A,N/A,N/A,N/A,N/A
305,1770532855655,Sentence shown,HF_92_A,,,,N/A,N/A,N/A,N/A,N/A,N/A,N/A
305,1770532859657,gap_time,N/A,,,,GapTime_1274,N/A,N/A,N/A,N/A,N/A,N/A
305,1770532860945,Sentence shown,HF_66_A,,,,N/A,N/A,N/A,N/A,N/A,N/A,N/A
305,1770532864946,gap_time,N/A,,,,GapTime_723,N/A,N/A,N/A,N/A,N/A,N/A
305,1770532865680,Sentence shown,HVL_121_A,true,,true,N/A,N/A,N/A,N/A,N/A,N/A,N/A
305,1770532866783,IR pressed,HVL_121_A,true,,true,Spacebar,1,N/A,1103,N/A,N/A,N/A
305,1770532867348,WR pressed,HVL_121_A,true,,true,No,N/A,1,N/A,564,N/A,N/A
305,1770532867348,gap_time,N/A,true,,true,GapTime_789,N/A,N/A,N/A,N/A,N/A,N/A
305,1770532868140,Sentence shown,HVL_151_A,true,,,N/A,N/A,N/A,N/A,N/A,N/A,N/A
305,1770532872150,gap_time,N/A,true,,,GapTime_851,N/A,N/A,N/A,N/A,N/A,N/A
305,1770532873011,Sentence shown,HF_91_A,,,,N/A,N/A,N/A,N/A,N/A,N/A,N/A
305,1770532877016,gap_time,N/A,,,,GapTime_755,N/A,N/A,N/A,N/A,N/A,N/A
305,1770532877783,Sentence shown,HF_74_A,,,,N/A,N/A,N/A,N/A,N/A,N/A,N/A
305,1770532881783,gap_time,N/A,,,,GapTime_1148,N/A,N/A,N/A,N/A,N/A,N/A
305,1770532882938,Sentence shown,HH_173_P,true,,true,N/A,N/A,N/A,N/A,N/A,N/A,N/A
305,1770532885512,IR pressed,HH_173_P,true,,true,Spacebar,1,N/A,2574,N/A,N/A,N/A
305,1770532886452,WR pressed,HH_173_P,true,,true,No,N/A,0,N/A,940,N/A,N/A
305,1770532886453,gap_time,N/A,true,,true,GapTime_842,N/A,N/A,N/A,N/A,N/A,N/A
305,1770532887306,Sentence shown,HF_74_A,,true,true,N/A,N/A,N/A,N/A,N/A,N/A,N/A
305,1770532889000,Validation IR pressed,HF_74_A,,true,true,Spacebar,1,N/A,1694,N/A,N/A,N/A
305,1770532889000,IR pressed,HF_74_A,,true,true,Spacebar,1,N/A,1694,N/A,N/A,N/A
305,1770532889245,WR pressed,HF_74_A,,true,true,Yes,N/A,N/A,N/A,245,N/A,N/A
305,1770532889246,gap_time,N/A,,true,true,GapTime_1027,N/A,N/A,N/A,N/A,N/A,N/A
305,1770532890285,Sentence shown,HF_79_A,,,,N/A,N/A,N/A,N/A,N/A,N/A,N/A
305,1770532894288,gap_time,N/A,,,,GapTime_1005,N/A,N/A,N/A,N/A,N/A,N/A
305,1770532895308,Sentence shown,HF_93_A,,,,N/A,N/A,N/A,N/A,N/A,N/A,N/A
305,1770532899310,gap_time,N/A,,,,GapTime_769,N/A,N/A,N/A,N/A,N/A,N/A
305,1770532900085,Sentence shown,HH_179_P,true,,,N/A,N/A,N/A,N/A,N/A,N/A,N/A
305,1770532904091,gap_time,N/A,true,,,GapTime_981,N/A,N/A,N/A,N/A,N/A,N/A
305,1770532905088,Sentence shown,HVL_151_P,true,,true,N/A,N/A,N/A,N/A,N/A,N/A,N/A
305,1770532908252,IR pressed,HVL_151_P,true,,true,Spacebar,1,N/A,3164,N/A,N/A,N/A
305,1770532908809,WR pressed,HVL_151_P,true,,true,No,N/A,1,N/A,557,N/A,N/A
305,1770532908810,gap_time,N/A,true,,true,GapTime_1086,N/A,N/A,N/A,N/A,N/A,N/A
305,1770532909898,Sentence shown,HF_77_A,,,,N/A,N/A,N/A,N/A,N/A,N/A,N/A
305,1770532913899,gap_time,N/A,,,,GapTime_1125,N/A,N/A,N/A,N/A,N/A,N/A
305,1770532915038,Sentence shown,HF_84_A,,,,N/A,N/A,N/A,N/A,N/A,N/A,N/A
305,1770532917398,Validation Wrong IR pressed,HF_84_A,,,,Spacebar,0,N/A,2359,N/A,N/A,N/A
305,1770532917398,IR pressed,HF_84_A,,,,Spacebar,0,N/A,2359,N/A,N/A,N/A
305,1770532919036,WR pressed,HF_84_A,,,,Yes,N/A,N/A,N/A,1638,N/A,N/A
305,1770532919036,gap_time,N/A,,,,GapTime_723,N/A,N/A,N/A,N/A,N/A,N/A
305,1770532919768,Sentence shown,HF_86_A,,,,N/A,N/A,N/A,N/A,N/A,N/A,N/A
305,1770532923780,gap_time,N/A,,,,GapTime_1241,N/A,N/A,N/A,N/A,N/A,N/A
305,1770532925035,Sentence shown,HF_70_A,,,,N/A,N/A,N/A,N/A,N/A,N/A,N/A
305,1770532927499,Validation Wrong IR pressed,HF_70_A,,,,Spacebar,0,N/A,2464,N/A,N/A,N/A
305,1770532927499,IR pressed,HF_70_A,,,,Spacebar,0,N/A,2464,N/A,N/A,N/A
305,1770532928182,WR pressed,HF_70_A,,,,Yes,N/A,N/A,N/A,683,N/A,N/A
305,1770532928182,gap_time,N/A,,,,GapTime_952,N/A,N/A,N/A,N/A,N/A,N/A
305,1770532929150,Sentence shown,HF_75_A,,,,N/A,N/A,N/A,N/A,N/A,N/A,N/A
305,1770532933159,gap_time,N/A,,,,GapTime_872,N/A,N/A,N/A,N/A,N/A,N/A
305,1770532934041,Sentence shown,HF_85_A,,,,N/A,N/A,N/A,N/A,N/A,N/A,N/A
305,1770532938051,gap_time,N/A,,,,GapTime_945,N/A,N/A,N/A,N/A,N/A,N/A
305,1770532939007,Sentence shown,HH_179_A,true,,true,N/A,N/A,N/A,N/A,N/A,N/A,N/A
305,1770532940397,IR pressed,HH_179_A,true,,true,Spacebar,1,N/A,1390,N/A,N/A,N/A
305,1770532941151,WR pressed,HH_179_A,true,,true,No,N/A,1,N/A,754,N/A,N/A
305,1770532941151,gap_time,N/A,true,,true,GapTime_1274,N/A,N/A,N/A,N/A,N/A,N/A
305,1770532942434,Sentence shown,LVH_101_A,true,,,N/A,N/A,N/A,N/A,N/A,N/A,N/A
305,1770532946437,gap_time,N/A,true,,,GapTime_1285,N/A,N/A,N/A,N/A,N/A,N/A
305,1770532947726,Sentence shown,HF_69_A,,,,N/A,N/A,N/A,N/A,N/A,N/A,N/A
305,1770532951743,gap_time,N/A,,,,GapTime_1120,N/A,N/A,N/A,N/A,N/A,N/A
305,1770532952872,Sentence shown,HF_96_A,,,,N/A,N/A,N/A,N/A,N/A,N/A,N/A
305,1770532956879,gap_time,N/A,,,,GapTime_909,N/A,N/A,N/A,N/A,N/A,N/A
305,1770532957804,Sentence shown,HF_96_A,,true,true,N/A,N/A,N/A,N/A,N/A,N/A,N/A
305,1770532958636,Validation IR pressed,HF_96_A,,true,true,Spacebar,1,N/A,832,N/A,N/A,N/A
305,1770532958636,IR pressed,HF_96_A,,true,true,Spacebar,1,N/A,832,N/A,N/A,N/A
305,1770532958821,WR pressed,HF_96_A,,true,true,Yes,N/A,N/A,N/A,185,N/A,N/A
305,1770532958822,gap_time,N/A,,true,true,GapTime_819,N/A,N/A,N/A,N/A,N/A,N/A
305,1770532959643,Sentence shown,HF_89_A,,,,N/A,N/A,N/A,N/A,N/A,N/A,N/A
305,1770532963649,gap_time,N/A,,,,GapTime_1075,N/A,N/A,N/A,N/A,N/A,N/A
305,1770532964729,Sentence shown,LVL_136_P,true,,,N/A,N/A,N/A,N/A,N/A,N/A,N/A
305,1770532968733,gap_time,N/A,true,,,GapTime_1002,N/A,N/A,N/A,N/A,N/A,N/A
305,1770532969742,Sentence shown,HH_186_A,true,,,N/A,N/A,N/A,N/A,N/A,N/A,N/A
305,1770532973753,gap_time,N/A,true,,,GapTime_926,N/A,N/A,N/A,N/A,N/A,N/A
305,1770532974695,Sentence shown,LVH_101_A,true,,true,N/A,N/A,N/A,N/A,N/A,N/A,N/A
305,1770532976388,IR pressed,LVH_101_A,true,,true,Spacebar,1,N/A,1693,N/A,N/A,N/A
305,1770532976686,WR pressed,LVH_101_A,true,,true,Yes,N/A,1,N/A,298,N/A,N/A
305,1770532976686,gap_time,N/A,true,,true,GapTime_1173,N/A,N/A,N/A,N/A,N/A,N/A
305,1770532977864,Sentence shown,HF_87_A,,,,N/A,N/A,N/A,N/A,N/A,N/A,N/A
305,1770532981870,gap_time,N/A,,,,GapTime_749,N/A,N/A,N/A,N/A,N/A,N/A
305,1770532982628,Sentence shown,HF_94_A,,,,N/A,N/A,N/A,N/A,N/A,N/A,N/A
305,1770532985621,Validation Wrong IR pressed,HF_94_A,,,,Spacebar,0,N/A,2993,N/A,N/A,N/A
305,1770532985621,IR pressed,HF_94_A,,,,Spacebar,0,N/A,2993,N/A,N/A,N/A
305,1770532986417,WR pressed,HF_94_A,,,,Yes,N/A,N/A,N/A,796,N/A,N/A
305,1770532986417,gap_time,N/A,,,,GapTime_817,N/A,N/A,N/A,N/A,N/A,N/A
305,1770532987246,Sentence shown,HF_87_A,,true,true,N/A,N/A,N/A,N/A,N/A,N/A,N/A
305,1770532988223,Validation IR pressed,HF_87_A,,true,true,Spacebar,1,N/A,977,N/A,N/A,N/A
305,1770532988223,IR pressed,HF_87_A,,true,true,Spacebar,1,N/A,977,N/A,N/A,N/A
305,1770532988415,WR pressed,HF_87_A,,true,true,Yes,N/A,N/A,N/A,192,N/A,N/A
305,1770532988415,gap_time,N/A,,true,true,GapTime_975,N/A,N/A,N/A,N/A,N/A,N/A
305,1770532989397,Sentence shown,HH_148_A,true,,,N/A,N/A,N/A,N/A,N/A,N/A,N/A
305,1770532993403,gap_time,N/A,true,,,GapTime_758,N/A,N/A,N/A,N/A,N/A,N/A
305,1770532994171,Sentence shown,HVL_103_A,true,,,N/A,N/A,N/A,N/A,N/A,N/A,N/A
305,1770532996428,Validation Wrong IR pressed,HVL_103_A,true,,,Spacebar,0,N/A,2257,N/A,N/A,N/A
305,1770532996428,IR pressed,HVL_103_A,true,,,Spacebar,0,N/A,2257,N/A,N/A,N/A
305,1770532998467,WR pressed,HVL_103_A,true,,,No,N/A,0,N/A,2039,N/A,N/A
305,1770532998467,gap_time,N/A,true,,,GapTime_850,N/A,N/A,N/A,N/A,N/A,N/A
305,1770532999334,Sentence shown,HVL_158_P,true,,,N/A,N/A,N/A,N/A,N/A,N/A,N/A
305,1770533003341,gap_time,N/A,true,,,GapTime_813,N/A,N/A,N/A,N/A,N/A,N/A
305,1770533004168,Sentence shown,LVH_123_P,true,,,N/A,N/A,N/A,N/A,N/A,N/A,N/A
305,1770533008180,gap_time,N/A,true,,,GapTime_1276,N/A,N/A,N/A,N/A,N/A,N/A
305,1770533009468,Sentence shown,LVL_136_A,true,,true,N/A,N/A,N/A,N/A,N/A,N/A,N/A
305,1770533011551,IR pressed,LVL_136_A,true,,true,Spacebar,1,N/A,2083,N/A,N/A,N/A
305,1770533012138,WR pressed,LVL_136_A,true,,true,No,N/A,1,N/A,587,N/A,N/A
305,1770533012138,gap_time,N/A,true,,true,GapTime_857,N/A,N/A,N/A,N/A,N/A,N/A
305,1770533013007,Sentence shown,HF_97_A,,,,N/A,N/A,N/A,N/A,N/A,N/A,N/A
305,1770533017011,gap_time,N/A,,,,GapTime_1190,N/A,N/A,N/A,N/A,N/A,N/A
305,1770533018217,Sentence shown,HH_186_P,true,,true,N/A,N/A,N/A,N/A,N/A,N/A,N/A
305,1770533020214,IR pressed,HH_186_P,true,,true,Spacebar,1,N/A,1997,N/A,N/A,N/A
305,1770533020801,WR pressed,HH_186_P,true,,true,No,N/A,1,N/A,587,N/A,N/A
305,1770533020801,gap_time,N/A,true,,true,GapTime_947,N/A,N/A,N/A,N/A,N/A,N/A
305,1770533021765,Sentence shown,HF_97_A,,true,true,N/A,N/A,N/A,N/A,N/A,N/A,N/A
305,1770533022689,Validation IR pressed,HF_97_A,,true,true,Spacebar,1,N/A,924,N/A,N/A,N/A
305,1770533022689,IR pressed,HF_97_A,,true,true,Spacebar,1,N/A,924,N/A,N/A,N/A
305,1770533022894,WR pressed,HF_97_A,,true,true,Yes,N/A,N/A,N/A,205,N/A,N/A
305,1770533022894,gap_time,N/A,,true,true,GapTime_1172,N/A,N/A,N/A,N/A,N/A,N/A
305,1770533024069,Sentence shown,HH_148_A,true,,true,N/A,N/A,N/A,N/A,N/A,N/A,N/A
305,1770533025278,IR pressed,HH_148_A,true,,true,Spacebar,1,N/A,1209,N/A,N/A,N/A
305,1770533025491,WR pressed,HH_148_A,true,,true,Yes,N/A,1,N/A,213,N/A,N/A
305,1770533025492,gap_time,N/A,true,,true,GapTime_1150,N/A,N/A,N/A,N/A,N/A,N/A
305,1770533026652,Sentence shown,HVL_103_A,true,,true,N/A,N/A,N/A,N/A,N/A,N/A,N/A
305,1770533028349,IR pressed,HVL_103_A,true,,true,Spacebar,1,N/A,1697,N/A,N/A,N/A
305,1770533028562,WR pressed,HVL_103_A,true,,true,Yes,N/A,1,N/A,213,N/A,N/A
305,1770533028563,gap_time,N/A,true,,true,GapTime_1188,N/A,N/A,N/A,N/A,N/A,N/A
305,1770533029760,Sentence shown,HVL_158_P,true,,true,N/A,N/A,N/A,N/A,N/A,N/A,N/A
305,1770533030757,IR pressed,HVL_158_P,true,,true,Spacebar,1,N/A,997,N/A,N/A,N/A
305,1770533030964,WR pressed,HVL_158_P,true,,true,Yes,N/A,1,N/A,207,N/A,N/A
305,1770533030964,gap_time,N/A,true,,true,GapTime_1037,N/A,N/A,N/A,N/A,N/A,N/A
305,1770533032016,Sentence shown,LVH_123_P,true,,true,N/A,N/A,N/A,N/A,N/A,N/A,N/A
305,1770533032820,IR pressed,LVH_123_P,true,,true,Spacebar,1,N/A,804,N/A,N/A,N/A
305,1770533033034,WR pressed,LVH_123_P,true,,true,Yes,N/A,1,N/A,214,N/A,N/A
305,1770533033034,gap_time,N/A,true,,true,GapTime_1239,N/A,N/A,N/A,N/A,N/A,N/A
