participant_ID,Timestamp,Event,Stimulus,isTarget,isValidation,isRepeat,Button,Accuracy IR,Accuracy WR,Reaction_time_IR,Reaction_time_WR,CR_IR,CR_WR
308,1770533987414,Practice Sentence shown,HL_60_A,,,,N/A,N/A,N/A,N/A,N/A,N/A,N/A
308,1770533992926,Practice Sentence shown,HL_27_A,,,,N/A,N/A,N/A,N/A,N/A,N/A,N/A
308,1770533998440,Practice Sentence shown,HH_132_A,true,,,N/A,N/A,N/A,N/A,N/A,N/A,N/A
308,1770534003959,Practice Sentence shown,HL_1_A,,,,N/A,N/A,N/A,N/A,N/A,N/A,N/A
308,1770534009477,Practice Sentence shown,HL_9_A,,,,N/A,N/A,N/A,N/A,N/A,N/A,N/A
308,1770534015007,Practice Sentence shown,HL_56_A,,,,N/A,N/A,N/A,N/A,N/A,N/A,N/A
308,1770534020529,Practice Sentence shown,HH_131_A,true,,,N/A,N/A,N/A,N/A,N/A,N/A,N/A
308,1770534026040,Practice Sentence shown,HH_124_A,true,,,N/A,N/A,N/A,N/A,N/A,N/A,N/A
308,1770534031548,Practice Sentence shown,HH_134_A,true,,,N/A,N/A,N/A,N/A,N/A,N/A,N/A
308,1770534037071,Practice Sentence shown,HL_13_A,,,,N/A,N/A,N/A,N/A,N/A,N/A,N/A
308,1770534042591,Practice Sentence shown,HH_132_P,true,,true,N/A,N/A,N/A,N/A,N/A,N/A,N/A
308,1770534044081,Practice IR pressed,HH_132_P,true,,true,Spacebar,1,N/A,1490,N/A,N/A,N/A
308,1770534051323,Practice WR pressed,HH_132_P,true,,true,No,N/A,1,N/A,7242,N/A,N/A
308,1770534052838,Practice Sentence shown,HL_108_A,,,,N/A,N/A,N/A,N/A,N/A,N/A,N/A
308,1770534058357,Practice Sentence shown,HH_124_P,true,,true,N/A,N/A,N/A,N/A,N/A,N/A,N/A
308,1770534059997,Practice IR pressed,HH_124_P,true,,true,Spacebar,1,N/A,1640,N/A,N/A,N/A
308,1770534065844,Practice WR pressed,HH_124_P,true,,true,No,N/A,1,N/A,5847,N/A,N/A
308,1770534067356,Practice Sentence shown,HH_114_A,true,,,N/A,N/A,N/A,N/A,N/A,N/A,N/A
308,1770534072868,Practice Sentence shown,HL_95_A,,,,N/A,N/A,N/A,N/A,N/A,N/A,N/A
308,1770534078392,Practice Sentence shown,HH_131_A,true,,true,N/A,N/A,N/A,N/A,N/A,N/A,N/A
308,1770534079483,Practice IR pressed,HH_131_A,true,,true,Spacebar,1,N/A,1091,N/A,N/A,N/A
308,1770534080728,Practice WR pressed,HH_131_A,true,,true,Yes,N/A,1,N/A,1244,N/A,N/A
308,1770534082230,Practice Sentence shown,HL_8_A,,,,N/A,N/A,N/A,N/A,N/A,N/A,N/A
308,1770534087740,Practice Sentence shown,HH_134_A,true,,true,N/A,N/A,N/A,N/A,N/A,N/A,N/A
308,1770534091741,Practice Missed,HH_134_A,true,,true,None,0,N/A,N/A,N/A,N/A,N/A
308,1770534095476,Practice Sentence shown,HL_32_A,,,,N/A,N/A,N/A,N/A,N/A,N/A,N/A
308,1770534100990,Practice Sentence shown,HH_114_P,true,,true,N/A,N/A,N/A,N/A,N/A,N/A,N/A
308,1770534102076,Practice IR pressed,HH_114_P,true,,true,Spacebar,1,N/A,1086,N/A,N/A,N/A
308,1770534103310,Practice WR pressed,HH_114_P,true,,true,Yes,N/A,0,N/A,1234,N/A,N/A
308,1770534136372,Sentence shown,HVL_112_P,true,,,N/A,N/A,N/A,N/A,N/A,N/A,N/A
308,1770534140373,gap_time,N/A,true,,,GapTime_1213,N/A,N/A,N/A,N/A,N/A,N/A
308,1770534141592,Sentence shown,LVH_139_A,true,,,N/A,N/A,N/A,N/A,N/A,N/A,N/A
308,1770534145600,gap_time,N/A,true,,,GapTime_1253,N/A,N/A,N/A,N/A,N/A,N/A
308,1770534146868,Sentence shown,HVL_103_P,true,,,N/A,N/A,N/A,N/A,N/A,N/A,N/A
308,1770534150879,gap_time,N/A,true,,,GapTime_1274,N/A,N/A,N/A,N/A,N/A,N/A
308,1770534152168,Sentence shown,HF_31_A,,,,N/A,N/A,N/A,N/A,N/A,N/A,N/A
308,1770534156184,gap_time,N/A,,,,GapTime_925,N/A,N/A,N/A,N/A,N/A,N/A
308,1770534157116,Sentence shown,LVL_100_P,true,,,N/A,N/A,N/A,N/A,N/A,N/A,N/A
308,1770534161126,gap_time,N/A,true,,,GapTime_824,N/A,N/A,N/A,N/A,N/A,N/A
308,1770534161967,Sentence shown,HF_26_A,,,,N/A,N/A,N/A,N/A,N/A,N/A,N/A
308,1770534165969,gap_time,N/A,,,,GapTime_713,N/A,N/A,N/A,N/A,N/A,N/A
308,1770534166690,Sentence shown,HF_19_A,,,,N/A,N/A,N/A,N/A,N/A,N/A,N/A
308,1770534170477,Validation Wrong IR pressed,HF_19_A,,,,Spacebar,0,N/A,3787,N/A,N/A,N/A
308,1770534170478,IR pressed,HF_19_A,,,,Spacebar,0,N/A,3787,N/A,N/A,N/A
308,1770534172267,WR pressed,HF_19_A,,,,No,N/A,N/A,N/A,1789,N/A,N/A
308,1770534172268,gap_time,N/A,,,,GapTime_752,N/A,N/A,N/A,N/A,N/A,N/A
308,1770534173022,Sentence shown,HF_26_A,,true,true,N/A,N/A,N/A,N/A,N/A,N/A,N/A
308,1770534175133,Validation IR pressed,HF_26_A,,true,true,Spacebar,1,N/A,2111,N/A,N/A,N/A
308,1770534175133,IR pressed,HF_26_A,,true,true,Spacebar,1,N/A,2111,N/A,N/A,N/A
308,1770534177266,WR pressed,HF_26_A,,true,true,Yes,N/A,N/A,N/A,2133,N/A,N/A
308,1770534177267,gap_time,N/A,,true,true,GapTime_752,N/A,N/A,N/A,N/A,N/A,N/A
308,1770534178023,Sentence shown,HVL_112_A,true,,true,N/A,N/A,N/A,N/A,N/A,N/A,N/A
308,1770534180189,IR pressed,HVL_112_A,true,,true,Spacebar,1,N/A,2166,N/A,N/A,N/A
308,1770534183894,WR pressed,HVL_112_A,true,,true,No,N/A,1,N/A,3705,N/A,N/A
308,1770534183895,gap_time,N/A,true,,true,GapTime_776,N/A,N/A,N/A,N/A,N/A,N/A
308,1770534184686,Sentence shown,HF_27_A,,,,N/A,N/A,N/A,N/A,N/A,N/A,N/A
308,1770534188698,gap_time,N/A,,,,GapTime_727,N/A,N/A,N/A,N/A,N/A,N/A
308,1770534189437,Sentence shown,HH_153_A,true,,,N/A,N/A,N/A,N/A,N/A,N/A,N/A
308,1770534191334,Validation Wrong IR pressed,HH_153_A,true,,,Spacebar,0,N/A,1897,N/A,N/A,N/A
308,1770534191334,IR pressed,HH_153_A,true,,,Spacebar,0,N/A,1897,N/A,N/A,N/A
308,1770534193433,WR pressed,HH_153_A,true,,,No,N/A,1,N/A,2099,N/A,N/A
308,1770534193434,gap_time,N/A,true,,,GapTime_792,N/A,N/A,N/A,N/A,N/A,N/A
308,1770534194237,Sentence shown,LVH_139_P,true,,true,N/A,N/A,N/A,N/A,N/A,N/A,N/A
308,1770534196458,IR pressed,LVH_139_P,true,,true,Spacebar,1,N/A,2221,N/A,N/A,N/A
308,1770534197407,WR pressed,LVH_139_P,true,,true,No,N/A,1,N/A,949,N/A,N/A
308,1770534197408,gap_time,N/A,true,,true,GapTime_762,N/A,N/A,N/A,N/A,N/A,N/A
308,1770534198186,Sentence shown,HVL_103_P,true,,true,N/A,N/A,N/A,N/A,N/A,N/A,N/A
308,1770534200171,IR pressed,HVL_103_P,true,,true,Spacebar,1,N/A,1985,N/A,N/A,N/A
308,1770534204435,WR pressed,HVL_103_P,true,,true,No,N/A,0,N/A,4263,N/A,N/A
308,1770534204435,gap_time,N/A,true,,true,GapTime_1081,N/A,N/A,N/A,N/A,N/A,N/A
308,1770534205523,Sentence shown,HF_4_A,,,,N/A,N/A,N/A,N/A,N/A,N/A,N/A
308,1770534209529,gap_time,N/A,,,,GapTime_831,N/A,N/A,N/A,N/A,N/A,N/A
308,1770534210367,Sentence shown,LVL_100_A,true,,true,N/A,N/A,N/A,N/A,N/A,N/A,N/A
308,1770534214374,gap_time,N/A,true,,true,GapTime_938,N/A,N/A,N/A,N/A,N/A,N/A
308,1770534215329,Sentence shown,HF_14_A,,,,N/A,N/A,N/A,N/A,N/A,N/A,N/A
308,1770534219345,gap_time,N/A,,,,GapTime_1145,N/A,N/A,N/A,N/A,N/A,N/A
308,1770534220506,Sentence shown,HF_14_A,,true,true,N/A,N/A,N/A,N/A,N/A,N/A,N/A
308,1770534221470,Validation IR pressed,HF_14_A,,true,true,Spacebar,1,N/A,964,N/A,N/A,N/A
308,1770534221470,IR pressed,HF_14_A,,true,true,Spacebar,1,N/A,964,N/A,N/A,N/A
308,1770534222618,WR pressed,HF_14_A,,true,true,Yes,N/A,N/A,N/A,1148,N/A,N/A
308,1770534222619,gap_time,N/A,,true,true,GapTime_1034,N/A,N/A,N/A,N/A,N/A,N/A
308,1770534223657,Sentence shown,HF_9_A,,,,N/A,N/A,N/A,N/A,N/A,N/A,N/A
308,1770534225386,Validation Wrong IR pressed,HF_9_A,,,,Spacebar,0,N/A,1729,N/A,N/A,N/A
308,1770534225386,IR pressed,HF_9_A,,,,Spacebar,0,N/A,1729,N/A,N/A,N/A
308,1770534226618,WR pressed,HF_9_A,,,,No,N/A,N/A,N/A,1232,N/A,N/A
308,1770534226618,gap_time,N/A,,,,GapTime_1226,N/A,N/A,N/A,N/A,N/A,N/A
308,1770534227848,Sentence shown,HF_2_A,,,,N/A,N/A,N/A,N/A,N/A,N/A,N/A
308,1770534231864,gap_time,N/A,,,,GapTime_768,N/A,N/A,N/A,N/A,N/A,N/A
308,1770534232637,Sentence shown,HF_25_A,,,,N/A,N/A,N/A,N/A,N/A,N/A,N/A
308,1770534236645,gap_time,N/A,,,,GapTime_1200,N/A,N/A,N/A,N/A,N/A,N/A
308,1770534237850,Sentence shown,HH_153_P,true,,true,N/A,N/A,N/A,N/A,N/A,N/A,N/A
308,1770534239697,IR pressed,HH_153_P,true,,true,Spacebar,1,N/A,1847,N/A,N/A,N/A
308,1770534240729,WR pressed,HH_153_P,true,,true,No,N/A,1,N/A,1032,N/A,N/A
308,1770534240730,gap_time,N/A,true,,true,GapTime_817,N/A,N/A,N/A,N/A,N/A,N/A
308,1770534241557,Sentence shown,HF_23_A,,,,N/A,N/A,N/A,N/A,N/A,N/A,N/A
308,1770534245570,gap_time,N/A,,,,GapTime_1140,N/A,N/A,N/A,N/A,N/A,N/A
308,1770534246719,Sentence shown,LVH_161_P,true,,,N/A,N/A,N/A,N/A,N/A,N/A,N/A
308,1770534250723,gap_time,N/A,true,,,GapTime_809,N/A,N/A,N/A,N/A,N/A,N/A
308,1770534251539,Sentence shown,HF_18_A,,,,N/A,N/A,N/A,N/A,N/A,N/A,N/A
308,1770534255544,gap_time,N/A,,,,GapTime_1286,N/A,N/A,N/A,N/A,N/A,N/A
308,1770534256841,Sentence shown,HF_18_A,,true,true,N/A,N/A,N/A,N/A,N/A,N/A,N/A
308,1770534257682,Validation IR pressed,HF_18_A,,true,true,Spacebar,1,N/A,841,N/A,N/A,N/A
308,1770534257682,IR pressed,HF_18_A,,true,true,Spacebar,1,N/A,841,N/A,N/A,N/A
308,1770534258732,WR pressed,HF_18_A,,true,true,Yes,N/A,N/A,N/A,1050,N/A,N/A
308,1770534258733,gap_time,N/A,,true,true,GapTime_1190,N/A,N/A,N/A,N/A,N/A,N/A
308,1770534259934,Sentence shown,HF_17_A,,,,N/A,N/A,N/A,N/A,N/A,N/A,N/A
308,1770534261731,Validation Wrong IR pressed,HF_17_A,,,,Spacebar,0,N/A,1797,N/A,N/A,N/A
308,1770534261731,IR pressed,HF_17_A,,,,Spacebar,0,N/A,1797,N/A,N/A,N/A
308,1770534262849,WR pressed,HF_17_A,,,,No,N/A,N/A,N/A,1118,N/A,N/A
308,1770534262850,gap_time,N/A,,,,GapTime_905,N/A,N/A,N/A,N/A,N/A,N/A
308,1770534263766,Sentence shown,HH_152_P,true,,,N/A,N/A,N/A,N/A,N/A,N/A,N/A
308,1770534267772,gap_time,N/A,true,,,GapTime_1233,N/A,N/A,N/A,N/A,N/A,N/A
308,1770534269015,Sentence shown,LVH_161_A,true,,true,N/A,N/A,N/A,N/A,N/A,N/A,N/A
308,1770534270221,IR pressed,LVH_161_A,true,,true,Spacebar,1,N/A,1206,N/A,N/A,N/A
308,1770534272156,WR pressed,LVH_161_A,true,,true,No,N/A,1,N/A,1934,N/A,N/A
308,1770534272157,gap_time,N/A,true,,true,GapTime_1255,N/A,N/A,N/A,N/A,N/A,N/A
308,1770534273416,Sentence shown,HF_1_A,,,,N/A,N/A,N/A,N/A,N/A,N/A,N/A
308,1770534274861,Validation Wrong IR pressed,HF_1_A,,,,Spacebar,0,N/A,1445,N/A,N/A,N/A
308,1770534274861,IR pressed,HF_1_A,,,,Spacebar,0,N/A,1445,N/A,N/A,N/A
308,1770534275591,WR pressed,HF_1_A,,,,No,N/A,N/A,N/A,730,N/A,N/A
308,1770534275592,gap_time,N/A,,,,GapTime_1256,N/A,N/A,N/A,N/A,N/A,N/A
308,1770534276864,Sentence shown,HF_33_A,,,,N/A,N/A,N/A,N/A,N/A,N/A,N/A
308,1770534280874,gap_time,N/A,,,,GapTime_1161,N/A,N/A,N/A,N/A,N/A,N/A
308,1770534282041,Sentence shown,HF_33_A,,true,true,N/A,N/A,N/A,N/A,N/A,N/A,N/A
308,1770534282834,Validation IR pressed,HF_33_A,,true,true,Spacebar,1,N/A,792,N/A,N/A,N/A
308,1770534282834,IR pressed,HF_33_A,,true,true,Spacebar,1,N/A,792,N/A,N/A,N/A
308,1770534283663,WR pressed,HF_33_A,,true,true,Yes,N/A,N/A,N/A,829,N/A,N/A
308,1770534283664,gap_time,N/A,,true,true,GapTime_1259,N/A,N/A,N/A,N/A,N/A,N/A
308,1770534284930,Sentence shown,HH_162_P,true,,,N/A,N/A,N/A,N/A,N/A,N/A,N/A
308,1770534288935,gap_time,N/A,true,,,GapTime_897,N/A,N/A,N/A,N/A,N/A,N/A
308,1770534289841,Sentence shown,HH_152_P,true,,true,N/A,N/A,N/A,N/A,N/A,N/A,N/A
308,1770534291614,IR pressed,HH_152_P,true,,true,Spacebar,1,N/A,1773,N/A,N/A,N/A
308,1770534295947,WR pressed,HH_152_P,true,,true,No,N/A,0,N/A,4333,N/A,N/A
308,1770534295948,gap_time,N/A,true,,true,GapTime_1177,N/A,N/A,N/A,N/A,N/A,N/A
308,1770534297127,Sentence shown,HF_6_A,,,,N/A,N/A,N/A,N/A,N/A,N/A,N/A
308,1770534301133,gap_time,N/A,,,,GapTime_1252,N/A,N/A,N/A,N/A,N/A,N/A
308,1770534302392,Sentence shown,HF_5_A,,,,N/A,N/A,N/A,N/A,N/A,N/A,N/A
308,1770534306396,gap_time,N/A,,,,GapTime_1139,N/A,N/A,N/A,N/A,N/A,N/A
308,1770534307552,Sentence shown,HF_5_A,,true,true,N/A,N/A,N/A,N/A,N/A,N/A,N/A
308,1770534309446,Validation IR pressed,HF_5_A,,true,true,Spacebar,1,N/A,1894,N/A,N/A,N/A
308,1770534309446,IR pressed,HF_5_A,,true,true,Spacebar,1,N/A,1894,N/A,N/A,N/A
308,1770534310268,WR pressed,HF_5_A,,true,true,Yes,N/A,N/A,N/A,822,N/A,N/A
308,1770534310269,gap_time,N/A,,true,true,GapTime_807,N/A,N/A,N/A,N/A,N/A,N/A
308,1770534311083,Sentence shown,HVL_125_A,true,,,N/A,N/A,N/A,N/A,N/A,N/A,N/A
308,1770534315098,gap_time,N/A,true,,,GapTime_1281,N/A,N/A,N/A,N/A,N/A,N/A
308,1770534316397,Sentence shown,HF_20_A,,,,N/A,N/A,N/A,N/A,N/A,N/A,N/A
308,1770534320407,gap_time,N/A,,,,GapTime_841,N/A,N/A,N/A,N/A,N/A,N/A
308,1770534321263,Sentence shown,HF_20_A,,true,true,N/A,N/A,N/A,N/A,N/A,N/A,N/A
308,1770534321939,Validation IR pressed,HF_20_A,,true,true,Spacebar,1,N/A,676,N/A,N/A,N/A
308,1770534321939,IR pressed,HF_20_A,,true,true,Spacebar,1,N/A,676,N/A,N/A,N/A
308,1770534322789,WR pressed,HF_20_A,,true,true,Yes,N/A,N/A,N/A,850,N/A,N/A
308,1770534322790,gap_time,N/A,,true,true,GapTime_815,N/A,N/A,N/A,N/A,N/A,N/A
308,1770534323607,Sentence shown,LVL_104_A,true,,,N/A,N/A,N/A,N/A,N/A,N/A,N/A
308,1770534327624,gap_time,N/A,true,,,GapTime_1006,N/A,N/A,N/A,N/A,N/A,N/A
308,1770534328640,Sentence shown,HH_162_A,true,,true,N/A,N/A,N/A,N/A,N/A,N/A,N/A
308,1770534330117,IR pressed,HH_162_A,true,,true,Spacebar,1,N/A,1477,N/A,N/A,N/A
308,1770534332843,WR pressed,HH_162_A,true,,true,No,N/A,1,N/A,2726,N/A,N/A
308,1770534332844,gap_time,N/A,true,,true,GapTime_892,N/A,N/A,N/A,N/A,N/A,N/A
308,1770534333747,Sentence shown,HF_29_A,,,,N/A,N/A,N/A,N/A,N/A,N/A,N/A
308,1770534337763,gap_time,N/A,,,,GapTime_752,N/A,N/A,N/A,N/A,N/A,N/A
308,1770534338519,Sentence shown,HF_15_A,,,,N/A,N/A,N/A,N/A,N/A,N/A,N/A
308,1770534339894,Validation Wrong IR pressed,HF_15_A,,,,Spacebar,0,N/A,1375,N/A,N/A,N/A
308,1770534339894,IR pressed,HF_15_A,,,,Spacebar,0,N/A,1375,N/A,N/A,N/A
308,1770534340810,WR pressed,HF_15_A,,,,No,N/A,N/A,N/A,916,N/A,N/A
308,1770534340811,gap_time,N/A,,,,GapTime_1215,N/A,N/A,N/A,N/A,N/A,N/A
308,1770534342040,Sentence shown,HF_15_A,,true,true,N/A,N/A,N/A,N/A,N/A,N/A,N/A
308,1770534343977,Validation IR pressed,HF_15_A,,true,true,Spacebar,1,N/A,1937,N/A,N/A,N/A
308,1770534343977,IR pressed,HF_15_A,,true,true,Spacebar,1,N/A,1937,N/A,N/A,N/A
308,1770534344894,WR pressed,HF_15_A,,true,true,Yes,N/A,N/A,N/A,916,N/A,N/A
308,1770534344895,gap_time,N/A,,true,true,GapTime_1032,N/A,N/A,N/A,N/A,N/A,N/A
308,1770534345940,Sentence shown,HH_164_A,true,,,N/A,N/A,N/A,N/A,N/A,N/A,N/A
308,1770534349943,gap_time,N/A,true,,,GapTime_1059,N/A,N/A,N/A,N/A,N/A,N/A
308,1770534351019,Sentence shown,HF_24_A,,,,N/A,N/A,N/A,N/A,N/A,N/A,N/A
308,1770534355025,gap_time,N/A,,,,GapTime_1082,N/A,N/A,N/A,N/A,N/A,N/A
308,1770534356121,Sentence shown,HF_16_A,,,,N/A,N/A,N/A,N/A,N/A,N/A,N/A
308,1770534358841,Validation Wrong IR pressed,HF_16_A,,,,Spacebar,0,N/A,2720,N/A,N/A,N/A
308,1770534358841,IR pressed,HF_16_A,,,,Spacebar,0,N/A,2720,N/A,N/A,N/A
308,1770534360117,WR pressed,HF_16_A,,,,No,N/A,N/A,N/A,1276,N/A,N/A
308,1770534360117,gap_time,N/A,,,,GapTime_1215,N/A,N/A,N/A,N/A,N/A,N/A
308,1770534361338,Sentence shown,HVL_125_A,true,,true,N/A,N/A,N/A,N/A,N/A,N/A,N/A
308,1770534365352,gap_time,N/A,true,,true,GapTime_1195,N/A,N/A,N/A,N/A,N/A,N/A
308,1770534366551,Sentence shown,HF_11_A,,,,N/A,N/A,N/A,N/A,N/A,N/A,N/A
308,1770534367879,Validation Wrong IR pressed,HF_11_A,,,,Spacebar,0,N/A,1327,N/A,N/A,N/A
308,1770534367879,IR pressed,HF_11_A,,,,Spacebar,0,N/A,1327,N/A,N/A,N/A
308,1770534369363,WR pressed,HF_11_A,,,,No,N/A,N/A,N/A,1484,N/A,N/A
308,1770534369364,gap_time,N/A,,,,GapTime_1001,N/A,N/A,N/A,N/A,N/A,N/A
308,1770534370377,Sentence shown,LVL_104_P,true,,true,N/A,N/A,N/A,N/A,N/A,N/A,N/A
308,1770534372569,IR pressed,LVL_104_P,true,,true,Spacebar,1,N/A,2192,N/A,N/A,N/A
308,1770534375030,WR pressed,LVL_104_P,true,,true,No,N/A,1,N/A,2461,N/A,N/A
308,1770534375031,gap_time,N/A,true,,true,GapTime_1016,N/A,N/A,N/A,N/A,N/A,N/A
308,1770534376053,Sentence shown,HF_7_A,,,,N/A,N/A,N/A,N/A,N/A,N/A,N/A
308,1770534380061,gap_time,N/A,,,,GapTime_1146,N/A,N/A,N/A,N/A,N/A,N/A
308,1770534381222,Sentence shown,HF_8_A,,,,N/A,N/A,N/A,N/A,N/A,N/A,N/A
308,1770534383429,Validation Wrong IR pressed,HF_8_A,,,,Spacebar,0,N/A,2207,N/A,N/A,N/A
308,1770534383429,IR pressed,HF_8_A,,,,Spacebar,0,N/A,2207,N/A,N/A,N/A
308,1770534385664,WR pressed,HF_8_A,,,,Yes,N/A,N/A,N/A,2234,N/A,N/A
308,1770534385665,gap_time,N/A,,,,GapTime_1273,N/A,N/A,N/A,N/A,N/A,N/A
308,1770534386947,Sentence shown,LVL_127_A,true,,,N/A,N/A,N/A,N/A,N/A,N/A,N/A
308,1770534390957,gap_time,N/A,true,,,GapTime_1291,N/A,N/A,N/A,N/A,N/A,N/A
308,1770534392256,Sentence shown,HH_164_A,true,,true,N/A,N/A,N/A,N/A,N/A,N/A,N/A
308,1770534394630,IR pressed,HH_164_A,true,,true,Spacebar,1,N/A,2374,N/A,N/A,N/A
308,1770534397714,WR pressed,HH_164_A,true,,true,Yes,N/A,1,N/A,3084,N/A,N/A
308,1770534397715,gap_time,N/A,true,,true,GapTime_1025,N/A,N/A,N/A,N/A,N/A,N/A
308,1770534398758,Sentence shown,HF_12_A,,,,N/A,N/A,N/A,N/A,N/A,N/A,N/A
308,1770534402769,gap_time,N/A,,,,GapTime_965,N/A,N/A,N/A,N/A,N/A,N/A
308,1770534403748,Sentence shown,HF_30_A,,,,N/A,N/A,N/A,N/A,N/A,N/A,N/A
308,1770534405438,Validation Wrong IR pressed,HF_30_A,,,,Spacebar,0,N/A,1690,N/A,N/A,N/A
308,1770534405438,IR pressed,HF_30_A,,,,Spacebar,0,N/A,1690,N/A,N/A,N/A
308,1770534406230,WR pressed,HF_30_A,,,,No,N/A,N/A,N/A,792,N/A,N/A
308,1770534406231,gap_time,N/A,,,,GapTime_1182,N/A,N/A,N/A,N/A,N/A,N/A
308,1770534407420,Sentence shown,HF_32_A,,,,N/A,N/A,N/A,N/A,N/A,N/A,N/A
308,1770534409180,Validation Wrong IR pressed,HF_32_A,,,,Spacebar,0,N/A,1760,N/A,N/A,N/A
308,1770534409180,IR pressed,HF_32_A,,,,Spacebar,0,N/A,1760,N/A,N/A,N/A
308,1770534415435,WR pressed,HF_32_A,,,,Yes,N/A,N/A,N/A,6255,N/A,N/A
308,1770534415436,gap_time,N/A,,,,GapTime_1184,N/A,N/A,N/A,N/A,N/A,N/A
308,1770534416628,Sentence shown,LVH_100_A,true,,,N/A,N/A,N/A,N/A,N/A,N/A,N/A
308,1770534420634,gap_time,N/A,true,,,GapTime_1175,N/A,N/A,N/A,N/A,N/A,N/A
308,1770534421825,Sentence shown,HF_21_A,,,,N/A,N/A,N/A,N/A,N/A,N/A,N/A
308,1770534425827,gap_time,N/A,,,,GapTime_1268,N/A,N/A,N/A,N/A,N/A,N/A
308,1770534427104,Sentence shown,HF_32_A,,true,true,N/A,N/A,N/A,N/A,N/A,N/A,N/A
308,1770534428418,Validation IR pressed,HF_32_A,,true,true,Spacebar,1,N/A,1314,N/A,N/A,N/A
308,1770534428418,IR pressed,HF_32_A,,true,true,Spacebar,1,N/A,1314,N/A,N/A,N/A
308,1770534429206,WR pressed,HF_32_A,,true,true,Yes,N/A,N/A,N/A,788,N/A,N/A
308,1770534429206,gap_time,N/A,,true,true,GapTime_879,N/A,N/A,N/A,N/A,N/A,N/A
308,1770534430089,Sentence shown,HF_13_A,,,,N/A,N/A,N/A,N/A,N/A,N/A,N/A
308,1770534431643,Validation Wrong IR pressed,HF_13_A,,,,Spacebar,0,N/A,1554,N/A,N/A,N/A
308,1770534431643,IR pressed,HF_13_A,,,,Spacebar,0,N/A,1554,N/A,N/A,N/A
308,1770534432512,WR pressed,HF_13_A,,,,Yes,N/A,N/A,N/A,868,N/A,N/A
308,1770534432513,gap_time,N/A,,,,GapTime_717,N/A,N/A,N/A,N/A,N/A,N/A
308,1770534433237,Sentence shown,HF_21_A,,true,true,N/A,N/A,N/A,N/A,N/A,N/A,N/A
308,1770534434404,Validation IR pressed,HF_21_A,,true,true,Spacebar,1,N/A,1166,N/A,N/A,N/A
308,1770534434404,IR pressed,HF_21_A,,true,true,Spacebar,1,N/A,1166,N/A,N/A,N/A
308,1770534435051,WR pressed,HF_21_A,,true,true,Yes,N/A,N/A,N/A,647,N/A,N/A
308,1770534435051,gap_time,N/A,,true,true,GapTime_850,N/A,N/A,N/A,N/A,N/A,N/A
308,1770534435915,Sentence shown,LVL_127_A,true,,true,N/A,N/A,N/A,N/A,N/A,N/A,N/A
308,1770534436989,IR pressed,LVL_127_A,true,,true,Spacebar,1,N/A,1074,N/A,N/A,N/A
308,1770534439248,WR pressed,LVL_127_A,true,,true,Yes,N/A,1,N/A,2259,N/A,N/A
308,1770534439249,gap_time,N/A,true,,true,GapTime_1297,N/A,N/A,N/A,N/A,N/A,N/A
308,1770534440560,Sentence shown,HF_10_A,,,,N/A,N/A,N/A,N/A,N/A,N/A,N/A
308,1770534442077,Validation Wrong IR pressed,HF_10_A,,,,Spacebar,0,N/A,1517,N/A,N/A,N/A
308,1770534442077,IR pressed,HF_10_A,,,,Spacebar,0,N/A,1517,N/A,N/A,N/A
308,1770534442645,WR pressed,HF_10_A,,,,No,N/A,N/A,N/A,568,N/A,N/A
308,1770534442646,gap_time,N/A,,,,GapTime_1296,N/A,N/A,N/A,N/A,N/A,N/A
308,1770534443945,Sentence shown,LVH_123_P,true,,,N/A,N/A,N/A,N/A,N/A,N/A,N/A
308,1770534447959,gap_time,N/A,true,,,GapTime_1086,N/A,N/A,N/A,N/A,N/A,N/A
308,1770534449053,Sentence shown,HF_22_A,,,,N/A,N/A,N/A,N/A,N/A,N/A,N/A
308,1770534452799,Validation Wrong IR pressed,HF_22_A,,,,Spacebar,0,N/A,3746,N/A,N/A,N/A
308,1770534452799,IR pressed,HF_22_A,,,,Spacebar,0,N/A,3746,N/A,N/A,N/A
308,1770534454980,WR pressed,HF_22_A,,,,No,N/A,N/A,N/A,2181,N/A,N/A
308,1770534454981,gap_time,N/A,,,,GapTime_999,N/A,N/A,N/A,N/A,N/A,N/A
308,1770534455994,Sentence shown,HF_22_A,,true,true,N/A,N/A,N/A,N/A,N/A,N/A,N/A
308,1770534457021,Validation IR pressed,HF_22_A,,true,true,Spacebar,1,N/A,1027,N/A,N/A,N/A
308,1770534457021,IR pressed,HF_22_A,,true,true,Spacebar,1,N/A,1027,N/A,N/A,N/A
308,1770534457529,WR pressed,HF_22_A,,true,true,Yes,N/A,N/A,N/A,508,N/A,N/A
308,1770534457530,gap_time,N/A,,true,true,GapTime_1294,N/A,N/A,N/A,N/A,N/A,N/A
308,1770534458831,Sentence shown,LVL_105_P,true,,,N/A,N/A,N/A,N/A,N/A,N/A,N/A
308,1770534462836,gap_time,N/A,true,,,GapTime_879,N/A,N/A,N/A,N/A,N/A,N/A
308,1770534463728,Sentence shown,HVL_157_A,true,,,N/A,N/A,N/A,N/A,N/A,N/A,N/A
308,1770534466619,Validation Wrong IR pressed,HVL_157_A,true,,,Spacebar,0,N/A,2891,N/A,N/A,N/A
308,1770534466619,IR pressed,HVL_157_A,true,,,Spacebar,0,N/A,2891,N/A,N/A,N/A
308,1770534467643,WR pressed,HVL_157_A,true,,,No,N/A,1,N/A,1024,N/A,N/A
308,1770534467643,gap_time,N/A,true,,,GapTime_819,N/A,N/A,N/A,N/A,N/A,N/A
308,1770534468464,Sentence shown,LVH_100_A,true,,true,N/A,N/A,N/A,N/A,N/A,N/A,N/A
308,1770534472469,gap_time,N/A,true,,true,GapTime_1160,N/A,N/A,N/A,N/A,N/A,N/A
308,1770534473635,Sentence shown,HF_28_A,,,,N/A,N/A,N/A,N/A,N/A,N/A,N/A
308,1770534477638,gap_time,N/A,,,,GapTime_1065,N/A,N/A,N/A,N/A,N/A,N/A
308,1770534478706,Sentence shown,LVH_123_P,true,,true,N/A,N/A,N/A,N/A,N/A,N/A,N/A
308,1770534479925,IR pressed,LVH_123_P,true,,true,Spacebar,1,N/A,1219,N/A,N/A,N/A
308,1770534481261,WR pressed,LVH_123_P,true,,true,Yes,N/A,1,N/A,1336,N/A,N/A
308,1770534481262,gap_time,N/A,true,,true,GapTime_1213,N/A,N/A,N/A,N/A,N/A,N/A
308,1770534482487,Sentence shown,LVL_105_P,true,,true,N/A,N/A,N/A,N/A,N/A,N/A,N/A
308,1770534484430,IR pressed,LVL_105_P,true,,true,Spacebar,1,N/A,1943,N/A,N/A,N/A
308,1770534485684,WR pressed,LVL_105_P,true,,true,Yes,N/A,1,N/A,1254,N/A,N/A
308,1770534485684,gap_time,N/A,true,,true,GapTime_804,N/A,N/A,N/A,N/A,N/A,N/A
308,1770534486499,Sentence shown,HVL_157_P,true,,true,N/A,N/A,N/A,N/A,N/A,N/A,N/A
308,1770534489291,IR pressed,HVL_157_P,true,,true,Spacebar,1,N/A,2792,N/A,N/A,N/A
308,1770534490249,WR pressed,HVL_157_P,true,,true,No,N/A,1,N/A,958,N/A,N/A
308,1770534490250,gap_time,N/A,true,,true,GapTime_1223,N/A,N/A,N/A,N/A,N/A,N/A
308,1770534491486,Rest Phase started,N/A,true,,true,Rest,N/A,N/A,N/A,N/A,N/A,N/A
308,1770534677591,Sentence shown,HF_34_A,,,,N/A,N/A,N/A,N/A,N/A,N/A,N/A
308,1770534681599,gap_time,N/A,,,,GapTime_1137,N/A,N/A,N/A,N/A,N/A,N/A
308,1770534682749,Sentence shown,HF_36_A,,,,N/A,N/A,N/A,N/A,N/A,N/A,N/A
308,1770534686753,gap_time,N/A,,,,GapTime_942,N/A,N/A,N/A,N/A,N/A,N/A
308,1770534687707,Sentence shown,HF_63_A,,,,N/A,N/A,N/A,N/A,N/A,N/A,N/A
308,1770534691718,gap_time,N/A,,,,GapTime_1097,N/A,N/A,N/A,N/A,N/A,N/A
308,1770534692822,Sentence shown,HVL_114_A,true,,,N/A,N/A,N/A,N/A,N/A,N/A,N/A
308,1770534696825,gap_time,N/A,true,,,GapTime_751,N/A,N/A,N/A,N/A,N/A,N/A
308,1770534697586,Sentence shown,HF_36_A,,true,true,N/A,N/A,N/A,N/A,N/A,N/A,N/A
308,1770534700192,Validation IR pressed,HF_36_A,,true,true,Spacebar,1,N/A,2605,N/A,N/A,N/A
308,1770534700192,IR pressed,HF_36_A,,true,true,Spacebar,1,N/A,2605,N/A,N/A,N/A
308,1770534704166,WR pressed,HF_36_A,,true,true,No,N/A,N/A,N/A,3973,N/A,N/A
308,1770534704167,gap_time,N/A,,true,true,GapTime_819,N/A,N/A,N/A,N/A,N/A,N/A
308,1770534704997,Sentence shown,HF_63_A,,true,true,N/A,N/A,N/A,N/A,N/A,N/A,N/A
308,1770534706581,Validation IR pressed,HF_63_A,,true,true,Spacebar,1,N/A,1583,N/A,N/A,N/A
308,1770534706581,IR pressed,HF_63_A,,true,true,Spacebar,1,N/A,1583,N/A,N/A,N/A
308,1770534707073,WR pressed,HF_63_A,,true,true,Yes,N/A,N/A,N/A,492,N/A,N/A
308,1770534707074,gap_time,N/A,,true,true,GapTime_709,N/A,N/A,N/A,N/A,N/A,N/A
308,1770534707784,Sentence shown,HF_53_A,,,,N/A,N/A,N/A,N/A,N/A,N/A,N/A
308,1770534711801,gap_time,N/A,,,,GapTime_1245,N/A,N/A,N/A,N/A,N/A,N/A
308,1770534713061,Sentence shown,LVL_124_A,true,,,N/A,N/A,N/A,N/A,N/A,N/A,N/A
308,1770534717068,gap_time,N/A,true,,,GapTime_841,N/A,N/A,N/A,N/A,N/A,N/A
308,1770534717913,Sentence shown,HF_50_A,,,,N/A,N/A,N/A,N/A,N/A,N/A,N/A
308,1770534721921,gap_time,N/A,,,,GapTime_946,N/A,N/A,N/A,N/A,N/A,N/A
308,1770534722882,Sentence shown,HF_53_A,,true,true,N/A,N/A,N/A,N/A,N/A,N/A,N/A
308,1770534724313,Validation IR pressed,HF_53_A,,true,true,Spacebar,1,N/A,1431,N/A,N/A,N/A
308,1770534724313,IR pressed,HF_53_A,,true,true,Spacebar,1,N/A,1431,N/A,N/A,N/A
308,1770534726397,WR pressed,HF_53_A,,true,true,Yes,N/A,N/A,N/A,2084,N/A,N/A
308,1770534726398,gap_time,N/A,,true,true,GapTime_783,N/A,N/A,N/A,N/A,N/A,N/A
308,1770534727195,Sentence shown,HF_41_A,,,,N/A,N/A,N/A,N/A,N/A,N/A,N/A
308,1770534731207,gap_time,N/A,,,,GapTime_1136,N/A,N/A,N/A,N/A,N/A,N/A
308,1770534732355,Sentence shown,HF_50_A,,true,true,N/A,N/A,N/A,N/A,N/A,N/A,N/A
308,1770534734418,Validation IR pressed,HF_50_A,,true,true,Spacebar,1,N/A,2063,N/A,N/A,N/A
308,1770534734418,IR pressed,HF_50_A,,true,true,Spacebar,1,N/A,2063,N/A,N/A,N/A
308,1770534735796,WR pressed,HF_50_A,,true,true,Yes,N/A,N/A,N/A,1378,N/A,N/A
308,1770534735797,gap_time,N/A,,true,true,GapTime_1186,N/A,N/A,N/A,N/A,N/A,N/A
308,1770534736989,Sentence shown,HVL_109_P,true,,,N/A,N/A,N/A,N/A,N/A,N/A,N/A
308,1770534740993,gap_time,N/A,true,,,GapTime_784,N/A,N/A,N/A,N/A,N/A,N/A
308,1770534741784,Sentence shown,HF_64_A,,,,N/A,N/A,N/A,N/A,N/A,N/A,N/A
308,1770534745798,gap_time,N/A,,,,GapTime_1144,N/A,N/A,N/A,N/A,N/A,N/A
308,1770534746949,Sentence shown,LVL_124_P,true,,true,N/A,N/A,N/A,N/A,N/A,N/A,N/A
308,1770534749057,IR pressed,LVL_124_P,true,,true,Spacebar,1,N/A,2108,N/A,N/A,N/A
308,1770534749754,WR pressed,LVL_124_P,true,,true,No,N/A,1,N/A,697,N/A,N/A
308,1770534749754,gap_time,N/A,true,,true,GapTime_938,N/A,N/A,N/A,N/A,N/A,N/A
308,1770534750706,Sentence shown,HF_49_A,,,,N/A,N/A,N/A,N/A,N/A,N/A,N/A
308,1770534752870,Validation Wrong IR pressed,HF_49_A,,,,Spacebar,0,N/A,2164,N/A,N/A,N/A
308,1770534752870,IR pressed,HF_49_A,,,,Spacebar,0,N/A,2164,N/A,N/A,N/A
308,1770534753750,WR pressed,HF_49_A,,,,Yes,N/A,N/A,N/A,880,N/A,N/A
308,1770534753751,gap_time,N/A,,,,GapTime_755,N/A,N/A,N/A,N/A,N/A,N/A
308,1770534754516,Sentence shown,HF_49_A,,true,true,N/A,N/A,N/A,N/A,N/A,N/A,N/A
308,1770534755448,Validation IR pressed,HF_49_A,,true,true,Spacebar,1,N/A,932,N/A,N/A,N/A
308,1770534755448,IR pressed,HF_49_A,,true,true,Spacebar,1,N/A,932,N/A,N/A,N/A
308,1770534756008,WR pressed,HF_49_A,,true,true,Yes,N/A,N/A,N/A,560,N/A,N/A
308,1770534756009,gap_time,N/A,,true,true,GapTime_975,N/A,N/A,N/A,N/A,N/A,N/A
308,1770534756999,Sentence shown,HVL_114_P,true,,true,N/A,N/A,N/A,N/A,N/A,N/A,N/A
308,1770534759009,IR pressed,HVL_114_P,true,,true,Spacebar,1,N/A,2010,N/A,N/A,N/A
308,1770534759906,WR pressed,HVL_114_P,true,,true,No,N/A,1,N/A,897,N/A,N/A
308,1770534759907,gap_time,N/A,true,,true,GapTime_1039,N/A,N/A,N/A,N/A,N/A,N/A
308,1770534760952,Sentence shown,LVH_119_A,true,,,N/A,N/A,N/A,N/A,N/A,N/A,N/A
308,1770534764955,gap_time,N/A,true,,,GapTime_1148,N/A,N/A,N/A,N/A,N/A,N/A
308,1770534766115,Sentence shown,HH_145_A,true,,,N/A,N/A,N/A,N/A,N/A,N/A,N/A
308,1770534770118,gap_time,N/A,true,,,GapTime_1010,N/A,N/A,N/A,N/A,N/A,N/A
308,1770534771135,Sentence shown,HF_56_A,,,,N/A,N/A,N/A,N/A,N/A,N/A,N/A
308,1770534775138,gap_time,N/A,,,,GapTime_769,N/A,N/A,N/A,N/A,N/A,N/A
308,1770534775913,Sentence shown,HF_43_A,,,,N/A,N/A,N/A,N/A,N/A,N/A,N/A
308,1770534779917,gap_time,N/A,,,,GapTime_914,N/A,N/A,N/A,N/A,N/A,N/A
308,1770534780838,Sentence shown,HF_47_A,,,,N/A,N/A,N/A,N/A,N/A,N/A,N/A
308,1770534783191,Validation Wrong IR pressed,HF_47_A,,,,Spacebar,0,N/A,2352,N/A,N/A,N/A
308,1770534783191,IR pressed,HF_47_A,,,,Spacebar,0,N/A,2352,N/A,N/A,N/A
308,1770534784488,WR pressed,HF_47_A,,,,No,N/A,N/A,N/A,1297,N/A,N/A
308,1770534784489,gap_time,N/A,,,,GapTime_884,N/A,N/A,N/A,N/A,N/A,N/A
308,1770534785376,Sentence shown,HF_56_A,,true,true,N/A,N/A,N/A,N/A,N/A,N/A,N/A
308,1770534786923,Validation IR pressed,HF_56_A,,true,true,Spacebar,1,N/A,1547,N/A,N/A,N/A
308,1770534786923,IR pressed,HF_56_A,,true,true,Spacebar,1,N/A,1547,N/A,N/A,N/A
308,1770534787501,WR pressed,HF_56_A,,true,true,Yes,N/A,N/A,N/A,578,N/A,N/A
308,1770534787502,gap_time,N/A,,true,true,GapTime_1212,N/A,N/A,N/A,N/A,N/A,N/A
308,1770534788728,Sentence shown,HVL_109_A,true,,true,N/A,N/A,N/A,N/A,N/A,N/A,N/A
308,1770534790970,IR pressed,HVL_109_A,true,,true,Spacebar,1,N/A,2242,N/A,N/A,N/A
308,1770534791446,WR pressed,HVL_109_A,true,,true,Yes,N/A,0,N/A,476,N/A,N/A
308,1770534791447,gap_time,N/A,true,,true,GapTime_831,N/A,N/A,N/A,N/A,N/A,N/A
308,1770534792283,Sentence shown,LVH_119_P,true,,true,N/A,N/A,N/A,N/A,N/A,N/A,N/A
308,1770534794474,IR pressed,LVH_119_P,true,,true,Spacebar,1,N/A,2191,N/A,N/A,N/A
308,1770534795283,WR pressed,LVH_119_P,true,,true,No,N/A,1,N/A,809,N/A,N/A
308,1770534795284,gap_time,N/A,true,,true,GapTime_837,N/A,N/A,N/A,N/A,N/A,N/A
308,1770534796127,Sentence shown,HVL_123_P,true,,,N/A,N/A,N/A,N/A,N/A,N/A,N/A
308,1770534800144,gap_time,N/A,true,,,GapTime_1099,N/A,N/A,N/A,N/A,N/A,N/A
308,1770534801246,Sentence shown,LVH_133_A,true,,,N/A,N/A,N/A,N/A,N/A,N/A,N/A
308,1770534805249,gap_time,N/A,true,,,GapTime_743,N/A,N/A,N/A,N/A,N/A,N/A
308,1770534805995,Sentence shown,HF_65_A,,,,N/A,N/A,N/A,N/A,N/A,N/A,N/A
308,1770534810002,gap_time,N/A,,,,GapTime_822,N/A,N/A,N/A,N/A,N/A,N/A
308,1770534810827,Sentence shown,HF_55_A,,,,N/A,N/A,N/A,N/A,N/A,N/A,N/A
308,1770534814836,gap_time,N/A,,,,GapTime_913,N/A,N/A,N/A,N/A,N/A,N/A
308,1770534815760,Sentence shown,HH_145_A,true,,true,N/A,N/A,N/A,N/A,N/A,N/A,N/A
308,1770534817614,IR pressed,HH_145_A,true,,true,Spacebar,1,N/A,1854,N/A,N/A,N/A
308,1770534818250,WR pressed,HH_145_A,true,,true,No,N/A,0,N/A,636,N/A,N/A
308,1770534818251,gap_time,N/A,true,,true,GapTime_891,N/A,N/A,N/A,N/A,N/A,N/A
308,1770534819153,Sentence shown,HVL_123_P,true,,true,N/A,N/A,N/A,N/A,N/A,N/A,N/A
308,1770534821288,IR pressed,HVL_123_P,true,,true,Spacebar,1,N/A,2135,N/A,N/A,N/A
308,1770534821963,WR pressed,HVL_123_P,true,,true,Yes,N/A,1,N/A,675,N/A,N/A
308,1770534821964,gap_time,N/A,true,,true,GapTime_1256,N/A,N/A,N/A,N/A,N/A,N/A
308,1770534823225,Sentence shown,HF_58_A,,,,N/A,N/A,N/A,N/A,N/A,N/A,N/A
308,1770534827237,gap_time,N/A,,,,GapTime_1125,N/A,N/A,N/A,N/A,N/A,N/A
308,1770534828380,Sentence shown,HH_189_A,true,,,N/A,N/A,N/A,N/A,N/A,N/A,N/A
308,1770534832395,gap_time,N/A,true,,,GapTime_1236,N/A,N/A,N/A,N/A,N/A,N/A
308,1770534833645,Sentence shown,HF_54_A,,,,N/A,N/A,N/A,N/A,N/A,N/A,N/A
308,1770534837647,gap_time,N/A,,,,GapTime_806,N/A,N/A,N/A,N/A,N/A,N/A
308,1770534838463,Sentence shown,HF_51_A,,,,N/A,N/A,N/A,N/A,N/A,N/A,N/A
308,1770534842471,gap_time,N/A,,,,GapTime_1253,N/A,N/A,N/A,N/A,N/A,N/A
308,1770534843736,Sentence shown,LVH_133_A,true,,true,N/A,N/A,N/A,N/A,N/A,N/A,N/A
308,1770534845533,IR pressed,LVH_133_A,true,,true,Spacebar,1,N/A,1797,N/A,N/A,N/A
308,1770534846141,WR pressed,LVH_133_A,true,,true,No,N/A,0,N/A,608,N/A,N/A
308,1770534846141,gap_time,N/A,true,,true,GapTime_798,N/A,N/A,N/A,N/A,N/A,N/A
308,1770534846954,Sentence shown,HF_39_A,,,,N/A,N/A,N/A,N/A,N/A,N/A,N/A
308,1770534850967,gap_time,N/A,,,,GapTime_1181,N/A,N/A,N/A,N/A,N/A,N/A
308,1770534852150,Sentence shown,HF_42_A,,,,N/A,N/A,N/A,N/A,N/A,N/A,N/A
308,1770534853620,Validation Wrong IR pressed,HF_42_A,,,,Spacebar,0,N/A,1469,N/A,N/A,N/A
308,1770534853620,IR pressed,HF_42_A,,,,Spacebar,0,N/A,1469,N/A,N/A,N/A
308,1770534854421,WR pressed,HF_42_A,,,,No,N/A,N/A,N/A,801,N/A,N/A
308,1770534854422,gap_time,N/A,,,,GapTime_1064,N/A,N/A,N/A,N/A,N/A,N/A
308,1770534855502,Sentence shown,HF_38_A,,,,N/A,N/A,N/A,N/A,N/A,N/A,N/A
308,1770534858402,Validation Wrong IR pressed,HF_38_A,,,,Spacebar,0,N/A,2900,N/A,N/A,N/A
308,1770534858402,IR pressed,HF_38_A,,,,Spacebar,0,N/A,2900,N/A,N/A,N/A
308,1770534859393,WR pressed,HF_38_A,,,,No,N/A,N/A,N/A,991,N/A,N/A
308,1770534859394,gap_time,N/A,,,,GapTime_1251,N/A,N/A,N/A,N/A,N/A,N/A
308,1770534860659,Sentence shown,HF_46_A,,,,N/A,N/A,N/A,N/A,N/A,N/A,N/A
308,1770534864667,gap_time,N/A,,,,GapTime_1040,N/A,N/A,N/A,N/A,N/A,N/A
308,1770534865722,Sentence shown,HF_38_A,,true,true,N/A,N/A,N/A,N/A,N/A,N/A,N/A
308,1770534867176,Validation IR pressed,HF_38_A,,true,true,Spacebar,1,N/A,1454,N/A,N/A,N/A
308,1770534867176,IR pressed,HF_38_A,,true,true,Spacebar,1,N/A,1454,N/A,N/A,N/A
308,1770534867725,WR pressed,HF_38_A,,true,true,Yes,N/A,N/A,N/A,549,N/A,N/A
308,1770534867726,gap_time,N/A,,true,true,GapTime_1282,N/A,N/A,N/A,N/A,N/A,N/A
308,1770534869019,Sentence shown,HH_189_P,true,,true,N/A,N/A,N/A,N/A,N/A,N/A,N/A
308,1770534873031,gap_time,N/A,true,,true,GapTime_1052,N/A,N/A,N/A,N/A,N/A,N/A
308,1770534874085,Sentence shown,HF_37_A,,,,N/A,N/A,N/A,N/A,N/A,N/A,N/A
308,1770534878093,gap_time,N/A,,,,GapTime_1181,N/A,N/A,N/A,N/A,N/A,N/A
308,1770534879281,Sentence shown,HF_52_A,,,,N/A,N/A,N/A,N/A,N/A,N/A,N/A
308,1770534883287,gap_time,N/A,,,,GapTime_1029,N/A,N/A,N/A,N/A,N/A,N/A
308,1770534884321,Sentence shown,HF_40_A,,,,N/A,N/A,N/A,N/A,N/A,N/A,N/A
308,1770534886349,Validation Wrong IR pressed,HF_40_A,,,,Spacebar,0,N/A,2028,N/A,N/A,N/A
308,1770534886349,IR pressed,HF_40_A,,,,Spacebar,0,N/A,2028,N/A,N/A,N/A
308,1770534888509,WR pressed,HF_40_A,,,,No,N/A,N/A,N/A,2160,N/A,N/A
308,1770534888510,gap_time,N/A,,,,GapTime_993,N/A,N/A,N/A,N/A,N/A,N/A
308,1770534889518,Sentence shown,HF_59_A,,,,N/A,N/A,N/A,N/A,N/A,N/A,N/A
308,1770534893526,gap_time,N/A,,,,GapTime_762,N/A,N/A,N/A,N/A,N/A,N/A
308,1770534894291,Sentence shown,LVH_157_P,true,,,N/A,N/A,N/A,N/A,N/A,N/A,N/A
308,1770534898304,gap_time,N/A,true,,,GapTime_1133,N/A,N/A,N/A,N/A,N/A,N/A
308,1770534899440,Sentence shown,HF_60_A,,,,N/A,N/A,N/A,N/A,N/A,N/A,N/A
308,1770534900639,Validation Wrong IR pressed,HF_60_A,,,,Spacebar,0,N/A,1199,N/A,N/A,N/A
308,1770534900639,IR pressed,HF_60_A,,,,Spacebar,0,N/A,1199,N/A,N/A,N/A
308,1770534901123,WR pressed,HF_60_A,,,,Yes,N/A,N/A,N/A,484,N/A,N/A
308,1770534901124,gap_time,N/A,,,,GapTime_771,N/A,N/A,N/A,N/A,N/A,N/A
308,1770534901901,Sentence shown,HH_147_P,true,,,N/A,N/A,N/A,N/A,N/A,N/A,N/A
308,1770534905903,gap_time,N/A,true,,,GapTime_715,N/A,N/A,N/A,N/A,N/A,N/A
308,1770534906629,Sentence shown,LVL_137_P,true,,,N/A,N/A,N/A,N/A,N/A,N/A,N/A
308,1770534910634,gap_time,N/A,true,,,GapTime_754,N/A,N/A,N/A,N/A,N/A,N/A
308,1770534911399,Sentence shown,HF_60_A,,true,true,N/A,N/A,N/A,N/A,N/A,N/A,N/A
308,1770534912572,Validation IR pressed,HF_60_A,,true,true,Spacebar,1,N/A,1173,N/A,N/A,N/A
308,1770534912572,IR pressed,HF_60_A,,true,true,Spacebar,1,N/A,1173,N/A,N/A,N/A
308,1770534913289,WR pressed,HF_60_A,,true,true,Yes,N/A,N/A,N/A,717,N/A,N/A
308,1770534913289,gap_time,N/A,,true,true,GapTime_1262,N/A,N/A,N/A,N/A,N/A,N/A
308,1770534914564,Sentence shown,HF_48_A,,,,N/A,N/A,N/A,N/A,N/A,N/A,N/A
308,1770534918567,gap_time,N/A,,,,GapTime_915,N/A,N/A,N/A,N/A,N/A,N/A
308,1770534919500,Sentence shown,HF_57_A,,,,N/A,N/A,N/A,N/A,N/A,N/A,N/A
308,1770534923517,gap_time,N/A,,,,GapTime_922,N/A,N/A,N/A,N/A,N/A,N/A
308,1770534924449,Sentence shown,HH_156_P,true,,,N/A,N/A,N/A,N/A,N/A,N/A,N/A
308,1770534928306,Validation Wrong IR pressed,HH_156_P,true,,,Spacebar,0,N/A,3857,N/A,N/A,N/A
308,1770534928306,IR pressed,HH_156_P,true,,,Spacebar,0,N/A,3857,N/A,N/A,N/A
308,1770534930302,WR pressed,HH_156_P,true,,,No,N/A,1,N/A,1996,N/A,N/A
308,1770534930303,gap_time,N/A,true,,,GapTime_1174,N/A,N/A,N/A,N/A,N/A,N/A
308,1770534931492,Sentence shown,LVH_157_P,true,,true,N/A,N/A,N/A,N/A,N/A,N/A,N/A
308,1770534933134,IR pressed,LVH_157_P,true,,true,Spacebar,1,N/A,1642,N/A,N/A,N/A
308,1770534933842,WR pressed,LVH_157_P,true,,true,Yes,N/A,1,N/A,708,N/A,N/A
308,1770534933842,gap_time,N/A,true,,true,GapTime_756,N/A,N/A,N/A,N/A,N/A,N/A
308,1770534934611,Sentence shown,HF_35_A,,,,N/A,N/A,N/A,N/A,N/A,N/A,N/A
308,1770534936916,Validation Wrong IR pressed,HF_35_A,,,,Spacebar,0,N/A,2305,N/A,N/A,N/A
308,1770534936916,IR pressed,HF_35_A,,,,Spacebar,0,N/A,2305,N/A,N/A,N/A
308,1770534937753,WR pressed,HF_35_A,,,,No,N/A,N/A,N/A,837,N/A,N/A
308,1770534937754,gap_time,N/A,,,,GapTime_1082,N/A,N/A,N/A,N/A,N/A,N/A
308,1770534938846,Sentence shown,HF_35_A,,true,true,N/A,N/A,N/A,N/A,N/A,N/A,N/A
308,1770534940152,Validation IR pressed,HF_35_A,,true,true,Spacebar,1,N/A,1306,N/A,N/A,N/A
308,1770534940152,IR pressed,HF_35_A,,true,true,Spacebar,1,N/A,1306,N/A,N/A,N/A
308,1770534940384,WR pressed,HF_35_A,,true,true,Yes,N/A,N/A,N/A,232,N/A,N/A
308,1770534940385,gap_time,N/A,,true,true,GapTime_907,N/A,N/A,N/A,N/A,N/A,N/A
308,1770534941302,Sentence shown,HH_147_P,true,,true,N/A,N/A,N/A,N/A,N/A,N/A,N/A
308,1770534943042,IR pressed,HH_147_P,true,,true,Spacebar,1,N/A,1740,N/A,N/A,N/A
308,1770534945904,WR pressed,HH_147_P,true,,true,No,N/A,0,N/A,2862,N/A,N/A
308,1770534945905,gap_time,N/A,true,,true,GapTime_1227,N/A,N/A,N/A,N/A,N/A,N/A
308,1770534947138,Sentence shown,LVL_103_A,true,,,N/A,N/A,N/A,N/A,N/A,N/A,N/A
308,1770534951145,gap_time,N/A,true,,,GapTime_1216,N/A,N/A,N/A,N/A,N/A,N/A
308,1770534952375,Sentence shown,HF_44_A,,,,N/A,N/A,N/A,N/A,N/A,N/A,N/A
308,1770534956390,gap_time,N/A,,,,GapTime_792,N/A,N/A,N/A,N/A,N/A,N/A
308,1770534957189,Sentence shown,HF_45_A,,,,N/A,N/A,N/A,N/A,N/A,N/A,N/A
308,1770534959204,Validation Wrong IR pressed,HF_45_A,,,,Spacebar,0,N/A,2015,N/A,N/A,N/A
308,1770534959204,IR pressed,HF_45_A,,,,Spacebar,0,N/A,2015,N/A,N/A,N/A
308,1770534959780,WR pressed,HF_45_A,,,,No,N/A,N/A,N/A,576,N/A,N/A
308,1770534959781,gap_time,N/A,,,,GapTime_1258,N/A,N/A,N/A,N/A,N/A,N/A
308,1770534961055,Sentence shown,LVL_137_A,true,,true,N/A,N/A,N/A,N/A,N/A,N/A,N/A
308,1770534962958,IR pressed,LVL_137_A,true,,true,Spacebar,1,N/A,1903,N/A,N/A,N/A
308,1770534964924,WR pressed,LVL_137_A,true,,true,No,N/A,1,N/A,1966,N/A,N/A
308,1770534964924,gap_time,N/A,true,,true,GapTime_925,N/A,N/A,N/A,N/A,N/A,N/A
308,1770534965854,Sentence shown,HVL_155_A,true,,,N/A,N/A,N/A,N/A,N/A,N/A,N/A
308,1770534969865,gap_time,N/A,true,,,GapTime_1144,N/A,N/A,N/A,N/A,N/A,N/A
308,1770534971025,Sentence shown,HF_62_A,,,,N/A,N/A,N/A,N/A,N/A,N/A,N/A
308,1770534972880,Validation Wrong IR pressed,HF_62_A,,,,Spacebar,0,N/A,1855,N/A,N/A,N/A
308,1770534972880,IR pressed,HF_62_A,,,,Spacebar,0,N/A,1855,N/A,N/A,N/A
308,1770534973618,WR pressed,HF_62_A,,,,No,N/A,N/A,N/A,738,N/A,N/A
308,1770534973619,gap_time,N/A,,,,GapTime_1020,N/A,N/A,N/A,N/A,N/A,N/A
308,1770534974654,Sentence shown,LVL_110_P,true,,,N/A,N/A,N/A,N/A,N/A,N/A,N/A
308,1770534978658,gap_time,N/A,true,,,GapTime_1013,N/A,N/A,N/A,N/A,N/A,N/A
308,1770534979679,Sentence shown,HH_156_A,true,,true,N/A,N/A,N/A,N/A,N/A,N/A,N/A
308,1770534981400,IR pressed,HH_156_A,true,,true,Spacebar,1,N/A,1721,N/A,N/A,N/A
308,1770534982144,WR pressed,HH_156_A,true,,true,Yes,N/A,0,N/A,744,N/A,N/A
308,1770534982144,gap_time,N/A,true,,true,GapTime_1293,N/A,N/A,N/A,N/A,N/A,N/A
308,1770534983445,Sentence shown,HF_62_A,,true,true,N/A,N/A,N/A,N/A,N/A,N/A,N/A
308,1770534985588,Validation IR pressed,HF_62_A,,true,true,Spacebar,1,N/A,2143,N/A,N/A,N/A
308,1770534985588,IR pressed,HF_62_A,,true,true,Spacebar,1,N/A,2143,N/A,N/A,N/A
308,1770534987701,WR pressed,HF_62_A,,true,true,Yes,N/A,N/A,N/A,2113,N/A,N/A
308,1770534987702,gap_time,N/A,,true,true,GapTime_912,N/A,N/A,N/A,N/A,N/A,N/A
308,1770534988618,Sentence shown,HF_61_A,,,,N/A,N/A,N/A,N/A,N/A,N/A,N/A
308,1770534992626,gap_time,N/A,,,,GapTime_902,N/A,N/A,N/A,N/A,N/A,N/A
308,1770534993536,Sentence shown,LVL_103_A,true,,true,N/A,N/A,N/A,N/A,N/A,N/A,N/A
308,1770534995061,IR pressed,LVL_103_A,true,,true,Spacebar,1,N/A,1525,N/A,N/A,N/A
308,1770534995765,WR pressed,LVL_103_A,true,,true,Yes,N/A,1,N/A,703,N/A,N/A
308,1770534995765,gap_time,N/A,true,,true,GapTime_1032,N/A,N/A,N/A,N/A,N/A,N/A
308,1770534996800,Sentence shown,LVH_151_P,true,,,N/A,N/A,N/A,N/A,N/A,N/A,N/A
308,1770535000813,gap_time,N/A,true,,,GapTime_1096,N/A,N/A,N/A,N/A,N/A,N/A
308,1770535001911,Sentence shown,HVL_155_A,true,,true,N/A,N/A,N/A,N/A,N/A,N/A,N/A
308,1770535003145,IR pressed,HVL_155_A,true,,true,Spacebar,1,N/A,1234,N/A,N/A,N/A
308,1770535003718,WR pressed,HVL_155_A,true,,true,Yes,N/A,1,N/A,573,N/A,N/A
308,1770535003718,gap_time,N/A,true,,true,GapTime_1209,N/A,N/A,N/A,N/A,N/A,N/A
308,1770535004938,Sentence shown,LVL_110_P,true,,true,N/A,N/A,N/A,N/A,N/A,N/A,N/A
308,1770535006507,IR pressed,LVL_110_P,true,,true,Spacebar,1,N/A,1569,N/A,N/A,N/A
308,1770535006850,WR pressed,LVL_110_P,true,,true,Yes,N/A,1,N/A,343,N/A,N/A
308,1770535006851,gap_time,N/A,true,,true,GapTime_1063,N/A,N/A,N/A,N/A,N/A,N/A
308,1770535007927,Sentence shown,LVH_151_A,true,,true,N/A,N/A,N/A,N/A,N/A,N/A,N/A
308,1770535009240,IR pressed,LVH_151_A,true,,true,Spacebar,1,N/A,1313,N/A,N/A,N/A
308,1770535009487,WR pressed,LVH_151_A,true,,true,Yes,N/A,0,N/A,247,N/A,N/A
308,1770535009488,gap_time,N/A,true,,true,GapTime_1216,N/A,N/A,N/A,N/A,N/A,N/A
308,1770535010706,Rest Phase started,N/A,true,,true,Rest,N/A,N/A,N/A,N/A,N/A,N/A
308,1770535072240,Sentence shown,HF_76_A,,,,N/A,N/A,N/A,N/A,N/A,N/A,N/A
308,1770535076254,gap_time,N/A,,,,GapTime_963,N/A,N/A,N/A,N/A,N/A,N/A
308,1770535077228,Sentence shown,HF_80_A,,,,N/A,N/A,N/A,N/A,N/A,N/A,N/A
308,1770535081239,gap_time,N/A,,,,GapTime_871,N/A,N/A,N/A,N/A,N/A,N/A
308,1770535082120,Sentence shown,HF_88_A,,,,N/A,N/A,N/A,N/A,N/A,N/A,N/A
308,1770535086126,gap_time,N/A,,,,GapTime_1164,N/A,N/A,N/A,N/A,N/A,N/A
308,1770535087292,Sentence shown,HVL_145_P,true,,,N/A,N/A,N/A,N/A,N/A,N/A,N/A
308,1770535091305,gap_time,N/A,true,,,GapTime_1239,N/A,N/A,N/A,N/A,N/A,N/A
308,1770535092547,Sentence shown,HF_73_A,,,,N/A,N/A,N/A,N/A,N/A,N/A,N/A
308,1770535096552,gap_time,N/A,,,,GapTime_729,N/A,N/A,N/A,N/A,N/A,N/A
308,1770535097288,Sentence shown,HF_88_A,,true,true,N/A,N/A,N/A,N/A,N/A,N/A,N/A
308,1770535099101,Validation IR pressed,HF_88_A,,true,true,Spacebar,1,N/A,1813,N/A,N/A,N/A
308,1770535099101,IR pressed,HF_88_A,,true,true,Spacebar,1,N/A,1813,N/A,N/A,N/A
308,1770535101373,WR pressed,HF_88_A,,true,true,Yes,N/A,N/A,N/A,2272,N/A,N/A
308,1770535101374,gap_time,N/A,,true,true,GapTime_766,N/A,N/A,N/A,N/A,N/A,N/A
308,1770535102141,Sentence shown,HF_73_A,,true,true,N/A,N/A,N/A,N/A,N/A,N/A,N/A
308,1770535103785,Validation IR pressed,HF_73_A,,true,true,Spacebar,1,N/A,1644,N/A,N/A,N/A
308,1770535103785,IR pressed,HF_73_A,,true,true,Spacebar,1,N/A,1644,N/A,N/A,N/A
308,1770535104650,WR pressed,HF_73_A,,true,true,Yes,N/A,N/A,N/A,864,N/A,N/A
308,1770535104651,gap_time,N/A,,true,true,GapTime_747,N/A,N/A,N/A,N/A,N/A,N/A
308,1770535105405,Sentence shown,LVH_109_P,true,,,N/A,N/A,N/A,N/A,N/A,N/A,N/A
308,1770535109420,gap_time,N/A,true,,,GapTime_928,N/A,N/A,N/A,N/A,N/A,N/A
308,1770535110364,Sentence shown,HH_172_A,true,,,N/A,N/A,N/A,N/A,N/A,N/A,N/A
308,1770535114380,gap_time,N/A,true,,,GapTime_957,N/A,N/A,N/A,N/A,N/A,N/A
308,1770535115345,Sentence shown,HF_90_A,,,,N/A,N/A,N/A,N/A,N/A,N/A,N/A
308,1770535119355,gap_time,N/A,,,,GapTime_1264,N/A,N/A,N/A,N/A,N/A,N/A
308,1770535120631,Sentence shown,HF_72_A,,,,N/A,N/A,N/A,N/A,N/A,N/A,N/A
308,1770535124643,gap_time,N/A,,,,GapTime_728,N/A,N/A,N/A,N/A,N/A,N/A
308,1770535125373,Sentence shown,HF_69_A,,,,N/A,N/A,N/A,N/A,N/A,N/A,N/A
308,1770535129389,gap_time,N/A,,,,GapTime_854,N/A,N/A,N/A,N/A,N/A,N/A
308,1770535130248,Sentence shown,HVL_101_A,true,,,N/A,N/A,N/A,N/A,N/A,N/A,N/A
308,1770535134259,gap_time,N/A,true,,,GapTime_990,N/A,N/A,N/A,N/A,N/A,N/A
308,1770535135261,Sentence shown,HVL_145_P,true,,true,N/A,N/A,N/A,N/A,N/A,N/A,N/A
308,1770535136854,IR pressed,HVL_145_P,true,,true,Spacebar,1,N/A,1593,N/A,N/A,N/A
308,1770535137307,WR pressed,HVL_145_P,true,,true,Yes,N/A,1,N/A,453,N/A,N/A
308,1770535137308,gap_time,N/A,true,,true,GapTime_971,N/A,N/A,N/A,N/A,N/A,N/A
308,1770535138292,Sentence shown,LVH_121_A,true,,,N/A,N/A,N/A,N/A,N/A,N/A,N/A
308,1770535142294,gap_time,N/A,true,,,GapTime_1243,N/A,N/A,N/A,N/A,N/A,N/A
308,1770535143541,Sentence shown,LVH_109_P,true,,true,N/A,N/A,N/A,N/A,N/A,N/A,N/A
308,1770535145696,IR pressed,LVH_109_P,true,,true,Spacebar,1,N/A,2155,N/A,N/A,N/A
308,1770535147387,WR pressed,LVH_109_P,true,,true,Yes,N/A,1,N/A,1691,N/A,N/A
308,1770535147387,gap_time,N/A,true,,true,GapTime_866,N/A,N/A,N/A,N/A,N/A,N/A
308,1770535148261,Sentence shown,HF_92_A,,,,N/A,N/A,N/A,N/A,N/A,N/A,N/A
308,1770535152277,gap_time,N/A,,,,GapTime_984,N/A,N/A,N/A,N/A,N/A,N/A
308,1770535153276,Sentence shown,HF_75_A,,,,N/A,N/A,N/A,N/A,N/A,N/A,N/A
308,1770535157286,gap_time,N/A,,,,GapTime_1084,N/A,N/A,N/A,N/A,N/A,N/A
308,1770535158375,Sentence shown,HH_172_P,true,,true,N/A,N/A,N/A,N/A,N/A,N/A,N/A
308,1770535160505,IR pressed,HH_172_P,true,,true,Spacebar,1,N/A,2130,N/A,N/A,N/A
308,1770535161242,WR pressed,HH_172_P,true,,true,Yes,N/A,0,N/A,737,N/A,N/A
308,1770535161244,gap_time,N/A,true,,true,GapTime_1072,N/A,N/A,N/A,N/A,N/A,N/A
308,1770535162324,Sentence shown,HF_92_A,,true,true,N/A,N/A,N/A,N/A,N/A,N/A,N/A
308,1770535163773,Validation IR pressed,HF_92_A,,true,true,Spacebar,1,N/A,1449,N/A,N/A,N/A
308,1770535163773,IR pressed,HF_92_A,,true,true,Spacebar,1,N/A,1449,N/A,N/A,N/A
308,1770535164242,WR pressed,HF_92_A,,true,true,Yes,N/A,N/A,N/A,469,N/A,N/A
308,1770535164244,gap_time,N/A,,true,true,GapTime_759,N/A,N/A,N/A,N/A,N/A,N/A
308,1770535165014,Sentence shown,HF_91_A,,,,N/A,N/A,N/A,N/A,N/A,N/A,N/A
308,1770535169017,gap_time,N/A,,,,GapTime_740,N/A,N/A,N/A,N/A,N/A,N/A
308,1770535169771,Sentence shown,HF_85_A,,,,N/A,N/A,N/A,N/A,N/A,N/A,N/A
308,1770535173782,gap_time,N/A,,,,GapTime_1149,N/A,N/A,N/A,N/A,N/A,N/A
308,1770535174940,Sentence shown,LVH_121_P,true,,true,N/A,N/A,N/A,N/A,N/A,N/A,N/A
308,1770535176988,IR pressed,LVH_121_P,true,,true,Spacebar,1,N/A,2048,N/A,N/A,N/A
308,1770535178092,WR pressed,LVH_121_P,true,,true,No,N/A,1,N/A,1104,N/A,N/A
308,1770535178093,gap_time,N/A,true,,true,GapTime_1212,N/A,N/A,N/A,N/A,N/A,N/A
308,1770535179316,Sentence shown,HF_89_A,,,,N/A,N/A,N/A,N/A,N/A,N/A,N/A
308,1770535183318,gap_time,N/A,,,,GapTime_1239,N/A,N/A,N/A,N/A,N/A,N/A
308,1770535184565,Sentence shown,LVL_112_P,true,,,N/A,N/A,N/A,N/A,N/A,N/A,N/A
308,1770535188566,gap_time,N/A,true,,,GapTime_1096,N/A,N/A,N/A,N/A,N/A,N/A
308,1770535189664,Sentence shown,HVL_101_P,true,,true,N/A,N/A,N/A,N/A,N/A,N/A,N/A
308,1770535192617,IR pressed,HVL_101_P,true,,true,Spacebar,1,N/A,2952,N/A,N/A,N/A
308,1770535193500,WR pressed,HVL_101_P,true,,true,No,N/A,1,N/A,883,N/A,N/A
308,1770535193501,gap_time,N/A,true,,true,GapTime_1120,N/A,N/A,N/A,N/A,N/A,N/A
308,1770535194632,Sentence shown,LVH_136_A,true,,,N/A,N/A,N/A,N/A,N/A,N/A,N/A
308,1770535198509,Validation Wrong IR pressed,LVH_136_A,true,,,Spacebar,0,N/A,3877,N/A,N/A,N/A
308,1770535198509,IR pressed,LVH_136_A,true,,,Spacebar,0,N/A,3877,N/A,N/A,N/A
308,1770535200478,WR pressed,LVH_136_A,true,,,No,N/A,0,N/A,1969,N/A,N/A
308,1770535200479,gap_time,N/A,true,,,GapTime_718,N/A,N/A,N/A,N/A,N/A,N/A
308,1770535201201,Sentence shown,LVL_120_A,true,,,N/A,N/A,N/A,N/A,N/A,N/A,N/A
308,1770535205217,gap_time,N/A,true,,,GapTime_805,N/A,N/A,N/A,N/A,N/A,N/A
308,1770535206035,Sentence shown,LVL_119_A,true,,,N/A,N/A,N/A,N/A,N/A,N/A,N/A
308,1770535210048,gap_time,N/A,true,,,GapTime_1102,N/A,N/A,N/A,N/A,N/A,N/A
308,1770535211152,Sentence shown,HF_74_A,,,,N/A,N/A,N/A,N/A,N/A,N/A,N/A
308,1770535214132,Validation Wrong IR pressed,HF_74_A,,,,Spacebar,0,N/A,2980,N/A,N/A,N/A
308,1770535214132,IR pressed,HF_74_A,,,,Spacebar,0,N/A,2980,N/A,N/A,N/A
308,1770535214962,WR pressed,HF_74_A,,,,No,N/A,N/A,N/A,830,N/A,N/A
308,1770535214963,gap_time,N/A,,,,GapTime_1176,N/A,N/A,N/A,N/A,N/A,N/A
308,1770535216152,Sentence shown,HF_94_A,,,,N/A,N/A,N/A,N/A,N/A,N/A,N/A
308,1770535219315,Validation Wrong IR pressed,HF_94_A,,,,Spacebar,0,N/A,3163,N/A,N/A,N/A
308,1770535219315,IR pressed,HF_94_A,,,,Spacebar,0,N/A,3163,N/A,N/A,N/A
308,1770535219769,WR pressed,HF_94_A,,,,No,N/A,N/A,N/A,454,N/A,N/A
308,1770535219769,gap_time,N/A,,,,GapTime_1078,N/A,N/A,N/A,N/A,N/A,N/A
308,1770535220856,Sentence shown,LVL_140_P,true,,,N/A,N/A,N/A,N/A,N/A,N/A,N/A
308,1770535224868,gap_time,N/A,true,,,GapTime_1110,N/A,N/A,N/A,N/A,N/A,N/A
308,1770535225996,Sentence shown,LVL_112_P,true,,true,N/A,N/A,N/A,N/A,N/A,N/A,N/A
308,1770535228126,IR pressed,LVL_112_P,true,,true,Spacebar,1,N/A,2130,N/A,N/A,N/A
308,1770535229072,WR pressed,LVL_112_P,true,,true,No,N/A,0,N/A,945,N/A,N/A
308,1770535229072,gap_time,N/A,true,,true,GapTime_1063,N/A,N/A,N/A,N/A,N/A,N/A
308,1770535230138,Sentence shown,HF_94_A,,true,true,N/A,N/A,N/A,N/A,N/A,N/A,N/A
308,1770535233222,Validation IR pressed,HF_94_A,,true,true,Spacebar,1,N/A,3084,N/A,N/A,N/A
308,1770535233222,IR pressed,HF_94_A,,true,true,Spacebar,1,N/A,3084,N/A,N/A,N/A
308,1770535233793,WR pressed,HF_94_A,,true,true,Yes,N/A,N/A,N/A,571,N/A,N/A
308,1770535233794,gap_time,N/A,,true,true,GapTime_1171,N/A,N/A,N/A,N/A,N/A,N/A
308,1770535234967,Sentence shown,HF_78_A,,,,N/A,N/A,N/A,N/A,N/A,N/A,N/A
308,1770535237659,Validation Wrong IR pressed,HF_78_A,,,,Spacebar,0,N/A,2692,N/A,N/A,N/A
308,1770535237659,IR pressed,HF_78_A,,,,Spacebar,0,N/A,2692,N/A,N/A,N/A
308,1770535238143,WR pressed,HF_78_A,,,,No,N/A,N/A,N/A,484,N/A,N/A
308,1770535238144,gap_time,N/A,,,,GapTime_1034,N/A,N/A,N/A,N/A,N/A,N/A
308,1770535239188,Sentence shown,LVH_136_A,true,,true,N/A,N/A,N/A,N/A,N/A,N/A,N/A
308,1770535241404,IR pressed,LVH_136_A,true,,true,Spacebar,1,N/A,2216,N/A,N/A,N/A
308,1770535241905,WR pressed,LVH_136_A,true,,true,Yes,N/A,1,N/A,501,N/A,N/A
308,1770535241906,gap_time,N/A,true,,true,GapTime_756,N/A,N/A,N/A,N/A,N/A,N/A
308,1770535242673,Sentence shown,LVH_141_P,true,,,N/A,N/A,N/A,N/A,N/A,N/A,N/A
308,1770535246677,gap_time,N/A,true,,,GapTime_753,N/A,N/A,N/A,N/A,N/A,N/A
308,1770535247443,Sentence shown,HH_139_P,true,,,N/A,N/A,N/A,N/A,N/A,N/A,N/A
308,1770535251452,gap_time,N/A,true,,,GapTime_1172,N/A,N/A,N/A,N/A,N/A,N/A
308,1770535252629,Sentence shown,LVL_120_P,true,,true,N/A,N/A,N/A,N/A,N/A,N/A,N/A
308,1770535254493,IR pressed,LVL_120_P,true,,true,Spacebar,1,N/A,1864,N/A,N/A,N/A
308,1770535257822,WR pressed,LVL_120_P,true,,true,No,N/A,1,N/A,3329,N/A,N/A
308,1770535257823,gap_time,N/A,true,,true,GapTime_867,N/A,N/A,N/A,N/A,N/A,N/A
308,1770535258698,Sentence shown,HF_67_A,,,,N/A,N/A,N/A,N/A,N/A,N/A,N/A
308,1770535262707,gap_time,N/A,,,,GapTime_938,N/A,N/A,N/A,N/A,N/A,N/A
308,1770535263658,Sentence shown,LVL_119_A,true,,true,N/A,N/A,N/A,N/A,N/A,N/A,N/A
308,1770535265399,IR pressed,LVL_119_A,true,,true,Spacebar,1,N/A,1741,N/A,N/A,N/A
308,1770535269352,WR pressed,LVL_119_A,true,,true,No,N/A,0,N/A,3953,N/A,N/A
308,1770535269353,gap_time,N/A,true,,true,GapTime_728,N/A,N/A,N/A,N/A,N/A,N/A
308,1770535270096,Sentence shown,HF_67_A,,true,true,N/A,N/A,N/A,N/A,N/A,N/A,N/A
308,1770535271670,Validation IR pressed,HF_67_A,,true,true,Spacebar,1,N/A,1574,N/A,N/A,N/A
308,1770535271670,IR pressed,HF_67_A,,true,true,Spacebar,1,N/A,1574,N/A,N/A,N/A
308,1770535272145,WR pressed,HF_67_A,,true,true,Yes,N/A,N/A,N/A,475,N/A,N/A
308,1770535272146,gap_time,N/A,,true,true,GapTime_1088,N/A,N/A,N/A,N/A,N/A,N/A
308,1770535273237,Sentence shown,HF_81_A,,,,N/A,N/A,N/A,N/A,N/A,N/A,N/A
308,1770535275769,Validation Wrong IR pressed,HF_81_A,,,,Spacebar,0,N/A,2532,N/A,N/A,N/A
308,1770535275769,IR pressed,HF_81_A,,,,Spacebar,0,N/A,2532,N/A,N/A,N/A
308,1770535278109,WR pressed,HF_81_A,,,,No,N/A,N/A,N/A,2340,N/A,N/A
308,1770535278110,gap_time,N/A,,,,GapTime_819,N/A,N/A,N/A,N/A,N/A,N/A
308,1770535278932,Sentence shown,HF_87_A,,,,N/A,N/A,N/A,N/A,N/A,N/A,N/A
308,1770535282939,gap_time,N/A,,,,GapTime_979,N/A,N/A,N/A,N/A,N/A,N/A
308,1770535283925,Sentence shown,LVH_141_A,true,,true,N/A,N/A,N/A,N/A,N/A,N/A,N/A
308,1770535285839,IR pressed,LVH_141_A,true,,true,Spacebar,1,N/A,1914,N/A,N/A,N/A
308,1770535286642,WR pressed,LVH_141_A,true,,true,Yes,N/A,0,N/A,803,N/A,N/A
308,1770535286643,gap_time,N/A,true,,true,GapTime_1002,N/A,N/A,N/A,N/A,N/A,N/A
308,1770535287653,Sentence shown,HF_87_A,,true,true,N/A,N/A,N/A,N/A,N/A,N/A,N/A
308,1770535289081,Validation IR pressed,HF_87_A,,true,true,Spacebar,1,N/A,1428,N/A,N/A,N/A
308,1770535289081,IR pressed,HF_87_A,,true,true,Spacebar,1,N/A,1428,N/A,N/A,N/A
308,1770535289609,WR pressed,HF_87_A,,true,true,Yes,N/A,N/A,N/A,527,N/A,N/A
308,1770535289610,gap_time,N/A,,true,true,GapTime_1056,N/A,N/A,N/A,N/A,N/A,N/A
308,1770535290668,Sentence shown,LVL_140_A,true,,true,N/A,N/A,N/A,N/A,N/A,N/A,N/A
308,1770535292473,IR pressed,LVL_140_A,true,,true,Spacebar,1,N/A,1805,N/A,N/A,N/A
308,1770535294440,WR pressed,LVL_140_A,true,,true,No,N/A,1,N/A,1967,N/A,N/A
308,1770535294440,gap_time,N/A,true,,true,GapTime_1072,N/A,N/A,N/A,N/A,N/A,N/A
308,1770535295521,Sentence shown,HF_84_A,,,,N/A,N/A,N/A,N/A,N/A,N/A,N/A
308,1770535298042,Validation Wrong IR pressed,HF_84_A,,,,Spacebar,0,N/A,2521,N/A,N/A,N/A
308,1770535298042,IR pressed,HF_84_A,,,,Spacebar,0,N/A,2521,N/A,N/A,N/A
308,1770535301214,WR pressed,HF_84_A,,,,No,N/A,N/A,N/A,3172,N/A,N/A
308,1770535301215,gap_time,N/A,,,,GapTime_939,N/A,N/A,N/A,N/A,N/A,N/A
308,1770535302156,Sentence shown,HF_83_A,,,,N/A,N/A,N/A,N/A,N/A,N/A,N/A
308,1770535306166,gap_time,N/A,,,,GapTime_979,N/A,N/A,N/A,N/A,N/A,N/A
308,1770535307156,Sentence shown,HH_139_A,true,,true,N/A,N/A,N/A,N/A,N/A,N/A,N/A
308,1770535311161,gap_time,N/A,true,,true,GapTime_724,N/A,N/A,N/A,N/A,N/A,N/A
308,1770535311900,Sentence shown,HVL_158_A,true,,,N/A,N/A,N/A,N/A,N/A,N/A,N/A
308,1770535315916,gap_time,N/A,true,,,GapTime_947,N/A,N/A,N/A,N/A,N/A,N/A
308,1770535316877,Sentence shown,HF_79_A,,,,N/A,N/A,N/A,N/A,N/A,N/A,N/A
308,1770535320892,gap_time,N/A,,,,GapTime_891,N/A,N/A,N/A,N/A,N/A,N/A
308,1770535321785,Sentence shown,HF_93_A,,,,N/A,N/A,N/A,N/A,N/A,N/A,N/A
308,1770535325791,gap_time,N/A,,,,GapTime_1151,N/A,N/A,N/A,N/A,N/A,N/A
308,1770535326947,Sentence shown,HH_140_A,true,,,N/A,N/A,N/A,N/A,N/A,N/A,N/A
308,1770535330963,gap_time,N/A,true,,,GapTime_935,N/A,N/A,N/A,N/A,N/A,N/A
308,1770535331908,Sentence shown,HF_86_A,,,,N/A,N/A,N/A,N/A,N/A,N/A,N/A
308,1770535335911,gap_time,N/A,,,,GapTime_754,N/A,N/A,N/A,N/A,N/A,N/A
308,1770535336682,Sentence shown,HF_70_A,,,,N/A,N/A,N/A,N/A,N/A,N/A,N/A
308,1770535340684,gap_time,N/A,,,,GapTime_882,N/A,N/A,N/A,N/A,N/A,N/A
308,1770535341576,Sentence shown,HVL_139_P,true,,,N/A,N/A,N/A,N/A,N/A,N/A,N/A
308,1770535345585,gap_time,N/A,true,,,GapTime_920,N/A,N/A,N/A,N/A,N/A,N/A
308,1770535346509,Sentence shown,HF_86_A,,true,true,N/A,N/A,N/A,N/A,N/A,N/A,N/A
308,1770535347970,Validation IR pressed,HF_86_A,,true,true,Spacebar,1,N/A,1460,N/A,N/A,N/A
308,1770535347970,IR pressed,HF_86_A,,true,true,Spacebar,1,N/A,1460,N/A,N/A,N/A
308,1770535349127,WR pressed,HF_86_A,,true,true,Yes,N/A,N/A,N/A,1157,N/A,N/A
308,1770535349128,gap_time,N/A,,true,true,GapTime_885,N/A,N/A,N/A,N/A,N/A,N/A
308,1770535350026,Sentence shown,HVL_158_A,true,,true,N/A,N/A,N/A,N/A,N/A,N/A,N/A
308,1770535351790,IR pressed,HVL_158_A,true,,true,Spacebar,1,N/A,1764,N/A,N/A,N/A
308,1770535353812,WR pressed,HVL_158_A,true,,true,Yes,N/A,1,N/A,2022,N/A,N/A
308,1770535353812,gap_time,N/A,true,,true,GapTime_998,N/A,N/A,N/A,N/A,N/A,N/A
308,1770535354822,Sentence shown,HF_68_A,,,,N/A,N/A,N/A,N/A,N/A,N/A,N/A
308,1770535358830,gap_time,N/A,,,,GapTime_761,N/A,N/A,N/A,N/A,N/A,N/A
308,1770535359595,Sentence shown,HF_97_A,,,,N/A,N/A,N/A,N/A,N/A,N/A,N/A
308,1770535363604,gap_time,N/A,,,,GapTime_1100,N/A,N/A,N/A,N/A,N/A,N/A
308,1770535364714,Sentence shown,HH_140_A,true,,true,N/A,N/A,N/A,N/A,N/A,N/A,N/A
308,1770535366584,IR pressed,HH_140_A,true,,true,Spacebar,1,N/A,1870,N/A,N/A,N/A
308,1770535367447,WR pressed,HH_140_A,true,,true,Yes,N/A,1,N/A,863,N/A,N/A
308,1770535367447,gap_time,N/A,true,,true,GapTime_1192,N/A,N/A,N/A,N/A,N/A,N/A
308,1770535368643,Sentence shown,HH_137_P,true,,,N/A,N/A,N/A,N/A,N/A,N/A,N/A
308,1770535372647,gap_time,N/A,true,,,GapTime_946,N/A,N/A,N/A,N/A,N/A,N/A
308,1770535373610,Sentence shown,HF_71_A,,,,N/A,N/A,N/A,N/A,N/A,N/A,N/A
308,1770535375787,Validation Wrong IR pressed,HF_71_A,,,,Spacebar,0,N/A,2177,N/A,N/A,N/A
308,1770535375787,IR pressed,HF_71_A,,,,Spacebar,0,N/A,2177,N/A,N/A,N/A
308,1770535376520,WR pressed,HF_71_A,,,,No,N/A,N/A,N/A,733,N/A,N/A
308,1770535376520,gap_time,N/A,,,,GapTime_1151,N/A,N/A,N/A,N/A,N/A,N/A
308,1770535377679,Sentence shown,HF_66_A,,,,N/A,N/A,N/A,N/A,N/A,N/A,N/A
308,1770535380066,Validation Wrong IR pressed,HF_66_A,,,,Spacebar,0,N/A,2387,N/A,N/A,N/A
308,1770535380066,IR pressed,HF_66_A,,,,Spacebar,0,N/A,2387,N/A,N/A,N/A
308,1770535380497,WR pressed,HF_66_A,,,,No,N/A,N/A,N/A,431,N/A,N/A
308,1770535380498,gap_time,N/A,,,,GapTime_1170,N/A,N/A,N/A,N/A,N/A,N/A
308,1770535381677,Sentence shown,HF_66_A,,true,true,N/A,N/A,N/A,N/A,N/A,N/A,N/A
308,1770535383177,Validation IR pressed,HF_66_A,,true,true,Spacebar,1,N/A,1500,N/A,N/A,N/A
308,1770535383177,IR pressed,HF_66_A,,true,true,Spacebar,1,N/A,1500,N/A,N/A,N/A
308,1770535383578,WR pressed,HF_66_A,,true,true,Yes,N/A,N/A,N/A,401,N/A,N/A
308,1770535383579,gap_time,N/A,,true,true,GapTime_1279,N/A,N/A,N/A,N/A,N/A,N/A
308,1770535384863,Sentence shown,HF_95_A,,,,N/A,N/A,N/A,N/A,N/A,N/A,N/A
308,1770535387158,Validation Wrong IR pressed,HF_95_A,,,,Spacebar,0,N/A,2295,N/A,N/A,N/A
308,1770535387158,IR pressed,HF_95_A,,,,Spacebar,0,N/A,2295,N/A,N/A,N/A
308,1770535388030,WR pressed,HF_95_A,,,,Yes,N/A,N/A,N/A,872,N/A,N/A
308,1770535388031,gap_time,N/A,,,,GapTime_1072,N/A,N/A,N/A,N/A,N/A,N/A
308,1770535389116,Sentence shown,HF_82_A,,,,N/A,N/A,N/A,N/A,N/A,N/A,N/A
308,1770535393120,gap_time,N/A,,,,GapTime_1164,N/A,N/A,N/A,N/A,N/A,N/A
308,1770535394298,Sentence shown,HVL_139_A,true,,true,N/A,N/A,N/A,N/A,N/A,N/A,N/A
308,1770535395890,IR pressed,HVL_139_A,true,,true,Spacebar,1,N/A,1592,N/A,N/A,N/A
308,1770535396670,WR pressed,HVL_139_A,true,,true,Yes,N/A,0,N/A,780,N/A,N/A
308,1770535396671,gap_time,N/A,true,,true,GapTime_1073,N/A,N/A,N/A,N/A,N/A,N/A
308,1770535397750,Sentence shown,HF_82_A,,true,true,N/A,N/A,N/A,N/A,N/A,N/A,N/A
308,1770535399491,Validation IR pressed,HF_82_A,,true,true,Spacebar,1,N/A,1741,N/A,N/A,N/A
308,1770535399491,IR pressed,HF_82_A,,true,true,Spacebar,1,N/A,1741,N/A,N/A,N/A
308,1770535400059,WR pressed,HF_82_A,,true,true,Yes,N/A,N/A,N/A,568,N/A,N/A
308,1770535400060,gap_time,N/A,,true,true,GapTime_1027,N/A,N/A,N/A,N/A,N/A,N/A
308,1770535401104,Sentence shown,HF_77_A,,,,N/A,N/A,N/A,N/A,N/A,N/A,N/A
308,1770535405106,gap_time,N/A,,,,GapTime_754,N/A,N/A,N/A,N/A,N/A,N/A
308,1770535405864,Sentence shown,HF_96_A,,,,N/A,N/A,N/A,N/A,N/A,N/A,N/A
308,1770535409867,gap_time,N/A,,,,GapTime_969,N/A,N/A,N/A,N/A,N/A,N/A
308,1770535410839,Sentence shown,HH_137_P,true,,true,N/A,N/A,N/A,N/A,N/A,N/A,N/A
308,1770535413311,IR pressed,HH_137_P,true,,true,Spacebar,1,N/A,2472,N/A,N/A,N/A
308,1770535414138,WR pressed,HH_137_P,true,,true,Yes,N/A,1,N/A,827,N/A,N/A
308,1770535414139,gap_time,N/A,true,,true,GapTime_733,N/A,N/A,N/A,N/A,N/A,N/A
308,1770535414878,Sentence shown,HF_77_A,,true,true,N/A,N/A,N/A,N/A,N/A,N/A,N/A
308,1770535416555,Validation IR pressed,HF_77_A,,true,true,Spacebar,1,N/A,1677,N/A,N/A,N/A
308,1770535416555,IR pressed,HF_77_A,,true,true,Spacebar,1,N/A,1677,N/A,N/A,N/A
308,1770535417188,WR pressed,HF_77_A,,true,true,Yes,N/A,N/A,N/A,633,N/A,N/A
308,1770535417189,gap_time,N/A,,true,true,GapTime_836,N/A,N/A,N/A,N/A,N/A,N/A
