participant_ID,Timestamp,Event,Stimulus,isTarget,isValidation,isRepeat,Button,Accuracy IR,Accuracy WR,Reaction_time_IR,Reaction_time_WR,CR_IR,CR_WR
318,1770546738460,Practice Sentence shown,HL_67_A,,,,N/A,N/A,N/A,N/A,N/A,N/A,N/A
318,1770546743964,Practice Sentence shown,HL_62_A,,,,N/A,N/A,N/A,N/A,N/A,N/A,N/A
318,1770546749466,Practice Sentence shown,HH_121_A,true,,,N/A,N/A,N/A,N/A,N/A,N/A,N/A
318,1770546754968,Practice Sentence shown,HL_101_A,,,,N/A,N/A,N/A,N/A,N/A,N/A,N/A
318,1770546760470,Practice Sentence shown,HL_78_A,,,,N/A,N/A,N/A,N/A,N/A,N/A,N/A
318,1770546765972,Practice Sentence shown,HL_59_A,,,,N/A,N/A,N/A,N/A,N/A,N/A,N/A
318,1770546771475,Practice Sentence shown,HH_118_A,true,,,N/A,N/A,N/A,N/A,N/A,N/A,N/A
318,1770546776977,Practice Sentence shown,HH_121_A,true,,true,N/A,N/A,N/A,N/A,N/A,N/A,N/A
318,1770546778719,Practice IR pressed,HH_121_A,true,,true,Spacebar,1,N/A,1742,N/A,N/A,N/A
318,1770546779392,Practice WR pressed,HH_121_A,true,,true,Yes,N/A,1,N/A,673,N/A,N/A
318,1770546780894,Practice Sentence shown,HH_100_A,true,,,N/A,N/A,N/A,N/A,N/A,N/A,N/A
318,1770546786396,Practice Sentence shown,HL_61_A,,,,N/A,N/A,N/A,N/A,N/A,N/A,N/A
318,1770546791899,Practice Sentence shown,HH_135_A,true,,,N/A,N/A,N/A,N/A,N/A,N/A,N/A
318,1770546797401,Practice Sentence shown,HL_111_A,,,,N/A,N/A,N/A,N/A,N/A,N/A,N/A
318,1770546802903,Practice Sentence shown,HH_118_P,true,,true,N/A,N/A,N/A,N/A,N/A,N/A,N/A
318,1770546805844,Practice IR pressed,HH_118_P,true,,true,Spacebar,1,N/A,2941,N/A,N/A,N/A
318,1770546806661,Practice WR pressed,HH_118_P,true,,true,No,N/A,1,N/A,817,N/A,N/A
318,1770546808163,Practice Sentence shown,HH_100_A,true,,true,N/A,N/A,N/A,N/A,N/A,N/A,N/A
318,1770546809529,Practice IR pressed,HH_100_A,true,,true,Spacebar,1,N/A,1366,N/A,N/A,N/A
318,1770546809901,Practice WR pressed,HH_100_A,true,,true,Yes,N/A,1,N/A,372,N/A,N/A
318,1770546811403,Practice Sentence shown,HH_101_A,true,,,N/A,N/A,N/A,N/A,N/A,N/A,N/A
318,1770546816906,Practice Sentence shown,HL_75_A,,,,N/A,N/A,N/A,N/A,N/A,N/A,N/A
318,1770546822408,Practice Sentence shown,HL_25_A,,,,N/A,N/A,N/A,N/A,N/A,N/A,N/A
318,1770546827911,Practice Sentence shown,HH_135_P,true,,true,N/A,N/A,N/A,N/A,N/A,N/A,N/A
318,1770546831912,Practice Missed,HH_135_P,true,,true,None,0,N/A,N/A,N/A,N/A,N/A
318,1770546843740,Practice Sentence shown,HL_69_A,,,,N/A,N/A,N/A,N/A,N/A,N/A,N/A
318,1770546849243,Practice Sentence shown,HH_101_P,true,,true,N/A,N/A,N/A,N/A,N/A,N/A,N/A
318,1770546851080,Practice IR pressed,HH_101_P,true,,true,Spacebar,1,N/A,1837,N/A,N/A,N/A
318,1770546851689,Practice WR pressed,HH_101_P,true,,true,No,N/A,1,N/A,609,N/A,N/A
318,1770546927829,Sentence shown,HF_21_A,,,,N/A,N/A,N/A,N/A,N/A,N/A,N/A
318,1770546931831,gap_time,N/A,,,,GapTime_864,N/A,N/A,N/A,N/A,N/A,N/A
318,1770546932697,Sentence shown,HF_28_A,,,,N/A,N/A,N/A,N/A,N/A,N/A,N/A
318,1770546936698,gap_time,N/A,,,,GapTime_841,N/A,N/A,N/A,N/A,N/A,N/A
318,1770546937540,Sentence shown,HH_163_P,true,,,N/A,N/A,N/A,N/A,N/A,N/A,N/A
318,1770546941542,gap_time,N/A,true,,,GapTime_916,N/A,N/A,N/A,N/A,N/A,N/A
318,1770546942459,Sentence shown,HF_8_A,,,,N/A,N/A,N/A,N/A,N/A,N/A,N/A
318,1770546946461,gap_time,N/A,,,,GapTime_743,N/A,N/A,N/A,N/A,N/A,N/A
318,1770546947205,Sentence shown,HF_28_A,,true,true,N/A,N/A,N/A,N/A,N/A,N/A,N/A
318,1770546948316,Validation IR pressed,HF_28_A,,true,true,Spacebar,1,N/A,1111,N/A,N/A,N/A
318,1770546948316,IR pressed,HF_28_A,,true,true,Spacebar,1,N/A,1111,N/A,N/A,N/A
318,1770546948800,WR pressed,HF_28_A,,true,true,Yes,N/A,N/A,N/A,484,N/A,N/A
318,1770546948801,gap_time,N/A,,true,true,GapTime_1106,N/A,N/A,N/A,N/A,N/A,N/A
318,1770546949908,Sentence shown,HF_18_A,,,,N/A,N/A,N/A,N/A,N/A,N/A,N/A
318,1770546953910,gap_time,N/A,,,,GapTime_1294,N/A,N/A,N/A,N/A,N/A,N/A
318,1770546955205,Sentence shown,HF_33_A,,,,N/A,N/A,N/A,N/A,N/A,N/A,N/A
318,1770546959206,gap_time,N/A,,,,GapTime_968,N/A,N/A,N/A,N/A,N/A,N/A
318,1770546960176,Sentence shown,HH_163_A,true,,true,N/A,N/A,N/A,N/A,N/A,N/A,N/A
318,1770546961973,IR pressed,HH_163_A,true,,true,Spacebar,1,N/A,1797,N/A,N/A,N/A
318,1770546962457,WR pressed,HH_163_A,true,,true,Yes,N/A,0,N/A,484,N/A,N/A
318,1770546962458,gap_time,N/A,true,,true,GapTime_757,N/A,N/A,N/A,N/A,N/A,N/A
318,1770546963216,Sentence shown,HF_18_A,,true,true,N/A,N/A,N/A,N/A,N/A,N/A,N/A
318,1770546964503,Validation IR pressed,HF_18_A,,true,true,Spacebar,1,N/A,1287,N/A,N/A,N/A
318,1770546964503,IR pressed,HF_18_A,,true,true,Spacebar,1,N/A,1287,N/A,N/A,N/A
318,1770546964881,WR pressed,HF_18_A,,true,true,Yes,N/A,N/A,N/A,378,N/A,N/A
318,1770546964882,gap_time,N/A,,true,true,GapTime_930,N/A,N/A,N/A,N/A,N/A,N/A
318,1770546965813,Sentence shown,HF_16_A,,,,N/A,N/A,N/A,N/A,N/A,N/A,N/A
318,1770546969814,gap_time,N/A,,,,GapTime_887,N/A,N/A,N/A,N/A,N/A,N/A
318,1770546970703,Sentence shown,HF_1_A,,,,N/A,N/A,N/A,N/A,N/A,N/A,N/A
318,1770546973000,Validation Wrong IR pressed,HF_1_A,,,,Spacebar,0,N/A,2297,N/A,N/A,N/A
318,1770546973000,IR pressed,HF_1_A,,,,Spacebar,0,N/A,2297,N/A,N/A,N/A
318,1770546975848,WR pressed,HF_1_A,,,,No,N/A,N/A,N/A,2848,N/A,N/A
318,1770546975849,gap_time,N/A,,,,GapTime_962,N/A,N/A,N/A,N/A,N/A,N/A
318,1770546976812,Sentence shown,HF_22_A,,,,N/A,N/A,N/A,N/A,N/A,N/A,N/A
318,1770546980813,gap_time,N/A,,,,GapTime_1087,N/A,N/A,N/A,N/A,N/A,N/A
318,1770546981901,Sentence shown,HF_1_A,,true,true,N/A,N/A,N/A,N/A,N/A,N/A,N/A
318,1770546983127,Validation IR pressed,HF_1_A,,true,true,Spacebar,1,N/A,1226,N/A,N/A,N/A
318,1770546983127,IR pressed,HF_1_A,,true,true,Spacebar,1,N/A,1226,N/A,N/A,N/A
318,1770546983526,WR pressed,HF_1_A,,true,true,Yes,N/A,N/A,N/A,399,N/A,N/A
318,1770546983527,gap_time,N/A,,true,true,GapTime_1278,N/A,N/A,N/A,N/A,N/A,N/A
318,1770546984807,Sentence shown,HF_12_A,,,,N/A,N/A,N/A,N/A,N/A,N/A,N/A
318,1770546988808,gap_time,N/A,,,,GapTime_1013,N/A,N/A,N/A,N/A,N/A,N/A
318,1770546989822,Sentence shown,HF_22_A,,true,true,N/A,N/A,N/A,N/A,N/A,N/A,N/A
318,1770546991164,Validation IR pressed,HF_22_A,,true,true,Spacebar,1,N/A,1342,N/A,N/A,N/A
318,1770546991164,IR pressed,HF_22_A,,true,true,Spacebar,1,N/A,1342,N/A,N/A,N/A
318,1770546991524,WR pressed,HF_22_A,,true,true,Yes,N/A,N/A,N/A,360,N/A,N/A
318,1770546991524,gap_time,N/A,,true,true,GapTime_816,N/A,N/A,N/A,N/A,N/A,N/A
318,1770546992342,Sentence shown,HF_2_A,,,,N/A,N/A,N/A,N/A,N/A,N/A,N/A
318,1770546994492,Validation Wrong IR pressed,HF_2_A,,,,Spacebar,0,N/A,2150,N/A,N/A,N/A
318,1770546994492,IR pressed,HF_2_A,,,,Spacebar,0,N/A,2150,N/A,N/A,N/A
318,1770546997434,WR pressed,HF_2_A,,,,No,N/A,N/A,N/A,2942,N/A,N/A
318,1770546997434,gap_time,N/A,,,,GapTime_952,N/A,N/A,N/A,N/A,N/A,N/A
318,1770546998387,Sentence shown,HF_29_A,,,,N/A,N/A,N/A,N/A,N/A,N/A,N/A
318,1770547002388,gap_time,N/A,,,,GapTime_913,N/A,N/A,N/A,N/A,N/A,N/A
318,1770547003303,Sentence shown,HH_167_A,true,,,N/A,N/A,N/A,N/A,N/A,N/A,N/A
318,1770547007304,gap_time,N/A,true,,,GapTime_1012,N/A,N/A,N/A,N/A,N/A,N/A
318,1770547008316,Sentence shown,HF_24_A,,,,N/A,N/A,N/A,N/A,N/A,N/A,N/A
318,1770547012318,gap_time,N/A,,,,GapTime_1114,N/A,N/A,N/A,N/A,N/A,N/A
318,1770547013433,Sentence shown,HF_24_A,,true,true,N/A,N/A,N/A,N/A,N/A,N/A,N/A
318,1770547014296,Validation IR pressed,HF_24_A,,true,true,Spacebar,1,N/A,863,N/A,N/A,N/A
318,1770547014296,IR pressed,HF_24_A,,true,true,Spacebar,1,N/A,863,N/A,N/A,N/A
318,1770547014749,WR pressed,HF_24_A,,true,true,Yes,N/A,N/A,N/A,453,N/A,N/A
318,1770547014750,gap_time,N/A,,true,true,GapTime_1249,N/A,N/A,N/A,N/A,N/A,N/A
318,1770547016000,Sentence shown,HF_7_A,,,,N/A,N/A,N/A,N/A,N/A,N/A,N/A
318,1770547020001,gap_time,N/A,,,,GapTime_1186,N/A,N/A,N/A,N/A,N/A,N/A
318,1770547021188,Sentence shown,HF_14_A,,,,N/A,N/A,N/A,N/A,N/A,N/A,N/A
318,1770547022622,Validation Wrong IR pressed,HF_14_A,,,,Spacebar,0,N/A,1434,N/A,N/A,N/A
318,1770547022622,IR pressed,HF_14_A,,,,Spacebar,0,N/A,1434,N/A,N/A,N/A
318,1770547023011,WR pressed,HF_14_A,,,,Yes,N/A,N/A,N/A,389,N/A,N/A
318,1770547023011,gap_time,N/A,,,,GapTime_813,N/A,N/A,N/A,N/A,N/A,N/A
318,1770547023825,Sentence shown,HF_20_A,,,,N/A,N/A,N/A,N/A,N/A,N/A,N/A
318,1770547027827,gap_time,N/A,,,,GapTime_1047,N/A,N/A,N/A,N/A,N/A,N/A
318,1770547028875,Sentence shown,HF_20_A,,true,true,N/A,N/A,N/A,N/A,N/A,N/A,N/A
318,1770547029652,Validation IR pressed,HF_20_A,,true,true,Spacebar,1,N/A,777,N/A,N/A,N/A
318,1770547029652,IR pressed,HF_20_A,,true,true,Spacebar,1,N/A,777,N/A,N/A,N/A
318,1770547030130,WR pressed,HF_20_A,,true,true,Yes,N/A,N/A,N/A,478,N/A,N/A
318,1770547030131,gap_time,N/A,,true,true,GapTime_1255,N/A,N/A,N/A,N/A,N/A,N/A
318,1770547031387,Sentence shown,HF_7_A,,true,true,N/A,N/A,N/A,N/A,N/A,N/A,N/A
318,1770547032683,Validation IR pressed,HF_7_A,,true,true,Spacebar,1,N/A,1296,N/A,N/A,N/A
318,1770547032683,IR pressed,HF_7_A,,true,true,Spacebar,1,N/A,1296,N/A,N/A,N/A
318,1770547033112,WR pressed,HF_7_A,,true,true,Yes,N/A,N/A,N/A,429,N/A,N/A
318,1770547033113,gap_time,N/A,,true,true,GapTime_748,N/A,N/A,N/A,N/A,N/A,N/A
318,1770547033862,Sentence shown,LVL_133_P,true,,,N/A,N/A,N/A,N/A,N/A,N/A,N/A
318,1770547037863,gap_time,N/A,true,,,GapTime_739,N/A,N/A,N/A,N/A,N/A,N/A
318,1770547038604,Sentence shown,HH_180_P,true,,,N/A,N/A,N/A,N/A,N/A,N/A,N/A
318,1770547042605,gap_time,N/A,true,,,GapTime_892,N/A,N/A,N/A,N/A,N/A,N/A
318,1770547043498,Sentence shown,HF_25_A,,,,N/A,N/A,N/A,N/A,N/A,N/A,N/A
318,1770547047499,gap_time,N/A,,,,GapTime_1248,N/A,N/A,N/A,N/A,N/A,N/A
318,1770547048748,Sentence shown,HF_25_A,,true,true,N/A,N/A,N/A,N/A,N/A,N/A,N/A
318,1770547049506,Validation IR pressed,HF_25_A,,true,true,Spacebar,1,N/A,757,N/A,N/A,N/A
318,1770547049506,IR pressed,HF_25_A,,true,true,Spacebar,1,N/A,757,N/A,N/A,N/A
318,1770547050089,WR pressed,HF_25_A,,true,true,Yes,N/A,N/A,N/A,583,N/A,N/A
318,1770547050089,gap_time,N/A,,true,true,GapTime_894,N/A,N/A,N/A,N/A,N/A,N/A
318,1770547050985,Sentence shown,HH_167_P,true,,true,N/A,N/A,N/A,N/A,N/A,N/A,N/A
318,1770547052662,IR pressed,HH_167_P,true,,true,Spacebar,1,N/A,1676,N/A,N/A,N/A
318,1770547053055,WR pressed,HH_167_P,true,,true,Yes,N/A,0,N/A,393,N/A,N/A
318,1770547053056,gap_time,N/A,true,,true,GapTime_776,N/A,N/A,N/A,N/A,N/A,N/A
318,1770547053833,Sentence shown,HF_26_A,,,,N/A,N/A,N/A,N/A,N/A,N/A,N/A
318,1770547057834,gap_time,N/A,,,,GapTime_1259,N/A,N/A,N/A,N/A,N/A,N/A
318,1770547059095,Sentence shown,LVH_119_P,true,,,N/A,N/A,N/A,N/A,N/A,N/A,N/A
318,1770547063096,gap_time,N/A,true,,,GapTime_1082,N/A,N/A,N/A,N/A,N/A,N/A
318,1770547064179,Sentence shown,HF_11_A,,,,N/A,N/A,N/A,N/A,N/A,N/A,N/A
318,1770547068180,gap_time,N/A,,,,GapTime_1094,N/A,N/A,N/A,N/A,N/A,N/A
318,1770547069276,Sentence shown,HF_11_A,,true,true,N/A,N/A,N/A,N/A,N/A,N/A,N/A
318,1770547070100,Validation IR pressed,HF_11_A,,true,true,Spacebar,1,N/A,824,N/A,N/A,N/A
318,1770547070100,IR pressed,HF_11_A,,true,true,Spacebar,1,N/A,824,N/A,N/A,N/A
318,1770547070469,WR pressed,HF_11_A,,true,true,Yes,N/A,N/A,N/A,368,N/A,N/A
318,1770547070469,gap_time,N/A,,true,true,GapTime_980,N/A,N/A,N/A,N/A,N/A,N/A
318,1770547071450,Sentence shown,HH_180_P,true,,true,N/A,N/A,N/A,N/A,N/A,N/A,N/A
318,1770547073061,IR pressed,HH_180_P,true,,true,Spacebar,1,N/A,1611,N/A,N/A,N/A
318,1770547073969,WR pressed,HH_180_P,true,,true,Yes,N/A,1,N/A,908,N/A,N/A
318,1770547073969,gap_time,N/A,true,,true,GapTime_1210,N/A,N/A,N/A,N/A,N/A,N/A
318,1770547075180,Sentence shown,LVL_133_P,true,,true,N/A,N/A,N/A,N/A,N/A,N/A,N/A
318,1770547076368,IR pressed,LVL_133_P,true,,true,Spacebar,1,N/A,1188,N/A,N/A,N/A
318,1770547076736,WR pressed,LVL_133_P,true,,true,Yes,N/A,1,N/A,368,N/A,N/A
318,1770547076737,gap_time,N/A,true,,true,GapTime_1063,N/A,N/A,N/A,N/A,N/A,N/A
318,1770547077801,Sentence shown,HF_9_A,,,,N/A,N/A,N/A,N/A,N/A,N/A,N/A
318,1770547081803,gap_time,N/A,,,,GapTime_1130,N/A,N/A,N/A,N/A,N/A,N/A
318,1770547082934,Sentence shown,HVL_145_A,true,,,N/A,N/A,N/A,N/A,N/A,N/A,N/A
318,1770547086935,gap_time,N/A,true,,,GapTime_1000,N/A,N/A,N/A,N/A,N/A,N/A
318,1770547087937,Sentence shown,HF_4_A,,,,N/A,N/A,N/A,N/A,N/A,N/A,N/A
318,1770547091938,gap_time,N/A,,,,GapTime_797,N/A,N/A,N/A,N/A,N/A,N/A
318,1770547092736,Sentence shown,LVL_140_A,true,,,N/A,N/A,N/A,N/A,N/A,N/A,N/A
318,1770547096737,gap_time,N/A,true,,,GapTime_1077,N/A,N/A,N/A,N/A,N/A,N/A
318,1770547097815,Sentence shown,HF_31_A,,,,N/A,N/A,N/A,N/A,N/A,N/A,N/A
318,1770547099937,Validation Wrong IR pressed,HF_31_A,,,,Spacebar,0,N/A,2122,N/A,N/A,N/A
318,1770547099937,IR pressed,HF_31_A,,,,Spacebar,0,N/A,2122,N/A,N/A,N/A
318,1770547102954,WR pressed,HF_31_A,,,,No,N/A,N/A,N/A,3017,N/A,N/A
318,1770547102955,gap_time,N/A,,,,GapTime_1204,N/A,N/A,N/A,N/A,N/A,N/A
318,1770547104160,Sentence shown,LVH_119_P,true,,true,N/A,N/A,N/A,N/A,N/A,N/A,N/A
318,1770547105382,IR pressed,LVH_119_P,true,,true,Spacebar,1,N/A,1222,N/A,N/A,N/A
318,1770547105756,WR pressed,LVH_119_P,true,,true,Yes,N/A,1,N/A,374,N/A,N/A
318,1770547105757,gap_time,N/A,true,,true,GapTime_1093,N/A,N/A,N/A,N/A,N/A,N/A
318,1770547106851,Sentence shown,HVL_117_A,true,,,N/A,N/A,N/A,N/A,N/A,N/A,N/A
318,1770547110852,gap_time,N/A,true,,,GapTime_930,N/A,N/A,N/A,N/A,N/A,N/A
318,1770547111784,Sentence shown,HF_23_A,,,,N/A,N/A,N/A,N/A,N/A,N/A,N/A
318,1770547113607,Validation Wrong IR pressed,HF_23_A,,,,Spacebar,0,N/A,1823,N/A,N/A,N/A
318,1770547113607,IR pressed,HF_23_A,,,,Spacebar,0,N/A,1823,N/A,N/A,N/A
318,1770547114435,WR pressed,HF_23_A,,,,No,N/A,N/A,N/A,828,N/A,N/A
318,1770547114436,gap_time,N/A,,,,GapTime_866,N/A,N/A,N/A,N/A,N/A,N/A
318,1770547115303,Sentence shown,LVL_102_P,true,,,N/A,N/A,N/A,N/A,N/A,N/A,N/A
318,1770547119303,gap_time,N/A,true,,,GapTime_875,N/A,N/A,N/A,N/A,N/A,N/A
318,1770547120179,Sentence shown,HF_19_A,,,,N/A,N/A,N/A,N/A,N/A,N/A,N/A
318,1770547122186,Validation Wrong IR pressed,HF_19_A,,,,Spacebar,0,N/A,2007,N/A,N/A,N/A
318,1770547122186,IR pressed,HF_19_A,,,,Spacebar,0,N/A,2007,N/A,N/A,N/A
318,1770547126256,WR pressed,HF_19_A,,,,No,N/A,N/A,N/A,4070,N/A,N/A
318,1770547126256,gap_time,N/A,,,,GapTime_972,N/A,N/A,N/A,N/A,N/A,N/A
318,1770547127230,Sentence shown,HVL_145_A,true,,true,N/A,N/A,N/A,N/A,N/A,N/A,N/A
318,1770547128405,IR pressed,HVL_145_A,true,,true,Spacebar,1,N/A,1175,N/A,N/A,N/A
318,1770547128719,WR pressed,HVL_145_A,true,,true,Yes,N/A,1,N/A,314,N/A,N/A
318,1770547128720,gap_time,N/A,true,,true,GapTime_1045,N/A,N/A,N/A,N/A,N/A,N/A
318,1770547129766,Sentence shown,HF_17_A,,,,N/A,N/A,N/A,N/A,N/A,N/A,N/A
318,1770547132365,Validation Wrong IR pressed,HF_17_A,,,,Spacebar,0,N/A,2599,N/A,N/A,N/A
318,1770547132365,IR pressed,HF_17_A,,,,Spacebar,0,N/A,2599,N/A,N/A,N/A
318,1770547133447,WR pressed,HF_17_A,,,,No,N/A,N/A,N/A,1082,N/A,N/A
318,1770547133448,gap_time,N/A,,,,GapTime_1097,N/A,N/A,N/A,N/A,N/A,N/A
318,1770547134546,Sentence shown,HVL_134_P,true,,,N/A,N/A,N/A,N/A,N/A,N/A,N/A
318,1770547138547,gap_time,N/A,true,,,GapTime_1218,N/A,N/A,N/A,N/A,N/A,N/A
318,1770547139767,Sentence shown,LVL_140_A,true,,true,N/A,N/A,N/A,N/A,N/A,N/A,N/A
318,1770547140894,IR pressed,LVL_140_A,true,,true,Spacebar,1,N/A,1127,N/A,N/A,N/A
318,1770547141227,WR pressed,LVL_140_A,true,,true,Yes,N/A,1,N/A,333,N/A,N/A
318,1770547141228,gap_time,N/A,true,,true,GapTime_737,N/A,N/A,N/A,N/A,N/A,N/A
318,1770547141966,Sentence shown,HF_5_A,,,,N/A,N/A,N/A,N/A,N/A,N/A,N/A
318,1770547144111,Validation Wrong IR pressed,HF_5_A,,,,Spacebar,0,N/A,2145,N/A,N/A,N/A
318,1770547144111,IR pressed,HF_5_A,,,,Spacebar,0,N/A,2145,N/A,N/A,N/A
318,1770547145028,WR pressed,HF_5_A,,,,No,N/A,N/A,N/A,917,N/A,N/A
318,1770547145029,gap_time,N/A,,,,GapTime_1240,N/A,N/A,N/A,N/A,N/A,N/A
318,1770547146270,Sentence shown,HVL_117_P,true,,true,N/A,N/A,N/A,N/A,N/A,N/A,N/A
318,1770547150271,gap_time,N/A,true,,true,GapTime_1265,N/A,N/A,N/A,N/A,N/A,N/A
318,1770547151537,Sentence shown,HF_15_A,,,,N/A,N/A,N/A,N/A,N/A,N/A,N/A
318,1770547155539,gap_time,N/A,,,,GapTime_955,N/A,N/A,N/A,N/A,N/A,N/A
318,1770547156495,Sentence shown,LVL_119_A,true,,,N/A,N/A,N/A,N/A,N/A,N/A,N/A
318,1770547160496,gap_time,N/A,true,,,GapTime_999,N/A,N/A,N/A,N/A,N/A,N/A
318,1770547161497,Sentence shown,HF_27_A,,,,N/A,N/A,N/A,N/A,N/A,N/A,N/A
318,1770547165498,gap_time,N/A,,,,GapTime_718,N/A,N/A,N/A,N/A,N/A,N/A
318,1770547166217,Sentence shown,LVL_102_A,true,,true,N/A,N/A,N/A,N/A,N/A,N/A,N/A
318,1770547167938,IR pressed,LVL_102_A,true,,true,Spacebar,1,N/A,1720,N/A,N/A,N/A
318,1770547170012,WR pressed,LVL_102_A,true,,true,No,N/A,1,N/A,2074,N/A,N/A
318,1770547170012,gap_time,N/A,true,,true,GapTime_1165,N/A,N/A,N/A,N/A,N/A,N/A
318,1770547171179,Sentence shown,HF_13_A,,,,N/A,N/A,N/A,N/A,N/A,N/A,N/A
318,1770547172870,Validation Wrong IR pressed,HF_13_A,,,,Spacebar,0,N/A,1691,N/A,N/A,N/A
318,1770547172870,IR pressed,HF_13_A,,,,Spacebar,0,N/A,1691,N/A,N/A,N/A
318,1770547173568,WR pressed,HF_13_A,,,,No,N/A,N/A,N/A,698,N/A,N/A
318,1770547173569,gap_time,N/A,,,,GapTime_1126,N/A,N/A,N/A,N/A,N/A,N/A
318,1770547174696,Sentence shown,LVH_124_A,true,,,N/A,N/A,N/A,N/A,N/A,N/A,N/A
318,1770547178697,gap_time,N/A,true,,,GapTime_798,N/A,N/A,N/A,N/A,N/A,N/A
318,1770547179496,Sentence shown,LVH_104_P,true,,,N/A,N/A,N/A,N/A,N/A,N/A,N/A
318,1770547183497,gap_time,N/A,true,,,GapTime_789,N/A,N/A,N/A,N/A,N/A,N/A
318,1770547184288,Sentence shown,HVL_134_A,true,,true,N/A,N/A,N/A,N/A,N/A,N/A,N/A
318,1770547186139,IR pressed,HVL_134_A,true,,true,Spacebar,1,N/A,1851,N/A,N/A,N/A
318,1770547186872,WR pressed,HVL_134_A,true,,true,No,N/A,1,N/A,732,N/A,N/A
318,1770547186872,gap_time,N/A,true,,true,GapTime_730,N/A,N/A,N/A,N/A,N/A,N/A
318,1770547187603,Sentence shown,HF_6_A,,,,N/A,N/A,N/A,N/A,N/A,N/A,N/A
318,1770547191604,gap_time,N/A,,,,GapTime_1066,N/A,N/A,N/A,N/A,N/A,N/A
318,1770547192672,Sentence shown,LVL_119_P,true,,true,N/A,N/A,N/A,N/A,N/A,N/A,N/A
318,1770547194318,IR pressed,LVL_119_P,true,,true,Spacebar,1,N/A,1646,N/A,N/A,N/A
318,1770547194812,WR pressed,LVL_119_P,true,,true,No,N/A,1,N/A,494,N/A,N/A
318,1770547194813,gap_time,N/A,true,,true,GapTime_781,N/A,N/A,N/A,N/A,N/A,N/A
318,1770547195595,Sentence shown,LVH_141_A,true,,,N/A,N/A,N/A,N/A,N/A,N/A,N/A
318,1770547199596,gap_time,N/A,true,,,GapTime_759,N/A,N/A,N/A,N/A,N/A,N/A
318,1770547200357,Sentence shown,HVL_116_P,true,,,N/A,N/A,N/A,N/A,N/A,N/A,N/A
318,1770547204358,gap_time,N/A,true,,,GapTime_950,N/A,N/A,N/A,N/A,N/A,N/A
318,1770547205309,Sentence shown,HF_10_A,,,,N/A,N/A,N/A,N/A,N/A,N/A,N/A
318,1770547209310,gap_time,N/A,,,,GapTime_1005,N/A,N/A,N/A,N/A,N/A,N/A
318,1770547210316,Sentence shown,HF_32_A,,,,N/A,N/A,N/A,N/A,N/A,N/A,N/A
318,1770547214317,gap_time,N/A,,,,GapTime_931,N/A,N/A,N/A,N/A,N/A,N/A
318,1770547215249,Sentence shown,HH_148_A,true,,,N/A,N/A,N/A,N/A,N/A,N/A,N/A
318,1770547219250,gap_time,N/A,true,,,GapTime_951,N/A,N/A,N/A,N/A,N/A,N/A
318,1770547220202,Sentence shown,LVH_124_P,true,,true,N/A,N/A,N/A,N/A,N/A,N/A,N/A
318,1770547221669,IR pressed,LVH_124_P,true,,true,Spacebar,1,N/A,1467,N/A,N/A,N/A
318,1770547222501,WR pressed,LVH_124_P,true,,true,No,N/A,1,N/A,832,N/A,N/A
318,1770547222502,gap_time,N/A,true,,true,GapTime_816,N/A,N/A,N/A,N/A,N/A,N/A
318,1770547223319,Sentence shown,LVH_104_A,true,,true,N/A,N/A,N/A,N/A,N/A,N/A,N/A
318,1770547226307,IR pressed,LVH_104_A,true,,true,Spacebar,1,N/A,2988,N/A,N/A,N/A
318,1770547227514,WR pressed,LVH_104_A,true,,true,No,N/A,1,N/A,1207,N/A,N/A
318,1770547227515,gap_time,N/A,true,,true,GapTime_952,N/A,N/A,N/A,N/A,N/A,N/A
318,1770547228468,Sentence shown,HF_30_A,,,,N/A,N/A,N/A,N/A,N/A,N/A,N/A
318,1770547229784,Validation Wrong IR pressed,HF_30_A,,,,Spacebar,0,N/A,1316,N/A,N/A,N/A
318,1770547229784,IR pressed,HF_30_A,,,,Spacebar,0,N/A,1316,N/A,N/A,N/A
318,1770547230123,WR pressed,HF_30_A,,,,Yes,N/A,N/A,N/A,339,N/A,N/A
318,1770547230124,gap_time,N/A,,,,GapTime_959,N/A,N/A,N/A,N/A,N/A,N/A
318,1770547231084,Sentence shown,LVH_141_A,true,,true,N/A,N/A,N/A,N/A,N/A,N/A,N/A
318,1770547232557,IR pressed,LVH_141_A,true,,true,Spacebar,1,N/A,1473,N/A,N/A,N/A
318,1770547232871,WR pressed,LVH_141_A,true,,true,Yes,N/A,1,N/A,314,N/A,N/A
318,1770547232872,gap_time,N/A,true,,true,GapTime_901,N/A,N/A,N/A,N/A,N/A,N/A
318,1770547233774,Sentence shown,HVL_116_P,true,,true,N/A,N/A,N/A,N/A,N/A,N/A,N/A
318,1770547235036,IR pressed,HVL_116_P,true,,true,Spacebar,1,N/A,1262,N/A,N/A,N/A
318,1770547235360,WR pressed,HVL_116_P,true,,true,Yes,N/A,1,N/A,324,N/A,N/A
318,1770547235361,gap_time,N/A,true,,true,GapTime_1034,N/A,N/A,N/A,N/A,N/A,N/A
318,1770547236396,Sentence shown,HF_30_A,,true,true,N/A,N/A,N/A,N/A,N/A,N/A,N/A
318,1770547237880,Validation IR pressed,HF_30_A,,true,true,Spacebar,1,N/A,1484,N/A,N/A,N/A
318,1770547237880,IR pressed,HF_30_A,,true,true,Spacebar,1,N/A,1484,N/A,N/A,N/A
318,1770547238203,WR pressed,HF_30_A,,true,true,Yes,N/A,N/A,N/A,323,N/A,N/A
318,1770547238204,gap_time,N/A,,true,true,GapTime_889,N/A,N/A,N/A,N/A,N/A,N/A
318,1770547239094,Sentence shown,HH_148_A,true,,true,N/A,N/A,N/A,N/A,N/A,N/A,N/A
318,1770547241341,IR pressed,HH_148_A,true,,true,Spacebar,1,N/A,2247,N/A,N/A,N/A
318,1770547241770,WR pressed,HH_148_A,true,,true,Yes,N/A,1,N/A,429,N/A,N/A
318,1770547241771,gap_time,N/A,true,,true,GapTime_756,N/A,N/A,N/A,N/A,N/A,N/A
318,1770547242527,Rest Phase started,N/A,true,,true,Rest,N/A,N/A,N/A,N/A,N/A,N/A
318,1770547250861,Sentence shown,HF_43_A,,,,N/A,N/A,N/A,N/A,N/A,N/A,N/A
318,1770547254863,gap_time,N/A,,,,GapTime_882,N/A,N/A,N/A,N/A,N/A,N/A
318,1770547255746,Sentence shown,HF_47_A,,,,N/A,N/A,N/A,N/A,N/A,N/A,N/A
318,1770547259747,gap_time,N/A,,,,GapTime_972,N/A,N/A,N/A,N/A,N/A,N/A
318,1770547260720,Sentence shown,HF_38_A,,,,N/A,N/A,N/A,N/A,N/A,N/A,N/A
318,1770547264722,gap_time,N/A,,,,GapTime_1192,N/A,N/A,N/A,N/A,N/A,N/A
318,1770547265916,Sentence shown,HF_47_A,,true,true,N/A,N/A,N/A,N/A,N/A,N/A,N/A
318,1770547267421,Validation IR pressed,HF_47_A,,true,true,Spacebar,1,N/A,1505,N/A,N/A,N/A
318,1770547267421,IR pressed,HF_47_A,,true,true,Spacebar,1,N/A,1505,N/A,N/A,N/A
318,1770547267780,WR pressed,HF_47_A,,true,true,Yes,N/A,N/A,N/A,358,N/A,N/A
318,1770547267780,gap_time,N/A,,true,true,GapTime_975,N/A,N/A,N/A,N/A,N/A,N/A
318,1770547268756,Sentence shown,HF_38_A,,true,true,N/A,N/A,N/A,N/A,N/A,N/A,N/A
318,1770547270024,Validation IR pressed,HF_38_A,,true,true,Spacebar,1,N/A,1268,N/A,N/A,N/A
318,1770547270024,IR pressed,HF_38_A,,true,true,Spacebar,1,N/A,1268,N/A,N/A,N/A
318,1770547270398,WR pressed,HF_38_A,,true,true,Yes,N/A,N/A,N/A,374,N/A,N/A
318,1770547270399,gap_time,N/A,,true,true,GapTime_962,N/A,N/A,N/A,N/A,N/A,N/A
318,1770547271362,Sentence shown,HF_36_A,,,,N/A,N/A,N/A,N/A,N/A,N/A,N/A
318,1770547275363,gap_time,N/A,,,,GapTime_1285,N/A,N/A,N/A,N/A,N/A,N/A
318,1770547276650,Sentence shown,HF_36_A,,true,true,N/A,N/A,N/A,N/A,N/A,N/A,N/A
318,1770547278056,Validation IR pressed,HF_36_A,,true,true,Spacebar,1,N/A,1406,N/A,N/A,N/A
318,1770547278056,IR pressed,HF_36_A,,true,true,Spacebar,1,N/A,1406,N/A,N/A,N/A
318,1770547278439,WR pressed,HF_36_A,,true,true,Yes,N/A,N/A,N/A,383,N/A,N/A
318,1770547278439,gap_time,N/A,,true,true,GapTime_790,N/A,N/A,N/A,N/A,N/A,N/A
318,1770547279231,Sentence shown,HF_46_A,,,,N/A,N/A,N/A,N/A,N/A,N/A,N/A
318,1770547283232,gap_time,N/A,,,,GapTime_1294,N/A,N/A,N/A,N/A,N/A,N/A
318,1770547284527,Sentence shown,HVL_114_A,true,,,N/A,N/A,N/A,N/A,N/A,N/A,N/A
318,1770547288528,gap_time,N/A,true,,,GapTime_1211,N/A,N/A,N/A,N/A,N/A,N/A
318,1770547289740,Sentence shown,HH_174_P,true,,,N/A,N/A,N/A,N/A,N/A,N/A,N/A
318,1770547293741,gap_time,N/A,true,,,GapTime_985,N/A,N/A,N/A,N/A,N/A,N/A
318,1770547294728,Sentence shown,LVH_129_A,true,,,N/A,N/A,N/A,N/A,N/A,N/A,N/A
318,1770547298728,gap_time,N/A,true,,,GapTime_1130,N/A,N/A,N/A,N/A,N/A,N/A
318,1770547299859,Sentence shown,HH_173_P,true,,,N/A,N/A,N/A,N/A,N/A,N/A,N/A
318,1770547303860,gap_time,N/A,true,,,GapTime_826,N/A,N/A,N/A,N/A,N/A,N/A
318,1770547304687,Sentence shown,HF_42_A,,,,N/A,N/A,N/A,N/A,N/A,N/A,N/A
318,1770547308688,gap_time,N/A,,,,GapTime_800,N/A,N/A,N/A,N/A,N/A,N/A
318,1770547309489,Sentence shown,HF_60_A,,,,N/A,N/A,N/A,N/A,N/A,N/A,N/A
318,1770547313490,gap_time,N/A,,,,GapTime_1005,N/A,N/A,N/A,N/A,N/A,N/A
318,1770547314496,Sentence shown,HH_174_A,true,,true,N/A,N/A,N/A,N/A,N/A,N/A,N/A
318,1770547316661,IR pressed,HH_174_A,true,,true,Spacebar,1,N/A,2165,N/A,N/A,N/A
318,1770547317325,WR pressed,HH_174_A,true,,true,No,N/A,1,N/A,663,N/A,N/A
318,1770547317325,gap_time,N/A,true,,true,GapTime_1226,N/A,N/A,N/A,N/A,N/A,N/A
318,1770547318552,Sentence shown,HVL_114_P,true,,true,N/A,N/A,N/A,N/A,N/A,N/A,N/A
318,1770547320296,IR pressed,HVL_114_P,true,,true,Spacebar,1,N/A,1744,N/A,N/A,N/A
318,1770547320671,WR pressed,HVL_114_P,true,,true,No,N/A,1,N/A,375,N/A,N/A
318,1770547320671,gap_time,N/A,true,,true,GapTime_997,N/A,N/A,N/A,N/A,N/A,N/A
318,1770547321669,Sentence shown,HF_62_A,,,,N/A,N/A,N/A,N/A,N/A,N/A,N/A
318,1770547325670,gap_time,N/A,,,,GapTime_787,N/A,N/A,N/A,N/A,N/A,N/A
318,1770547326459,Sentence shown,HF_41_A,,,,N/A,N/A,N/A,N/A,N/A,N/A,N/A
318,1770547330460,gap_time,N/A,,,,GapTime_923,N/A,N/A,N/A,N/A,N/A,N/A
318,1770547331384,Sentence shown,HH_173_P,true,,true,N/A,N/A,N/A,N/A,N/A,N/A,N/A
318,1770547333111,IR pressed,HH_173_P,true,,true,Spacebar,1,N/A,1727,N/A,N/A,N/A
318,1770547333732,WR pressed,HH_173_P,true,,true,Yes,N/A,1,N/A,621,N/A,N/A
318,1770547333732,gap_time,N/A,true,,true,GapTime_1197,N/A,N/A,N/A,N/A,N/A,N/A
318,1770547334931,Sentence shown,HF_48_A,,,,N/A,N/A,N/A,N/A,N/A,N/A,N/A
318,1770547338932,gap_time,N/A,,,,GapTime_906,N/A,N/A,N/A,N/A,N/A,N/A
318,1770547339839,Sentence shown,LVH_137_P,true,,,N/A,N/A,N/A,N/A,N/A,N/A,N/A
318,1770547343841,gap_time,N/A,true,,,GapTime_853,N/A,N/A,N/A,N/A,N/A,N/A
318,1770547344694,Sentence shown,LVH_129_P,true,,true,N/A,N/A,N/A,N/A,N/A,N/A,N/A
318,1770547347078,IR pressed,LVH_129_P,true,,true,Spacebar,1,N/A,2384,N/A,N/A,N/A
318,1770547347776,WR pressed,LVH_129_P,true,,true,No,N/A,1,N/A,698,N/A,N/A
318,1770547347777,gap_time,N/A,true,,true,GapTime_1055,N/A,N/A,N/A,N/A,N/A,N/A
318,1770547348833,Sentence shown,HF_48_A,,true,true,N/A,N/A,N/A,N/A,N/A,N/A,N/A
318,1770547350180,Validation IR pressed,HF_48_A,,true,true,Spacebar,1,N/A,1347,N/A,N/A,N/A
318,1770547350180,IR pressed,HF_48_A,,true,true,Spacebar,1,N/A,1347,N/A,N/A,N/A
318,1770547350539,WR pressed,HF_48_A,,true,true,Yes,N/A,N/A,N/A,359,N/A,N/A
318,1770547350539,gap_time,N/A,,true,true,GapTime_1103,N/A,N/A,N/A,N/A,N/A,N/A
318,1770547351643,Sentence shown,HVL_138_P,true,,,N/A,N/A,N/A,N/A,N/A,N/A,N/A
318,1770547355644,gap_time,N/A,true,,,GapTime_1110,N/A,N/A,N/A,N/A,N/A,N/A
318,1770547356756,Sentence shown,HF_40_A,,,,N/A,N/A,N/A,N/A,N/A,N/A,N/A
318,1770547358528,Validation Wrong IR pressed,HF_40_A,,,,Spacebar,0,N/A,1771,N/A,N/A,N/A
318,1770547358528,IR pressed,HF_40_A,,,,Spacebar,0,N/A,1771,N/A,N/A,N/A
318,1770547359465,WR pressed,HF_40_A,,,,No,N/A,N/A,N/A,937,N/A,N/A
318,1770547359466,gap_time,N/A,,,,GapTime_936,N/A,N/A,N/A,N/A,N/A,N/A
318,1770547360403,Sentence shown,HF_51_A,,,,N/A,N/A,N/A,N/A,N/A,N/A,N/A
318,1770547364404,gap_time,N/A,,,,GapTime_748,N/A,N/A,N/A,N/A,N/A,N/A
318,1770547365153,Sentence shown,LVH_137_P,true,,true,N/A,N/A,N/A,N/A,N/A,N/A,N/A
318,1770547366691,IR pressed,LVH_137_P,true,,true,Spacebar,1,N/A,1538,N/A,N/A,N/A
318,1770547366990,WR pressed,LVH_137_P,true,,true,Yes,N/A,1,N/A,299,N/A,N/A
318,1770547366991,gap_time,N/A,true,,true,GapTime_704,N/A,N/A,N/A,N/A,N/A,N/A
318,1770547367696,Sentence shown,HF_55_A,,,,N/A,N/A,N/A,N/A,N/A,N/A,N/A
318,1770547371697,gap_time,N/A,,,,GapTime_703,N/A,N/A,N/A,N/A,N/A,N/A
318,1770547372401,Sentence shown,HVL_138_P,true,,true,N/A,N/A,N/A,N/A,N/A,N/A,N/A
318,1770547373953,IR pressed,HVL_138_P,true,,true,Spacebar,1,N/A,1552,N/A,N/A,N/A
318,1770547374342,WR pressed,HVL_138_P,true,,true,Yes,N/A,1,N/A,389,N/A,N/A
318,1770547374342,gap_time,N/A,true,,true,GapTime_941,N/A,N/A,N/A,N/A,N/A,N/A
318,1770547375285,Sentence shown,LVL_113_A,true,,,N/A,N/A,N/A,N/A,N/A,N/A,N/A
318,1770547379286,gap_time,N/A,true,,,GapTime_908,N/A,N/A,N/A,N/A,N/A,N/A
318,1770547380195,Sentence shown,HF_39_A,,,,N/A,N/A,N/A,N/A,N/A,N/A,N/A
318,1770547384196,gap_time,N/A,,,,GapTime_712,N/A,N/A,N/A,N/A,N/A,N/A
318,1770547384909,Sentence shown,HF_59_A,,,,N/A,N/A,N/A,N/A,N/A,N/A,N/A
318,1770547388910,gap_time,N/A,,,,GapTime_734,N/A,N/A,N/A,N/A,N/A,N/A
318,1770547389645,Sentence shown,HF_49_A,,,,N/A,N/A,N/A,N/A,N/A,N/A,N/A
318,1770547393647,gap_time,N/A,,,,GapTime_1101,N/A,N/A,N/A,N/A,N/A,N/A
318,1770547394749,Sentence shown,HF_49_A,,true,true,N/A,N/A,N/A,N/A,N/A,N/A,N/A
318,1770547395964,Validation IR pressed,HF_49_A,,true,true,Spacebar,1,N/A,1214,N/A,N/A,N/A
318,1770547395964,IR pressed,HF_49_A,,true,true,Spacebar,1,N/A,1214,N/A,N/A,N/A
318,1770547396337,WR pressed,HF_49_A,,true,true,Yes,N/A,N/A,N/A,373,N/A,N/A
318,1770547396338,gap_time,N/A,,true,true,GapTime_942,N/A,N/A,N/A,N/A,N/A,N/A
318,1770547397281,Sentence shown,HF_57_A,,,,N/A,N/A,N/A,N/A,N/A,N/A,N/A
318,1770547401282,gap_time,N/A,,,,GapTime_1242,N/A,N/A,N/A,N/A,N/A,N/A
318,1770547402525,Sentence shown,LVL_141_A,true,,,N/A,N/A,N/A,N/A,N/A,N/A,N/A
318,1770547406527,gap_time,N/A,true,,,GapTime_869,N/A,N/A,N/A,N/A,N/A,N/A
318,1770547407397,Sentence shown,LVH_130_P,true,,,N/A,N/A,N/A,N/A,N/A,N/A,N/A
318,1770547411398,gap_time,N/A,true,,,GapTime_1094,N/A,N/A,N/A,N/A,N/A,N/A
318,1770547412493,Sentence shown,LVL_113_A,true,,true,N/A,N/A,N/A,N/A,N/A,N/A,N/A
318,1770547414293,IR pressed,LVL_113_A,true,,true,Spacebar,1,N/A,1799,N/A,N/A,N/A
318,1770547414616,WR pressed,LVL_113_A,true,,true,Yes,N/A,1,N/A,323,N/A,N/A
318,1770547414617,gap_time,N/A,true,,true,GapTime_1192,N/A,N/A,N/A,N/A,N/A,N/A
318,1770547415810,Sentence shown,HF_45_A,,,,N/A,N/A,N/A,N/A,N/A,N/A,N/A
318,1770547419811,gap_time,N/A,,,,GapTime_783,N/A,N/A,N/A,N/A,N/A,N/A
318,1770547420595,Sentence shown,HF_65_A,,,,N/A,N/A,N/A,N/A,N/A,N/A,N/A
318,1770547424596,gap_time,N/A,,,,GapTime_801,N/A,N/A,N/A,N/A,N/A,N/A
318,1770547425399,Sentence shown,HF_58_A,,,,N/A,N/A,N/A,N/A,N/A,N/A,N/A
318,1770547429400,gap_time,N/A,,,,GapTime_745,N/A,N/A,N/A,N/A,N/A,N/A
318,1770547430146,Sentence shown,LVL_141_P,true,,true,N/A,N/A,N/A,N/A,N/A,N/A,N/A
318,1770547434147,gap_time,N/A,true,,true,GapTime_1249,N/A,N/A,N/A,N/A,N/A,N/A
318,1770547435397,Sentence shown,HF_65_A,,true,true,N/A,N/A,N/A,N/A,N/A,N/A,N/A
318,1770547436503,Validation IR pressed,HF_65_A,,true,true,Spacebar,1,N/A,1106,N/A,N/A,N/A
318,1770547436503,IR pressed,HF_65_A,,true,true,Spacebar,1,N/A,1106,N/A,N/A,N/A
318,1770547436917,WR pressed,HF_65_A,,true,true,Yes,N/A,N/A,N/A,414,N/A,N/A
318,1770547436918,gap_time,N/A,,true,true,GapTime_774,N/A,N/A,N/A,N/A,N/A,N/A
318,1770547437693,Sentence shown,HF_63_A,,,,N/A,N/A,N/A,N/A,N/A,N/A,N/A
318,1770547441694,gap_time,N/A,,,,GapTime_1159,N/A,N/A,N/A,N/A,N/A,N/A
318,1770547442854,Sentence shown,HF_56_A,,,,N/A,N/A,N/A,N/A,N/A,N/A,N/A
318,1770547446855,gap_time,N/A,,,,GapTime_1256,N/A,N/A,N/A,N/A,N/A,N/A
318,1770547448113,Sentence shown,LVH_130_A,true,,true,N/A,N/A,N/A,N/A,N/A,N/A,N/A
318,1770547450984,IR pressed,LVH_130_A,true,,true,Spacebar,1,N/A,2871,N/A,N/A,N/A
318,1770547452685,WR pressed,LVH_130_A,true,,true,No,N/A,1,N/A,1700,N/A,N/A
318,1770547452685,gap_time,N/A,true,,true,GapTime_1087,N/A,N/A,N/A,N/A,N/A,N/A
318,1770547453773,Sentence shown,HF_61_A,,,,N/A,N/A,N/A,N/A,N/A,N/A,N/A
318,1770547457774,gap_time,N/A,,,,GapTime_1145,N/A,N/A,N/A,N/A,N/A,N/A
318,1770547458921,Sentence shown,HVL_139_A,true,,,N/A,N/A,N/A,N/A,N/A,N/A,N/A
318,1770547462922,gap_time,N/A,true,,,GapTime_984,N/A,N/A,N/A,N/A,N/A,N/A
318,1770547463907,Sentence shown,HF_35_A,,,,N/A,N/A,N/A,N/A,N/A,N/A,N/A
318,1770547467908,gap_time,N/A,,,,GapTime_778,N/A,N/A,N/A,N/A,N/A,N/A
318,1770547468688,Sentence shown,HF_53_A,,,,N/A,N/A,N/A,N/A,N/A,N/A,N/A
318,1770547472688,gap_time,N/A,,,,GapTime_973,N/A,N/A,N/A,N/A,N/A,N/A
318,1770547473662,Sentence shown,HF_34_A,,,,N/A,N/A,N/A,N/A,N/A,N/A,N/A
318,1770547477664,gap_time,N/A,,,,GapTime_1183,N/A,N/A,N/A,N/A,N/A,N/A
318,1770547478847,Sentence shown,HF_35_A,,true,true,N/A,N/A,N/A,N/A,N/A,N/A,N/A
318,1770547479977,Validation IR pressed,HF_35_A,,true,true,Spacebar,1,N/A,1130,N/A,N/A,N/A
318,1770547479977,IR pressed,HF_35_A,,true,true,Spacebar,1,N/A,1130,N/A,N/A,N/A
318,1770547480357,WR pressed,HF_35_A,,true,true,Yes,N/A,N/A,N/A,380,N/A,N/A
318,1770547480358,gap_time,N/A,,true,true,GapTime_963,N/A,N/A,N/A,N/A,N/A,N/A
318,1770547481322,Sentence shown,HF_50_A,,,,N/A,N/A,N/A,N/A,N/A,N/A,N/A
318,1770547485323,gap_time,N/A,,,,GapTime_1275,N/A,N/A,N/A,N/A,N/A,N/A
318,1770547486599,Sentence shown,HH_187_A,true,,,N/A,N/A,N/A,N/A,N/A,N/A,N/A
318,1770547490600,gap_time,N/A,true,,,GapTime_1254,N/A,N/A,N/A,N/A,N/A,N/A
318,1770547491855,Sentence shown,HF_52_A,,,,N/A,N/A,N/A,N/A,N/A,N/A,N/A
318,1770547495857,gap_time,N/A,,,,GapTime_1133,N/A,N/A,N/A,N/A,N/A,N/A
318,1770547496991,Sentence shown,HH_142_A,true,,,N/A,N/A,N/A,N/A,N/A,N/A,N/A
318,1770547500992,gap_time,N/A,true,,,GapTime_1228,N/A,N/A,N/A,N/A,N/A,N/A
318,1770547502221,Sentence shown,HF_52_A,,true,true,N/A,N/A,N/A,N/A,N/A,N/A,N/A
318,1770547503247,Validation IR pressed,HF_52_A,,true,true,Spacebar,1,N/A,1026,N/A,N/A,N/A
318,1770547503247,IR pressed,HF_52_A,,true,true,Spacebar,1,N/A,1026,N/A,N/A,N/A
318,1770547503650,WR pressed,HF_52_A,,true,true,Yes,N/A,N/A,N/A,402,N/A,N/A
318,1770547503650,gap_time,N/A,,true,true,GapTime_1039,N/A,N/A,N/A,N/A,N/A,N/A
318,1770547504690,Sentence shown,HVL_139_A,true,,true,N/A,N/A,N/A,N/A,N/A,N/A,N/A
318,1770547506013,IR pressed,HVL_139_A,true,,true,Spacebar,1,N/A,1323,N/A,N/A,N/A
318,1770547506447,WR pressed,HVL_139_A,true,,true,Yes,N/A,1,N/A,434,N/A,N/A
318,1770547506448,gap_time,N/A,true,,true,GapTime_1255,N/A,N/A,N/A,N/A,N/A,N/A
318,1770547507705,Sentence shown,LVH_155_A,true,,,N/A,N/A,N/A,N/A,N/A,N/A,N/A
318,1770547509287,Validation Wrong IR pressed,LVH_155_A,true,,,Spacebar,0,N/A,1582,N/A,N/A,N/A
318,1770547509287,IR pressed,LVH_155_A,true,,,Spacebar,0,N/A,1582,N/A,N/A,N/A
318,1770547509675,WR pressed,LVH_155_A,true,,,Yes,N/A,1,N/A,388,N/A,N/A
318,1770547509675,gap_time,N/A,true,,,GapTime_979,N/A,N/A,N/A,N/A,N/A,N/A
318,1770547510656,Sentence shown,LVL_120_P,true,,,N/A,N/A,N/A,N/A,N/A,N/A,N/A
318,1770547514657,gap_time,N/A,true,,,GapTime_799,N/A,N/A,N/A,N/A,N/A,N/A
318,1770547515458,Sentence shown,HVL_102_P,true,,,N/A,N/A,N/A,N/A,N/A,N/A,N/A
318,1770547519459,gap_time,N/A,true,,,GapTime_1027,N/A,N/A,N/A,N/A,N/A,N/A
318,1770547520488,Sentence shown,HF_54_A,,,,N/A,N/A,N/A,N/A,N/A,N/A,N/A
318,1770547524489,gap_time,N/A,,,,GapTime_716,N/A,N/A,N/A,N/A,N/A,N/A
318,1770547525206,Sentence shown,HF_37_A,,,,N/A,N/A,N/A,N/A,N/A,N/A,N/A
318,1770547529207,gap_time,N/A,,,,GapTime_1095,N/A,N/A,N/A,N/A,N/A,N/A
318,1770547530304,Sentence shown,HF_54_A,,true,true,N/A,N/A,N/A,N/A,N/A,N/A,N/A
318,1770547531549,Validation IR pressed,HF_54_A,,true,true,Spacebar,1,N/A,1245,N/A,N/A,N/A
318,1770547531549,IR pressed,HF_54_A,,true,true,Spacebar,1,N/A,1245,N/A,N/A,N/A
318,1770547531947,WR pressed,HF_54_A,,true,true,Yes,N/A,N/A,N/A,398,N/A,N/A
318,1770547531948,gap_time,N/A,,true,true,GapTime_736,N/A,N/A,N/A,N/A,N/A,N/A
318,1770547532685,Sentence shown,HH_187_A,true,,true,N/A,N/A,N/A,N/A,N/A,N/A,N/A
318,1770547534023,IR pressed,HH_187_A,true,,true,Spacebar,1,N/A,1338,N/A,N/A,N/A
318,1770547534457,WR pressed,HH_187_A,true,,true,Yes,N/A,1,N/A,433,N/A,N/A
318,1770547534457,gap_time,N/A,true,,true,GapTime_1011,N/A,N/A,N/A,N/A,N/A,N/A
318,1770547535469,Sentence shown,LVH_155_A,true,,true,N/A,N/A,N/A,N/A,N/A,N/A,N/A
318,1770547536916,IR pressed,LVH_155_A,true,,true,Spacebar,1,N/A,1447,N/A,N/A,N/A
318,1770547537599,WR pressed,LVH_155_A,true,,true,Yes,N/A,1,N/A,683,N/A,N/A
318,1770547537599,gap_time,N/A,true,,true,GapTime_881,N/A,N/A,N/A,N/A,N/A,N/A
318,1770547538482,Sentence shown,HH_142_P,true,,true,N/A,N/A,N/A,N/A,N/A,N/A,N/A
318,1770547540956,IR pressed,HH_142_P,true,,true,Spacebar,1,N/A,2474,N/A,N/A,N/A
318,1770547541315,WR pressed,HH_142_P,true,,true,No,N/A,1,N/A,359,N/A,N/A
318,1770547541316,gap_time,N/A,true,,true,GapTime_1250,N/A,N/A,N/A,N/A,N/A,N/A
318,1770547542568,Sentence shown,LVL_115_P,true,,,N/A,N/A,N/A,N/A,N/A,N/A,N/A
318,1770547544888,Validation Wrong IR pressed,LVL_115_P,true,,,Spacebar,0,N/A,2320,N/A,N/A,N/A
318,1770547544888,IR pressed,LVL_115_P,true,,,Spacebar,0,N/A,2320,N/A,N/A,N/A
318,1770547547715,WR pressed,LVL_115_P,true,,,No,N/A,0,N/A,2827,N/A,N/A
318,1770547547716,gap_time,N/A,true,,,GapTime_836,N/A,N/A,N/A,N/A,N/A,N/A
318,1770547548553,Sentence shown,HF_64_A,,,,N/A,N/A,N/A,N/A,N/A,N/A,N/A
318,1770547552554,gap_time,N/A,,,,GapTime_919,N/A,N/A,N/A,N/A,N/A,N/A
318,1770547553474,Sentence shown,HF_44_A,,,,N/A,N/A,N/A,N/A,N/A,N/A,N/A
318,1770547557475,gap_time,N/A,,,,GapTime_842,N/A,N/A,N/A,N/A,N/A,N/A
318,1770547558318,Sentence shown,HF_64_A,,true,true,N/A,N/A,N/A,N/A,N/A,N/A,N/A
318,1770547559622,Validation IR pressed,HF_64_A,,true,true,Spacebar,1,N/A,1304,N/A,N/A,N/A
318,1770547559622,IR pressed,HF_64_A,,true,true,Spacebar,1,N/A,1304,N/A,N/A,N/A
318,1770547559946,WR pressed,HF_64_A,,true,true,Yes,N/A,N/A,N/A,324,N/A,N/A
318,1770547559946,gap_time,N/A,,true,true,GapTime_897,N/A,N/A,N/A,N/A,N/A,N/A
318,1770547560844,Sentence shown,LVL_120_A,true,,true,N/A,N/A,N/A,N/A,N/A,N/A,N/A
318,1770547562898,IR pressed,LVL_120_A,true,,true,Spacebar,1,N/A,2054,N/A,N/A,N/A
318,1770547563212,WR pressed,LVL_120_A,true,,true,Yes,N/A,0,N/A,314,N/A,N/A
318,1770547563213,gap_time,N/A,true,,true,GapTime_955,N/A,N/A,N/A,N/A,N/A,N/A
318,1770547564169,Sentence shown,HVL_102_A,true,,true,N/A,N/A,N/A,N/A,N/A,N/A,N/A
318,1770547566250,IR pressed,HVL_102_A,true,,true,Spacebar,1,N/A,2080,N/A,N/A,N/A
318,1770547568888,WR pressed,HVL_102_A,true,,true,No,N/A,1,N/A,2638,N/A,N/A
318,1770547568888,gap_time,N/A,true,,true,GapTime_984,N/A,N/A,N/A,N/A,N/A,N/A
318,1770547569874,Sentence shown,LVL_115_P,true,,true,N/A,N/A,N/A,N/A,N/A,N/A,N/A
318,1770547572649,IR pressed,LVL_115_P,true,,true,Spacebar,1,N/A,2775,N/A,N/A,N/A
318,1770547573247,WR pressed,LVL_115_P,true,,true,No,N/A,0,N/A,598,N/A,N/A
318,1770547573247,gap_time,N/A,true,,true,GapTime_1030,N/A,N/A,N/A,N/A,N/A,N/A
318,1770547574278,Rest Phase started,N/A,true,,true,Rest,N/A,N/A,N/A,N/A,N/A,N/A
318,1770547582352,Sentence shown,HF_85_A,,,,N/A,N/A,N/A,N/A,N/A,N/A,N/A
318,1770547586353,gap_time,N/A,,,,GapTime_781,N/A,N/A,N/A,N/A,N/A,N/A
318,1770547587135,Sentence shown,HF_82_A,,,,N/A,N/A,N/A,N/A,N/A,N/A,N/A
318,1770547591136,gap_time,N/A,,,,GapTime_939,N/A,N/A,N/A,N/A,N/A,N/A
318,1770547592076,Sentence shown,HF_69_A,,,,N/A,N/A,N/A,N/A,N/A,N/A,N/A
318,1770547596077,gap_time,N/A,,,,GapTime_923,N/A,N/A,N/A,N/A,N/A,N/A
318,1770547597001,Sentence shown,HF_69_A,,true,true,N/A,N/A,N/A,N/A,N/A,N/A,N/A
318,1770547597799,Validation IR pressed,HF_69_A,,true,true,Spacebar,1,N/A,798,N/A,N/A,N/A
318,1770547597799,IR pressed,HF_69_A,,true,true,Spacebar,1,N/A,798,N/A,N/A,N/A
318,1770547598282,WR pressed,HF_69_A,,true,true,Yes,N/A,N/A,N/A,483,N/A,N/A
318,1770547598282,gap_time,N/A,,true,true,GapTime_721,N/A,N/A,N/A,N/A,N/A,N/A
318,1770547599004,Sentence shown,HF_94_A,,,,N/A,N/A,N/A,N/A,N/A,N/A,N/A
318,1770547603005,gap_time,N/A,,,,GapTime_943,N/A,N/A,N/A,N/A,N/A,N/A
318,1770547603949,Sentence shown,HF_87_A,,,,N/A,N/A,N/A,N/A,N/A,N/A,N/A
318,1770547607950,gap_time,N/A,,,,GapTime_743,N/A,N/A,N/A,N/A,N/A,N/A
318,1770547608694,Sentence shown,HF_67_A,,,,N/A,N/A,N/A,N/A,N/A,N/A,N/A
318,1770547612695,gap_time,N/A,,,,GapTime_876,N/A,N/A,N/A,N/A,N/A,N/A
318,1770547613572,Sentence shown,HF_68_A,,,,N/A,N/A,N/A,N/A,N/A,N/A,N/A
318,1770547617573,gap_time,N/A,,,,GapTime_736,N/A,N/A,N/A,N/A,N/A,N/A
318,1770547618310,Sentence shown,HF_67_A,,true,true,N/A,N/A,N/A,N/A,N/A,N/A,N/A
318,1770547619732,Validation IR pressed,HF_67_A,,true,true,Spacebar,1,N/A,1422,N/A,N/A,N/A
318,1770547619732,IR pressed,HF_67_A,,true,true,Spacebar,1,N/A,1422,N/A,N/A,N/A
318,1770547620201,WR pressed,HF_67_A,,true,true,Yes,N/A,N/A,N/A,469,N/A,N/A
318,1770547620202,gap_time,N/A,,true,true,GapTime_1101,N/A,N/A,N/A,N/A,N/A,N/A
318,1770547621304,Sentence shown,HF_89_A,,,,N/A,N/A,N/A,N/A,N/A,N/A,N/A
318,1770547625305,gap_time,N/A,,,,GapTime_1294,N/A,N/A,N/A,N/A,N/A,N/A
318,1770547626600,Sentence shown,HVL_146_P,true,,,N/A,N/A,N/A,N/A,N/A,N/A,N/A
318,1770547630601,gap_time,N/A,true,,,GapTime_1012,N/A,N/A,N/A,N/A,N/A,N/A
318,1770547631614,Sentence shown,HF_97_A,,,,N/A,N/A,N/A,N/A,N/A,N/A,N/A
318,1770547635615,gap_time,N/A,,,,GapTime_1244,N/A,N/A,N/A,N/A,N/A,N/A
318,1770547636860,Sentence shown,HF_89_A,,true,true,N/A,N/A,N/A,N/A,N/A,N/A,N/A
318,1770547638160,Validation IR pressed,HF_89_A,,true,true,Spacebar,1,N/A,1300,N/A,N/A,N/A
318,1770547638160,IR pressed,HF_89_A,,true,true,Spacebar,1,N/A,1300,N/A,N/A,N/A
318,1770547638629,WR pressed,HF_89_A,,true,true,Yes,N/A,N/A,N/A,469,N/A,N/A
318,1770547638629,gap_time,N/A,,true,true,GapTime_1001,N/A,N/A,N/A,N/A,N/A,N/A
318,1770547639632,Sentence shown,HF_90_A,,,,N/A,N/A,N/A,N/A,N/A,N/A,N/A
318,1770547643633,gap_time,N/A,,,,GapTime_1298,N/A,N/A,N/A,N/A,N/A,N/A
318,1770547644932,Sentence shown,HF_66_A,,,,N/A,N/A,N/A,N/A,N/A,N/A,N/A
318,1770547648933,gap_time,N/A,,,,GapTime_1251,N/A,N/A,N/A,N/A,N/A,N/A
318,1770547650185,Sentence shown,HF_97_A,,true,true,N/A,N/A,N/A,N/A,N/A,N/A,N/A
318,1770547652953,Validation IR pressed,HF_97_A,,true,true,Spacebar,1,N/A,2768,N/A,N/A,N/A
318,1770547652953,IR pressed,HF_97_A,,true,true,Spacebar,1,N/A,2768,N/A,N/A,N/A
318,1770547659221,WR pressed,HF_97_A,,true,true,Yes,N/A,N/A,N/A,6268,N/A,N/A
318,1770547659222,gap_time,N/A,,true,true,GapTime_1206,N/A,N/A,N/A,N/A,N/A,N/A
318,1770547660429,Sentence shown,HF_75_A,,,,N/A,N/A,N/A,N/A,N/A,N/A,N/A
318,1770547664430,gap_time,N/A,,,,GapTime_1275,N/A,N/A,N/A,N/A,N/A,N/A
318,1770547665706,Sentence shown,HF_75_A,,true,true,N/A,N/A,N/A,N/A,N/A,N/A,N/A
318,1770547666679,Validation IR pressed,HF_75_A,,true,true,Spacebar,1,N/A,973,N/A,N/A,N/A
318,1770547666679,IR pressed,HF_75_A,,true,true,Spacebar,1,N/A,973,N/A,N/A,N/A
318,1770547667082,WR pressed,HF_75_A,,true,true,Yes,N/A,N/A,N/A,403,N/A,N/A
318,1770547667083,gap_time,N/A,,true,true,GapTime_1035,N/A,N/A,N/A,N/A,N/A,N/A
318,1770547668119,Sentence shown,LVH_123_P,true,,,N/A,N/A,N/A,N/A,N/A,N/A,N/A
318,1770547672119,gap_time,N/A,true,,,GapTime_766,N/A,N/A,N/A,N/A,N/A,N/A
318,1770547672887,Sentence shown,HH_172_A,true,,,N/A,N/A,N/A,N/A,N/A,N/A,N/A
318,1770547676888,gap_time,N/A,true,,,GapTime_733,N/A,N/A,N/A,N/A,N/A,N/A
318,1770547677622,Sentence shown,HVL_146_P,true,,true,N/A,N/A,N/A,N/A,N/A,N/A,N/A
318,1770547680114,IR pressed,HVL_146_P,true,,true,Spacebar,1,N/A,2492,N/A,N/A,N/A
318,1770547681326,WR pressed,HVL_146_P,true,,true,Yes,N/A,1,N/A,1212,N/A,N/A
318,1770547681327,gap_time,N/A,true,,true,GapTime_881,N/A,N/A,N/A,N/A,N/A,N/A
318,1770547682209,Sentence shown,HF_95_A,,,,N/A,N/A,N/A,N/A,N/A,N/A,N/A
318,1770547686210,gap_time,N/A,,,,GapTime_1094,N/A,N/A,N/A,N/A,N/A,N/A
318,1770547687305,Sentence shown,HF_95_A,,true,true,N/A,N/A,N/A,N/A,N/A,N/A,N/A
318,1770547688469,Validation IR pressed,HF_95_A,,true,true,Spacebar,1,N/A,1164,N/A,N/A,N/A
318,1770547688469,IR pressed,HF_95_A,,true,true,Spacebar,1,N/A,1164,N/A,N/A,N/A
318,1770547688898,WR pressed,HF_95_A,,true,true,Yes,N/A,N/A,N/A,428,N/A,N/A
318,1770547688898,gap_time,N/A,,true,true,GapTime_972,N/A,N/A,N/A,N/A,N/A,N/A
318,1770547689871,Sentence shown,LVH_136_A,true,,,N/A,N/A,N/A,N/A,N/A,N/A,N/A
318,1770547693872,gap_time,N/A,true,,,GapTime_1101,N/A,N/A,N/A,N/A,N/A,N/A
318,1770547694974,Sentence shown,LVL_137_A,true,,,N/A,N/A,N/A,N/A,N/A,N/A,N/A
318,1770547698975,gap_time,N/A,true,,,GapTime_1050,N/A,N/A,N/A,N/A,N/A,N/A
318,1770547700026,Sentence shown,HF_81_A,,,,N/A,N/A,N/A,N/A,N/A,N/A,N/A
318,1770547704027,gap_time,N/A,,,,GapTime_790,N/A,N/A,N/A,N/A,N/A,N/A
318,1770547704818,Sentence shown,HF_96_A,,,,N/A,N/A,N/A,N/A,N/A,N/A,N/A
318,1770547708819,gap_time,N/A,,,,GapTime_1077,N/A,N/A,N/A,N/A,N/A,N/A
318,1770547709898,Sentence shown,LVH_123_P,true,,true,N/A,N/A,N/A,N/A,N/A,N/A,N/A
318,1770547713899,gap_time,N/A,true,,true,GapTime_734,N/A,N/A,N/A,N/A,N/A,N/A
318,1770547714634,Sentence shown,HF_92_A,,,,N/A,N/A,N/A,N/A,N/A,N/A,N/A
318,1770547718635,gap_time,N/A,,,,GapTime_1222,N/A,N/A,N/A,N/A,N/A,N/A
318,1770547719858,Sentence shown,LVL_100_P,true,,,N/A,N/A,N/A,N/A,N/A,N/A,N/A
318,1770547721805,Validation Wrong IR pressed,LVL_100_P,true,,,Spacebar,0,N/A,1947,N/A,N/A,N/A
318,1770547721805,IR pressed,LVL_100_P,true,,,Spacebar,0,N/A,1947,N/A,N/A,N/A
318,1770547722433,WR pressed,LVL_100_P,true,,,No,N/A,1,N/A,628,N/A,N/A
318,1770547722433,gap_time,N/A,true,,,GapTime_840,N/A,N/A,N/A,N/A,N/A,N/A
318,1770547723274,Sentence shown,HH_172_A,true,,true,N/A,N/A,N/A,N/A,N/A,N/A,N/A
318,1770547724777,IR pressed,HH_172_A,true,,true,Spacebar,1,N/A,1503,N/A,N/A,N/A
318,1770547725151,WR pressed,HH_172_A,true,,true,Yes,N/A,1,N/A,374,N/A,N/A
318,1770547725151,gap_time,N/A,true,,true,GapTime_791,N/A,N/A,N/A,N/A,N/A,N/A
318,1770547725944,Sentence shown,HF_80_A,,,,N/A,N/A,N/A,N/A,N/A,N/A,N/A
318,1770547729945,gap_time,N/A,,,,GapTime_790,N/A,N/A,N/A,N/A,N/A,N/A
318,1770547730736,Sentence shown,LVL_121_P,true,,,N/A,N/A,N/A,N/A,N/A,N/A,N/A
318,1770547734737,gap_time,N/A,true,,,GapTime_1028,N/A,N/A,N/A,N/A,N/A,N/A
318,1770547735766,Sentence shown,LVH_136_P,true,,true,N/A,N/A,N/A,N/A,N/A,N/A,N/A
318,1770547737854,IR pressed,LVH_136_P,true,,true,Spacebar,1,N/A,2088,N/A,N/A,N/A
318,1770547739933,WR pressed,LVH_136_P,true,,true,No,N/A,1,N/A,2079,N/A,N/A
318,1770547739933,gap_time,N/A,true,,true,GapTime_928,N/A,N/A,N/A,N/A,N/A,N/A
318,1770547740862,Sentence shown,HVL_143_P,true,,,N/A,N/A,N/A,N/A,N/A,N/A,N/A
318,1770547744863,gap_time,N/A,true,,,GapTime_744,N/A,N/A,N/A,N/A,N/A,N/A
318,1770547745608,Sentence shown,LVL_137_A,true,,true,N/A,N/A,N/A,N/A,N/A,N/A,N/A
318,1770547746930,IR pressed,LVL_137_A,true,,true,Spacebar,1,N/A,1322,N/A,N/A,N/A
318,1770547751498,WR pressed,LVL_137_A,true,,true,No,N/A,0,N/A,4568,N/A,N/A
318,1770547751498,gap_time,N/A,true,,true,GapTime_776,N/A,N/A,N/A,N/A,N/A,N/A
318,1770547752276,Sentence shown,HF_93_A,,,,N/A,N/A,N/A,N/A,N/A,N/A,N/A
318,1770547756277,gap_time,N/A,,,,GapTime_1169,N/A,N/A,N/A,N/A,N/A,N/A
318,1770547757447,Sentence shown,LVH_106_P,true,,,N/A,N/A,N/A,N/A,N/A,N/A,N/A
318,1770547761448,gap_time,N/A,true,,,GapTime_739,N/A,N/A,N/A,N/A,N/A,N/A
318,1770547762188,Sentence shown,HF_78_A,,,,N/A,N/A,N/A,N/A,N/A,N/A,N/A
318,1770547766189,gap_time,N/A,,,,GapTime_708,N/A,N/A,N/A,N/A,N/A,N/A
318,1770547766898,Sentence shown,HH_137_P,true,,,N/A,N/A,N/A,N/A,N/A,N/A,N/A
318,1770547770899,gap_time,N/A,true,,,GapTime_842,N/A,N/A,N/A,N/A,N/A,N/A
318,1770547771742,Sentence shown,LVL_100_A,true,,true,N/A,N/A,N/A,N/A,N/A,N/A,N/A
318,1770547773532,IR pressed,LVL_100_A,true,,true,Spacebar,1,N/A,1790,N/A,N/A,N/A
318,1770547776334,WR pressed,LVL_100_A,true,,true,Yes,N/A,0,N/A,2802,N/A,N/A
318,1770547776334,gap_time,N/A,true,,true,GapTime_976,N/A,N/A,N/A,N/A,N/A,N/A
318,1770547777312,Sentence shown,HF_77_A,,,,N/A,N/A,N/A,N/A,N/A,N/A,N/A
318,1770547781313,gap_time,N/A,,,,GapTime_1259,N/A,N/A,N/A,N/A,N/A,N/A
318,1770547782573,Sentence shown,HVL_143_A,true,,true,N/A,N/A,N/A,N/A,N/A,N/A,N/A
318,1770547784823,IR pressed,HVL_143_A,true,,true,Spacebar,1,N/A,2250,N/A,N/A,N/A
318,1770547789022,WR pressed,HVL_143_A,true,,true,Yes,N/A,0,N/A,4199,N/A,N/A
318,1770547789023,gap_time,N/A,true,,true,GapTime_1279,N/A,N/A,N/A,N/A,N/A,N/A
318,1770547790303,Sentence shown,LVL_121_P,true,,true,N/A,N/A,N/A,N/A,N/A,N/A,N/A
318,1770547792065,IR pressed,LVL_121_P,true,,true,Spacebar,1,N/A,1762,N/A,N/A,N/A
318,1770547792778,WR pressed,LVL_121_P,true,,true,Yes,N/A,1,N/A,713,N/A,N/A
318,1770547792778,gap_time,N/A,true,,true,GapTime_970,N/A,N/A,N/A,N/A,N/A,N/A
318,1770547793750,Sentence shown,HF_77_A,,true,true,N/A,N/A,N/A,N/A,N/A,N/A,N/A
318,1770547795302,Validation IR pressed,HF_77_A,,true,true,Spacebar,1,N/A,1552,N/A,N/A,N/A
318,1770547795302,IR pressed,HF_77_A,,true,true,Spacebar,1,N/A,1552,N/A,N/A,N/A
318,1770547795750,WR pressed,HF_77_A,,true,true,Yes,N/A,N/A,N/A,448,N/A,N/A
318,1770547795750,gap_time,N/A,,true,true,GapTime_882,N/A,N/A,N/A,N/A,N/A,N/A
318,1770547796634,Sentence shown,LVL_128_A,true,,,N/A,N/A,N/A,N/A,N/A,N/A,N/A
318,1770547800635,gap_time,N/A,true,,,GapTime_781,N/A,N/A,N/A,N/A,N/A,N/A
318,1770547801417,Sentence shown,HF_86_A,,,,N/A,N/A,N/A,N/A,N/A,N/A,N/A
318,1770547805418,gap_time,N/A,,,,GapTime_788,N/A,N/A,N/A,N/A,N/A,N/A
318,1770547806207,Sentence shown,HH_170_P,true,,,N/A,N/A,N/A,N/A,N/A,N/A,N/A
318,1770547810208,gap_time,N/A,true,,,GapTime_1130,N/A,N/A,N/A,N/A,N/A,N/A
318,1770547811339,Sentence shown,HVL_121_A,true,,,N/A,N/A,N/A,N/A,N/A,N/A,N/A
318,1770547815340,gap_time,N/A,true,,,GapTime_1275,N/A,N/A,N/A,N/A,N/A,N/A
318,1770547816616,Sentence shown,LVH_106_A,true,,true,N/A,N/A,N/A,N/A,N/A,N/A,N/A
318,1770547820617,gap_time,N/A,true,,true,GapTime_945,N/A,N/A,N/A,N/A,N/A,N/A
318,1770547821563,Sentence shown,HH_141_A,true,,,N/A,N/A,N/A,N/A,N/A,N/A,N/A
318,1770547825564,gap_time,N/A,true,,,GapTime_1271,N/A,N/A,N/A,N/A,N/A,N/A
318,1770547826836,Sentence shown,HVL_158_A,true,,,N/A,N/A,N/A,N/A,N/A,N/A,N/A
318,1770547830837,gap_time,N/A,true,,,GapTime_1004,N/A,N/A,N/A,N/A,N/A,N/A
318,1770547831842,Sentence shown,HH_137_P,true,,true,N/A,N/A,N/A,N/A,N/A,N/A,N/A
318,1770547833828,IR pressed,HH_137_P,true,,true,Spacebar,1,N/A,1986,N/A,N/A,N/A
318,1770547834331,WR pressed,HH_137_P,true,,true,Yes,N/A,1,N/A,503,N/A,N/A
318,1770547834331,gap_time,N/A,true,,true,GapTime_1059,N/A,N/A,N/A,N/A,N/A,N/A
318,1770547835391,Sentence shown,HF_70_A,,,,N/A,N/A,N/A,N/A,N/A,N/A,N/A
318,1770547839392,gap_time,N/A,,,,GapTime_1266,N/A,N/A,N/A,N/A,N/A,N/A
318,1770547840659,Sentence shown,HF_71_A,,,,N/A,N/A,N/A,N/A,N/A,N/A,N/A
318,1770547844660,gap_time,N/A,,,,GapTime_1235,N/A,N/A,N/A,N/A,N/A,N/A
318,1770547845896,Sentence shown,HF_71_A,,true,true,N/A,N/A,N/A,N/A,N/A,N/A,N/A
318,1770547846995,Validation IR pressed,HF_71_A,,true,true,Spacebar,1,N/A,1099,N/A,N/A,N/A
318,1770547846995,IR pressed,HF_71_A,,true,true,Spacebar,1,N/A,1099,N/A,N/A,N/A
318,1770547847418,WR pressed,HF_71_A,,true,true,Yes,N/A,N/A,N/A,423,N/A,N/A
318,1770547847419,gap_time,N/A,,true,true,GapTime_985,N/A,N/A,N/A,N/A,N/A,N/A
318,1770547848405,Sentence shown,LVL_128_P,true,,true,N/A,N/A,N/A,N/A,N/A,N/A,N/A
318,1770547850270,IR pressed,LVL_128_P,true,,true,Spacebar,1,N/A,1864,N/A,N/A,N/A
318,1770547851291,WR pressed,LVL_128_P,true,,true,No,N/A,1,N/A,1021,N/A,N/A
318,1770547851291,gap_time,N/A,true,,true,GapTime_1239,N/A,N/A,N/A,N/A,N/A,N/A
318,1770547852532,Sentence shown,HVL_121_A,true,,true,N/A,N/A,N/A,N/A,N/A,N/A,N/A
318,1770547854276,IR pressed,HVL_121_A,true,,true,Spacebar,1,N/A,1744,N/A,N/A,N/A
318,1770547854640,WR pressed,HVL_121_A,true,,true,Yes,N/A,1,N/A,364,N/A,N/A
318,1770547854641,gap_time,N/A,true,,true,GapTime_865,N/A,N/A,N/A,N/A,N/A,N/A
318,1770547855507,Sentence shown,HH_170_A,true,,true,N/A,N/A,N/A,N/A,N/A,N/A,N/A
318,1770547857188,IR pressed,HH_170_A,true,,true,Spacebar,1,N/A,1681,N/A,N/A,N/A
318,1770547857586,WR pressed,HH_170_A,true,,true,No,N/A,1,N/A,398,N/A,N/A
318,1770547857586,gap_time,N/A,true,,true,GapTime_898,N/A,N/A,N/A,N/A,N/A,N/A
318,1770547858486,Sentence shown,HF_73_A,,,,N/A,N/A,N/A,N/A,N/A,N/A,N/A
318,1770547862486,gap_time,N/A,,,,GapTime_949,N/A,N/A,N/A,N/A,N/A,N/A
318,1770547863436,Sentence shown,HF_74_A,,,,N/A,N/A,N/A,N/A,N/A,N/A,N/A
318,1770547867437,gap_time,N/A,,,,GapTime_854,N/A,N/A,N/A,N/A,N/A,N/A
318,1770547868293,Sentence shown,HF_91_A,,,,N/A,N/A,N/A,N/A,N/A,N/A,N/A
318,1770547872293,gap_time,N/A,,,,GapTime_824,N/A,N/A,N/A,N/A,N/A,N/A
318,1770547873118,Sentence shown,HVL_158_P,true,,true,N/A,N/A,N/A,N/A,N/A,N/A,N/A
318,1770547874947,IR pressed,HVL_158_P,true,,true,Spacebar,1,N/A,1829,N/A,N/A,N/A
318,1770547877798,WR pressed,HVL_158_P,true,,true,No,N/A,1,N/A,2851,N/A,N/A
318,1770547877798,gap_time,N/A,true,,true,GapTime_815,N/A,N/A,N/A,N/A,N/A,N/A
318,1770547878614,Sentence shown,HF_91_A,,true,true,N/A,N/A,N/A,N/A,N/A,N/A,N/A
318,1770547880320,Validation IR pressed,HF_91_A,,true,true,Spacebar,1,N/A,1706,N/A,N/A,N/A
318,1770547880320,IR pressed,HF_91_A,,true,true,Spacebar,1,N/A,1706,N/A,N/A,N/A
318,1770547880644,WR pressed,HF_91_A,,true,true,Yes,N/A,N/A,N/A,324,N/A,N/A
318,1770547880644,gap_time,N/A,,true,true,GapTime_1227,N/A,N/A,N/A,N/A,N/A,N/A
318,1770547881873,Sentence shown,HF_76_A,,,,N/A,N/A,N/A,N/A,N/A,N/A,N/A
318,1770547885874,gap_time,N/A,,,,GapTime_1166,N/A,N/A,N/A,N/A,N/A,N/A
318,1770547887041,Sentence shown,HH_141_P,true,,true,N/A,N/A,N/A,N/A,N/A,N/A,N/A
318,1770547889008,IR pressed,HH_141_P,true,,true,Spacebar,1,N/A,1967,N/A,N/A,N/A
318,1770547889616,WR pressed,HH_141_P,true,,true,No,N/A,1,N/A,608,N/A,N/A
318,1770547889617,gap_time,N/A,true,,true,GapTime_1290,N/A,N/A,N/A,N/A,N/A,N/A
318,1770547890908,Sentence shown,LVH_152_A,true,,,N/A,N/A,N/A,N/A,N/A,N/A,N/A
318,1770547894909,gap_time,N/A,true,,,GapTime_1022,N/A,N/A,N/A,N/A,N/A,N/A
318,1770547895932,Sentence shown,HF_72_A,,,,N/A,N/A,N/A,N/A,N/A,N/A,N/A
318,1770547897927,Validation Wrong IR pressed,HF_72_A,,,,Spacebar,0,N/A,1995,N/A,N/A,N/A
318,1770547897927,IR pressed,HF_72_A,,,,Spacebar,0,N/A,1995,N/A,N/A,N/A
318,1770547898460,WR pressed,HF_72_A,,,,Yes,N/A,N/A,N/A,533,N/A,N/A
318,1770547898460,gap_time,N/A,,,,GapTime_860,N/A,N/A,N/A,N/A,N/A,N/A
318,1770547899321,Sentence shown,HF_79_A,,,,N/A,N/A,N/A,N/A,N/A,N/A,N/A
318,1770547903322,gap_time,N/A,,,,GapTime_1090,N/A,N/A,N/A,N/A,N/A,N/A
318,1770547904413,Sentence shown,HF_83_A,,,,N/A,N/A,N/A,N/A,N/A,N/A,N/A
318,1770547908414,gap_time,N/A,,,,GapTime_717,N/A,N/A,N/A,N/A,N/A,N/A
318,1770547909132,Sentence shown,HF_84_A,,,,N/A,N/A,N/A,N/A,N/A,N/A,N/A
318,1770547913133,gap_time,N/A,,,,GapTime_814,N/A,N/A,N/A,N/A,N/A,N/A
318,1770547913948,Sentence shown,LVH_152_A,true,,true,N/A,N/A,N/A,N/A,N/A,N/A,N/A
318,1770547915715,IR pressed,LVH_152_A,true,,true,Spacebar,1,N/A,1767,N/A,N/A,N/A
318,1770547916144,WR pressed,LVH_152_A,true,,true,Yes,N/A,1,N/A,429,N/A,N/A
318,1770547916145,gap_time,N/A,true,,true,GapTime_850,N/A,N/A,N/A,N/A,N/A,N/A
318,1770547916996,Sentence shown,HF_88_A,,,,N/A,N/A,N/A,N/A,N/A,N/A,N/A
318,1770547920997,gap_time,N/A,,,,GapTime_1018,N/A,N/A,N/A,N/A,N/A,N/A
318,1770547922015,Sentence shown,HF_88_A,,true,true,N/A,N/A,N/A,N/A,N/A,N/A,N/A
318,1770547923028,Validation IR pressed,HF_88_A,,true,true,Spacebar,1,N/A,1013,N/A,N/A,N/A
318,1770547923028,IR pressed,HF_88_A,,true,true,Spacebar,1,N/A,1013,N/A,N/A,N/A
318,1770547923437,WR pressed,HF_88_A,,true,true,Yes,N/A,N/A,N/A,409,N/A,N/A
318,1770547923438,gap_time,N/A,,true,true,GapTime_815,N/A,N/A,N/A,N/A,N/A,N/A
