participant_ID,Timestamp,Event,Stimulus,isTarget,isValidation,isRepeat,Button,Accuracy IR,Accuracy WR,Reaction_time_IR,Reaction_time_WR,CR_IR,CR_WR
330,1770553924207,Practice Sentence shown,HL_60_A,,,,N/A,N/A,N/A,N/A,N/A,N/A,N/A
330,1770553929716,Practice Sentence shown,HL_113_A,,,,N/A,N/A,N/A,N/A,N/A,N/A,N/A
330,1770553935233,Practice Sentence shown,HH_130_A,true,,,N/A,N/A,N/A,N/A,N/A,N/A,N/A
330,1770553940746,Practice Sentence shown,HL_89_A,,,,N/A,N/A,N/A,N/A,N/A,N/A,N/A
330,1770553946259,Practice Sentence shown,HH_121_A,true,,,N/A,N/A,N/A,N/A,N/A,N/A,N/A
330,1770553951765,Practice Sentence shown,HL_30_A,,,,N/A,N/A,N/A,N/A,N/A,N/A,N/A
330,1770553957275,Practice Sentence shown,HH_122_A,true,,,N/A,N/A,N/A,N/A,N/A,N/A,N/A
330,1770553962785,Practice Sentence shown,HH_125_A,true,,,N/A,N/A,N/A,N/A,N/A,N/A,N/A
330,1770553968312,Practice Sentence shown,HH_119_A,true,,,N/A,N/A,N/A,N/A,N/A,N/A,N/A
330,1770553973826,Practice Sentence shown,HL_90_A,,,,N/A,N/A,N/A,N/A,N/A,N/A,N/A
330,1770553979342,Practice Sentence shown,HL_1_A,,,,N/A,N/A,N/A,N/A,N/A,N/A,N/A
330,1770553984861,Practice Sentence shown,HH_130_A,true,,true,N/A,N/A,N/A,N/A,N/A,N/A,N/A
330,1770553985853,Practice IR pressed,HH_130_A,true,,true,Spacebar,1,N/A,992,N/A,N/A,N/A
330,1770553987292,Practice WR pressed,HH_130_A,true,,true,Yes,N/A,1,N/A,1439,N/A,N/A
330,1770553988793,Practice Sentence shown,HH_121_P,true,,true,N/A,N/A,N/A,N/A,N/A,N/A,N/A
330,1770553992807,Practice Missed,HH_121_P,true,,true,None,0,N/A,N/A,N/A,N/A,N/A
330,1770553995421,Practice Sentence shown,HL_100_A,,,,N/A,N/A,N/A,N/A,N/A,N/A,N/A
330,1770554000930,Practice Sentence shown,HH_125_P,true,,true,N/A,N/A,N/A,N/A,N/A,N/A,N/A
330,1770554002315,Practice IR pressed,HH_125_P,true,,true,Spacebar,1,N/A,1385,N/A,N/A,N/A
330,1770554004699,Practice WR pressed,HH_125_P,true,,true,No,N/A,1,N/A,2384,N/A,N/A
330,1770554006211,Practice Sentence shown,HH_119_A,true,,true,N/A,N/A,N/A,N/A,N/A,N/A,N/A
330,1770554007593,Practice IR pressed,HH_119_A,true,,true,Spacebar,1,N/A,1382,N/A,N/A,N/A
330,1770554008410,Practice WR pressed,HH_119_A,true,,true,No,N/A,0,N/A,817,N/A,N/A
330,1770554011586,Practice Sentence shown,HL_77_A,,,,N/A,N/A,N/A,N/A,N/A,N/A,N/A
330,1770554017099,Practice Sentence shown,HH_122_P,true,,true,N/A,N/A,N/A,N/A,N/A,N/A,N/A
330,1770554018301,Practice IR pressed,HH_122_P,true,,true,Spacebar,1,N/A,1202,N/A,N/A,N/A
330,1770554018615,Practice WR pressed,HH_122_P,true,,true,Yes,N/A,0,N/A,314,N/A,N/A
330,1770554021159,Practice Sentence shown,HL_8_A,,,,N/A,N/A,N/A,N/A,N/A,N/A,N/A
330,1770554026663,Practice Sentence shown,HL_52_A,,,,N/A,N/A,N/A,N/A,N/A,N/A,N/A
330,1770554028329,Practice IR pressed,HL_52_A,,,,Spacebar,0,N/A,1666,N/A,N/A,N/A
330,1770554041656,Sentence shown,HF_19_A,,,,N/A,N/A,N/A,N/A,N/A,N/A,N/A
330,1770554045659,gap_time,N/A,,,,GapTime_756,N/A,N/A,N/A,N/A,N/A,N/A
330,1770554046420,Sentence shown,HF_1_A,,,,N/A,N/A,N/A,N/A,N/A,N/A,N/A
330,1770554050428,gap_time,N/A,,,,GapTime_775,N/A,N/A,N/A,N/A,N/A,N/A
330,1770554051205,Sentence shown,HF_30_A,,,,N/A,N/A,N/A,N/A,N/A,N/A,N/A
330,1770554055214,gap_time,N/A,,,,GapTime_1099,N/A,N/A,N/A,N/A,N/A,N/A
330,1770554056316,Sentence shown,HF_1_A,,true,true,N/A,N/A,N/A,N/A,N/A,N/A,N/A
330,1770554057634,Validation IR pressed,HF_1_A,,true,true,Spacebar,1,N/A,1318,N/A,N/A,N/A
330,1770554057634,IR pressed,HF_1_A,,true,true,Spacebar,1,N/A,1318,N/A,N/A,N/A
330,1770554058517,WR pressed,HF_1_A,,true,true,Yes,N/A,N/A,N/A,883,N/A,N/A
330,1770554058517,gap_time,N/A,,true,true,GapTime_1216,N/A,N/A,N/A,N/A,N/A,N/A
330,1770554059739,Sentence shown,HF_20_A,,,,N/A,N/A,N/A,N/A,N/A,N/A,N/A
330,1770554063751,gap_time,N/A,,,,GapTime_988,N/A,N/A,N/A,N/A,N/A,N/A
330,1770554064740,Sentence shown,HF_12_A,,,,N/A,N/A,N/A,N/A,N/A,N/A,N/A
330,1770554068754,gap_time,N/A,,,,GapTime_1275,N/A,N/A,N/A,N/A,N/A,N/A
330,1770554070035,Sentence shown,HF_9_A,,,,N/A,N/A,N/A,N/A,N/A,N/A,N/A
330,1770554071980,Validation Wrong IR pressed,HF_9_A,,,,Spacebar,0,N/A,1945,N/A,N/A,N/A
330,1770554071980,IR pressed,HF_9_A,,,,Spacebar,0,N/A,1945,N/A,N/A,N/A
330,1770554073119,WR pressed,HF_9_A,,,,No,N/A,N/A,N/A,1139,N/A,N/A
330,1770554073119,gap_time,N/A,,,,GapTime_706,N/A,N/A,N/A,N/A,N/A,N/A
330,1770554073838,Sentence shown,HF_25_A,,,,N/A,N/A,N/A,N/A,N/A,N/A,N/A
330,1770554077720,Validation Wrong IR pressed,HF_25_A,,,,Spacebar,0,N/A,3882,N/A,N/A,N/A
330,1770554077720,IR pressed,HF_25_A,,,,Spacebar,0,N/A,3882,N/A,N/A,N/A
330,1770554078322,WR pressed,HF_25_A,,,,No,N/A,N/A,N/A,602,N/A,N/A
330,1770554078322,gap_time,N/A,,,,GapTime_1007,N/A,N/A,N/A,N/A,N/A,N/A
330,1770554079344,Sentence shown,LVL_115_P,true,,,N/A,N/A,N/A,N/A,N/A,N/A,N/A
330,1770554083356,gap_time,N/A,true,,,GapTime_736,N/A,N/A,N/A,N/A,N/A,N/A
330,1770554084102,Sentence shown,HF_25_A,,true,true,N/A,N/A,N/A,N/A,N/A,N/A,N/A
330,1770554086019,Validation IR pressed,HF_25_A,,true,true,Spacebar,1,N/A,1917,N/A,N/A,N/A
330,1770554086019,IR pressed,HF_25_A,,true,true,Spacebar,1,N/A,1917,N/A,N/A,N/A
330,1770554086351,WR pressed,HF_25_A,,true,true,Yes,N/A,N/A,N/A,332,N/A,N/A
330,1770554086351,gap_time,N/A,,true,true,GapTime_985,N/A,N/A,N/A,N/A,N/A,N/A
330,1770554087347,Sentence shown,HF_27_A,,,,N/A,N/A,N/A,N/A,N/A,N/A,N/A
330,1770554091357,gap_time,N/A,,,,GapTime_1000,N/A,N/A,N/A,N/A,N/A,N/A
330,1770554092371,Sentence shown,HF_17_A,,,,N/A,N/A,N/A,N/A,N/A,N/A,N/A
330,1770554096382,gap_time,N/A,,,,GapTime_1086,N/A,N/A,N/A,N/A,N/A,N/A
330,1770554097484,Sentence shown,HF_27_A,,true,true,N/A,N/A,N/A,N/A,N/A,N/A,N/A
330,1770554098668,Validation IR pressed,HF_27_A,,true,true,Spacebar,1,N/A,1184,N/A,N/A,N/A
330,1770554098668,IR pressed,HF_27_A,,true,true,Spacebar,1,N/A,1184,N/A,N/A,N/A
330,1770554099231,WR pressed,HF_27_A,,true,true,Yes,N/A,N/A,N/A,563,N/A,N/A
330,1770554099231,gap_time,N/A,,true,true,GapTime_1029,N/A,N/A,N/A,N/A,N/A,N/A
330,1770554100267,Sentence shown,HF_24_A,,,,N/A,N/A,N/A,N/A,N/A,N/A,N/A
330,1770554104274,gap_time,N/A,,,,GapTime_1124,N/A,N/A,N/A,N/A,N/A,N/A
330,1770554105405,Sentence shown,HF_11_A,,,,N/A,N/A,N/A,N/A,N/A,N/A,N/A
330,1770554109417,gap_time,N/A,,,,GapTime_831,N/A,N/A,N/A,N/A,N/A,N/A
330,1770554110259,Sentence shown,HF_14_A,,,,N/A,N/A,N/A,N/A,N/A,N/A,N/A
330,1770554114272,gap_time,N/A,,,,GapTime_977,N/A,N/A,N/A,N/A,N/A,N/A
330,1770554115251,Sentence shown,LVL_115_A,true,,true,N/A,N/A,N/A,N/A,N/A,N/A,N/A
330,1770554119262,gap_time,N/A,true,,true,GapTime_943,N/A,N/A,N/A,N/A,N/A,N/A
330,1770554120213,Sentence shown,HF_11_A,,true,true,N/A,N/A,N/A,N/A,N/A,N/A,N/A
330,1770554121295,Validation IR pressed,HF_11_A,,true,true,Spacebar,1,N/A,1082,N/A,N/A,N/A
330,1770554121295,IR pressed,HF_11_A,,true,true,Spacebar,1,N/A,1082,N/A,N/A,N/A
330,1770554121403,WR pressed,HF_11_A,,true,true,Yes,N/A,N/A,N/A,108,N/A,N/A
330,1770554121403,gap_time,N/A,,true,true,GapTime_861,N/A,N/A,N/A,N/A,N/A,N/A
330,1770554122275,Sentence shown,HH_166_P,true,,,N/A,N/A,N/A,N/A,N/A,N/A,N/A
330,1770554126285,gap_time,N/A,true,,,GapTime_1148,N/A,N/A,N/A,N/A,N/A,N/A
330,1770554127444,Sentence shown,HF_13_A,,,,N/A,N/A,N/A,N/A,N/A,N/A,N/A
330,1770554129741,Validation Wrong IR pressed,HF_13_A,,,,Spacebar,0,N/A,2297,N/A,N/A,N/A
330,1770554129741,IR pressed,HF_13_A,,,,Spacebar,0,N/A,2297,N/A,N/A,N/A
330,1770554130064,WR pressed,HF_13_A,,,,No,N/A,N/A,N/A,323,N/A,N/A
330,1770554130064,gap_time,N/A,,,,GapTime_926,N/A,N/A,N/A,N/A,N/A,N/A
330,1770554130995,Sentence shown,HF_2_A,,,,N/A,N/A,N/A,N/A,N/A,N/A,N/A
330,1770554135010,gap_time,N/A,,,,GapTime_1279,N/A,N/A,N/A,N/A,N/A,N/A
330,1770554136297,Sentence shown,LVH_116_P,true,,,N/A,N/A,N/A,N/A,N/A,N/A,N/A
330,1770554140310,gap_time,N/A,true,,,GapTime_1125,N/A,N/A,N/A,N/A,N/A,N/A
330,1770554141446,Sentence shown,HF_18_A,,,,N/A,N/A,N/A,N/A,N/A,N/A,N/A
330,1770554145454,gap_time,N/A,,,,GapTime_723,N/A,N/A,N/A,N/A,N/A,N/A
330,1770554146183,Sentence shown,HF_26_A,,,,N/A,N/A,N/A,N/A,N/A,N/A,N/A
330,1770554150191,gap_time,N/A,,,,GapTime_1266,N/A,N/A,N/A,N/A,N/A,N/A
330,1770554151466,Sentence shown,HF_8_A,,,,N/A,N/A,N/A,N/A,N/A,N/A,N/A
330,1770554153144,Validation Wrong IR pressed,HF_8_A,,,,Spacebar,0,N/A,1678,N/A,N/A,N/A
330,1770554153144,IR pressed,HF_8_A,,,,Spacebar,0,N/A,1678,N/A,N/A,N/A
330,1770554154792,WR pressed,HF_8_A,,,,No,N/A,N/A,N/A,1648,N/A,N/A
330,1770554154792,gap_time,N/A,,,,GapTime_724,N/A,N/A,N/A,N/A,N/A,N/A
330,1770554155527,Sentence shown,LVH_117_A,true,,,N/A,N/A,N/A,N/A,N/A,N/A,N/A
330,1770554159529,gap_time,N/A,true,,,GapTime_902,N/A,N/A,N/A,N/A,N/A,N/A
330,1770554160447,Sentence shown,HH_166_A,true,,true,N/A,N/A,N/A,N/A,N/A,N/A,N/A
330,1770554162354,IR pressed,HH_166_A,true,,true,Spacebar,1,N/A,1907,N/A,N/A,N/A
330,1770554165002,WR pressed,HH_166_A,true,,true,No,N/A,1,N/A,2648,N/A,N/A
330,1770554165002,gap_time,N/A,true,,true,GapTime_1170,N/A,N/A,N/A,N/A,N/A,N/A
330,1770554166184,Sentence shown,HVL_146_A,true,,,N/A,N/A,N/A,N/A,N/A,N/A,N/A
330,1770554169734,Validation Wrong IR pressed,HVL_146_A,true,,,Spacebar,0,N/A,3550,N/A,N/A,N/A
330,1770554169734,IR pressed,HVL_146_A,true,,,Spacebar,0,N/A,3550,N/A,N/A,N/A
330,1770554169886,WR pressed,HVL_146_A,true,,,No,N/A,0,N/A,152,N/A,N/A
330,1770554169886,gap_time,N/A,true,,,GapTime_1077,N/A,N/A,N/A,N/A,N/A,N/A
330,1770554170969,Sentence shown,HVL_139_P,true,,,N/A,N/A,N/A,N/A,N/A,N/A,N/A
330,1770554174976,gap_time,N/A,true,,,GapTime_789,N/A,N/A,N/A,N/A,N/A,N/A
330,1770554175782,Sentence shown,HF_4_A,,,,N/A,N/A,N/A,N/A,N/A,N/A,N/A
330,1770554178441,Validation Wrong IR pressed,HF_4_A,,,,Spacebar,0,N/A,2659,N/A,N/A,N/A
330,1770554178441,IR pressed,HF_4_A,,,,Spacebar,0,N/A,2659,N/A,N/A,N/A
330,1770554180587,WR pressed,HF_4_A,,,,No,N/A,N/A,N/A,2146,N/A,N/A
330,1770554180587,gap_time,N/A,,,,GapTime_1071,N/A,N/A,N/A,N/A,N/A,N/A
330,1770554181662,Sentence shown,HF_4_A,,true,true,N/A,N/A,N/A,N/A,N/A,N/A,N/A
330,1770554183423,Validation IR pressed,HF_4_A,,true,true,Spacebar,1,N/A,1761,N/A,N/A,N/A
330,1770554183423,IR pressed,HF_4_A,,true,true,Spacebar,1,N/A,1761,N/A,N/A,N/A
330,1770554183637,WR pressed,HF_4_A,,true,true,No,N/A,N/A,N/A,214,N/A,N/A
330,1770554183637,gap_time,N/A,,true,true,GapTime_1005,N/A,N/A,N/A,N/A,N/A,N/A
330,1770554184650,Sentence shown,LVH_116_A,true,,true,N/A,N/A,N/A,N/A,N/A,N/A,N/A
330,1770554186417,IR pressed,LVH_116_A,true,,true,Spacebar,1,N/A,1767,N/A,N/A,N/A
330,1770554187154,WR pressed,LVH_116_A,true,,true,No,N/A,1,N/A,737,N/A,N/A
330,1770554187155,gap_time,N/A,true,,true,GapTime_1131,N/A,N/A,N/A,N/A,N/A,N/A
330,1770554188288,Sentence shown,HF_29_A,,,,N/A,N/A,N/A,N/A,N/A,N/A,N/A
330,1770554189803,Validation Wrong IR pressed,HF_29_A,,,,Spacebar,0,N/A,1515,N/A,N/A,N/A
330,1770554189803,IR pressed,HF_29_A,,,,Spacebar,0,N/A,1515,N/A,N/A,N/A
330,1770554190969,WR pressed,HF_29_A,,,,No,N/A,N/A,N/A,1166,N/A,N/A
330,1770554190970,gap_time,N/A,,,,GapTime_785,N/A,N/A,N/A,N/A,N/A,N/A
330,1770554191766,Sentence shown,HH_153_A,true,,,N/A,N/A,N/A,N/A,N/A,N/A,N/A
330,1770554193551,Validation Wrong IR pressed,HH_153_A,true,,,Spacebar,0,N/A,1785,N/A,N/A,N/A
330,1770554193551,IR pressed,HH_153_A,true,,,Spacebar,0,N/A,1785,N/A,N/A,N/A
330,1770554194148,WR pressed,HH_153_A,true,,,No,N/A,1,N/A,597,N/A,N/A
330,1770554194149,gap_time,N/A,true,,,GapTime_961,N/A,N/A,N/A,N/A,N/A,N/A
330,1770554195125,Sentence shown,LVH_117_A,true,,true,N/A,N/A,N/A,N/A,N/A,N/A,N/A
330,1770554196464,IR pressed,LVH_117_A,true,,true,Spacebar,1,N/A,1339,N/A,N/A,N/A
330,1770554196806,WR pressed,LVH_117_A,true,,true,Yes,N/A,1,N/A,342,N/A,N/A
330,1770554196806,gap_time,N/A,true,,true,GapTime_1054,N/A,N/A,N/A,N/A,N/A,N/A
330,1770554197874,Sentence shown,HF_29_A,,true,true,N/A,N/A,N/A,N/A,N/A,N/A,N/A
330,1770554199380,Validation IR pressed,HF_29_A,,true,true,Spacebar,1,N/A,1506,N/A,N/A,N/A
330,1770554199380,IR pressed,HF_29_A,,true,true,Spacebar,1,N/A,1506,N/A,N/A,N/A
330,1770554199632,WR pressed,HF_29_A,,true,true,Yes,N/A,N/A,N/A,252,N/A,N/A
330,1770554199632,gap_time,N/A,,true,true,GapTime_895,N/A,N/A,N/A,N/A,N/A,N/A
330,1770554200530,Sentence shown,HH_167_A,true,,,N/A,N/A,N/A,N/A,N/A,N/A,N/A
330,1770554204543,gap_time,N/A,true,,,GapTime_752,N/A,N/A,N/A,N/A,N/A,N/A
330,1770554205303,Sentence shown,LVH_170_P,true,,,N/A,N/A,N/A,N/A,N/A,N/A,N/A
330,1770554207151,Validation Wrong IR pressed,LVH_170_P,true,,,Spacebar,0,N/A,1848,N/A,N/A,N/A
330,1770554207151,IR pressed,LVH_170_P,true,,,Spacebar,0,N/A,1848,N/A,N/A,N/A
330,1770554207342,WR pressed,LVH_170_P,true,,,No,N/A,0,N/A,191,N/A,N/A
330,1770554207343,gap_time,N/A,true,,,GapTime_807,N/A,N/A,N/A,N/A,N/A,N/A
330,1770554208151,Sentence shown,HF_33_A,,,,N/A,N/A,N/A,N/A,N/A,N/A,N/A
330,1770554209772,Validation Wrong IR pressed,HF_33_A,,,,Spacebar,0,N/A,1621,N/A,N/A,N/A
330,1770554209772,IR pressed,HF_33_A,,,,Spacebar,0,N/A,1621,N/A,N/A,N/A
330,1770554210918,WR pressed,HF_33_A,,,,No,N/A,N/A,N/A,1146,N/A,N/A
330,1770554210918,gap_time,N/A,,,,GapTime_904,N/A,N/A,N/A,N/A,N/A,N/A
330,1770554211835,Sentence shown,HVL_146_A,true,,true,N/A,N/A,N/A,N/A,N/A,N/A,N/A
330,1770554214023,IR pressed,HVL_146_A,true,,true,Spacebar,1,N/A,2188,N/A,N/A,N/A
330,1770554214658,WR pressed,HVL_146_A,true,,true,Yes,N/A,1,N/A,635,N/A,N/A
330,1770554214659,gap_time,N/A,true,,true,GapTime_1145,N/A,N/A,N/A,N/A,N/A,N/A
330,1770554215816,Sentence shown,HF_33_A,,true,true,N/A,N/A,N/A,N/A,N/A,N/A,N/A
330,1770554216965,Validation IR pressed,HF_33_A,,true,true,Spacebar,1,N/A,1149,N/A,N/A,N/A
330,1770554216965,IR pressed,HF_33_A,,true,true,Spacebar,1,N/A,1149,N/A,N/A,N/A
330,1770554217783,WR pressed,HF_33_A,,true,true,No,N/A,N/A,N/A,818,N/A,N/A
330,1770554217783,gap_time,N/A,,true,true,GapTime_1017,N/A,N/A,N/A,N/A,N/A,N/A
330,1770554218803,Sentence shown,HF_21_A,,,,N/A,N/A,N/A,N/A,N/A,N/A,N/A
330,1770554222806,gap_time,N/A,,,,GapTime_1148,N/A,N/A,N/A,N/A,N/A,N/A
330,1770554223959,Sentence shown,HF_21_A,,true,true,N/A,N/A,N/A,N/A,N/A,N/A,N/A
330,1770554225028,Validation IR pressed,HF_21_A,,true,true,Spacebar,1,N/A,1069,N/A,N/A,N/A
330,1770554225028,IR pressed,HF_21_A,,true,true,Spacebar,1,N/A,1069,N/A,N/A,N/A
330,1770554225322,WR pressed,HF_21_A,,true,true,Yes,N/A,N/A,N/A,294,N/A,N/A
330,1770554225322,gap_time,N/A,,true,true,GapTime_783,N/A,N/A,N/A,N/A,N/A,N/A
330,1770554226121,Sentence shown,HVL_139_P,true,,true,N/A,N/A,N/A,N/A,N/A,N/A,N/A
330,1770554227636,IR pressed,HVL_139_P,true,,true,Spacebar,1,N/A,1515,N/A,N/A,N/A
330,1770554228158,WR pressed,HVL_139_P,true,,true,Yes,N/A,1,N/A,522,N/A,N/A
330,1770554228158,gap_time,N/A,true,,true,GapTime_938,N/A,N/A,N/A,N/A,N/A,N/A
330,1770554229112,Sentence shown,HF_15_A,,,,N/A,N/A,N/A,N/A,N/A,N/A,N/A
330,1770554230358,Validation Wrong IR pressed,HF_15_A,,,,Spacebar,0,N/A,1246,N/A,N/A,N/A
330,1770554230358,IR pressed,HF_15_A,,,,Spacebar,0,N/A,1246,N/A,N/A,N/A
330,1770554230623,WR pressed,HF_15_A,,,,No,N/A,N/A,N/A,265,N/A,N/A
330,1770554230624,gap_time,N/A,,,,GapTime_825,N/A,N/A,N/A,N/A,N/A,N/A
330,1770554231451,Sentence shown,HF_5_A,,,,N/A,N/A,N/A,N/A,N/A,N/A,N/A
330,1770554232762,Validation Wrong IR pressed,HF_5_A,,,,Spacebar,0,N/A,1311,N/A,N/A,N/A
330,1770554232762,IR pressed,HF_5_A,,,,Spacebar,0,N/A,1311,N/A,N/A,N/A
330,1770554233137,WR pressed,HF_5_A,,,,No,N/A,N/A,N/A,375,N/A,N/A
330,1770554233137,gap_time,N/A,,,,GapTime_1124,N/A,N/A,N/A,N/A,N/A,N/A
330,1770554234268,Sentence shown,HF_10_A,,,,N/A,N/A,N/A,N/A,N/A,N/A,N/A
330,1770554238283,gap_time,N/A,,,,GapTime_793,N/A,N/A,N/A,N/A,N/A,N/A
330,1770554239093,Sentence shown,HH_153_P,true,,true,N/A,N/A,N/A,N/A,N/A,N/A,N/A
330,1770554240557,IR pressed,HH_153_P,true,,true,Spacebar,1,N/A,1464,N/A,N/A,N/A
330,1770554241931,WR pressed,HH_153_P,true,,true,No,N/A,1,N/A,1374,N/A,N/A
330,1770554241931,gap_time,N/A,true,,true,GapTime_856,N/A,N/A,N/A,N/A,N/A,N/A
330,1770554242788,Sentence shown,HVL_113_A,true,,,N/A,N/A,N/A,N/A,N/A,N/A,N/A
330,1770554246789,gap_time,N/A,true,,,GapTime_925,N/A,N/A,N/A,N/A,N/A,N/A
330,1770554247720,Sentence shown,LVH_170_P,true,,true,N/A,N/A,N/A,N/A,N/A,N/A,N/A
330,1770554250136,IR pressed,LVH_170_P,true,,true,Spacebar,1,N/A,2416,N/A,N/A,N/A
330,1770554250356,WR pressed,LVH_170_P,true,,true,Yes,N/A,1,N/A,220,N/A,N/A
330,1770554250357,gap_time,N/A,true,,true,GapTime_845,N/A,N/A,N/A,N/A,N/A,N/A
330,1770554251215,Sentence shown,HH_167_A,true,,true,N/A,N/A,N/A,N/A,N/A,N/A,N/A
330,1770554253819,IR pressed,HH_167_A,true,,true,Spacebar,1,N/A,2604,N/A,N/A,N/A
330,1770554254174,WR pressed,HH_167_A,true,,true,No,N/A,0,N/A,355,N/A,N/A
330,1770554254174,gap_time,N/A,true,,true,GapTime_1094,N/A,N/A,N/A,N/A,N/A,N/A
330,1770554255278,Sentence shown,HF_6_A,,,,N/A,N/A,N/A,N/A,N/A,N/A,N/A
330,1770554257816,Validation Wrong IR pressed,HF_6_A,,,,Spacebar,0,N/A,2538,N/A,N/A,N/A
330,1770554257816,IR pressed,HF_6_A,,,,Spacebar,0,N/A,2538,N/A,N/A,N/A
330,1770554257971,WR pressed,HF_6_A,,,,No,N/A,N/A,N/A,155,N/A,N/A
330,1770554257971,gap_time,N/A,,,,GapTime_942,N/A,N/A,N/A,N/A,N/A,N/A
330,1770554258922,Sentence shown,HF_32_A,,,,N/A,N/A,N/A,N/A,N/A,N/A,N/A
330,1770554262933,gap_time,N/A,,,,GapTime_1045,N/A,N/A,N/A,N/A,N/A,N/A
330,1770554263990,Sentence shown,HF_23_A,,,,N/A,N/A,N/A,N/A,N/A,N/A,N/A
330,1770554266885,Validation Wrong IR pressed,HF_23_A,,,,Spacebar,0,N/A,2895,N/A,N/A,N/A
330,1770554266885,IR pressed,HF_23_A,,,,Spacebar,0,N/A,2895,N/A,N/A,N/A
330,1770554267539,WR pressed,HF_23_A,,,,Yes,N/A,N/A,N/A,654,N/A,N/A
330,1770554267539,gap_time,N/A,,,,GapTime_1139,N/A,N/A,N/A,N/A,N/A,N/A
330,1770554268684,Sentence shown,LVL_102_P,true,,,N/A,N/A,N/A,N/A,N/A,N/A,N/A
330,1770554272689,gap_time,N/A,true,,,GapTime_733,N/A,N/A,N/A,N/A,N/A,N/A
330,1770554273435,Sentence shown,HVL_113_P,true,,true,N/A,N/A,N/A,N/A,N/A,N/A,N/A
330,1770554276393,IR pressed,HVL_113_P,true,,true,Spacebar,1,N/A,2958,N/A,N/A,N/A
330,1770554276969,WR pressed,HVL_113_P,true,,true,No,N/A,1,N/A,576,N/A,N/A
330,1770554276969,gap_time,N/A,true,,true,GapTime_1172,N/A,N/A,N/A,N/A,N/A,N/A
330,1770554278156,Sentence shown,HF_22_A,,,,N/A,N/A,N/A,N/A,N/A,N/A,N/A
330,1770554282166,gap_time,N/A,,,,GapTime_1054,N/A,N/A,N/A,N/A,N/A,N/A
330,1770554283223,Sentence shown,LVH_104_A,true,,,N/A,N/A,N/A,N/A,N/A,N/A,N/A
330,1770554287232,gap_time,N/A,true,,,GapTime_1274,N/A,N/A,N/A,N/A,N/A,N/A
330,1770554288521,Sentence shown,HF_7_A,,,,N/A,N/A,N/A,N/A,N/A,N/A,N/A
330,1770554292528,gap_time,N/A,,,,GapTime_1173,N/A,N/A,N/A,N/A,N/A,N/A
330,1770554293708,Sentence shown,HH_140_P,true,,,N/A,N/A,N/A,N/A,N/A,N/A,N/A
330,1770554297711,gap_time,N/A,true,,,GapTime_853,N/A,N/A,N/A,N/A,N/A,N/A
330,1770554298566,Sentence shown,LVL_102_P,true,,true,N/A,N/A,N/A,N/A,N/A,N/A,N/A
330,1770554300511,IR pressed,LVL_102_P,true,,true,Spacebar,1,N/A,1945,N/A,N/A,N/A
330,1770554300732,WR pressed,LVL_102_P,true,,true,Yes,N/A,1,N/A,221,N/A,N/A
330,1770554300732,gap_time,N/A,true,,true,GapTime_702,N/A,N/A,N/A,N/A,N/A,N/A
330,1770554301441,Sentence shown,HVL_128_P,true,,,N/A,N/A,N/A,N/A,N/A,N/A,N/A
330,1770554305449,gap_time,N/A,true,,,GapTime_1065,N/A,N/A,N/A,N/A,N/A,N/A
330,1770554306524,Sentence shown,HF_16_A,,,,N/A,N/A,N/A,N/A,N/A,N/A,N/A
330,1770554309250,Validation Wrong IR pressed,HF_16_A,,,,Spacebar,0,N/A,2726,N/A,N/A,N/A
330,1770554309250,IR pressed,HF_16_A,,,,Spacebar,0,N/A,2726,N/A,N/A,N/A
330,1770554309448,WR pressed,HF_16_A,,,,No,N/A,N/A,N/A,198,N/A,N/A
330,1770554309449,gap_time,N/A,,,,GapTime_724,N/A,N/A,N/A,N/A,N/A,N/A
330,1770554310185,Sentence shown,LVL_147_A,true,,,N/A,N/A,N/A,N/A,N/A,N/A,N/A
330,1770554314201,gap_time,N/A,true,,,GapTime_1237,N/A,N/A,N/A,N/A,N/A,N/A
330,1770554315452,Sentence shown,LVL_107_A,true,,,N/A,N/A,N/A,N/A,N/A,N/A,N/A
330,1770554319464,gap_time,N/A,true,,,GapTime_803,N/A,N/A,N/A,N/A,N/A,N/A
330,1770554320280,Sentence shown,HF_16_A,,true,true,N/A,N/A,N/A,N/A,N/A,N/A,N/A
330,1770554321361,Validation IR pressed,HF_16_A,,true,true,Spacebar,1,N/A,1081,N/A,N/A,N/A
330,1770554321361,IR pressed,HF_16_A,,true,true,Spacebar,1,N/A,1081,N/A,N/A,N/A
330,1770554321521,WR pressed,HF_16_A,,true,true,Yes,N/A,N/A,N/A,160,N/A,N/A
330,1770554321521,gap_time,N/A,,true,true,GapTime_1270,N/A,N/A,N/A,N/A,N/A,N/A
330,1770554322797,Sentence shown,HF_28_A,,,,N/A,N/A,N/A,N/A,N/A,N/A,N/A
330,1770554326811,gap_time,N/A,,,,GapTime_1237,N/A,N/A,N/A,N/A,N/A,N/A
330,1770554328059,Sentence shown,LVH_104_P,true,,true,N/A,N/A,N/A,N/A,N/A,N/A,N/A
330,1770554330278,IR pressed,LVH_104_P,true,,true,Spacebar,1,N/A,2219,N/A,N/A,N/A
330,1770554330623,WR pressed,LVH_104_P,true,,true,No,N/A,1,N/A,345,N/A,N/A
330,1770554330623,gap_time,N/A,true,,true,GapTime_1244,N/A,N/A,N/A,N/A,N/A,N/A
330,1770554331868,Sentence shown,HF_28_A,,true,true,N/A,N/A,N/A,N/A,N/A,N/A,N/A
330,1770554333098,Validation IR pressed,HF_28_A,,true,true,Spacebar,1,N/A,1230,N/A,N/A,N/A
330,1770554333098,IR pressed,HF_28_A,,true,true,Spacebar,1,N/A,1230,N/A,N/A,N/A
330,1770554333280,WR pressed,HF_28_A,,true,true,Yes,N/A,N/A,N/A,182,N/A,N/A
330,1770554333280,gap_time,N/A,,true,true,GapTime_1151,N/A,N/A,N/A,N/A,N/A,N/A
330,1770554334446,Sentence shown,HF_31_A,,,,N/A,N/A,N/A,N/A,N/A,N/A,N/A
330,1770554337337,Validation Wrong IR pressed,HF_31_A,,,,Spacebar,0,N/A,2891,N/A,N/A,N/A
330,1770554337337,IR pressed,HF_31_A,,,,Spacebar,0,N/A,2891,N/A,N/A,N/A
330,1770554337519,WR pressed,HF_31_A,,,,Yes,N/A,N/A,N/A,182,N/A,N/A
330,1770554337519,gap_time,N/A,,,,GapTime_1175,N/A,N/A,N/A,N/A,N/A,N/A
330,1770554338699,Sentence shown,HH_140_P,true,,true,N/A,N/A,N/A,N/A,N/A,N/A,N/A
330,1770554340054,IR pressed,HH_140_P,true,,true,Spacebar,1,N/A,1355,N/A,N/A,N/A
330,1770554340772,WR pressed,HH_140_P,true,,true,Yes,N/A,1,N/A,718,N/A,N/A
330,1770554340772,gap_time,N/A,true,,true,GapTime_1278,N/A,N/A,N/A,N/A,N/A,N/A
330,1770554342057,Sentence shown,HVL_128_A,true,,true,N/A,N/A,N/A,N/A,N/A,N/A,N/A
330,1770554343547,IR pressed,HVL_128_A,true,,true,Spacebar,1,N/A,1490,N/A,N/A,N/A
330,1770554343850,WR pressed,HVL_128_A,true,,true,No,N/A,1,N/A,303,N/A,N/A
330,1770554343850,gap_time,N/A,true,,true,GapTime_870,N/A,N/A,N/A,N/A,N/A,N/A
330,1770554344731,Sentence shown,LVL_147_A,true,,true,N/A,N/A,N/A,N/A,N/A,N/A,N/A
330,1770554348741,gap_time,N/A,true,,true,GapTime_899,N/A,N/A,N/A,N/A,N/A,N/A
330,1770554349644,Sentence shown,LVL_107_P,true,,true,N/A,N/A,N/A,N/A,N/A,N/A,N/A
330,1770554351574,IR pressed,LVL_107_P,true,,true,Spacebar,1,N/A,1930,N/A,N/A,N/A
330,1770554351809,WR pressed,LVL_107_P,true,,true,No,N/A,1,N/A,235,N/A,N/A
330,1770554351809,gap_time,N/A,true,,true,GapTime_717,N/A,N/A,N/A,N/A,N/A,N/A
330,1770554352534,Rest Phase started,N/A,true,,true,Rest,N/A,N/A,N/A,N/A,N/A,N/A
330,1770554390553,Sentence shown,HF_36_A,,,,N/A,N/A,N/A,N/A,N/A,N/A,N/A
330,1770554394558,gap_time,N/A,,,,GapTime_994,N/A,N/A,N/A,N/A,N/A,N/A
330,1770554395557,Sentence shown,HF_36_A,,true,true,N/A,N/A,N/A,N/A,N/A,N/A,N/A
330,1770554397089,Validation IR pressed,HF_36_A,,true,true,Spacebar,1,N/A,1532,N/A,N/A,N/A
330,1770554397089,IR pressed,HF_36_A,,true,true,Spacebar,1,N/A,1532,N/A,N/A,N/A
330,1770554397247,WR pressed,HF_36_A,,true,true,Yes,N/A,N/A,N/A,158,N/A,N/A
330,1770554397247,gap_time,N/A,,true,true,GapTime_952,N/A,N/A,N/A,N/A,N/A,N/A
330,1770554398213,Sentence shown,HF_39_A,,,,N/A,N/A,N/A,N/A,N/A,N/A,N/A
330,1770554402220,gap_time,N/A,,,,GapTime_716,N/A,N/A,N/A,N/A,N/A,N/A
330,1770554402937,Sentence shown,LVH_144_A,true,,,N/A,N/A,N/A,N/A,N/A,N/A,N/A
330,1770554406950,gap_time,N/A,true,,,GapTime_1007,N/A,N/A,N/A,N/A,N/A,N/A
330,1770554407958,Sentence shown,HF_40_A,,,,N/A,N/A,N/A,N/A,N/A,N/A,N/A
330,1770554411962,gap_time,N/A,,,,GapTime_842,N/A,N/A,N/A,N/A,N/A,N/A
330,1770554412819,Sentence shown,HVL_144_P,true,,,N/A,N/A,N/A,N/A,N/A,N/A,N/A
330,1770554416820,gap_time,N/A,true,,,GapTime_763,N/A,N/A,N/A,N/A,N/A,N/A
330,1770554417587,Sentence shown,LVL_130_A,true,,,N/A,N/A,N/A,N/A,N/A,N/A,N/A
330,1770554421602,gap_time,N/A,true,,,GapTime_1099,N/A,N/A,N/A,N/A,N/A,N/A
330,1770554422707,Sentence shown,HH_185_P,true,,,N/A,N/A,N/A,N/A,N/A,N/A,N/A
330,1770554426715,gap_time,N/A,true,,,GapTime_1057,N/A,N/A,N/A,N/A,N/A,N/A
330,1770554427775,Sentence shown,HF_47_A,,,,N/A,N/A,N/A,N/A,N/A,N/A,N/A
330,1770554431781,gap_time,N/A,,,,GapTime_864,N/A,N/A,N/A,N/A,N/A,N/A
330,1770554432654,Sentence shown,HF_53_A,,,,N/A,N/A,N/A,N/A,N/A,N/A,N/A
330,1770554436668,gap_time,N/A,,,,GapTime_955,N/A,N/A,N/A,N/A,N/A,N/A
330,1770554437632,Sentence shown,HVL_144_A,true,,true,N/A,N/A,N/A,N/A,N/A,N/A,N/A
330,1770554441638,gap_time,N/A,true,,true,GapTime_767,N/A,N/A,N/A,N/A,N/A,N/A
330,1770554442418,Sentence shown,HF_47_A,,true,true,N/A,N/A,N/A,N/A,N/A,N/A,N/A
330,1770554443494,Validation IR pressed,HF_47_A,,true,true,Spacebar,1,N/A,1076,N/A,N/A,N/A
330,1770554443494,IR pressed,HF_47_A,,true,true,Spacebar,1,N/A,1076,N/A,N/A,N/A
330,1770554443695,WR pressed,HF_47_A,,true,true,Yes,N/A,N/A,N/A,201,N/A,N/A
330,1770554443695,gap_time,N/A,,true,true,GapTime_1122,N/A,N/A,N/A,N/A,N/A,N/A
330,1770554444821,Sentence shown,LVH_152_P,true,,,N/A,N/A,N/A,N/A,N/A,N/A,N/A
330,1770554448825,gap_time,N/A,true,,,GapTime_1080,N/A,N/A,N/A,N/A,N/A,N/A
330,1770554449912,Sentence shown,LVH_144_A,true,,true,N/A,N/A,N/A,N/A,N/A,N/A,N/A
330,1770554453014,IR pressed,LVH_144_A,true,,true,Spacebar,1,N/A,3102,N/A,N/A,N/A
330,1770554453100,WR pressed,LVH_144_A,true,,true,Yes,N/A,1,N/A,86,N/A,N/A
330,1770554453101,gap_time,N/A,true,,true,GapTime_1244,N/A,N/A,N/A,N/A,N/A,N/A
330,1770554454352,Sentence shown,HF_48_A,,,,N/A,N/A,N/A,N/A,N/A,N/A,N/A
330,1770554458359,gap_time,N/A,,,,GapTime_830,N/A,N/A,N/A,N/A,N/A,N/A
330,1770554459199,Sentence shown,HF_43_A,,,,N/A,N/A,N/A,N/A,N/A,N/A,N/A
330,1770554463204,gap_time,N/A,,,,GapTime_1017,N/A,N/A,N/A,N/A,N/A,N/A
330,1770554464233,Sentence shown,LVL_116_P,true,,,N/A,N/A,N/A,N/A,N/A,N/A,N/A
330,1770554468243,gap_time,N/A,true,,,GapTime_957,N/A,N/A,N/A,N/A,N/A,N/A
330,1770554469208,Sentence shown,HH_185_A,true,,true,N/A,N/A,N/A,N/A,N/A,N/A,N/A
330,1770554472473,IR pressed,HH_185_A,true,,true,Spacebar,1,N/A,3265,N/A,N/A,N/A
330,1770554473286,WR pressed,HH_185_A,true,,true,No,N/A,1,N/A,813,N/A,N/A
330,1770554473286,gap_time,N/A,true,,true,GapTime_909,N/A,N/A,N/A,N/A,N/A,N/A
330,1770554474203,Sentence shown,LVL_130_A,true,,true,N/A,N/A,N/A,N/A,N/A,N/A,N/A
330,1770554478214,gap_time,N/A,true,,true,GapTime_740,N/A,N/A,N/A,N/A,N/A,N/A
330,1770554478957,Sentence shown,LVL_100_A,true,,,N/A,N/A,N/A,N/A,N/A,N/A,N/A
330,1770554481312,Validation Wrong IR pressed,LVL_100_A,true,,,Spacebar,0,N/A,2355,N/A,N/A,N/A
330,1770554481312,IR pressed,LVL_100_A,true,,,Spacebar,0,N/A,2355,N/A,N/A,N/A
330,1770554482193,WR pressed,LVL_100_A,true,,,No,N/A,1,N/A,881,N/A,N/A
330,1770554482193,gap_time,N/A,true,,,GapTime_1122,N/A,N/A,N/A,N/A,N/A,N/A
330,1770554483331,Sentence shown,HF_44_A,,,,N/A,N/A,N/A,N/A,N/A,N/A,N/A
330,1770554487333,gap_time,N/A,,,,GapTime_1041,N/A,N/A,N/A,N/A,N/A,N/A
330,1770554488390,Sentence shown,HF_44_A,,true,true,N/A,N/A,N/A,N/A,N/A,N/A,N/A
330,1770554489626,Validation IR pressed,HF_44_A,,true,true,Spacebar,1,N/A,1236,N/A,N/A,N/A
330,1770554489626,IR pressed,HF_44_A,,true,true,Spacebar,1,N/A,1236,N/A,N/A,N/A
330,1770554490138,WR pressed,HF_44_A,,true,true,Yes,N/A,N/A,N/A,512,N/A,N/A
330,1770554490139,gap_time,N/A,,true,true,GapTime_710,N/A,N/A,N/A,N/A,N/A,N/A
330,1770554490851,Sentence shown,HVL_136_A,true,,,N/A,N/A,N/A,N/A,N/A,N/A,N/A
330,1770554494863,gap_time,N/A,true,,,GapTime_1267,N/A,N/A,N/A,N/A,N/A,N/A
330,1770554496139,Sentence shown,LVH_109_P,true,,,N/A,N/A,N/A,N/A,N/A,N/A,N/A
330,1770554500150,gap_time,N/A,true,,,GapTime_1298,N/A,N/A,N/A,N/A,N/A,N/A
330,1770554501449,Sentence shown,LVH_152_A,true,,true,N/A,N/A,N/A,N/A,N/A,N/A,N/A
330,1770554503683,IR pressed,LVH_152_A,true,,true,Spacebar,1,N/A,2234,N/A,N/A,N/A
330,1770554504202,WR pressed,LVH_152_A,true,,true,Yes,N/A,0,N/A,519,N/A,N/A
330,1770554504202,gap_time,N/A,true,,true,GapTime_716,N/A,N/A,N/A,N/A,N/A,N/A
330,1770554504919,Sentence shown,HF_45_A,,,,N/A,N/A,N/A,N/A,N/A,N/A,N/A
330,1770554508060,Validation Wrong IR pressed,HF_45_A,,,,Spacebar,0,N/A,3141,N/A,N/A,N/A
330,1770554508060,IR pressed,HF_45_A,,,,Spacebar,0,N/A,3141,N/A,N/A,N/A
330,1770554508218,WR pressed,HF_45_A,,,,No,N/A,N/A,N/A,158,N/A,N/A
330,1770554508218,gap_time,N/A,,,,GapTime_784,N/A,N/A,N/A,N/A,N/A,N/A
330,1770554509011,Sentence shown,HF_35_A,,,,N/A,N/A,N/A,N/A,N/A,N/A,N/A
330,1770554513022,gap_time,N/A,,,,GapTime_1032,N/A,N/A,N/A,N/A,N/A,N/A
330,1770554514059,Sentence shown,HF_57_A,,,,N/A,N/A,N/A,N/A,N/A,N/A,N/A
330,1770554518073,gap_time,N/A,,,,GapTime_1013,N/A,N/A,N/A,N/A,N/A,N/A
330,1770554519096,Sentence shown,LVL_116_P,true,,true,N/A,N/A,N/A,N/A,N/A,N/A,N/A
330,1770554523106,gap_time,N/A,true,,true,GapTime_1076,N/A,N/A,N/A,N/A,N/A,N/A
330,1770554524188,Sentence shown,LVL_100_P,true,,true,N/A,N/A,N/A,N/A,N/A,N/A,N/A
330,1770554525398,IR pressed,LVL_100_P,true,,true,Spacebar,1,N/A,1210,N/A,N/A,N/A
330,1770554525602,WR pressed,LVL_100_P,true,,true,No,N/A,1,N/A,204,N/A,N/A
330,1770554525602,gap_time,N/A,true,,true,GapTime_1278,N/A,N/A,N/A,N/A,N/A,N/A
330,1770554526895,Sentence shown,HVL_136_P,true,,true,N/A,N/A,N/A,N/A,N/A,N/A,N/A
330,1770554530355,IR pressed,HVL_136_P,true,,true,Spacebar,1,N/A,3460,N/A,N/A,N/A
330,1770554530751,WR pressed,HVL_136_P,true,,true,Yes,N/A,0,N/A,396,N/A,N/A
330,1770554530751,gap_time,N/A,true,,true,GapTime_845,N/A,N/A,N/A,N/A,N/A,N/A
330,1770554531605,Sentence shown,HF_56_A,,,,N/A,N/A,N/A,N/A,N/A,N/A,N/A
330,1770554535616,gap_time,N/A,,,,GapTime_894,N/A,N/A,N/A,N/A,N/A,N/A
330,1770554536518,Sentence shown,HH_143_A,true,,,N/A,N/A,N/A,N/A,N/A,N/A,N/A
330,1770554540528,gap_time,N/A,true,,,GapTime_931,N/A,N/A,N/A,N/A,N/A,N/A
330,1770554541460,Sentence shown,HF_34_A,,,,N/A,N/A,N/A,N/A,N/A,N/A,N/A
330,1770554545471,gap_time,N/A,,,,GapTime_861,N/A,N/A,N/A,N/A,N/A,N/A
330,1770554546345,Sentence shown,HF_56_A,,true,true,N/A,N/A,N/A,N/A,N/A,N/A,N/A
330,1770554547606,Validation IR pressed,HF_56_A,,true,true,Spacebar,1,N/A,1261,N/A,N/A,N/A
330,1770554547606,IR pressed,HF_56_A,,true,true,Spacebar,1,N/A,1261,N/A,N/A,N/A
330,1770554547714,WR pressed,HF_56_A,,true,true,Yes,N/A,N/A,N/A,108,N/A,N/A
330,1770554547715,gap_time,N/A,,true,true,GapTime_1199,N/A,N/A,N/A,N/A,N/A,N/A
330,1770554548923,Sentence shown,LVH_109_P,true,,true,N/A,N/A,N/A,N/A,N/A,N/A,N/A
330,1770554550457,IR pressed,LVH_109_P,true,,true,Spacebar,1,N/A,1534,N/A,N/A,N/A
330,1770554550566,WR pressed,LVH_109_P,true,,true,Yes,N/A,1,N/A,109,N/A,N/A
330,1770554550566,gap_time,N/A,true,,true,GapTime_1244,N/A,N/A,N/A,N/A,N/A,N/A
330,1770554551818,Sentence shown,LVH_161_A,true,,,N/A,N/A,N/A,N/A,N/A,N/A,N/A
330,1770554555826,gap_time,N/A,true,,,GapTime_1266,N/A,N/A,N/A,N/A,N/A,N/A
330,1770554557097,Sentence shown,HF_46_A,,,,N/A,N/A,N/A,N/A,N/A,N/A,N/A
330,1770554561106,gap_time,N/A,,,,GapTime_1276,N/A,N/A,N/A,N/A,N/A,N/A
330,1770554562383,Sentence shown,HVL_100_P,true,,,N/A,N/A,N/A,N/A,N/A,N/A,N/A
330,1770554565293,Validation Wrong IR pressed,HVL_100_P,true,,,Spacebar,0,N/A,2910,N/A,N/A,N/A
330,1770554565293,IR pressed,HVL_100_P,true,,,Spacebar,0,N/A,2910,N/A,N/A,N/A
330,1770554565513,WR pressed,HVL_100_P,true,,,No,N/A,0,N/A,220,N/A,N/A
330,1770554565513,gap_time,N/A,true,,,GapTime_1007,N/A,N/A,N/A,N/A,N/A,N/A
330,1770554566524,Sentence shown,HH_149_A,true,,,N/A,N/A,N/A,N/A,N/A,N/A,N/A
330,1770554570532,gap_time,N/A,true,,,GapTime_1237,N/A,N/A,N/A,N/A,N/A,N/A
330,1770554571780,Sentence shown,HF_63_A,,,,N/A,N/A,N/A,N/A,N/A,N/A,N/A
330,1770554575793,gap_time,N/A,,,,GapTime_882,N/A,N/A,N/A,N/A,N/A,N/A
330,1770554576684,Sentence shown,HF_65_A,,,,N/A,N/A,N/A,N/A,N/A,N/A,N/A
330,1770554578108,Validation Wrong IR pressed,HF_65_A,,,,Spacebar,0,N/A,1424,N/A,N/A,N/A
330,1770554578108,IR pressed,HF_65_A,,,,Spacebar,0,N/A,1424,N/A,N/A,N/A
330,1770554578284,WR pressed,HF_65_A,,,,No,N/A,N/A,N/A,176,N/A,N/A
330,1770554578284,gap_time,N/A,,,,GapTime_843,N/A,N/A,N/A,N/A,N/A,N/A
330,1770554579141,Sentence shown,HH_143_P,true,,true,N/A,N/A,N/A,N/A,N/A,N/A,N/A
330,1770554582342,IR pressed,HH_143_P,true,,true,Spacebar,1,N/A,3201,N/A,N/A,N/A
330,1770554582479,WR pressed,HH_143_P,true,,true,Yes,N/A,0,N/A,137,N/A,N/A
330,1770554582479,gap_time,N/A,true,,true,GapTime_1291,N/A,N/A,N/A,N/A,N/A,N/A
330,1770554583782,Sentence shown,HF_59_A,,,,N/A,N/A,N/A,N/A,N/A,N/A,N/A
330,1770554587797,gap_time,N/A,,,,GapTime_941,N/A,N/A,N/A,N/A,N/A,N/A
330,1770554588753,Sentence shown,HF_65_A,,true,true,N/A,N/A,N/A,N/A,N/A,N/A,N/A
330,1770554590142,Validation IR pressed,HF_65_A,,true,true,Spacebar,1,N/A,1389,N/A,N/A,N/A
330,1770554590142,IR pressed,HF_65_A,,true,true,Spacebar,1,N/A,1389,N/A,N/A,N/A
330,1770554590346,WR pressed,HF_65_A,,true,true,No,N/A,N/A,N/A,204,N/A,N/A
330,1770554590346,gap_time,N/A,,true,true,GapTime_1187,N/A,N/A,N/A,N/A,N/A,N/A
330,1770554591534,Sentence shown,LVH_161_P,true,,true,N/A,N/A,N/A,N/A,N/A,N/A,N/A
330,1770554594637,IR pressed,LVH_161_P,true,,true,Spacebar,1,N/A,3103,N/A,N/A,N/A
330,1770554595650,WR pressed,LVH_161_P,true,,true,Yes,N/A,0,N/A,1013,N/A,N/A
330,1770554595650,gap_time,N/A,true,,true,GapTime_1062,N/A,N/A,N/A,N/A,N/A,N/A
330,1770554596717,Sentence shown,HVL_100_P,true,,true,N/A,N/A,N/A,N/A,N/A,N/A,N/A
330,1770554598490,IR pressed,HVL_100_P,true,,true,Spacebar,1,N/A,1773,N/A,N/A,N/A
330,1770554598719,WR pressed,HVL_100_P,true,,true,No,N/A,0,N/A,229,N/A,N/A
330,1770554598719,gap_time,N/A,true,,true,GapTime_1112,N/A,N/A,N/A,N/A,N/A,N/A
330,1770554599835,Sentence shown,HF_55_A,,,,N/A,N/A,N/A,N/A,N/A,N/A,N/A
330,1770554603839,gap_time,N/A,,,,GapTime_1128,N/A,N/A,N/A,N/A,N/A,N/A
330,1770554604972,Sentence shown,HH_149_A,true,,true,N/A,N/A,N/A,N/A,N/A,N/A,N/A
330,1770554607928,IR pressed,HH_149_A,true,,true,Spacebar,1,N/A,2956,N/A,N/A,N/A
330,1770554608199,WR pressed,HH_149_A,true,,true,Yes,N/A,1,N/A,271,N/A,N/A
330,1770554608199,gap_time,N/A,true,,true,GapTime_1042,N/A,N/A,N/A,N/A,N/A,N/A
330,1770554609252,Sentence shown,HF_60_A,,,,N/A,N/A,N/A,N/A,N/A,N/A,N/A
330,1770554610779,Validation Wrong IR pressed,HF_60_A,,,,Spacebar,0,N/A,1527,N/A,N/A,N/A
330,1770554610779,IR pressed,HF_60_A,,,,Spacebar,0,N/A,1527,N/A,N/A,N/A
330,1770554610932,WR pressed,HF_60_A,,,,No,N/A,N/A,N/A,153,N/A,N/A
330,1770554610932,gap_time,N/A,,,,GapTime_962,N/A,N/A,N/A,N/A,N/A,N/A
330,1770554611895,Sentence shown,HF_58_A,,,,N/A,N/A,N/A,N/A,N/A,N/A,N/A
330,1770554615902,gap_time,N/A,,,,GapTime_848,N/A,N/A,N/A,N/A,N/A,N/A
330,1770554616755,Sentence shown,HF_64_A,,,,N/A,N/A,N/A,N/A,N/A,N/A,N/A
330,1770554620761,gap_time,N/A,,,,GapTime_1031,N/A,N/A,N/A,N/A,N/A,N/A
330,1770554621803,Sentence shown,HF_58_A,,true,true,N/A,N/A,N/A,N/A,N/A,N/A,N/A
330,1770554623037,Validation IR pressed,HF_58_A,,true,true,Spacebar,1,N/A,1233,N/A,N/A,N/A
330,1770554623037,IR pressed,HF_58_A,,true,true,Spacebar,1,N/A,1233,N/A,N/A,N/A
330,1770554623238,WR pressed,HF_58_A,,true,true,Yes,N/A,N/A,N/A,201,N/A,N/A
330,1770554623238,gap_time,N/A,,true,true,GapTime_1247,N/A,N/A,N/A,N/A,N/A,N/A
330,1770554624493,Sentence shown,HF_50_A,,,,N/A,N/A,N/A,N/A,N/A,N/A,N/A
330,1770554626618,Validation Wrong IR pressed,HF_50_A,,,,Spacebar,0,N/A,2125,N/A,N/A,N/A
330,1770554626618,IR pressed,HF_50_A,,,,Spacebar,0,N/A,2125,N/A,N/A,N/A
330,1770554626959,WR pressed,HF_50_A,,,,Yes,N/A,N/A,N/A,341,N/A,N/A
330,1770554626959,gap_time,N/A,,,,GapTime_1227,N/A,N/A,N/A,N/A,N/A,N/A
330,1770554628188,Sentence shown,HF_64_A,,true,true,N/A,N/A,N/A,N/A,N/A,N/A,N/A
330,1770554629356,Validation IR pressed,HF_64_A,,true,true,Spacebar,1,N/A,1168,N/A,N/A,N/A
330,1770554629356,IR pressed,HF_64_A,,true,true,Spacebar,1,N/A,1168,N/A,N/A,N/A
330,1770554629540,WR pressed,HF_64_A,,true,true,Yes,N/A,N/A,N/A,184,N/A,N/A
330,1770554629541,gap_time,N/A,,true,true,GapTime_1221,N/A,N/A,N/A,N/A,N/A,N/A
330,1770554630765,Sentence shown,HF_42_A,,,,N/A,N/A,N/A,N/A,N/A,N/A,N/A
330,1770554631857,Validation Wrong IR pressed,HF_42_A,,,,Spacebar,0,N/A,1092,N/A,N/A,N/A
330,1770554631857,IR pressed,HF_42_A,,,,Spacebar,0,N/A,1092,N/A,N/A,N/A
330,1770554633246,WR pressed,HF_42_A,,,,No,N/A,N/A,N/A,1389,N/A,N/A
330,1770554633246,gap_time,N/A,,,,GapTime_755,N/A,N/A,N/A,N/A,N/A,N/A
330,1770554634012,Sentence shown,HF_50_A,,true,true,N/A,N/A,N/A,N/A,N/A,N/A,N/A
330,1770554638019,Validation Missed,HF_50_A,,true,true,None,0,N/A,N/A,N/A,N/A,N/A
330,1770554638019,gap_time,N/A,,true,true,GapTime_1064,N/A,N/A,N/A,N/A,N/A,N/A
330,1770554639092,Sentence shown,HF_52_A,,,,N/A,N/A,N/A,N/A,N/A,N/A,N/A
330,1770554643107,gap_time,N/A,,,,GapTime_734,N/A,N/A,N/A,N/A,N/A,N/A
330,1770554643856,Sentence shown,HVL_105_A,true,,,N/A,N/A,N/A,N/A,N/A,N/A,N/A
330,1770554647860,gap_time,N/A,true,,,GapTime_996,N/A,N/A,N/A,N/A,N/A,N/A
330,1770554648872,Sentence shown,HF_37_A,,,,N/A,N/A,N/A,N/A,N/A,N/A,N/A
330,1770554652881,gap_time,N/A,,,,GapTime_877,N/A,N/A,N/A,N/A,N/A,N/A
330,1770554653765,Sentence shown,HH_173_P,true,,,N/A,N/A,N/A,N/A,N/A,N/A,N/A
330,1770554657777,gap_time,N/A,true,,,GapTime_1283,N/A,N/A,N/A,N/A,N/A,N/A
330,1770554659067,Sentence shown,HF_38_A,,,,N/A,N/A,N/A,N/A,N/A,N/A,N/A
330,1770554661479,Validation Wrong IR pressed,HF_38_A,,,,Spacebar,0,N/A,2412,N/A,N/A,N/A
330,1770554661479,IR pressed,HF_38_A,,,,Spacebar,0,N/A,2412,N/A,N/A,N/A
330,1770554662330,WR pressed,HF_38_A,,,,No,N/A,N/A,N/A,851,N/A,N/A
330,1770554662330,gap_time,N/A,,,,GapTime_1002,N/A,N/A,N/A,N/A,N/A,N/A
330,1770554663339,Sentence shown,HF_61_A,,,,N/A,N/A,N/A,N/A,N/A,N/A,N/A
330,1770554667346,gap_time,N/A,,,,GapTime_811,N/A,N/A,N/A,N/A,N/A,N/A
330,1770554668168,Sentence shown,HF_51_A,,,,N/A,N/A,N/A,N/A,N/A,N/A,N/A
330,1770554672172,gap_time,N/A,,,,GapTime_972,N/A,N/A,N/A,N/A,N/A,N/A
330,1770554673153,Sentence shown,HVL_105_A,true,,true,N/A,N/A,N/A,N/A,N/A,N/A,N/A
330,1770554676061,IR pressed,HVL_105_A,true,,true,Spacebar,1,N/A,2908,N/A,N/A,N/A
330,1770554677076,WR pressed,HVL_105_A,true,,true,Yes,N/A,1,N/A,1015,N/A,N/A
330,1770554677076,gap_time,N/A,true,,true,GapTime_1052,N/A,N/A,N/A,N/A,N/A,N/A
330,1770554678143,Sentence shown,LVL_128_P,true,,,N/A,N/A,N/A,N/A,N/A,N/A,N/A
330,1770554682151,gap_time,N/A,true,,,GapTime_1197,N/A,N/A,N/A,N/A,N/A,N/A
330,1770554683363,Sentence shown,HF_62_A,,,,N/A,N/A,N/A,N/A,N/A,N/A,N/A
330,1770554686667,Validation Wrong IR pressed,HF_62_A,,,,Spacebar,0,N/A,3304,N/A,N/A,N/A
330,1770554686667,IR pressed,HF_62_A,,,,Spacebar,0,N/A,3304,N/A,N/A,N/A
330,1770554686818,WR pressed,HF_62_A,,,,No,N/A,N/A,N/A,151,N/A,N/A
330,1770554686818,gap_time,N/A,,,,GapTime_1064,N/A,N/A,N/A,N/A,N/A,N/A
330,1770554687891,Sentence shown,HF_41_A,,,,N/A,N/A,N/A,N/A,N/A,N/A,N/A
330,1770554691904,gap_time,N/A,,,,GapTime_899,N/A,N/A,N/A,N/A,N/A,N/A
330,1770554692805,Sentence shown,HF_54_A,,,,N/A,N/A,N/A,N/A,N/A,N/A,N/A
330,1770554696808,gap_time,N/A,,,,GapTime_917,N/A,N/A,N/A,N/A,N/A,N/A
330,1770554697739,Sentence shown,HF_62_A,,true,true,N/A,N/A,N/A,N/A,N/A,N/A,N/A
330,1770554699248,Validation IR pressed,HF_62_A,,true,true,Spacebar,1,N/A,1509,N/A,N/A,N/A
330,1770554699248,IR pressed,HF_62_A,,true,true,Spacebar,1,N/A,1509,N/A,N/A,N/A
330,1770554699426,WR pressed,HF_62_A,,true,true,Yes,N/A,N/A,N/A,178,N/A,N/A
330,1770554699426,gap_time,N/A,,true,true,GapTime_976,N/A,N/A,N/A,N/A,N/A,N/A
330,1770554700409,Sentence shown,HH_173_P,true,,true,N/A,N/A,N/A,N/A,N/A,N/A,N/A
330,1770554701787,IR pressed,HH_173_P,true,,true,Spacebar,1,N/A,1378,N/A,N/A,N/A
330,1770554703204,WR pressed,HH_173_P,true,,true,Yes,N/A,1,N/A,1417,N/A,N/A
330,1770554703204,gap_time,N/A,true,,true,GapTime_1041,N/A,N/A,N/A,N/A,N/A,N/A
330,1770554704259,Sentence shown,HF_49_A,,,,N/A,N/A,N/A,N/A,N/A,N/A,N/A
330,1770554708267,gap_time,N/A,,,,GapTime_907,N/A,N/A,N/A,N/A,N/A,N/A
330,1770554709185,Sentence shown,LVL_128_A,true,,true,N/A,N/A,N/A,N/A,N/A,N/A,N/A
330,1770554711809,IR pressed,LVL_128_A,true,,true,Spacebar,1,N/A,2624,N/A,N/A,N/A
330,1770554712060,WR pressed,LVL_128_A,true,,true,No,N/A,1,N/A,251,N/A,N/A
330,1770554712060,gap_time,N/A,true,,true,GapTime_1293,N/A,N/A,N/A,N/A,N/A,N/A
330,1770554713363,Sentence shown,HF_49_A,,true,true,N/A,N/A,N/A,N/A,N/A,N/A,N/A
330,1770554714585,Validation IR pressed,HF_49_A,,true,true,Spacebar,1,N/A,1221,N/A,N/A,N/A
330,1770554714585,IR pressed,HF_49_A,,true,true,Spacebar,1,N/A,1221,N/A,N/A,N/A
330,1770554714757,WR pressed,HF_49_A,,true,true,Yes,N/A,N/A,N/A,172,N/A,N/A
330,1770554714758,gap_time,N/A,,true,true,GapTime_985,N/A,N/A,N/A,N/A,N/A,N/A
330,1770554715743,Rest Phase started,N/A,,true,true,Rest,N/A,N/A,N/A,N/A,N/A,N/A
330,1770554740202,Sentence shown,HVL_101_A,true,,,N/A,N/A,N/A,N/A,N/A,N/A,N/A
330,1770554744219,gap_time,N/A,true,,,GapTime_853,N/A,N/A,N/A,N/A,N/A,N/A
330,1770554745073,Sentence shown,LVH_103_P,true,,,N/A,N/A,N/A,N/A,N/A,N/A,N/A
330,1770554749082,gap_time,N/A,true,,,GapTime_1263,N/A,N/A,N/A,N/A,N/A,N/A
330,1770554750357,Sentence shown,HF_93_A,,,,N/A,N/A,N/A,N/A,N/A,N/A,N/A
330,1770554754359,gap_time,N/A,,,,GapTime_1185,N/A,N/A,N/A,N/A,N/A,N/A
330,1770554755557,Sentence shown,HF_93_A,,true,true,N/A,N/A,N/A,N/A,N/A,N/A,N/A
330,1770554757027,Validation IR pressed,HF_93_A,,true,true,Spacebar,1,N/A,1470,N/A,N/A,N/A
330,1770554757027,IR pressed,HF_93_A,,true,true,Spacebar,1,N/A,1470,N/A,N/A,N/A
330,1770554757213,WR pressed,HF_93_A,,true,true,Yes,N/A,N/A,N/A,186,N/A,N/A
330,1770554757213,gap_time,N/A,,true,true,GapTime_722,N/A,N/A,N/A,N/A,N/A,N/A
330,1770554757951,Sentence shown,HF_68_A,,,,N/A,N/A,N/A,N/A,N/A,N/A,N/A
330,1770554761958,gap_time,N/A,,,,GapTime_1003,N/A,N/A,N/A,N/A,N/A,N/A
330,1770554762967,Sentence shown,HVL_101_P,true,,true,N/A,N/A,N/A,N/A,N/A,N/A,N/A
330,1770554766074,IR pressed,HVL_101_P,true,,true,Spacebar,1,N/A,3107,N/A,N/A,N/A
330,1770554766627,WR pressed,HVL_101_P,true,,true,No,N/A,1,N/A,553,N/A,N/A
330,1770554766628,gap_time,N/A,true,,true,GapTime_1027,N/A,N/A,N/A,N/A,N/A,N/A
330,1770554767661,Sentence shown,HF_67_A,,,,N/A,N/A,N/A,N/A,N/A,N/A,N/A
330,1770554771662,gap_time,N/A,,,,GapTime_1069,N/A,N/A,N/A,N/A,N/A,N/A
330,1770554772734,Sentence shown,HVL_141_P,true,,,N/A,N/A,N/A,N/A,N/A,N/A,N/A
330,1770554776746,gap_time,N/A,true,,,GapTime_841,N/A,N/A,N/A,N/A,N/A,N/A
330,1770554777602,Sentence shown,HF_82_A,,,,N/A,N/A,N/A,N/A,N/A,N/A,N/A
330,1770554781614,gap_time,N/A,,,,GapTime_1022,N/A,N/A,N/A,N/A,N/A,N/A
330,1770554782636,Sentence shown,LVH_103_A,true,,true,N/A,N/A,N/A,N/A,N/A,N/A,N/A
330,1770554784607,IR pressed,LVH_103_A,true,,true,Spacebar,1,N/A,1971,N/A,N/A,N/A
330,1770554785470,WR pressed,LVH_103_A,true,,true,No,N/A,1,N/A,863,N/A,N/A
330,1770554785470,gap_time,N/A,true,,true,GapTime_862,N/A,N/A,N/A,N/A,N/A,N/A
330,1770554786337,Sentence shown,HF_92_A,,,,N/A,N/A,N/A,N/A,N/A,N/A,N/A
330,1770554790338,gap_time,N/A,,,,GapTime_942,N/A,N/A,N/A,N/A,N/A,N/A
330,1770554791290,Sentence shown,LVL_142_A,true,,,N/A,N/A,N/A,N/A,N/A,N/A,N/A
330,1770554795301,gap_time,N/A,true,,,GapTime_1203,N/A,N/A,N/A,N/A,N/A,N/A
330,1770554796512,Sentence shown,HF_94_A,,,,N/A,N/A,N/A,N/A,N/A,N/A,N/A
330,1770554800520,gap_time,N/A,,,,GapTime_755,N/A,N/A,N/A,N/A,N/A,N/A
330,1770554801280,Sentence shown,HVL_141_P,true,,true,N/A,N/A,N/A,N/A,N/A,N/A,N/A
330,1770554804805,IR pressed,HVL_141_P,true,,true,Spacebar,1,N/A,3525,N/A,N/A,N/A
330,1770554805648,WR pressed,HVL_141_P,true,,true,No,N/A,0,N/A,843,N/A,N/A
330,1770554805649,gap_time,N/A,true,,true,GapTime_1135,N/A,N/A,N/A,N/A,N/A,N/A
330,1770554806799,Sentence shown,HF_70_A,,,,N/A,N/A,N/A,N/A,N/A,N/A,N/A
330,1770554810809,gap_time,N/A,,,,GapTime_1189,N/A,N/A,N/A,N/A,N/A,N/A
330,1770554812008,Sentence shown,HF_94_A,,true,true,N/A,N/A,N/A,N/A,N/A,N/A,N/A
330,1770554815810,Validation IR pressed,HF_94_A,,true,true,Spacebar,1,N/A,3802,N/A,N/A,N/A
330,1770554815810,IR pressed,HF_94_A,,true,true,Spacebar,1,N/A,3802,N/A,N/A,N/A
330,1770554816522,WR pressed,HF_94_A,,true,true,No,N/A,N/A,N/A,712,N/A,N/A
330,1770554816522,gap_time,N/A,,true,true,GapTime_1007,N/A,N/A,N/A,N/A,N/A,N/A
330,1770554817541,Sentence shown,HF_85_A,,,,N/A,N/A,N/A,N/A,N/A,N/A,N/A
330,1770554821545,gap_time,N/A,,,,GapTime_1031,N/A,N/A,N/A,N/A,N/A,N/A
330,1770554822589,Sentence shown,HF_70_A,,true,true,N/A,N/A,N/A,N/A,N/A,N/A,N/A
330,1770554824136,Validation IR pressed,HF_70_A,,true,true,Spacebar,1,N/A,1547,N/A,N/A,N/A
330,1770554824136,IR pressed,HF_70_A,,true,true,Spacebar,1,N/A,1547,N/A,N/A,N/A
330,1770554824517,WR pressed,HF_70_A,,true,true,Yes,N/A,N/A,N/A,381,N/A,N/A
330,1770554824518,gap_time,N/A,,true,true,GapTime_737,N/A,N/A,N/A,N/A,N/A,N/A
330,1770554825264,Sentence shown,LVL_142_A,true,,true,N/A,N/A,N/A,N/A,N/A,N/A,N/A
330,1770554829280,gap_time,N/A,true,,true,GapTime_1052,N/A,N/A,N/A,N/A,N/A,N/A
330,1770554830341,Sentence shown,HF_74_A,,,,N/A,N/A,N/A,N/A,N/A,N/A,N/A
330,1770554834350,gap_time,N/A,,,,GapTime_1071,N/A,N/A,N/A,N/A,N/A,N/A
330,1770554835426,Sentence shown,HF_85_A,,true,true,N/A,N/A,N/A,N/A,N/A,N/A,N/A
330,1770554836456,Validation IR pressed,HF_85_A,,true,true,Spacebar,1,N/A,1030,N/A,N/A,N/A
330,1770554836456,IR pressed,HF_85_A,,true,true,Spacebar,1,N/A,1030,N/A,N/A,N/A
330,1770554836924,WR pressed,HF_85_A,,true,true,Yes,N/A,N/A,N/A,468,N/A,N/A
330,1770554836924,gap_time,N/A,,true,true,GapTime_987,N/A,N/A,N/A,N/A,N/A,N/A
330,1770554837926,Sentence shown,HVL_110_P,true,,,N/A,N/A,N/A,N/A,N/A,N/A,N/A
330,1770554841943,gap_time,N/A,true,,,GapTime_1284,N/A,N/A,N/A,N/A,N/A,N/A
330,1770554843240,Sentence shown,LVL_119_A,true,,,N/A,N/A,N/A,N/A,N/A,N/A,N/A
330,1770554847247,gap_time,N/A,true,,,GapTime_1092,N/A,N/A,N/A,N/A,N/A,N/A
330,1770554848350,Sentence shown,LVL_121_P,true,,,N/A,N/A,N/A,N/A,N/A,N/A,N/A
330,1770554852357,gap_time,N/A,true,,,GapTime_776,N/A,N/A,N/A,N/A,N/A,N/A
330,1770554853135,Sentence shown,LVH_105_A,true,,,N/A,N/A,N/A,N/A,N/A,N/A,N/A
330,1770554857146,gap_time,N/A,true,,,GapTime_1002,N/A,N/A,N/A,N/A,N/A,N/A
330,1770554858154,Sentence shown,HF_73_A,,,,N/A,N/A,N/A,N/A,N/A,N/A,N/A
330,1770554862162,gap_time,N/A,,,,GapTime_1270,N/A,N/A,N/A,N/A,N/A,N/A
330,1770554863439,Sentence shown,HF_84_A,,,,N/A,N/A,N/A,N/A,N/A,N/A,N/A
330,1770554867452,gap_time,N/A,,,,GapTime_1206,N/A,N/A,N/A,N/A,N/A,N/A
330,1770554868664,Sentence shown,HVL_110_A,true,,true,N/A,N/A,N/A,N/A,N/A,N/A,N/A
330,1770554871420,IR pressed,HVL_110_A,true,,true,Spacebar,1,N/A,2756,N/A,N/A,N/A
330,1770554872428,WR pressed,HVL_110_A,true,,true,No,N/A,1,N/A,1008,N/A,N/A
330,1770554872428,gap_time,N/A,true,,true,GapTime_1026,N/A,N/A,N/A,N/A,N/A,N/A
330,1770554873459,Sentence shown,HH_141_A,true,,,N/A,N/A,N/A,N/A,N/A,N/A,N/A
330,1770554877470,gap_time,N/A,true,,,GapTime_745,N/A,N/A,N/A,N/A,N/A,N/A
330,1770554878231,Sentence shown,LVL_119_P,true,,true,N/A,N/A,N/A,N/A,N/A,N/A,N/A
330,1770554882240,gap_time,N/A,true,,true,GapTime_1171,N/A,N/A,N/A,N/A,N/A,N/A
330,1770554883421,Sentence shown,HF_88_A,,,,N/A,N/A,N/A,N/A,N/A,N/A,N/A
330,1770554887429,gap_time,N/A,,,,GapTime_935,N/A,N/A,N/A,N/A,N/A,N/A
330,1770554888375,Sentence shown,HF_76_A,,,,N/A,N/A,N/A,N/A,N/A,N/A,N/A
330,1770554892380,gap_time,N/A,,,,GapTime_1289,N/A,N/A,N/A,N/A,N/A,N/A
330,1770554893684,Sentence shown,HF_76_A,,true,true,N/A,N/A,N/A,N/A,N/A,N/A,N/A
330,1770554894678,Validation IR pressed,HF_76_A,,true,true,Spacebar,1,N/A,994,N/A,N/A,N/A
330,1770554894678,IR pressed,HF_76_A,,true,true,Spacebar,1,N/A,994,N/A,N/A,N/A
330,1770554896094,WR pressed,HF_76_A,,true,true,Yes,N/A,N/A,N/A,1416,N/A,N/A
330,1770554896094,gap_time,N/A,,true,true,GapTime_1271,N/A,N/A,N/A,N/A,N/A,N/A
330,1770554897366,Sentence shown,HH_148_A,true,,,N/A,N/A,N/A,N/A,N/A,N/A,N/A
330,1770554901375,gap_time,N/A,true,,,GapTime_1277,N/A,N/A,N/A,N/A,N/A,N/A
330,1770554902665,Sentence shown,LVL_121_P,true,,true,N/A,N/A,N/A,N/A,N/A,N/A,N/A
330,1770554906374,IR pressed,LVL_121_P,true,,true,Spacebar,1,N/A,3709,N/A,N/A,N/A
330,1770554907287,WR pressed,LVL_121_P,true,,true,No,N/A,0,N/A,913,N/A,N/A
330,1770554907287,gap_time,N/A,true,,true,GapTime_1247,N/A,N/A,N/A,N/A,N/A,N/A
330,1770554908546,Sentence shown,HF_69_A,,,,N/A,N/A,N/A,N/A,N/A,N/A,N/A
330,1770554912548,gap_time,N/A,,,,GapTime_1082,N/A,N/A,N/A,N/A,N/A,N/A
330,1770554913634,Sentence shown,LVH_105_P,true,,true,N/A,N/A,N/A,N/A,N/A,N/A,N/A
330,1770554917639,gap_time,N/A,true,,true,GapTime_1183,N/A,N/A,N/A,N/A,N/A,N/A
330,1770554918834,Sentence shown,HF_96_A,,,,N/A,N/A,N/A,N/A,N/A,N/A,N/A
330,1770554922837,gap_time,N/A,,,,GapTime_961,N/A,N/A,N/A,N/A,N/A,N/A
330,1770554923800,Sentence shown,HH_141_A,true,,true,N/A,N/A,N/A,N/A,N/A,N/A,N/A
330,1770554927295,IR pressed,HH_141_A,true,,true,Spacebar,1,N/A,3495,N/A,N/A,N/A
330,1770554928812,WR pressed,HH_141_A,true,,true,Yes,N/A,1,N/A,1517,N/A,N/A
330,1770554928813,gap_time,N/A,true,,true,GapTime_920,N/A,N/A,N/A,N/A,N/A,N/A
330,1770554929743,Sentence shown,HF_96_A,,true,true,N/A,N/A,N/A,N/A,N/A,N/A,N/A
330,1770554933755,Validation Missed,HF_96_A,,true,true,None,0,N/A,N/A,N/A,N/A,N/A
330,1770554933755,gap_time,N/A,,true,true,GapTime_710,N/A,N/A,N/A,N/A,N/A,N/A
330,1770554934468,Sentence shown,HH_162_P,true,,,N/A,N/A,N/A,N/A,N/A,N/A,N/A
330,1770554938473,gap_time,N/A,true,,,GapTime_817,N/A,N/A,N/A,N/A,N/A,N/A
330,1770554939297,Sentence shown,HF_66_A,,,,N/A,N/A,N/A,N/A,N/A,N/A,N/A
330,1770554943306,gap_time,N/A,,,,GapTime_1187,N/A,N/A,N/A,N/A,N/A,N/A
330,1770554944504,Sentence shown,HF_90_A,,,,N/A,N/A,N/A,N/A,N/A,N/A,N/A
330,1770554948514,gap_time,N/A,,,,GapTime_1086,N/A,N/A,N/A,N/A,N/A,N/A
330,1770554949614,Sentence shown,HF_83_A,,,,N/A,N/A,N/A,N/A,N/A,N/A,N/A
330,1770554952447,Validation Wrong IR pressed,HF_83_A,,,,Spacebar,0,N/A,2833,N/A,N/A,N/A
330,1770554952447,IR pressed,HF_83_A,,,,Spacebar,0,N/A,2833,N/A,N/A,N/A
330,1770554952530,WR pressed,HF_83_A,,,,No,N/A,N/A,N/A,83,N/A,N/A
330,1770554952531,gap_time,N/A,,,,GapTime_809,N/A,N/A,N/A,N/A,N/A,N/A
330,1770554953344,Sentence shown,HF_83_A,,true,true,N/A,N/A,N/A,N/A,N/A,N/A,N/A
330,1770554954992,Validation IR pressed,HF_83_A,,true,true,Spacebar,1,N/A,1648,N/A,N/A,N/A
330,1770554954992,IR pressed,HF_83_A,,true,true,Spacebar,1,N/A,1648,N/A,N/A,N/A
330,1770554955086,WR pressed,HF_83_A,,true,true,Yes,N/A,N/A,N/A,94,N/A,N/A
330,1770554955087,gap_time,N/A,,true,true,GapTime_1126,N/A,N/A,N/A,N/A,N/A,N/A
330,1770554956222,Sentence shown,HVL_129_A,true,,,N/A,N/A,N/A,N/A,N/A,N/A,N/A
330,1770554960230,gap_time,N/A,true,,,GapTime_884,N/A,N/A,N/A,N/A,N/A,N/A
330,1770554961129,Sentence shown,HH_148_P,true,,true,N/A,N/A,N/A,N/A,N/A,N/A,N/A
330,1770554963340,IR pressed,HH_148_P,true,,true,Spacebar,1,N/A,2211,N/A,N/A,N/A
330,1770554963709,WR pressed,HH_148_P,true,,true,Yes,N/A,0,N/A,369,N/A,N/A
330,1770554963709,gap_time,N/A,true,,true,GapTime_896,N/A,N/A,N/A,N/A,N/A,N/A
330,1770554964608,Sentence shown,HF_87_A,,,,N/A,N/A,N/A,N/A,N/A,N/A,N/A
330,1770554968617,gap_time,N/A,,,,GapTime_988,N/A,N/A,N/A,N/A,N/A,N/A
330,1770554969612,Sentence shown,HF_91_A,,,,N/A,N/A,N/A,N/A,N/A,N/A,N/A
330,1770554973617,gap_time,N/A,,,,GapTime_716,N/A,N/A,N/A,N/A,N/A,N/A
330,1770554974336,Sentence shown,HH_162_P,true,,true,N/A,N/A,N/A,N/A,N/A,N/A,N/A
330,1770554975992,IR pressed,HH_162_P,true,,true,Spacebar,1,N/A,1656,N/A,N/A,N/A
330,1770554976943,WR pressed,HH_162_P,true,,true,Yes,N/A,1,N/A,951,N/A,N/A
330,1770554976944,gap_time,N/A,true,,true,GapTime_909,N/A,N/A,N/A,N/A,N/A,N/A
330,1770554977854,Sentence shown,HF_86_A,,,,N/A,N/A,N/A,N/A,N/A,N/A,N/A
330,1770554981869,gap_time,N/A,,,,GapTime_1062,N/A,N/A,N/A,N/A,N/A,N/A
330,1770554982933,Sentence shown,HH_175_P,true,,,N/A,N/A,N/A,N/A,N/A,N/A,N/A
330,1770554986940,gap_time,N/A,true,,,GapTime_728,N/A,N/A,N/A,N/A,N/A,N/A
330,1770554987684,Sentence shown,LVH_149_A,true,,,N/A,N/A,N/A,N/A,N/A,N/A,N/A
330,1770554991698,gap_time,N/A,true,,,GapTime_761,N/A,N/A,N/A,N/A,N/A,N/A
330,1770554992474,Sentence shown,HF_71_A,,,,N/A,N/A,N/A,N/A,N/A,N/A,N/A
330,1770554996482,gap_time,N/A,,,,GapTime_799,N/A,N/A,N/A,N/A,N/A,N/A
330,1770554997289,Sentence shown,HF_80_A,,,,N/A,N/A,N/A,N/A,N/A,N/A,N/A
330,1770555001300,gap_time,N/A,,,,GapTime_1278,N/A,N/A,N/A,N/A,N/A,N/A
330,1770555002591,Sentence shown,HVL_129_A,true,,true,N/A,N/A,N/A,N/A,N/A,N/A,N/A
330,1770555004442,IR pressed,HVL_129_A,true,,true,Spacebar,1,N/A,1851,N/A,N/A,N/A
330,1770555005119,WR pressed,HVL_129_A,true,,true,Yes,N/A,1,N/A,676,N/A,N/A
330,1770555005119,gap_time,N/A,true,,true,GapTime_944,N/A,N/A,N/A,N/A,N/A,N/A
330,1770555006075,Sentence shown,HF_75_A,,,,N/A,N/A,N/A,N/A,N/A,N/A,N/A
330,1770555010082,gap_time,N/A,,,,GapTime_1205,N/A,N/A,N/A,N/A,N/A,N/A
330,1770555011302,Sentence shown,HH_175_A,true,,true,N/A,N/A,N/A,N/A,N/A,N/A,N/A
330,1770555015129,IR pressed,HH_175_A,true,,true,Spacebar,1,N/A,3827,N/A,N/A,N/A
330,1770555016014,WR pressed,HH_175_A,true,,true,No,N/A,1,N/A,885,N/A,N/A
330,1770555016014,gap_time,N/A,true,,true,GapTime_958,N/A,N/A,N/A,N/A,N/A,N/A
330,1770555016984,Sentence shown,LVL_109_P,true,,,N/A,N/A,N/A,N/A,N/A,N/A,N/A
330,1770555020998,gap_time,N/A,true,,,GapTime_1113,N/A,N/A,N/A,N/A,N/A,N/A
330,1770555022115,Sentence shown,HF_97_A,,,,N/A,N/A,N/A,N/A,N/A,N/A,N/A
330,1770555026127,gap_time,N/A,,,,GapTime_722,N/A,N/A,N/A,N/A,N/A,N/A
330,1770555026858,Sentence shown,HF_89_A,,,,N/A,N/A,N/A,N/A,N/A,N/A,N/A
330,1770555030862,gap_time,N/A,,,,GapTime_1215,N/A,N/A,N/A,N/A,N/A,N/A
330,1770555032089,Sentence shown,LVH_149_A,true,,true,N/A,N/A,N/A,N/A,N/A,N/A,N/A
330,1770555033791,IR pressed,LVH_149_A,true,,true,Spacebar,1,N/A,1702,N/A,N/A,N/A
330,1770555034418,WR pressed,LVH_149_A,true,,true,Yes,N/A,1,N/A,627,N/A,N/A
330,1770555034418,gap_time,N/A,true,,true,GapTime_918,N/A,N/A,N/A,N/A,N/A,N/A
330,1770555035337,Sentence shown,HF_97_A,,true,true,N/A,N/A,N/A,N/A,N/A,N/A,N/A
330,1770555036803,Validation IR pressed,HF_97_A,,true,true,Spacebar,1,N/A,1466,N/A,N/A,N/A
330,1770555036803,IR pressed,HF_97_A,,true,true,Spacebar,1,N/A,1466,N/A,N/A,N/A
330,1770555037100,WR pressed,HF_97_A,,true,true,Yes,N/A,N/A,N/A,297,N/A,N/A
330,1770555037100,gap_time,N/A,,true,true,GapTime_1014,N/A,N/A,N/A,N/A,N/A,N/A
330,1770555038120,Sentence shown,HF_72_A,,,,N/A,N/A,N/A,N/A,N/A,N/A,N/A
330,1770555042123,gap_time,N/A,,,,GapTime_1109,N/A,N/A,N/A,N/A,N/A,N/A
330,1770555043243,Sentence shown,HF_81_A,,,,N/A,N/A,N/A,N/A,N/A,N/A,N/A
330,1770555047248,gap_time,N/A,,,,GapTime_844,N/A,N/A,N/A,N/A,N/A,N/A
330,1770555048103,Sentence shown,HF_81_A,,true,true,N/A,N/A,N/A,N/A,N/A,N/A,N/A
330,1770555049088,Validation IR pressed,HF_81_A,,true,true,Spacebar,1,N/A,985,N/A,N/A,N/A
330,1770555049088,IR pressed,HF_81_A,,true,true,Spacebar,1,N/A,985,N/A,N/A,N/A
330,1770555049496,WR pressed,HF_81_A,,true,true,Yes,N/A,N/A,N/A,408,N/A,N/A
330,1770555049496,gap_time,N/A,,true,true,GapTime_1083,N/A,N/A,N/A,N/A,N/A,N/A
330,1770555050579,Sentence shown,HF_78_A,,,,N/A,N/A,N/A,N/A,N/A,N/A,N/A
330,1770555054593,gap_time,N/A,,,,GapTime_1159,N/A,N/A,N/A,N/A,N/A,N/A
330,1770555055758,Sentence shown,HF_77_A,,,,N/A,N/A,N/A,N/A,N/A,N/A,N/A
330,1770555059767,gap_time,N/A,,,,GapTime_893,N/A,N/A,N/A,N/A,N/A,N/A
330,1770555060670,Sentence shown,HF_78_A,,true,true,N/A,N/A,N/A,N/A,N/A,N/A,N/A
330,1770555061644,Validation IR pressed,HF_78_A,,true,true,Spacebar,1,N/A,974,N/A,N/A,N/A
330,1770555061644,IR pressed,HF_78_A,,true,true,Spacebar,1,N/A,974,N/A,N/A,N/A
330,1770555062135,WR pressed,HF_78_A,,true,true,Yes,N/A,N/A,N/A,491,N/A,N/A
330,1770555062135,gap_time,N/A,,true,true,GapTime_747,N/A,N/A,N/A,N/A,N/A,N/A
330,1770555062883,Sentence shown,LVL_109_A,true,,true,N/A,N/A,N/A,N/A,N/A,N/A,N/A
330,1770555064596,IR pressed,LVL_109_A,true,,true,Spacebar,1,N/A,1713,N/A,N/A,N/A
330,1770555064982,WR pressed,LVL_109_A,true,,true,Yes,N/A,0,N/A,386,N/A,N/A
330,1770555064982,gap_time,N/A,true,,true,GapTime_1060,N/A,N/A,N/A,N/A,N/A,N/A
330,1770555066051,Sentence shown,LVH_101_P,true,,,N/A,N/A,N/A,N/A,N/A,N/A,N/A
330,1770555070063,gap_time,N/A,true,,,GapTime_806,N/A,N/A,N/A,N/A,N/A,N/A
330,1770555070877,Sentence shown,HF_79_A,,,,N/A,N/A,N/A,N/A,N/A,N/A,N/A
330,1770555074886,gap_time,N/A,,,,GapTime_1073,N/A,N/A,N/A,N/A,N/A,N/A
330,1770555075962,Sentence shown,HF_95_A,,,,N/A,N/A,N/A,N/A,N/A,N/A,N/A
330,1770555079969,gap_time,N/A,,,,GapTime_906,N/A,N/A,N/A,N/A,N/A,N/A
330,1770555080891,Sentence shown,LVH_101_P,true,,true,N/A,N/A,N/A,N/A,N/A,N/A,N/A
330,1770555082714,IR pressed,LVH_101_P,true,,true,Spacebar,1,N/A,1823,N/A,N/A,N/A
330,1770555083245,WR pressed,LVH_101_P,true,,true,Yes,N/A,1,N/A,531,N/A,N/A
330,1770555083245,gap_time,N/A,true,,true,GapTime_959,N/A,N/A,N/A,N/A,N/A,N/A
