participant_ID,Timestamp,Event,Stimulus,isTarget,isValidation,isRepeat,Button,Accuracy IR,Accuracy WR,Reaction_time_IR,Reaction_time_WR,CR_IR,CR_WR
331,1770555623215,Practice Sentence shown,HL_83_A,,,,N/A,N/A,N/A,N/A,N/A,N/A,N/A
331,1770555628728,Practice Sentence shown,HH_111_A,true,,,N/A,N/A,N/A,N/A,N/A,N/A,N/A
331,1770555634260,Practice Sentence shown,HH_106_A,true,,,N/A,N/A,N/A,N/A,N/A,N/A,N/A
331,1770555639778,Practice Sentence shown,HL_10_A,,,,N/A,N/A,N/A,N/A,N/A,N/A,N/A
331,1770555642062,Practice IR pressed,HL_10_A,,,,Spacebar,0,N/A,2284,N/A,N/A,N/A
331,1770555646854,Practice Sentence shown,HL_56_A,,,,N/A,N/A,N/A,N/A,N/A,N/A,N/A
331,1770555652374,Practice Sentence shown,HL_29_A,,,,N/A,N/A,N/A,N/A,N/A,N/A,N/A
331,1770555657889,Practice Sentence shown,HH_106_P,true,,true,N/A,N/A,N/A,N/A,N/A,N/A,N/A
331,1770555660563,Practice IR pressed,HH_106_P,true,,true,Spacebar,1,N/A,2674,N/A,N/A,N/A
331,1770555664886,Practice WR pressed,HH_106_P,true,,true,No,N/A,1,N/A,4323,N/A,N/A
331,1770555666395,Practice Sentence shown,HL_25_A,,,,N/A,N/A,N/A,N/A,N/A,N/A,N/A
331,1770555671912,Practice Sentence shown,HH_111_P,true,,true,N/A,N/A,N/A,N/A,N/A,N/A,N/A
331,1770555674587,Practice IR pressed,HH_111_P,true,,true,Spacebar,1,N/A,2675,N/A,N/A,N/A
331,1770555676946,Practice WR pressed,HH_111_P,true,,true,Yes,N/A,0,N/A,2359,N/A,N/A
331,1770555681458,Practice Sentence shown,HH_104_A,true,,,N/A,N/A,N/A,N/A,N/A,N/A,N/A
331,1770555686977,Practice Sentence shown,HL_18_A,,,,N/A,N/A,N/A,N/A,N/A,N/A,N/A
331,1770555692494,Practice Sentence shown,HL_63_A,,,,N/A,N/A,N/A,N/A,N/A,N/A,N/A
331,1770555693919,Practice IR pressed,HL_63_A,,,,Spacebar,0,N/A,1425,N/A,N/A,N/A
331,1770555697800,Practice Sentence shown,HH_126_A,true,,,N/A,N/A,N/A,N/A,N/A,N/A,N/A
331,1770555703316,Practice Sentence shown,HL_112_A,,,,N/A,N/A,N/A,N/A,N/A,N/A,N/A
331,1770555708838,Practice Sentence shown,HL_14_A,,,,N/A,N/A,N/A,N/A,N/A,N/A,N/A
331,1770555714345,Practice Sentence shown,HH_104_A,true,,true,N/A,N/A,N/A,N/A,N/A,N/A,N/A
331,1770555716106,Practice IR pressed,HH_104_A,true,,true,Spacebar,1,N/A,1761,N/A,N/A,N/A
331,1770555716815,Practice WR pressed,HH_104_A,true,,true,Yes,N/A,1,N/A,709,N/A,N/A
331,1770555718326,Practice Sentence shown,HH_107_A,true,,,N/A,N/A,N/A,N/A,N/A,N/A,N/A
331,1770555723847,Practice Sentence shown,HH_126_P,true,,true,N/A,N/A,N/A,N/A,N/A,N/A,N/A
331,1770555725342,Practice IR pressed,HH_126_P,true,,true,Spacebar,1,N/A,1495,N/A,N/A,N/A
331,1770555725805,Practice WR pressed,HH_126_P,true,,true,Yes,N/A,0,N/A,462,N/A,N/A
331,1770555732691,Practice Sentence shown,HL_27_A,,,,N/A,N/A,N/A,N/A,N/A,N/A,N/A
331,1770555738215,Practice Sentence shown,HH_107_A,true,,true,N/A,N/A,N/A,N/A,N/A,N/A,N/A
331,1770555739851,Practice IR pressed,HH_107_A,true,,true,Spacebar,1,N/A,1636,N/A,N/A,N/A
331,1770555740213,Practice WR pressed,HH_107_A,true,,true,Yes,N/A,1,N/A,362,N/A,N/A
331,1770555765367,Sentence shown,HF_18_A,,,,N/A,N/A,N/A,N/A,N/A,N/A,N/A
331,1770555769382,gap_time,N/A,,,,GapTime_1108,N/A,N/A,N/A,N/A,N/A,N/A
331,1770555770496,Sentence shown,HF_1_A,,,,N/A,N/A,N/A,N/A,N/A,N/A,N/A
331,1770555774500,gap_time,N/A,,,,GapTime_1145,N/A,N/A,N/A,N/A,N/A,N/A
331,1770555775661,Sentence shown,HF_30_A,,,,N/A,N/A,N/A,N/A,N/A,N/A,N/A
331,1770555779668,gap_time,N/A,,,,GapTime_875,N/A,N/A,N/A,N/A,N/A,N/A
331,1770555780559,Sentence shown,HF_29_A,,,,N/A,N/A,N/A,N/A,N/A,N/A,N/A
331,1770555784569,gap_time,N/A,,,,GapTime_790,N/A,N/A,N/A,N/A,N/A,N/A
331,1770555785365,Sentence shown,HF_29_A,,true,true,N/A,N/A,N/A,N/A,N/A,N/A,N/A
331,1770555786840,Validation IR pressed,HF_29_A,,true,true,Spacebar,1,N/A,1475,N/A,N/A,N/A
331,1770555786840,IR pressed,HF_29_A,,true,true,Spacebar,1,N/A,1475,N/A,N/A,N/A
331,1770555787499,WR pressed,HF_29_A,,true,true,Yes,N/A,N/A,N/A,659,N/A,N/A
331,1770555787500,gap_time,N/A,,true,true,GapTime_1203,N/A,N/A,N/A,N/A,N/A,N/A
331,1770555788707,Sentence shown,HF_30_A,,true,true,N/A,N/A,N/A,N/A,N/A,N/A,N/A
331,1770555789953,Validation IR pressed,HF_30_A,,true,true,Spacebar,1,N/A,1246,N/A,N/A,N/A
331,1770555789953,IR pressed,HF_30_A,,true,true,Spacebar,1,N/A,1246,N/A,N/A,N/A
331,1770555790654,WR pressed,HF_30_A,,true,true,Yes,N/A,N/A,N/A,701,N/A,N/A
331,1770555790654,gap_time,N/A,,true,true,GapTime_753,N/A,N/A,N/A,N/A,N/A,N/A
331,1770555791411,Sentence shown,LVH_104_P,true,,,N/A,N/A,N/A,N/A,N/A,N/A,N/A
331,1770555795424,gap_time,N/A,true,,,GapTime_790,N/A,N/A,N/A,N/A,N/A,N/A
331,1770555796227,Sentence shown,LVL_130_A,true,,,N/A,N/A,N/A,N/A,N/A,N/A,N/A
331,1770555800238,gap_time,N/A,true,,,GapTime_1009,N/A,N/A,N/A,N/A,N/A,N/A
331,1770555801259,Sentence shown,HVL_136_P,true,,,N/A,N/A,N/A,N/A,N/A,N/A,N/A
331,1770555805266,gap_time,N/A,true,,,GapTime_1135,N/A,N/A,N/A,N/A,N/A,N/A
331,1770555806413,Sentence shown,LVH_129_P,true,,,N/A,N/A,N/A,N/A,N/A,N/A,N/A
331,1770555810425,gap_time,N/A,true,,,GapTime_920,N/A,N/A,N/A,N/A,N/A,N/A
331,1770555811360,Sentence shown,HF_24_A,,,,N/A,N/A,N/A,N/A,N/A,N/A,N/A
331,1770555815368,gap_time,N/A,,,,GapTime_1259,N/A,N/A,N/A,N/A,N/A,N/A
331,1770555816640,Sentence shown,HVL_117_P,true,,,N/A,N/A,N/A,N/A,N/A,N/A,N/A
331,1770555820649,gap_time,N/A,true,,,GapTime_829,N/A,N/A,N/A,N/A,N/A,N/A
331,1770555821480,Sentence shown,HH_175_P,true,,,N/A,N/A,N/A,N/A,N/A,N/A,N/A
331,1770555825484,gap_time,N/A,true,,,GapTime_1162,N/A,N/A,N/A,N/A,N/A,N/A
331,1770555826652,Sentence shown,LVH_101_A,true,,,N/A,N/A,N/A,N/A,N/A,N/A,N/A
331,1770555830653,gap_time,N/A,true,,,GapTime_1041,N/A,N/A,N/A,N/A,N/A,N/A
331,1770555831710,Sentence shown,LVH_104_P,true,,true,N/A,N/A,N/A,N/A,N/A,N/A,N/A
331,1770555833624,IR pressed,LVH_104_P,true,,true,Spacebar,1,N/A,1914,N/A,N/A,N/A
331,1770555836576,WR pressed,LVH_104_P,true,,true,No,N/A,0,N/A,2951,N/A,N/A
331,1770555836576,gap_time,N/A,true,,true,GapTime_1141,N/A,N/A,N/A,N/A,N/A,N/A
331,1770555837725,Sentence shown,HVL_112_A,true,,,N/A,N/A,N/A,N/A,N/A,N/A,N/A
331,1770555841734,gap_time,N/A,true,,,GapTime_854,N/A,N/A,N/A,N/A,N/A,N/A
331,1770555842596,Sentence shown,LVL_130_A,true,,true,N/A,N/A,N/A,N/A,N/A,N/A,N/A
331,1770555844846,IR pressed,LVL_130_A,true,,true,Spacebar,1,N/A,2250,N/A,N/A,N/A
331,1770555846158,WR pressed,LVL_130_A,true,,true,No,N/A,0,N/A,1312,N/A,N/A
331,1770555846158,gap_time,N/A,true,,true,GapTime_894,N/A,N/A,N/A,N/A,N/A,N/A
331,1770555847069,Sentence shown,LVL_111_A,true,,,N/A,N/A,N/A,N/A,N/A,N/A,N/A
331,1770555851086,gap_time,N/A,true,,,GapTime_950,N/A,N/A,N/A,N/A,N/A,N/A
331,1770555852038,Sentence shown,HVL_136_A,true,,true,N/A,N/A,N/A,N/A,N/A,N/A,N/A
331,1770555856047,gap_time,N/A,true,,true,GapTime_728,N/A,N/A,N/A,N/A,N/A,N/A
331,1770555856779,Sentence shown,HF_2_A,,,,N/A,N/A,N/A,N/A,N/A,N/A,N/A
331,1770555859015,Validation Wrong IR pressed,HF_2_A,,,,Spacebar,0,N/A,2236,N/A,N/A,N/A
331,1770555859015,IR pressed,HF_2_A,,,,Spacebar,0,N/A,2236,N/A,N/A,N/A
331,1770555860103,WR pressed,HF_2_A,,,,No,N/A,N/A,N/A,1088,N/A,N/A
331,1770555860103,gap_time,N/A,,,,GapTime_1026,N/A,N/A,N/A,N/A,N/A,N/A
331,1770555861137,Sentence shown,LVH_129_A,true,,true,N/A,N/A,N/A,N/A,N/A,N/A,N/A
331,1770555862895,IR pressed,LVH_129_A,true,,true,Spacebar,1,N/A,1758,N/A,N/A,N/A
331,1770555863668,WR pressed,LVH_129_A,true,,true,No,N/A,1,N/A,773,N/A,N/A
331,1770555863668,gap_time,N/A,true,,true,GapTime_908,N/A,N/A,N/A,N/A,N/A,N/A
331,1770555864586,Sentence shown,HF_27_A,,,,N/A,N/A,N/A,N/A,N/A,N/A,N/A
331,1770555868600,gap_time,N/A,,,,GapTime_828,N/A,N/A,N/A,N/A,N/A,N/A
331,1770555869443,Sentence shown,HVL_117_P,true,,true,N/A,N/A,N/A,N/A,N/A,N/A,N/A
331,1770555871411,IR pressed,HVL_117_P,true,,true,Spacebar,1,N/A,1968,N/A,N/A,N/A
331,1770555872735,WR pressed,HVL_117_P,true,,true,No,N/A,0,N/A,1324,N/A,N/A
331,1770555872735,gap_time,N/A,true,,true,GapTime_1214,N/A,N/A,N/A,N/A,N/A,N/A
331,1770555873962,Sentence shown,HF_12_A,,,,N/A,N/A,N/A,N/A,N/A,N/A,N/A
331,1770555877976,gap_time,N/A,,,,GapTime_1210,N/A,N/A,N/A,N/A,N/A,N/A
331,1770555879188,Sentence shown,HF_12_A,,true,true,N/A,N/A,N/A,N/A,N/A,N/A,N/A
331,1770555880603,Validation IR pressed,HF_12_A,,true,true,Spacebar,1,N/A,1415,N/A,N/A,N/A
331,1770555880603,IR pressed,HF_12_A,,true,true,Spacebar,1,N/A,1415,N/A,N/A,N/A
331,1770555881407,WR pressed,HF_12_A,,true,true,Yes,N/A,N/A,N/A,804,N/A,N/A
331,1770555881407,gap_time,N/A,,true,true,GapTime_1020,N/A,N/A,N/A,N/A,N/A,N/A
331,1770555882429,Sentence shown,HH_175_P,true,,true,N/A,N/A,N/A,N/A,N/A,N/A,N/A
331,1770555884237,IR pressed,HH_175_P,true,,true,Spacebar,1,N/A,1808,N/A,N/A,N/A
331,1770555884824,WR pressed,HH_175_P,true,,true,Yes,N/A,1,N/A,587,N/A,N/A
331,1770555884824,gap_time,N/A,true,,true,GapTime_1036,N/A,N/A,N/A,N/A,N/A,N/A
331,1770555885868,Sentence shown,HF_7_A,,,,N/A,N/A,N/A,N/A,N/A,N/A,N/A
331,1770555889884,gap_time,N/A,,,,GapTime_870,N/A,N/A,N/A,N/A,N/A,N/A
331,1770555890761,Sentence shown,HVL_112_P,true,,true,N/A,N/A,N/A,N/A,N/A,N/A,N/A
331,1770555894767,gap_time,N/A,true,,true,GapTime_955,N/A,N/A,N/A,N/A,N/A,N/A
331,1770555895724,Sentence shown,HF_7_A,,true,true,N/A,N/A,N/A,N/A,N/A,N/A,N/A
331,1770555897308,Validation IR pressed,HF_7_A,,true,true,Spacebar,1,N/A,1584,N/A,N/A,N/A
331,1770555897308,IR pressed,HF_7_A,,true,true,Spacebar,1,N/A,1584,N/A,N/A,N/A
331,1770555898167,WR pressed,HF_7_A,,true,true,Yes,N/A,N/A,N/A,859,N/A,N/A
331,1770555898168,gap_time,N/A,,true,true,GapTime_1241,N/A,N/A,N/A,N/A,N/A,N/A
331,1770555899412,Sentence shown,HF_11_A,,,,N/A,N/A,N/A,N/A,N/A,N/A,N/A
331,1770555903422,gap_time,N/A,,,,GapTime_1253,N/A,N/A,N/A,N/A,N/A,N/A
331,1770555904685,Sentence shown,HF_11_A,,true,true,N/A,N/A,N/A,N/A,N/A,N/A,N/A
331,1770555905777,Validation IR pressed,HF_11_A,,true,true,Spacebar,1,N/A,1092,N/A,N/A,N/A
331,1770555905777,IR pressed,HF_11_A,,true,true,Spacebar,1,N/A,1092,N/A,N/A,N/A
331,1770555906695,WR pressed,HF_11_A,,true,true,Yes,N/A,N/A,N/A,918,N/A,N/A
331,1770555906696,gap_time,N/A,,true,true,GapTime_1197,N/A,N/A,N/A,N/A,N/A,N/A
331,1770555907899,Sentence shown,LVH_101_A,true,,true,N/A,N/A,N/A,N/A,N/A,N/A,N/A
331,1770555910424,IR pressed,LVH_101_A,true,,true,Spacebar,1,N/A,2525,N/A,N/A,N/A
331,1770555911112,WR pressed,LVH_101_A,true,,true,Yes,N/A,1,N/A,688,N/A,N/A
331,1770555911112,gap_time,N/A,true,,true,GapTime_893,N/A,N/A,N/A,N/A,N/A,N/A
331,1770555912015,Sentence shown,HVL_161_A,true,,,N/A,N/A,N/A,N/A,N/A,N/A,N/A
331,1770555916021,gap_time,N/A,true,,,GapTime_777,N/A,N/A,N/A,N/A,N/A,N/A
331,1770555916813,Sentence shown,LVL_147_P,true,,,N/A,N/A,N/A,N/A,N/A,N/A,N/A
331,1770555920819,gap_time,N/A,true,,,GapTime_1033,N/A,N/A,N/A,N/A,N/A,N/A
331,1770555921858,Sentence shown,LVL_111_P,true,,true,N/A,N/A,N/A,N/A,N/A,N/A,N/A
331,1770555923403,IR pressed,LVL_111_P,true,,true,Spacebar,1,N/A,1545,N/A,N/A,N/A
331,1770555924051,WR pressed,LVL_111_P,true,,true,Yes,N/A,0,N/A,648,N/A,N/A
331,1770555924051,gap_time,N/A,true,,true,GapTime_959,N/A,N/A,N/A,N/A,N/A,N/A
331,1770555925018,Sentence shown,HH_150_A,true,,,N/A,N/A,N/A,N/A,N/A,N/A,N/A
331,1770555929033,gap_time,N/A,true,,,GapTime_867,N/A,N/A,N/A,N/A,N/A,N/A
331,1770555929904,Sentence shown,LVL_145_P,true,,,N/A,N/A,N/A,N/A,N/A,N/A,N/A
331,1770555933905,gap_time,N/A,true,,,GapTime_1225,N/A,N/A,N/A,N/A,N/A,N/A
331,1770555935137,Sentence shown,HF_15_A,,,,N/A,N/A,N/A,N/A,N/A,N/A,N/A
331,1770555939147,gap_time,N/A,,,,GapTime_1185,N/A,N/A,N/A,N/A,N/A,N/A
331,1770555940339,Sentence shown,HF_32_A,,,,N/A,N/A,N/A,N/A,N/A,N/A,N/A
331,1770555944344,gap_time,N/A,,,,GapTime_1292,N/A,N/A,N/A,N/A,N/A,N/A
331,1770555945650,Sentence shown,HVL_161_A,true,,true,N/A,N/A,N/A,N/A,N/A,N/A,N/A
331,1770555947892,IR pressed,HVL_161_A,true,,true,Spacebar,1,N/A,2242,N/A,N/A,N/A
331,1770555948448,WR pressed,HVL_161_A,true,,true,Yes,N/A,1,N/A,556,N/A,N/A
331,1770555948448,gap_time,N/A,true,,true,GapTime_989,N/A,N/A,N/A,N/A,N/A,N/A
331,1770555949450,Sentence shown,HF_20_A,,,,N/A,N/A,N/A,N/A,N/A,N/A,N/A
331,1770555953459,gap_time,N/A,,,,GapTime_746,N/A,N/A,N/A,N/A,N/A,N/A
331,1770555954218,Sentence shown,LVL_147_P,true,,true,N/A,N/A,N/A,N/A,N/A,N/A,N/A
331,1770555956555,IR pressed,LVL_147_P,true,,true,Spacebar,1,N/A,2337,N/A,N/A,N/A
331,1770555957080,WR pressed,LVL_147_P,true,,true,Yes,N/A,1,N/A,525,N/A,N/A
331,1770555957080,gap_time,N/A,true,,true,GapTime_772,N/A,N/A,N/A,N/A,N/A,N/A
331,1770555957865,Sentence shown,HH_150_P,true,,true,N/A,N/A,N/A,N/A,N/A,N/A,N/A
331,1770555960334,IR pressed,HH_150_P,true,,true,Spacebar,1,N/A,2469,N/A,N/A,N/A
331,1770555960669,WR pressed,HH_150_P,true,,true,Yes,N/A,0,N/A,335,N/A,N/A
331,1770555960669,gap_time,N/A,true,,true,GapTime_953,N/A,N/A,N/A,N/A,N/A,N/A
331,1770555961638,Sentence shown,HF_6_A,,,,N/A,N/A,N/A,N/A,N/A,N/A,N/A
331,1770555965655,gap_time,N/A,,,,GapTime_786,N/A,N/A,N/A,N/A,N/A,N/A
331,1770555966457,Sentence shown,HF_4_A,,,,N/A,N/A,N/A,N/A,N/A,N/A,N/A
331,1770555969133,Validation Wrong IR pressed,HF_4_A,,,,Spacebar,0,N/A,2676,N/A,N/A,N/A
331,1770555969133,IR pressed,HF_4_A,,,,Spacebar,0,N/A,2676,N/A,N/A,N/A
331,1770555969742,WR pressed,HF_4_A,,,,Yes,N/A,N/A,N/A,609,N/A,N/A
331,1770555969742,gap_time,N/A,,,,GapTime_944,N/A,N/A,N/A,N/A,N/A,N/A
331,1770555970688,Sentence shown,HF_25_A,,,,N/A,N/A,N/A,N/A,N/A,N/A,N/A
331,1770555974692,gap_time,N/A,,,,GapTime_1157,N/A,N/A,N/A,N/A,N/A,N/A
331,1770555975855,Sentence shown,HF_9_A,,,,N/A,N/A,N/A,N/A,N/A,N/A,N/A
331,1770555977997,Validation Wrong IR pressed,HF_9_A,,,,Spacebar,0,N/A,2142,N/A,N/A,N/A
331,1770555977997,IR pressed,HF_9_A,,,,Spacebar,0,N/A,2142,N/A,N/A,N/A
331,1770555978485,WR pressed,HF_9_A,,,,Yes,N/A,N/A,N/A,488,N/A,N/A
331,1770555978485,gap_time,N/A,,,,GapTime_928,N/A,N/A,N/A,N/A,N/A,N/A
331,1770555979424,Sentence shown,LVL_145_A,true,,true,N/A,N/A,N/A,N/A,N/A,N/A,N/A
331,1770555982241,IR pressed,LVL_145_A,true,,true,Spacebar,1,N/A,2816,N/A,N/A,N/A
331,1770555982724,WR pressed,LVL_145_A,true,,true,No,N/A,1,N/A,483,N/A,N/A
331,1770555982724,gap_time,N/A,true,,true,GapTime_811,N/A,N/A,N/A,N/A,N/A,N/A
331,1770555983552,Sentence shown,HF_33_A,,,,N/A,N/A,N/A,N/A,N/A,N/A,N/A
331,1770555987558,gap_time,N/A,,,,GapTime_923,N/A,N/A,N/A,N/A,N/A,N/A
331,1770555988494,Sentence shown,HF_23_A,,,,N/A,N/A,N/A,N/A,N/A,N/A,N/A
331,1770555992497,gap_time,N/A,,,,GapTime_957,N/A,N/A,N/A,N/A,N/A,N/A
331,1770555993463,Sentence shown,HH_139_A,true,,,N/A,N/A,N/A,N/A,N/A,N/A,N/A
331,1770555995781,Validation Wrong IR pressed,HH_139_A,true,,,Spacebar,0,N/A,2318,N/A,N/A,N/A
331,1770555995781,IR pressed,HH_139_A,true,,,Spacebar,0,N/A,2318,N/A,N/A,N/A
331,1770555997085,WR pressed,HH_139_A,true,,,No,N/A,0,N/A,1304,N/A,N/A
331,1770555997086,gap_time,N/A,true,,,GapTime_1173,N/A,N/A,N/A,N/A,N/A,N/A
331,1770555998261,Sentence shown,HF_10_A,,,,N/A,N/A,N/A,N/A,N/A,N/A,N/A
331,1770555999916,Validation Wrong IR pressed,HF_10_A,,,,Spacebar,0,N/A,1655,N/A,N/A,N/A
331,1770555999916,IR pressed,HF_10_A,,,,Spacebar,0,N/A,1655,N/A,N/A,N/A
331,1770556000686,WR pressed,HF_10_A,,,,Yes,N/A,N/A,N/A,770,N/A,N/A
331,1770556000686,gap_time,N/A,,,,GapTime_715,N/A,N/A,N/A,N/A,N/A,N/A
331,1770556001418,Sentence shown,LVH_103_A,true,,,N/A,N/A,N/A,N/A,N/A,N/A,N/A
331,1770556005430,gap_time,N/A,true,,,GapTime_1014,N/A,N/A,N/A,N/A,N/A,N/A
331,1770556006454,Sentence shown,HF_14_A,,,,N/A,N/A,N/A,N/A,N/A,N/A,N/A
331,1770556010472,gap_time,N/A,,,,GapTime_745,N/A,N/A,N/A,N/A,N/A,N/A
331,1770556011229,Sentence shown,HF_14_A,,true,true,N/A,N/A,N/A,N/A,N/A,N/A,N/A
331,1770556012359,Validation IR pressed,HF_14_A,,true,true,Spacebar,1,N/A,1130,N/A,N/A,N/A
331,1770556012359,IR pressed,HF_14_A,,true,true,Spacebar,1,N/A,1130,N/A,N/A,N/A
331,1770556012860,WR pressed,HF_14_A,,true,true,Yes,N/A,N/A,N/A,501,N/A,N/A
331,1770556012861,gap_time,N/A,,true,true,GapTime_1205,N/A,N/A,N/A,N/A,N/A,N/A
331,1770556014077,Sentence shown,HF_8_A,,,,N/A,N/A,N/A,N/A,N/A,N/A,N/A
331,1770556018083,gap_time,N/A,,,,GapTime_979,N/A,N/A,N/A,N/A,N/A,N/A
331,1770556019077,Sentence shown,HF_22_A,,,,N/A,N/A,N/A,N/A,N/A,N/A,N/A
331,1770556023079,gap_time,N/A,,,,GapTime_761,N/A,N/A,N/A,N/A,N/A,N/A
331,1770556023854,Sentence shown,HF_31_A,,,,N/A,N/A,N/A,N/A,N/A,N/A,N/A
331,1770556027857,gap_time,N/A,,,,GapTime_804,N/A,N/A,N/A,N/A,N/A,N/A
331,1770556028675,Sentence shown,HH_139_A,true,,true,N/A,N/A,N/A,N/A,N/A,N/A,N/A
331,1770556030643,IR pressed,HH_139_A,true,,true,Spacebar,1,N/A,1968,N/A,N/A,N/A
331,1770556031189,WR pressed,HH_139_A,true,,true,Yes,N/A,1,N/A,546,N/A,N/A
331,1770556031189,gap_time,N/A,true,,true,GapTime_1290,N/A,N/A,N/A,N/A,N/A,N/A
331,1770556032494,Sentence shown,HF_31_A,,true,true,N/A,N/A,N/A,N/A,N/A,N/A,N/A
331,1770556033983,Validation IR pressed,HF_31_A,,true,true,Spacebar,1,N/A,1489,N/A,N/A,N/A
331,1770556033983,IR pressed,HF_31_A,,true,true,Spacebar,1,N/A,1489,N/A,N/A,N/A
331,1770556034412,WR pressed,HF_31_A,,true,true,Yes,N/A,N/A,N/A,429,N/A,N/A
331,1770556034412,gap_time,N/A,,true,true,GapTime_1084,N/A,N/A,N/A,N/A,N/A,N/A
331,1770556035508,Sentence shown,HF_16_A,,,,N/A,N/A,N/A,N/A,N/A,N/A,N/A
331,1770556039511,gap_time,N/A,,,,GapTime_1256,N/A,N/A,N/A,N/A,N/A,N/A
331,1770556040774,Sentence shown,LVH_103_P,true,,true,N/A,N/A,N/A,N/A,N/A,N/A,N/A
331,1770556043554,IR pressed,LVH_103_P,true,,true,Spacebar,1,N/A,2780,N/A,N/A,N/A
331,1770556044766,WR pressed,LVH_103_P,true,,true,No,N/A,1,N/A,1212,N/A,N/A
331,1770556044766,gap_time,N/A,true,,true,GapTime_1245,N/A,N/A,N/A,N/A,N/A,N/A
331,1770556046018,Sentence shown,HF_19_A,,,,N/A,N/A,N/A,N/A,N/A,N/A,N/A
331,1770556050021,gap_time,N/A,,,,GapTime_795,N/A,N/A,N/A,N/A,N/A,N/A
331,1770556050824,Sentence shown,HF_28_A,,,,N/A,N/A,N/A,N/A,N/A,N/A,N/A
331,1770556054836,gap_time,N/A,,,,GapTime_830,N/A,N/A,N/A,N/A,N/A,N/A
331,1770556055676,Sentence shown,HF_21_A,,,,N/A,N/A,N/A,N/A,N/A,N/A,N/A
331,1770556059677,gap_time,N/A,,,,GapTime_1297,N/A,N/A,N/A,N/A,N/A,N/A
331,1770556060987,Sentence shown,HH_137_P,true,,,N/A,N/A,N/A,N/A,N/A,N/A,N/A
331,1770556064992,gap_time,N/A,true,,,GapTime_959,N/A,N/A,N/A,N/A,N/A,N/A
331,1770556065962,Sentence shown,HF_5_A,,,,N/A,N/A,N/A,N/A,N/A,N/A,N/A
331,1770556069962,gap_time,N/A,,,,GapTime_1181,N/A,N/A,N/A,N/A,N/A,N/A
331,1770556071158,Sentence shown,HF_21_A,,true,true,N/A,N/A,N/A,N/A,N/A,N/A,N/A
331,1770556072689,Validation IR pressed,HF_21_A,,true,true,Spacebar,1,N/A,1531,N/A,N/A,N/A
331,1770556072689,IR pressed,HF_21_A,,true,true,Spacebar,1,N/A,1531,N/A,N/A,N/A
331,1770556073136,WR pressed,HF_21_A,,true,true,Yes,N/A,N/A,N/A,447,N/A,N/A
331,1770556073136,gap_time,N/A,,true,true,GapTime_731,N/A,N/A,N/A,N/A,N/A,N/A
331,1770556073871,Sentence shown,HF_17_A,,,,N/A,N/A,N/A,N/A,N/A,N/A,N/A
331,1770556077883,gap_time,N/A,,,,GapTime_1056,N/A,N/A,N/A,N/A,N/A,N/A
331,1770556078946,Sentence shown,HF_17_A,,true,true,N/A,N/A,N/A,N/A,N/A,N/A,N/A
331,1770556080111,Validation IR pressed,HF_17_A,,true,true,Spacebar,1,N/A,1165,N/A,N/A,N/A
331,1770556080111,IR pressed,HF_17_A,,true,true,Spacebar,1,N/A,1165,N/A,N/A,N/A
331,1770556080565,WR pressed,HF_17_A,,true,true,Yes,N/A,N/A,N/A,454,N/A,N/A
331,1770556080565,gap_time,N/A,,true,true,GapTime_922,N/A,N/A,N/A,N/A,N/A,N/A
331,1770556081497,Sentence shown,HF_13_A,,,,N/A,N/A,N/A,N/A,N/A,N/A,N/A
331,1770556085500,gap_time,N/A,,,,GapTime_1192,N/A,N/A,N/A,N/A,N/A,N/A
331,1770556086699,Sentence shown,HH_137_A,true,,true,N/A,N/A,N/A,N/A,N/A,N/A,N/A
331,1770556088575,IR pressed,HH_137_A,true,,true,Spacebar,1,N/A,1876,N/A,N/A,N/A
331,1770556089775,WR pressed,HH_137_A,true,,true,No,N/A,1,N/A,1200,N/A,N/A
331,1770556089775,gap_time,N/A,true,,true,GapTime_1103,N/A,N/A,N/A,N/A,N/A,N/A
331,1770556090891,Sentence shown,HF_13_A,,true,true,N/A,N/A,N/A,N/A,N/A,N/A,N/A
331,1770556092240,Validation IR pressed,HF_13_A,,true,true,Spacebar,1,N/A,1349,N/A,N/A,N/A
331,1770556092240,IR pressed,HF_13_A,,true,true,Spacebar,1,N/A,1349,N/A,N/A,N/A
331,1770556092719,WR pressed,HF_13_A,,true,true,Yes,N/A,N/A,N/A,479,N/A,N/A
331,1770556092719,gap_time,N/A,,true,true,GapTime_786,N/A,N/A,N/A,N/A,N/A,N/A
331,1770556093519,Sentence shown,HF_26_A,,,,N/A,N/A,N/A,N/A,N/A,N/A,N/A
331,1770556097526,gap_time,N/A,,,,GapTime_934,N/A,N/A,N/A,N/A,N/A,N/A
331,1770556098476,Rest Phase started,N/A,,,,Rest,N/A,N/A,N/A,N/A,N/A,N/A
331,1770556169933,Sentence shown,HF_34_A,,,,N/A,N/A,N/A,N/A,N/A,N/A,N/A
331,1770556173944,gap_time,N/A,,,,GapTime_1269,N/A,N/A,N/A,N/A,N/A,N/A
331,1770556175228,Sentence shown,HF_41_A,,,,N/A,N/A,N/A,N/A,N/A,N/A,N/A
331,1770556179236,gap_time,N/A,,,,GapTime_1096,N/A,N/A,N/A,N/A,N/A,N/A
331,1770556180337,Sentence shown,HF_54_A,,,,N/A,N/A,N/A,N/A,N/A,N/A,N/A
331,1770556184350,gap_time,N/A,,,,GapTime_872,N/A,N/A,N/A,N/A,N/A,N/A
331,1770556185233,Sentence shown,HF_65_A,,,,N/A,N/A,N/A,N/A,N/A,N/A,N/A
331,1770556189241,gap_time,N/A,,,,GapTime_850,N/A,N/A,N/A,N/A,N/A,N/A
331,1770556190094,Sentence shown,HF_65_A,,true,true,N/A,N/A,N/A,N/A,N/A,N/A,N/A
331,1770556191443,Validation IR pressed,HF_65_A,,true,true,Spacebar,1,N/A,1349,N/A,N/A,N/A
331,1770556191443,IR pressed,HF_65_A,,true,true,Spacebar,1,N/A,1349,N/A,N/A,N/A
331,1770556191864,WR pressed,HF_65_A,,true,true,Yes,N/A,N/A,N/A,421,N/A,N/A
331,1770556191864,gap_time,N/A,,true,true,GapTime_937,N/A,N/A,N/A,N/A,N/A,N/A
331,1770556192818,Sentence shown,HF_54_A,,true,true,N/A,N/A,N/A,N/A,N/A,N/A,N/A
331,1770556195096,Validation IR pressed,HF_54_A,,true,true,Spacebar,1,N/A,2278,N/A,N/A,N/A
331,1770556195096,IR pressed,HF_54_A,,true,true,Spacebar,1,N/A,2278,N/A,N/A,N/A
331,1770556195552,WR pressed,HF_54_A,,true,true,Yes,N/A,N/A,N/A,456,N/A,N/A
331,1770556195552,gap_time,N/A,,true,true,GapTime_1196,N/A,N/A,N/A,N/A,N/A,N/A
331,1770556196764,Sentence shown,HVL_100_P,true,,,N/A,N/A,N/A,N/A,N/A,N/A,N/A
331,1770556200774,gap_time,N/A,true,,,GapTime_966,N/A,N/A,N/A,N/A,N/A,N/A
331,1770556201743,Sentence shown,HF_42_A,,,,N/A,N/A,N/A,N/A,N/A,N/A,N/A
331,1770556205750,gap_time,N/A,,,,GapTime_932,N/A,N/A,N/A,N/A,N/A,N/A
331,1770556206684,Sentence shown,HF_40_A,,,,N/A,N/A,N/A,N/A,N/A,N/A,N/A
331,1770556210686,gap_time,N/A,,,,GapTime_927,N/A,N/A,N/A,N/A,N/A,N/A
331,1770556211618,Sentence shown,HF_64_A,,,,N/A,N/A,N/A,N/A,N/A,N/A,N/A
331,1770556215635,gap_time,N/A,,,,GapTime_1128,N/A,N/A,N/A,N/A,N/A,N/A
331,1770556216765,Sentence shown,LVL_114_A,true,,,N/A,N/A,N/A,N/A,N/A,N/A,N/A
331,1770556220780,gap_time,N/A,true,,,GapTime_1043,N/A,N/A,N/A,N/A,N/A,N/A
331,1770556221832,Sentence shown,HF_61_A,,,,N/A,N/A,N/A,N/A,N/A,N/A,N/A
331,1770556225846,gap_time,N/A,,,,GapTime_742,N/A,N/A,N/A,N/A,N/A,N/A
331,1770556226593,Sentence shown,HVL_100_P,true,,true,N/A,N/A,N/A,N/A,N/A,N/A,N/A
331,1770556228793,IR pressed,HVL_100_P,true,,true,Spacebar,1,N/A,2199,N/A,N/A,N/A
331,1770556229595,WR pressed,HVL_100_P,true,,true,Yes,N/A,1,N/A,802,N/A,N/A
331,1770556229595,gap_time,N/A,true,,true,GapTime_1253,N/A,N/A,N/A,N/A,N/A,N/A
331,1770556230855,Sentence shown,HF_45_A,,,,N/A,N/A,N/A,N/A,N/A,N/A,N/A
331,1770556234861,gap_time,N/A,,,,GapTime_1150,N/A,N/A,N/A,N/A,N/A,N/A
331,1770556236014,Sentence shown,HF_61_A,,true,true,N/A,N/A,N/A,N/A,N/A,N/A,N/A
331,1770556240015,Validation Missed,HF_61_A,,true,true,None,0,N/A,N/A,N/A,N/A,N/A
331,1770556240015,gap_time,N/A,,true,true,GapTime_1115,N/A,N/A,N/A,N/A,N/A,N/A
331,1770556241139,Sentence shown,HF_45_A,,true,true,N/A,N/A,N/A,N/A,N/A,N/A,N/A
331,1770556242682,Validation IR pressed,HF_45_A,,true,true,Spacebar,1,N/A,1543,N/A,N/A,N/A
331,1770556242682,IR pressed,HF_45_A,,true,true,Spacebar,1,N/A,1543,N/A,N/A,N/A
331,1770556243460,WR pressed,HF_45_A,,true,true,Yes,N/A,N/A,N/A,778,N/A,N/A
331,1770556243460,gap_time,N/A,,true,true,GapTime_1270,N/A,N/A,N/A,N/A,N/A,N/A
331,1770556244735,Sentence shown,HF_37_A,,,,N/A,N/A,N/A,N/A,N/A,N/A,N/A
331,1770556248751,gap_time,N/A,,,,GapTime_1267,N/A,N/A,N/A,N/A,N/A,N/A
331,1770556250019,Sentence shown,LVL_131_P,true,,,N/A,N/A,N/A,N/A,N/A,N/A,N/A
331,1770556254028,gap_time,N/A,true,,,GapTime_799,N/A,N/A,N/A,N/A,N/A,N/A
331,1770556254837,Sentence shown,LVL_114_A,true,,true,N/A,N/A,N/A,N/A,N/A,N/A,N/A
331,1770556258842,gap_time,N/A,true,,true,GapTime_879,N/A,N/A,N/A,N/A,N/A,N/A
331,1770556259725,Sentence shown,HH_178_P,true,,,N/A,N/A,N/A,N/A,N/A,N/A,N/A
331,1770556263730,gap_time,N/A,true,,,GapTime_1072,N/A,N/A,N/A,N/A,N/A,N/A
331,1770556264807,Sentence shown,HF_49_A,,,,N/A,N/A,N/A,N/A,N/A,N/A,N/A
331,1770556268817,gap_time,N/A,,,,GapTime_730,N/A,N/A,N/A,N/A,N/A,N/A
331,1770556269563,Sentence shown,HF_49_A,,true,true,N/A,N/A,N/A,N/A,N/A,N/A,N/A
331,1770556270802,Validation IR pressed,HF_49_A,,true,true,Spacebar,1,N/A,1239,N/A,N/A,N/A
331,1770556270802,IR pressed,HF_49_A,,true,true,Spacebar,1,N/A,1239,N/A,N/A,N/A
331,1770556271273,WR pressed,HF_49_A,,true,true,Yes,N/A,N/A,N/A,471,N/A,N/A
331,1770556271274,gap_time,N/A,,true,true,GapTime_924,N/A,N/A,N/A,N/A,N/A,N/A
331,1770556272212,Sentence shown,HF_57_A,,,,N/A,N/A,N/A,N/A,N/A,N/A,N/A
331,1770556276225,gap_time,N/A,,,,GapTime_1128,N/A,N/A,N/A,N/A,N/A,N/A
331,1770556277365,Sentence shown,HF_62_A,,,,N/A,N/A,N/A,N/A,N/A,N/A,N/A
331,1770556281371,gap_time,N/A,,,,GapTime_854,N/A,N/A,N/A,N/A,N/A,N/A
331,1770556282241,Sentence shown,HF_58_A,,,,N/A,N/A,N/A,N/A,N/A,N/A,N/A
331,1770556286244,gap_time,N/A,,,,GapTime_1123,N/A,N/A,N/A,N/A,N/A,N/A
331,1770556287384,Sentence shown,HF_58_A,,true,true,N/A,N/A,N/A,N/A,N/A,N/A,N/A
331,1770556288513,Validation IR pressed,HF_58_A,,true,true,Spacebar,1,N/A,1129,N/A,N/A,N/A
331,1770556288513,IR pressed,HF_58_A,,true,true,Spacebar,1,N/A,1129,N/A,N/A,N/A
331,1770556288970,WR pressed,HF_58_A,,true,true,Yes,N/A,N/A,N/A,457,N/A,N/A
331,1770556288970,gap_time,N/A,,true,true,GapTime_1210,N/A,N/A,N/A,N/A,N/A,N/A
331,1770556290194,Sentence shown,HH_178_P,true,,true,N/A,N/A,N/A,N/A,N/A,N/A,N/A
331,1770556293448,IR pressed,HH_178_P,true,,true,Spacebar,1,N/A,3254,N/A,N/A,N/A
331,1770556294007,WR pressed,HH_178_P,true,,true,Yes,N/A,1,N/A,558,N/A,N/A
331,1770556294007,gap_time,N/A,true,,true,GapTime_754,N/A,N/A,N/A,N/A,N/A,N/A
331,1770556294774,Sentence shown,HF_55_A,,,,N/A,N/A,N/A,N/A,N/A,N/A,N/A
331,1770556298789,gap_time,N/A,,,,GapTime_866,N/A,N/A,N/A,N/A,N/A,N/A
331,1770556299657,Sentence shown,LVL_131_P,true,,true,N/A,N/A,N/A,N/A,N/A,N/A,N/A
331,1770556303673,gap_time,N/A,true,,true,GapTime_1040,N/A,N/A,N/A,N/A,N/A,N/A
331,1770556304715,Sentence shown,HH_155_P,true,,,N/A,N/A,N/A,N/A,N/A,N/A,N/A
331,1770556308728,gap_time,N/A,true,,,GapTime_772,N/A,N/A,N/A,N/A,N/A,N/A
331,1770556309513,Sentence shown,HF_46_A,,,,N/A,N/A,N/A,N/A,N/A,N/A,N/A
331,1770556313526,gap_time,N/A,,,,GapTime_1041,N/A,N/A,N/A,N/A,N/A,N/A
331,1770556314582,Sentence shown,LVL_109_P,true,,,N/A,N/A,N/A,N/A,N/A,N/A,N/A
331,1770556318585,gap_time,N/A,true,,,GapTime_939,N/A,N/A,N/A,N/A,N/A,N/A
331,1770556319533,Sentence shown,HF_44_A,,,,N/A,N/A,N/A,N/A,N/A,N/A,N/A
331,1770556323549,gap_time,N/A,,,,GapTime_1153,N/A,N/A,N/A,N/A,N/A,N/A
331,1770556324718,Sentence shown,HF_53_A,,,,N/A,N/A,N/A,N/A,N/A,N/A,N/A
331,1770556328726,gap_time,N/A,,,,GapTime_939,N/A,N/A,N/A,N/A,N/A,N/A
331,1770556329679,Sentence shown,HF_44_A,,true,true,N/A,N/A,N/A,N/A,N/A,N/A,N/A
331,1770556331800,Validation IR pressed,HF_44_A,,true,true,Spacebar,1,N/A,2121,N/A,N/A,N/A
331,1770556331800,IR pressed,HF_44_A,,true,true,Spacebar,1,N/A,2121,N/A,N/A,N/A
331,1770556332339,WR pressed,HF_44_A,,true,true,Yes,N/A,N/A,N/A,539,N/A,N/A
331,1770556332339,gap_time,N/A,,true,true,GapTime_1297,N/A,N/A,N/A,N/A,N/A,N/A
331,1770556333643,Sentence shown,LVH_100_A,true,,,N/A,N/A,N/A,N/A,N/A,N/A,N/A
331,1770556337654,gap_time,N/A,true,,,GapTime_922,N/A,N/A,N/A,N/A,N/A,N/A
331,1770556338580,Sentence shown,HF_39_A,,,,N/A,N/A,N/A,N/A,N/A,N/A,N/A
331,1770556342587,gap_time,N/A,,,,GapTime_761,N/A,N/A,N/A,N/A,N/A,N/A
331,1770556343358,Sentence shown,LVL_109_A,true,,true,N/A,N/A,N/A,N/A,N/A,N/A,N/A
331,1770556345521,IR pressed,LVL_109_A,true,,true,Spacebar,1,N/A,2163,N/A,N/A,N/A
331,1770556346931,WR pressed,LVL_109_A,true,,true,No,N/A,1,N/A,1410,N/A,N/A
331,1770556346932,gap_time,N/A,true,,true,GapTime_791,N/A,N/A,N/A,N/A,N/A,N/A
331,1770556347736,Sentence shown,HF_38_A,,,,N/A,N/A,N/A,N/A,N/A,N/A,N/A
331,1770556351736,gap_time,N/A,,,,GapTime_830,N/A,N/A,N/A,N/A,N/A,N/A
331,1770556352572,Sentence shown,HH_155_A,true,,true,N/A,N/A,N/A,N/A,N/A,N/A,N/A
331,1770556356573,gap_time,N/A,true,,true,GapTime_747,N/A,N/A,N/A,N/A,N/A,N/A
331,1770556357336,Sentence shown,HF_60_A,,,,N/A,N/A,N/A,N/A,N/A,N/A,N/A
331,1770556361346,gap_time,N/A,,,,GapTime_1179,N/A,N/A,N/A,N/A,N/A,N/A
331,1770556362536,Sentence shown,HF_63_A,,,,N/A,N/A,N/A,N/A,N/A,N/A,N/A
331,1770556366550,gap_time,N/A,,,,GapTime_1093,N/A,N/A,N/A,N/A,N/A,N/A
331,1770556367656,Sentence shown,HVL_151_P,true,,,N/A,N/A,N/A,N/A,N/A,N/A,N/A
331,1770556371663,gap_time,N/A,true,,,GapTime_1089,N/A,N/A,N/A,N/A,N/A,N/A
331,1770556372754,Sentence shown,HF_60_A,,true,true,N/A,N/A,N/A,N/A,N/A,N/A,N/A
331,1770556374437,Validation IR pressed,HF_60_A,,true,true,Spacebar,1,N/A,1683,N/A,N/A,N/A
331,1770556374437,IR pressed,HF_60_A,,true,true,Spacebar,1,N/A,1683,N/A,N/A,N/A
331,1770556374994,WR pressed,HF_60_A,,true,true,Yes,N/A,N/A,N/A,557,N/A,N/A
331,1770556374994,gap_time,N/A,,true,true,GapTime_1085,N/A,N/A,N/A,N/A,N/A,N/A
331,1770556376096,Sentence shown,HF_59_A,,,,N/A,N/A,N/A,N/A,N/A,N/A,N/A
331,1770556380112,gap_time,N/A,,,,GapTime_805,N/A,N/A,N/A,N/A,N/A,N/A
331,1770556380921,Sentence shown,LVH_100_A,true,,true,N/A,N/A,N/A,N/A,N/A,N/A,N/A
331,1770556383501,IR pressed,LVH_100_A,true,,true,Spacebar,1,N/A,2580,N/A,N/A,N/A
331,1770556384042,WR pressed,LVH_100_A,true,,true,Yes,N/A,1,N/A,541,N/A,N/A
331,1770556384043,gap_time,N/A,true,,true,GapTime_1048,N/A,N/A,N/A,N/A,N/A,N/A
331,1770556385099,Sentence shown,HF_35_A,,,,N/A,N/A,N/A,N/A,N/A,N/A,N/A
331,1770556389115,gap_time,N/A,,,,GapTime_1084,N/A,N/A,N/A,N/A,N/A,N/A
331,1770556390205,Sentence shown,HH_146_A,true,,,N/A,N/A,N/A,N/A,N/A,N/A,N/A
331,1770556394221,gap_time,N/A,true,,,GapTime_941,N/A,N/A,N/A,N/A,N/A,N/A
331,1770556395167,Sentence shown,HF_52_A,,,,N/A,N/A,N/A,N/A,N/A,N/A,N/A
331,1770556399172,gap_time,N/A,,,,GapTime_1261,N/A,N/A,N/A,N/A,N/A,N/A
331,1770556400451,Sentence shown,HF_35_A,,true,true,N/A,N/A,N/A,N/A,N/A,N/A,N/A
331,1770556404460,Validation Missed,HF_35_A,,true,true,None,0,N/A,N/A,N/A,N/A,N/A
331,1770556404460,gap_time,N/A,,true,true,GapTime_1157,N/A,N/A,N/A,N/A,N/A,N/A
331,1770556405621,Sentence shown,HVL_151_A,true,,true,N/A,N/A,N/A,N/A,N/A,N/A,N/A
331,1770556408361,IR pressed,HVL_151_A,true,,true,Spacebar,1,N/A,2740,N/A,N/A,N/A
331,1770556409863,WR pressed,HVL_151_A,true,,true,No,N/A,1,N/A,1502,N/A,N/A
331,1770556409863,gap_time,N/A,true,,true,GapTime_716,N/A,N/A,N/A,N/A,N/A,N/A
331,1770556410590,Sentence shown,HVL_114_A,true,,,N/A,N/A,N/A,N/A,N/A,N/A,N/A
331,1770556414592,gap_time,N/A,true,,,GapTime_1121,N/A,N/A,N/A,N/A,N/A,N/A
331,1770556415716,Sentence shown,HF_50_A,,,,N/A,N/A,N/A,N/A,N/A,N/A,N/A
331,1770556417906,Validation Wrong IR pressed,HF_50_A,,,,Spacebar,0,N/A,2190,N/A,N/A,N/A
331,1770556417906,IR pressed,HF_50_A,,,,Spacebar,0,N/A,2190,N/A,N/A,N/A
331,1770556418307,WR pressed,HF_50_A,,,,Yes,N/A,N/A,N/A,401,N/A,N/A
331,1770556418307,gap_time,N/A,,,,GapTime_1087,N/A,N/A,N/A,N/A,N/A,N/A
331,1770556419399,Sentence shown,LVL_119_A,true,,,N/A,N/A,N/A,N/A,N/A,N/A,N/A
331,1770556423412,gap_time,N/A,true,,,GapTime_862,N/A,N/A,N/A,N/A,N/A,N/A
331,1770556424281,Sentence shown,LVH_124_P,true,,,N/A,N/A,N/A,N/A,N/A,N/A,N/A
331,1770556428282,gap_time,N/A,true,,,GapTime_981,N/A,N/A,N/A,N/A,N/A,N/A
331,1770556429270,Sentence shown,HF_36_A,,,,N/A,N/A,N/A,N/A,N/A,N/A,N/A
331,1770556433277,gap_time,N/A,,,,GapTime_1075,N/A,N/A,N/A,N/A,N/A,N/A
331,1770556434356,Sentence shown,HH_146_P,true,,true,N/A,N/A,N/A,N/A,N/A,N/A,N/A
331,1770556437546,IR pressed,HH_146_P,true,,true,Spacebar,1,N/A,3190,N/A,N/A,N/A
331,1770556441319,WR pressed,HH_146_P,true,,true,No,N/A,1,N/A,3773,N/A,N/A
331,1770556441319,gap_time,N/A,true,,true,GapTime_1218,N/A,N/A,N/A,N/A,N/A,N/A
331,1770556442543,Sentence shown,HF_43_A,,,,N/A,N/A,N/A,N/A,N/A,N/A,N/A
331,1770556446546,gap_time,N/A,,,,GapTime_1056,N/A,N/A,N/A,N/A,N/A,N/A
331,1770556447620,Sentence shown,HF_51_A,,,,N/A,N/A,N/A,N/A,N/A,N/A,N/A
331,1770556451632,gap_time,N/A,,,,GapTime_1137,N/A,N/A,N/A,N/A,N/A,N/A
331,1770556452772,Sentence shown,HF_43_A,,true,true,N/A,N/A,N/A,N/A,N/A,N/A,N/A
331,1770556454959,Validation IR pressed,HF_43_A,,true,true,Spacebar,1,N/A,2187,N/A,N/A,N/A
331,1770556454959,IR pressed,HF_43_A,,true,true,Spacebar,1,N/A,2187,N/A,N/A,N/A
331,1770556455485,WR pressed,HF_43_A,,true,true,Yes,N/A,N/A,N/A,526,N/A,N/A
331,1770556455486,gap_time,N/A,,true,true,GapTime_819,N/A,N/A,N/A,N/A,N/A,N/A
331,1770556456312,Sentence shown,HF_56_A,,,,N/A,N/A,N/A,N/A,N/A,N/A,N/A
331,1770556460318,gap_time,N/A,,,,GapTime_711,N/A,N/A,N/A,N/A,N/A,N/A
331,1770556461038,Sentence shown,HVL_114_P,true,,true,N/A,N/A,N/A,N/A,N/A,N/A,N/A
331,1770556463671,IR pressed,HVL_114_P,true,,true,Spacebar,1,N/A,2633,N/A,N/A,N/A
331,1770556464845,WR pressed,HVL_114_P,true,,true,No,N/A,1,N/A,1174,N/A,N/A
331,1770556464845,gap_time,N/A,true,,true,GapTime_739,N/A,N/A,N/A,N/A,N/A,N/A
331,1770556465599,Sentence shown,LVH_118_A,true,,,N/A,N/A,N/A,N/A,N/A,N/A,N/A
331,1770556469615,gap_time,N/A,true,,,GapTime_1252,N/A,N/A,N/A,N/A,N/A,N/A
331,1770556470870,Sentence shown,LVL_119_P,true,,true,N/A,N/A,N/A,N/A,N/A,N/A,N/A
331,1770556474879,gap_time,N/A,true,,true,GapTime_981,N/A,N/A,N/A,N/A,N/A,N/A
331,1770556475864,Sentence shown,HF_47_A,,,,N/A,N/A,N/A,N/A,N/A,N/A,N/A
331,1770556479866,gap_time,N/A,,,,GapTime_915,N/A,N/A,N/A,N/A,N/A,N/A
331,1770556480797,Sentence shown,HH_187_A,true,,,N/A,N/A,N/A,N/A,N/A,N/A,N/A
331,1770556484812,gap_time,N/A,true,,,GapTime_1242,N/A,N/A,N/A,N/A,N/A,N/A
331,1770556486066,Sentence shown,LVH_124_P,true,,true,N/A,N/A,N/A,N/A,N/A,N/A,N/A
331,1770556488772,IR pressed,LVH_124_P,true,,true,Spacebar,1,N/A,2706,N/A,N/A,N/A
331,1770556489801,WR pressed,LVH_124_P,true,,true,No,N/A,0,N/A,1029,N/A,N/A
331,1770556489801,gap_time,N/A,true,,true,GapTime_1023,N/A,N/A,N/A,N/A,N/A,N/A
331,1770556490832,Sentence shown,LVH_159_P,true,,,N/A,N/A,N/A,N/A,N/A,N/A,N/A
331,1770556494845,gap_time,N/A,true,,,GapTime_1128,N/A,N/A,N/A,N/A,N/A,N/A
331,1770556495976,Sentence shown,HF_48_A,,,,N/A,N/A,N/A,N/A,N/A,N/A,N/A
331,1770556499982,gap_time,N/A,,,,GapTime_789,N/A,N/A,N/A,N/A,N/A,N/A
331,1770556500774,Sentence shown,HVL_101_A,true,,,N/A,N/A,N/A,N/A,N/A,N/A,N/A
331,1770556504785,gap_time,N/A,true,,,GapTime_1298,N/A,N/A,N/A,N/A,N/A,N/A
331,1770556506085,Sentence shown,LVH_118_P,true,,true,N/A,N/A,N/A,N/A,N/A,N/A,N/A
331,1770556508437,IR pressed,LVH_118_P,true,,true,Spacebar,1,N/A,2352,N/A,N/A,N/A
331,1770556509265,WR pressed,LVH_118_P,true,,true,No,N/A,1,N/A,828,N/A,N/A
331,1770556509265,gap_time,N/A,true,,true,GapTime_1046,N/A,N/A,N/A,N/A,N/A,N/A
331,1770556510316,Sentence shown,HH_187_A,true,,true,N/A,N/A,N/A,N/A,N/A,N/A,N/A
331,1770556514327,gap_time,N/A,true,,true,GapTime_861,N/A,N/A,N/A,N/A,N/A,N/A
331,1770556515192,Sentence shown,LVH_159_A,true,,true,N/A,N/A,N/A,N/A,N/A,N/A,N/A
331,1770556519205,gap_time,N/A,true,,true,GapTime_1063,N/A,N/A,N/A,N/A,N/A,N/A
331,1770556520281,Sentence shown,HVL_101_A,true,,true,N/A,N/A,N/A,N/A,N/A,N/A,N/A
331,1770556522120,IR pressed,HVL_101_A,true,,true,Spacebar,1,N/A,1839,N/A,N/A,N/A
331,1770556522580,WR pressed,HVL_101_A,true,,true,Yes,N/A,1,N/A,460,N/A,N/A
331,1770556522580,gap_time,N/A,true,,true,GapTime_1043,N/A,N/A,N/A,N/A,N/A,N/A
331,1770556523639,Rest Phase started,N/A,true,,true,Rest,N/A,N/A,N/A,N/A,N/A,N/A
331,1770556613670,Sentence shown,HF_70_A,,,,N/A,N/A,N/A,N/A,N/A,N/A,N/A
331,1770556617680,gap_time,N/A,,,,GapTime_1074,N/A,N/A,N/A,N/A,N/A,N/A
331,1770556618770,Sentence shown,HF_70_A,,true,true,N/A,N/A,N/A,N/A,N/A,N/A,N/A
331,1770556620005,Validation IR pressed,HF_70_A,,true,true,Spacebar,1,N/A,1235,N/A,N/A,N/A
331,1770556620005,IR pressed,HF_70_A,,true,true,Spacebar,1,N/A,1235,N/A,N/A,N/A
331,1770556620498,WR pressed,HF_70_A,,true,true,Yes,N/A,N/A,N/A,493,N/A,N/A
331,1770556620498,gap_time,N/A,,true,true,GapTime_715,N/A,N/A,N/A,N/A,N/A,N/A
331,1770556621221,Sentence shown,LVH_122_P,true,,,N/A,N/A,N/A,N/A,N/A,N/A,N/A
331,1770556625232,gap_time,N/A,true,,,GapTime_993,N/A,N/A,N/A,N/A,N/A,N/A
331,1770556626242,Sentence shown,HF_82_A,,,,N/A,N/A,N/A,N/A,N/A,N/A,N/A
331,1770556630242,gap_time,N/A,,,,GapTime_982,N/A,N/A,N/A,N/A,N/A,N/A
331,1770556631238,Sentence shown,HF_69_A,,,,N/A,N/A,N/A,N/A,N/A,N/A,N/A
331,1770556635244,gap_time,N/A,,,,GapTime_1146,N/A,N/A,N/A,N/A,N/A,N/A
331,1770556636396,Sentence shown,HF_69_A,,true,true,N/A,N/A,N/A,N/A,N/A,N/A,N/A
331,1770556637361,Validation IR pressed,HF_69_A,,true,true,Spacebar,1,N/A,965,N/A,N/A,N/A
331,1770556637361,IR pressed,HF_69_A,,true,true,Spacebar,1,N/A,965,N/A,N/A,N/A
331,1770556637913,WR pressed,HF_69_A,,true,true,Yes,N/A,N/A,N/A,552,N/A,N/A
331,1770556637913,gap_time,N/A,,true,true,GapTime_818,N/A,N/A,N/A,N/A,N/A,N/A
331,1770556638748,Sentence shown,HF_74_A,,,,N/A,N/A,N/A,N/A,N/A,N/A,N/A
331,1770556642749,gap_time,N/A,,,,GapTime_1194,N/A,N/A,N/A,N/A,N/A,N/A
331,1770556643948,Sentence shown,LVL_100_P,true,,,N/A,N/A,N/A,N/A,N/A,N/A,N/A
331,1770556647952,gap_time,N/A,true,,,GapTime_1142,N/A,N/A,N/A,N/A,N/A,N/A
331,1770556649095,Sentence shown,HF_74_A,,true,true,N/A,N/A,N/A,N/A,N/A,N/A,N/A
331,1770556650949,Validation IR pressed,HF_74_A,,true,true,Spacebar,1,N/A,1854,N/A,N/A,N/A
331,1770556650949,IR pressed,HF_74_A,,true,true,Spacebar,1,N/A,1854,N/A,N/A,N/A
331,1770556651548,WR pressed,HF_74_A,,true,true,Yes,N/A,N/A,N/A,599,N/A,N/A
331,1770556651549,gap_time,N/A,,true,true,GapTime_1102,N/A,N/A,N/A,N/A,N/A,N/A
331,1770556652663,Sentence shown,LVH_122_A,true,,true,N/A,N/A,N/A,N/A,N/A,N/A,N/A
331,1770556654943,IR pressed,LVH_122_A,true,,true,Spacebar,1,N/A,2280,N/A,N/A,N/A
331,1770556656699,WR pressed,LVH_122_A,true,,true,No,N/A,1,N/A,1756,N/A,N/A
331,1770556656699,gap_time,N/A,true,,true,GapTime_1038,N/A,N/A,N/A,N/A,N/A,N/A
331,1770556657746,Sentence shown,HF_80_A,,,,N/A,N/A,N/A,N/A,N/A,N/A,N/A
331,1770556661748,gap_time,N/A,,,,GapTime_1031,N/A,N/A,N/A,N/A,N/A,N/A
331,1770556662783,Sentence shown,HF_79_A,,,,N/A,N/A,N/A,N/A,N/A,N/A,N/A
331,1770556666784,gap_time,N/A,,,,GapTime_869,N/A,N/A,N/A,N/A,N/A,N/A
331,1770556667667,Sentence shown,HF_88_A,,,,N/A,N/A,N/A,N/A,N/A,N/A,N/A
331,1770556671679,gap_time,N/A,,,,GapTime_701,N/A,N/A,N/A,N/A,N/A,N/A
331,1770556672397,Sentence shown,HF_75_A,,,,N/A,N/A,N/A,N/A,N/A,N/A,N/A
331,1770556676415,gap_time,N/A,,,,GapTime_909,N/A,N/A,N/A,N/A,N/A,N/A
331,1770556677336,Sentence shown,HVL_128_A,true,,,N/A,N/A,N/A,N/A,N/A,N/A,N/A
331,1770556681345,gap_time,N/A,true,,,GapTime_751,N/A,N/A,N/A,N/A,N/A,N/A
331,1770556682102,Sentence shown,HF_88_A,,true,true,N/A,N/A,N/A,N/A,N/A,N/A,N/A
331,1770556686114,Validation Missed,HF_88_A,,true,true,None,0,N/A,N/A,N/A,N/A,N/A
331,1770556686115,gap_time,N/A,,true,true,GapTime_756,N/A,N/A,N/A,N/A,N/A,N/A
331,1770556686876,Sentence shown,LVH_107_P,true,,,N/A,N/A,N/A,N/A,N/A,N/A,N/A
331,1770556690878,gap_time,N/A,true,,,GapTime_1165,N/A,N/A,N/A,N/A,N/A,N/A
331,1770556692047,Sentence shown,HF_96_A,,,,N/A,N/A,N/A,N/A,N/A,N/A,N/A
331,1770556696063,gap_time,N/A,,,,GapTime_983,N/A,N/A,N/A,N/A,N/A,N/A
331,1770556697053,Sentence shown,LVL_100_A,true,,true,N/A,N/A,N/A,N/A,N/A,N/A,N/A
331,1770556699465,IR pressed,LVL_100_A,true,,true,Spacebar,1,N/A,2412,N/A,N/A,N/A
331,1770556702337,WR pressed,LVL_100_A,true,,true,No,N/A,1,N/A,2872,N/A,N/A
331,1770556702337,gap_time,N/A,true,,true,GapTime_1009,N/A,N/A,N/A,N/A,N/A,N/A
331,1770556703359,Sentence shown,HF_93_A,,,,N/A,N/A,N/A,N/A,N/A,N/A,N/A
331,1770556707368,gap_time,N/A,,,,GapTime_750,N/A,N/A,N/A,N/A,N/A,N/A
331,1770556708120,Sentence shown,HF_96_A,,true,true,N/A,N/A,N/A,N/A,N/A,N/A,N/A
331,1770556709426,Validation IR pressed,HF_96_A,,true,true,Spacebar,1,N/A,1306,N/A,N/A,N/A
331,1770556709426,IR pressed,HF_96_A,,true,true,Spacebar,1,N/A,1306,N/A,N/A,N/A
331,1770556709809,WR pressed,HF_96_A,,true,true,Yes,N/A,N/A,N/A,383,N/A,N/A
331,1770556709809,gap_time,N/A,,true,true,GapTime_1119,N/A,N/A,N/A,N/A,N/A,N/A
331,1770556710935,Sentence shown,HF_76_A,,,,N/A,N/A,N/A,N/A,N/A,N/A,N/A
331,1770556714950,gap_time,N/A,,,,GapTime_1006,N/A,N/A,N/A,N/A,N/A,N/A
331,1770556715964,Sentence shown,LVL_102_A,true,,,N/A,N/A,N/A,N/A,N/A,N/A,N/A
331,1770556719966,gap_time,N/A,true,,,GapTime_1093,N/A,N/A,N/A,N/A,N/A,N/A
331,1770556721069,Sentence shown,HF_76_A,,true,true,N/A,N/A,N/A,N/A,N/A,N/A,N/A
331,1770556722705,Validation IR pressed,HF_76_A,,true,true,Spacebar,1,N/A,1636,N/A,N/A,N/A
331,1770556722705,IR pressed,HF_76_A,,true,true,Spacebar,1,N/A,1636,N/A,N/A,N/A
331,1770556723277,WR pressed,HF_76_A,,true,true,Yes,N/A,N/A,N/A,572,N/A,N/A
331,1770556723277,gap_time,N/A,,true,true,GapTime_1268,N/A,N/A,N/A,N/A,N/A,N/A
331,1770556724552,Sentence shown,HF_90_A,,,,N/A,N/A,N/A,N/A,N/A,N/A,N/A
331,1770556728566,gap_time,N/A,,,,GapTime_1080,N/A,N/A,N/A,N/A,N/A,N/A
331,1770556729656,Sentence shown,LVH_107_P,true,,true,N/A,N/A,N/A,N/A,N/A,N/A,N/A
331,1770556733414,IR pressed,LVH_107_P,true,,true,Spacebar,1,N/A,3758,N/A,N/A,N/A
331,1770556734884,WR pressed,LVH_107_P,true,,true,No,N/A,0,N/A,1470,N/A,N/A
331,1770556734885,gap_time,N/A,true,,true,GapTime_709,N/A,N/A,N/A,N/A,N/A,N/A
331,1770556735607,Sentence shown,HF_77_A,,,,N/A,N/A,N/A,N/A,N/A,N/A,N/A
331,1770556739612,gap_time,N/A,,,,GapTime_1034,N/A,N/A,N/A,N/A,N/A,N/A
331,1770556740661,Sentence shown,HVL_128_P,true,,true,N/A,N/A,N/A,N/A,N/A,N/A,N/A
331,1770556744679,gap_time,N/A,true,,true,GapTime_771,N/A,N/A,N/A,N/A,N/A,N/A
331,1770556745461,Sentence shown,HF_71_A,,,,N/A,N/A,N/A,N/A,N/A,N/A,N/A
331,1770556749467,gap_time,N/A,,,,GapTime_712,N/A,N/A,N/A,N/A,N/A,N/A
331,1770556750193,Sentence shown,HF_68_A,,,,N/A,N/A,N/A,N/A,N/A,N/A,N/A
331,1770556754206,gap_time,N/A,,,,GapTime_1167,N/A,N/A,N/A,N/A,N/A,N/A
331,1770556755381,Sentence shown,HF_92_A,,,,N/A,N/A,N/A,N/A,N/A,N/A,N/A
331,1770556759397,gap_time,N/A,,,,GapTime_929,N/A,N/A,N/A,N/A,N/A,N/A
331,1770556760342,Sentence shown,HF_71_A,,true,true,N/A,N/A,N/A,N/A,N/A,N/A,N/A
331,1770556762289,Validation IR pressed,HF_71_A,,true,true,Spacebar,1,N/A,1947,N/A,N/A,N/A
331,1770556762289,IR pressed,HF_71_A,,true,true,Spacebar,1,N/A,1947,N/A,N/A,N/A
331,1770556763312,WR pressed,HF_71_A,,true,true,Yes,N/A,N/A,N/A,1023,N/A,N/A
331,1770556763313,gap_time,N/A,,true,true,GapTime_1042,N/A,N/A,N/A,N/A,N/A,N/A
331,1770556764361,Sentence shown,LVL_142_P,true,,,N/A,N/A,N/A,N/A,N/A,N/A,N/A
331,1770556768374,gap_time,N/A,true,,,GapTime_834,N/A,N/A,N/A,N/A,N/A,N/A
331,1770556769219,Sentence shown,HH_171_P,true,,,N/A,N/A,N/A,N/A,N/A,N/A,N/A
331,1770556773229,gap_time,N/A,true,,,GapTime_1272,N/A,N/A,N/A,N/A,N/A,N/A
331,1770556774514,Sentence shown,LVL_102_A,true,,true,N/A,N/A,N/A,N/A,N/A,N/A,N/A
331,1770556776647,IR pressed,LVL_102_A,true,,true,Spacebar,1,N/A,2133,N/A,N/A,N/A
331,1770556777111,WR pressed,LVL_102_A,true,,true,Yes,N/A,1,N/A,464,N/A,N/A
331,1770556777111,gap_time,N/A,true,,true,GapTime_1150,N/A,N/A,N/A,N/A,N/A,N/A
331,1770556778271,Sentence shown,HF_81_A,,,,N/A,N/A,N/A,N/A,N/A,N/A,N/A
331,1770556782288,gap_time,N/A,,,,GapTime_1196,N/A,N/A,N/A,N/A,N/A,N/A
331,1770556783485,Sentence shown,HF_67_A,,,,N/A,N/A,N/A,N/A,N/A,N/A,N/A
331,1770556787501,gap_time,N/A,,,,GapTime_920,N/A,N/A,N/A,N/A,N/A,N/A
331,1770556788430,Sentence shown,HF_85_A,,,,N/A,N/A,N/A,N/A,N/A,N/A,N/A
331,1770556792432,gap_time,N/A,,,,GapTime_1047,N/A,N/A,N/A,N/A,N/A,N/A
331,1770556793480,Sentence shown,HF_85_A,,true,true,N/A,N/A,N/A,N/A,N/A,N/A,N/A
331,1770556794732,Validation IR pressed,HF_85_A,,true,true,Spacebar,1,N/A,1252,N/A,N/A,N/A
331,1770556794732,IR pressed,HF_85_A,,true,true,Spacebar,1,N/A,1252,N/A,N/A,N/A
331,1770556795260,WR pressed,HF_85_A,,true,true,Yes,N/A,N/A,N/A,528,N/A,N/A
331,1770556795260,gap_time,N/A,,true,true,GapTime_1054,N/A,N/A,N/A,N/A,N/A,N/A
331,1770556796322,Sentence shown,HH_145_A,true,,,N/A,N/A,N/A,N/A,N/A,N/A,N/A
331,1770556800329,gap_time,N/A,true,,,GapTime_1048,N/A,N/A,N/A,N/A,N/A,N/A
331,1770556801379,Sentence shown,LVL_142_P,true,,true,N/A,N/A,N/A,N/A,N/A,N/A,N/A
331,1770556803732,IR pressed,LVL_142_P,true,,true,Spacebar,1,N/A,2353,N/A,N/A,N/A
331,1770556804241,WR pressed,LVL_142_P,true,,true,Yes,N/A,1,N/A,509,N/A,N/A
331,1770556804241,gap_time,N/A,true,,true,GapTime_1008,N/A,N/A,N/A,N/A,N/A,N/A
331,1770556805251,Sentence shown,HF_89_A,,,,N/A,N/A,N/A,N/A,N/A,N/A,N/A
331,1770556809257,gap_time,N/A,,,,GapTime_728,N/A,N/A,N/A,N/A,N/A,N/A
331,1770556809991,Sentence shown,HF_91_A,,,,N/A,N/A,N/A,N/A,N/A,N/A,N/A
331,1770556814003,gap_time,N/A,,,,GapTime_1201,N/A,N/A,N/A,N/A,N/A,N/A
331,1770556815212,Sentence shown,HH_171_P,true,,true,N/A,N/A,N/A,N/A,N/A,N/A,N/A
331,1770556817242,IR pressed,HH_171_P,true,,true,Spacebar,1,N/A,2030,N/A,N/A,N/A
331,1770556817753,WR pressed,HH_171_P,true,,true,Yes,N/A,1,N/A,511,N/A,N/A
331,1770556817753,gap_time,N/A,true,,true,GapTime_1209,N/A,N/A,N/A,N/A,N/A,N/A
331,1770556818976,Sentence shown,HF_78_A,,,,N/A,N/A,N/A,N/A,N/A,N/A,N/A
331,1770556822990,gap_time,N/A,,,,GapTime_1262,N/A,N/A,N/A,N/A,N/A,N/A
331,1770556824263,Sentence shown,HH_145_A,true,,true,N/A,N/A,N/A,N/A,N/A,N/A,N/A
331,1770556826238,IR pressed,HH_145_A,true,,true,Spacebar,1,N/A,1975,N/A,N/A,N/A
331,1770556826751,WR pressed,HH_145_A,true,,true,Yes,N/A,1,N/A,513,N/A,N/A
331,1770556826752,gap_time,N/A,true,,true,GapTime_1008,N/A,N/A,N/A,N/A,N/A,N/A
331,1770556827769,Sentence shown,LVL_138_A,true,,,N/A,N/A,N/A,N/A,N/A,N/A,N/A
331,1770556831779,gap_time,N/A,true,,,GapTime_970,N/A,N/A,N/A,N/A,N/A,N/A
331,1770556832754,Sentence shown,HF_87_A,,,,N/A,N/A,N/A,N/A,N/A,N/A,N/A
331,1770556836765,gap_time,N/A,,,,GapTime_730,N/A,N/A,N/A,N/A,N/A,N/A
331,1770556837507,Sentence shown,HF_97_A,,,,N/A,N/A,N/A,N/A,N/A,N/A,N/A
331,1770556841520,gap_time,N/A,,,,GapTime_832,N/A,N/A,N/A,N/A,N/A,N/A
331,1770556842356,Sentence shown,HF_84_A,,,,N/A,N/A,N/A,N/A,N/A,N/A,N/A
331,1770556846364,gap_time,N/A,,,,GapTime_733,N/A,N/A,N/A,N/A,N/A,N/A
331,1770556847104,Sentence shown,HF_83_A,,,,N/A,N/A,N/A,N/A,N/A,N/A,N/A
331,1770556851111,gap_time,N/A,,,,GapTime_1131,N/A,N/A,N/A,N/A,N/A,N/A
331,1770556852254,Sentence shown,HF_73_A,,,,N/A,N/A,N/A,N/A,N/A,N/A,N/A
331,1770556856257,gap_time,N/A,,,,GapTime_721,N/A,N/A,N/A,N/A,N/A,N/A
331,1770556856990,Sentence shown,HF_84_A,,true,true,N/A,N/A,N/A,N/A,N/A,N/A,N/A
331,1770556859243,Validation IR pressed,HF_84_A,,true,true,Spacebar,1,N/A,2253,N/A,N/A,N/A
331,1770556859243,IR pressed,HF_84_A,,true,true,Spacebar,1,N/A,2253,N/A,N/A,N/A
331,1770556859890,WR pressed,HF_84_A,,true,true,Yes,N/A,N/A,N/A,647,N/A,N/A
331,1770556859890,gap_time,N/A,,true,true,GapTime_1188,N/A,N/A,N/A,N/A,N/A,N/A
331,1770556861085,Sentence shown,LVH_172_A,true,,,N/A,N/A,N/A,N/A,N/A,N/A,N/A
331,1770556865092,gap_time,N/A,true,,,GapTime_960,N/A,N/A,N/A,N/A,N/A,N/A
331,1770556866062,Sentence shown,LVL_138_P,true,,true,N/A,N/A,N/A,N/A,N/A,N/A,N/A
331,1770556868636,IR pressed,LVL_138_P,true,,true,Spacebar,1,N/A,2574,N/A,N/A,N/A
331,1770556870005,WR pressed,LVL_138_P,true,,true,No,N/A,1,N/A,1369,N/A,N/A
331,1770556870005,gap_time,N/A,true,,true,GapTime_889,N/A,N/A,N/A,N/A,N/A,N/A
331,1770556870906,Sentence shown,HVL_141_A,true,,,N/A,N/A,N/A,N/A,N/A,N/A,N/A
331,1770556874908,gap_time,N/A,true,,,GapTime_1117,N/A,N/A,N/A,N/A,N/A,N/A
331,1770556876027,Sentence shown,HH_165_P,true,,,N/A,N/A,N/A,N/A,N/A,N/A,N/A
331,1770556880032,gap_time,N/A,true,,,GapTime_1019,N/A,N/A,N/A,N/A,N/A,N/A
331,1770556881054,Sentence shown,HF_66_A,,,,N/A,N/A,N/A,N/A,N/A,N/A,N/A
331,1770556885055,gap_time,N/A,,,,GapTime_1067,N/A,N/A,N/A,N/A,N/A,N/A
331,1770556886133,Sentence shown,HF_86_A,,,,N/A,N/A,N/A,N/A,N/A,N/A,N/A
331,1770556890134,gap_time,N/A,,,,GapTime_1237,N/A,N/A,N/A,N/A,N/A,N/A
331,1770556891378,Sentence shown,HF_95_A,,,,N/A,N/A,N/A,N/A,N/A,N/A,N/A
331,1770556895387,gap_time,N/A,,,,GapTime_1003,N/A,N/A,N/A,N/A,N/A,N/A
331,1770556896406,Sentence shown,HVL_123_P,true,,,N/A,N/A,N/A,N/A,N/A,N/A,N/A
331,1770556900408,gap_time,N/A,true,,,GapTime_1091,N/A,N/A,N/A,N/A,N/A,N/A
331,1770556901510,Sentence shown,HF_95_A,,true,true,N/A,N/A,N/A,N/A,N/A,N/A,N/A
331,1770556903076,Validation IR pressed,HF_95_A,,true,true,Spacebar,1,N/A,1566,N/A,N/A,N/A
331,1770556903076,IR pressed,HF_95_A,,true,true,Spacebar,1,N/A,1566,N/A,N/A,N/A
331,1770556903631,WR pressed,HF_95_A,,true,true,Yes,N/A,N/A,N/A,555,N/A,N/A
331,1770556903632,gap_time,N/A,,true,true,GapTime_915,N/A,N/A,N/A,N/A,N/A,N/A
331,1770556904552,Sentence shown,HH_173_A,true,,,N/A,N/A,N/A,N/A,N/A,N/A,N/A
331,1770556908567,gap_time,N/A,true,,,GapTime_738,N/A,N/A,N/A,N/A,N/A,N/A
331,1770556909309,Sentence shown,LVH_172_P,true,,true,N/A,N/A,N/A,N/A,N/A,N/A,N/A
331,1770556912138,IR pressed,LVH_172_P,true,,true,Spacebar,1,N/A,2829,N/A,N/A,N/A
331,1770556913134,WR pressed,LVH_172_P,true,,true,No,N/A,1,N/A,996,N/A,N/A
331,1770556913135,gap_time,N/A,true,,true,GapTime_1157,N/A,N/A,N/A,N/A,N/A,N/A
331,1770556914305,Sentence shown,HVL_144_P,true,,,N/A,N/A,N/A,N/A,N/A,N/A,N/A
331,1770556918318,gap_time,N/A,true,,,GapTime_812,N/A,N/A,N/A,N/A,N/A,N/A
331,1770556919140,Sentence shown,HVL_141_A,true,,true,N/A,N/A,N/A,N/A,N/A,N/A,N/A
331,1770556923146,gap_time,N/A,true,,true,GapTime_841,N/A,N/A,N/A,N/A,N/A,N/A
331,1770556923999,Sentence shown,LVH_123_A,true,,,N/A,N/A,N/A,N/A,N/A,N/A,N/A
331,1770556928007,gap_time,N/A,true,,,GapTime_969,N/A,N/A,N/A,N/A,N/A,N/A
331,1770556928980,Sentence shown,HH_165_A,true,,true,N/A,N/A,N/A,N/A,N/A,N/A,N/A
331,1770556931301,IR pressed,HH_165_A,true,,true,Spacebar,1,N/A,2321,N/A,N/A,N/A
331,1770556933899,WR pressed,HH_165_A,true,,true,No,N/A,1,N/A,2598,N/A,N/A
331,1770556933899,gap_time,N/A,true,,true,GapTime_879,N/A,N/A,N/A,N/A,N/A,N/A
331,1770556934781,Sentence shown,HF_72_A,,,,N/A,N/A,N/A,N/A,N/A,N/A,N/A
331,1770556937390,Validation Wrong IR pressed,HF_72_A,,,,Spacebar,0,N/A,2608,N/A,N/A,N/A
331,1770556937390,IR pressed,HF_72_A,,,,Spacebar,0,N/A,2608,N/A,N/A,N/A
331,1770556937874,WR pressed,HF_72_A,,,,Yes,N/A,N/A,N/A,484,N/A,N/A
331,1770556937875,gap_time,N/A,,,,GapTime_1237,N/A,N/A,N/A,N/A,N/A,N/A
331,1770556939114,Sentence shown,HF_94_A,,,,N/A,N/A,N/A,N/A,N/A,N/A,N/A
331,1770556943124,gap_time,N/A,,,,GapTime_730,N/A,N/A,N/A,N/A,N/A,N/A
331,1770556943857,Sentence shown,HH_173_P,true,,true,N/A,N/A,N/A,N/A,N/A,N/A,N/A
331,1770556946892,IR pressed,HH_173_P,true,,true,Spacebar,1,N/A,3035,N/A,N/A,N/A
331,1770556947961,WR pressed,HH_173_P,true,,true,No,N/A,1,N/A,1069,N/A,N/A
331,1770556947961,gap_time,N/A,true,,true,GapTime_738,N/A,N/A,N/A,N/A,N/A,N/A
331,1770556948704,Sentence shown,HVL_123_A,true,,true,N/A,N/A,N/A,N/A,N/A,N/A,N/A
331,1770556951072,IR pressed,HVL_123_A,true,,true,Spacebar,1,N/A,2368,N/A,N/A,N/A
331,1770556951529,WR pressed,HVL_123_A,true,,true,Yes,N/A,0,N/A,457,N/A,N/A
331,1770556951529,gap_time,N/A,true,,true,GapTime_983,N/A,N/A,N/A,N/A,N/A,N/A
331,1770556952527,Sentence shown,HVL_144_P,true,,true,N/A,N/A,N/A,N/A,N/A,N/A,N/A
331,1770556956534,gap_time,N/A,true,,true,GapTime_1139,N/A,N/A,N/A,N/A,N/A,N/A
331,1770556957689,Sentence shown,LVH_123_A,true,,true,N/A,N/A,N/A,N/A,N/A,N/A,N/A
331,1770556959439,IR pressed,LVH_123_A,true,,true,Spacebar,1,N/A,1750,N/A,N/A,N/A
331,1770556959990,WR pressed,LVH_123_A,true,,true,Yes,N/A,1,N/A,551,N/A,N/A
331,1770556959990,gap_time,N/A,true,,true,GapTime_1100,N/A,N/A,N/A,N/A,N/A,N/A
