participant_ID,Timestamp,Event,Stimulus,isTarget,isValidation,isRepeat,Button,Accuracy IR,Accuracy WR,Reaction_time_IR,Reaction_time_WR,CR_IR,CR_WR
339,1770537004625,Practice Sentence shown,HL_86_A,,,,N/A,N/A,N/A,N/A,N/A,N/A,N/A
339,1770537010138,Practice Sentence shown,HL_78_A,,,,N/A,N/A,N/A,N/A,N/A,N/A,N/A
339,1770537015645,Practice Sentence shown,HL_89_A,,,,N/A,N/A,N/A,N/A,N/A,N/A,N/A
339,1770537021149,Practice Sentence shown,HH_107_A,true,,,N/A,N/A,N/A,N/A,N/A,N/A,N/A
339,1770537026653,Practice Sentence shown,HL_41_A,,,,N/A,N/A,N/A,N/A,N/A,N/A,N/A
339,1770537032172,Practice Sentence shown,HL_102_A,,,,N/A,N/A,N/A,N/A,N/A,N/A,N/A
339,1770537037703,Practice Sentence shown,HH_101_A,true,,,N/A,N/A,N/A,N/A,N/A,N/A,N/A
339,1770537043233,Practice Sentence shown,HH_117_A,true,,,N/A,N/A,N/A,N/A,N/A,N/A,N/A
339,1770537048759,Practice Sentence shown,HH_127_A,true,,,N/A,N/A,N/A,N/A,N/A,N/A,N/A
339,1770537054271,Practice Sentence shown,HL_112_A,,,,N/A,N/A,N/A,N/A,N/A,N/A,N/A
339,1770537059792,Practice Sentence shown,HH_124_A,true,,,N/A,N/A,N/A,N/A,N/A,N/A,N/A
339,1770537065315,Practice Sentence shown,HL_81_A,,,,N/A,N/A,N/A,N/A,N/A,N/A,N/A
339,1770537068037,Practice IR pressed,HL_81_A,,,,Spacebar,0,N/A,2721,N/A,N/A,N/A
339,1770537072419,Practice Sentence shown,HH_107_A,true,,true,N/A,N/A,N/A,N/A,N/A,N/A,N/A
339,1770537074445,Practice IR pressed,HH_107_A,true,,true,Spacebar,1,N/A,2026,N/A,N/A,N/A
339,1770537083001,Practice WR pressed,HH_107_A,true,,true,No,N/A,0,N/A,8556,N/A,N/A
339,1770537087622,Practice Sentence shown,HH_117_A,true,,true,N/A,N/A,N/A,N/A,N/A,N/A,N/A
339,1770537089696,Practice IR pressed,HH_117_A,true,,true,Spacebar,1,N/A,2074,N/A,N/A,N/A
339,1770537090365,Practice WR pressed,HH_117_A,true,,true,Yes,N/A,1,N/A,669,N/A,N/A
339,1770537091874,Practice Sentence shown,HL_62_A,,,,N/A,N/A,N/A,N/A,N/A,N/A,N/A
339,1770537097395,Practice Sentence shown,HH_101_P,true,,true,N/A,N/A,N/A,N/A,N/A,N/A,N/A
339,1770537100501,Practice IR pressed,HH_101_P,true,,true,Spacebar,1,N/A,3106,N/A,N/A,N/A
339,1770537101730,Practice WR pressed,HH_101_P,true,,true,No,N/A,1,N/A,1229,N/A,N/A
339,1770537103232,Practice Sentence shown,HH_127_P,true,,true,N/A,N/A,N/A,N/A,N/A,N/A,N/A
339,1770537106258,Practice IR pressed,HH_127_P,true,,true,Spacebar,1,N/A,3026,N/A,N/A,N/A
339,1770537106704,Practice WR pressed,HH_127_P,true,,true,No,N/A,1,N/A,445,N/A,N/A
339,1770537108209,Practice Sentence shown,HL_67_A,,,,N/A,N/A,N/A,N/A,N/A,N/A,N/A
339,1770537113729,Practice Sentence shown,HH_124_P,true,,true,N/A,N/A,N/A,N/A,N/A,N/A,N/A
339,1770537116021,Practice IR pressed,HH_124_P,true,,true,Spacebar,1,N/A,2292,N/A,N/A,N/A
339,1770537117257,Practice WR pressed,HH_124_P,true,,true,No,N/A,1,N/A,1236,N/A,N/A
339,1770537118772,Practice Sentence shown,HL_11_A,,,,N/A,N/A,N/A,N/A,N/A,N/A,N/A
339,1770537150036,Sentence shown,HF_31_A,,,,N/A,N/A,N/A,N/A,N/A,N/A,N/A
339,1770537154047,gap_time,N/A,,,,GapTime_1147,N/A,N/A,N/A,N/A,N/A,N/A
339,1770537155197,Sentence shown,LVL_103_A,true,,,N/A,N/A,N/A,N/A,N/A,N/A,N/A
339,1770537159199,gap_time,N/A,true,,,GapTime_891,N/A,N/A,N/A,N/A,N/A,N/A
339,1770537160102,Sentence shown,HVL_151_P,true,,,N/A,N/A,N/A,N/A,N/A,N/A,N/A
339,1770537164104,gap_time,N/A,true,,,GapTime_1056,N/A,N/A,N/A,N/A,N/A,N/A
339,1770537165167,Sentence shown,LVL_112_P,true,,,N/A,N/A,N/A,N/A,N/A,N/A,N/A
339,1770537169178,gap_time,N/A,true,,,GapTime_1226,N/A,N/A,N/A,N/A,N/A,N/A
339,1770537170413,Sentence shown,LVH_155_P,true,,,N/A,N/A,N/A,N/A,N/A,N/A,N/A
339,1770537174429,gap_time,N/A,true,,,GapTime_1285,N/A,N/A,N/A,N/A,N/A,N/A
339,1770537175731,Sentence shown,HF_1_A,,,,N/A,N/A,N/A,N/A,N/A,N/A,N/A
339,1770537179747,gap_time,N/A,,,,GapTime_883,N/A,N/A,N/A,N/A,N/A,N/A
339,1770537180639,Sentence shown,HF_9_A,,,,N/A,N/A,N/A,N/A,N/A,N/A,N/A
339,1770537184650,gap_time,N/A,,,,GapTime_1157,N/A,N/A,N/A,N/A,N/A,N/A
339,1770537185814,Sentence shown,HVL_151_P,true,,true,N/A,N/A,N/A,N/A,N/A,N/A,N/A
339,1770537187873,IR pressed,HVL_151_P,true,,true,Spacebar,1,N/A,2059,N/A,N/A,N/A
339,1770537190109,WR pressed,HVL_151_P,true,,true,No,N/A,0,N/A,2236,N/A,N/A
339,1770537190109,gap_time,N/A,true,,true,GapTime_1052,N/A,N/A,N/A,N/A,N/A,N/A
339,1770537191167,Sentence shown,HF_9_A,,true,true,N/A,N/A,N/A,N/A,N/A,N/A,N/A
339,1770537193270,Validation IR pressed,HF_9_A,,true,true,Spacebar,1,N/A,2103,N/A,N/A,N/A
339,1770537193270,IR pressed,HF_9_A,,true,true,Spacebar,1,N/A,2103,N/A,N/A,N/A
339,1770537193935,WR pressed,HF_9_A,,true,true,Yes,N/A,N/A,N/A,665,N/A,N/A
339,1770537193935,gap_time,N/A,,true,true,GapTime_1024,N/A,N/A,N/A,N/A,N/A,N/A
339,1770537194963,Sentence shown,HF_1_A,,true,true,N/A,N/A,N/A,N/A,N/A,N/A,N/A
339,1770537196605,Validation IR pressed,HF_1_A,,true,true,Spacebar,1,N/A,1642,N/A,N/A,N/A
339,1770537196605,IR pressed,HF_1_A,,true,true,Spacebar,1,N/A,1642,N/A,N/A,N/A
339,1770537201609,WR pressed,HF_1_A,,true,true,Yes,N/A,N/A,N/A,5004,N/A,N/A
339,1770537201609,gap_time,N/A,,true,true,GapTime_985,N/A,N/A,N/A,N/A,N/A,N/A
339,1770537202607,Sentence shown,HF_23_A,,,,N/A,N/A,N/A,N/A,N/A,N/A,N/A
339,1770537206621,gap_time,N/A,,,,GapTime_795,N/A,N/A,N/A,N/A,N/A,N/A
339,1770537207422,Sentence shown,LVL_112_P,true,,true,N/A,N/A,N/A,N/A,N/A,N/A,N/A
339,1770537208607,IR pressed,LVL_112_P,true,,true,Spacebar,1,N/A,1185,N/A,N/A,N/A
339,1770537209837,WR pressed,LVL_112_P,true,,true,Yes,N/A,1,N/A,1229,N/A,N/A
339,1770537209837,gap_time,N/A,true,,true,GapTime_1191,N/A,N/A,N/A,N/A,N/A,N/A
339,1770537211038,Sentence shown,HF_26_A,,,,N/A,N/A,N/A,N/A,N/A,N/A,N/A
339,1770537215047,gap_time,N/A,,,,GapTime_1137,N/A,N/A,N/A,N/A,N/A,N/A
339,1770537216192,Sentence shown,LVL_103_P,true,,true,N/A,N/A,N/A,N/A,N/A,N/A,N/A
339,1770537217635,IR pressed,LVL_103_P,true,,true,Spacebar,1,N/A,1443,N/A,N/A,N/A
339,1770537218484,WR pressed,LVL_103_P,true,,true,Yes,N/A,0,N/A,849,N/A,N/A
339,1770537218484,gap_time,N/A,true,,true,GapTime_989,N/A,N/A,N/A,N/A,N/A,N/A
339,1770537219483,Sentence shown,HF_2_A,,,,N/A,N/A,N/A,N/A,N/A,N/A,N/A
339,1770537223496,gap_time,N/A,,,,GapTime_875,N/A,N/A,N/A,N/A,N/A,N/A
339,1770537224387,Sentence shown,HF_21_A,,,,N/A,N/A,N/A,N/A,N/A,N/A,N/A
339,1770537228392,gap_time,N/A,,,,GapTime_864,N/A,N/A,N/A,N/A,N/A,N/A
339,1770537229270,Sentence shown,HF_12_A,,,,N/A,N/A,N/A,N/A,N/A,N/A,N/A
339,1770537231844,Validation Wrong IR pressed,HF_12_A,,,,Spacebar,0,N/A,2574,N/A,N/A,N/A
339,1770537231844,IR pressed,HF_12_A,,,,Spacebar,0,N/A,2574,N/A,N/A,N/A
339,1770537235899,WR pressed,HF_12_A,,,,No,N/A,N/A,N/A,4055,N/A,N/A
339,1770537235899,gap_time,N/A,,,,GapTime_1061,N/A,N/A,N/A,N/A,N/A,N/A
339,1770537236967,Sentence shown,HF_21_A,,true,true,N/A,N/A,N/A,N/A,N/A,N/A,N/A
339,1770537238824,Validation IR pressed,HF_21_A,,true,true,Spacebar,1,N/A,1857,N/A,N/A,N/A
339,1770537238824,IR pressed,HF_21_A,,true,true,Spacebar,1,N/A,1857,N/A,N/A,N/A
339,1770537239973,WR pressed,HF_21_A,,true,true,Yes,N/A,N/A,N/A,1149,N/A,N/A
339,1770537239973,gap_time,N/A,,true,true,GapTime_1116,N/A,N/A,N/A,N/A,N/A,N/A
339,1770537241095,Sentence shown,LVH_155_A,true,,true,N/A,N/A,N/A,N/A,N/A,N/A,N/A
339,1770537245112,gap_time,N/A,true,,true,GapTime_1189,N/A,N/A,N/A,N/A,N/A,N/A
339,1770537246317,Sentence shown,HF_12_A,,true,true,N/A,N/A,N/A,N/A,N/A,N/A,N/A
339,1770537248175,Validation IR pressed,HF_12_A,,true,true,Spacebar,1,N/A,1857,N/A,N/A,N/A
339,1770537248175,IR pressed,HF_12_A,,true,true,Spacebar,1,N/A,1857,N/A,N/A,N/A
339,1770537249216,WR pressed,HF_12_A,,true,true,Yes,N/A,N/A,N/A,1041,N/A,N/A
339,1770537249216,gap_time,N/A,,true,true,GapTime_980,N/A,N/A,N/A,N/A,N/A,N/A
339,1770537250207,Sentence shown,LVH_121_A,true,,,N/A,N/A,N/A,N/A,N/A,N/A,N/A
339,1770537254223,gap_time,N/A,true,,,GapTime_856,N/A,N/A,N/A,N/A,N/A,N/A
339,1770537255089,Sentence shown,HH_143_P,true,,,N/A,N/A,N/A,N/A,N/A,N/A,N/A
339,1770537259095,gap_time,N/A,true,,,GapTime_926,N/A,N/A,N/A,N/A,N/A,N/A
339,1770537260031,Sentence shown,HF_16_A,,,,N/A,N/A,N/A,N/A,N/A,N/A,N/A
339,1770537261846,Validation Wrong IR pressed,HF_16_A,,,,Spacebar,0,N/A,1815,N/A,N/A,N/A
339,1770537261846,IR pressed,HF_16_A,,,,Spacebar,0,N/A,1815,N/A,N/A,N/A
339,1770537265313,WR pressed,HF_16_A,,,,No,N/A,N/A,N/A,3467,N/A,N/A
339,1770537265313,gap_time,N/A,,,,GapTime_772,N/A,N/A,N/A,N/A,N/A,N/A
339,1770537266101,Sentence shown,LVL_127_A,true,,,N/A,N/A,N/A,N/A,N/A,N/A,N/A
339,1770537270115,gap_time,N/A,true,,,GapTime_1089,N/A,N/A,N/A,N/A,N/A,N/A
339,1770537271213,Sentence shown,HF_19_A,,,,N/A,N/A,N/A,N/A,N/A,N/A,N/A
339,1770537275216,gap_time,N/A,,,,GapTime_1116,N/A,N/A,N/A,N/A,N/A,N/A
339,1770537276348,Sentence shown,LVH_121_A,true,,true,N/A,N/A,N/A,N/A,N/A,N/A,N/A
339,1770537278461,IR pressed,LVH_121_A,true,,true,Spacebar,1,N/A,2113,N/A,N/A,N/A
339,1770537281529,WR pressed,LVH_121_A,true,,true,No,N/A,0,N/A,3068,N/A,N/A
339,1770537281529,gap_time,N/A,true,,true,GapTime_916,N/A,N/A,N/A,N/A,N/A,N/A
339,1770537282461,Sentence shown,HH_146_A,true,,,N/A,N/A,N/A,N/A,N/A,N/A,N/A
339,1770537286465,gap_time,N/A,true,,,GapTime_815,N/A,N/A,N/A,N/A,N/A,N/A
339,1770537287293,Sentence shown,HVL_114_A,true,,,N/A,N/A,N/A,N/A,N/A,N/A,N/A
339,1770537291297,gap_time,N/A,true,,,GapTime_1047,N/A,N/A,N/A,N/A,N/A,N/A
339,1770537292360,Sentence shown,HF_7_A,,,,N/A,N/A,N/A,N/A,N/A,N/A,N/A
339,1770537296367,gap_time,N/A,,,,GapTime_1033,N/A,N/A,N/A,N/A,N/A,N/A
339,1770537297409,Sentence shown,HF_29_A,,,,N/A,N/A,N/A,N/A,N/A,N/A,N/A
339,1770537299446,Validation Wrong IR pressed,HF_29_A,,,,Spacebar,0,N/A,2037,N/A,N/A,N/A
339,1770537299446,IR pressed,HF_29_A,,,,Spacebar,0,N/A,2037,N/A,N/A,N/A
339,1770537300023,WR pressed,HF_29_A,,,,No,N/A,N/A,N/A,577,N/A,N/A
339,1770537300024,gap_time,N/A,,,,GapTime_893,N/A,N/A,N/A,N/A,N/A,N/A
339,1770537300933,Sentence shown,HF_7_A,,true,true,N/A,N/A,N/A,N/A,N/A,N/A,N/A
339,1770537302479,Validation IR pressed,HF_7_A,,true,true,Spacebar,1,N/A,1546,N/A,N/A,N/A
339,1770537302479,IR pressed,HF_7_A,,true,true,Spacebar,1,N/A,1546,N/A,N/A,N/A
339,1770537302973,WR pressed,HF_7_A,,true,true,Yes,N/A,N/A,N/A,494,N/A,N/A
339,1770537302974,gap_time,N/A,,true,true,GapTime_781,N/A,N/A,N/A,N/A,N/A,N/A
339,1770537303770,Sentence shown,HF_29_A,,true,true,N/A,N/A,N/A,N/A,N/A,N/A,N/A
339,1770537305577,Validation IR pressed,HF_29_A,,true,true,Spacebar,1,N/A,1807,N/A,N/A,N/A
339,1770537305577,IR pressed,HF_29_A,,true,true,Spacebar,1,N/A,1807,N/A,N/A,N/A
339,1770537306249,WR pressed,HF_29_A,,true,true,Yes,N/A,N/A,N/A,672,N/A,N/A
339,1770537306249,gap_time,N/A,,true,true,GapTime_1233,N/A,N/A,N/A,N/A,N/A,N/A
339,1770537307492,Sentence shown,HH_143_A,true,,true,N/A,N/A,N/A,N/A,N/A,N/A,N/A
339,1770537309580,IR pressed,HH_143_A,true,,true,Spacebar,1,N/A,2088,N/A,N/A,N/A
339,1770537312294,WR pressed,HH_143_A,true,,true,No,N/A,1,N/A,2714,N/A,N/A
339,1770537312295,gap_time,N/A,true,,true,GapTime_979,N/A,N/A,N/A,N/A,N/A,N/A
339,1770537313285,Sentence shown,HF_33_A,,,,N/A,N/A,N/A,N/A,N/A,N/A,N/A
339,1770537317300,gap_time,N/A,,,,GapTime_891,N/A,N/A,N/A,N/A,N/A,N/A
339,1770537318203,Sentence shown,HF_22_A,,,,N/A,N/A,N/A,N/A,N/A,N/A,N/A
339,1770537322207,gap_time,N/A,,,,GapTime_1228,N/A,N/A,N/A,N/A,N/A,N/A
339,1770537323451,Sentence shown,LVL_127_A,true,,true,N/A,N/A,N/A,N/A,N/A,N/A,N/A
339,1770537324454,IR pressed,LVL_127_A,true,,true,Spacebar,1,N/A,1003,N/A,N/A,N/A
339,1770537327802,WR pressed,LVL_127_A,true,,true,No,N/A,0,N/A,3348,N/A,N/A
339,1770537327803,gap_time,N/A,true,,true,GapTime_1130,N/A,N/A,N/A,N/A,N/A,N/A
339,1770537328935,Sentence shown,HF_33_A,,true,true,N/A,N/A,N/A,N/A,N/A,N/A,N/A
339,1770537330352,Validation IR pressed,HF_33_A,,true,true,Spacebar,1,N/A,1417,N/A,N/A,N/A
339,1770537330352,IR pressed,HF_33_A,,true,true,Spacebar,1,N/A,1417,N/A,N/A,N/A
339,1770537330924,WR pressed,HF_33_A,,true,true,Yes,N/A,N/A,N/A,572,N/A,N/A
339,1770537330924,gap_time,N/A,,true,true,GapTime_1007,N/A,N/A,N/A,N/A,N/A,N/A
339,1770537331937,Sentence shown,LVL_139_P,true,,,N/A,N/A,N/A,N/A,N/A,N/A,N/A
339,1770537335942,gap_time,N/A,true,,,GapTime_1053,N/A,N/A,N/A,N/A,N/A,N/A
339,1770537337001,Sentence shown,HF_11_A,,,,N/A,N/A,N/A,N/A,N/A,N/A,N/A
339,1770537338251,Validation Wrong IR pressed,HF_11_A,,,,Spacebar,0,N/A,1250,N/A,N/A,N/A
339,1770537338251,IR pressed,HF_11_A,,,,Spacebar,0,N/A,1250,N/A,N/A,N/A
339,1770537339544,WR pressed,HF_11_A,,,,Yes,N/A,N/A,N/A,1293,N/A,N/A
339,1770537339545,gap_time,N/A,,,,GapTime_988,N/A,N/A,N/A,N/A,N/A,N/A
339,1770537340549,Sentence shown,HVL_114_A,true,,true,N/A,N/A,N/A,N/A,N/A,N/A,N/A
339,1770537342355,IR pressed,HVL_114_A,true,,true,Spacebar,1,N/A,1806,N/A,N/A,N/A
339,1770537342689,WR pressed,HVL_114_A,true,,true,Yes,N/A,1,N/A,334,N/A,N/A
339,1770537342689,gap_time,N/A,true,,true,GapTime_911,N/A,N/A,N/A,N/A,N/A,N/A
339,1770537343605,Sentence shown,HH_146_A,true,,true,N/A,N/A,N/A,N/A,N/A,N/A,N/A
339,1770537345826,IR pressed,HH_146_A,true,,true,Spacebar,1,N/A,2221,N/A,N/A,N/A
339,1770537347030,WR pressed,HH_146_A,true,,true,Yes,N/A,1,N/A,1204,N/A,N/A
339,1770537347031,gap_time,N/A,true,,true,GapTime_898,N/A,N/A,N/A,N/A,N/A,N/A
339,1770537347941,Sentence shown,HF_14_A,,,,N/A,N/A,N/A,N/A,N/A,N/A,N/A
339,1770537351947,gap_time,N/A,,,,GapTime_1225,N/A,N/A,N/A,N/A,N/A,N/A
339,1770537353185,Sentence shown,HH_172_P,true,,,N/A,N/A,N/A,N/A,N/A,N/A,N/A
339,1770537357191,gap_time,N/A,true,,,GapTime_1049,N/A,N/A,N/A,N/A,N/A,N/A
339,1770537358254,Sentence shown,HF_6_A,,,,N/A,N/A,N/A,N/A,N/A,N/A,N/A
339,1770537362258,gap_time,N/A,,,,GapTime_955,N/A,N/A,N/A,N/A,N/A,N/A
339,1770537363230,Sentence shown,HF_8_A,,,,N/A,N/A,N/A,N/A,N/A,N/A,N/A
339,1770537367235,gap_time,N/A,,,,GapTime_1238,N/A,N/A,N/A,N/A,N/A,N/A
339,1770537368475,Sentence shown,HF_6_A,,true,true,N/A,N/A,N/A,N/A,N/A,N/A,N/A
339,1770537369773,Validation IR pressed,HF_6_A,,true,true,Spacebar,1,N/A,1298,N/A,N/A,N/A
339,1770537369773,IR pressed,HF_6_A,,true,true,Spacebar,1,N/A,1298,N/A,N/A,N/A
339,1770537370940,WR pressed,HF_6_A,,true,true,Yes,N/A,N/A,N/A,1167,N/A,N/A
339,1770537370940,gap_time,N/A,,true,true,GapTime_805,N/A,N/A,N/A,N/A,N/A,N/A
339,1770537371761,Sentence shown,HF_24_A,,,,N/A,N/A,N/A,N/A,N/A,N/A,N/A
339,1770537375774,gap_time,N/A,,,,GapTime_1081,N/A,N/A,N/A,N/A,N/A,N/A
339,1770537376866,Sentence shown,HF_24_A,,true,true,N/A,N/A,N/A,N/A,N/A,N/A,N/A
339,1770537378107,Validation IR pressed,HF_24_A,,true,true,Spacebar,1,N/A,1241,N/A,N/A,N/A
339,1770537378107,IR pressed,HF_24_A,,true,true,Spacebar,1,N/A,1241,N/A,N/A,N/A
339,1770537378398,WR pressed,HF_24_A,,true,true,Yes,N/A,N/A,N/A,291,N/A,N/A
339,1770537378398,gap_time,N/A,,true,true,GapTime_1121,N/A,N/A,N/A,N/A,N/A,N/A
339,1770537379525,Sentence shown,HF_32_A,,,,N/A,N/A,N/A,N/A,N/A,N/A,N/A
339,1770537383529,gap_time,N/A,,,,GapTime_935,N/A,N/A,N/A,N/A,N/A,N/A
339,1770537384477,Sentence shown,LVL_139_A,true,,true,N/A,N/A,N/A,N/A,N/A,N/A,N/A
339,1770537386443,IR pressed,LVL_139_A,true,,true,Spacebar,1,N/A,1966,N/A,N/A,N/A
339,1770537388045,WR pressed,LVL_139_A,true,,true,No,N/A,1,N/A,1602,N/A,N/A
339,1770537388046,gap_time,N/A,true,,true,GapTime_834,N/A,N/A,N/A,N/A,N/A,N/A
339,1770537388891,Sentence shown,HF_13_A,,,,N/A,N/A,N/A,N/A,N/A,N/A,N/A
339,1770537392897,gap_time,N/A,,,,GapTime_888,N/A,N/A,N/A,N/A,N/A,N/A
339,1770537393789,Sentence shown,HF_5_A,,,,N/A,N/A,N/A,N/A,N/A,N/A,N/A
339,1770537396550,Validation Wrong IR pressed,HF_5_A,,,,Spacebar,0,N/A,2761,N/A,N/A,N/A
339,1770537396550,IR pressed,HF_5_A,,,,Spacebar,0,N/A,2761,N/A,N/A,N/A
339,1770537397736,WR pressed,HF_5_A,,,,No,N/A,N/A,N/A,1186,N/A,N/A
339,1770537397737,gap_time,N/A,,,,GapTime_854,N/A,N/A,N/A,N/A,N/A,N/A
339,1770537398605,Sentence shown,HH_172_P,true,,true,N/A,N/A,N/A,N/A,N/A,N/A,N/A
339,1770537401398,IR pressed,HH_172_P,true,,true,Spacebar,1,N/A,2793,N/A,N/A,N/A
339,1770537402487,WR pressed,HH_172_P,true,,true,Yes,N/A,1,N/A,1089,N/A,N/A
339,1770537402487,gap_time,N/A,true,,true,GapTime_1260,N/A,N/A,N/A,N/A,N/A,N/A
339,1770537403749,Sentence shown,HF_20_A,,,,N/A,N/A,N/A,N/A,N/A,N/A,N/A
339,1770537406562,Validation Wrong IR pressed,HF_20_A,,,,Spacebar,0,N/A,2813,N/A,N/A,N/A
339,1770537406562,IR pressed,HF_20_A,,,,Spacebar,0,N/A,2813,N/A,N/A,N/A
339,1770537407285,WR pressed,HF_20_A,,,,No,N/A,N/A,N/A,723,N/A,N/A
339,1770537407285,gap_time,N/A,,,,GapTime_1034,N/A,N/A,N/A,N/A,N/A,N/A
339,1770537408332,Sentence shown,HF_30_A,,,,N/A,N/A,N/A,N/A,N/A,N/A,N/A
339,1770537411033,Validation Wrong IR pressed,HF_30_A,,,,Spacebar,0,N/A,2701,N/A,N/A,N/A
339,1770537411033,IR pressed,HF_30_A,,,,Spacebar,0,N/A,2701,N/A,N/A,N/A
339,1770537415338,WR pressed,HF_30_A,,,,Yes,N/A,N/A,N/A,4305,N/A,N/A
339,1770537415338,gap_time,N/A,,,,GapTime_776,N/A,N/A,N/A,N/A,N/A,N/A
339,1770537416119,Sentence shown,HVL_112_P,true,,,N/A,N/A,N/A,N/A,N/A,N/A,N/A
339,1770537420122,gap_time,N/A,true,,,GapTime_1076,N/A,N/A,N/A,N/A,N/A,N/A
339,1770537421202,Sentence shown,LVH_138_P,true,,,N/A,N/A,N/A,N/A,N/A,N/A,N/A
339,1770537425203,gap_time,N/A,true,,,GapTime_729,N/A,N/A,N/A,N/A,N/A,N/A
339,1770537425938,Sentence shown,HF_27_A,,,,N/A,N/A,N/A,N/A,N/A,N/A,N/A
339,1770537427702,Validation Wrong IR pressed,HF_27_A,,,,Spacebar,0,N/A,1764,N/A,N/A,N/A
339,1770537427702,IR pressed,HF_27_A,,,,Spacebar,0,N/A,1764,N/A,N/A,N/A
339,1770537430660,WR pressed,HF_27_A,,,,No,N/A,N/A,N/A,2958,N/A,N/A
339,1770537430661,gap_time,N/A,,,,GapTime_1148,N/A,N/A,N/A,N/A,N/A,N/A
339,1770537431821,Sentence shown,HVL_131_A,true,,,N/A,N/A,N/A,N/A,N/A,N/A,N/A
339,1770537435825,gap_time,N/A,true,,,GapTime_1060,N/A,N/A,N/A,N/A,N/A,N/A
339,1770537436891,Sentence shown,HF_10_A,,,,N/A,N/A,N/A,N/A,N/A,N/A,N/A
339,1770537440003,Validation Wrong IR pressed,HF_10_A,,,,Spacebar,0,N/A,3112,N/A,N/A,N/A
339,1770537440003,IR pressed,HF_10_A,,,,Spacebar,0,N/A,3112,N/A,N/A,N/A
339,1770537440449,WR pressed,HF_10_A,,,,No,N/A,N/A,N/A,446,N/A,N/A
339,1770537440450,gap_time,N/A,,,,GapTime_1139,N/A,N/A,N/A,N/A,N/A,N/A
339,1770537441603,Sentence shown,HH_150_A,true,,,N/A,N/A,N/A,N/A,N/A,N/A,N/A
339,1770537445617,gap_time,N/A,true,,,GapTime_1080,N/A,N/A,N/A,N/A,N/A,N/A
339,1770537446714,Sentence shown,HF_18_A,,,,N/A,N/A,N/A,N/A,N/A,N/A,N/A
339,1770537450717,gap_time,N/A,,,,GapTime_896,N/A,N/A,N/A,N/A,N/A,N/A
339,1770537451628,Sentence shown,LVH_138_P,true,,true,N/A,N/A,N/A,N/A,N/A,N/A,N/A
339,1770537453024,IR pressed,LVH_138_P,true,,true,Spacebar,1,N/A,1396,N/A,N/A,N/A
339,1770537455605,WR pressed,LVH_138_P,true,,true,No,N/A,0,N/A,2581,N/A,N/A
339,1770537455605,gap_time,N/A,true,,true,GapTime_1278,N/A,N/A,N/A,N/A,N/A,N/A
339,1770537456891,Sentence shown,HF_4_A,,,,N/A,N/A,N/A,N/A,N/A,N/A,N/A
339,1770537458685,Validation Wrong IR pressed,HF_4_A,,,,Spacebar,0,N/A,1794,N/A,N/A,N/A
339,1770537458685,IR pressed,HF_4_A,,,,Spacebar,0,N/A,1794,N/A,N/A,N/A
339,1770537459626,WR pressed,HF_4_A,,,,No,N/A,N/A,N/A,941,N/A,N/A
339,1770537459626,gap_time,N/A,,,,GapTime_1167,N/A,N/A,N/A,N/A,N/A,N/A
339,1770537460810,Sentence shown,HVL_112_A,true,,true,N/A,N/A,N/A,N/A,N/A,N/A,N/A
339,1770537463072,IR pressed,HVL_112_A,true,,true,Spacebar,1,N/A,2262,N/A,N/A,N/A
339,1770537464406,WR pressed,HVL_112_A,true,,true,No,N/A,1,N/A,1334,N/A,N/A
339,1770537464406,gap_time,N/A,true,,true,GapTime_1061,N/A,N/A,N/A,N/A,N/A,N/A
339,1770537465470,Sentence shown,HVL_131_P,true,,true,N/A,N/A,N/A,N/A,N/A,N/A,N/A
339,1770537467437,IR pressed,HVL_131_P,true,,true,Spacebar,1,N/A,1967,N/A,N/A,N/A
339,1770537468140,WR pressed,HVL_131_P,true,,true,No,N/A,1,N/A,703,N/A,N/A
339,1770537468141,gap_time,N/A,true,,true,GapTime_1294,N/A,N/A,N/A,N/A,N/A,N/A
339,1770537469444,Sentence shown,LVH_119_A,true,,,N/A,N/A,N/A,N/A,N/A,N/A,N/A
339,1770537473458,gap_time,N/A,true,,,GapTime_806,N/A,N/A,N/A,N/A,N/A,N/A
339,1770537474272,Sentence shown,HF_28_A,,,,N/A,N/A,N/A,N/A,N/A,N/A,N/A
339,1770537478287,gap_time,N/A,,,,GapTime_709,N/A,N/A,N/A,N/A,N/A,N/A
339,1770537479005,Sentence shown,HF_15_A,,,,N/A,N/A,N/A,N/A,N/A,N/A,N/A
339,1770537483012,gap_time,N/A,,,,GapTime_830,N/A,N/A,N/A,N/A,N/A,N/A
339,1770537483852,Sentence shown,HF_17_A,,,,N/A,N/A,N/A,N/A,N/A,N/A,N/A
339,1770537485526,Validation Wrong IR pressed,HF_17_A,,,,Spacebar,0,N/A,1674,N/A,N/A,N/A
339,1770537485526,IR pressed,HF_17_A,,,,Spacebar,0,N/A,1674,N/A,N/A,N/A
339,1770537487087,WR pressed,HF_17_A,,,,No,N/A,N/A,N/A,1561,N/A,N/A
339,1770537487087,gap_time,N/A,,,,GapTime_716,N/A,N/A,N/A,N/A,N/A,N/A
339,1770537487817,Sentence shown,HF_28_A,,true,true,N/A,N/A,N/A,N/A,N/A,N/A,N/A
339,1770537488989,Validation IR pressed,HF_28_A,,true,true,Spacebar,1,N/A,1172,N/A,N/A,N/A
339,1770537488989,IR pressed,HF_28_A,,true,true,Spacebar,1,N/A,1172,N/A,N/A,N/A
339,1770537489927,WR pressed,HF_28_A,,true,true,Yes,N/A,N/A,N/A,938,N/A,N/A
339,1770537489927,gap_time,N/A,,true,true,GapTime_748,N/A,N/A,N/A,N/A,N/A,N/A
339,1770537490691,Sentence shown,HH_150_P,true,,true,N/A,N/A,N/A,N/A,N/A,N/A,N/A
339,1770537492480,IR pressed,HH_150_P,true,,true,Spacebar,1,N/A,1789,N/A,N/A,N/A
339,1770537496829,WR pressed,HH_150_P,true,,true,No,N/A,1,N/A,4349,N/A,N/A
339,1770537496830,gap_time,N/A,true,,true,GapTime_1226,N/A,N/A,N/A,N/A,N/A,N/A
339,1770537498070,Sentence shown,LVH_119_P,true,,true,N/A,N/A,N/A,N/A,N/A,N/A,N/A
339,1770537499692,IR pressed,LVH_119_P,true,,true,Spacebar,1,N/A,1622,N/A,N/A,N/A
339,1770537502960,WR pressed,LVH_119_P,true,,true,No,N/A,1,N/A,3268,N/A,N/A
339,1770537502961,gap_time,N/A,true,,true,GapTime_809,N/A,N/A,N/A,N/A,N/A,N/A
339,1770537503783,Sentence shown,HF_25_A,,,,N/A,N/A,N/A,N/A,N/A,N/A,N/A
339,1770537506029,Validation Wrong IR pressed,HF_25_A,,,,Spacebar,0,N/A,2246,N/A,N/A,N/A
339,1770537506029,IR pressed,HF_25_A,,,,Spacebar,0,N/A,2246,N/A,N/A,N/A
339,1770537511230,WR pressed,HF_25_A,,,,No,N/A,N/A,N/A,5201,N/A,N/A
339,1770537511230,gap_time,N/A,,,,GapTime_897,N/A,N/A,N/A,N/A,N/A,N/A
339,1770537512137,Rest Phase started,N/A,,,,Rest,N/A,N/A,N/A,N/A,N/A,N/A
339,1770537566686,Sentence shown,HF_61_A,,,,N/A,N/A,N/A,N/A,N/A,N/A,N/A
339,1770537570701,gap_time,N/A,,,,GapTime_1063,N/A,N/A,N/A,N/A,N/A,N/A
339,1770537571765,Sentence shown,HF_46_A,,,,N/A,N/A,N/A,N/A,N/A,N/A,N/A
339,1770537575780,gap_time,N/A,,,,GapTime_774,N/A,N/A,N/A,N/A,N/A,N/A
339,1770537576569,Sentence shown,HF_59_A,,,,N/A,N/A,N/A,N/A,N/A,N/A,N/A
339,1770537580571,gap_time,N/A,,,,GapTime_973,N/A,N/A,N/A,N/A,N/A,N/A
339,1770537581558,Sentence shown,HF_37_A,,,,N/A,N/A,N/A,N/A,N/A,N/A,N/A
339,1770537585569,gap_time,N/A,,,,GapTime_943,N/A,N/A,N/A,N/A,N/A,N/A
339,1770537586526,Sentence shown,HF_46_A,,true,true,N/A,N/A,N/A,N/A,N/A,N/A,N/A
339,1770537587768,Validation IR pressed,HF_46_A,,true,true,Spacebar,1,N/A,1242,N/A,N/A,N/A
339,1770537587768,IR pressed,HF_46_A,,true,true,Spacebar,1,N/A,1242,N/A,N/A,N/A
339,1770537591149,WR pressed,HF_46_A,,true,true,Yes,N/A,N/A,N/A,3381,N/A,N/A
339,1770537591149,gap_time,N/A,,true,true,GapTime_938,N/A,N/A,N/A,N/A,N/A,N/A
339,1770537592101,Sentence shown,HF_59_A,,true,true,N/A,N/A,N/A,N/A,N/A,N/A,N/A
339,1770537593258,Validation IR pressed,HF_59_A,,true,true,Spacebar,1,N/A,1156,N/A,N/A,N/A
339,1770537593258,IR pressed,HF_59_A,,true,true,Spacebar,1,N/A,1156,N/A,N/A,N/A
339,1770537594578,WR pressed,HF_59_A,,true,true,Yes,N/A,N/A,N/A,1320,N/A,N/A
339,1770537594578,gap_time,N/A,,true,true,GapTime_826,N/A,N/A,N/A,N/A,N/A,N/A
339,1770537595416,Sentence shown,HF_37_A,,true,true,N/A,N/A,N/A,N/A,N/A,N/A,N/A
339,1770537596612,Validation IR pressed,HF_37_A,,true,true,Spacebar,1,N/A,1196,N/A,N/A,N/A
339,1770537596612,IR pressed,HF_37_A,,true,true,Spacebar,1,N/A,1196,N/A,N/A,N/A
339,1770537597009,WR pressed,HF_37_A,,true,true,Yes,N/A,N/A,N/A,397,N/A,N/A
339,1770537597009,gap_time,N/A,,true,true,GapTime_836,N/A,N/A,N/A,N/A,N/A,N/A
339,1770537597855,Sentence shown,HF_51_A,,,,N/A,N/A,N/A,N/A,N/A,N/A,N/A
339,1770537601856,gap_time,N/A,,,,GapTime_1201,N/A,N/A,N/A,N/A,N/A,N/A
339,1770537603072,Sentence shown,HF_65_A,,,,N/A,N/A,N/A,N/A,N/A,N/A,N/A
339,1770537607073,gap_time,N/A,,,,GapTime_1142,N/A,N/A,N/A,N/A,N/A,N/A
339,1770537608220,Sentence shown,HF_36_A,,,,N/A,N/A,N/A,N/A,N/A,N/A,N/A
339,1770537612233,gap_time,N/A,,,,GapTime_1168,N/A,N/A,N/A,N/A,N/A,N/A
339,1770537613411,Sentence shown,HVL_136_A,true,,,N/A,N/A,N/A,N/A,N/A,N/A,N/A
339,1770537617420,gap_time,N/A,true,,,GapTime_700,N/A,N/A,N/A,N/A,N/A,N/A
339,1770537618129,Sentence shown,HF_65_A,,true,true,N/A,N/A,N/A,N/A,N/A,N/A,N/A
339,1770537619807,Validation IR pressed,HF_65_A,,true,true,Spacebar,1,N/A,1678,N/A,N/A,N/A
339,1770537619807,IR pressed,HF_65_A,,true,true,Spacebar,1,N/A,1678,N/A,N/A,N/A
339,1770537624041,WR pressed,HF_65_A,,true,true,Yes,N/A,N/A,N/A,4234,N/A,N/A
339,1770537624041,gap_time,N/A,,true,true,GapTime_1189,N/A,N/A,N/A,N/A,N/A,N/A
339,1770537625237,Sentence shown,HH_166_P,true,,,N/A,N/A,N/A,N/A,N/A,N/A,N/A
339,1770537629135,Validation Wrong IR pressed,HH_166_P,true,,,Spacebar,0,N/A,3898,N/A,N/A,N/A
339,1770537629135,IR pressed,HH_166_P,true,,,Spacebar,0,N/A,3898,N/A,N/A,N/A
339,1770537630564,WR pressed,HH_166_P,true,,,No,N/A,0,N/A,1429,N/A,N/A
339,1770537630564,gap_time,N/A,true,,,GapTime_1084,N/A,N/A,N/A,N/A,N/A,N/A
339,1770537631653,Sentence shown,HF_45_A,,,,N/A,N/A,N/A,N/A,N/A,N/A,N/A
339,1770537635665,gap_time,N/A,,,,GapTime_1129,N/A,N/A,N/A,N/A,N/A,N/A
339,1770537636809,Sentence shown,HF_54_A,,,,N/A,N/A,N/A,N/A,N/A,N/A,N/A
339,1770537640811,gap_time,N/A,,,,GapTime_1018,N/A,N/A,N/A,N/A,N/A,N/A
339,1770537641837,Sentence shown,HF_54_A,,true,true,N/A,N/A,N/A,N/A,N/A,N/A,N/A
339,1770537643260,Validation IR pressed,HF_54_A,,true,true,Spacebar,1,N/A,1423,N/A,N/A,N/A
339,1770537643260,IR pressed,HF_54_A,,true,true,Spacebar,1,N/A,1423,N/A,N/A,N/A
339,1770537644275,WR pressed,HF_54_A,,true,true,Yes,N/A,N/A,N/A,1015,N/A,N/A
339,1770537644276,gap_time,N/A,,true,true,GapTime_822,N/A,N/A,N/A,N/A,N/A,N/A
339,1770537645109,Sentence shown,HF_44_A,,,,N/A,N/A,N/A,N/A,N/A,N/A,N/A
339,1770537648060,Validation Wrong IR pressed,HF_44_A,,,,Spacebar,0,N/A,2951,N/A,N/A,N/A
339,1770537648060,IR pressed,HF_44_A,,,,Spacebar,0,N/A,2951,N/A,N/A,N/A
339,1770537649316,WR pressed,HF_44_A,,,,No,N/A,N/A,N/A,1256,N/A,N/A
339,1770537649316,gap_time,N/A,,,,GapTime_1058,N/A,N/A,N/A,N/A,N/A,N/A
339,1770537650383,Sentence shown,HF_34_A,,,,N/A,N/A,N/A,N/A,N/A,N/A,N/A
339,1770537654389,gap_time,N/A,,,,GapTime_1290,N/A,N/A,N/A,N/A,N/A,N/A
339,1770537655694,Sentence shown,HH_162_A,true,,,N/A,N/A,N/A,N/A,N/A,N/A,N/A
339,1770537659706,gap_time,N/A,true,,,GapTime_1171,N/A,N/A,N/A,N/A,N/A,N/A
339,1770537660888,Sentence shown,HH_166_P,true,,true,N/A,N/A,N/A,N/A,N/A,N/A,N/A
339,1770537662357,IR pressed,HH_166_P,true,,true,Spacebar,1,N/A,1469,N/A,N/A,N/A
339,1770537663486,WR pressed,HH_166_P,true,,true,Yes,N/A,1,N/A,1129,N/A,N/A
339,1770537663486,gap_time,N/A,true,,true,GapTime_956,N/A,N/A,N/A,N/A,N/A,N/A
339,1770537664450,Sentence shown,HVL_136_P,true,,true,N/A,N/A,N/A,N/A,N/A,N/A,N/A
339,1770537666550,IR pressed,HVL_136_P,true,,true,Spacebar,1,N/A,2100,N/A,N/A,N/A
339,1770537667310,WR pressed,HVL_136_P,true,,true,Yes,N/A,0,N/A,760,N/A,N/A
339,1770537667310,gap_time,N/A,true,,true,GapTime_993,N/A,N/A,N/A,N/A,N/A,N/A
339,1770537668319,Sentence shown,HF_53_A,,,,N/A,N/A,N/A,N/A,N/A,N/A,N/A
339,1770537672322,gap_time,N/A,,,,GapTime_718,N/A,N/A,N/A,N/A,N/A,N/A
339,1770537673044,Sentence shown,HVL_120_P,true,,,N/A,N/A,N/A,N/A,N/A,N/A,N/A
339,1770537677048,gap_time,N/A,true,,,GapTime_1275,N/A,N/A,N/A,N/A,N/A,N/A
339,1770537678326,Sentence shown,HH_142_A,true,,,N/A,N/A,N/A,N/A,N/A,N/A,N/A
339,1770537682334,gap_time,N/A,true,,,GapTime_1153,N/A,N/A,N/A,N/A,N/A,N/A
339,1770537683489,Sentence shown,HF_50_A,,,,N/A,N/A,N/A,N/A,N/A,N/A,N/A
339,1770537686265,Validation Wrong IR pressed,HF_50_A,,,,Spacebar,0,N/A,2776,N/A,N/A,N/A
339,1770537686265,IR pressed,HF_50_A,,,,Spacebar,0,N/A,2776,N/A,N/A,N/A
339,1770537688252,WR pressed,HF_50_A,,,,No,N/A,N/A,N/A,1987,N/A,N/A
339,1770537688253,gap_time,N/A,,,,GapTime_1216,N/A,N/A,N/A,N/A,N/A,N/A
339,1770537689473,Sentence shown,HF_57_A,,,,N/A,N/A,N/A,N/A,N/A,N/A,N/A
339,1770537693476,gap_time,N/A,,,,GapTime_1219,N/A,N/A,N/A,N/A,N/A,N/A
339,1770537694701,Sentence shown,HH_162_P,true,,true,N/A,N/A,N/A,N/A,N/A,N/A,N/A
339,1770537696619,IR pressed,HH_162_P,true,,true,Spacebar,1,N/A,1917,N/A,N/A,N/A
339,1770537698420,WR pressed,HH_162_P,true,,true,No,N/A,1,N/A,1801,N/A,N/A
339,1770537698420,gap_time,N/A,true,,true,GapTime_910,N/A,N/A,N/A,N/A,N/A,N/A
339,1770537699345,Sentence shown,HF_35_A,,,,N/A,N/A,N/A,N/A,N/A,N/A,N/A
339,1770537701301,Validation Wrong IR pressed,HF_35_A,,,,Spacebar,0,N/A,1956,N/A,N/A,N/A
339,1770537701301,IR pressed,HF_35_A,,,,Spacebar,0,N/A,1956,N/A,N/A,N/A
339,1770537704852,WR pressed,HF_35_A,,,,No,N/A,N/A,N/A,3551,N/A,N/A
339,1770537704852,gap_time,N/A,,,,GapTime_980,N/A,N/A,N/A,N/A,N/A,N/A
339,1770537705848,Sentence shown,HH_170_P,true,,,N/A,N/A,N/A,N/A,N/A,N/A,N/A
339,1770537709864,gap_time,N/A,true,,,GapTime_736,N/A,N/A,N/A,N/A,N/A,N/A
339,1770537710607,Sentence shown,HF_47_A,,,,N/A,N/A,N/A,N/A,N/A,N/A,N/A
339,1770537712183,Validation Wrong IR pressed,HF_47_A,,,,Spacebar,0,N/A,1576,N/A,N/A,N/A
339,1770537712183,IR pressed,HF_47_A,,,,Spacebar,0,N/A,1576,N/A,N/A,N/A
339,1770537715770,WR pressed,HF_47_A,,,,No,N/A,N/A,N/A,3587,N/A,N/A
339,1770537715771,gap_time,N/A,,,,GapTime_1211,N/A,N/A,N/A,N/A,N/A,N/A
339,1770537716995,Sentence shown,LVL_117_P,true,,,N/A,N/A,N/A,N/A,N/A,N/A,N/A
339,1770537721006,gap_time,N/A,true,,,GapTime_963,N/A,N/A,N/A,N/A,N/A,N/A
339,1770537721978,Sentence shown,HVL_120_P,true,,true,N/A,N/A,N/A,N/A,N/A,N/A,N/A
339,1770537724000,IR pressed,HVL_120_P,true,,true,Spacebar,1,N/A,2022,N/A,N/A,N/A
339,1770537725021,WR pressed,HVL_120_P,true,,true,Yes,N/A,1,N/A,1021,N/A,N/A
339,1770537725022,gap_time,N/A,true,,true,GapTime_917,N/A,N/A,N/A,N/A,N/A,N/A
339,1770537725950,Sentence shown,HH_142_A,true,,true,N/A,N/A,N/A,N/A,N/A,N/A,N/A
339,1770537728409,IR pressed,HH_142_A,true,,true,Spacebar,1,N/A,2459,N/A,N/A,N/A
339,1770537730106,WR pressed,HH_142_A,true,,true,No,N/A,0,N/A,1697,N/A,N/A
339,1770537730106,gap_time,N/A,true,,true,GapTime_793,N/A,N/A,N/A,N/A,N/A,N/A
339,1770537730900,Sentence shown,HF_49_A,,,,N/A,N/A,N/A,N/A,N/A,N/A,N/A
339,1770537734794,Validation Wrong IR pressed,HF_49_A,,,,Spacebar,0,N/A,3894,N/A,N/A,N/A
339,1770537734794,IR pressed,HF_49_A,,,,Spacebar,0,N/A,3894,N/A,N/A,N/A
339,1770537735951,WR pressed,HF_49_A,,,,No,N/A,N/A,N/A,1157,N/A,N/A
339,1770537735951,gap_time,N/A,,,,GapTime_1123,N/A,N/A,N/A,N/A,N/A,N/A
339,1770537737076,Sentence shown,LVL_105_P,true,,,N/A,N/A,N/A,N/A,N/A,N/A,N/A
339,1770537741080,gap_time,N/A,true,,,GapTime_1237,N/A,N/A,N/A,N/A,N/A,N/A
339,1770537742331,Sentence shown,LVH_151_A,true,,,N/A,N/A,N/A,N/A,N/A,N/A,N/A
339,1770537746334,gap_time,N/A,true,,,GapTime_890,N/A,N/A,N/A,N/A,N/A,N/A
339,1770537747230,Sentence shown,HF_64_A,,,,N/A,N/A,N/A,N/A,N/A,N/A,N/A
339,1770537751245,gap_time,N/A,,,,GapTime_747,N/A,N/A,N/A,N/A,N/A,N/A
339,1770537752000,Sentence shown,HH_170_A,true,,true,N/A,N/A,N/A,N/A,N/A,N/A,N/A
339,1770537754079,IR pressed,HH_170_A,true,,true,Spacebar,1,N/A,2079,N/A,N/A,N/A
339,1770537756484,WR pressed,HH_170_A,true,,true,No,N/A,1,N/A,2405,N/A,N/A
339,1770537756484,gap_time,N/A,true,,true,GapTime_1090,N/A,N/A,N/A,N/A,N/A,N/A
339,1770537757584,Sentence shown,HF_43_A,,,,N/A,N/A,N/A,N/A,N/A,N/A,N/A
339,1770537761590,gap_time,N/A,,,,GapTime_1230,N/A,N/A,N/A,N/A,N/A,N/A
339,1770537762830,Sentence shown,HF_60_A,,,,N/A,N/A,N/A,N/A,N/A,N/A,N/A
339,1770537766844,gap_time,N/A,,,,GapTime_836,N/A,N/A,N/A,N/A,N/A,N/A
339,1770537767682,Sentence shown,HF_60_A,,true,true,N/A,N/A,N/A,N/A,N/A,N/A,N/A
339,1770537769098,Validation IR pressed,HF_60_A,,true,true,Spacebar,1,N/A,1416,N/A,N/A,N/A
339,1770537769098,IR pressed,HF_60_A,,true,true,Spacebar,1,N/A,1416,N/A,N/A,N/A
339,1770537769640,WR pressed,HF_60_A,,true,true,Yes,N/A,N/A,N/A,542,N/A,N/A
339,1770537769640,gap_time,N/A,,true,true,GapTime_805,N/A,N/A,N/A,N/A,N/A,N/A
339,1770537770447,Sentence shown,LVL_117_A,true,,true,N/A,N/A,N/A,N/A,N/A,N/A,N/A
339,1770537771944,IR pressed,LVL_117_A,true,,true,Spacebar,1,N/A,1497,N/A,N/A,N/A
339,1770537773190,WR pressed,LVL_117_A,true,,true,No,N/A,1,N/A,1246,N/A,N/A
339,1770537773190,gap_time,N/A,true,,true,GapTime_1159,N/A,N/A,N/A,N/A,N/A,N/A
339,1770537774360,Sentence shown,HF_43_A,,true,true,N/A,N/A,N/A,N/A,N/A,N/A,N/A
339,1770537775760,Validation IR pressed,HF_43_A,,true,true,Spacebar,1,N/A,1400,N/A,N/A,N/A
339,1770537775760,IR pressed,HF_43_A,,true,true,Spacebar,1,N/A,1400,N/A,N/A,N/A
339,1770537776554,WR pressed,HF_43_A,,true,true,Yes,N/A,N/A,N/A,794,N/A,N/A
339,1770537776554,gap_time,N/A,,true,true,GapTime_1068,N/A,N/A,N/A,N/A,N/A,N/A
339,1770537777630,Sentence shown,HF_56_A,,,,N/A,N/A,N/A,N/A,N/A,N/A,N/A
339,1770537779581,Validation Wrong IR pressed,HF_56_A,,,,Spacebar,0,N/A,1951,N/A,N/A,N/A
339,1770537779581,IR pressed,HF_56_A,,,,Spacebar,0,N/A,1951,N/A,N/A,N/A
339,1770537780066,WR pressed,HF_56_A,,,,No,N/A,N/A,N/A,485,N/A,N/A
339,1770537780067,gap_time,N/A,,,,GapTime_1092,N/A,N/A,N/A,N/A,N/A,N/A
339,1770537781171,Sentence shown,LVL_105_P,true,,true,N/A,N/A,N/A,N/A,N/A,N/A,N/A
339,1770537782920,IR pressed,LVL_105_P,true,,true,Spacebar,1,N/A,1749,N/A,N/A,N/A
339,1770537783895,WR pressed,LVL_105_P,true,,true,Yes,N/A,1,N/A,975,N/A,N/A
339,1770537783895,gap_time,N/A,true,,true,GapTime_805,N/A,N/A,N/A,N/A,N/A,N/A
339,1770537784716,Sentence shown,LVH_100_P,true,,,N/A,N/A,N/A,N/A,N/A,N/A,N/A
339,1770537788732,gap_time,N/A,true,,,GapTime_1180,N/A,N/A,N/A,N/A,N/A,N/A
339,1770537789913,Sentence shown,HF_56_A,,true,true,N/A,N/A,N/A,N/A,N/A,N/A,N/A
339,1770537790947,Validation IR pressed,HF_56_A,,true,true,Spacebar,1,N/A,1034,N/A,N/A,N/A
339,1770537790947,IR pressed,HF_56_A,,true,true,Spacebar,1,N/A,1034,N/A,N/A,N/A
339,1770537792207,WR pressed,HF_56_A,,true,true,Yes,N/A,N/A,N/A,1260,N/A,N/A
339,1770537792208,gap_time,N/A,,true,true,GapTime_1225,N/A,N/A,N/A,N/A,N/A,N/A
339,1770537793444,Sentence shown,LVL_125_A,true,,,N/A,N/A,N/A,N/A,N/A,N/A,N/A
339,1770537797458,gap_time,N/A,true,,,GapTime_1247,N/A,N/A,N/A,N/A,N/A,N/A
339,1770537798712,Sentence shown,LVH_151_A,true,,true,N/A,N/A,N/A,N/A,N/A,N/A,N/A
339,1770537799995,IR pressed,LVH_151_A,true,,true,Spacebar,1,N/A,1283,N/A,N/A,N/A
339,1770537802385,WR pressed,LVH_151_A,true,,true,No,N/A,0,N/A,2390,N/A,N/A
339,1770537802385,gap_time,N/A,true,,true,GapTime_1126,N/A,N/A,N/A,N/A,N/A,N/A
339,1770537803527,Sentence shown,HF_55_A,,,,N/A,N/A,N/A,N/A,N/A,N/A,N/A
339,1770537807540,gap_time,N/A,,,,GapTime_909,N/A,N/A,N/A,N/A,N/A,N/A
339,1770537808451,Sentence shown,HF_42_A,,,,N/A,N/A,N/A,N/A,N/A,N/A,N/A
339,1770537812462,gap_time,N/A,,,,GapTime_819,N/A,N/A,N/A,N/A,N/A,N/A
339,1770537813296,Sentence shown,LVH_168_A,true,,,N/A,N/A,N/A,N/A,N/A,N/A,N/A
339,1770537817306,gap_time,N/A,true,,,GapTime_789,N/A,N/A,N/A,N/A,N/A,N/A
339,1770537818110,Sentence shown,HF_38_A,,,,N/A,N/A,N/A,N/A,N/A,N/A,N/A
339,1770537820047,Validation Wrong IR pressed,HF_38_A,,,,Spacebar,0,N/A,1937,N/A,N/A,N/A
339,1770537820047,IR pressed,HF_38_A,,,,Spacebar,0,N/A,1937,N/A,N/A,N/A
339,1770537820326,WR pressed,HF_38_A,,,,No,N/A,N/A,N/A,279,N/A,N/A
339,1770537820326,gap_time,N/A,,,,GapTime_925,N/A,N/A,N/A,N/A,N/A,N/A
339,1770537821266,Sentence shown,LVL_125_P,true,,true,N/A,N/A,N/A,N/A,N/A,N/A,N/A
339,1770537823421,IR pressed,LVL_125_P,true,,true,Spacebar,1,N/A,2155,N/A,N/A,N/A
339,1770537824766,WR pressed,LVL_125_P,true,,true,No,N/A,1,N/A,1345,N/A,N/A
339,1770537824766,gap_time,N/A,true,,true,GapTime_1218,N/A,N/A,N/A,N/A,N/A,N/A
339,1770537825996,Sentence shown,HF_38_A,,true,true,N/A,N/A,N/A,N/A,N/A,N/A,N/A
339,1770537827322,Validation IR pressed,HF_38_A,,true,true,Spacebar,1,N/A,1326,N/A,N/A,N/A
339,1770537827322,IR pressed,HF_38_A,,true,true,Spacebar,1,N/A,1326,N/A,N/A,N/A
339,1770537827813,WR pressed,HF_38_A,,true,true,Yes,N/A,N/A,N/A,491,N/A,N/A
339,1770537827813,gap_time,N/A,,true,true,GapTime_1154,N/A,N/A,N/A,N/A,N/A,N/A
339,1770537828970,Sentence shown,LVH_100_P,true,,true,N/A,N/A,N/A,N/A,N/A,N/A,N/A
339,1770537830189,IR pressed,LVH_100_P,true,,true,Spacebar,1,N/A,1219,N/A,N/A,N/A
339,1770537831153,WR pressed,LVH_100_P,true,,true,Yes,N/A,1,N/A,964,N/A,N/A
339,1770537831153,gap_time,N/A,true,,true,GapTime_976,N/A,N/A,N/A,N/A,N/A,N/A
339,1770537832146,Sentence shown,LVL_115_A,true,,,N/A,N/A,N/A,N/A,N/A,N/A,N/A
339,1770537836160,gap_time,N/A,true,,,GapTime_790,N/A,N/A,N/A,N/A,N/A,N/A
339,1770537836954,Sentence shown,HVL_153_P,true,,,N/A,N/A,N/A,N/A,N/A,N/A,N/A
339,1770537840968,gap_time,N/A,true,,,GapTime_1257,N/A,N/A,N/A,N/A,N/A,N/A
339,1770537842230,Sentence shown,HF_39_A,,,,N/A,N/A,N/A,N/A,N/A,N/A,N/A
339,1770537845412,Validation Wrong IR pressed,HF_39_A,,,,Spacebar,0,N/A,3182,N/A,N/A,N/A
339,1770537845412,IR pressed,HF_39_A,,,,Spacebar,0,N/A,3182,N/A,N/A,N/A
339,1770537846227,WR pressed,HF_39_A,,,,No,N/A,N/A,N/A,815,N/A,N/A
339,1770537846227,gap_time,N/A,,,,GapTime_794,N/A,N/A,N/A,N/A,N/A,N/A
339,1770537847036,Sentence shown,LVH_106_P,true,,,N/A,N/A,N/A,N/A,N/A,N/A,N/A
339,1770537851049,gap_time,N/A,true,,,GapTime_1007,N/A,N/A,N/A,N/A,N/A,N/A
339,1770537852066,Sentence shown,HF_48_A,,,,N/A,N/A,N/A,N/A,N/A,N/A,N/A
339,1770537856076,gap_time,N/A,,,,GapTime_1129,N/A,N/A,N/A,N/A,N/A,N/A
339,1770537857206,Sentence shown,LVH_168_P,true,,true,N/A,N/A,N/A,N/A,N/A,N/A,N/A
339,1770537858434,IR pressed,LVH_168_P,true,,true,Spacebar,1,N/A,1228,N/A,N/A,N/A
339,1770537859139,WR pressed,LVH_168_P,true,,true,Yes,N/A,0,N/A,705,N/A,N/A
339,1770537859140,gap_time,N/A,true,,true,GapTime_755,N/A,N/A,N/A,N/A,N/A,N/A
339,1770537859909,Sentence shown,HF_58_A,,,,N/A,N/A,N/A,N/A,N/A,N/A,N/A
339,1770537862093,Validation Wrong IR pressed,HF_58_A,,,,Spacebar,0,N/A,2184,N/A,N/A,N/A
339,1770537862093,IR pressed,HF_58_A,,,,Spacebar,0,N/A,2184,N/A,N/A,N/A
339,1770537862902,WR pressed,HF_58_A,,,,Yes,N/A,N/A,N/A,809,N/A,N/A
339,1770537862902,gap_time,N/A,,,,GapTime_789,N/A,N/A,N/A,N/A,N/A,N/A
339,1770537863705,Sentence shown,LVL_115_A,true,,true,N/A,N/A,N/A,N/A,N/A,N/A,N/A
339,1770537865190,IR pressed,LVL_115_A,true,,true,Spacebar,1,N/A,1485,N/A,N/A,N/A
339,1770537866448,WR pressed,LVL_115_A,true,,true,Yes,N/A,1,N/A,1258,N/A,N/A
339,1770537866449,gap_time,N/A,true,,true,GapTime_960,N/A,N/A,N/A,N/A,N/A,N/A
339,1770537867423,Sentence shown,HF_52_A,,,,N/A,N/A,N/A,N/A,N/A,N/A,N/A
339,1770537869675,Validation Wrong IR pressed,HF_52_A,,,,Spacebar,0,N/A,2252,N/A,N/A,N/A
339,1770537869675,IR pressed,HF_52_A,,,,Spacebar,0,N/A,2252,N/A,N/A,N/A
339,1770537872302,WR pressed,HF_52_A,,,,No,N/A,N/A,N/A,2627,N/A,N/A
339,1770537872302,gap_time,N/A,,,,GapTime_1044,N/A,N/A,N/A,N/A,N/A,N/A
339,1770537873350,Sentence shown,HF_62_A,,,,N/A,N/A,N/A,N/A,N/A,N/A,N/A
339,1770537875818,Validation Wrong IR pressed,HF_62_A,,,,Spacebar,0,N/A,2468,N/A,N/A,N/A
339,1770537875818,IR pressed,HF_62_A,,,,Spacebar,0,N/A,2468,N/A,N/A,N/A
339,1770537877294,WR pressed,HF_62_A,,,,No,N/A,N/A,N/A,1476,N/A,N/A
339,1770537877295,gap_time,N/A,,,,GapTime_1268,N/A,N/A,N/A,N/A,N/A,N/A
339,1770537878572,Sentence shown,HVL_153_A,true,,true,N/A,N/A,N/A,N/A,N/A,N/A,N/A
339,1770537880879,IR pressed,HVL_153_A,true,,true,Spacebar,1,N/A,2307,N/A,N/A,N/A
339,1770537882132,WR pressed,HVL_153_A,true,,true,No,N/A,1,N/A,1253,N/A,N/A
339,1770537882132,gap_time,N/A,true,,true,GapTime_707,N/A,N/A,N/A,N/A,N/A,N/A
339,1770537882843,Sentence shown,HVL_161_A,true,,,N/A,N/A,N/A,N/A,N/A,N/A,N/A
339,1770537886843,gap_time,N/A,true,,,GapTime_1043,N/A,N/A,N/A,N/A,N/A,N/A
339,1770537887892,Sentence shown,HF_62_A,,true,true,N/A,N/A,N/A,N/A,N/A,N/A,N/A
339,1770537889259,Validation IR pressed,HF_62_A,,true,true,Spacebar,1,N/A,1367,N/A,N/A,N/A
339,1770537889259,IR pressed,HF_62_A,,true,true,Spacebar,1,N/A,1367,N/A,N/A,N/A
339,1770537890211,WR pressed,HF_62_A,,true,true,Yes,N/A,N/A,N/A,952,N/A,N/A
339,1770537890211,gap_time,N/A,,true,true,GapTime_1163,N/A,N/A,N/A,N/A,N/A,N/A
339,1770537891389,Sentence shown,HF_40_A,,,,N/A,N/A,N/A,N/A,N/A,N/A,N/A
339,1770537893543,Validation Wrong IR pressed,HF_40_A,,,,Spacebar,0,N/A,2154,N/A,N/A,N/A
339,1770537893543,IR pressed,HF_40_A,,,,Spacebar,0,N/A,2154,N/A,N/A,N/A
339,1770537894257,WR pressed,HF_40_A,,,,Yes,N/A,N/A,N/A,714,N/A,N/A
339,1770537894258,gap_time,N/A,,,,GapTime_1016,N/A,N/A,N/A,N/A,N/A,N/A
339,1770537895278,Sentence shown,HF_63_A,,,,N/A,N/A,N/A,N/A,N/A,N/A,N/A
339,1770537899284,gap_time,N/A,,,,GapTime_1140,N/A,N/A,N/A,N/A,N/A,N/A
339,1770537900427,Sentence shown,LVH_106_A,true,,true,N/A,N/A,N/A,N/A,N/A,N/A,N/A
339,1770537901779,IR pressed,LVH_106_A,true,,true,Spacebar,1,N/A,1352,N/A,N/A,N/A
339,1770537902810,WR pressed,LVH_106_A,true,,true,No,N/A,1,N/A,1031,N/A,N/A
339,1770537902811,gap_time,N/A,true,,true,GapTime_947,N/A,N/A,N/A,N/A,N/A,N/A
339,1770537903760,Sentence shown,HF_41_A,,,,N/A,N/A,N/A,N/A,N/A,N/A,N/A
339,1770537907764,gap_time,N/A,,,,GapTime_1091,N/A,N/A,N/A,N/A,N/A,N/A
339,1770537908857,Sentence shown,HVL_161_A,true,,true,N/A,N/A,N/A,N/A,N/A,N/A,N/A
339,1770537911436,IR pressed,HVL_161_A,true,,true,Spacebar,1,N/A,2579,N/A,N/A,N/A
339,1770537916580,WR pressed,HVL_161_A,true,,true,No,N/A,0,N/A,5144,N/A,N/A
339,1770537916581,gap_time,N/A,true,,true,GapTime_832,N/A,N/A,N/A,N/A,N/A,N/A
339,1770537917427,Rest Phase started,N/A,true,,true,Rest,N/A,N/A,N/A,N/A,N/A,N/A
339,1770538083091,Sentence shown,HF_93_A,,,,N/A,N/A,N/A,N/A,N/A,N/A,N/A
339,1770538087098,gap_time,N/A,,,,GapTime_918,N/A,N/A,N/A,N/A,N/A,N/A
339,1770538088022,Sentence shown,HF_93_A,,true,true,N/A,N/A,N/A,N/A,N/A,N/A,N/A
339,1770538089188,Validation IR pressed,HF_93_A,,true,true,Spacebar,1,N/A,1166,N/A,N/A,N/A
339,1770538089188,IR pressed,HF_93_A,,true,true,Spacebar,1,N/A,1166,N/A,N/A,N/A
339,1770538090263,WR pressed,HF_93_A,,true,true,Yes,N/A,N/A,N/A,1075,N/A,N/A
339,1770538090263,gap_time,N/A,,true,true,GapTime_1183,N/A,N/A,N/A,N/A,N/A,N/A
339,1770538091449,Sentence shown,HF_71_A,,,,N/A,N/A,N/A,N/A,N/A,N/A,N/A
339,1770538095463,gap_time,N/A,,,,GapTime_1026,N/A,N/A,N/A,N/A,N/A,N/A
339,1770538096492,Sentence shown,HF_67_A,,,,N/A,N/A,N/A,N/A,N/A,N/A,N/A
339,1770538099204,Validation Wrong IR pressed,HF_67_A,,,,Spacebar,0,N/A,2712,N/A,N/A,N/A
339,1770538099204,IR pressed,HF_67_A,,,,Spacebar,0,N/A,2712,N/A,N/A,N/A
339,1770538105406,WR pressed,HF_67_A,,,,No,N/A,N/A,N/A,6201,N/A,N/A
339,1770538105406,gap_time,N/A,,,,GapTime_785,N/A,N/A,N/A,N/A,N/A,N/A
339,1770538106207,Sentence shown,LVL_123_A,true,,,N/A,N/A,N/A,N/A,N/A,N/A,N/A
339,1770538110208,gap_time,N/A,true,,,GapTime_959,N/A,N/A,N/A,N/A,N/A,N/A
339,1770538111178,Sentence shown,HF_90_A,,,,N/A,N/A,N/A,N/A,N/A,N/A,N/A
339,1770538113433,Validation Wrong IR pressed,HF_90_A,,,,Spacebar,0,N/A,2255,N/A,N/A,N/A
339,1770538113433,IR pressed,HF_90_A,,,,Spacebar,0,N/A,2255,N/A,N/A,N/A
339,1770538115378,WR pressed,HF_90_A,,,,No,N/A,N/A,N/A,1945,N/A,N/A
339,1770538115379,gap_time,N/A,,,,GapTime_732,N/A,N/A,N/A,N/A,N/A,N/A
339,1770538116119,Sentence shown,LVL_148_P,true,,,N/A,N/A,N/A,N/A,N/A,N/A,N/A
339,1770538120124,gap_time,N/A,true,,,GapTime_975,N/A,N/A,N/A,N/A,N/A,N/A
339,1770538121115,Sentence shown,HVL_106_A,true,,,N/A,N/A,N/A,N/A,N/A,N/A,N/A
339,1770538123385,Validation Wrong IR pressed,HVL_106_A,true,,,Spacebar,0,N/A,2270,N/A,N/A,N/A
339,1770538123385,IR pressed,HVL_106_A,true,,,Spacebar,0,N/A,2270,N/A,N/A,N/A
339,1770538124433,WR pressed,HVL_106_A,true,,,No,N/A,0,N/A,1048,N/A,N/A
339,1770538124433,gap_time,N/A,true,,,GapTime_1191,N/A,N/A,N/A,N/A,N/A,N/A
339,1770538125630,Sentence shown,LVH_157_P,true,,,N/A,N/A,N/A,N/A,N/A,N/A,N/A
339,1770538129641,gap_time,N/A,true,,,GapTime_1286,N/A,N/A,N/A,N/A,N/A,N/A
339,1770538130939,Sentence shown,HH_144_A,true,,,N/A,N/A,N/A,N/A,N/A,N/A,N/A
339,1770538134946,gap_time,N/A,true,,,GapTime_1093,N/A,N/A,N/A,N/A,N/A,N/A
339,1770538136041,Sentence shown,HF_88_A,,,,N/A,N/A,N/A,N/A,N/A,N/A,N/A
339,1770538140054,gap_time,N/A,,,,GapTime_1051,N/A,N/A,N/A,N/A,N/A,N/A
339,1770538141115,Sentence shown,HF_80_A,,,,N/A,N/A,N/A,N/A,N/A,N/A,N/A
339,1770538145110,Validation Wrong IR pressed,HF_80_A,,,,Spacebar,0,N/A,3995,N/A,N/A,N/A
339,1770538145110,IR pressed,HF_80_A,,,,Spacebar,0,N/A,3995,N/A,N/A,N/A
339,1770538146278,WR pressed,HF_80_A,,,,No,N/A,N/A,N/A,1168,N/A,N/A
339,1770538146278,gap_time,N/A,,,,GapTime_1110,N/A,N/A,N/A,N/A,N/A,N/A
339,1770538147402,Sentence shown,LVL_123_A,true,,true,N/A,N/A,N/A,N/A,N/A,N/A,N/A
339,1770538148695,IR pressed,LVL_123_A,true,,true,Spacebar,1,N/A,1293,N/A,N/A,N/A
339,1770538149994,WR pressed,LVL_123_A,true,,true,Yes,N/A,1,N/A,1299,N/A,N/A
339,1770538149995,gap_time,N/A,true,,true,GapTime_859,N/A,N/A,N/A,N/A,N/A,N/A
339,1770538150859,Sentence shown,LVL_148_A,true,,true,N/A,N/A,N/A,N/A,N/A,N/A,N/A
339,1770538152333,IR pressed,LVL_148_A,true,,true,Spacebar,1,N/A,1474,N/A,N/A,N/A
339,1770538152762,WR pressed,LVL_148_A,true,,true,Yes,N/A,0,N/A,429,N/A,N/A
339,1770538152762,gap_time,N/A,true,,true,GapTime_819,N/A,N/A,N/A,N/A,N/A,N/A
339,1770538153593,Sentence shown,HVL_106_A,true,,true,N/A,N/A,N/A,N/A,N/A,N/A,N/A
339,1770538155587,IR pressed,HVL_106_A,true,,true,Spacebar,1,N/A,1994,N/A,N/A,N/A
339,1770538155834,WR pressed,HVL_106_A,true,,true,Yes,N/A,1,N/A,247,N/A,N/A
339,1770538155834,gap_time,N/A,true,,true,GapTime_1106,N/A,N/A,N/A,N/A,N/A,N/A
339,1770538156953,Sentence shown,LVL_130_A,true,,,N/A,N/A,N/A,N/A,N/A,N/A,N/A
339,1770538160965,gap_time,N/A,true,,,GapTime_1236,N/A,N/A,N/A,N/A,N/A,N/A
339,1770538162212,Sentence shown,HF_73_A,,,,N/A,N/A,N/A,N/A,N/A,N/A,N/A
339,1770538166224,gap_time,N/A,,,,GapTime_704,N/A,N/A,N/A,N/A,N/A,N/A
339,1770538166934,Sentence shown,HF_73_A,,true,true,N/A,N/A,N/A,N/A,N/A,N/A,N/A
339,1770538167905,Validation IR pressed,HF_73_A,,true,true,Spacebar,1,N/A,971,N/A,N/A,N/A
339,1770538167905,IR pressed,HF_73_A,,true,true,Spacebar,1,N/A,971,N/A,N/A,N/A
339,1770538168414,WR pressed,HF_73_A,,true,true,Yes,N/A,N/A,N/A,509,N/A,N/A
339,1770538168414,gap_time,N/A,,true,true,GapTime_1132,N/A,N/A,N/A,N/A,N/A,N/A
339,1770538169548,Sentence shown,LVH_181_A,true,,,N/A,N/A,N/A,N/A,N/A,N/A,N/A
339,1770538173551,gap_time,N/A,true,,,GapTime_803,N/A,N/A,N/A,N/A,N/A,N/A
339,1770538174365,Sentence shown,HF_74_A,,,,N/A,N/A,N/A,N/A,N/A,N/A,N/A
339,1770538178366,gap_time,N/A,,,,GapTime_1061,N/A,N/A,N/A,N/A,N/A,N/A
339,1770538179442,Sentence shown,HH_144_P,true,,true,N/A,N/A,N/A,N/A,N/A,N/A,N/A
339,1770538181460,IR pressed,HH_144_P,true,,true,Spacebar,1,N/A,2018,N/A,N/A,N/A
339,1770538182525,WR pressed,HH_144_P,true,,true,No,N/A,1,N/A,1065,N/A,N/A
339,1770538182525,gap_time,N/A,true,,true,GapTime_938,N/A,N/A,N/A,N/A,N/A,N/A
339,1770538183477,Sentence shown,LVH_157_A,true,,true,N/A,N/A,N/A,N/A,N/A,N/A,N/A
339,1770538184763,IR pressed,LVH_157_A,true,,true,Spacebar,1,N/A,1286,N/A,N/A,N/A
339,1770538188928,WR pressed,LVH_157_A,true,,true,Yes,N/A,0,N/A,4165,N/A,N/A
339,1770538188928,gap_time,N/A,true,,true,GapTime_748,N/A,N/A,N/A,N/A,N/A,N/A
339,1770538189680,Sentence shown,HF_96_A,,,,N/A,N/A,N/A,N/A,N/A,N/A,N/A
339,1770538193692,gap_time,N/A,,,,GapTime_1162,N/A,N/A,N/A,N/A,N/A,N/A
339,1770538194860,Sentence shown,LVL_130_P,true,,true,N/A,N/A,N/A,N/A,N/A,N/A,N/A
339,1770538197380,IR pressed,LVL_130_P,true,,true,Spacebar,1,N/A,2520,N/A,N/A,N/A
339,1770538198772,WR pressed,LVL_130_P,true,,true,No,N/A,1,N/A,1392,N/A,N/A
339,1770538198772,gap_time,N/A,true,,true,GapTime_824,N/A,N/A,N/A,N/A,N/A,N/A
339,1770538199608,Sentence shown,HF_72_A,,,,N/A,N/A,N/A,N/A,N/A,N/A,N/A
339,1770538203610,gap_time,N/A,,,,GapTime_979,N/A,N/A,N/A,N/A,N/A,N/A
339,1770538204592,Sentence shown,HF_70_A,,,,N/A,N/A,N/A,N/A,N/A,N/A,N/A
339,1770538208606,gap_time,N/A,,,,GapTime_791,N/A,N/A,N/A,N/A,N/A,N/A
339,1770538209399,Sentence shown,HVL_109_P,true,,,N/A,N/A,N/A,N/A,N/A,N/A,N/A
339,1770538211323,Validation Wrong IR pressed,HVL_109_P,true,,,Spacebar,0,N/A,1924,N/A,N/A,N/A
339,1770538211323,IR pressed,HVL_109_P,true,,,Spacebar,0,N/A,1924,N/A,N/A,N/A
339,1770538214437,WR pressed,HVL_109_P,true,,,No,N/A,1,N/A,3114,N/A,N/A
339,1770538214438,gap_time,N/A,true,,,GapTime_878,N/A,N/A,N/A,N/A,N/A,N/A
339,1770538215325,Sentence shown,HF_87_A,,,,N/A,N/A,N/A,N/A,N/A,N/A,N/A
339,1770538219327,gap_time,N/A,,,,GapTime_1164,N/A,N/A,N/A,N/A,N/A,N/A
339,1770538220495,Sentence shown,HF_84_A,,,,N/A,N/A,N/A,N/A,N/A,N/A,N/A
339,1770538224505,gap_time,N/A,,,,GapTime_891,N/A,N/A,N/A,N/A,N/A,N/A
339,1770538225409,Sentence shown,HF_87_A,,true,true,N/A,N/A,N/A,N/A,N/A,N/A,N/A
339,1770538226984,Validation IR pressed,HF_87_A,,true,true,Spacebar,1,N/A,1575,N/A,N/A,N/A
339,1770538226984,IR pressed,HF_87_A,,true,true,Spacebar,1,N/A,1575,N/A,N/A,N/A
339,1770538227903,WR pressed,HF_87_A,,true,true,Yes,N/A,N/A,N/A,919,N/A,N/A
339,1770538227903,gap_time,N/A,,true,true,GapTime_1123,N/A,N/A,N/A,N/A,N/A,N/A
339,1770538229033,Sentence shown,LVH_181_P,true,,true,N/A,N/A,N/A,N/A,N/A,N/A,N/A
339,1770538232197,IR pressed,LVH_181_P,true,,true,Spacebar,1,N/A,3164,N/A,N/A,N/A
339,1770538241015,WR pressed,LVH_181_P,true,,true,No,N/A,1,N/A,8818,N/A,N/A
339,1770538241015,gap_time,N/A,true,,true,GapTime_722,N/A,N/A,N/A,N/A,N/A,N/A
339,1770538241755,Sentence shown,HF_95_A,,,,N/A,N/A,N/A,N/A,N/A,N/A,N/A
339,1770538245770,gap_time,N/A,,,,GapTime_1289,N/A,N/A,N/A,N/A,N/A,N/A
339,1770538247069,Sentence shown,HVL_109_A,true,,true,N/A,N/A,N/A,N/A,N/A,N/A,N/A
339,1770538248326,IR pressed,HVL_109_A,true,,true,Spacebar,1,N/A,1257,N/A,N/A,N/A
339,1770538248654,WR pressed,HVL_109_A,true,,true,Yes,N/A,0,N/A,328,N/A,N/A
339,1770538248654,gap_time,N/A,true,,true,GapTime_1037,N/A,N/A,N/A,N/A,N/A,N/A
339,1770538249707,Sentence shown,HF_79_A,,,,N/A,N/A,N/A,N/A,N/A,N/A,N/A
339,1770538251571,Validation Wrong IR pressed,HF_79_A,,,,Spacebar,0,N/A,1864,N/A,N/A,N/A
339,1770538251571,IR pressed,HF_79_A,,,,Spacebar,0,N/A,1864,N/A,N/A,N/A
339,1770538259178,WR pressed,HF_79_A,,,,Yes,N/A,N/A,N/A,7607,N/A,N/A
339,1770538259178,gap_time,N/A,,,,GapTime_766,N/A,N/A,N/A,N/A,N/A,N/A
339,1770538259955,Sentence shown,HH_139_P,true,,,N/A,N/A,N/A,N/A,N/A,N/A,N/A
339,1770538263969,gap_time,N/A,true,,,GapTime_736,N/A,N/A,N/A,N/A,N/A,N/A
339,1770538264717,Sentence shown,HF_85_A,,,,N/A,N/A,N/A,N/A,N/A,N/A,N/A
339,1770538268723,gap_time,N/A,,,,GapTime_998,N/A,N/A,N/A,N/A,N/A,N/A
339,1770538269723,Sentence shown,HF_85_A,,true,true,N/A,N/A,N/A,N/A,N/A,N/A,N/A
339,1770538270470,Validation IR pressed,HF_85_A,,true,true,Spacebar,1,N/A,747,N/A,N/A,N/A
339,1770538270470,IR pressed,HF_85_A,,true,true,Spacebar,1,N/A,747,N/A,N/A,N/A
339,1770538271315,WR pressed,HF_85_A,,true,true,Yes,N/A,N/A,N/A,845,N/A,N/A
339,1770538271316,gap_time,N/A,,true,true,GapTime_1094,N/A,N/A,N/A,N/A,N/A,N/A
339,1770538272416,Sentence shown,HF_82_A,,,,N/A,N/A,N/A,N/A,N/A,N/A,N/A
339,1770538276427,gap_time,N/A,,,,GapTime_965,N/A,N/A,N/A,N/A,N/A,N/A
339,1770538277398,Sentence shown,HF_69_A,,,,N/A,N/A,N/A,N/A,N/A,N/A,N/A
339,1770538281404,gap_time,N/A,,,,GapTime_1287,N/A,N/A,N/A,N/A,N/A,N/A
339,1770538282696,Sentence shown,HF_94_A,,,,N/A,N/A,N/A,N/A,N/A,N/A,N/A
339,1770538286711,gap_time,N/A,,,,GapTime_1006,N/A,N/A,N/A,N/A,N/A,N/A
339,1770538287726,Sentence shown,HVL_122_A,true,,,N/A,N/A,N/A,N/A,N/A,N/A,N/A
339,1770538290312,Validation Wrong IR pressed,HVL_122_A,true,,,Spacebar,0,N/A,2586,N/A,N/A,N/A
339,1770538290312,IR pressed,HVL_122_A,true,,,Spacebar,0,N/A,2586,N/A,N/A,N/A
339,1770538295185,WR pressed,HVL_122_A,true,,,Yes,N/A,0,N/A,4873,N/A,N/A
339,1770538295186,gap_time,N/A,true,,,GapTime_811,N/A,N/A,N/A,N/A,N/A,N/A
339,1770538296012,Sentence shown,HF_89_A,,,,N/A,N/A,N/A,N/A,N/A,N/A,N/A
339,1770538300022,gap_time,N/A,,,,GapTime_724,N/A,N/A,N/A,N/A,N/A,N/A
339,1770538300760,Sentence shown,HF_91_A,,,,N/A,N/A,N/A,N/A,N/A,N/A,N/A
339,1770538304762,gap_time,N/A,,,,GapTime_1138,N/A,N/A,N/A,N/A,N/A,N/A
339,1770538305915,Sentence shown,HF_89_A,,true,true,N/A,N/A,N/A,N/A,N/A,N/A,N/A
339,1770538306984,Validation IR pressed,HF_89_A,,true,true,Spacebar,1,N/A,1069,N/A,N/A,N/A
339,1770538306984,IR pressed,HF_89_A,,true,true,Spacebar,1,N/A,1069,N/A,N/A,N/A
339,1770538307724,WR pressed,HF_89_A,,true,true,Yes,N/A,N/A,N/A,740,N/A,N/A
339,1770538307725,gap_time,N/A,,true,true,GapTime_1123,N/A,N/A,N/A,N/A,N/A,N/A
339,1770538308852,Sentence shown,HH_139_P,true,,true,N/A,N/A,N/A,N/A,N/A,N/A,N/A
339,1770538311784,IR pressed,HH_139_P,true,,true,Spacebar,1,N/A,2932,N/A,N/A,N/A
339,1770538313439,WR pressed,HH_139_P,true,,true,Yes,N/A,1,N/A,1655,N/A,N/A
339,1770538313439,gap_time,N/A,true,,true,GapTime_849,N/A,N/A,N/A,N/A,N/A,N/A
339,1770538314304,Sentence shown,LVH_171_P,true,,,N/A,N/A,N/A,N/A,N/A,N/A,N/A
339,1770538318316,gap_time,N/A,true,,,GapTime_757,N/A,N/A,N/A,N/A,N/A,N/A
339,1770538319087,Sentence shown,HF_75_A,,,,N/A,N/A,N/A,N/A,N/A,N/A,N/A
339,1770538323098,gap_time,N/A,,,,GapTime_1005,N/A,N/A,N/A,N/A,N/A,N/A
339,1770538324115,Sentence shown,HF_77_A,,,,N/A,N/A,N/A,N/A,N/A,N/A,N/A
339,1770538328129,gap_time,N/A,,,,GapTime_1017,N/A,N/A,N/A,N/A,N/A,N/A
339,1770538329147,Sentence shown,HF_75_A,,true,true,N/A,N/A,N/A,N/A,N/A,N/A,N/A
339,1770538330462,Validation IR pressed,HF_75_A,,true,true,Spacebar,1,N/A,1315,N/A,N/A,N/A
339,1770538330462,IR pressed,HF_75_A,,true,true,Spacebar,1,N/A,1315,N/A,N/A,N/A
339,1770538331353,WR pressed,HF_75_A,,true,true,Yes,N/A,N/A,N/A,891,N/A,N/A
339,1770538331353,gap_time,N/A,,true,true,GapTime_1215,N/A,N/A,N/A,N/A,N/A,N/A
339,1770538332574,Sentence shown,HF_76_A,,,,N/A,N/A,N/A,N/A,N/A,N/A,N/A
339,1770538336582,gap_time,N/A,,,,GapTime_875,N/A,N/A,N/A,N/A,N/A,N/A
339,1770538337471,Sentence shown,HF_81_A,,,,N/A,N/A,N/A,N/A,N/A,N/A,N/A
339,1770538341476,gap_time,N/A,,,,GapTime_1291,N/A,N/A,N/A,N/A,N/A,N/A
339,1770538342782,Sentence shown,HVL_122_P,true,,true,N/A,N/A,N/A,N/A,N/A,N/A,N/A
339,1770538344743,IR pressed,HVL_122_P,true,,true,Spacebar,1,N/A,1961,N/A,N/A,N/A
339,1770538346867,WR pressed,HVL_122_P,true,,true,No,N/A,1,N/A,2124,N/A,N/A
339,1770538346867,gap_time,N/A,true,,true,GapTime_814,N/A,N/A,N/A,N/A,N/A,N/A
339,1770538347693,Sentence shown,HF_78_A,,,,N/A,N/A,N/A,N/A,N/A,N/A,N/A
339,1770538351557,Validation Wrong IR pressed,HF_78_A,,,,Spacebar,0,N/A,3864,N/A,N/A,N/A
339,1770538351557,IR pressed,HF_78_A,,,,Spacebar,0,N/A,3864,N/A,N/A,N/A
339,1770538352157,WR pressed,HF_78_A,,,,No,N/A,N/A,N/A,600,N/A,N/A
339,1770538352158,gap_time,N/A,,,,GapTime_1086,N/A,N/A,N/A,N/A,N/A,N/A
339,1770538353253,Sentence shown,HF_78_A,,true,true,N/A,N/A,N/A,N/A,N/A,N/A,N/A
339,1770538354481,Validation IR pressed,HF_78_A,,true,true,Spacebar,1,N/A,1228,N/A,N/A,N/A
339,1770538354481,IR pressed,HF_78_A,,true,true,Spacebar,1,N/A,1228,N/A,N/A,N/A
339,1770538354942,WR pressed,HF_78_A,,true,true,Yes,N/A,N/A,N/A,461,N/A,N/A
339,1770538354942,gap_time,N/A,,true,true,GapTime_700,N/A,N/A,N/A,N/A,N/A,N/A
339,1770538355659,Sentence shown,LVH_171_P,true,,true,N/A,N/A,N/A,N/A,N/A,N/A,N/A
339,1770538357090,IR pressed,LVH_171_P,true,,true,Spacebar,1,N/A,1431,N/A,N/A,N/A
339,1770538358031,WR pressed,LVH_171_P,true,,true,Yes,N/A,1,N/A,941,N/A,N/A
339,1770538358031,gap_time,N/A,true,,true,GapTime_976,N/A,N/A,N/A,N/A,N/A,N/A
339,1770538359022,Sentence shown,HF_97_A,,,,N/A,N/A,N/A,N/A,N/A,N/A,N/A
339,1770538363025,gap_time,N/A,,,,GapTime_1001,N/A,N/A,N/A,N/A,N/A,N/A
339,1770538364038,Sentence shown,HF_83_A,,,,N/A,N/A,N/A,N/A,N/A,N/A,N/A
339,1770538365951,Validation Wrong IR pressed,HF_83_A,,,,Spacebar,0,N/A,1913,N/A,N/A,N/A
339,1770538365951,IR pressed,HF_83_A,,,,Spacebar,0,N/A,1913,N/A,N/A,N/A
339,1770538367036,WR pressed,HF_83_A,,,,No,N/A,N/A,N/A,1085,N/A,N/A
339,1770538367036,gap_time,N/A,,,,GapTime_1073,N/A,N/A,N/A,N/A,N/A,N/A
339,1770538368113,Sentence shown,HF_83_A,,true,true,N/A,N/A,N/A,N/A,N/A,N/A,N/A
339,1770538369330,Validation IR pressed,HF_83_A,,true,true,Spacebar,1,N/A,1216,N/A,N/A,N/A
339,1770538369330,IR pressed,HF_83_A,,true,true,Spacebar,1,N/A,1216,N/A,N/A,N/A
339,1770538370116,WR pressed,HF_83_A,,true,true,Yes,N/A,N/A,N/A,786,N/A,N/A
339,1770538370116,gap_time,N/A,,true,true,GapTime_1223,N/A,N/A,N/A,N/A,N/A,N/A
339,1770538371356,Sentence shown,LVL_100_P,true,,,N/A,N/A,N/A,N/A,N/A,N/A,N/A
339,1770538374610,Validation Wrong IR pressed,LVL_100_P,true,,,Spacebar,0,N/A,3254,N/A,N/A,N/A
339,1770538374610,IR pressed,LVL_100_P,true,,,Spacebar,0,N/A,3254,N/A,N/A,N/A
339,1770538375373,WR pressed,LVL_100_P,true,,,No,N/A,0,N/A,763,N/A,N/A
339,1770538375374,gap_time,N/A,true,,,GapTime_842,N/A,N/A,N/A,N/A,N/A,N/A
339,1770538376231,Sentence shown,HVL_104_P,true,,,N/A,N/A,N/A,N/A,N/A,N/A,N/A
339,1770538378541,Validation Wrong IR pressed,HVL_104_P,true,,,Spacebar,0,N/A,2310,N/A,N/A,N/A
339,1770538378541,IR pressed,HVL_104_P,true,,,Spacebar,0,N/A,2310,N/A,N/A,N/A
339,1770538379583,WR pressed,HVL_104_P,true,,,No,N/A,0,N/A,1042,N/A,N/A
339,1770538379584,gap_time,N/A,true,,,GapTime_739,N/A,N/A,N/A,N/A,N/A,N/A
339,1770538380336,Sentence shown,HF_66_A,,,,N/A,N/A,N/A,N/A,N/A,N/A,N/A
339,1770538384347,gap_time,N/A,,,,GapTime_885,N/A,N/A,N/A,N/A,N/A,N/A
339,1770538385236,Sentence shown,LVH_101_A,true,,,N/A,N/A,N/A,N/A,N/A,N/A,N/A
339,1770538389242,gap_time,N/A,true,,,GapTime_876,N/A,N/A,N/A,N/A,N/A,N/A
339,1770538390120,Sentence shown,HH_160_A,true,,,N/A,N/A,N/A,N/A,N/A,N/A,N/A
339,1770538392669,Validation Wrong IR pressed,HH_160_A,true,,,Spacebar,0,N/A,2549,N/A,N/A,N/A
339,1770538392669,IR pressed,HH_160_A,true,,,Spacebar,0,N/A,2549,N/A,N/A,N/A
339,1770538395187,WR pressed,HH_160_A,true,,,No,N/A,0,N/A,2518,N/A,N/A
339,1770538395187,gap_time,N/A,true,,,GapTime_830,N/A,N/A,N/A,N/A,N/A,N/A
339,1770538396032,Sentence shown,HH_178_P,true,,,N/A,N/A,N/A,N/A,N/A,N/A,N/A
339,1770538400045,gap_time,N/A,true,,,GapTime_1185,N/A,N/A,N/A,N/A,N/A,N/A
339,1770538401245,Sentence shown,HF_68_A,,,,N/A,N/A,N/A,N/A,N/A,N/A,N/A
339,1770538405261,gap_time,N/A,,,,GapTime_954,N/A,N/A,N/A,N/A,N/A,N/A
339,1770538406227,Sentence shown,HF_68_A,,true,true,N/A,N/A,N/A,N/A,N/A,N/A,N/A
339,1770538406926,Validation IR pressed,HF_68_A,,true,true,Spacebar,1,N/A,699,N/A,N/A,N/A
339,1770538406926,IR pressed,HF_68_A,,true,true,Spacebar,1,N/A,699,N/A,N/A,N/A
339,1770538407788,WR pressed,HF_68_A,,true,true,Yes,N/A,N/A,N/A,862,N/A,N/A
339,1770538407788,gap_time,N/A,,true,true,GapTime_939,N/A,N/A,N/A,N/A,N/A,N/A
339,1770538408741,Sentence shown,HF_86_A,,,,N/A,N/A,N/A,N/A,N/A,N/A,N/A
339,1770538412749,gap_time,N/A,,,,GapTime_1211,N/A,N/A,N/A,N/A,N/A,N/A
339,1770538413966,Sentence shown,HVL_104_P,true,,true,N/A,N/A,N/A,N/A,N/A,N/A,N/A
339,1770538416297,IR pressed,HVL_104_P,true,,true,Spacebar,1,N/A,2331,N/A,N/A,N/A
339,1770538416806,WR pressed,HVL_104_P,true,,true,Yes,N/A,1,N/A,509,N/A,N/A
339,1770538416806,gap_time,N/A,true,,true,GapTime_790,N/A,N/A,N/A,N/A,N/A,N/A
339,1770538417607,Sentence shown,HF_86_A,,true,true,N/A,N/A,N/A,N/A,N/A,N/A,N/A
339,1770538418422,Validation IR pressed,HF_86_A,,true,true,Spacebar,1,N/A,815,N/A,N/A,N/A
339,1770538418422,IR pressed,HF_86_A,,true,true,Spacebar,1,N/A,815,N/A,N/A,N/A
339,1770538419272,WR pressed,HF_86_A,,true,true,Yes,N/A,N/A,N/A,850,N/A,N/A
339,1770538419272,gap_time,N/A,,true,true,GapTime_894,N/A,N/A,N/A,N/A,N/A,N/A
339,1770538420168,Sentence shown,LVL_100_P,true,,true,N/A,N/A,N/A,N/A,N/A,N/A,N/A
339,1770538424176,gap_time,N/A,true,,true,GapTime_1212,N/A,N/A,N/A,N/A,N/A,N/A
339,1770538425397,Sentence shown,LVH_101_A,true,,true,N/A,N/A,N/A,N/A,N/A,N/A,N/A
339,1770538426775,IR pressed,LVH_101_A,true,,true,Spacebar,1,N/A,1378,N/A,N/A,N/A
339,1770538427940,WR pressed,LVH_101_A,true,,true,Yes,N/A,1,N/A,1165,N/A,N/A
339,1770538427940,gap_time,N/A,true,,true,GapTime_713,N/A,N/A,N/A,N/A,N/A,N/A
339,1770538428666,Sentence shown,HF_92_A,,,,N/A,N/A,N/A,N/A,N/A,N/A,N/A
339,1770538432198,Validation Wrong IR pressed,HF_92_A,,,,Spacebar,0,N/A,3532,N/A,N/A,N/A
339,1770538432198,IR pressed,HF_92_A,,,,Spacebar,0,N/A,3532,N/A,N/A,N/A
339,1770538433330,WR pressed,HF_92_A,,,,Yes,N/A,N/A,N/A,1132,N/A,N/A
339,1770538433330,gap_time,N/A,,,,GapTime_1252,N/A,N/A,N/A,N/A,N/A,N/A
339,1770538434588,Sentence shown,HH_160_A,true,,true,N/A,N/A,N/A,N/A,N/A,N/A,N/A
339,1770538436191,IR pressed,HH_160_A,true,,true,Spacebar,1,N/A,1603,N/A,N/A,N/A
339,1770538436622,WR pressed,HH_160_A,true,,true,No,N/A,0,N/A,431,N/A,N/A
339,1770538436622,gap_time,N/A,true,,true,GapTime_1207,N/A,N/A,N/A,N/A,N/A,N/A
339,1770538437838,Sentence shown,HH_178_A,true,,true,N/A,N/A,N/A,N/A,N/A,N/A,N/A
339,1770538439054,IR pressed,HH_178_A,true,,true,Spacebar,1,N/A,1215,N/A,N/A,N/A
339,1770538440660,WR pressed,HH_178_A,true,,true,No,N/A,1,N/A,1606,N/A,N/A
339,1770538440660,gap_time,N/A,true,,true,GapTime_1006,N/A,N/A,N/A,N/A,N/A,N/A
