participant_ID,Timestamp,Event,Stimulus,isTarget,isValidation,isRepeat,Button,Accuracy IR,Accuracy WR,Reaction_time_IR,Reaction_time_WR,CR_IR,CR_WR
346,1770559411308,Practice Sentence shown,HH_103_A,true,,,N/A,N/A,N/A,N/A,N/A,N/A,N/A
346,1770559416820,Practice Sentence shown,HL_61_A,,,,N/A,N/A,N/A,N/A,N/A,N/A,N/A
346,1770559422338,Practice Sentence shown,HL_74_A,,,,N/A,N/A,N/A,N/A,N/A,N/A,N/A
346,1770559427852,Practice Sentence shown,HL_47_A,,,,N/A,N/A,N/A,N/A,N/A,N/A,N/A
346,1770559433370,Practice Sentence shown,HL_1_A,,,,N/A,N/A,N/A,N/A,N/A,N/A,N/A
346,1770559435291,Practice IR pressed,HL_1_A,,,,Spacebar,0,N/A,1921,N/A,N/A,N/A
346,1770559442826,Practice Sentence shown,HH_103_P,true,,true,N/A,N/A,N/A,N/A,N/A,N/A,N/A
346,1770559444377,Practice IR pressed,HH_103_P,true,,true,Spacebar,1,N/A,1551,N/A,N/A,N/A
346,1770559445555,Practice WR pressed,HH_103_P,true,,true,Yes,N/A,0,N/A,1178,N/A,N/A
346,1770559455193,Practice Sentence shown,HH_117_A,true,,,N/A,N/A,N/A,N/A,N/A,N/A,N/A
346,1770559460717,Practice Sentence shown,HL_70_A,,,,N/A,N/A,N/A,N/A,N/A,N/A,N/A
346,1770559466237,Practice Sentence shown,HL_84_A,,,,N/A,N/A,N/A,N/A,N/A,N/A,N/A
346,1770559471753,Practice Sentence shown,HL_2_A,,,,N/A,N/A,N/A,N/A,N/A,N/A,N/A
346,1770559474051,Practice IR pressed,HL_2_A,,,,Spacebar,0,N/A,2297,N/A,N/A,N/A
346,1770559476810,Practice Sentence shown,HH_117_A,true,,true,N/A,N/A,N/A,N/A,N/A,N/A,N/A
346,1770559478890,Practice IR pressed,HH_117_A,true,,true,Spacebar,1,N/A,2080,N/A,N/A,N/A
346,1770559479609,Practice WR pressed,HH_117_A,true,,true,Yes,N/A,1,N/A,719,N/A,N/A
346,1770559481111,Practice Sentence shown,HL_12_A,,,,N/A,N/A,N/A,N/A,N/A,N/A,N/A
346,1770559486636,Practice Sentence shown,HH_130_A,true,,,N/A,N/A,N/A,N/A,N/A,N/A,N/A
346,1770559492150,Practice Sentence shown,HL_90_A,,,,N/A,N/A,N/A,N/A,N/A,N/A,N/A
346,1770559497681,Practice Sentence shown,HH_118_A,true,,,N/A,N/A,N/A,N/A,N/A,N/A,N/A
346,1770559503210,Practice Sentence shown,HL_34_A,,,,N/A,N/A,N/A,N/A,N/A,N/A,N/A
346,1770559508732,Practice Sentence shown,HH_124_A,true,,,N/A,N/A,N/A,N/A,N/A,N/A,N/A
346,1770559514248,Practice Sentence shown,HH_124_P,true,,true,N/A,N/A,N/A,N/A,N/A,N/A,N/A
346,1770559515722,Practice IR pressed,HH_124_P,true,,true,Spacebar,1,N/A,1474,N/A,N/A,N/A
346,1770559520025,Practice WR pressed,HH_124_P,true,,true,Yes,N/A,0,N/A,4303,N/A,N/A
346,1770559528754,Practice Sentence shown,HH_118_A,true,,true,N/A,N/A,N/A,N/A,N/A,N/A,N/A
346,1770559530273,Practice IR pressed,HH_118_A,true,,true,Spacebar,1,N/A,1519,N/A,N/A,N/A
346,1770559530921,Practice WR pressed,HH_118_A,true,,true,Yes,N/A,1,N/A,648,N/A,N/A
346,1770559532425,Practice Sentence shown,HH_130_P,true,,true,N/A,N/A,N/A,N/A,N/A,N/A,N/A
346,1770559533969,Practice IR pressed,HH_130_P,true,,true,Spacebar,1,N/A,1544,N/A,N/A,N/A
346,1770559534425,Practice WR pressed,HH_130_P,true,,true,Yes,N/A,0,N/A,456,N/A,N/A
346,1770559697349,Sentence shown,HF_26_A,,,,N/A,N/A,N/A,N/A,N/A,N/A,N/A
346,1770559701357,gap_time,N/A,,,,GapTime_989,N/A,N/A,N/A,N/A,N/A,N/A
346,1770559702357,Sentence shown,HF_1_A,,,,N/A,N/A,N/A,N/A,N/A,N/A,N/A
346,1770559706366,gap_time,N/A,,,,GapTime_1182,N/A,N/A,N/A,N/A,N/A,N/A
346,1770559707550,Sentence shown,HF_2_A,,,,N/A,N/A,N/A,N/A,N/A,N/A,N/A
346,1770559711562,gap_time,N/A,,,,GapTime_1251,N/A,N/A,N/A,N/A,N/A,N/A
346,1770559712827,Sentence shown,HF_29_A,,,,N/A,N/A,N/A,N/A,N/A,N/A,N/A
346,1770559716280,Validation Wrong IR pressed,HF_29_A,,,,Spacebar,0,N/A,3453,N/A,N/A,N/A
346,1770559716280,IR pressed,HF_29_A,,,,Spacebar,0,N/A,3453,N/A,N/A,N/A
346,1770559717992,WR pressed,HF_29_A,,,,No,N/A,N/A,N/A,1712,N/A,N/A
346,1770559717992,gap_time,N/A,,,,GapTime_1256,N/A,N/A,N/A,N/A,N/A,N/A
346,1770559719263,Sentence shown,HF_23_A,,,,N/A,N/A,N/A,N/A,N/A,N/A,N/A
346,1770559723276,gap_time,N/A,,,,GapTime_1280,N/A,N/A,N/A,N/A,N/A,N/A
346,1770559724561,Sentence shown,HF_23_A,,true,true,N/A,N/A,N/A,N/A,N/A,N/A,N/A
346,1770559726368,Validation IR pressed,HF_23_A,,true,true,Spacebar,1,N/A,1807,N/A,N/A,N/A
346,1770559726368,IR pressed,HF_23_A,,true,true,Spacebar,1,N/A,1807,N/A,N/A,N/A
346,1770559730080,WR pressed,HF_23_A,,true,true,No,N/A,N/A,N/A,3712,N/A,N/A
346,1770559730080,gap_time,N/A,,true,true,GapTime_830,N/A,N/A,N/A,N/A,N/A,N/A
346,1770559730924,Sentence shown,HH_158_P,true,,,N/A,N/A,N/A,N/A,N/A,N/A,N/A
346,1770559734938,gap_time,N/A,true,,,GapTime_798,N/A,N/A,N/A,N/A,N/A,N/A
346,1770559735747,Sentence shown,HF_14_A,,,,N/A,N/A,N/A,N/A,N/A,N/A,N/A
346,1770559739753,gap_time,N/A,,,,GapTime_888,N/A,N/A,N/A,N/A,N/A,N/A
346,1770559740654,Sentence shown,HF_14_A,,true,true,N/A,N/A,N/A,N/A,N/A,N/A,N/A
346,1770559741759,Validation IR pressed,HF_14_A,,true,true,Spacebar,1,N/A,1105,N/A,N/A,N/A
346,1770559741759,IR pressed,HF_14_A,,true,true,Spacebar,1,N/A,1105,N/A,N/A,N/A
346,1770559743664,WR pressed,HF_14_A,,true,true,Yes,N/A,N/A,N/A,1905,N/A,N/A
346,1770559743664,gap_time,N/A,,true,true,GapTime_1122,N/A,N/A,N/A,N/A,N/A,N/A
346,1770559744799,Sentence shown,HF_33_A,,,,N/A,N/A,N/A,N/A,N/A,N/A,N/A
346,1770559746711,Validation Wrong IR pressed,HF_33_A,,,,Spacebar,0,N/A,1912,N/A,N/A,N/A
346,1770559746711,IR pressed,HF_33_A,,,,Spacebar,0,N/A,1912,N/A,N/A,N/A
346,1770559747183,WR pressed,HF_33_A,,,,No,N/A,N/A,N/A,472,N/A,N/A
346,1770559747184,gap_time,N/A,,,,GapTime_1280,N/A,N/A,N/A,N/A,N/A,N/A
346,1770559748479,Sentence shown,HF_18_A,,,,N/A,N/A,N/A,N/A,N/A,N/A,N/A
346,1770559752489,gap_time,N/A,,,,GapTime_848,N/A,N/A,N/A,N/A,N/A,N/A
346,1770559753340,Sentence shown,HF_27_A,,,,N/A,N/A,N/A,N/A,N/A,N/A,N/A
346,1770559757347,gap_time,N/A,,,,GapTime_1194,N/A,N/A,N/A,N/A,N/A,N/A
346,1770559758547,Sentence shown,HF_33_A,,true,true,N/A,N/A,N/A,N/A,N/A,N/A,N/A
346,1770559759672,Validation IR pressed,HF_33_A,,true,true,Spacebar,1,N/A,1125,N/A,N/A,N/A
346,1770559759672,IR pressed,HF_33_A,,true,true,Spacebar,1,N/A,1125,N/A,N/A,N/A
346,1770559760127,WR pressed,HF_33_A,,true,true,Yes,N/A,N/A,N/A,455,N/A,N/A
346,1770559760128,gap_time,N/A,,true,true,GapTime_1039,N/A,N/A,N/A,N/A,N/A,N/A
346,1770559761182,Sentence shown,HF_18_A,,true,true,N/A,N/A,N/A,N/A,N/A,N/A,N/A
346,1770559763111,Validation IR pressed,HF_18_A,,true,true,Spacebar,1,N/A,1929,N/A,N/A,N/A
346,1770559763111,IR pressed,HF_18_A,,true,true,Spacebar,1,N/A,1929,N/A,N/A,N/A
346,1770559763719,WR pressed,HF_18_A,,true,true,Yes,N/A,N/A,N/A,608,N/A,N/A
346,1770559763719,gap_time,N/A,,true,true,GapTime_999,N/A,N/A,N/A,N/A,N/A,N/A
346,1770559764734,Sentence shown,HH_158_P,true,,true,N/A,N/A,N/A,N/A,N/A,N/A,N/A
346,1770559766983,IR pressed,HH_158_P,true,,true,Spacebar,1,N/A,2249,N/A,N/A,N/A
346,1770559771472,WR pressed,HH_158_P,true,,true,No,N/A,0,N/A,4489,N/A,N/A
346,1770559771472,gap_time,N/A,true,,true,GapTime_740,N/A,N/A,N/A,N/A,N/A,N/A
346,1770559772219,Sentence shown,HF_11_A,,,,N/A,N/A,N/A,N/A,N/A,N/A,N/A
346,1770559776231,gap_time,N/A,,,,GapTime_889,N/A,N/A,N/A,N/A,N/A,N/A
346,1770559777124,Sentence shown,HF_15_A,,,,N/A,N/A,N/A,N/A,N/A,N/A,N/A
346,1770559781129,gap_time,N/A,,,,GapTime_723,N/A,N/A,N/A,N/A,N/A,N/A
346,1770559781861,Sentence shown,HF_15_A,,true,true,N/A,N/A,N/A,N/A,N/A,N/A,N/A
346,1770559782992,Validation IR pressed,HF_15_A,,true,true,Spacebar,1,N/A,1131,N/A,N/A,N/A
346,1770559782992,IR pressed,HF_15_A,,true,true,Spacebar,1,N/A,1131,N/A,N/A,N/A
346,1770559783351,WR pressed,HF_15_A,,true,true,Yes,N/A,N/A,N/A,359,N/A,N/A
346,1770559783352,gap_time,N/A,,true,true,GapTime_1179,N/A,N/A,N/A,N/A,N/A,N/A
346,1770559784547,Sentence shown,HF_6_A,,,,N/A,N/A,N/A,N/A,N/A,N/A,N/A
346,1770559786135,Validation Wrong IR pressed,HF_6_A,,,,Spacebar,0,N/A,1588,N/A,N/A,N/A
346,1770559786135,IR pressed,HF_6_A,,,,Spacebar,0,N/A,1588,N/A,N/A,N/A
346,1770559786487,WR pressed,HF_6_A,,,,Yes,N/A,N/A,N/A,352,N/A,N/A
346,1770559786487,gap_time,N/A,,,,GapTime_779,N/A,N/A,N/A,N/A,N/A,N/A
346,1770559787274,Sentence shown,HF_30_A,,,,N/A,N/A,N/A,N/A,N/A,N/A,N/A
346,1770559791277,gap_time,N/A,,,,GapTime_786,N/A,N/A,N/A,N/A,N/A,N/A
346,1770559792075,Sentence shown,HVL_116_P,true,,,N/A,N/A,N/A,N/A,N/A,N/A,N/A
346,1770559796083,gap_time,N/A,true,,,GapTime_1286,N/A,N/A,N/A,N/A,N/A,N/A
346,1770559797373,Sentence shown,LVH_117_A,true,,,N/A,N/A,N/A,N/A,N/A,N/A,N/A
346,1770559801375,gap_time,N/A,true,,,GapTime_942,N/A,N/A,N/A,N/A,N/A,N/A
346,1770559802332,Sentence shown,LVH_103_P,true,,,N/A,N/A,N/A,N/A,N/A,N/A,N/A
346,1770559806336,gap_time,N/A,true,,,GapTime_1218,N/A,N/A,N/A,N/A,N/A,N/A
346,1770559807561,Sentence shown,HH_140_A,true,,,N/A,N/A,N/A,N/A,N/A,N/A,N/A
346,1770559811015,Validation Wrong IR pressed,HH_140_A,true,,,Spacebar,0,N/A,3454,N/A,N/A,N/A
346,1770559811015,IR pressed,HH_140_A,true,,,Spacebar,0,N/A,3454,N/A,N/A,N/A
346,1770559812958,WR pressed,HH_140_A,true,,,No,N/A,1,N/A,1943,N/A,N/A
346,1770559812959,gap_time,N/A,true,,,GapTime_937,N/A,N/A,N/A,N/A,N/A,N/A
346,1770559813900,Sentence shown,HF_10_A,,,,N/A,N/A,N/A,N/A,N/A,N/A,N/A
346,1770559815623,Validation Wrong IR pressed,HF_10_A,,,,Spacebar,0,N/A,1723,N/A,N/A,N/A
346,1770559815623,IR pressed,HF_10_A,,,,Spacebar,0,N/A,1723,N/A,N/A,N/A
346,1770559815967,WR pressed,HF_10_A,,,,No,N/A,N/A,N/A,344,N/A,N/A
346,1770559815967,gap_time,N/A,,,,GapTime_1085,N/A,N/A,N/A,N/A,N/A,N/A
346,1770559817064,Sentence shown,HF_25_A,,,,N/A,N/A,N/A,N/A,N/A,N/A,N/A
346,1770559821080,gap_time,N/A,,,,GapTime_1158,N/A,N/A,N/A,N/A,N/A,N/A
346,1770559822247,Sentence shown,HF_9_A,,,,N/A,N/A,N/A,N/A,N/A,N/A,N/A
346,1770559824215,Validation Wrong IR pressed,HF_9_A,,,,Spacebar,0,N/A,1968,N/A,N/A,N/A
346,1770559824215,IR pressed,HF_9_A,,,,Spacebar,0,N/A,1968,N/A,N/A,N/A
346,1770559825951,WR pressed,HF_9_A,,,,No,N/A,N/A,N/A,1736,N/A,N/A
346,1770559825951,gap_time,N/A,,,,GapTime_850,N/A,N/A,N/A,N/A,N/A,N/A
346,1770559826804,Sentence shown,HF_10_A,,true,true,N/A,N/A,N/A,N/A,N/A,N/A,N/A
346,1770559828103,Validation IR pressed,HF_10_A,,true,true,Spacebar,1,N/A,1299,N/A,N/A,N/A
346,1770559828103,IR pressed,HF_10_A,,true,true,Spacebar,1,N/A,1299,N/A,N/A,N/A
346,1770559831919,WR pressed,HF_10_A,,true,true,No,N/A,N/A,N/A,3816,N/A,N/A
346,1770559831919,gap_time,N/A,,true,true,GapTime_754,N/A,N/A,N/A,N/A,N/A,N/A
346,1770559832687,Sentence shown,LVH_117_P,true,,true,N/A,N/A,N/A,N/A,N/A,N/A,N/A
346,1770559834103,IR pressed,LVH_117_P,true,,true,Spacebar,1,N/A,1416,N/A,N/A,N/A
346,1770559834831,WR pressed,LVH_117_P,true,,true,No,N/A,1,N/A,728,N/A,N/A
346,1770559834831,gap_time,N/A,true,,true,GapTime_1129,N/A,N/A,N/A,N/A,N/A,N/A
346,1770559835966,Sentence shown,HVL_116_P,true,,true,N/A,N/A,N/A,N/A,N/A,N/A,N/A
346,1770559837287,IR pressed,HVL_116_P,true,,true,Spacebar,1,N/A,1321,N/A,N/A,N/A
346,1770559837830,WR pressed,HVL_116_P,true,,true,No,N/A,0,N/A,543,N/A,N/A
346,1770559837831,gap_time,N/A,true,,true,GapTime_763,N/A,N/A,N/A,N/A,N/A,N/A
346,1770559838605,Sentence shown,LVL_149_A,true,,,N/A,N/A,N/A,N/A,N/A,N/A,N/A
346,1770559842607,gap_time,N/A,true,,,GapTime_851,N/A,N/A,N/A,N/A,N/A,N/A
346,1770559843467,Sentence shown,HF_13_A,,,,N/A,N/A,N/A,N/A,N/A,N/A,N/A
346,1770559845295,Validation Wrong IR pressed,HF_13_A,,,,Spacebar,0,N/A,1828,N/A,N/A,N/A
346,1770559845295,IR pressed,HF_13_A,,,,Spacebar,0,N/A,1828,N/A,N/A,N/A
346,1770559845791,WR pressed,HF_13_A,,,,Yes,N/A,N/A,N/A,496,N/A,N/A
346,1770559845791,gap_time,N/A,,,,GapTime_792,N/A,N/A,N/A,N/A,N/A,N/A
346,1770559846588,Sentence shown,HF_21_A,,,,N/A,N/A,N/A,N/A,N/A,N/A,N/A
346,1770559850604,gap_time,N/A,,,,GapTime_896,N/A,N/A,N/A,N/A,N/A,N/A
346,1770559851501,Sentence shown,LVH_103_P,true,,true,N/A,N/A,N/A,N/A,N/A,N/A,N/A
346,1770559853127,IR pressed,LVH_103_P,true,,true,Spacebar,1,N/A,1626,N/A,N/A,N/A
346,1770559855655,WR pressed,LVH_103_P,true,,true,No,N/A,0,N/A,2528,N/A,N/A
346,1770559855656,gap_time,N/A,true,,true,GapTime_1067,N/A,N/A,N/A,N/A,N/A,N/A
346,1770559856729,Sentence shown,HH_140_P,true,,true,N/A,N/A,N/A,N/A,N/A,N/A,N/A
346,1770559860736,gap_time,N/A,true,,true,GapTime_909,N/A,N/A,N/A,N/A,N/A,N/A
346,1770559861658,Sentence shown,LVH_144_P,true,,,N/A,N/A,N/A,N/A,N/A,N/A,N/A
346,1770559865669,gap_time,N/A,true,,,GapTime_1082,N/A,N/A,N/A,N/A,N/A,N/A
346,1770559866763,Sentence shown,HF_31_A,,,,N/A,N/A,N/A,N/A,N/A,N/A,N/A
346,1770559870773,gap_time,N/A,,,,GapTime_1058,N/A,N/A,N/A,N/A,N/A,N/A
346,1770559871832,Sentence shown,HF_32_A,,,,N/A,N/A,N/A,N/A,N/A,N/A,N/A
346,1770559875842,gap_time,N/A,,,,GapTime_874,N/A,N/A,N/A,N/A,N/A,N/A
346,1770559876718,Sentence shown,LVL_149_P,true,,true,N/A,N/A,N/A,N/A,N/A,N/A,N/A
346,1770559877951,IR pressed,LVL_149_P,true,,true,Spacebar,1,N/A,1233,N/A,N/A,N/A
346,1770559878342,WR pressed,LVL_149_P,true,,true,Yes,N/A,0,N/A,391,N/A,N/A
346,1770559878342,gap_time,N/A,true,,true,GapTime_904,N/A,N/A,N/A,N/A,N/A,N/A
346,1770559879249,Sentence shown,HF_32_A,,true,true,N/A,N/A,N/A,N/A,N/A,N/A,N/A
346,1770559881318,Validation IR pressed,HF_32_A,,true,true,Spacebar,1,N/A,2069,N/A,N/A,N/A
346,1770559881318,IR pressed,HF_32_A,,true,true,Spacebar,1,N/A,2069,N/A,N/A,N/A
346,1770559881606,WR pressed,HF_32_A,,true,true,Yes,N/A,N/A,N/A,288,N/A,N/A
346,1770559881607,gap_time,N/A,,true,true,GapTime_1021,N/A,N/A,N/A,N/A,N/A,N/A
346,1770559882631,Sentence shown,HF_22_A,,,,N/A,N/A,N/A,N/A,N/A,N/A,N/A
346,1770559884558,Validation Wrong IR pressed,HF_22_A,,,,Spacebar,0,N/A,1927,N/A,N/A,N/A
346,1770559884558,IR pressed,HF_22_A,,,,Spacebar,0,N/A,1927,N/A,N/A,N/A
346,1770559884990,WR pressed,HF_22_A,,,,No,N/A,N/A,N/A,432,N/A,N/A
346,1770559884991,gap_time,N/A,,,,GapTime_819,N/A,N/A,N/A,N/A,N/A,N/A
346,1770559885820,Sentence shown,HF_16_A,,,,N/A,N/A,N/A,N/A,N/A,N/A,N/A
346,1770559889832,gap_time,N/A,,,,GapTime_1249,N/A,N/A,N/A,N/A,N/A,N/A
346,1770559891089,Sentence shown,HF_4_A,,,,N/A,N/A,N/A,N/A,N/A,N/A,N/A
346,1770559892543,Validation Wrong IR pressed,HF_4_A,,,,Spacebar,0,N/A,1454,N/A,N/A,N/A
346,1770559892543,IR pressed,HF_4_A,,,,Spacebar,0,N/A,1454,N/A,N/A,N/A
346,1770559893046,WR pressed,HF_4_A,,,,No,N/A,N/A,N/A,503,N/A,N/A
346,1770559893046,gap_time,N/A,,,,GapTime_1165,N/A,N/A,N/A,N/A,N/A,N/A
346,1770559894225,Sentence shown,LVH_144_A,true,,true,N/A,N/A,N/A,N/A,N/A,N/A,N/A
346,1770559895838,IR pressed,LVH_144_A,true,,true,Spacebar,1,N/A,1613,N/A,N/A,N/A
346,1770559896622,WR pressed,LVH_144_A,true,,true,No,N/A,1,N/A,784,N/A,N/A
346,1770559896622,gap_time,N/A,true,,true,GapTime_1209,N/A,N/A,N/A,N/A,N/A,N/A
346,1770559897840,Sentence shown,LVH_124_A,true,,,N/A,N/A,N/A,N/A,N/A,N/A,N/A
346,1770559901853,gap_time,N/A,true,,,GapTime_997,N/A,N/A,N/A,N/A,N/A,N/A
346,1770559902862,Sentence shown,HF_19_A,,,,N/A,N/A,N/A,N/A,N/A,N/A,N/A
346,1770559906872,gap_time,N/A,,,,GapTime_906,N/A,N/A,N/A,N/A,N/A,N/A
346,1770559907782,Sentence shown,HF_7_A,,,,N/A,N/A,N/A,N/A,N/A,N/A,N/A
346,1770559911796,gap_time,N/A,,,,GapTime_1250,N/A,N/A,N/A,N/A,N/A,N/A
346,1770559913055,Sentence shown,LVL_145_P,true,,,N/A,N/A,N/A,N/A,N/A,N/A,N/A
346,1770559917066,gap_time,N/A,true,,,GapTime_788,N/A,N/A,N/A,N/A,N/A,N/A
346,1770559917865,Sentence shown,LVH_124_A,true,,true,N/A,N/A,N/A,N/A,N/A,N/A,N/A
346,1770559920022,IR pressed,LVH_124_A,true,,true,Spacebar,1,N/A,2157,N/A,N/A,N/A
346,1770559920886,WR pressed,LVH_124_A,true,,true,No,N/A,0,N/A,864,N/A,N/A
346,1770559920886,gap_time,N/A,true,,true,GapTime_1087,N/A,N/A,N/A,N/A,N/A,N/A
346,1770559921976,Sentence shown,LVL_141_A,true,,,N/A,N/A,N/A,N/A,N/A,N/A,N/A
346,1770559925983,gap_time,N/A,true,,,GapTime_885,N/A,N/A,N/A,N/A,N/A,N/A
346,1770559926881,Sentence shown,HF_17_A,,,,N/A,N/A,N/A,N/A,N/A,N/A,N/A
346,1770559928174,Validation Wrong IR pressed,HF_17_A,,,,Spacebar,0,N/A,1293,N/A,N/A,N/A
346,1770559928174,IR pressed,HF_17_A,,,,Spacebar,0,N/A,1293,N/A,N/A,N/A
346,1770559928750,WR pressed,HF_17_A,,,,No,N/A,N/A,N/A,576,N/A,N/A
346,1770559928750,gap_time,N/A,,,,GapTime_1217,N/A,N/A,N/A,N/A,N/A,N/A
346,1770559929970,Sentence shown,HVL_113_P,true,,,N/A,N/A,N/A,N/A,N/A,N/A,N/A
346,1770559933973,gap_time,N/A,true,,,GapTime_1254,N/A,N/A,N/A,N/A,N/A,N/A
346,1770559935241,Sentence shown,HH_143_P,true,,,N/A,N/A,N/A,N/A,N/A,N/A,N/A
346,1770559939256,gap_time,N/A,true,,,GapTime_1025,N/A,N/A,N/A,N/A,N/A,N/A
346,1770559940293,Sentence shown,HF_5_A,,,,N/A,N/A,N/A,N/A,N/A,N/A,N/A
346,1770559944304,gap_time,N/A,,,,GapTime_1074,N/A,N/A,N/A,N/A,N/A,N/A
346,1770559945390,Sentence shown,HF_5_A,,true,true,N/A,N/A,N/A,N/A,N/A,N/A,N/A
346,1770559946743,Validation IR pressed,HF_5_A,,true,true,Spacebar,1,N/A,1353,N/A,N/A,N/A
346,1770559946743,IR pressed,HF_5_A,,true,true,Spacebar,1,N/A,1353,N/A,N/A,N/A
346,1770559947598,WR pressed,HF_5_A,,true,true,No,N/A,N/A,N/A,855,N/A,N/A
346,1770559947599,gap_time,N/A,,true,true,GapTime_800,N/A,N/A,N/A,N/A,N/A,N/A
346,1770559948416,Sentence shown,HF_8_A,,,,N/A,N/A,N/A,N/A,N/A,N/A,N/A
346,1770559950494,Validation Wrong IR pressed,HF_8_A,,,,Spacebar,0,N/A,2078,N/A,N/A,N/A
346,1770559950494,IR pressed,HF_8_A,,,,Spacebar,0,N/A,2078,N/A,N/A,N/A
346,1770559950774,WR pressed,HF_8_A,,,,No,N/A,N/A,N/A,280,N/A,N/A
346,1770559950774,gap_time,N/A,,,,GapTime_930,N/A,N/A,N/A,N/A,N/A,N/A
346,1770559951718,Sentence shown,LVL_145_P,true,,true,N/A,N/A,N/A,N/A,N/A,N/A,N/A
346,1770559953830,IR pressed,LVL_145_P,true,,true,Spacebar,1,N/A,2112,N/A,N/A,N/A
346,1770559954118,WR pressed,LVL_145_P,true,,true,No,N/A,0,N/A,288,N/A,N/A
346,1770559954118,gap_time,N/A,true,,true,GapTime_714,N/A,N/A,N/A,N/A,N/A,N/A
346,1770559954837,Sentence shown,HF_28_A,,,,N/A,N/A,N/A,N/A,N/A,N/A,N/A
346,1770559956830,Validation Wrong IR pressed,HF_28_A,,,,Spacebar,0,N/A,1993,N/A,N/A,N/A
346,1770559956830,IR pressed,HF_28_A,,,,Spacebar,0,N/A,1993,N/A,N/A,N/A
346,1770559957062,WR pressed,HF_28_A,,,,No,N/A,N/A,N/A,232,N/A,N/A
346,1770559957062,gap_time,N/A,,,,GapTime_1110,N/A,N/A,N/A,N/A,N/A,N/A
346,1770559958189,Sentence shown,HF_24_A,,,,N/A,N/A,N/A,N/A,N/A,N/A,N/A
346,1770559962199,gap_time,N/A,,,,GapTime_1102,N/A,N/A,N/A,N/A,N/A,N/A
346,1770559963318,Sentence shown,LVL_141_A,true,,true,N/A,N/A,N/A,N/A,N/A,N/A,N/A
346,1770559967331,gap_time,N/A,true,,true,GapTime_852,N/A,N/A,N/A,N/A,N/A,N/A
346,1770559968193,Sentence shown,HVL_118_A,true,,,N/A,N/A,N/A,N/A,N/A,N/A,N/A
346,1770559970589,Validation Wrong IR pressed,HVL_118_A,true,,,Spacebar,0,N/A,2396,N/A,N/A,N/A
346,1770559970589,IR pressed,HVL_118_A,true,,,Spacebar,0,N/A,2396,N/A,N/A,N/A
346,1770559971326,WR pressed,HVL_118_A,true,,,No,N/A,1,N/A,737,N/A,N/A
346,1770559971326,gap_time,N/A,true,,,GapTime_909,N/A,N/A,N/A,N/A,N/A,N/A
346,1770559972243,Sentence shown,LVL_107_P,true,,,N/A,N/A,N/A,N/A,N/A,N/A,N/A
346,1770559976254,gap_time,N/A,true,,,GapTime_1197,N/A,N/A,N/A,N/A,N/A,N/A
346,1770559977468,Sentence shown,HVL_113_A,true,,true,N/A,N/A,N/A,N/A,N/A,N/A,N/A
346,1770559978597,IR pressed,HVL_113_A,true,,true,Spacebar,1,N/A,1129,N/A,N/A,N/A
346,1770559979045,WR pressed,HVL_113_A,true,,true,Yes,N/A,0,N/A,448,N/A,N/A
346,1770559979046,gap_time,N/A,true,,true,GapTime_1181,N/A,N/A,N/A,N/A,N/A,N/A
346,1770559980236,Sentence shown,HH_143_A,true,,true,N/A,N/A,N/A,N/A,N/A,N/A,N/A
346,1770559983510,IR pressed,HH_143_A,true,,true,Spacebar,1,N/A,3274,N/A,N/A,N/A
346,1770559983773,WR pressed,HH_143_A,true,,true,No,N/A,1,N/A,263,N/A,N/A
346,1770559983774,gap_time,N/A,true,,true,GapTime_912,N/A,N/A,N/A,N/A,N/A,N/A
346,1770559984694,Sentence shown,HF_20_A,,,,N/A,N/A,N/A,N/A,N/A,N/A,N/A
346,1770559986525,Validation Wrong IR pressed,HF_20_A,,,,Spacebar,0,N/A,1831,N/A,N/A,N/A
346,1770559986525,IR pressed,HF_20_A,,,,Spacebar,0,N/A,1831,N/A,N/A,N/A
346,1770559986926,WR pressed,HF_20_A,,,,No,N/A,N/A,N/A,401,N/A,N/A
346,1770559986926,gap_time,N/A,,,,GapTime_1059,N/A,N/A,N/A,N/A,N/A,N/A
346,1770559987989,Sentence shown,HF_12_A,,,,N/A,N/A,N/A,N/A,N/A,N/A,N/A
346,1770559990845,Validation Wrong IR pressed,HF_12_A,,,,Spacebar,0,N/A,2856,N/A,N/A,N/A
346,1770559990845,IR pressed,HF_12_A,,,,Spacebar,0,N/A,2856,N/A,N/A,N/A
346,1770559991213,WR pressed,HF_12_A,,,,No,N/A,N/A,N/A,368,N/A,N/A
346,1770559991214,gap_time,N/A,,,,GapTime_1020,N/A,N/A,N/A,N/A,N/A,N/A
346,1770559992240,Sentence shown,HF_20_A,,true,true,N/A,N/A,N/A,N/A,N/A,N/A,N/A
346,1770559996257,Validation Missed,HF_20_A,,true,true,None,0,N/A,N/A,N/A,N/A,N/A
346,1770559996258,gap_time,N/A,,true,true,GapTime_807,N/A,N/A,N/A,N/A,N/A,N/A
346,1770559997081,Sentence shown,HF_12_A,,true,true,N/A,N/A,N/A,N/A,N/A,N/A,N/A
346,1770559998758,Validation IR pressed,HF_12_A,,true,true,Spacebar,1,N/A,1677,N/A,N/A,N/A
346,1770559998758,IR pressed,HF_12_A,,true,true,Spacebar,1,N/A,1677,N/A,N/A,N/A
346,1770559999469,WR pressed,HF_12_A,,true,true,Yes,N/A,N/A,N/A,711,N/A,N/A
346,1770559999470,gap_time,N/A,,true,true,GapTime_983,N/A,N/A,N/A,N/A,N/A,N/A
346,1770560000456,Sentence shown,HH_172_A,true,,,N/A,N/A,N/A,N/A,N/A,N/A,N/A
346,1770560004461,gap_time,N/A,true,,,GapTime_1005,N/A,N/A,N/A,N/A,N/A,N/A
346,1770560005472,Sentence shown,HVL_118_P,true,,true,N/A,N/A,N/A,N/A,N/A,N/A,N/A
346,1770560007877,IR pressed,HVL_118_P,true,,true,Spacebar,1,N/A,2405,N/A,N/A,N/A
346,1770560008814,WR pressed,HVL_118_P,true,,true,No,N/A,1,N/A,937,N/A,N/A
346,1770560008815,gap_time,N/A,true,,true,GapTime_1033,N/A,N/A,N/A,N/A,N/A,N/A
346,1770560009858,Sentence shown,HVL_151_A,true,,,N/A,N/A,N/A,N/A,N/A,N/A,N/A
346,1770560013867,gap_time,N/A,true,,,GapTime_829,N/A,N/A,N/A,N/A,N/A,N/A
346,1770560014698,Sentence shown,LVL_107_A,true,,true,N/A,N/A,N/A,N/A,N/A,N/A,N/A
346,1770560016237,IR pressed,LVL_107_A,true,,true,Spacebar,1,N/A,1539,N/A,N/A,N/A
346,1770560018998,WR pressed,LVL_107_A,true,,true,Yes,N/A,0,N/A,2761,N/A,N/A
346,1770560018998,gap_time,N/A,true,,true,GapTime_1072,N/A,N/A,N/A,N/A,N/A,N/A
346,1770560020085,Sentence shown,HH_172_A,true,,true,N/A,N/A,N/A,N/A,N/A,N/A,N/A
346,1770560021501,IR pressed,HH_172_A,true,,true,Spacebar,1,N/A,1416,N/A,N/A,N/A
346,1770560022061,WR pressed,HH_172_A,true,,true,No,N/A,0,N/A,560,N/A,N/A
346,1770560022062,gap_time,N/A,true,,true,GapTime_847,N/A,N/A,N/A,N/A,N/A,N/A
346,1770560022926,Sentence shown,HVL_151_A,true,,true,N/A,N/A,N/A,N/A,N/A,N/A,N/A
346,1770560024677,IR pressed,HVL_151_A,true,,true,Spacebar,1,N/A,1751,N/A,N/A,N/A
346,1770560027573,WR pressed,HVL_151_A,true,,true,Yes,N/A,1,N/A,2896,N/A,N/A
346,1770560027573,gap_time,N/A,true,,true,GapTime_882,N/A,N/A,N/A,N/A,N/A,N/A
346,1770560028459,Rest Phase started,N/A,true,,true,Rest,N/A,N/A,N/A,N/A,N/A,N/A
346,1770560100121,Sentence shown,HF_65_A,,,,N/A,N/A,N/A,N/A,N/A,N/A,N/A
346,1770560104133,gap_time,N/A,,,,GapTime_961,N/A,N/A,N/A,N/A,N/A,N/A
346,1770560105102,Sentence shown,LVH_172_P,true,,,N/A,N/A,N/A,N/A,N/A,N/A,N/A
346,1770560109106,gap_time,N/A,true,,,GapTime_1260,N/A,N/A,N/A,N/A,N/A,N/A
346,1770560110377,Sentence shown,LVH_140_A,true,,,N/A,N/A,N/A,N/A,N/A,N/A,N/A
346,1770560114381,gap_time,N/A,true,,,GapTime_772,N/A,N/A,N/A,N/A,N/A,N/A
346,1770560115159,Sentence shown,HF_65_A,,true,true,N/A,N/A,N/A,N/A,N/A,N/A,N/A
346,1770560117437,Validation IR pressed,HF_65_A,,true,true,Spacebar,1,N/A,2278,N/A,N/A,N/A
346,1770560117437,IR pressed,HF_65_A,,true,true,Spacebar,1,N/A,2278,N/A,N/A,N/A
346,1770560122556,WR pressed,HF_65_A,,true,true,No,N/A,N/A,N/A,5119,N/A,N/A
346,1770560122557,gap_time,N/A,,true,true,GapTime_735,N/A,N/A,N/A,N/A,N/A,N/A
346,1770560123304,Sentence shown,LVL_108_A,true,,,N/A,N/A,N/A,N/A,N/A,N/A,N/A
346,1770560127309,gap_time,N/A,true,,,GapTime_898,N/A,N/A,N/A,N/A,N/A,N/A
346,1770560128220,Sentence shown,HF_43_A,,,,N/A,N/A,N/A,N/A,N/A,N/A,N/A
346,1770560132227,gap_time,N/A,,,,GapTime_851,N/A,N/A,N/A,N/A,N/A,N/A
346,1770560133088,Sentence shown,HF_47_A,,,,N/A,N/A,N/A,N/A,N/A,N/A,N/A
346,1770560137098,gap_time,N/A,,,,GapTime_864,N/A,N/A,N/A,N/A,N/A,N/A
346,1770560137971,Sentence shown,HF_37_A,,,,N/A,N/A,N/A,N/A,N/A,N/A,N/A
346,1770560141983,gap_time,N/A,,,,GapTime_749,N/A,N/A,N/A,N/A,N/A,N/A
346,1770560142740,Sentence shown,HF_43_A,,true,true,N/A,N/A,N/A,N/A,N/A,N/A,N/A
346,1770560143773,Validation IR pressed,HF_43_A,,true,true,Spacebar,1,N/A,1033,N/A,N/A,N/A
346,1770560143773,IR pressed,HF_43_A,,true,true,Spacebar,1,N/A,1033,N/A,N/A,N/A
346,1770560145908,WR pressed,HF_43_A,,true,true,Yes,N/A,N/A,N/A,2135,N/A,N/A
346,1770560145908,gap_time,N/A,,true,true,GapTime_1024,N/A,N/A,N/A,N/A,N/A,N/A
346,1770560146946,Sentence shown,HF_62_A,,,,N/A,N/A,N/A,N/A,N/A,N/A,N/A
346,1770560150957,gap_time,N/A,,,,GapTime_864,N/A,N/A,N/A,N/A,N/A,N/A
346,1770560151837,Sentence shown,LVH_140_P,true,,true,N/A,N/A,N/A,N/A,N/A,N/A,N/A
346,1770560154877,IR pressed,LVH_140_P,true,,true,Spacebar,1,N/A,3040,N/A,N/A,N/A
346,1770560155940,WR pressed,LVH_140_P,true,,true,No,N/A,1,N/A,1063,N/A,N/A
346,1770560155940,gap_time,N/A,true,,true,GapTime_1174,N/A,N/A,N/A,N/A,N/A,N/A
346,1770560157129,Sentence shown,LVH_172_P,true,,true,N/A,N/A,N/A,N/A,N/A,N/A,N/A
346,1770560158812,IR pressed,LVH_172_P,true,,true,Spacebar,1,N/A,1683,N/A,N/A,N/A
346,1770560159300,WR pressed,LVH_172_P,true,,true,No,N/A,0,N/A,488,N/A,N/A
346,1770560159300,gap_time,N/A,true,,true,GapTime_940,N/A,N/A,N/A,N/A,N/A,N/A
346,1770560160249,Sentence shown,LVH_104_A,true,,,N/A,N/A,N/A,N/A,N/A,N/A,N/A
346,1770560164260,gap_time,N/A,true,,,GapTime_849,N/A,N/A,N/A,N/A,N/A,N/A
346,1770560165125,Sentence shown,HF_36_A,,,,N/A,N/A,N/A,N/A,N/A,N/A,N/A
346,1770560169132,gap_time,N/A,,,,GapTime_868,N/A,N/A,N/A,N/A,N/A,N/A
346,1770560170003,Sentence shown,LVL_108_P,true,,true,N/A,N/A,N/A,N/A,N/A,N/A,N/A
346,1770560172181,IR pressed,LVL_108_P,true,,true,Spacebar,1,N/A,2178,N/A,N/A,N/A
346,1770560174340,WR pressed,LVL_108_P,true,,true,No,N/A,1,N/A,2159,N/A,N/A
346,1770560174340,gap_time,N/A,true,,true,GapTime_737,N/A,N/A,N/A,N/A,N/A,N/A
346,1770560175088,Sentence shown,HF_35_A,,,,N/A,N/A,N/A,N/A,N/A,N/A,N/A
346,1770560179093,gap_time,N/A,,,,GapTime_954,N/A,N/A,N/A,N/A,N/A,N/A
346,1770560180051,Sentence shown,HF_36_A,,true,true,N/A,N/A,N/A,N/A,N/A,N/A,N/A
346,1770560184064,Validation Missed,HF_36_A,,true,true,None,0,N/A,N/A,N/A,N/A,N/A
346,1770560184064,gap_time,N/A,,true,true,GapTime_708,N/A,N/A,N/A,N/A,N/A,N/A
346,1770560184773,Sentence shown,HF_35_A,,true,true,N/A,N/A,N/A,N/A,N/A,N/A,N/A
346,1770560185957,Validation IR pressed,HF_35_A,,true,true,Spacebar,1,N/A,1183,N/A,N/A,N/A
346,1770560185957,IR pressed,HF_35_A,,true,true,Spacebar,1,N/A,1183,N/A,N/A,N/A
346,1770560186492,WR pressed,HF_35_A,,true,true,Yes,N/A,N/A,N/A,535,N/A,N/A
346,1770560186492,gap_time,N/A,,true,true,GapTime_742,N/A,N/A,N/A,N/A,N/A,N/A
346,1770560187239,Sentence shown,HF_41_A,,,,N/A,N/A,N/A,N/A,N/A,N/A,N/A
346,1770560191255,gap_time,N/A,,,,GapTime_810,N/A,N/A,N/A,N/A,N/A,N/A
346,1770560192081,Sentence shown,LVL_103_P,true,,,N/A,N/A,N/A,N/A,N/A,N/A,N/A
346,1770560195348,Validation Wrong IR pressed,LVL_103_P,true,,,Spacebar,0,N/A,3267,N/A,N/A,N/A
346,1770560195348,IR pressed,LVL_103_P,true,,,Spacebar,0,N/A,3267,N/A,N/A,N/A
346,1770560196541,WR pressed,LVL_103_P,true,,,No,N/A,0,N/A,1193,N/A,N/A
346,1770560196541,gap_time,N/A,true,,,GapTime_939,N/A,N/A,N/A,N/A,N/A,N/A
346,1770560197484,Sentence shown,HF_48_A,,,,N/A,N/A,N/A,N/A,N/A,N/A,N/A
346,1770560201499,gap_time,N/A,,,,GapTime_1056,N/A,N/A,N/A,N/A,N/A,N/A
346,1770560202562,Sentence shown,LVH_104_A,true,,true,N/A,N/A,N/A,N/A,N/A,N/A,N/A
346,1770560206575,gap_time,N/A,true,,true,GapTime_891,N/A,N/A,N/A,N/A,N/A,N/A
346,1770560207473,Sentence shown,HF_53_A,,,,N/A,N/A,N/A,N/A,N/A,N/A,N/A
346,1770560211475,gap_time,N/A,,,,GapTime_1265,N/A,N/A,N/A,N/A,N/A,N/A
346,1770560212756,Sentence shown,HF_54_A,,,,N/A,N/A,N/A,N/A,N/A,N/A,N/A
346,1770560214299,Validation Wrong IR pressed,HF_54_A,,,,Spacebar,0,N/A,1543,N/A,N/A,N/A
346,1770560214299,IR pressed,HF_54_A,,,,Spacebar,0,N/A,1543,N/A,N/A,N/A
346,1770560214732,WR pressed,HF_54_A,,,,No,N/A,N/A,N/A,433,N/A,N/A
346,1770560214732,gap_time,N/A,,,,GapTime_897,N/A,N/A,N/A,N/A,N/A,N/A
346,1770560215633,Sentence shown,HH_174_P,true,,,N/A,N/A,N/A,N/A,N/A,N/A,N/A
346,1770560219645,gap_time,N/A,true,,,GapTime_959,N/A,N/A,N/A,N/A,N/A,N/A
346,1770560220609,Sentence shown,HF_58_A,,,,N/A,N/A,N/A,N/A,N/A,N/A,N/A
346,1770560224616,gap_time,N/A,,,,GapTime_976,N/A,N/A,N/A,N/A,N/A,N/A
346,1770560225596,Sentence shown,HF_34_A,,,,N/A,N/A,N/A,N/A,N/A,N/A,N/A
346,1770560229598,gap_time,N/A,,,,GapTime_758,N/A,N/A,N/A,N/A,N/A,N/A
346,1770560230369,Sentence shown,LVL_103_P,true,,true,N/A,N/A,N/A,N/A,N/A,N/A,N/A
346,1770560231644,IR pressed,LVL_103_P,true,,true,Spacebar,1,N/A,1275,N/A,N/A,N/A
346,1770560234971,WR pressed,LVL_103_P,true,,true,Yes,N/A,1,N/A,3327,N/A,N/A
346,1770560234972,gap_time,N/A,true,,true,GapTime_964,N/A,N/A,N/A,N/A,N/A,N/A
346,1770560235943,Sentence shown,HF_56_A,,,,N/A,N/A,N/A,N/A,N/A,N/A,N/A
346,1770560239960,gap_time,N/A,,,,GapTime_1193,N/A,N/A,N/A,N/A,N/A,N/A
346,1770560241156,Sentence shown,HH_139_A,true,,,N/A,N/A,N/A,N/A,N/A,N/A,N/A
346,1770560245172,gap_time,N/A,true,,,GapTime_744,N/A,N/A,N/A,N/A,N/A,N/A
346,1770560245920,Sentence shown,LVL_139_A,true,,,N/A,N/A,N/A,N/A,N/A,N/A,N/A
346,1770560249924,gap_time,N/A,true,,,GapTime_858,N/A,N/A,N/A,N/A,N/A,N/A
346,1770560250799,Sentence shown,HH_174_P,true,,true,N/A,N/A,N/A,N/A,N/A,N/A,N/A
346,1770560252020,IR pressed,HH_174_P,true,,true,Spacebar,1,N/A,1221,N/A,N/A,N/A
346,1770560254770,WR pressed,HH_174_P,true,,true,Yes,N/A,1,N/A,2750,N/A,N/A
346,1770560254770,gap_time,N/A,true,,true,GapTime_1038,N/A,N/A,N/A,N/A,N/A,N/A
346,1770560255819,Sentence shown,HF_49_A,,,,N/A,N/A,N/A,N/A,N/A,N/A,N/A
346,1770560257739,Validation Wrong IR pressed,HF_49_A,,,,Spacebar,0,N/A,1920,N/A,N/A,N/A
346,1770560257739,IR pressed,HF_49_A,,,,Spacebar,0,N/A,1920,N/A,N/A,N/A
346,1770560259004,WR pressed,HF_49_A,,,,No,N/A,N/A,N/A,1264,N/A,N/A
346,1770560259004,gap_time,N/A,,,,GapTime_1053,N/A,N/A,N/A,N/A,N/A,N/A
346,1770560260059,Sentence shown,HF_63_A,,,,N/A,N/A,N/A,N/A,N/A,N/A,N/A
346,1770560261467,Validation Wrong IR pressed,HF_63_A,,,,Spacebar,0,N/A,1408,N/A,N/A,N/A
346,1770560261467,IR pressed,HF_63_A,,,,Spacebar,0,N/A,1408,N/A,N/A,N/A
346,1770560261739,WR pressed,HF_63_A,,,,No,N/A,N/A,N/A,272,N/A,N/A
346,1770560261739,gap_time,N/A,,,,GapTime_1094,N/A,N/A,N/A,N/A,N/A,N/A
346,1770560262842,Sentence shown,HH_139_A,true,,true,N/A,N/A,N/A,N/A,N/A,N/A,N/A
346,1770560264196,IR pressed,HH_139_A,true,,true,Spacebar,1,N/A,1354,N/A,N/A,N/A
346,1770560264659,WR pressed,HH_139_A,true,,true,Yes,N/A,1,N/A,463,N/A,N/A
346,1770560264660,gap_time,N/A,true,,true,GapTime_846,N/A,N/A,N/A,N/A,N/A,N/A
346,1770560265514,Sentence shown,HF_60_A,,,,N/A,N/A,N/A,N/A,N/A,N/A,N/A
346,1770560269517,gap_time,N/A,,,,GapTime_867,N/A,N/A,N/A,N/A,N/A,N/A
346,1770560270396,Sentence shown,LVL_139_A,true,,true,N/A,N/A,N/A,N/A,N/A,N/A,N/A
346,1770560272483,IR pressed,LVL_139_A,true,,true,Spacebar,1,N/A,2087,N/A,N/A,N/A
346,1770560273435,WR pressed,LVL_139_A,true,,true,No,N/A,0,N/A,952,N/A,N/A
346,1770560273435,gap_time,N/A,true,,true,GapTime_901,N/A,N/A,N/A,N/A,N/A,N/A
346,1770560274347,Sentence shown,HF_39_A,,,,N/A,N/A,N/A,N/A,N/A,N/A,N/A
346,1770560275764,Validation Wrong IR pressed,HF_39_A,,,,Spacebar,0,N/A,1417,N/A,N/A,N/A
346,1770560275764,IR pressed,HF_39_A,,,,Spacebar,0,N/A,1417,N/A,N/A,N/A
346,1770560276843,WR pressed,HF_39_A,,,,No,N/A,N/A,N/A,1079,N/A,N/A
346,1770560276843,gap_time,N/A,,,,GapTime_1021,N/A,N/A,N/A,N/A,N/A,N/A
346,1770560277873,Sentence shown,HVL_109_A,true,,,N/A,N/A,N/A,N/A,N/A,N/A,N/A
346,1770560279059,Validation Wrong IR pressed,HVL_109_A,true,,,Spacebar,0,N/A,1186,N/A,N/A,N/A
346,1770560279059,IR pressed,HVL_109_A,true,,,Spacebar,0,N/A,1186,N/A,N/A,N/A
346,1770560279323,WR pressed,HVL_109_A,true,,,No,N/A,0,N/A,264,N/A,N/A
346,1770560279323,gap_time,N/A,true,,,GapTime_924,N/A,N/A,N/A,N/A,N/A,N/A
346,1770560280260,Sentence shown,HF_61_A,,,,N/A,N/A,N/A,N/A,N/A,N/A,N/A
346,1770560281730,Validation Wrong IR pressed,HF_61_A,,,,Spacebar,0,N/A,1470,N/A,N/A,N/A
346,1770560281730,IR pressed,HF_61_A,,,,Spacebar,0,N/A,1470,N/A,N/A,N/A
346,1770560281954,WR pressed,HF_61_A,,,,No,N/A,N/A,N/A,224,N/A,N/A
346,1770560281954,gap_time,N/A,,,,GapTime_1180,N/A,N/A,N/A,N/A,N/A,N/A
346,1770560283136,Sentence shown,HF_51_A,,,,N/A,N/A,N/A,N/A,N/A,N/A,N/A
346,1770560285314,Validation Wrong IR pressed,HF_51_A,,,,Spacebar,0,N/A,2178,N/A,N/A,N/A
346,1770560285314,IR pressed,HF_51_A,,,,Spacebar,0,N/A,2178,N/A,N/A,N/A
346,1770560285555,WR pressed,HF_51_A,,,,No,N/A,N/A,N/A,241,N/A,N/A
346,1770560285555,gap_time,N/A,,,,GapTime_921,N/A,N/A,N/A,N/A,N/A,N/A
346,1770560286480,Sentence shown,HVL_134_P,true,,,N/A,N/A,N/A,N/A,N/A,N/A,N/A
346,1770560290496,gap_time,N/A,true,,,GapTime_773,N/A,N/A,N/A,N/A,N/A,N/A
346,1770560291284,Sentence shown,HH_138_P,true,,,N/A,N/A,N/A,N/A,N/A,N/A,N/A
346,1770560295288,gap_time,N/A,true,,,GapTime_913,N/A,N/A,N/A,N/A,N/A,N/A
346,1770560296209,Sentence shown,HF_64_A,,,,N/A,N/A,N/A,N/A,N/A,N/A,N/A
346,1770560300215,gap_time,N/A,,,,GapTime_815,N/A,N/A,N/A,N/A,N/A,N/A
346,1770560301043,Sentence shown,HF_38_A,,,,N/A,N/A,N/A,N/A,N/A,N/A,N/A
346,1770560303004,Validation Wrong IR pressed,HF_38_A,,,,Spacebar,0,N/A,1961,N/A,N/A,N/A
346,1770560303004,IR pressed,HF_38_A,,,,Spacebar,0,N/A,1961,N/A,N/A,N/A
346,1770560303779,WR pressed,HF_38_A,,,,No,N/A,N/A,N/A,775,N/A,N/A
346,1770560303779,gap_time,N/A,,,,GapTime_709,N/A,N/A,N/A,N/A,N/A,N/A
346,1770560304502,Sentence shown,HF_38_A,,true,true,N/A,N/A,N/A,N/A,N/A,N/A,N/A
346,1770560306019,Validation IR pressed,HF_38_A,,true,true,Spacebar,1,N/A,1517,N/A,N/A,N/A
346,1770560306019,IR pressed,HF_38_A,,true,true,Spacebar,1,N/A,1517,N/A,N/A,N/A
346,1770560308331,WR pressed,HF_38_A,,true,true,Yes,N/A,N/A,N/A,2312,N/A,N/A
346,1770560308331,gap_time,N/A,,true,true,GapTime_1011,N/A,N/A,N/A,N/A,N/A,N/A
346,1770560309355,Sentence shown,HF_42_A,,,,N/A,N/A,N/A,N/A,N/A,N/A,N/A
346,1770560311714,Validation Wrong IR pressed,HF_42_A,,,,Spacebar,0,N/A,2359,N/A,N/A,N/A
346,1770560311714,IR pressed,HF_42_A,,,,Spacebar,0,N/A,2359,N/A,N/A,N/A
346,1770560313019,WR pressed,HF_42_A,,,,No,N/A,N/A,N/A,1305,N/A,N/A
346,1770560313019,gap_time,N/A,,,,GapTime_1161,N/A,N/A,N/A,N/A,N/A,N/A
346,1770560314184,Sentence shown,HVL_109_A,true,,true,N/A,N/A,N/A,N/A,N/A,N/A,N/A
346,1770560315651,IR pressed,HVL_109_A,true,,true,Spacebar,1,N/A,1467,N/A,N/A,N/A
346,1770560316179,WR pressed,HVL_109_A,true,,true,Yes,N/A,1,N/A,527,N/A,N/A
346,1770560316179,gap_time,N/A,true,,true,GapTime_1201,N/A,N/A,N/A,N/A,N/A,N/A
346,1770560317385,Sentence shown,HVL_144_P,true,,,N/A,N/A,N/A,N/A,N/A,N/A,N/A
346,1770560321399,gap_time,N/A,true,,,GapTime_752,N/A,N/A,N/A,N/A,N/A,N/A
346,1770560322163,Sentence shown,HH_147_A,true,,,N/A,N/A,N/A,N/A,N/A,N/A,N/A
346,1770560326169,gap_time,N/A,true,,,GapTime_1106,N/A,N/A,N/A,N/A,N/A,N/A
346,1770560327289,Sentence shown,HF_44_A,,,,N/A,N/A,N/A,N/A,N/A,N/A,N/A
346,1770560329515,Validation Wrong IR pressed,HF_44_A,,,,Spacebar,0,N/A,2226,N/A,N/A,N/A
346,1770560329515,IR pressed,HF_44_A,,,,Spacebar,0,N/A,2226,N/A,N/A,N/A
346,1770560329938,WR pressed,HF_44_A,,,,No,N/A,N/A,N/A,423,N/A,N/A
346,1770560329938,gap_time,N/A,,,,GapTime_1033,N/A,N/A,N/A,N/A,N/A,N/A
346,1770560330975,Sentence shown,HF_44_A,,true,true,N/A,N/A,N/A,N/A,N/A,N/A,N/A
346,1770560332251,Validation IR pressed,HF_44_A,,true,true,Spacebar,1,N/A,1276,N/A,N/A,N/A
346,1770560332251,IR pressed,HF_44_A,,true,true,Spacebar,1,N/A,1276,N/A,N/A,N/A
346,1770560332563,WR pressed,HF_44_A,,true,true,Yes,N/A,N/A,N/A,312,N/A,N/A
346,1770560332563,gap_time,N/A,,true,true,GapTime_1196,N/A,N/A,N/A,N/A,N/A,N/A
346,1770560333769,Sentence shown,HVL_134_P,true,,true,N/A,N/A,N/A,N/A,N/A,N/A,N/A
346,1770560335195,IR pressed,HVL_134_P,true,,true,Spacebar,1,N/A,1426,N/A,N/A,N/A
346,1770560335482,WR pressed,HVL_134_P,true,,true,Yes,N/A,1,N/A,287,N/A,N/A
346,1770560335482,gap_time,N/A,true,,true,GapTime_1017,N/A,N/A,N/A,N/A,N/A,N/A
346,1770560336507,Sentence shown,HH_138_A,true,,true,N/A,N/A,N/A,N/A,N/A,N/A,N/A
346,1770560338387,IR pressed,HH_138_A,true,,true,Spacebar,1,N/A,1880,N/A,N/A,N/A
346,1770560338874,WR pressed,HH_138_A,true,,true,Yes,N/A,0,N/A,487,N/A,N/A
346,1770560338875,gap_time,N/A,true,,true,GapTime_822,N/A,N/A,N/A,N/A,N/A,N/A
346,1770560339712,Sentence shown,HF_40_A,,,,N/A,N/A,N/A,N/A,N/A,N/A,N/A
346,1770560341339,Validation Wrong IR pressed,HF_40_A,,,,Spacebar,0,N/A,1627,N/A,N/A,N/A
346,1770560341339,IR pressed,HF_40_A,,,,Spacebar,0,N/A,1627,N/A,N/A,N/A
346,1770560341610,WR pressed,HF_40_A,,,,No,N/A,N/A,N/A,271,N/A,N/A
346,1770560341610,gap_time,N/A,,,,GapTime_1080,N/A,N/A,N/A,N/A,N/A,N/A
346,1770560342706,Sentence shown,HF_45_A,,,,N/A,N/A,N/A,N/A,N/A,N/A,N/A
346,1770560345258,Validation Wrong IR pressed,HF_45_A,,,,Spacebar,0,N/A,2552,N/A,N/A,N/A
346,1770560345258,IR pressed,HF_45_A,,,,Spacebar,0,N/A,2552,N/A,N/A,N/A
346,1770560345795,WR pressed,HF_45_A,,,,No,N/A,N/A,N/A,536,N/A,N/A
346,1770560345795,gap_time,N/A,,,,GapTime_868,N/A,N/A,N/A,N/A,N/A,N/A
346,1770560346675,Sentence shown,HF_45_A,,true,true,N/A,N/A,N/A,N/A,N/A,N/A,N/A
346,1770560347995,Validation IR pressed,HF_45_A,,true,true,Spacebar,1,N/A,1320,N/A,N/A,N/A
346,1770560347995,IR pressed,HF_45_A,,true,true,Spacebar,1,N/A,1320,N/A,N/A,N/A
346,1770560348290,WR pressed,HF_45_A,,true,true,Yes,N/A,N/A,N/A,295,N/A,N/A
346,1770560348291,gap_time,N/A,,true,true,GapTime_844,N/A,N/A,N/A,N/A,N/A,N/A
346,1770560349146,Sentence shown,HVL_144_A,true,,true,N/A,N/A,N/A,N/A,N/A,N/A,N/A
346,1770560352547,IR pressed,HVL_144_A,true,,true,Spacebar,1,N/A,3401,N/A,N/A,N/A
346,1770560353322,WR pressed,HVL_144_A,true,,true,Yes,N/A,0,N/A,775,N/A,N/A
346,1770560353323,gap_time,N/A,true,,true,GapTime_933,N/A,N/A,N/A,N/A,N/A,N/A
346,1770560354265,Sentence shown,LVH_138_P,true,,,N/A,N/A,N/A,N/A,N/A,N/A,N/A
346,1770560358266,gap_time,N/A,true,,,GapTime_833,N/A,N/A,N/A,N/A,N/A,N/A
346,1770560359110,Sentence shown,HF_50_A,,,,N/A,N/A,N/A,N/A,N/A,N/A,N/A
346,1770560363115,gap_time,N/A,,,,GapTime_1031,N/A,N/A,N/A,N/A,N/A,N/A
346,1770560364154,Sentence shown,HF_57_A,,,,N/A,N/A,N/A,N/A,N/A,N/A,N/A
346,1770560367098,Validation Wrong IR pressed,HF_57_A,,,,Spacebar,0,N/A,2944,N/A,N/A,N/A
346,1770560367098,IR pressed,HF_57_A,,,,Spacebar,0,N/A,2944,N/A,N/A,N/A
346,1770560367466,WR pressed,HF_57_A,,,,Yes,N/A,N/A,N/A,368,N/A,N/A
346,1770560367467,gap_time,N/A,,,,GapTime_765,N/A,N/A,N/A,N/A,N/A,N/A
346,1770560368245,Sentence shown,HF_59_A,,,,N/A,N/A,N/A,N/A,N/A,N/A,N/A
346,1770560370658,Validation Wrong IR pressed,HF_59_A,,,,Spacebar,0,N/A,2413,N/A,N/A,N/A
346,1770560370658,IR pressed,HF_59_A,,,,Spacebar,0,N/A,2413,N/A,N/A,N/A
346,1770560371202,WR pressed,HF_59_A,,,,No,N/A,N/A,N/A,544,N/A,N/A
346,1770560371203,gap_time,N/A,,,,GapTime_804,N/A,N/A,N/A,N/A,N/A,N/A
346,1770560372011,Sentence shown,HF_50_A,,true,true,N/A,N/A,N/A,N/A,N/A,N/A,N/A
346,1770560373322,Validation IR pressed,HF_50_A,,true,true,Spacebar,1,N/A,1311,N/A,N/A,N/A
346,1770560373322,IR pressed,HF_50_A,,true,true,Spacebar,1,N/A,1311,N/A,N/A,N/A
346,1770560373634,WR pressed,HF_50_A,,true,true,Yes,N/A,N/A,N/A,312,N/A,N/A
346,1770560373634,gap_time,N/A,,true,true,GapTime_1048,N/A,N/A,N/A,N/A,N/A,N/A
346,1770560374690,Sentence shown,HH_147_P,true,,true,N/A,N/A,N/A,N/A,N/A,N/A,N/A
346,1770560377339,IR pressed,HH_147_P,true,,true,Spacebar,1,N/A,2649,N/A,N/A,N/A
346,1770560377666,WR pressed,HH_147_P,true,,true,No,N/A,1,N/A,327,N/A,N/A
346,1770560377666,gap_time,N/A,true,,true,GapTime_1043,N/A,N/A,N/A,N/A,N/A,N/A
346,1770560378719,Sentence shown,HF_55_A,,,,N/A,N/A,N/A,N/A,N/A,N/A,N/A
346,1770560380346,Validation Wrong IR pressed,HF_55_A,,,,Spacebar,0,N/A,1627,N/A,N/A,N/A
346,1770560380346,IR pressed,HF_55_A,,,,Spacebar,0,N/A,1627,N/A,N/A,N/A
346,1770560381770,WR pressed,HF_55_A,,,,No,N/A,N/A,N/A,1424,N/A,N/A
346,1770560381771,gap_time,N/A,,,,GapTime_811,N/A,N/A,N/A,N/A,N/A,N/A
346,1770560382595,Sentence shown,HF_46_A,,,,N/A,N/A,N/A,N/A,N/A,N/A,N/A
346,1770560386598,gap_time,N/A,,,,GapTime_999,N/A,N/A,N/A,N/A,N/A,N/A
346,1770560387605,Sentence shown,HF_46_A,,true,true,N/A,N/A,N/A,N/A,N/A,N/A,N/A
346,1770560388507,Validation IR pressed,HF_46_A,,true,true,Spacebar,1,N/A,902,N/A,N/A,N/A
346,1770560388507,IR pressed,HF_46_A,,true,true,Spacebar,1,N/A,902,N/A,N/A,N/A
346,1770560388818,WR pressed,HF_46_A,,true,true,Yes,N/A,N/A,N/A,311,N/A,N/A
346,1770560388818,gap_time,N/A,,true,true,GapTime_971,N/A,N/A,N/A,N/A,N/A,N/A
346,1770560389806,Sentence shown,LVH_138_A,true,,true,N/A,N/A,N/A,N/A,N/A,N/A,N/A
346,1770560393819,gap_time,N/A,true,,true,GapTime_1239,N/A,N/A,N/A,N/A,N/A,N/A
346,1770560395071,Sentence shown,LVL_116_P,true,,,N/A,N/A,N/A,N/A,N/A,N/A,N/A
346,1770560397226,Validation Wrong IR pressed,LVL_116_P,true,,,Spacebar,0,N/A,2155,N/A,N/A,N/A
346,1770560397226,IR pressed,LVL_116_P,true,,,Spacebar,0,N/A,2155,N/A,N/A,N/A
346,1770560397498,WR pressed,LVL_116_P,true,,,No,N/A,1,N/A,272,N/A,N/A
346,1770560397498,gap_time,N/A,true,,,GapTime_975,N/A,N/A,N/A,N/A,N/A,N/A
346,1770560398489,Sentence shown,HVL_104_A,true,,,N/A,N/A,N/A,N/A,N/A,N/A,N/A
346,1770560402493,gap_time,N/A,true,,,GapTime_1166,N/A,N/A,N/A,N/A,N/A,N/A
346,1770560403666,Sentence shown,HF_52_A,,,,N/A,N/A,N/A,N/A,N/A,N/A,N/A
346,1770560405259,Validation Wrong IR pressed,HF_52_A,,,,Spacebar,0,N/A,1593,N/A,N/A,N/A
346,1770560405259,IR pressed,HF_52_A,,,,Spacebar,0,N/A,1593,N/A,N/A,N/A
346,1770560405914,WR pressed,HF_52_A,,,,No,N/A,N/A,N/A,655,N/A,N/A
346,1770560405915,gap_time,N/A,,,,GapTime_896,N/A,N/A,N/A,N/A,N/A,N/A
346,1770560406823,Sentence shown,LVL_116_A,true,,true,N/A,N/A,N/A,N/A,N/A,N/A,N/A
346,1770560409034,IR pressed,LVL_116_A,true,,true,Spacebar,1,N/A,2211,N/A,N/A,N/A
346,1770560409354,WR pressed,LVL_116_A,true,,true,No,N/A,1,N/A,320,N/A,N/A
346,1770560409354,gap_time,N/A,true,,true,GapTime_719,N/A,N/A,N/A,N/A,N/A,N/A
346,1770560410078,Sentence shown,HF_52_A,,true,true,N/A,N/A,N/A,N/A,N/A,N/A,N/A
346,1770560411362,Validation IR pressed,HF_52_A,,true,true,Spacebar,1,N/A,1284,N/A,N/A,N/A
346,1770560411362,IR pressed,HF_52_A,,true,true,Spacebar,1,N/A,1284,N/A,N/A,N/A
346,1770560411666,WR pressed,HF_52_A,,true,true,Yes,N/A,N/A,N/A,304,N/A,N/A
346,1770560411666,gap_time,N/A,,true,true,GapTime_1076,N/A,N/A,N/A,N/A,N/A,N/A
346,1770560412760,Sentence shown,HVL_104_P,true,,true,N/A,N/A,N/A,N/A,N/A,N/A,N/A
346,1770560414514,IR pressed,HVL_104_P,true,,true,Spacebar,1,N/A,1754,N/A,N/A,N/A
346,1770560415138,WR pressed,HVL_104_P,true,,true,Yes,N/A,0,N/A,624,N/A,N/A
346,1770560415138,gap_time,N/A,true,,true,GapTime_1039,N/A,N/A,N/A,N/A,N/A,N/A
346,1770560416185,Rest Phase started,N/A,true,,true,Rest,N/A,N/A,N/A,N/A,N/A,N/A
346,1770560474701,Sentence shown,HF_92_A,,,,N/A,N/A,N/A,N/A,N/A,N/A,N/A
346,1770560478703,gap_time,N/A,,,,GapTime_975,N/A,N/A,N/A,N/A,N/A,N/A
346,1770560479689,Sentence shown,HF_88_A,,,,N/A,N/A,N/A,N/A,N/A,N/A,N/A
346,1770560483705,gap_time,N/A,,,,GapTime_980,N/A,N/A,N/A,N/A,N/A,N/A
346,1770560484697,Sentence shown,HF_71_A,,,,N/A,N/A,N/A,N/A,N/A,N/A,N/A
346,1770560486034,Validation Wrong IR pressed,HF_71_A,,,,Spacebar,0,N/A,1337,N/A,N/A,N/A
346,1770560486034,IR pressed,HF_71_A,,,,Spacebar,0,N/A,1337,N/A,N/A,N/A
346,1770560487073,WR pressed,HF_71_A,,,,Yes,N/A,N/A,N/A,1039,N/A,N/A
346,1770560487074,gap_time,N/A,,,,GapTime_938,N/A,N/A,N/A,N/A,N/A,N/A
346,1770560488017,Sentence shown,HF_87_A,,,,N/A,N/A,N/A,N/A,N/A,N/A,N/A
346,1770560492029,gap_time,N/A,,,,GapTime_1273,N/A,N/A,N/A,N/A,N/A,N/A
346,1770560493306,Sentence shown,HF_70_A,,,,N/A,N/A,N/A,N/A,N/A,N/A,N/A
346,1770560497321,gap_time,N/A,,,,GapTime_1078,N/A,N/A,N/A,N/A,N/A,N/A
346,1770560498413,Sentence shown,HF_70_A,,true,true,N/A,N/A,N/A,N/A,N/A,N/A,N/A
346,1770560502421,Validation Missed,HF_70_A,,true,true,None,0,N/A,N/A,N/A,N/A,N/A
346,1770560502422,gap_time,N/A,,true,true,GapTime_970,N/A,N/A,N/A,N/A,N/A,N/A
346,1770560503405,Sentence shown,HF_94_A,,,,N/A,N/A,N/A,N/A,N/A,N/A,N/A
346,1770560507416,gap_time,N/A,,,,GapTime_1162,N/A,N/A,N/A,N/A,N/A,N/A
346,1770560508592,Sentence shown,HF_76_A,,,,N/A,N/A,N/A,N/A,N/A,N/A,N/A
346,1770560512607,gap_time,N/A,,,,GapTime_1033,N/A,N/A,N/A,N/A,N/A,N/A
346,1770560513653,Sentence shown,HF_82_A,,,,N/A,N/A,N/A,N/A,N/A,N/A,N/A
346,1770560517659,gap_time,N/A,,,,GapTime_972,N/A,N/A,N/A,N/A,N/A,N/A
346,1770560518632,Sentence shown,HF_72_A,,,,N/A,N/A,N/A,N/A,N/A,N/A,N/A
346,1770560522644,gap_time,N/A,,,,GapTime_704,N/A,N/A,N/A,N/A,N/A,N/A
346,1770560523358,Sentence shown,HF_79_A,,,,N/A,N/A,N/A,N/A,N/A,N/A,N/A
346,1770560527369,gap_time,N/A,,,,GapTime_874,N/A,N/A,N/A,N/A,N/A,N/A
346,1770560528257,Sentence shown,HF_97_A,,,,N/A,N/A,N/A,N/A,N/A,N/A,N/A
346,1770560532264,gap_time,N/A,,,,GapTime_1070,N/A,N/A,N/A,N/A,N/A,N/A
346,1770560533346,Sentence shown,LVH_152_P,true,,,N/A,N/A,N/A,N/A,N/A,N/A,N/A
346,1770560537347,gap_time,N/A,true,,,GapTime_1176,N/A,N/A,N/A,N/A,N/A,N/A
346,1770560538537,Sentence shown,HF_73_A,,,,N/A,N/A,N/A,N/A,N/A,N/A,N/A
346,1770560542538,gap_time,N/A,,,,GapTime_961,N/A,N/A,N/A,N/A,N/A,N/A
346,1770560543512,Sentence shown,HF_69_A,,,,N/A,N/A,N/A,N/A,N/A,N/A,N/A
346,1770560547526,gap_time,N/A,,,,GapTime_1166,N/A,N/A,N/A,N/A,N/A,N/A
346,1770560548694,Sentence shown,HF_69_A,,true,true,N/A,N/A,N/A,N/A,N/A,N/A,N/A
346,1770560549810,Validation IR pressed,HF_69_A,,true,true,Spacebar,1,N/A,1115,N/A,N/A,N/A
346,1770560549810,IR pressed,HF_69_A,,true,true,Spacebar,1,N/A,1115,N/A,N/A,N/A
346,1770560550313,WR pressed,HF_69_A,,true,true,Yes,N/A,N/A,N/A,503,N/A,N/A
346,1770560550313,gap_time,N/A,,true,true,GapTime_1158,N/A,N/A,N/A,N/A,N/A,N/A
346,1770560551476,Sentence shown,HF_73_A,,true,true,N/A,N/A,N/A,N/A,N/A,N/A,N/A
346,1770560552609,Validation IR pressed,HF_73_A,,true,true,Spacebar,1,N/A,1133,N/A,N/A,N/A
346,1770560552609,IR pressed,HF_73_A,,true,true,Spacebar,1,N/A,1133,N/A,N/A,N/A
346,1770560552984,WR pressed,HF_73_A,,true,true,Yes,N/A,N/A,N/A,375,N/A,N/A
346,1770560552985,gap_time,N/A,,true,true,GapTime_977,N/A,N/A,N/A,N/A,N/A,N/A
346,1770560553964,Sentence shown,HF_68_A,,,,N/A,N/A,N/A,N/A,N/A,N/A,N/A
346,1770560555353,Validation Wrong IR pressed,HF_68_A,,,,Spacebar,0,N/A,1389,N/A,N/A,N/A
346,1770560555353,IR pressed,HF_68_A,,,,Spacebar,0,N/A,1389,N/A,N/A,N/A
346,1770560555698,WR pressed,HF_68_A,,,,No,N/A,N/A,N/A,344,N/A,N/A
346,1770560555698,gap_time,N/A,,,,GapTime_837,N/A,N/A,N/A,N/A,N/A,N/A
346,1770560556552,Sentence shown,HF_89_A,,,,N/A,N/A,N/A,N/A,N/A,N/A,N/A
346,1770560560555,gap_time,N/A,,,,GapTime_888,N/A,N/A,N/A,N/A,N/A,N/A
346,1770560561449,Sentence shown,HH_141_A,true,,,N/A,N/A,N/A,N/A,N/A,N/A,N/A
346,1770560565450,gap_time,N/A,true,,,GapTime_1096,N/A,N/A,N/A,N/A,N/A,N/A
346,1770560566556,Sentence shown,LVH_152_A,true,,true,N/A,N/A,N/A,N/A,N/A,N/A,N/A
346,1770560567737,IR pressed,LVH_152_A,true,,true,Spacebar,1,N/A,1181,N/A,N/A,N/A
346,1770560583137,WR pressed,LVH_152_A,true,,true,No,N/A,1,N/A,15400,N/A,N/A
346,1770560583138,gap_time,N/A,true,,true,GapTime_833,N/A,N/A,N/A,N/A,N/A,N/A
346,1770560583973,Sentence shown,LVH_130_A,true,,,N/A,N/A,N/A,N/A,N/A,N/A,N/A
346,1770560587980,gap_time,N/A,true,,,GapTime_1097,N/A,N/A,N/A,N/A,N/A,N/A
346,1770560589090,Sentence shown,HF_67_A,,,,N/A,N/A,N/A,N/A,N/A,N/A,N/A
346,1770560593092,gap_time,N/A,,,,GapTime_1244,N/A,N/A,N/A,N/A,N/A,N/A
346,1770560594338,Sentence shown,HF_80_A,,,,N/A,N/A,N/A,N/A,N/A,N/A,N/A
346,1770560597593,Validation Wrong IR pressed,HF_80_A,,,,Spacebar,0,N/A,3255,N/A,N/A,N/A
346,1770560597593,IR pressed,HF_80_A,,,,Spacebar,0,N/A,3255,N/A,N/A,N/A
346,1770560599001,WR pressed,HF_80_A,,,,No,N/A,N/A,N/A,1407,N/A,N/A
346,1770560599001,gap_time,N/A,,,,GapTime_1275,N/A,N/A,N/A,N/A,N/A,N/A
346,1770560600288,Sentence shown,HH_141_A,true,,true,N/A,N/A,N/A,N/A,N/A,N/A,N/A
346,1770560602096,IR pressed,HH_141_A,true,,true,Spacebar,1,N/A,1808,N/A,N/A,N/A
346,1770560602760,WR pressed,HH_141_A,true,,true,Yes,N/A,1,N/A,664,N/A,N/A
346,1770560602761,gap_time,N/A,true,,true,GapTime_1010,N/A,N/A,N/A,N/A,N/A,N/A
346,1770560603776,Sentence shown,LVL_124_A,true,,,N/A,N/A,N/A,N/A,N/A,N/A,N/A
346,1770560607790,gap_time,N/A,true,,,GapTime_1280,N/A,N/A,N/A,N/A,N/A,N/A
346,1770560609085,Sentence shown,HVL_125_A,true,,,N/A,N/A,N/A,N/A,N/A,N/A,N/A
346,1770560613102,gap_time,N/A,true,,,GapTime_1094,N/A,N/A,N/A,N/A,N/A,N/A
346,1770560614208,Sentence shown,HF_83_A,,,,N/A,N/A,N/A,N/A,N/A,N/A,N/A
346,1770560615641,Validation Wrong IR pressed,HF_83_A,,,,Spacebar,0,N/A,1433,N/A,N/A,N/A
346,1770560615641,IR pressed,HF_83_A,,,,Spacebar,0,N/A,1433,N/A,N/A,N/A
346,1770560616416,WR pressed,HF_83_A,,,,No,N/A,N/A,N/A,775,N/A,N/A
346,1770560616417,gap_time,N/A,,,,GapTime_1120,N/A,N/A,N/A,N/A,N/A,N/A
346,1770560617540,Sentence shown,LVH_130_A,true,,true,N/A,N/A,N/A,N/A,N/A,N/A,N/A
346,1770560619352,IR pressed,LVH_130_A,true,,true,Spacebar,1,N/A,1812,N/A,N/A,N/A
346,1770560619824,WR pressed,LVH_130_A,true,,true,Yes,N/A,1,N/A,472,N/A,N/A
346,1770560619824,gap_time,N/A,true,,true,GapTime_899,N/A,N/A,N/A,N/A,N/A,N/A
346,1770560620729,Sentence shown,HF_90_A,,,,N/A,N/A,N/A,N/A,N/A,N/A,N/A
346,1770560622440,Validation Wrong IR pressed,HF_90_A,,,,Spacebar,0,N/A,1711,N/A,N/A,N/A
346,1770560622440,IR pressed,HF_90_A,,,,Spacebar,0,N/A,1711,N/A,N/A,N/A
346,1770560622840,WR pressed,HF_90_A,,,,No,N/A,N/A,N/A,400,N/A,N/A
346,1770560622840,gap_time,N/A,,,,GapTime_1086,N/A,N/A,N/A,N/A,N/A,N/A
346,1770560623941,Sentence shown,LVL_124_P,true,,true,N/A,N/A,N/A,N/A,N/A,N/A,N/A
346,1770560625376,IR pressed,LVL_124_P,true,,true,Spacebar,1,N/A,1435,N/A,N/A,N/A
346,1770560625681,WR pressed,LVL_124_P,true,,true,Yes,N/A,0,N/A,305,N/A,N/A
346,1770560625681,gap_time,N/A,true,,true,GapTime_1188,N/A,N/A,N/A,N/A,N/A,N/A
346,1770560626884,Sentence shown,HH_170_A,true,,,N/A,N/A,N/A,N/A,N/A,N/A,N/A
346,1770560630892,gap_time,N/A,true,,,GapTime_1139,N/A,N/A,N/A,N/A,N/A,N/A
346,1770560632047,Sentence shown,HF_90_A,,true,true,N/A,N/A,N/A,N/A,N/A,N/A,N/A
346,1770560633456,Validation IR pressed,HF_90_A,,true,true,Spacebar,1,N/A,1409,N/A,N/A,N/A
346,1770560633456,IR pressed,HF_90_A,,true,true,Spacebar,1,N/A,1409,N/A,N/A,N/A
346,1770560633736,WR pressed,HF_90_A,,true,true,Yes,N/A,N/A,N/A,280,N/A,N/A
346,1770560633736,gap_time,N/A,,true,true,GapTime_1239,N/A,N/A,N/A,N/A,N/A,N/A
346,1770560634985,Sentence shown,HF_78_A,,,,N/A,N/A,N/A,N/A,N/A,N/A,N/A
346,1770560638995,gap_time,N/A,,,,GapTime_1149,N/A,N/A,N/A,N/A,N/A,N/A
346,1770560640151,Sentence shown,LVL_125_P,true,,,N/A,N/A,N/A,N/A,N/A,N/A,N/A
346,1770560644159,gap_time,N/A,true,,,GapTime_830,N/A,N/A,N/A,N/A,N/A,N/A
346,1770560644997,Sentence shown,HF_85_A,,,,N/A,N/A,N/A,N/A,N/A,N/A,N/A
346,1770560646337,Validation Wrong IR pressed,HF_85_A,,,,Spacebar,0,N/A,1340,N/A,N/A,N/A
346,1770560646337,IR pressed,HF_85_A,,,,Spacebar,0,N/A,1340,N/A,N/A,N/A
346,1770560646720,WR pressed,HF_85_A,,,,No,N/A,N/A,N/A,383,N/A,N/A
346,1770560646720,gap_time,N/A,,,,GapTime_1034,N/A,N/A,N/A,N/A,N/A,N/A
346,1770560647758,Sentence shown,HVL_125_P,true,,true,N/A,N/A,N/A,N/A,N/A,N/A,N/A
346,1770560649592,IR pressed,HVL_125_P,true,,true,Spacebar,1,N/A,1834,N/A,N/A,N/A
346,1770560649896,WR pressed,HVL_125_P,true,,true,No,N/A,1,N/A,304,N/A,N/A
346,1770560649896,gap_time,N/A,true,,true,GapTime_1133,N/A,N/A,N/A,N/A,N/A,N/A
346,1770560651035,Sentence shown,HH_182_P,true,,,N/A,N/A,N/A,N/A,N/A,N/A,N/A
346,1770560652856,Validation Wrong IR pressed,HH_182_P,true,,,Spacebar,0,N/A,1821,N/A,N/A,N/A
346,1770560652856,IR pressed,HH_182_P,true,,,Spacebar,0,N/A,1821,N/A,N/A,N/A
346,1770560653544,WR pressed,HH_182_P,true,,,No,N/A,1,N/A,688,N/A,N/A
346,1770560653544,gap_time,N/A,true,,,GapTime_1122,N/A,N/A,N/A,N/A,N/A,N/A
346,1770560654674,Sentence shown,HF_91_A,,,,N/A,N/A,N/A,N/A,N/A,N/A,N/A
346,1770560658676,gap_time,N/A,,,,GapTime_1113,N/A,N/A,N/A,N/A,N/A,N/A
346,1770560659805,Sentence shown,LVL_129_A,true,,,N/A,N/A,N/A,N/A,N/A,N/A,N/A
346,1770560663819,gap_time,N/A,true,,,GapTime_898,N/A,N/A,N/A,N/A,N/A,N/A
346,1770560664727,Sentence shown,HH_170_P,true,,true,N/A,N/A,N/A,N/A,N/A,N/A,N/A
346,1770560666225,IR pressed,HH_170_P,true,,true,Spacebar,1,N/A,1498,N/A,N/A,N/A
346,1770560667095,WR pressed,HH_170_P,true,,true,Yes,N/A,0,N/A,870,N/A,N/A
346,1770560667096,gap_time,N/A,true,,true,GapTime_908,N/A,N/A,N/A,N/A,N/A,N/A
346,1770560668009,Sentence shown,LVH_116_A,true,,,N/A,N/A,N/A,N/A,N/A,N/A,N/A
346,1770560672014,gap_time,N/A,true,,,GapTime_863,N/A,N/A,N/A,N/A,N/A,N/A
346,1770560672885,Sentence shown,HF_86_A,,,,N/A,N/A,N/A,N/A,N/A,N/A,N/A
346,1770560674592,Validation Wrong IR pressed,HF_86_A,,,,Spacebar,0,N/A,1707,N/A,N/A,N/A
346,1770560674592,IR pressed,HF_86_A,,,,Spacebar,0,N/A,1707,N/A,N/A,N/A
346,1770560675112,WR pressed,HF_86_A,,,,No,N/A,N/A,N/A,520,N/A,N/A
346,1770560675112,gap_time,N/A,,,,GapTime_976,N/A,N/A,N/A,N/A,N/A,N/A
346,1770560676094,Sentence shown,HF_86_A,,true,true,N/A,N/A,N/A,N/A,N/A,N/A,N/A
346,1770560677096,Validation IR pressed,HF_86_A,,true,true,Spacebar,1,N/A,1002,N/A,N/A,N/A
346,1770560677096,IR pressed,HF_86_A,,true,true,Spacebar,1,N/A,1002,N/A,N/A,N/A
346,1770560677447,WR pressed,HF_86_A,,true,true,Yes,N/A,N/A,N/A,351,N/A,N/A
346,1770560677448,gap_time,N/A,,true,true,GapTime_1132,N/A,N/A,N/A,N/A,N/A,N/A
346,1770560678586,Sentence shown,HF_96_A,,,,N/A,N/A,N/A,N/A,N/A,N/A,N/A
346,1770560680680,Validation Wrong IR pressed,HF_96_A,,,,Spacebar,0,N/A,2094,N/A,N/A,N/A
346,1770560680680,IR pressed,HF_96_A,,,,Spacebar,0,N/A,2094,N/A,N/A,N/A
346,1770560681279,WR pressed,HF_96_A,,,,No,N/A,N/A,N/A,599,N/A,N/A
346,1770560681279,gap_time,N/A,,,,GapTime_1226,N/A,N/A,N/A,N/A,N/A,N/A
346,1770560682517,Sentence shown,HF_96_A,,true,true,N/A,N/A,N/A,N/A,N/A,N/A,N/A
346,1770560683624,Validation IR pressed,HF_96_A,,true,true,Spacebar,1,N/A,1106,N/A,N/A,N/A
346,1770560683624,IR pressed,HF_96_A,,true,true,Spacebar,1,N/A,1106,N/A,N/A,N/A
346,1770560683976,WR pressed,HF_96_A,,true,true,Yes,N/A,N/A,N/A,352,N/A,N/A
346,1770560683976,gap_time,N/A,,true,true,GapTime_888,N/A,N/A,N/A,N/A,N/A,N/A
346,1770560684877,Sentence shown,LVL_125_A,true,,true,N/A,N/A,N/A,N/A,N/A,N/A,N/A
346,1770560686776,IR pressed,LVL_125_A,true,,true,Spacebar,1,N/A,1899,N/A,N/A,N/A
346,1770560688384,WR pressed,LVL_125_A,true,,true,Yes,N/A,0,N/A,1608,N/A,N/A
346,1770560688385,gap_time,N/A,true,,true,GapTime_832,N/A,N/A,N/A,N/A,N/A,N/A
346,1770560689228,Sentence shown,HF_81_A,,,,N/A,N/A,N/A,N/A,N/A,N/A,N/A
346,1770560690967,Validation Wrong IR pressed,HF_81_A,,,,Spacebar,0,N/A,1739,N/A,N/A,N/A
346,1770560690967,IR pressed,HF_81_A,,,,Spacebar,0,N/A,1739,N/A,N/A,N/A
346,1770560691279,WR pressed,HF_81_A,,,,No,N/A,N/A,N/A,312,N/A,N/A
346,1770560691280,gap_time,N/A,,,,GapTime_1204,N/A,N/A,N/A,N/A,N/A,N/A
346,1770560692500,Sentence shown,HF_81_A,,true,true,N/A,N/A,N/A,N/A,N/A,N/A,N/A
346,1770560693615,Validation IR pressed,HF_81_A,,true,true,Spacebar,1,N/A,1115,N/A,N/A,N/A
346,1770560693615,IR pressed,HF_81_A,,true,true,Spacebar,1,N/A,1115,N/A,N/A,N/A
346,1770560693952,WR pressed,HF_81_A,,true,true,Yes,N/A,N/A,N/A,337,N/A,N/A
346,1770560693952,gap_time,N/A,,true,true,GapTime_793,N/A,N/A,N/A,N/A,N/A,N/A
346,1770560694755,Sentence shown,HVL_105_P,true,,,N/A,N/A,N/A,N/A,N/A,N/A,N/A
346,1770560698764,gap_time,N/A,true,,,GapTime_832,N/A,N/A,N/A,N/A,N/A,N/A
346,1770560699598,Sentence shown,HH_182_A,true,,true,N/A,N/A,N/A,N/A,N/A,N/A,N/A
346,1770560701232,IR pressed,HH_182_A,true,,true,Spacebar,1,N/A,1634,N/A,N/A,N/A
346,1770560701575,WR pressed,HH_182_A,true,,true,Yes,N/A,0,N/A,343,N/A,N/A
346,1770560701575,gap_time,N/A,true,,true,GapTime_940,N/A,N/A,N/A,N/A,N/A,N/A
346,1770560702527,Sentence shown,HF_66_A,,,,N/A,N/A,N/A,N/A,N/A,N/A,N/A
346,1770560704464,Validation Wrong IR pressed,HF_66_A,,,,Spacebar,0,N/A,1937,N/A,N/A,N/A
346,1770560704464,IR pressed,HF_66_A,,,,Spacebar,0,N/A,1937,N/A,N/A,N/A
346,1770560704719,WR pressed,HF_66_A,,,,No,N/A,N/A,N/A,255,N/A,N/A
346,1770560704720,gap_time,N/A,,,,GapTime_748,N/A,N/A,N/A,N/A,N/A,N/A
346,1770560705480,Sentence shown,LVL_129_A,true,,true,N/A,N/A,N/A,N/A,N/A,N/A,N/A
346,1770560708135,IR pressed,LVL_129_A,true,,true,Spacebar,1,N/A,2655,N/A,N/A,N/A
346,1770560708911,WR pressed,LVL_129_A,true,,true,Yes,N/A,1,N/A,776,N/A,N/A
346,1770560708912,gap_time,N/A,true,,true,GapTime_1119,N/A,N/A,N/A,N/A,N/A,N/A
346,1770560710036,Sentence shown,HF_84_A,,,,N/A,N/A,N/A,N/A,N/A,N/A,N/A
346,1770560714042,gap_time,N/A,,,,GapTime_970,N/A,N/A,N/A,N/A,N/A,N/A
346,1770560715022,Sentence shown,HF_74_A,,,,N/A,N/A,N/A,N/A,N/A,N/A,N/A
346,1770560717024,Validation Wrong IR pressed,HF_74_A,,,,Spacebar,0,N/A,2002,N/A,N/A,N/A
346,1770560717024,IR pressed,HF_74_A,,,,Spacebar,0,N/A,2002,N/A,N/A,N/A
346,1770560721327,WR pressed,HF_74_A,,,,Yes,N/A,N/A,N/A,4303,N/A,N/A
346,1770560721328,gap_time,N/A,,,,GapTime_1077,N/A,N/A,N/A,N/A,N/A,N/A
346,1770560722406,Sentence shown,HF_84_A,,true,true,N/A,N/A,N/A,N/A,N/A,N/A,N/A
346,1770560723503,Validation IR pressed,HF_84_A,,true,true,Spacebar,1,N/A,1097,N/A,N/A,N/A
346,1770560723503,IR pressed,HF_84_A,,true,true,Spacebar,1,N/A,1097,N/A,N/A,N/A
346,1770560723759,WR pressed,HF_84_A,,true,true,Yes,N/A,N/A,N/A,256,N/A,N/A
346,1770560723759,gap_time,N/A,,true,true,GapTime_908,N/A,N/A,N/A,N/A,N/A,N/A
346,1770560724676,Sentence shown,LVH_116_P,true,,true,N/A,N/A,N/A,N/A,N/A,N/A,N/A
346,1770560725903,IR pressed,LVH_116_P,true,,true,Spacebar,1,N/A,1227,N/A,N/A,N/A
346,1770560727280,WR pressed,LVH_116_P,true,,true,No,N/A,1,N/A,1377,N/A,N/A
346,1770560727280,gap_time,N/A,true,,true,GapTime_1198,N/A,N/A,N/A,N/A,N/A,N/A
346,1770560728480,Sentence shown,HH_156_P,true,,,N/A,N/A,N/A,N/A,N/A,N/A,N/A
346,1770560732494,gap_time,N/A,true,,,GapTime_1168,N/A,N/A,N/A,N/A,N/A,N/A
346,1770560733666,Sentence shown,HF_77_A,,,,N/A,N/A,N/A,N/A,N/A,N/A,N/A
346,1770560737678,gap_time,N/A,,,,GapTime_1244,N/A,N/A,N/A,N/A,N/A,N/A
346,1770560738930,Sentence shown,HF_77_A,,true,true,N/A,N/A,N/A,N/A,N/A,N/A,N/A
346,1770560739800,Validation IR pressed,HF_77_A,,true,true,Spacebar,1,N/A,870,N/A,N/A,N/A
346,1770560739800,IR pressed,HF_77_A,,true,true,Spacebar,1,N/A,870,N/A,N/A,N/A
346,1770560740087,WR pressed,HF_77_A,,true,true,Yes,N/A,N/A,N/A,287,N/A,N/A
346,1770560740087,gap_time,N/A,,true,true,GapTime_1151,N/A,N/A,N/A,N/A,N/A,N/A
346,1770560741248,Sentence shown,HVL_105_P,true,,true,N/A,N/A,N/A,N/A,N/A,N/A,N/A
346,1770560743575,IR pressed,HVL_105_P,true,,true,Spacebar,1,N/A,2327,N/A,N/A,N/A
346,1770560743959,WR pressed,HVL_105_P,true,,true,Yes,N/A,1,N/A,384,N/A,N/A
346,1770560743959,gap_time,N/A,true,,true,GapTime_1242,N/A,N/A,N/A,N/A,N/A,N/A
346,1770560745214,Sentence shown,HF_75_A,,,,N/A,N/A,N/A,N/A,N/A,N/A,N/A
346,1770560749222,gap_time,N/A,,,,GapTime_765,N/A,N/A,N/A,N/A,N/A,N/A
346,1770560749993,Sentence shown,HVL_107_A,true,,,N/A,N/A,N/A,N/A,N/A,N/A,N/A
346,1770560753995,gap_time,N/A,true,,,GapTime_1194,N/A,N/A,N/A,N/A,N/A,N/A
346,1770560755195,Sentence shown,HF_75_A,,true,true,N/A,N/A,N/A,N/A,N/A,N/A,N/A
346,1770560756056,Validation IR pressed,HF_75_A,,true,true,Spacebar,1,N/A,861,N/A,N/A,N/A
346,1770560756056,IR pressed,HF_75_A,,true,true,Spacebar,1,N/A,861,N/A,N/A,N/A
346,1770560756623,WR pressed,HF_75_A,,true,true,Yes,N/A,N/A,N/A,567,N/A,N/A
346,1770560756624,gap_time,N/A,,true,true,GapTime_1142,N/A,N/A,N/A,N/A,N/A,N/A
346,1770560757781,Sentence shown,HVL_123_P,true,,,N/A,N/A,N/A,N/A,N/A,N/A,N/A
346,1770560761791,gap_time,N/A,true,,,GapTime_1006,N/A,N/A,N/A,N/A,N/A,N/A
346,1770560762804,Sentence shown,LVL_121_P,true,,,N/A,N/A,N/A,N/A,N/A,N/A,N/A
346,1770560766814,gap_time,N/A,true,,,GapTime_926,N/A,N/A,N/A,N/A,N/A,N/A
346,1770560767745,Sentence shown,HF_93_A,,,,N/A,N/A,N/A,N/A,N/A,N/A,N/A
346,1770560771753,gap_time,N/A,,,,GapTime_759,N/A,N/A,N/A,N/A,N/A,N/A
346,1770560772516,Sentence shown,HF_95_A,,,,N/A,N/A,N/A,N/A,N/A,N/A,N/A
346,1770560774464,Validation Wrong IR pressed,HF_95_A,,,,Spacebar,0,N/A,1948,N/A,N/A,N/A
346,1770560774464,IR pressed,HF_95_A,,,,Spacebar,0,N/A,1948,N/A,N/A,N/A
346,1770560775535,WR pressed,HF_95_A,,,,No,N/A,N/A,N/A,1071,N/A,N/A
346,1770560775535,gap_time,N/A,,,,GapTime_1045,N/A,N/A,N/A,N/A,N/A,N/A
346,1770560776584,Sentence shown,HH_156_P,true,,true,N/A,N/A,N/A,N/A,N/A,N/A,N/A
346,1770560777766,IR pressed,HH_156_P,true,,true,Spacebar,1,N/A,1182,N/A,N/A,N/A
346,1770560778087,WR pressed,HH_156_P,true,,true,Yes,N/A,1,N/A,321,N/A,N/A
346,1770560778087,gap_time,N/A,true,,true,GapTime_1200,N/A,N/A,N/A,N/A,N/A,N/A
346,1770560779297,Sentence shown,HVL_107_A,true,,true,N/A,N/A,N/A,N/A,N/A,N/A,N/A
346,1770560780591,IR pressed,HVL_107_A,true,,true,Spacebar,1,N/A,1294,N/A,N/A,N/A
346,1770560780847,WR pressed,HVL_107_A,true,,true,Yes,N/A,1,N/A,256,N/A,N/A
346,1770560780848,gap_time,N/A,true,,true,GapTime_784,N/A,N/A,N/A,N/A,N/A,N/A
346,1770560781643,Sentence shown,LVH_159_P,true,,,N/A,N/A,N/A,N/A,N/A,N/A,N/A
346,1770560785656,gap_time,N/A,true,,,GapTime_1215,N/A,N/A,N/A,N/A,N/A,N/A
346,1770560786882,Sentence shown,HVL_123_A,true,,true,N/A,N/A,N/A,N/A,N/A,N/A,N/A
346,1770560787983,IR pressed,HVL_123_A,true,,true,Spacebar,1,N/A,1101,N/A,N/A,N/A
346,1770560789543,WR pressed,HVL_123_A,true,,true,Yes,N/A,0,N/A,1560,N/A,N/A
346,1770560789543,gap_time,N/A,true,,true,GapTime_735,N/A,N/A,N/A,N/A,N/A,N/A
346,1770560790288,Sentence shown,LVL_121_P,true,,true,N/A,N/A,N/A,N/A,N/A,N/A,N/A
346,1770560792327,IR pressed,LVL_121_P,true,,true,Spacebar,1,N/A,2039,N/A,N/A,N/A
346,1770560792663,WR pressed,LVL_121_P,true,,true,Yes,N/A,1,N/A,336,N/A,N/A
346,1770560792663,gap_time,N/A,true,,true,GapTime_846,N/A,N/A,N/A,N/A,N/A,N/A
346,1770560793523,Sentence shown,LVH_159_P,true,,true,N/A,N/A,N/A,N/A,N/A,N/A,N/A
346,1770560794591,IR pressed,LVH_159_P,true,,true,Spacebar,1,N/A,1068,N/A,N/A,N/A
346,1770560794935,WR pressed,LVH_159_P,true,,true,Yes,N/A,1,N/A,343,N/A,N/A
346,1770560794935,gap_time,N/A,true,,true,GapTime_937,N/A,N/A,N/A,N/A,N/A,N/A
