participant_ID,Timestamp,Event,Stimulus,isTarget,isValidation,isRepeat,Button,Accuracy IR,Accuracy WR,Reaction_time_IR,Reaction_time_WR,CR_IR,CR_WR
350,1770561396820,Practice Sentence shown,HL_112_A,,,,N/A,N/A,N/A,N/A,N/A,N/A,N/A
350,1770561402329,Practice Sentence shown,HL_73_A,,,,N/A,N/A,N/A,N/A,N/A,N/A,N/A
350,1770561407837,Practice Sentence shown,HL_23_A,,,,N/A,N/A,N/A,N/A,N/A,N/A,N/A
350,1770561413352,Practice Sentence shown,HH_127_A,true,,,N/A,N/A,N/A,N/A,N/A,N/A,N/A
350,1770561418861,Practice Sentence shown,HL_56_A,,,,N/A,N/A,N/A,N/A,N/A,N/A,N/A
350,1770561424368,Practice Sentence shown,HL_32_A,,,,N/A,N/A,N/A,N/A,N/A,N/A,N/A
350,1770561426409,Practice IR pressed,HL_32_A,,,,Spacebar,0,N/A,2041,N/A,N/A,N/A
350,1770561429970,Practice Sentence shown,HL_24_A,,,,N/A,N/A,N/A,N/A,N/A,N/A,N/A
350,1770561435490,Practice Sentence shown,HH_104_A,true,,,N/A,N/A,N/A,N/A,N/A,N/A,N/A
350,1770561441010,Practice Sentence shown,HL_5_A,,,,N/A,N/A,N/A,N/A,N/A,N/A,N/A
350,1770561446527,Practice Sentence shown,HL_7_A,,,,N/A,N/A,N/A,N/A,N/A,N/A,N/A
350,1770561452057,Practice Sentence shown,HH_127_A,true,,true,N/A,N/A,N/A,N/A,N/A,N/A,N/A
350,1770561453451,Practice IR pressed,HH_127_A,true,,true,Spacebar,1,N/A,1394,N/A,N/A,N/A
350,1770561454681,Practice WR pressed,HH_127_A,true,,true,Yes,N/A,1,N/A,1230,N/A,N/A
350,1770561456184,Practice Sentence shown,HL_80_A,,,,N/A,N/A,N/A,N/A,N/A,N/A,N/A
350,1770561461702,Practice Sentence shown,HH_131_A,true,,,N/A,N/A,N/A,N/A,N/A,N/A,N/A
350,1770561467220,Practice Sentence shown,HL_86_A,,,,N/A,N/A,N/A,N/A,N/A,N/A,N/A
350,1770561472748,Practice Sentence shown,HH_134_A,true,,,N/A,N/A,N/A,N/A,N/A,N/A,N/A
350,1770561478272,Practice Sentence shown,HH_106_A,true,,,N/A,N/A,N/A,N/A,N/A,N/A,N/A
350,1770561483777,Practice Sentence shown,HH_131_P,true,,true,N/A,N/A,N/A,N/A,N/A,N/A,N/A
350,1770561485880,Practice IR pressed,HH_131_P,true,,true,Spacebar,1,N/A,2103,N/A,N/A,N/A
350,1770561488058,Practice WR pressed,HH_131_P,true,,true,No,N/A,1,N/A,2178,N/A,N/A
350,1770561489560,Practice Sentence shown,HH_106_A,true,,true,N/A,N/A,N/A,N/A,N/A,N/A,N/A
350,1770561491094,Practice IR pressed,HH_106_A,true,,true,Spacebar,1,N/A,1533,N/A,N/A,N/A
350,1770561491799,Practice WR pressed,HH_106_A,true,,true,Yes,N/A,1,N/A,705,N/A,N/A
350,1770561493302,Practice Sentence shown,HH_134_P,true,,true,N/A,N/A,N/A,N/A,N/A,N/A,N/A
350,1770561494787,Practice IR pressed,HH_134_P,true,,true,Spacebar,1,N/A,1485,N/A,N/A,N/A
350,1770561495701,Practice WR pressed,HH_134_P,true,,true,No,N/A,1,N/A,914,N/A,N/A
350,1770561497217,Practice Sentence shown,HH_104_P,true,,true,N/A,N/A,N/A,N/A,N/A,N/A,N/A
350,1770561501221,Practice Missed,HH_104_P,true,,true,None,0,N/A,N/A,N/A,N/A,N/A
350,1770561618854,Sentence shown,HH_142_A,true,,,N/A,N/A,N/A,N/A,N/A,N/A,N/A
350,1770561622869,gap_time,N/A,true,,,GapTime_898,N/A,N/A,N/A,N/A,N/A,N/A
350,1770561623780,Sentence shown,HF_17_A,,,,N/A,N/A,N/A,N/A,N/A,N/A,N/A
350,1770561627782,gap_time,N/A,,,,GapTime_841,N/A,N/A,N/A,N/A,N/A,N/A
350,1770561628631,Sentence shown,HF_23_A,,,,N/A,N/A,N/A,N/A,N/A,N/A,N/A
350,1770561632634,gap_time,N/A,,,,GapTime_1204,N/A,N/A,N/A,N/A,N/A,N/A
350,1770561633848,Sentence shown,HF_17_A,,true,true,N/A,N/A,N/A,N/A,N/A,N/A,N/A
350,1770561634884,Validation IR pressed,HF_17_A,,true,true,Spacebar,1,N/A,1036,N/A,N/A,N/A
350,1770561634884,IR pressed,HF_17_A,,true,true,Spacebar,1,N/A,1036,N/A,N/A,N/A
350,1770561635865,WR pressed,HF_17_A,,true,true,Yes,N/A,N/A,N/A,981,N/A,N/A
350,1770561635866,gap_time,N/A,,true,true,GapTime_941,N/A,N/A,N/A,N/A,N/A,N/A
350,1770561636810,Sentence shown,HF_23_A,,true,true,N/A,N/A,N/A,N/A,N/A,N/A,N/A
350,1770561638042,Validation IR pressed,HF_23_A,,true,true,Spacebar,1,N/A,1232,N/A,N/A,N/A
350,1770561638042,IR pressed,HF_23_A,,true,true,Spacebar,1,N/A,1232,N/A,N/A,N/A
350,1770561639332,WR pressed,HF_23_A,,true,true,Yes,N/A,N/A,N/A,1290,N/A,N/A
350,1770561639332,gap_time,N/A,,true,true,GapTime_1125,N/A,N/A,N/A,N/A,N/A,N/A
350,1770561640460,Sentence shown,HF_16_A,,,,N/A,N/A,N/A,N/A,N/A,N/A,N/A
350,1770561644472,gap_time,N/A,,,,GapTime_906,N/A,N/A,N/A,N/A,N/A,N/A
350,1770561645385,Sentence shown,HF_15_A,,,,N/A,N/A,N/A,N/A,N/A,N/A,N/A
350,1770561649390,gap_time,N/A,,,,GapTime_851,N/A,N/A,N/A,N/A,N/A,N/A
350,1770561650254,Sentence shown,HF_1_A,,,,N/A,N/A,N/A,N/A,N/A,N/A,N/A
350,1770561654268,gap_time,N/A,,,,GapTime_1033,N/A,N/A,N/A,N/A,N/A,N/A
350,1770561655306,Sentence shown,HH_142_P,true,,true,N/A,N/A,N/A,N/A,N/A,N/A,N/A
350,1770561657105,IR pressed,HH_142_P,true,,true,Spacebar,1,N/A,1799,N/A,N/A,N/A
350,1770561658360,WR pressed,HH_142_P,true,,true,No,N/A,1,N/A,1255,N/A,N/A
350,1770561658361,gap_time,N/A,true,,true,GapTime_1277,N/A,N/A,N/A,N/A,N/A,N/A
350,1770561659650,Sentence shown,HF_30_A,,,,N/A,N/A,N/A,N/A,N/A,N/A,N/A
350,1770561663653,gap_time,N/A,,,,GapTime_1276,N/A,N/A,N/A,N/A,N/A,N/A
350,1770561664935,Sentence shown,HF_2_A,,,,N/A,N/A,N/A,N/A,N/A,N/A,N/A
350,1770561667270,Validation Wrong IR pressed,HF_2_A,,,,Spacebar,0,N/A,2335,N/A,N/A,N/A
350,1770561667270,IR pressed,HF_2_A,,,,Spacebar,0,N/A,2335,N/A,N/A,N/A
350,1770561668703,WR pressed,HF_2_A,,,,No,N/A,N/A,N/A,1433,N/A,N/A
350,1770561668703,gap_time,N/A,,,,GapTime_1085,N/A,N/A,N/A,N/A,N/A,N/A
350,1770561669792,Sentence shown,HF_10_A,,,,N/A,N/A,N/A,N/A,N/A,N/A,N/A
350,1770561673804,gap_time,N/A,,,,GapTime_1120,N/A,N/A,N/A,N/A,N/A,N/A
350,1770561674929,Sentence shown,HF_32_A,,,,N/A,N/A,N/A,N/A,N/A,N/A,N/A
350,1770561678943,gap_time,N/A,,,,GapTime_720,N/A,N/A,N/A,N/A,N/A,N/A
350,1770561679668,Sentence shown,HF_32_A,,true,true,N/A,N/A,N/A,N/A,N/A,N/A,N/A
350,1770561680819,Validation IR pressed,HF_32_A,,true,true,Spacebar,1,N/A,1151,N/A,N/A,N/A
350,1770561680819,IR pressed,HF_32_A,,true,true,Spacebar,1,N/A,1151,N/A,N/A,N/A
350,1770561681757,WR pressed,HF_32_A,,true,true,Yes,N/A,N/A,N/A,938,N/A,N/A
350,1770561681758,gap_time,N/A,,true,true,GapTime_1033,N/A,N/A,N/A,N/A,N/A,N/A
350,1770561682793,Sentence shown,HF_11_A,,,,N/A,N/A,N/A,N/A,N/A,N/A,N/A
350,1770561684844,Validation Wrong IR pressed,HF_11_A,,,,Spacebar,0,N/A,2051,N/A,N/A,N/A
350,1770561684844,IR pressed,HF_11_A,,,,Spacebar,0,N/A,2051,N/A,N/A,N/A
350,1770561686006,WR pressed,HF_11_A,,,,No,N/A,N/A,N/A,1162,N/A,N/A
350,1770561686007,gap_time,N/A,,,,GapTime_1039,N/A,N/A,N/A,N/A,N/A,N/A
350,1770561687049,Sentence shown,HF_33_A,,,,N/A,N/A,N/A,N/A,N/A,N/A,N/A
350,1770561691052,gap_time,N/A,,,,GapTime_732,N/A,N/A,N/A,N/A,N/A,N/A
350,1770561691796,Sentence shown,HF_33_A,,true,true,N/A,N/A,N/A,N/A,N/A,N/A,N/A
350,1770561692929,Validation IR pressed,HF_33_A,,true,true,Spacebar,1,N/A,1133,N/A,N/A,N/A
350,1770561692929,IR pressed,HF_33_A,,true,true,Spacebar,1,N/A,1133,N/A,N/A,N/A
350,1770561693757,WR pressed,HF_33_A,,true,true,Yes,N/A,N/A,N/A,828,N/A,N/A
350,1770561693758,gap_time,N/A,,true,true,GapTime_1062,N/A,N/A,N/A,N/A,N/A,N/A
350,1770561694834,Sentence shown,HF_19_A,,,,N/A,N/A,N/A,N/A,N/A,N/A,N/A
350,1770561698842,gap_time,N/A,,,,GapTime_771,N/A,N/A,N/A,N/A,N/A,N/A
350,1770561699616,Sentence shown,HF_27_A,,,,N/A,N/A,N/A,N/A,N/A,N/A,N/A
350,1770561703622,gap_time,N/A,,,,GapTime_1092,N/A,N/A,N/A,N/A,N/A,N/A
350,1770561704717,Sentence shown,HVL_149_P,true,,,N/A,N/A,N/A,N/A,N/A,N/A,N/A
350,1770561708726,gap_time,N/A,true,,,GapTime_962,N/A,N/A,N/A,N/A,N/A,N/A
350,1770561709689,Sentence shown,LVL_103_P,true,,,N/A,N/A,N/A,N/A,N/A,N/A,N/A
350,1770561713699,gap_time,N/A,true,,,GapTime_983,N/A,N/A,N/A,N/A,N/A,N/A
350,1770561714684,Sentence shown,HF_7_A,,,,N/A,N/A,N/A,N/A,N/A,N/A,N/A
350,1770561718693,gap_time,N/A,,,,GapTime_1070,N/A,N/A,N/A,N/A,N/A,N/A
350,1770561719773,Sentence shown,HVL_118_A,true,,,N/A,N/A,N/A,N/A,N/A,N/A,N/A
350,1770561723784,gap_time,N/A,true,,,GapTime_1011,N/A,N/A,N/A,N/A,N/A,N/A
350,1770561724804,Sentence shown,HVL_100_P,true,,,N/A,N/A,N/A,N/A,N/A,N/A,N/A
350,1770561728806,gap_time,N/A,true,,,GapTime_1003,N/A,N/A,N/A,N/A,N/A,N/A
350,1770561729811,Sentence shown,LVH_117_P,true,,,N/A,N/A,N/A,N/A,N/A,N/A,N/A
350,1770561733813,gap_time,N/A,true,,,GapTime_835,N/A,N/A,N/A,N/A,N/A,N/A
350,1770561734652,Sentence shown,HF_25_A,,,,N/A,N/A,N/A,N/A,N/A,N/A,N/A
350,1770561738660,gap_time,N/A,,,,GapTime_859,N/A,N/A,N/A,N/A,N/A,N/A
350,1770561739528,Sentence shown,HVL_106_A,true,,,N/A,N/A,N/A,N/A,N/A,N/A,N/A
350,1770561743535,gap_time,N/A,true,,,GapTime_742,N/A,N/A,N/A,N/A,N/A,N/A
350,1770561744287,Sentence shown,HF_25_A,,true,true,N/A,N/A,N/A,N/A,N/A,N/A,N/A
350,1770561745482,Validation IR pressed,HF_25_A,,true,true,Spacebar,1,N/A,1195,N/A,N/A,N/A
350,1770561745482,IR pressed,HF_25_A,,true,true,Spacebar,1,N/A,1195,N/A,N/A,N/A
350,1770561746199,WR pressed,HF_25_A,,true,true,Yes,N/A,N/A,N/A,717,N/A,N/A
350,1770561746199,gap_time,N/A,,true,true,GapTime_816,N/A,N/A,N/A,N/A,N/A,N/A
350,1770561747022,Sentence shown,HVL_149_A,true,,true,N/A,N/A,N/A,N/A,N/A,N/A,N/A
350,1770561748451,IR pressed,HVL_149_A,true,,true,Spacebar,1,N/A,1429,N/A,N/A,N/A
350,1770561751107,WR pressed,HVL_149_A,true,,true,No,N/A,1,N/A,2656,N/A,N/A
350,1770561751107,gap_time,N/A,true,,true,GapTime_1031,N/A,N/A,N/A,N/A,N/A,N/A
350,1770561752140,Sentence shown,HH_161_P,true,,,N/A,N/A,N/A,N/A,N/A,N/A,N/A
350,1770561756151,gap_time,N/A,true,,,GapTime_724,N/A,N/A,N/A,N/A,N/A,N/A
350,1770561756890,Sentence shown,LVL_103_A,true,,true,N/A,N/A,N/A,N/A,N/A,N/A,N/A
350,1770561759746,IR pressed,LVL_103_A,true,,true,Spacebar,1,N/A,2855,N/A,N/A,N/A
350,1770561765627,WR pressed,LVL_103_A,true,,true,Yes,N/A,0,N/A,5881,N/A,N/A
350,1770561765628,gap_time,N/A,true,,true,GapTime_1085,N/A,N/A,N/A,N/A,N/A,N/A
350,1770561766719,Sentence shown,HF_28_A,,,,N/A,N/A,N/A,N/A,N/A,N/A,N/A
350,1770561770730,gap_time,N/A,,,,GapTime_856,N/A,N/A,N/A,N/A,N/A,N/A
350,1770561771589,Sentence shown,HVL_118_A,true,,true,N/A,N/A,N/A,N/A,N/A,N/A,N/A
350,1770561772876,IR pressed,HVL_118_A,true,,true,Spacebar,1,N/A,1287,N/A,N/A,N/A
350,1770561773718,WR pressed,HVL_118_A,true,,true,Yes,N/A,1,N/A,842,N/A,N/A
350,1770561773718,gap_time,N/A,true,,true,GapTime_749,N/A,N/A,N/A,N/A,N/A,N/A
350,1770561774481,Sentence shown,HF_20_A,,,,N/A,N/A,N/A,N/A,N/A,N/A,N/A
350,1770561778482,gap_time,N/A,,,,GapTime_874,N/A,N/A,N/A,N/A,N/A,N/A
350,1770561779366,Sentence shown,HVL_100_P,true,,true,N/A,N/A,N/A,N/A,N/A,N/A,N/A
350,1770561781053,IR pressed,HVL_100_P,true,,true,Spacebar,1,N/A,1687,N/A,N/A,N/A
350,1770561782475,WR pressed,HVL_100_P,true,,true,Yes,N/A,1,N/A,1422,N/A,N/A
350,1770561782475,gap_time,N/A,true,,true,GapTime_952,N/A,N/A,N/A,N/A,N/A,N/A
350,1770561783429,Sentence shown,HF_9_A,,,,N/A,N/A,N/A,N/A,N/A,N/A,N/A
350,1770561787227,Validation Wrong IR pressed,HF_9_A,,,,Spacebar,0,N/A,3798,N/A,N/A,N/A
350,1770561787227,IR pressed,HF_9_A,,,,Spacebar,0,N/A,3798,N/A,N/A,N/A
350,1770561788446,WR pressed,HF_9_A,,,,No,N/A,N/A,N/A,1219,N/A,N/A
350,1770561788447,gap_time,N/A,,,,GapTime_1097,N/A,N/A,N/A,N/A,N/A,N/A
350,1770561789557,Sentence shown,HF_6_A,,,,N/A,N/A,N/A,N/A,N/A,N/A,N/A
350,1770561793571,gap_time,N/A,,,,GapTime_749,N/A,N/A,N/A,N/A,N/A,N/A
350,1770561794330,Sentence shown,LVH_117_A,true,,true,N/A,N/A,N/A,N/A,N/A,N/A,N/A
350,1770561796521,IR pressed,LVH_117_A,true,,true,Spacebar,1,N/A,2191,N/A,N/A,N/A
350,1770561797606,WR pressed,LVH_117_A,true,,true,No,N/A,1,N/A,1085,N/A,N/A
350,1770561797607,gap_time,N/A,true,,true,GapTime_725,N/A,N/A,N/A,N/A,N/A,N/A
350,1770561798348,Sentence shown,HVL_106_P,true,,true,N/A,N/A,N/A,N/A,N/A,N/A,N/A
350,1770561801390,IR pressed,HVL_106_P,true,,true,Spacebar,1,N/A,3042,N/A,N/A,N/A
350,1770561802203,WR pressed,HVL_106_P,true,,true,No,N/A,1,N/A,813,N/A,N/A
350,1770561802203,gap_time,N/A,true,,true,GapTime_911,N/A,N/A,N/A,N/A,N/A,N/A
350,1770561803128,Sentence shown,HF_12_A,,,,N/A,N/A,N/A,N/A,N/A,N/A,N/A
350,1770561806919,Validation Wrong IR pressed,HF_12_A,,,,Spacebar,0,N/A,3791,N/A,N/A,N/A
350,1770561806919,IR pressed,HF_12_A,,,,Spacebar,0,N/A,3791,N/A,N/A,N/A
350,1770561808244,WR pressed,HF_12_A,,,,No,N/A,N/A,N/A,1324,N/A,N/A
350,1770561808244,gap_time,N/A,,,,GapTime_702,N/A,N/A,N/A,N/A,N/A,N/A
350,1770561808959,Sentence shown,HH_161_A,true,,true,N/A,N/A,N/A,N/A,N/A,N/A,N/A
350,1770561811530,IR pressed,HH_161_A,true,,true,Spacebar,1,N/A,2571,N/A,N/A,N/A
350,1770561812265,WR pressed,HH_161_A,true,,true,No,N/A,1,N/A,735,N/A,N/A
350,1770561812265,gap_time,N/A,true,,true,GapTime_755,N/A,N/A,N/A,N/A,N/A,N/A
350,1770561813031,Sentence shown,HF_26_A,,,,N/A,N/A,N/A,N/A,N/A,N/A,N/A
350,1770561817044,gap_time,N/A,,,,GapTime_1025,N/A,N/A,N/A,N/A,N/A,N/A
350,1770561818080,Sentence shown,LVL_100_A,true,,,N/A,N/A,N/A,N/A,N/A,N/A,N/A
350,1770561822090,gap_time,N/A,true,,,GapTime_1169,N/A,N/A,N/A,N/A,N/A,N/A
350,1770561823274,Sentence shown,HF_14_A,,,,N/A,N/A,N/A,N/A,N/A,N/A,N/A
350,1770561827282,gap_time,N/A,,,,GapTime_1038,N/A,N/A,N/A,N/A,N/A,N/A
350,1770561828327,Sentence shown,LVH_100_P,true,,,N/A,N/A,N/A,N/A,N/A,N/A,N/A
350,1770561832329,gap_time,N/A,true,,,GapTime_1169,N/A,N/A,N/A,N/A,N/A,N/A
350,1770561833504,Sentence shown,HF_22_A,,,,N/A,N/A,N/A,N/A,N/A,N/A,N/A
350,1770561837509,gap_time,N/A,,,,GapTime_1291,N/A,N/A,N/A,N/A,N/A,N/A
350,1770561838811,Sentence shown,LVL_100_P,true,,true,N/A,N/A,N/A,N/A,N/A,N/A,N/A
350,1770561840662,IR pressed,LVL_100_P,true,,true,Spacebar,1,N/A,1851,N/A,N/A,N/A
350,1770561841558,WR pressed,LVL_100_P,true,,true,No,N/A,1,N/A,896,N/A,N/A
350,1770561841558,gap_time,N/A,true,,true,GapTime_1194,N/A,N/A,N/A,N/A,N/A,N/A
350,1770561842768,Sentence shown,LVL_142_P,true,,,N/A,N/A,N/A,N/A,N/A,N/A,N/A
350,1770561846781,gap_time,N/A,true,,,GapTime_1208,N/A,N/A,N/A,N/A,N/A,N/A
350,1770561848000,Sentence shown,HF_31_A,,,,N/A,N/A,N/A,N/A,N/A,N/A,N/A
350,1770561852015,gap_time,N/A,,,,GapTime_748,N/A,N/A,N/A,N/A,N/A,N/A
350,1770561852778,Sentence shown,HF_18_A,,,,N/A,N/A,N/A,N/A,N/A,N/A,N/A
350,1770561856795,gap_time,N/A,,,,GapTime_812,N/A,N/A,N/A,N/A,N/A,N/A
350,1770561857614,Sentence shown,HF_13_A,,,,N/A,N/A,N/A,N/A,N/A,N/A,N/A
350,1770561861629,gap_time,N/A,,,,GapTime_1293,N/A,N/A,N/A,N/A,N/A,N/A
350,1770561862938,Sentence shown,LVH_100_P,true,,true,N/A,N/A,N/A,N/A,N/A,N/A,N/A
350,1770561864219,IR pressed,LVH_100_P,true,,true,Spacebar,1,N/A,1280,N/A,N/A,N/A
350,1770561865769,WR pressed,LVH_100_P,true,,true,Yes,N/A,1,N/A,1550,N/A,N/A
350,1770561865769,gap_time,N/A,true,,true,GapTime_922,N/A,N/A,N/A,N/A,N/A,N/A
350,1770561866694,Sentence shown,HF_13_A,,true,true,N/A,N/A,N/A,N/A,N/A,N/A,N/A
350,1770561868157,Validation IR pressed,HF_13_A,,true,true,Spacebar,1,N/A,1462,N/A,N/A,N/A
350,1770561868157,IR pressed,HF_13_A,,true,true,Spacebar,1,N/A,1462,N/A,N/A,N/A
350,1770561868793,WR pressed,HF_13_A,,true,true,Yes,N/A,N/A,N/A,636,N/A,N/A
350,1770561868793,gap_time,N/A,,true,true,GapTime_950,N/A,N/A,N/A,N/A,N/A,N/A
350,1770561869747,Sentence shown,HF_8_A,,,,N/A,N/A,N/A,N/A,N/A,N/A,N/A
350,1770561873750,gap_time,N/A,,,,GapTime_1092,N/A,N/A,N/A,N/A,N/A,N/A
350,1770561874849,Sentence shown,HF_29_A,,,,N/A,N/A,N/A,N/A,N/A,N/A,N/A
350,1770561878855,gap_time,N/A,,,,GapTime_1149,N/A,N/A,N/A,N/A,N/A,N/A
350,1770561880016,Sentence shown,HF_29_A,,true,true,N/A,N/A,N/A,N/A,N/A,N/A,N/A
350,1770561880884,Validation IR pressed,HF_29_A,,true,true,Spacebar,1,N/A,868,N/A,N/A,N/A
350,1770561880884,IR pressed,HF_29_A,,true,true,Spacebar,1,N/A,868,N/A,N/A,N/A
350,1770561881800,WR pressed,HF_29_A,,true,true,Yes,N/A,N/A,N/A,916,N/A,N/A
350,1770561881801,gap_time,N/A,,true,true,GapTime_783,N/A,N/A,N/A,N/A,N/A,N/A
350,1770561882590,Sentence shown,HF_4_A,,,,N/A,N/A,N/A,N/A,N/A,N/A,N/A
350,1770561884730,Validation Wrong IR pressed,HF_4_A,,,,Spacebar,0,N/A,2140,N/A,N/A,N/A
350,1770561884730,IR pressed,HF_4_A,,,,Spacebar,0,N/A,2140,N/A,N/A,N/A
350,1770561885852,WR pressed,HF_4_A,,,,No,N/A,N/A,N/A,1122,N/A,N/A
350,1770561885852,gap_time,N/A,,,,GapTime_993,N/A,N/A,N/A,N/A,N/A,N/A
350,1770561886847,Sentence shown,LVL_142_P,true,,true,N/A,N/A,N/A,N/A,N/A,N/A,N/A
350,1770561888004,IR pressed,LVL_142_P,true,,true,Spacebar,1,N/A,1157,N/A,N/A,N/A
350,1770561889045,WR pressed,LVL_142_P,true,,true,Yes,N/A,1,N/A,1041,N/A,N/A
350,1770561889046,gap_time,N/A,true,,true,GapTime_1142,N/A,N/A,N/A,N/A,N/A,N/A
350,1770561890202,Sentence shown,HF_24_A,,,,N/A,N/A,N/A,N/A,N/A,N/A,N/A
350,1770561894215,gap_time,N/A,,,,GapTime_1063,N/A,N/A,N/A,N/A,N/A,N/A
350,1770561895283,Sentence shown,HF_24_A,,true,true,N/A,N/A,N/A,N/A,N/A,N/A,N/A
350,1770561895980,Validation IR pressed,HF_24_A,,true,true,Spacebar,1,N/A,697,N/A,N/A,N/A
350,1770561895980,IR pressed,HF_24_A,,true,true,Spacebar,1,N/A,697,N/A,N/A,N/A
350,1770561896721,WR pressed,HF_24_A,,true,true,Yes,N/A,N/A,N/A,741,N/A,N/A
350,1770561896721,gap_time,N/A,,true,true,GapTime_1059,N/A,N/A,N/A,N/A,N/A,N/A
350,1770561897794,Sentence shown,HF_4_A,,true,true,N/A,N/A,N/A,N/A,N/A,N/A,N/A
350,1770561898937,Validation IR pressed,HF_4_A,,true,true,Spacebar,1,N/A,1143,N/A,N/A,N/A
350,1770561898937,IR pressed,HF_4_A,,true,true,Spacebar,1,N/A,1143,N/A,N/A,N/A
350,1770561899804,WR pressed,HF_4_A,,true,true,Yes,N/A,N/A,N/A,867,N/A,N/A
350,1770561899804,gap_time,N/A,,true,true,GapTime_952,N/A,N/A,N/A,N/A,N/A,N/A
350,1770561900771,Sentence shown,LVH_101_A,true,,,N/A,N/A,N/A,N/A,N/A,N/A,N/A
350,1770561904787,gap_time,N/A,true,,,GapTime_913,N/A,N/A,N/A,N/A,N/A,N/A
350,1770561905716,Sentence shown,HF_5_A,,,,N/A,N/A,N/A,N/A,N/A,N/A,N/A
350,1770561909722,gap_time,N/A,,,,GapTime_751,N/A,N/A,N/A,N/A,N/A,N/A
350,1770561910481,Sentence shown,HH_173_A,true,,,N/A,N/A,N/A,N/A,N/A,N/A,N/A
350,1770561914491,gap_time,N/A,true,,,GapTime_1077,N/A,N/A,N/A,N/A,N/A,N/A
350,1770561915576,Sentence shown,HF_21_A,,,,N/A,N/A,N/A,N/A,N/A,N/A,N/A
350,1770561919590,gap_time,N/A,,,,GapTime_941,N/A,N/A,N/A,N/A,N/A,N/A
350,1770561920535,Sentence shown,LVH_101_P,true,,true,N/A,N/A,N/A,N/A,N/A,N/A,N/A
350,1770561923167,IR pressed,LVH_101_P,true,,true,Spacebar,1,N/A,2632,N/A,N/A,N/A
350,1770561924184,WR pressed,LVH_101_P,true,,true,No,N/A,1,N/A,1017,N/A,N/A
350,1770561924184,gap_time,N/A,true,,true,GapTime_1248,N/A,N/A,N/A,N/A,N/A,N/A
350,1770561925444,Sentence shown,HF_21_A,,true,true,N/A,N/A,N/A,N/A,N/A,N/A,N/A
350,1770561926985,Validation IR pressed,HF_21_A,,true,true,Spacebar,1,N/A,1541,N/A,N/A,N/A
350,1770561926985,IR pressed,HF_21_A,,true,true,Spacebar,1,N/A,1541,N/A,N/A,N/A
350,1770561927605,WR pressed,HF_21_A,,true,true,Yes,N/A,N/A,N/A,620,N/A,N/A
350,1770561927606,gap_time,N/A,,true,true,GapTime_912,N/A,N/A,N/A,N/A,N/A,N/A
350,1770561928521,Sentence shown,LVH_102_A,true,,,N/A,N/A,N/A,N/A,N/A,N/A,N/A
350,1770561932528,gap_time,N/A,true,,,GapTime_935,N/A,N/A,N/A,N/A,N/A,N/A
350,1770561933472,Sentence shown,LVL_147_A,true,,,N/A,N/A,N/A,N/A,N/A,N/A,N/A
350,1770561937485,gap_time,N/A,true,,,GapTime_1094,N/A,N/A,N/A,N/A,N/A,N/A
350,1770561938590,Sentence shown,HH_143_P,true,,,N/A,N/A,N/A,N/A,N/A,N/A,N/A
350,1770561942593,gap_time,N/A,true,,,GapTime_861,N/A,N/A,N/A,N/A,N/A,N/A
350,1770561943459,Sentence shown,HH_173_A,true,,true,N/A,N/A,N/A,N/A,N/A,N/A,N/A
350,1770561944510,IR pressed,HH_173_A,true,,true,Spacebar,1,N/A,1051,N/A,N/A,N/A
350,1770561945288,WR pressed,HH_173_A,true,,true,Yes,N/A,1,N/A,778,N/A,N/A
350,1770561945288,gap_time,N/A,true,,true,GapTime_909,N/A,N/A,N/A,N/A,N/A,N/A
350,1770561946201,Sentence shown,LVH_102_A,true,,true,N/A,N/A,N/A,N/A,N/A,N/A,N/A
350,1770561947865,IR pressed,LVH_102_A,true,,true,Spacebar,1,N/A,1664,N/A,N/A,N/A
350,1770561948562,WR pressed,LVH_102_A,true,,true,Yes,N/A,1,N/A,697,N/A,N/A
350,1770561948562,gap_time,N/A,true,,true,GapTime_1046,N/A,N/A,N/A,N/A,N/A,N/A
350,1770561949615,Sentence shown,LVL_147_A,true,,true,N/A,N/A,N/A,N/A,N/A,N/A,N/A
350,1770561951260,IR pressed,LVL_147_A,true,,true,Spacebar,1,N/A,1645,N/A,N/A,N/A
350,1770561952551,WR pressed,LVL_147_A,true,,true,Yes,N/A,1,N/A,1291,N/A,N/A
350,1770561952551,gap_time,N/A,true,,true,GapTime_785,N/A,N/A,N/A,N/A,N/A,N/A
350,1770561953349,Sentence shown,HH_143_P,true,,true,N/A,N/A,N/A,N/A,N/A,N/A,N/A
350,1770561954726,IR pressed,HH_143_P,true,,true,Spacebar,1,N/A,1377,N/A,N/A,N/A
350,1770561955361,WR pressed,HH_143_P,true,,true,Yes,N/A,1,N/A,635,N/A,N/A
350,1770561955362,gap_time,N/A,true,,true,GapTime_1130,N/A,N/A,N/A,N/A,N/A,N/A
350,1770561956496,Rest Phase started,N/A,true,,true,Rest,N/A,N/A,N/A,N/A,N/A,N/A
350,1770562253168,Sentence shown,HF_65_A,,,,N/A,N/A,N/A,N/A,N/A,N/A,N/A
350,1770562257184,gap_time,N/A,,,,GapTime_733,N/A,N/A,N/A,N/A,N/A,N/A
350,1770562257932,Sentence shown,HF_46_A,,,,N/A,N/A,N/A,N/A,N/A,N/A,N/A
350,1770562261944,gap_time,N/A,,,,GapTime_1245,N/A,N/A,N/A,N/A,N/A,N/A
350,1770562263200,Sentence shown,HF_50_A,,,,N/A,N/A,N/A,N/A,N/A,N/A,N/A
350,1770562267206,gap_time,N/A,,,,GapTime_893,N/A,N/A,N/A,N/A,N/A,N/A
350,1770562268111,Sentence shown,HVL_121_P,true,,,N/A,N/A,N/A,N/A,N/A,N/A,N/A
350,1770562272114,gap_time,N/A,true,,,GapTime_1036,N/A,N/A,N/A,N/A,N/A,N/A
350,1770562273163,Sentence shown,HF_46_A,,true,true,N/A,N/A,N/A,N/A,N/A,N/A,N/A
350,1770562274126,Validation IR pressed,HF_46_A,,true,true,Spacebar,1,N/A,963,N/A,N/A,N/A
350,1770562274126,IR pressed,HF_46_A,,true,true,Spacebar,1,N/A,963,N/A,N/A,N/A
350,1770562275122,WR pressed,HF_46_A,,true,true,Yes,N/A,N/A,N/A,996,N/A,N/A
350,1770562275122,gap_time,N/A,,true,true,GapTime_800,N/A,N/A,N/A,N/A,N/A,N/A
350,1770562275934,Sentence shown,HF_50_A,,true,true,N/A,N/A,N/A,N/A,N/A,N/A,N/A
350,1770562276907,Validation IR pressed,HF_50_A,,true,true,Spacebar,1,N/A,973,N/A,N/A,N/A
350,1770562276907,IR pressed,HF_50_A,,true,true,Spacebar,1,N/A,973,N/A,N/A,N/A
350,1770562277511,WR pressed,HF_50_A,,true,true,Yes,N/A,N/A,N/A,604,N/A,N/A
350,1770562277511,gap_time,N/A,,true,true,GapTime_1010,N/A,N/A,N/A,N/A,N/A,N/A
350,1770562278529,Sentence shown,HF_53_A,,,,N/A,N/A,N/A,N/A,N/A,N/A,N/A
350,1770562282530,gap_time,N/A,,,,GapTime_796,N/A,N/A,N/A,N/A,N/A,N/A
350,1770562283342,Sentence shown,HF_44_A,,,,N/A,N/A,N/A,N/A,N/A,N/A,N/A
350,1770562287349,gap_time,N/A,,,,GapTime_886,N/A,N/A,N/A,N/A,N/A,N/A
350,1770562288250,Sentence shown,LVH_156_A,true,,,N/A,N/A,N/A,N/A,N/A,N/A,N/A
350,1770562292265,gap_time,N/A,true,,,GapTime_965,N/A,N/A,N/A,N/A,N/A,N/A
350,1770562293244,Sentence shown,HF_39_A,,,,N/A,N/A,N/A,N/A,N/A,N/A,N/A
350,1770562297252,gap_time,N/A,,,,GapTime_803,N/A,N/A,N/A,N/A,N/A,N/A
350,1770562298059,Sentence shown,LVL_113_A,true,,,N/A,N/A,N/A,N/A,N/A,N/A,N/A
350,1770562302064,gap_time,N/A,true,,,GapTime_819,N/A,N/A,N/A,N/A,N/A,N/A
350,1770562302896,Sentence shown,HF_39_A,,true,true,N/A,N/A,N/A,N/A,N/A,N/A,N/A
350,1770562303757,Validation IR pressed,HF_39_A,,true,true,Spacebar,1,N/A,861,N/A,N/A,N/A
350,1770562303757,IR pressed,HF_39_A,,true,true,Spacebar,1,N/A,861,N/A,N/A,N/A
350,1770562304120,WR pressed,HF_39_A,,true,true,Yes,N/A,N/A,N/A,363,N/A,N/A
350,1770562304120,gap_time,N/A,,true,true,GapTime_861,N/A,N/A,N/A,N/A,N/A,N/A
350,1770562304987,Sentence shown,HF_60_A,,,,N/A,N/A,N/A,N/A,N/A,N/A,N/A
350,1770562308993,gap_time,N/A,,,,GapTime_787,N/A,N/A,N/A,N/A,N/A,N/A
350,1770562309792,Sentence shown,HF_55_A,,,,N/A,N/A,N/A,N/A,N/A,N/A,N/A
350,1770562313798,gap_time,N/A,,,,GapTime_1183,N/A,N/A,N/A,N/A,N/A,N/A
350,1770562314990,Sentence shown,HVL_121_P,true,,true,N/A,N/A,N/A,N/A,N/A,N/A,N/A
350,1770562316913,IR pressed,HVL_121_P,true,,true,Spacebar,1,N/A,1923,N/A,N/A,N/A
350,1770562318653,WR pressed,HVL_121_P,true,,true,No,N/A,0,N/A,1740,N/A,N/A
350,1770562318653,gap_time,N/A,true,,true,GapTime_1101,N/A,N/A,N/A,N/A,N/A,N/A
350,1770562319757,Sentence shown,HF_55_A,,true,true,N/A,N/A,N/A,N/A,N/A,N/A,N/A
350,1770562321136,Validation IR pressed,HF_55_A,,true,true,Spacebar,1,N/A,1379,N/A,N/A,N/A
350,1770562321136,IR pressed,HF_55_A,,true,true,Spacebar,1,N/A,1379,N/A,N/A,N/A
350,1770562321425,WR pressed,HF_55_A,,true,true,Yes,N/A,N/A,N/A,289,N/A,N/A
350,1770562321426,gap_time,N/A,,true,true,GapTime_792,N/A,N/A,N/A,N/A,N/A,N/A
350,1770562322230,Sentence shown,LVH_133_P,true,,,N/A,N/A,N/A,N/A,N/A,N/A,N/A
350,1770562326239,gap_time,N/A,true,,,GapTime_972,N/A,N/A,N/A,N/A,N/A,N/A
350,1770562327223,Sentence shown,HVL_102_A,true,,,N/A,N/A,N/A,N/A,N/A,N/A,N/A
350,1770562331236,gap_time,N/A,true,,,GapTime_833,N/A,N/A,N/A,N/A,N/A,N/A
350,1770562332078,Sentence shown,HF_58_A,,,,N/A,N/A,N/A,N/A,N/A,N/A,N/A
350,1770562336084,gap_time,N/A,,,,GapTime_842,N/A,N/A,N/A,N/A,N/A,N/A
350,1770562336939,Sentence shown,LVH_156_P,true,,true,N/A,N/A,N/A,N/A,N/A,N/A,N/A
350,1770562340942,gap_time,N/A,true,,true,GapTime_893,N/A,N/A,N/A,N/A,N/A,N/A
350,1770562341843,Sentence shown,HH_187_P,true,,,N/A,N/A,N/A,N/A,N/A,N/A,N/A
350,1770562345854,gap_time,N/A,true,,,GapTime_1054,N/A,N/A,N/A,N/A,N/A,N/A
350,1770562346912,Sentence shown,HF_34_A,,,,N/A,N/A,N/A,N/A,N/A,N/A,N/A
350,1770562350920,gap_time,N/A,,,,GapTime_1132,N/A,N/A,N/A,N/A,N/A,N/A
350,1770562352061,Sentence shown,LVL_113_P,true,,true,N/A,N/A,N/A,N/A,N/A,N/A,N/A
350,1770562356065,gap_time,N/A,true,,true,GapTime_1173,N/A,N/A,N/A,N/A,N/A,N/A
350,1770562357240,Sentence shown,HF_54_A,,,,N/A,N/A,N/A,N/A,N/A,N/A,N/A
350,1770562361243,gap_time,N/A,,,,GapTime_1086,N/A,N/A,N/A,N/A,N/A,N/A
350,1770562362334,Sentence shown,LVL_116_A,true,,,N/A,N/A,N/A,N/A,N/A,N/A,N/A
350,1770562366349,gap_time,N/A,true,,,GapTime_887,N/A,N/A,N/A,N/A,N/A,N/A
350,1770562367244,Sentence shown,HF_59_A,,,,N/A,N/A,N/A,N/A,N/A,N/A,N/A
350,1770562371253,gap_time,N/A,,,,GapTime_909,N/A,N/A,N/A,N/A,N/A,N/A
350,1770562372165,Sentence shown,HF_54_A,,true,true,N/A,N/A,N/A,N/A,N/A,N/A,N/A
350,1770562374125,Validation IR pressed,HF_54_A,,true,true,Spacebar,1,N/A,1960,N/A,N/A,N/A
350,1770562374125,IR pressed,HF_54_A,,true,true,Spacebar,1,N/A,1960,N/A,N/A,N/A
350,1770562375340,WR pressed,HF_54_A,,true,true,Yes,N/A,N/A,N/A,1215,N/A,N/A
350,1770562375340,gap_time,N/A,,true,true,GapTime_1169,N/A,N/A,N/A,N/A,N/A,N/A
350,1770562376516,Sentence shown,LVH_133_P,true,,true,N/A,N/A,N/A,N/A,N/A,N/A,N/A
350,1770562377527,IR pressed,LVH_133_P,true,,true,Spacebar,1,N/A,1011,N/A,N/A,N/A
350,1770562377885,WR pressed,LVH_133_P,true,,true,Yes,N/A,1,N/A,358,N/A,N/A
350,1770562377885,gap_time,N/A,true,,true,GapTime_1108,N/A,N/A,N/A,N/A,N/A,N/A
350,1770562378995,Sentence shown,HF_64_A,,,,N/A,N/A,N/A,N/A,N/A,N/A,N/A
350,1770562382995,gap_time,N/A,,,,GapTime_715,N/A,N/A,N/A,N/A,N/A,N/A
350,1770562383719,Sentence shown,HVL_102_P,true,,true,N/A,N/A,N/A,N/A,N/A,N/A,N/A
350,1770562385692,IR pressed,HVL_102_P,true,,true,Spacebar,1,N/A,1973,N/A,N/A,N/A
350,1770562387562,WR pressed,HVL_102_P,true,,true,No,N/A,1,N/A,1870,N/A,N/A
350,1770562387563,gap_time,N/A,true,,true,GapTime_1159,N/A,N/A,N/A,N/A,N/A,N/A
350,1770562388733,Sentence shown,HH_187_A,true,,true,N/A,N/A,N/A,N/A,N/A,N/A,N/A
350,1770562392745,gap_time,N/A,true,,true,GapTime_1242,N/A,N/A,N/A,N/A,N/A,N/A
350,1770562393989,Sentence shown,HH_145_A,true,,,N/A,N/A,N/A,N/A,N/A,N/A,N/A
350,1770562398004,gap_time,N/A,true,,,GapTime_965,N/A,N/A,N/A,N/A,N/A,N/A
350,1770562398975,Sentence shown,HF_35_A,,,,N/A,N/A,N/A,N/A,N/A,N/A,N/A
350,1770562402987,gap_time,N/A,,,,GapTime_1139,N/A,N/A,N/A,N/A,N/A,N/A
350,1770562404140,Sentence shown,HF_36_A,,,,N/A,N/A,N/A,N/A,N/A,N/A,N/A
350,1770562408153,gap_time,N/A,,,,GapTime_1235,N/A,N/A,N/A,N/A,N/A,N/A
350,1770562409393,Sentence shown,HF_63_A,,,,N/A,N/A,N/A,N/A,N/A,N/A,N/A
350,1770562413400,gap_time,N/A,,,,GapTime_1079,N/A,N/A,N/A,N/A,N/A,N/A
350,1770562414486,Sentence shown,HF_35_A,,true,true,N/A,N/A,N/A,N/A,N/A,N/A,N/A
350,1770562415956,Validation IR pressed,HF_35_A,,true,true,Spacebar,1,N/A,1470,N/A,N/A,N/A
350,1770562415956,IR pressed,HF_35_A,,true,true,Spacebar,1,N/A,1470,N/A,N/A,N/A
350,1770562417004,WR pressed,HF_35_A,,true,true,Yes,N/A,N/A,N/A,1048,N/A,N/A
350,1770562417004,gap_time,N/A,,true,true,GapTime_953,N/A,N/A,N/A,N/A,N/A,N/A
350,1770562417964,Sentence shown,LVL_116_A,true,,true,N/A,N/A,N/A,N/A,N/A,N/A,N/A
350,1770562421979,gap_time,N/A,true,,true,GapTime_1143,N/A,N/A,N/A,N/A,N/A,N/A
350,1770562423124,Sentence shown,HH_145_A,true,,true,N/A,N/A,N/A,N/A,N/A,N/A,N/A
350,1770562424787,IR pressed,HH_145_A,true,,true,Spacebar,1,N/A,1663,N/A,N/A,N/A
350,1770562425377,WR pressed,HH_145_A,true,,true,Yes,N/A,1,N/A,590,N/A,N/A
350,1770562425377,gap_time,N/A,true,,true,GapTime_858,N/A,N/A,N/A,N/A,N/A,N/A
350,1770562426237,Sentence shown,LVH_109_A,true,,,N/A,N/A,N/A,N/A,N/A,N/A,N/A
350,1770562430252,gap_time,N/A,true,,,GapTime_920,N/A,N/A,N/A,N/A,N/A,N/A
350,1770562431183,Sentence shown,HF_49_A,,,,N/A,N/A,N/A,N/A,N/A,N/A,N/A
350,1770562435195,gap_time,N/A,,,,GapTime_1237,N/A,N/A,N/A,N/A,N/A,N/A
350,1770562436442,Sentence shown,HF_62_A,,,,N/A,N/A,N/A,N/A,N/A,N/A,N/A
350,1770562440456,gap_time,N/A,,,,GapTime_1057,N/A,N/A,N/A,N/A,N/A,N/A
350,1770562441527,Sentence shown,HVL_143_P,true,,,N/A,N/A,N/A,N/A,N/A,N/A,N/A
350,1770562445532,gap_time,N/A,true,,,GapTime_708,N/A,N/A,N/A,N/A,N/A,N/A
350,1770562446246,Sentence shown,HF_49_A,,true,true,N/A,N/A,N/A,N/A,N/A,N/A,N/A
350,1770562448053,Validation IR pressed,HF_49_A,,true,true,Spacebar,1,N/A,1807,N/A,N/A,N/A
350,1770562448053,IR pressed,HF_49_A,,true,true,Spacebar,1,N/A,1807,N/A,N/A,N/A
350,1770562448458,WR pressed,HF_49_A,,true,true,Yes,N/A,N/A,N/A,405,N/A,N/A
350,1770562448458,gap_time,N/A,,true,true,GapTime_736,N/A,N/A,N/A,N/A,N/A,N/A
350,1770562449210,Sentence shown,HF_43_A,,,,N/A,N/A,N/A,N/A,N/A,N/A,N/A
350,1770562453219,gap_time,N/A,,,,GapTime_1228,N/A,N/A,N/A,N/A,N/A,N/A
350,1770562454453,Sentence shown,LVH_109_A,true,,true,N/A,N/A,N/A,N/A,N/A,N/A,N/A
350,1770562456690,IR pressed,LVH_109_A,true,,true,Spacebar,1,N/A,2237,N/A,N/A,N/A
350,1770562456882,WR pressed,LVH_109_A,true,,true,Yes,N/A,1,N/A,192,N/A,N/A
350,1770562456882,gap_time,N/A,true,,true,GapTime_943,N/A,N/A,N/A,N/A,N/A,N/A
350,1770562457827,Sentence shown,HF_43_A,,true,true,N/A,N/A,N/A,N/A,N/A,N/A,N/A
350,1770562459181,Validation IR pressed,HF_43_A,,true,true,Spacebar,1,N/A,1354,N/A,N/A,N/A
350,1770562459181,IR pressed,HF_43_A,,true,true,Spacebar,1,N/A,1354,N/A,N/A,N/A
350,1770562459453,WR pressed,HF_43_A,,true,true,Yes,N/A,N/A,N/A,272,N/A,N/A
350,1770562459453,gap_time,N/A,,true,true,GapTime_1058,N/A,N/A,N/A,N/A,N/A,N/A
350,1770562460519,Sentence shown,HVL_101_A,true,,,N/A,N/A,N/A,N/A,N/A,N/A,N/A
350,1770562464529,gap_time,N/A,true,,,GapTime_719,N/A,N/A,N/A,N/A,N/A,N/A
350,1770562465256,Sentence shown,HF_47_A,,,,N/A,N/A,N/A,N/A,N/A,N/A,N/A
350,1770562469270,gap_time,N/A,,,,GapTime_1237,N/A,N/A,N/A,N/A,N/A,N/A
350,1770562470513,Sentence shown,HF_52_A,,,,N/A,N/A,N/A,N/A,N/A,N/A,N/A
350,1770562474527,gap_time,N/A,,,,GapTime_729,N/A,N/A,N/A,N/A,N/A,N/A
350,1770562475267,Sentence shown,HF_57_A,,,,N/A,N/A,N/A,N/A,N/A,N/A,N/A
350,1770562479274,gap_time,N/A,,,,GapTime_1183,N/A,N/A,N/A,N/A,N/A,N/A
350,1770562480473,Sentence shown,HF_40_A,,,,N/A,N/A,N/A,N/A,N/A,N/A,N/A
350,1770562484480,gap_time,N/A,,,,GapTime_987,N/A,N/A,N/A,N/A,N/A,N/A
350,1770562485468,Sentence shown,HF_57_A,,true,true,N/A,N/A,N/A,N/A,N/A,N/A,N/A
350,1770562488508,Validation IR pressed,HF_57_A,,true,true,Spacebar,1,N/A,3040,N/A,N/A,N/A
350,1770562488508,IR pressed,HF_57_A,,true,true,Spacebar,1,N/A,3040,N/A,N/A,N/A
350,1770562491440,WR pressed,HF_57_A,,true,true,Yes,N/A,N/A,N/A,2932,N/A,N/A
350,1770562491440,gap_time,N/A,,true,true,GapTime_1235,N/A,N/A,N/A,N/A,N/A,N/A
350,1770562492688,Sentence shown,HH_139_A,true,,,N/A,N/A,N/A,N/A,N/A,N/A,N/A
350,1770562496702,gap_time,N/A,true,,,GapTime_897,N/A,N/A,N/A,N/A,N/A,N/A
350,1770562497606,Sentence shown,HVL_143_A,true,,true,N/A,N/A,N/A,N/A,N/A,N/A,N/A
350,1770562501621,gap_time,N/A,true,,true,GapTime_987,N/A,N/A,N/A,N/A,N/A,N/A
350,1770562502613,Sentence shown,HF_61_A,,,,N/A,N/A,N/A,N/A,N/A,N/A,N/A
350,1770562506628,gap_time,N/A,,,,GapTime_714,N/A,N/A,N/A,N/A,N/A,N/A
350,1770562507354,Sentence shown,HF_41_A,,,,N/A,N/A,N/A,N/A,N/A,N/A,N/A
350,1770562511361,gap_time,N/A,,,,GapTime_716,N/A,N/A,N/A,N/A,N/A,N/A
350,1770562512079,Sentence shown,HVL_101_A,true,,true,N/A,N/A,N/A,N/A,N/A,N/A,N/A
350,1770562513939,IR pressed,HVL_101_A,true,,true,Spacebar,1,N/A,1859,N/A,N/A,N/A
350,1770562514628,WR pressed,HVL_101_A,true,,true,Yes,N/A,1,N/A,689,N/A,N/A
350,1770562514628,gap_time,N/A,true,,true,GapTime_910,N/A,N/A,N/A,N/A,N/A,N/A
350,1770562515544,Sentence shown,HF_48_A,,,,N/A,N/A,N/A,N/A,N/A,N/A,N/A
350,1770562519559,gap_time,N/A,,,,GapTime_1296,N/A,N/A,N/A,N/A,N/A,N/A
350,1770562520868,Sentence shown,HH_139_P,true,,true,N/A,N/A,N/A,N/A,N/A,N/A,N/A
350,1770562524875,gap_time,N/A,true,,true,GapTime_1142,N/A,N/A,N/A,N/A,N/A,N/A
350,1770562526030,Sentence shown,HF_37_A,,,,N/A,N/A,N/A,N/A,N/A,N/A,N/A
350,1770562530043,gap_time,N/A,,,,GapTime_1233,N/A,N/A,N/A,N/A,N/A,N/A
350,1770562531290,Sentence shown,HH_144_P,true,,,N/A,N/A,N/A,N/A,N/A,N/A,N/A
350,1770562535301,gap_time,N/A,true,,,GapTime_937,N/A,N/A,N/A,N/A,N/A,N/A
350,1770562536248,Sentence shown,HF_42_A,,,,N/A,N/A,N/A,N/A,N/A,N/A,N/A
350,1770562540249,gap_time,N/A,,,,GapTime_800,N/A,N/A,N/A,N/A,N/A,N/A
350,1770562541056,Sentence shown,LVL_107_P,true,,,N/A,N/A,N/A,N/A,N/A,N/A,N/A
350,1770562545057,gap_time,N/A,true,,,GapTime_709,N/A,N/A,N/A,N/A,N/A,N/A
350,1770562545772,Sentence shown,HF_38_A,,,,N/A,N/A,N/A,N/A,N/A,N/A,N/A
350,1770562549785,gap_time,N/A,,,,GapTime_1215,N/A,N/A,N/A,N/A,N/A,N/A
350,1770562551016,Sentence shown,HF_51_A,,,,N/A,N/A,N/A,N/A,N/A,N/A,N/A
350,1770562555020,gap_time,N/A,,,,GapTime_1269,N/A,N/A,N/A,N/A,N/A,N/A
350,1770562556293,Sentence shown,HF_45_A,,,,N/A,N/A,N/A,N/A,N/A,N/A,N/A
350,1770562560301,gap_time,N/A,,,,GapTime_1114,N/A,N/A,N/A,N/A,N/A,N/A
350,1770562561418,Sentence shown,LVL_115_P,true,,,N/A,N/A,N/A,N/A,N/A,N/A,N/A
350,1770562565433,gap_time,N/A,true,,,GapTime_1291,N/A,N/A,N/A,N/A,N/A,N/A
350,1770562566740,Sentence shown,LVL_107_A,true,,true,N/A,N/A,N/A,N/A,N/A,N/A,N/A
350,1770562569612,IR pressed,LVL_107_A,true,,true,Spacebar,1,N/A,2872,N/A,N/A,N/A
350,1770562572450,WR pressed,LVL_107_A,true,,true,No,N/A,1,N/A,2838,N/A,N/A
350,1770562572450,gap_time,N/A,true,,true,GapTime_906,N/A,N/A,N/A,N/A,N/A,N/A
350,1770562573365,Sentence shown,HH_144_P,true,,true,N/A,N/A,N/A,N/A,N/A,N/A,N/A
350,1770562575397,IR pressed,HH_144_P,true,,true,Spacebar,1,N/A,2032,N/A,N/A,N/A
350,1770562579519,WR pressed,HH_144_P,true,,true,No,N/A,0,N/A,4122,N/A,N/A
350,1770562579519,gap_time,N/A,true,,true,GapTime_941,N/A,N/A,N/A,N/A,N/A,N/A
350,1770562580472,Sentence shown,HF_56_A,,,,N/A,N/A,N/A,N/A,N/A,N/A,N/A
350,1770562584485,gap_time,N/A,,,,GapTime_841,N/A,N/A,N/A,N/A,N/A,N/A
350,1770562585334,Sentence shown,LVH_144_P,true,,,N/A,N/A,N/A,N/A,N/A,N/A,N/A
350,1770562589348,gap_time,N/A,true,,,GapTime_1008,N/A,N/A,N/A,N/A,N/A,N/A
350,1770562590361,Sentence shown,LVL_115_P,true,,true,N/A,N/A,N/A,N/A,N/A,N/A,N/A
350,1770562593470,IR pressed,LVL_115_P,true,,true,Spacebar,1,N/A,3109,N/A,N/A,N/A
350,1770562595791,WR pressed,LVL_115_P,true,,true,Yes,N/A,1,N/A,2321,N/A,N/A
350,1770562595791,gap_time,N/A,true,,true,GapTime_1235,N/A,N/A,N/A,N/A,N/A,N/A
350,1770562597033,Sentence shown,HF_56_A,,true,true,N/A,N/A,N/A,N/A,N/A,N/A,N/A
350,1770562598202,Validation IR pressed,HF_56_A,,true,true,Spacebar,1,N/A,1169,N/A,N/A,N/A
350,1770562598202,IR pressed,HF_56_A,,true,true,Spacebar,1,N/A,1169,N/A,N/A,N/A
350,1770562598561,WR pressed,HF_56_A,,true,true,Yes,N/A,N/A,N/A,359,N/A,N/A
350,1770562598561,gap_time,N/A,,true,true,GapTime_883,N/A,N/A,N/A,N/A,N/A,N/A
350,1770562599445,Sentence shown,LVH_144_A,true,,true,N/A,N/A,N/A,N/A,N/A,N/A,N/A
350,1770562600706,IR pressed,LVH_144_A,true,,true,Spacebar,1,N/A,1261,N/A,N/A,N/A
350,1770562601011,WR pressed,LVH_144_A,true,,true,Yes,N/A,0,N/A,305,N/A,N/A
350,1770562601012,gap_time,N/A,true,,true,GapTime_939,N/A,N/A,N/A,N/A,N/A,N/A
350,1770562601956,Rest Phase started,N/A,true,,true,Rest,N/A,N/A,N/A,N/A,N/A,N/A
350,1770563186655,Sentence shown,HF_70_A,,,,N/A,N/A,N/A,N/A,N/A,N/A,N/A
350,1770563190658,gap_time,N/A,,,,GapTime_1174,N/A,N/A,N/A,N/A,N/A,N/A
350,1770563191841,Sentence shown,HF_70_A,,true,true,N/A,N/A,N/A,N/A,N/A,N/A,N/A
350,1770563192659,Validation IR pressed,HF_70_A,,true,true,Spacebar,1,N/A,818,N/A,N/A,N/A
350,1770563192659,IR pressed,HF_70_A,,true,true,Spacebar,1,N/A,818,N/A,N/A,N/A
350,1770563193641,WR pressed,HF_70_A,,true,true,Yes,N/A,N/A,N/A,982,N/A,N/A
350,1770563193642,gap_time,N/A,,true,true,GapTime_834,N/A,N/A,N/A,N/A,N/A,N/A
350,1770563194483,Sentence shown,HF_91_A,,,,N/A,N/A,N/A,N/A,N/A,N/A,N/A
350,1770563198488,gap_time,N/A,,,,GapTime_707,N/A,N/A,N/A,N/A,N/A,N/A
350,1770563199198,Sentence shown,HF_94_A,,,,N/A,N/A,N/A,N/A,N/A,N/A,N/A
350,1770563203208,gap_time,N/A,,,,GapTime_1026,N/A,N/A,N/A,N/A,N/A,N/A
350,1770563204238,Sentence shown,HF_96_A,,,,N/A,N/A,N/A,N/A,N/A,N/A,N/A
350,1770563208248,gap_time,N/A,,,,GapTime_1269,N/A,N/A,N/A,N/A,N/A,N/A
350,1770563209528,Sentence shown,HF_81_A,,,,N/A,N/A,N/A,N/A,N/A,N/A,N/A
350,1770563213530,gap_time,N/A,,,,GapTime_1217,N/A,N/A,N/A,N/A,N/A,N/A
350,1770563214751,Sentence shown,LVH_161_A,true,,,N/A,N/A,N/A,N/A,N/A,N/A,N/A
350,1770563218764,gap_time,N/A,true,,,GapTime_1094,N/A,N/A,N/A,N/A,N/A,N/A
350,1770563219874,Sentence shown,LVL_108_P,true,,,N/A,N/A,N/A,N/A,N/A,N/A,N/A
350,1770563223876,gap_time,N/A,true,,,GapTime_1260,N/A,N/A,N/A,N/A,N/A,N/A
350,1770563225147,Sentence shown,HF_88_A,,,,N/A,N/A,N/A,N/A,N/A,N/A,N/A
350,1770563229148,gap_time,N/A,,,,GapTime_955,N/A,N/A,N/A,N/A,N/A,N/A
350,1770563230111,Sentence shown,HF_66_A,,,,N/A,N/A,N/A,N/A,N/A,N/A,N/A
350,1770563234124,gap_time,N/A,,,,GapTime_1258,N/A,N/A,N/A,N/A,N/A,N/A
350,1770563235395,Sentence shown,HF_88_A,,true,true,N/A,N/A,N/A,N/A,N/A,N/A,N/A
350,1770563237395,Validation IR pressed,HF_88_A,,true,true,Spacebar,1,N/A,2000,N/A,N/A,N/A
350,1770563237395,IR pressed,HF_88_A,,true,true,Spacebar,1,N/A,2000,N/A,N/A,N/A
350,1770563238142,WR pressed,HF_88_A,,true,true,Yes,N/A,N/A,N/A,747,N/A,N/A
350,1770563238142,gap_time,N/A,,true,true,GapTime_1083,N/A,N/A,N/A,N/A,N/A,N/A
350,1770563239230,Sentence shown,HF_73_A,,,,N/A,N/A,N/A,N/A,N/A,N/A,N/A
350,1770563241029,Validation Wrong IR pressed,HF_73_A,,,,Spacebar,0,N/A,1799,N/A,N/A,N/A
350,1770563241029,IR pressed,HF_73_A,,,,Spacebar,0,N/A,1799,N/A,N/A,N/A
350,1770563241815,WR pressed,HF_73_A,,,,Yes,N/A,N/A,N/A,786,N/A,N/A
350,1770563241815,gap_time,N/A,,,,GapTime_740,N/A,N/A,N/A,N/A,N/A,N/A
350,1770563242560,Sentence shown,LVH_161_P,true,,true,N/A,N/A,N/A,N/A,N/A,N/A,N/A
350,1770563244909,IR pressed,LVH_161_P,true,,true,Spacebar,1,N/A,2349,N/A,N/A,N/A
350,1770563245861,WR pressed,LVH_161_P,true,,true,No,N/A,1,N/A,952,N/A,N/A
350,1770563245861,gap_time,N/A,true,,true,GapTime_846,N/A,N/A,N/A,N/A,N/A,N/A
350,1770563246711,Sentence shown,HF_67_A,,,,N/A,N/A,N/A,N/A,N/A,N/A,N/A
350,1770563250722,gap_time,N/A,,,,GapTime_964,N/A,N/A,N/A,N/A,N/A,N/A
350,1770563251695,Sentence shown,HF_67_A,,true,true,N/A,N/A,N/A,N/A,N/A,N/A,N/A
350,1770563252607,Validation IR pressed,HF_67_A,,true,true,Spacebar,1,N/A,912,N/A,N/A,N/A
350,1770563252607,IR pressed,HF_67_A,,true,true,Spacebar,1,N/A,912,N/A,N/A,N/A
350,1770563253016,WR pressed,HF_67_A,,true,true,Yes,N/A,N/A,N/A,409,N/A,N/A
350,1770563253016,gap_time,N/A,,true,true,GapTime_724,N/A,N/A,N/A,N/A,N/A,N/A
350,1770563253755,Sentence shown,HF_86_A,,,,N/A,N/A,N/A,N/A,N/A,N/A,N/A
350,1770563257755,gap_time,N/A,,,,GapTime_989,N/A,N/A,N/A,N/A,N/A,N/A
350,1770563258750,Sentence shown,LVL_108_P,true,,true,N/A,N/A,N/A,N/A,N/A,N/A,N/A
350,1770563260301,IR pressed,LVL_108_P,true,,true,Spacebar,1,N/A,1551,N/A,N/A,N/A
350,1770563263314,WR pressed,LVL_108_P,true,,true,No,N/A,0,N/A,3013,N/A,N/A
350,1770563263314,gap_time,N/A,true,,true,GapTime_734,N/A,N/A,N/A,N/A,N/A,N/A
350,1770563264050,Sentence shown,LVL_145_P,true,,,N/A,N/A,N/A,N/A,N/A,N/A,N/A
350,1770563268051,gap_time,N/A,true,,,GapTime_789,N/A,N/A,N/A,N/A,N/A,N/A
350,1770563268855,Sentence shown,HF_86_A,,true,true,N/A,N/A,N/A,N/A,N/A,N/A,N/A
350,1770563270187,Validation IR pressed,HF_86_A,,true,true,Spacebar,1,N/A,1332,N/A,N/A,N/A
350,1770563270187,IR pressed,HF_86_A,,true,true,Spacebar,1,N/A,1332,N/A,N/A,N/A
350,1770563270847,WR pressed,HF_86_A,,true,true,Yes,N/A,N/A,N/A,660,N/A,N/A
350,1770563270847,gap_time,N/A,,true,true,GapTime_1088,N/A,N/A,N/A,N/A,N/A,N/A
350,1770563271937,Sentence shown,HF_82_A,,,,N/A,N/A,N/A,N/A,N/A,N/A,N/A
350,1770563275948,gap_time,N/A,,,,GapTime_895,N/A,N/A,N/A,N/A,N/A,N/A
350,1770563276848,Sentence shown,HF_72_A,,,,N/A,N/A,N/A,N/A,N/A,N/A,N/A
350,1770563278273,Validation Wrong IR pressed,HF_72_A,,,,Spacebar,0,N/A,1425,N/A,N/A,N/A
350,1770563278273,IR pressed,HF_72_A,,,,Spacebar,0,N/A,1425,N/A,N/A,N/A
350,1770563279164,WR pressed,HF_72_A,,,,Yes,N/A,N/A,N/A,891,N/A,N/A
350,1770563279164,gap_time,N/A,,,,GapTime_765,N/A,N/A,N/A,N/A,N/A,N/A
350,1770563279943,Sentence shown,HF_83_A,,,,N/A,N/A,N/A,N/A,N/A,N/A,N/A
350,1770563283950,gap_time,N/A,,,,GapTime_887,N/A,N/A,N/A,N/A,N/A,N/A
350,1770563284842,Sentence shown,HF_76_A,,,,N/A,N/A,N/A,N/A,N/A,N/A,N/A
350,1770563288846,gap_time,N/A,,,,GapTime_1164,N/A,N/A,N/A,N/A,N/A,N/A
350,1770563290020,Sentence shown,LVL_117_A,true,,,N/A,N/A,N/A,N/A,N/A,N/A,N/A
350,1770563294031,gap_time,N/A,true,,,GapTime_846,N/A,N/A,N/A,N/A,N/A,N/A
350,1770563294883,Sentence shown,LVL_145_A,true,,true,N/A,N/A,N/A,N/A,N/A,N/A,N/A
350,1770563298889,gap_time,N/A,true,,true,GapTime_1152,N/A,N/A,N/A,N/A,N/A,N/A
350,1770563300046,Sentence shown,HF_89_A,,,,N/A,N/A,N/A,N/A,N/A,N/A,N/A
350,1770563304051,gap_time,N/A,,,,GapTime_852,N/A,N/A,N/A,N/A,N/A,N/A
350,1770563304911,Sentence shown,HF_79_A,,,,N/A,N/A,N/A,N/A,N/A,N/A,N/A
350,1770563308914,gap_time,N/A,,,,GapTime_1155,N/A,N/A,N/A,N/A,N/A,N/A
350,1770563310074,Sentence shown,HF_68_A,,,,N/A,N/A,N/A,N/A,N/A,N/A,N/A
350,1770563314080,gap_time,N/A,,,,GapTime_929,N/A,N/A,N/A,N/A,N/A,N/A
350,1770563315023,Sentence shown,HF_79_A,,true,true,N/A,N/A,N/A,N/A,N/A,N/A,N/A
350,1770563316640,Validation IR pressed,HF_79_A,,true,true,Spacebar,1,N/A,1617,N/A,N/A,N/A
350,1770563316640,IR pressed,HF_79_A,,true,true,Spacebar,1,N/A,1617,N/A,N/A,N/A
350,1770563317082,WR pressed,HF_79_A,,true,true,Yes,N/A,N/A,N/A,442,N/A,N/A
350,1770563317083,gap_time,N/A,,true,true,GapTime_990,N/A,N/A,N/A,N/A,N/A,N/A
350,1770563318075,Sentence shown,HH_138_A,true,,,N/A,N/A,N/A,N/A,N/A,N/A,N/A
350,1770563322079,gap_time,N/A,true,,,GapTime_893,N/A,N/A,N/A,N/A,N/A,N/A
350,1770563322975,Sentence shown,HF_74_A,,,,N/A,N/A,N/A,N/A,N/A,N/A,N/A
350,1770563326980,gap_time,N/A,,,,GapTime_1196,N/A,N/A,N/A,N/A,N/A,N/A
350,1770563328183,Sentence shown,HF_75_A,,,,N/A,N/A,N/A,N/A,N/A,N/A,N/A
350,1770563332192,gap_time,N/A,,,,GapTime_1098,N/A,N/A,N/A,N/A,N/A,N/A
350,1770563333292,Sentence shown,LVL_117_P,true,,true,N/A,N/A,N/A,N/A,N/A,N/A,N/A
350,1770563334915,IR pressed,LVL_117_P,true,,true,Spacebar,1,N/A,1623,N/A,N/A,N/A
350,1770563336317,WR pressed,LVL_117_P,true,,true,No,N/A,1,N/A,1402,N/A,N/A
350,1770563336317,gap_time,N/A,true,,true,GapTime_829,N/A,N/A,N/A,N/A,N/A,N/A
350,1770563337148,Sentence shown,HF_90_A,,,,N/A,N/A,N/A,N/A,N/A,N/A,N/A
350,1770563341158,gap_time,N/A,,,,GapTime_1288,N/A,N/A,N/A,N/A,N/A,N/A
350,1770563342458,Sentence shown,HF_75_A,,true,true,N/A,N/A,N/A,N/A,N/A,N/A,N/A
350,1770563343630,Validation IR pressed,HF_75_A,,true,true,Spacebar,1,N/A,1172,N/A,N/A,N/A
350,1770563343630,IR pressed,HF_75_A,,true,true,Spacebar,1,N/A,1172,N/A,N/A,N/A
350,1770563344629,WR pressed,HF_75_A,,true,true,Yes,N/A,N/A,N/A,999,N/A,N/A
350,1770563344629,gap_time,N/A,,true,true,GapTime_1235,N/A,N/A,N/A,N/A,N/A,N/A
350,1770563345878,Sentence shown,HVL_157_A,true,,,N/A,N/A,N/A,N/A,N/A,N/A,N/A
350,1770563349122,Validation Wrong IR pressed,HVL_157_A,true,,,Spacebar,0,N/A,3244,N/A,N/A,N/A
350,1770563349122,IR pressed,HVL_157_A,true,,,Spacebar,0,N/A,3244,N/A,N/A,N/A
350,1770563350002,WR pressed,HVL_157_A,true,,,No,N/A,0,N/A,880,N/A,N/A
350,1770563350002,gap_time,N/A,true,,,GapTime_1120,N/A,N/A,N/A,N/A,N/A,N/A
350,1770563351131,Sentence shown,HVL_114_P,true,,,N/A,N/A,N/A,N/A,N/A,N/A,N/A
350,1770563355136,gap_time,N/A,true,,,GapTime_754,N/A,N/A,N/A,N/A,N/A,N/A
350,1770563355892,Sentence shown,LVH_124_A,true,,,N/A,N/A,N/A,N/A,N/A,N/A,N/A
350,1770563359895,gap_time,N/A,true,,,GapTime_1274,N/A,N/A,N/A,N/A,N/A,N/A
350,1770563361181,Sentence shown,HH_138_A,true,,true,N/A,N/A,N/A,N/A,N/A,N/A,N/A
350,1770563362626,IR pressed,HH_138_A,true,,true,Spacebar,1,N/A,1445,N/A,N/A,N/A
350,1770563363509,WR pressed,HH_138_A,true,,true,Yes,N/A,1,N/A,883,N/A,N/A
350,1770563363509,gap_time,N/A,true,,true,GapTime_1190,N/A,N/A,N/A,N/A,N/A,N/A
350,1770563364710,Sentence shown,LVH_130_P,true,,,N/A,N/A,N/A,N/A,N/A,N/A,N/A
350,1770563368713,gap_time,N/A,true,,,GapTime_1297,N/A,N/A,N/A,N/A,N/A,N/A
350,1770563370024,Sentence shown,HH_155_A,true,,,N/A,N/A,N/A,N/A,N/A,N/A,N/A
350,1770563374026,gap_time,N/A,true,,,GapTime_986,N/A,N/A,N/A,N/A,N/A,N/A
350,1770563375015,Sentence shown,HF_84_A,,,,N/A,N/A,N/A,N/A,N/A,N/A,N/A
350,1770563379016,gap_time,N/A,,,,GapTime_927,N/A,N/A,N/A,N/A,N/A,N/A
350,1770563379954,Sentence shown,HF_78_A,,,,N/A,N/A,N/A,N/A,N/A,N/A,N/A
350,1770563383958,gap_time,N/A,,,,GapTime_916,N/A,N/A,N/A,N/A,N/A,N/A
350,1770563384880,Sentence shown,HF_93_A,,,,N/A,N/A,N/A,N/A,N/A,N/A,N/A
350,1770563388895,gap_time,N/A,,,,GapTime_1025,N/A,N/A,N/A,N/A,N/A,N/A
350,1770563389927,Sentence shown,HVL_157_A,true,,true,N/A,N/A,N/A,N/A,N/A,N/A,N/A
350,1770563391846,IR pressed,HVL_157_A,true,,true,Spacebar,1,N/A,1919,N/A,N/A,N/A
350,1770563393497,WR pressed,HVL_157_A,true,,true,Yes,N/A,1,N/A,1651,N/A,N/A
350,1770563393497,gap_time,N/A,true,,true,GapTime_951,N/A,N/A,N/A,N/A,N/A,N/A
350,1770563394461,Sentence shown,HF_92_A,,,,N/A,N/A,N/A,N/A,N/A,N/A,N/A
350,1770563398469,gap_time,N/A,,,,GapTime_1215,N/A,N/A,N/A,N/A,N/A,N/A
350,1770563399691,Sentence shown,HVL_114_A,true,,true,N/A,N/A,N/A,N/A,N/A,N/A,N/A
350,1770563401143,IR pressed,HVL_114_A,true,,true,Spacebar,1,N/A,1452,N/A,N/A,N/A
350,1770563402631,WR pressed,HVL_114_A,true,,true,No,N/A,1,N/A,1488,N/A,N/A
350,1770563402631,gap_time,N/A,true,,true,GapTime_806,N/A,N/A,N/A,N/A,N/A,N/A
350,1770563403441,Sentence shown,LVH_130_P,true,,true,N/A,N/A,N/A,N/A,N/A,N/A,N/A
350,1770563404851,IR pressed,LVH_130_P,true,,true,Spacebar,1,N/A,1410,N/A,N/A,N/A
350,1770563405749,WR pressed,LVH_130_P,true,,true,Yes,N/A,1,N/A,898,N/A,N/A
350,1770563405750,gap_time,N/A,true,,true,GapTime_865,N/A,N/A,N/A,N/A,N/A,N/A
350,1770563406626,Sentence shown,LVH_124_A,true,,true,N/A,N/A,N/A,N/A,N/A,N/A,N/A
350,1770563407528,IR pressed,LVH_124_A,true,,true,Spacebar,1,N/A,902,N/A,N/A,N/A
350,1770563407871,WR pressed,LVH_124_A,true,,true,Yes,N/A,1,N/A,343,N/A,N/A
350,1770563407871,gap_time,N/A,true,,true,GapTime_828,N/A,N/A,N/A,N/A,N/A,N/A
350,1770563408715,Sentence shown,LVL_105_A,true,,,N/A,N/A,N/A,N/A,N/A,N/A,N/A
350,1770563412721,gap_time,N/A,true,,,GapTime_1209,N/A,N/A,N/A,N/A,N/A,N/A
350,1770563413943,Sentence shown,HH_171_P,true,,,N/A,N/A,N/A,N/A,N/A,N/A,N/A
350,1770563417950,gap_time,N/A,true,,,GapTime_1095,N/A,N/A,N/A,N/A,N/A,N/A
350,1770563419055,Sentence shown,LVH_106_P,true,,,N/A,N/A,N/A,N/A,N/A,N/A,N/A
350,1770563423066,gap_time,N/A,true,,,GapTime_956,N/A,N/A,N/A,N/A,N/A,N/A
350,1770563424023,Sentence shown,HH_155_P,true,,true,N/A,N/A,N/A,N/A,N/A,N/A,N/A
350,1770563428027,gap_time,N/A,true,,true,GapTime_1256,N/A,N/A,N/A,N/A,N/A,N/A
350,1770563429288,Sentence shown,HF_97_A,,,,N/A,N/A,N/A,N/A,N/A,N/A,N/A
350,1770563433293,gap_time,N/A,,,,GapTime_1199,N/A,N/A,N/A,N/A,N/A,N/A
350,1770563434504,Sentence shown,HF_69_A,,,,N/A,N/A,N/A,N/A,N/A,N/A,N/A
350,1770563438509,gap_time,N/A,,,,GapTime_987,N/A,N/A,N/A,N/A,N/A,N/A
350,1770563439510,Sentence shown,HF_69_A,,true,true,N/A,N/A,N/A,N/A,N/A,N/A,N/A
350,1770563440726,Validation IR pressed,HF_69_A,,true,true,Spacebar,1,N/A,1216,N/A,N/A,N/A
350,1770563440726,IR pressed,HF_69_A,,true,true,Spacebar,1,N/A,1216,N/A,N/A,N/A
350,1770563440996,WR pressed,HF_69_A,,true,true,Yes,N/A,N/A,N/A,270,N/A,N/A
350,1770563440996,gap_time,N/A,,true,true,GapTime_1073,N/A,N/A,N/A,N/A,N/A,N/A
350,1770563442082,Sentence shown,LVL_105_A,true,,true,N/A,N/A,N/A,N/A,N/A,N/A,N/A
350,1770563443191,IR pressed,LVL_105_A,true,,true,Spacebar,1,N/A,1109,N/A,N/A,N/A
350,1770563443503,WR pressed,LVL_105_A,true,,true,Yes,N/A,1,N/A,312,N/A,N/A
350,1770563443503,gap_time,N/A,true,,true,GapTime_1233,N/A,N/A,N/A,N/A,N/A,N/A
350,1770563444751,Sentence shown,HF_80_A,,,,N/A,N/A,N/A,N/A,N/A,N/A,N/A
350,1770563446155,Validation Wrong IR pressed,HF_80_A,,,,Spacebar,0,N/A,1404,N/A,N/A,N/A
350,1770563446155,IR pressed,HF_80_A,,,,Spacebar,0,N/A,1404,N/A,N/A,N/A
350,1770563446463,WR pressed,HF_80_A,,,,Yes,N/A,N/A,N/A,308,N/A,N/A
350,1770563446464,gap_time,N/A,,,,GapTime_991,N/A,N/A,N/A,N/A,N/A,N/A
350,1770563447458,Sentence shown,HH_171_P,true,,true,N/A,N/A,N/A,N/A,N/A,N/A,N/A
350,1770563451470,gap_time,N/A,true,,true,GapTime_836,N/A,N/A,N/A,N/A,N/A,N/A
350,1770563452320,Sentence shown,HF_71_A,,,,N/A,N/A,N/A,N/A,N/A,N/A,N/A
350,1770563456336,gap_time,N/A,,,,GapTime_1063,N/A,N/A,N/A,N/A,N/A,N/A
350,1770563457410,Sentence shown,HVL_103_A,true,,,N/A,N/A,N/A,N/A,N/A,N/A,N/A
350,1770563461415,gap_time,N/A,true,,,GapTime_729,N/A,N/A,N/A,N/A,N/A,N/A
350,1770563462158,Sentence shown,HF_87_A,,,,N/A,N/A,N/A,N/A,N/A,N/A,N/A
350,1770563466160,gap_time,N/A,,,,GapTime_879,N/A,N/A,N/A,N/A,N/A,N/A
350,1770563467054,Sentence shown,HF_71_A,,true,true,N/A,N/A,N/A,N/A,N/A,N/A,N/A
350,1770563468488,Validation IR pressed,HF_71_A,,true,true,Spacebar,1,N/A,1434,N/A,N/A,N/A
350,1770563468488,IR pressed,HF_71_A,,true,true,Spacebar,1,N/A,1434,N/A,N/A,N/A
350,1770563469006,WR pressed,HF_71_A,,true,true,Yes,N/A,N/A,N/A,518,N/A,N/A
350,1770563469007,gap_time,N/A,,true,true,GapTime_1226,N/A,N/A,N/A,N/A,N/A,N/A
350,1770563470238,Sentence shown,HF_87_A,,true,true,N/A,N/A,N/A,N/A,N/A,N/A,N/A
350,1770563471832,Validation IR pressed,HF_87_A,,true,true,Spacebar,1,N/A,1594,N/A,N/A,N/A
350,1770563471832,IR pressed,HF_87_A,,true,true,Spacebar,1,N/A,1594,N/A,N/A,N/A
350,1770563472283,WR pressed,HF_87_A,,true,true,Yes,N/A,N/A,N/A,451,N/A,N/A
350,1770563472283,gap_time,N/A,,true,true,GapTime_865,N/A,N/A,N/A,N/A,N/A,N/A
350,1770563473154,Sentence shown,LVH_106_A,true,,true,N/A,N/A,N/A,N/A,N/A,N/A,N/A
350,1770563477165,gap_time,N/A,true,,true,GapTime_1151,N/A,N/A,N/A,N/A,N/A,N/A
350,1770563478320,Sentence shown,HVL_123_P,true,,,N/A,N/A,N/A,N/A,N/A,N/A,N/A
350,1770563482326,gap_time,N/A,true,,,GapTime_1217,N/A,N/A,N/A,N/A,N/A,N/A
350,1770563483550,Sentence shown,HF_85_A,,,,N/A,N/A,N/A,N/A,N/A,N/A,N/A
350,1770563487565,gap_time,N/A,,,,GapTime_751,N/A,N/A,N/A,N/A,N/A,N/A
350,1770563488326,Sentence shown,HF_85_A,,true,true,N/A,N/A,N/A,N/A,N/A,N/A,N/A
350,1770563489153,Validation IR pressed,HF_85_A,,true,true,Spacebar,1,N/A,827,N/A,N/A,N/A
350,1770563489153,IR pressed,HF_85_A,,true,true,Spacebar,1,N/A,827,N/A,N/A,N/A
350,1770563489501,WR pressed,HF_85_A,,true,true,Yes,N/A,N/A,N/A,348,N/A,N/A
350,1770563489501,gap_time,N/A,,true,true,GapTime_1287,N/A,N/A,N/A,N/A,N/A,N/A
350,1770563490800,Sentence shown,HF_77_A,,,,N/A,N/A,N/A,N/A,N/A,N/A,N/A
350,1770563494811,gap_time,N/A,,,,GapTime_720,N/A,N/A,N/A,N/A,N/A,N/A
350,1770563495542,Sentence shown,HH_165_P,true,,,N/A,N/A,N/A,N/A,N/A,N/A,N/A
350,1770563499549,gap_time,N/A,true,,,GapTime_998,N/A,N/A,N/A,N/A,N/A,N/A
350,1770563500556,Sentence shown,HVL_103_P,true,,true,N/A,N/A,N/A,N/A,N/A,N/A,N/A
350,1770563502177,IR pressed,HVL_103_P,true,,true,Spacebar,1,N/A,1621,N/A,N/A,N/A
350,1770563503105,WR pressed,HVL_103_P,true,,true,No,N/A,1,N/A,928,N/A,N/A
350,1770563503105,gap_time,N/A,true,,true,GapTime_763,N/A,N/A,N/A,N/A,N/A,N/A
350,1770563503877,Sentence shown,HF_95_A,,,,N/A,N/A,N/A,N/A,N/A,N/A,N/A
350,1770563507886,gap_time,N/A,,,,GapTime_753,N/A,N/A,N/A,N/A,N/A,N/A
350,1770563508645,Sentence shown,HVL_123_P,true,,true,N/A,N/A,N/A,N/A,N/A,N/A,N/A
350,1770563510896,IR pressed,HVL_123_P,true,,true,Spacebar,1,N/A,2251,N/A,N/A,N/A
350,1770563511733,WR pressed,HVL_123_P,true,,true,Yes,N/A,1,N/A,837,N/A,N/A
350,1770563511733,gap_time,N/A,true,,true,GapTime_931,N/A,N/A,N/A,N/A,N/A,N/A
350,1770563512670,Sentence shown,HH_165_A,true,,true,N/A,N/A,N/A,N/A,N/A,N/A,N/A
350,1770563514146,IR pressed,HH_165_A,true,,true,Spacebar,1,N/A,1476,N/A,N/A,N/A
350,1770563514787,WR pressed,HH_165_A,true,,true,No,N/A,1,N/A,641,N/A,N/A
350,1770563514788,gap_time,N/A,true,,true,GapTime_741,N/A,N/A,N/A,N/A,N/A,N/A
