participant_ID,Timestamp,Event,Stimulus,isTarget,isValidation,isRepeat,Button,Accuracy IR,Accuracy WR,Reaction_time_IR,Reaction_time_WR,CR_IR,CR_WR
361,1770566323361,Practice Sentence shown,HL_33_A,,,,N/A,N/A,N/A,N/A,N/A,N/A,N/A
361,1770566328872,Practice Sentence shown,HH_124_A,true,,,N/A,N/A,N/A,N/A,N/A,N/A,N/A
361,1770566334389,Practice Sentence shown,HH_101_A,true,,,N/A,N/A,N/A,N/A,N/A,N/A,N/A
361,1770566339907,Practice Sentence shown,HL_108_A,,,,N/A,N/A,N/A,N/A,N/A,N/A,N/A
361,1770566345427,Practice Sentence shown,HL_22_A,,,,N/A,N/A,N/A,N/A,N/A,N/A,N/A
361,1770566350942,Practice Sentence shown,HL_66_A,,,,N/A,N/A,N/A,N/A,N/A,N/A,N/A
361,1770566356458,Practice Sentence shown,HH_101_A,true,,true,N/A,N/A,N/A,N/A,N/A,N/A,N/A
361,1770566359146,Practice IR pressed,HH_101_A,true,,true,Spacebar,1,N/A,2688,N/A,N/A,N/A
361,1770566360886,Practice WR pressed,HH_101_A,true,,true,Yes,N/A,1,N/A,1740,N/A,N/A
361,1770566362393,Practice Sentence shown,HL_81_A,,,,N/A,N/A,N/A,N/A,N/A,N/A,N/A
361,1770566367920,Practice Sentence shown,HL_64_A,,,,N/A,N/A,N/A,N/A,N/A,N/A,N/A
361,1770566373442,Practice Sentence shown,HH_124_P,true,,true,N/A,N/A,N/A,N/A,N/A,N/A,N/A
361,1770566375407,Practice IR pressed,HH_124_P,true,,true,Spacebar,1,N/A,1965,N/A,N/A,N/A
361,1770566376074,Practice WR pressed,HH_124_P,true,,true,No,N/A,1,N/A,667,N/A,N/A
361,1770566377587,Practice Sentence shown,HL_30_A,,,,N/A,N/A,N/A,N/A,N/A,N/A,N/A
361,1770566383116,Practice Sentence shown,HH_135_A,true,,,N/A,N/A,N/A,N/A,N/A,N/A,N/A
361,1770566388646,Practice Sentence shown,HL_72_A,,,,N/A,N/A,N/A,N/A,N/A,N/A,N/A
361,1770566394161,Practice Sentence shown,HH_120_A,true,,,N/A,N/A,N/A,N/A,N/A,N/A,N/A
361,1770566399670,Practice Sentence shown,HL_31_A,,,,N/A,N/A,N/A,N/A,N/A,N/A,N/A
361,1770566405174,Practice Sentence shown,HH_103_A,true,,,N/A,N/A,N/A,N/A,N/A,N/A,N/A
361,1770566410688,Practice Sentence shown,HL_43_A,,,,N/A,N/A,N/A,N/A,N/A,N/A,N/A
361,1770566416205,Practice Sentence shown,HH_135_A,true,,true,N/A,N/A,N/A,N/A,N/A,N/A,N/A
361,1770566417685,Practice IR pressed,HH_135_A,true,,true,Spacebar,1,N/A,1480,N/A,N/A,N/A
361,1770566418606,Practice WR pressed,HH_135_A,true,,true,Yes,N/A,1,N/A,921,N/A,N/A
361,1770566420121,Practice Sentence shown,HH_103_P,true,,true,N/A,N/A,N/A,N/A,N/A,N/A,N/A
361,1770566422039,Practice IR pressed,HH_103_P,true,,true,Spacebar,1,N/A,1918,N/A,N/A,N/A
361,1770566425451,Practice WR pressed,HH_103_P,true,,true,No,N/A,1,N/A,3412,N/A,N/A
361,1770566426959,Practice Sentence shown,HH_120_P,true,,true,N/A,N/A,N/A,N/A,N/A,N/A,N/A
361,1770566429420,Practice IR pressed,HH_120_P,true,,true,Spacebar,1,N/A,2461,N/A,N/A,N/A
361,1770566430467,Practice WR pressed,HH_120_P,true,,true,No,N/A,1,N/A,1047,N/A,N/A
361,1770566487709,Sentence shown,HF_5_A,,,,N/A,N/A,N/A,N/A,N/A,N/A,N/A
361,1770566491716,gap_time,N/A,,,,GapTime_1129,N/A,N/A,N/A,N/A,N/A,N/A
361,1770566492855,Sentence shown,HF_14_A,,,,N/A,N/A,N/A,N/A,N/A,N/A,N/A
361,1770566496865,gap_time,N/A,,,,GapTime_1227,N/A,N/A,N/A,N/A,N/A,N/A
361,1770566498105,Sentence shown,HF_9_A,,,,N/A,N/A,N/A,N/A,N/A,N/A,N/A
361,1770566502114,gap_time,N/A,,,,GapTime_1281,N/A,N/A,N/A,N/A,N/A,N/A
361,1770566503399,Sentence shown,HF_20_A,,,,N/A,N/A,N/A,N/A,N/A,N/A,N/A
361,1770566507413,gap_time,N/A,,,,GapTime_711,N/A,N/A,N/A,N/A,N/A,N/A
361,1770566508139,Sentence shown,HF_27_A,,,,N/A,N/A,N/A,N/A,N/A,N/A,N/A
361,1770566512149,gap_time,N/A,,,,GapTime_1139,N/A,N/A,N/A,N/A,N/A,N/A
361,1770566513301,Sentence shown,HF_6_A,,,,N/A,N/A,N/A,N/A,N/A,N/A,N/A
361,1770566517309,gap_time,N/A,,,,GapTime_1181,N/A,N/A,N/A,N/A,N/A,N/A
361,1770566518501,Sentence shown,LVL_113_P,true,,,N/A,N/A,N/A,N/A,N/A,N/A,N/A
361,1770566522508,gap_time,N/A,true,,,GapTime_1150,N/A,N/A,N/A,N/A,N/A,N/A
361,1770566523675,Sentence shown,HF_17_A,,,,N/A,N/A,N/A,N/A,N/A,N/A,N/A
361,1770566527690,gap_time,N/A,,,,GapTime_1061,N/A,N/A,N/A,N/A,N/A,N/A
361,1770566528756,Sentence shown,HF_22_A,,,,N/A,N/A,N/A,N/A,N/A,N/A,N/A
361,1770566532770,gap_time,N/A,,,,GapTime_1119,N/A,N/A,N/A,N/A,N/A,N/A
361,1770566533897,Sentence shown,HF_22_A,,true,true,N/A,N/A,N/A,N/A,N/A,N/A,N/A
361,1770566535583,Validation IR pressed,HF_22_A,,true,true,Spacebar,1,N/A,1686,N/A,N/A,N/A
361,1770566535583,IR pressed,HF_22_A,,true,true,Spacebar,1,N/A,1686,N/A,N/A,N/A
361,1770566536451,WR pressed,HF_22_A,,true,true,Yes,N/A,N/A,N/A,868,N/A,N/A
361,1770566536451,gap_time,N/A,,true,true,GapTime_1039,N/A,N/A,N/A,N/A,N/A,N/A
361,1770566537505,Sentence shown,HF_17_A,,true,true,N/A,N/A,N/A,N/A,N/A,N/A,N/A
361,1770566538893,Validation IR pressed,HF_17_A,,true,true,Spacebar,1,N/A,1388,N/A,N/A,N/A
361,1770566538893,IR pressed,HF_17_A,,true,true,Spacebar,1,N/A,1388,N/A,N/A,N/A
361,1770566539332,WR pressed,HF_17_A,,true,true,Yes,N/A,N/A,N/A,439,N/A,N/A
361,1770566539333,gap_time,N/A,,true,true,GapTime_769,N/A,N/A,N/A,N/A,N/A,N/A
361,1770566540115,Sentence shown,HH_150_A,true,,,N/A,N/A,N/A,N/A,N/A,N/A,N/A
361,1770566544123,gap_time,N/A,true,,,GapTime_743,N/A,N/A,N/A,N/A,N/A,N/A
361,1770566544875,Sentence shown,HF_21_A,,,,N/A,N/A,N/A,N/A,N/A,N/A,N/A
361,1770566548887,gap_time,N/A,,,,GapTime_1226,N/A,N/A,N/A,N/A,N/A,N/A
361,1770566550116,Sentence shown,LVL_113_P,true,,true,N/A,N/A,N/A,N/A,N/A,N/A,N/A
361,1770566551545,IR pressed,LVL_113_P,true,,true,Spacebar,1,N/A,1429,N/A,N/A,N/A
361,1770566552391,WR pressed,LVL_113_P,true,,true,Yes,N/A,1,N/A,846,N/A,N/A
361,1770566552392,gap_time,N/A,true,,true,GapTime_998,N/A,N/A,N/A,N/A,N/A,N/A
361,1770566553392,Sentence shown,HF_23_A,,,,N/A,N/A,N/A,N/A,N/A,N/A,N/A
361,1770566557395,gap_time,N/A,,,,GapTime_1114,N/A,N/A,N/A,N/A,N/A,N/A
361,1770566558523,Sentence shown,HF_21_A,,true,true,N/A,N/A,N/A,N/A,N/A,N/A,N/A
361,1770566560154,Validation IR pressed,HF_21_A,,true,true,Spacebar,1,N/A,1631,N/A,N/A,N/A
361,1770566560154,IR pressed,HF_21_A,,true,true,Spacebar,1,N/A,1631,N/A,N/A,N/A
361,1770566562267,WR pressed,HF_21_A,,true,true,Yes,N/A,N/A,N/A,2113,N/A,N/A
361,1770566562267,gap_time,N/A,,true,true,GapTime_1014,N/A,N/A,N/A,N/A,N/A,N/A
361,1770566563291,Sentence shown,HF_12_A,,,,N/A,N/A,N/A,N/A,N/A,N/A,N/A
361,1770566567296,gap_time,N/A,,,,GapTime_839,N/A,N/A,N/A,N/A,N/A,N/A
361,1770566568141,Sentence shown,HF_23_A,,true,true,N/A,N/A,N/A,N/A,N/A,N/A,N/A
361,1770566569603,Validation IR pressed,HF_23_A,,true,true,Spacebar,1,N/A,1462,N/A,N/A,N/A
361,1770566569603,IR pressed,HF_23_A,,true,true,Spacebar,1,N/A,1462,N/A,N/A,N/A
361,1770566569901,WR pressed,HF_23_A,,true,true,Yes,N/A,N/A,N/A,298,N/A,N/A
361,1770566569901,gap_time,N/A,,true,true,GapTime_1045,N/A,N/A,N/A,N/A,N/A,N/A
361,1770566570959,Sentence shown,HH_180_P,true,,,N/A,N/A,N/A,N/A,N/A,N/A,N/A
361,1770566574966,gap_time,N/A,true,,,GapTime_1200,N/A,N/A,N/A,N/A,N/A,N/A
361,1770566576182,Sentence shown,HH_150_P,true,,true,N/A,N/A,N/A,N/A,N/A,N/A,N/A
361,1770566578014,IR pressed,HH_150_P,true,,true,Spacebar,1,N/A,1832,N/A,N/A,N/A
361,1770566578373,WR pressed,HH_150_P,true,,true,No,N/A,1,N/A,359,N/A,N/A
361,1770566578374,gap_time,N/A,true,,true,GapTime_1162,N/A,N/A,N/A,N/A,N/A,N/A
361,1770566579544,Sentence shown,LVL_119_A,true,,,N/A,N/A,N/A,N/A,N/A,N/A,N/A
361,1770566583552,gap_time,N/A,true,,,GapTime_1166,N/A,N/A,N/A,N/A,N/A,N/A
361,1770566584732,Sentence shown,HF_2_A,,,,N/A,N/A,N/A,N/A,N/A,N/A,N/A
361,1770566588746,gap_time,N/A,,,,GapTime_944,N/A,N/A,N/A,N/A,N/A,N/A
361,1770566589696,Sentence shown,HVL_139_A,true,,,N/A,N/A,N/A,N/A,N/A,N/A,N/A
361,1770566593703,gap_time,N/A,true,,,GapTime_1190,N/A,N/A,N/A,N/A,N/A,N/A
361,1770566594905,Sentence shown,LVL_111_A,true,,,N/A,N/A,N/A,N/A,N/A,N/A,N/A
361,1770566598920,gap_time,N/A,true,,,GapTime_829,N/A,N/A,N/A,N/A,N/A,N/A
361,1770566599753,Sentence shown,LVH_149_P,true,,,N/A,N/A,N/A,N/A,N/A,N/A,N/A
361,1770566603766,gap_time,N/A,true,,,GapTime_1182,N/A,N/A,N/A,N/A,N/A,N/A
361,1770566604950,Sentence shown,HF_8_A,,,,N/A,N/A,N/A,N/A,N/A,N/A,N/A
361,1770566608960,gap_time,N/A,,,,GapTime_1138,N/A,N/A,N/A,N/A,N/A,N/A
361,1770566610101,Sentence shown,HH_180_P,true,,true,N/A,N/A,N/A,N/A,N/A,N/A,N/A
361,1770566611627,IR pressed,HH_180_P,true,,true,Spacebar,1,N/A,1526,N/A,N/A,N/A
361,1770566612545,WR pressed,HH_180_P,true,,true,Yes,N/A,1,N/A,918,N/A,N/A
361,1770566612546,gap_time,N/A,true,,true,GapTime_1138,N/A,N/A,N/A,N/A,N/A,N/A
361,1770566613688,Sentence shown,HF_18_A,,,,N/A,N/A,N/A,N/A,N/A,N/A,N/A
361,1770566617700,gap_time,N/A,,,,GapTime_825,N/A,N/A,N/A,N/A,N/A,N/A
361,1770566618536,Sentence shown,HF_1_A,,,,N/A,N/A,N/A,N/A,N/A,N/A,N/A
361,1770566622545,gap_time,N/A,,,,GapTime_720,N/A,N/A,N/A,N/A,N/A,N/A
361,1770566623275,Sentence shown,LVL_119_A,true,,true,N/A,N/A,N/A,N/A,N/A,N/A,N/A
361,1770566624710,IR pressed,LVL_119_A,true,,true,Spacebar,1,N/A,1435,N/A,N/A,N/A
361,1770566625295,WR pressed,LVL_119_A,true,,true,Yes,N/A,1,N/A,585,N/A,N/A
361,1770566625296,gap_time,N/A,true,,true,GapTime_894,N/A,N/A,N/A,N/A,N/A,N/A
361,1770566626206,Sentence shown,LVH_118_P,true,,,N/A,N/A,N/A,N/A,N/A,N/A,N/A
361,1770566630217,gap_time,N/A,true,,,GapTime_913,N/A,N/A,N/A,N/A,N/A,N/A
361,1770566631139,Sentence shown,LVL_131_P,true,,,N/A,N/A,N/A,N/A,N/A,N/A,N/A
361,1770566635156,gap_time,N/A,true,,,GapTime_1221,N/A,N/A,N/A,N/A,N/A,N/A
361,1770566636381,Sentence shown,LVL_111_P,true,,true,N/A,N/A,N/A,N/A,N/A,N/A,N/A
361,1770566638778,IR pressed,LVL_111_P,true,,true,Spacebar,1,N/A,2397,N/A,N/A,N/A
361,1770566639414,WR pressed,LVL_111_P,true,,true,Yes,N/A,0,N/A,636,N/A,N/A
361,1770566639415,gap_time,N/A,true,,true,GapTime_756,N/A,N/A,N/A,N/A,N/A,N/A
361,1770566640184,Sentence shown,HVL_139_P,true,,true,N/A,N/A,N/A,N/A,N/A,N/A,N/A
361,1770566642877,IR pressed,HVL_139_P,true,,true,Spacebar,1,N/A,2693,N/A,N/A,N/A
361,1770566643164,WR pressed,HVL_139_P,true,,true,No,N/A,1,N/A,287,N/A,N/A
361,1770566643165,gap_time,N/A,true,,true,GapTime_777,N/A,N/A,N/A,N/A,N/A,N/A
361,1770566643944,Sentence shown,HF_4_A,,,,N/A,N/A,N/A,N/A,N/A,N/A,N/A
361,1770566647951,gap_time,N/A,,,,GapTime_949,N/A,N/A,N/A,N/A,N/A,N/A
361,1770566648903,Sentence shown,LVH_103_A,true,,,N/A,N/A,N/A,N/A,N/A,N/A,N/A
361,1770566652911,gap_time,N/A,true,,,GapTime_1154,N/A,N/A,N/A,N/A,N/A,N/A
361,1770566654084,Sentence shown,LVH_149_P,true,,true,N/A,N/A,N/A,N/A,N/A,N/A,N/A
361,1770566657498,IR pressed,LVH_149_P,true,,true,Spacebar,1,N/A,3414,N/A,N/A,N/A
361,1770566661079,WR pressed,LVH_149_P,true,,true,No,N/A,0,N/A,3581,N/A,N/A
361,1770566661080,gap_time,N/A,true,,true,GapTime_1284,N/A,N/A,N/A,N/A,N/A,N/A
361,1770566662381,Sentence shown,HF_11_A,,,,N/A,N/A,N/A,N/A,N/A,N/A,N/A
361,1770566664477,Validation Wrong IR pressed,HF_11_A,,,,Spacebar,0,N/A,2096,N/A,N/A,N/A
361,1770566664477,IR pressed,HF_11_A,,,,Spacebar,0,N/A,2096,N/A,N/A,N/A
361,1770566664706,WR pressed,HF_11_A,,,,No,N/A,N/A,N/A,228,N/A,N/A
361,1770566664706,gap_time,N/A,,,,GapTime_816,N/A,N/A,N/A,N/A,N/A,N/A
361,1770566665526,Sentence shown,HF_16_A,,,,N/A,N/A,N/A,N/A,N/A,N/A,N/A
361,1770566669527,gap_time,N/A,,,,GapTime_1136,N/A,N/A,N/A,N/A,N/A,N/A
361,1770566670675,Sentence shown,LVH_118_A,true,,true,N/A,N/A,N/A,N/A,N/A,N/A,N/A
361,1770566673248,IR pressed,LVH_118_A,true,,true,Spacebar,1,N/A,2573,N/A,N/A,N/A
361,1770566673957,WR pressed,LVH_118_A,true,,true,No,N/A,1,N/A,709,N/A,N/A
361,1770566673957,gap_time,N/A,true,,true,GapTime_975,N/A,N/A,N/A,N/A,N/A,N/A
361,1770566674949,Sentence shown,HF_30_A,,,,N/A,N/A,N/A,N/A,N/A,N/A,N/A
361,1770566676849,Validation Wrong IR pressed,HF_30_A,,,,Spacebar,0,N/A,1900,N/A,N/A,N/A
361,1770566676849,IR pressed,HF_30_A,,,,Spacebar,0,N/A,1900,N/A,N/A,N/A
361,1770566677145,WR pressed,HF_30_A,,,,Yes,N/A,N/A,N/A,296,N/A,N/A
361,1770566677146,gap_time,N/A,,,,GapTime_1075,N/A,N/A,N/A,N/A,N/A,N/A
361,1770566678229,Sentence shown,HF_16_A,,true,true,N/A,N/A,N/A,N/A,N/A,N/A,N/A
361,1770566679767,Validation IR pressed,HF_16_A,,true,true,Spacebar,1,N/A,1538,N/A,N/A,N/A
361,1770566679767,IR pressed,HF_16_A,,true,true,Spacebar,1,N/A,1538,N/A,N/A,N/A
361,1770566680158,WR pressed,HF_16_A,,true,true,Yes,N/A,N/A,N/A,391,N/A,N/A
361,1770566680159,gap_time,N/A,,true,true,GapTime_815,N/A,N/A,N/A,N/A,N/A,N/A
361,1770566680982,Sentence shown,HF_29_A,,,,N/A,N/A,N/A,N/A,N/A,N/A,N/A
361,1770566684985,gap_time,N/A,,,,GapTime_1106,N/A,N/A,N/A,N/A,N/A,N/A
361,1770566686097,Sentence shown,LVL_131_A,true,,true,N/A,N/A,N/A,N/A,N/A,N/A,N/A
361,1770566688229,IR pressed,LVL_131_A,true,,true,Spacebar,1,N/A,2132,N/A,N/A,N/A
361,1770566688496,WR pressed,LVL_131_A,true,,true,No,N/A,1,N/A,267,N/A,N/A
361,1770566688496,gap_time,N/A,true,,true,GapTime_716,N/A,N/A,N/A,N/A,N/A,N/A
361,1770566689216,Sentence shown,LVH_103_A,true,,true,N/A,N/A,N/A,N/A,N/A,N/A,N/A
361,1770566690989,IR pressed,LVH_103_A,true,,true,Spacebar,1,N/A,1773,N/A,N/A,N/A
361,1770566693257,WR pressed,LVH_103_A,true,,true,Yes,N/A,1,N/A,2268,N/A,N/A
361,1770566693258,gap_time,N/A,true,,true,GapTime_1229,N/A,N/A,N/A,N/A,N/A,N/A
361,1770566694490,Sentence shown,HF_33_A,,,,N/A,N/A,N/A,N/A,N/A,N/A,N/A
361,1770566698506,gap_time,N/A,,,,GapTime_875,N/A,N/A,N/A,N/A,N/A,N/A
361,1770566699391,Sentence shown,HF_33_A,,true,true,N/A,N/A,N/A,N/A,N/A,N/A,N/A
361,1770566700892,Validation IR pressed,HF_33_A,,true,true,Spacebar,1,N/A,1501,N/A,N/A,N/A
361,1770566700892,IR pressed,HF_33_A,,true,true,Spacebar,1,N/A,1501,N/A,N/A,N/A
361,1770566702157,WR pressed,HF_33_A,,true,true,Yes,N/A,N/A,N/A,1265,N/A,N/A
361,1770566702158,gap_time,N/A,,true,true,GapTime_1152,N/A,N/A,N/A,N/A,N/A,N/A
361,1770566703325,Sentence shown,HVL_117_A,true,,,N/A,N/A,N/A,N/A,N/A,N/A,N/A
361,1770566707338,gap_time,N/A,true,,,GapTime_787,N/A,N/A,N/A,N/A,N/A,N/A
361,1770566708130,Sentence shown,HF_7_A,,,,N/A,N/A,N/A,N/A,N/A,N/A,N/A
361,1770566712140,gap_time,N/A,,,,GapTime_1266,N/A,N/A,N/A,N/A,N/A,N/A
361,1770566713424,Sentence shown,HF_7_A,,true,true,N/A,N/A,N/A,N/A,N/A,N/A,N/A
361,1770566714669,Validation IR pressed,HF_7_A,,true,true,Spacebar,1,N/A,1245,N/A,N/A,N/A
361,1770566714669,IR pressed,HF_7_A,,true,true,Spacebar,1,N/A,1245,N/A,N/A,N/A
361,1770566714927,WR pressed,HF_7_A,,true,true,Yes,N/A,N/A,N/A,258,N/A,N/A
361,1770566714927,gap_time,N/A,,true,true,GapTime_946,N/A,N/A,N/A,N/A,N/A,N/A
361,1770566715883,Sentence shown,HF_19_A,,,,N/A,N/A,N/A,N/A,N/A,N/A,N/A
361,1770566719896,gap_time,N/A,,,,GapTime_826,N/A,N/A,N/A,N/A,N/A,N/A
361,1770566720724,Sentence shown,HF_15_A,,,,N/A,N/A,N/A,N/A,N/A,N/A,N/A
361,1770566724731,gap_time,N/A,,,,GapTime_784,N/A,N/A,N/A,N/A,N/A,N/A
361,1770566725522,Sentence shown,HF_15_A,,true,true,N/A,N/A,N/A,N/A,N/A,N/A,N/A
361,1770566726791,Validation IR pressed,HF_15_A,,true,true,Spacebar,1,N/A,1269,N/A,N/A,N/A
361,1770566726791,IR pressed,HF_15_A,,true,true,Spacebar,1,N/A,1269,N/A,N/A,N/A
361,1770566727097,WR pressed,HF_15_A,,true,true,Yes,N/A,N/A,N/A,306,N/A,N/A
361,1770566727097,gap_time,N/A,,true,true,GapTime_1236,N/A,N/A,N/A,N/A,N/A,N/A
361,1770566728344,Sentence shown,HVL_117_A,true,,true,N/A,N/A,N/A,N/A,N/A,N/A,N/A
361,1770566729761,IR pressed,HVL_117_A,true,,true,Spacebar,1,N/A,1417,N/A,N/A,N/A
361,1770566730057,WR pressed,HVL_117_A,true,,true,Yes,N/A,1,N/A,296,N/A,N/A
361,1770566730057,gap_time,N/A,true,,true,GapTime_964,N/A,N/A,N/A,N/A,N/A,N/A
361,1770566731027,Sentence shown,HF_31_A,,,,N/A,N/A,N/A,N/A,N/A,N/A,N/A
361,1770566732719,Validation Wrong IR pressed,HF_31_A,,,,Spacebar,0,N/A,1692,N/A,N/A,N/A
361,1770566732719,IR pressed,HF_31_A,,,,Spacebar,0,N/A,1692,N/A,N/A,N/A
361,1770566732957,WR pressed,HF_31_A,,,,Yes,N/A,N/A,N/A,238,N/A,N/A
361,1770566732958,gap_time,N/A,,,,GapTime_834,N/A,N/A,N/A,N/A,N/A,N/A
361,1770566733804,Sentence shown,HH_158_P,true,,,N/A,N/A,N/A,N/A,N/A,N/A,N/A
361,1770566737820,gap_time,N/A,true,,,GapTime_1113,N/A,N/A,N/A,N/A,N/A,N/A
361,1770566738949,Sentence shown,HF_32_A,,,,N/A,N/A,N/A,N/A,N/A,N/A,N/A
361,1770566742951,gap_time,N/A,,,,GapTime_901,N/A,N/A,N/A,N/A,N/A,N/A
361,1770566743870,Sentence shown,HF_31_A,,true,true,N/A,N/A,N/A,N/A,N/A,N/A,N/A
361,1770566745279,Validation IR pressed,HF_31_A,,true,true,Spacebar,1,N/A,1409,N/A,N/A,N/A
361,1770566745279,IR pressed,HF_31_A,,true,true,Spacebar,1,N/A,1409,N/A,N/A,N/A
361,1770566745557,WR pressed,HF_31_A,,true,true,Yes,N/A,N/A,N/A,278,N/A,N/A
361,1770566745558,gap_time,N/A,,true,true,GapTime_1100,N/A,N/A,N/A,N/A,N/A,N/A
361,1770566746666,Sentence shown,HF_10_A,,,,N/A,N/A,N/A,N/A,N/A,N/A,N/A
361,1770566750673,gap_time,N/A,,,,GapTime_849,N/A,N/A,N/A,N/A,N/A,N/A
361,1770566751537,Sentence shown,HVL_104_P,true,,,N/A,N/A,N/A,N/A,N/A,N/A,N/A
361,1770566755543,gap_time,N/A,true,,,GapTime_1001,N/A,N/A,N/A,N/A,N/A,N/A
361,1770566756555,Sentence shown,HF_26_A,,,,N/A,N/A,N/A,N/A,N/A,N/A,N/A
361,1770566760571,gap_time,N/A,,,,GapTime_842,N/A,N/A,N/A,N/A,N/A,N/A
361,1770566761420,Sentence shown,HF_13_A,,,,N/A,N/A,N/A,N/A,N/A,N/A,N/A
361,1770566765428,gap_time,N/A,,,,GapTime_861,N/A,N/A,N/A,N/A,N/A,N/A
361,1770566766304,Sentence shown,HF_28_A,,,,N/A,N/A,N/A,N/A,N/A,N/A,N/A
361,1770566768941,Validation Wrong IR pressed,HF_28_A,,,,Spacebar,0,N/A,2637,N/A,N/A,N/A
361,1770566768941,IR pressed,HF_28_A,,,,Spacebar,0,N/A,2637,N/A,N/A,N/A
361,1770566769178,WR pressed,HF_28_A,,,,No,N/A,N/A,N/A,237,N/A,N/A
361,1770566769179,gap_time,N/A,,,,GapTime_1037,N/A,N/A,N/A,N/A,N/A,N/A
361,1770566770229,Sentence shown,HF_26_A,,true,true,N/A,N/A,N/A,N/A,N/A,N/A,N/A
361,1770566772461,Validation IR pressed,HF_26_A,,true,true,Spacebar,1,N/A,2232,N/A,N/A,N/A
361,1770566772461,IR pressed,HF_26_A,,true,true,Spacebar,1,N/A,2232,N/A,N/A,N/A
361,1770566772689,WR pressed,HF_26_A,,true,true,Yes,N/A,N/A,N/A,228,N/A,N/A
361,1770566772690,gap_time,N/A,,true,true,GapTime_728,N/A,N/A,N/A,N/A,N/A,N/A
361,1770566773426,Sentence shown,HH_158_A,true,,true,N/A,N/A,N/A,N/A,N/A,N/A,N/A
361,1770566776572,IR pressed,HH_158_A,true,,true,Spacebar,1,N/A,3146,N/A,N/A,N/A
361,1770566776808,WR pressed,HH_158_A,true,,true,No,N/A,1,N/A,236,N/A,N/A
361,1770566776809,gap_time,N/A,true,,true,GapTime_1141,N/A,N/A,N/A,N/A,N/A,N/A
361,1770566777961,Sentence shown,HH_162_A,true,,,N/A,N/A,N/A,N/A,N/A,N/A,N/A
361,1770566781972,gap_time,N/A,true,,,GapTime_773,N/A,N/A,N/A,N/A,N/A,N/A
361,1770566782759,Sentence shown,HF_24_A,,,,N/A,N/A,N/A,N/A,N/A,N/A,N/A
361,1770566786105,Validation Wrong IR pressed,HF_24_A,,,,Spacebar,0,N/A,3346,N/A,N/A,N/A
361,1770566786105,IR pressed,HF_24_A,,,,Spacebar,0,N/A,3346,N/A,N/A,N/A
361,1770566786298,WR pressed,HF_24_A,,,,No,N/A,N/A,N/A,193,N/A,N/A
361,1770566786299,gap_time,N/A,,,,GapTime_1276,N/A,N/A,N/A,N/A,N/A,N/A
361,1770566787592,Sentence shown,LVH_139_A,true,,,N/A,N/A,N/A,N/A,N/A,N/A,N/A
361,1770566791596,gap_time,N/A,true,,,GapTime_800,N/A,N/A,N/A,N/A,N/A,N/A
361,1770566792412,Sentence shown,HVL_138_P,true,,,N/A,N/A,N/A,N/A,N/A,N/A,N/A
361,1770566796425,gap_time,N/A,true,,,GapTime_1130,N/A,N/A,N/A,N/A,N/A,N/A
361,1770566797556,Sentence shown,HVL_104_A,true,,true,N/A,N/A,N/A,N/A,N/A,N/A,N/A
361,1770566799172,IR pressed,HVL_104_A,true,,true,Spacebar,1,N/A,1616,N/A,N/A,N/A
361,1770566799370,WR pressed,HVL_104_A,true,,true,No,N/A,1,N/A,198,N/A,N/A
361,1770566799370,gap_time,N/A,true,,true,GapTime_725,N/A,N/A,N/A,N/A,N/A,N/A
361,1770566800101,Sentence shown,HF_25_A,,,,N/A,N/A,N/A,N/A,N/A,N/A,N/A
361,1770566804104,gap_time,N/A,,,,GapTime_932,N/A,N/A,N/A,N/A,N/A,N/A
361,1770566805051,Sentence shown,HH_162_A,true,,true,N/A,N/A,N/A,N/A,N/A,N/A,N/A
361,1770566808492,IR pressed,HH_162_A,true,,true,Spacebar,1,N/A,3441,N/A,N/A,N/A
361,1770566809850,WR pressed,HH_162_A,true,,true,Yes,N/A,1,N/A,1358,N/A,N/A
361,1770566809851,gap_time,N/A,true,,true,GapTime_1063,N/A,N/A,N/A,N/A,N/A,N/A
361,1770566810919,Sentence shown,LVH_139_P,true,,true,N/A,N/A,N/A,N/A,N/A,N/A,N/A
361,1770566813702,IR pressed,LVH_139_P,true,,true,Spacebar,1,N/A,2783,N/A,N/A,N/A
361,1770566813920,WR pressed,LVH_139_P,true,,true,No,N/A,1,N/A,218,N/A,N/A
361,1770566813921,gap_time,N/A,true,,true,GapTime_1074,N/A,N/A,N/A,N/A,N/A,N/A
361,1770566815003,Sentence shown,HVL_138_P,true,,true,N/A,N/A,N/A,N/A,N/A,N/A,N/A
361,1770566819005,gap_time,N/A,true,,true,GapTime_933,N/A,N/A,N/A,N/A,N/A,N/A
361,1770566819944,Rest Phase started,N/A,true,,true,Rest,N/A,N/A,N/A,N/A,N/A,N/A
361,1770566915233,Sentence shown,HF_56_A,,,,N/A,N/A,N/A,N/A,N/A,N/A,N/A
361,1770566919234,gap_time,N/A,,,,GapTime_1282,N/A,N/A,N/A,N/A,N/A,N/A
361,1770566920532,Sentence shown,HF_45_A,,,,N/A,N/A,N/A,N/A,N/A,N/A,N/A
361,1770566924543,gap_time,N/A,,,,GapTime_899,N/A,N/A,N/A,N/A,N/A,N/A
361,1770566925454,Sentence shown,HF_35_A,,,,N/A,N/A,N/A,N/A,N/A,N/A,N/A
361,1770566929459,gap_time,N/A,,,,GapTime_1197,N/A,N/A,N/A,N/A,N/A,N/A
361,1770566930661,Sentence shown,HF_45_A,,true,true,N/A,N/A,N/A,N/A,N/A,N/A,N/A
361,1770566932237,Validation IR pressed,HF_45_A,,true,true,Spacebar,1,N/A,1576,N/A,N/A,N/A
361,1770566932237,IR pressed,HF_45_A,,true,true,Spacebar,1,N/A,1576,N/A,N/A,N/A
361,1770566932634,WR pressed,HF_45_A,,true,true,Yes,N/A,N/A,N/A,397,N/A,N/A
361,1770566932634,gap_time,N/A,,true,true,GapTime_1271,N/A,N/A,N/A,N/A,N/A,N/A
361,1770566933917,Sentence shown,HF_56_A,,true,true,N/A,N/A,N/A,N/A,N/A,N/A,N/A
361,1770566935357,Validation IR pressed,HF_56_A,,true,true,Spacebar,1,N/A,1440,N/A,N/A,N/A
361,1770566935357,IR pressed,HF_56_A,,true,true,Spacebar,1,N/A,1440,N/A,N/A,N/A
361,1770566935624,WR pressed,HF_56_A,,true,true,Yes,N/A,N/A,N/A,267,N/A,N/A
361,1770566935625,gap_time,N/A,,true,true,GapTime_764,N/A,N/A,N/A,N/A,N/A,N/A
361,1770566936398,Sentence shown,HVL_141_A,true,,,N/A,N/A,N/A,N/A,N/A,N/A,N/A
361,1770566940413,gap_time,N/A,true,,,GapTime_824,N/A,N/A,N/A,N/A,N/A,N/A
361,1770566941242,Sentence shown,LVH_141_A,true,,,N/A,N/A,N/A,N/A,N/A,N/A,N/A
361,1770566945244,gap_time,N/A,true,,,GapTime_908,N/A,N/A,N/A,N/A,N/A,N/A
361,1770566946168,Sentence shown,LVL_115_P,true,,,N/A,N/A,N/A,N/A,N/A,N/A,N/A
361,1770566950176,gap_time,N/A,true,,,GapTime_1174,N/A,N/A,N/A,N/A,N/A,N/A
361,1770566951360,Sentence shown,HF_65_A,,,,N/A,N/A,N/A,N/A,N/A,N/A,N/A
361,1770566955366,gap_time,N/A,,,,GapTime_1291,N/A,N/A,N/A,N/A,N/A,N/A
361,1770566956660,Sentence shown,HH_163_P,true,,,N/A,N/A,N/A,N/A,N/A,N/A,N/A
361,1770566960665,gap_time,N/A,true,,,GapTime_1018,N/A,N/A,N/A,N/A,N/A,N/A
361,1770566961700,Sentence shown,HF_34_A,,,,N/A,N/A,N/A,N/A,N/A,N/A,N/A
361,1770566965703,gap_time,N/A,,,,GapTime_1262,N/A,N/A,N/A,N/A,N/A,N/A
361,1770566966974,Sentence shown,HF_34_A,,true,true,N/A,N/A,N/A,N/A,N/A,N/A,N/A
361,1770566968239,Validation IR pressed,HF_34_A,,true,true,Spacebar,1,N/A,1265,N/A,N/A,N/A
361,1770566968239,IR pressed,HF_34_A,,true,true,Spacebar,1,N/A,1265,N/A,N/A,N/A
361,1770566968556,WR pressed,HF_34_A,,true,true,Yes,N/A,N/A,N/A,317,N/A,N/A
361,1770566968557,gap_time,N/A,,true,true,GapTime_945,N/A,N/A,N/A,N/A,N/A,N/A
361,1770566969514,Sentence shown,LVH_141_P,true,,true,N/A,N/A,N/A,N/A,N/A,N/A,N/A
361,1770566972508,IR pressed,LVH_141_P,true,,true,Spacebar,1,N/A,2994,N/A,N/A,N/A
361,1770566974026,WR pressed,LVH_141_P,true,,true,No,N/A,1,N/A,1518,N/A,N/A
361,1770566974027,gap_time,N/A,true,,true,GapTime_892,N/A,N/A,N/A,N/A,N/A,N/A
361,1770566974929,Sentence shown,HF_43_A,,,,N/A,N/A,N/A,N/A,N/A,N/A,N/A
361,1770566978937,gap_time,N/A,,,,GapTime_730,N/A,N/A,N/A,N/A,N/A,N/A
361,1770566979684,Sentence shown,HF_43_A,,true,true,N/A,N/A,N/A,N/A,N/A,N/A,N/A
361,1770566981010,Validation IR pressed,HF_43_A,,true,true,Spacebar,1,N/A,1325,N/A,N/A,N/A
361,1770566981010,IR pressed,HF_43_A,,true,true,Spacebar,1,N/A,1325,N/A,N/A,N/A
361,1770566981267,WR pressed,HF_43_A,,true,true,Yes,N/A,N/A,N/A,257,N/A,N/A
361,1770566981268,gap_time,N/A,,true,true,GapTime_966,N/A,N/A,N/A,N/A,N/A,N/A
361,1770566982240,Sentence shown,HF_51_A,,,,N/A,N/A,N/A,N/A,N/A,N/A,N/A
361,1770566986253,gap_time,N/A,,,,GapTime_768,N/A,N/A,N/A,N/A,N/A,N/A
361,1770566987033,Sentence shown,LVL_115_A,true,,true,N/A,N/A,N/A,N/A,N/A,N/A,N/A
361,1770566989418,IR pressed,LVL_115_A,true,,true,Spacebar,1,N/A,2385,N/A,N/A,N/A
361,1770566989637,WR pressed,LVL_115_A,true,,true,No,N/A,1,N/A,219,N/A,N/A
361,1770566989637,gap_time,N/A,true,,true,GapTime_1218,N/A,N/A,N/A,N/A,N/A,N/A
361,1770566990865,Sentence shown,HVL_141_A,true,,true,N/A,N/A,N/A,N/A,N/A,N/A,N/A
361,1770566992390,IR pressed,HVL_141_A,true,,true,Spacebar,1,N/A,1525,N/A,N/A,N/A
361,1770566992667,WR pressed,HVL_141_A,true,,true,Yes,N/A,1,N/A,277,N/A,N/A
361,1770566992668,gap_time,N/A,true,,true,GapTime_1047,N/A,N/A,N/A,N/A,N/A,N/A
361,1770566993729,Sentence shown,HH_166_P,true,,,N/A,N/A,N/A,N/A,N/A,N/A,N/A
361,1770566997739,gap_time,N/A,true,,,GapTime_1216,N/A,N/A,N/A,N/A,N/A,N/A
361,1770566998970,Sentence shown,HF_59_A,,,,N/A,N/A,N/A,N/A,N/A,N/A,N/A
361,1770567002981,gap_time,N/A,,,,GapTime_1070,N/A,N/A,N/A,N/A,N/A,N/A
361,1770567004055,Sentence shown,HF_55_A,,,,N/A,N/A,N/A,N/A,N/A,N/A,N/A
361,1770567008066,gap_time,N/A,,,,GapTime_1174,N/A,N/A,N/A,N/A,N/A,N/A
361,1770567009244,Sentence shown,HF_46_A,,,,N/A,N/A,N/A,N/A,N/A,N/A,N/A
361,1770567013256,gap_time,N/A,,,,GapTime_853,N/A,N/A,N/A,N/A,N/A,N/A
361,1770567014122,Sentence shown,HH_163_A,true,,true,N/A,N/A,N/A,N/A,N/A,N/A,N/A
361,1770567015963,IR pressed,HH_163_A,true,,true,Spacebar,1,N/A,1841,N/A,N/A,N/A
361,1770567016257,WR pressed,HH_163_A,true,,true,No,N/A,1,N/A,294,N/A,N/A
361,1770567016257,gap_time,N/A,true,,true,GapTime_740,N/A,N/A,N/A,N/A,N/A,N/A
361,1770567017004,Sentence shown,HF_46_A,,true,true,N/A,N/A,N/A,N/A,N/A,N/A,N/A
361,1770567019221,Validation IR pressed,HF_46_A,,true,true,Spacebar,1,N/A,2216,N/A,N/A,N/A
361,1770567019221,IR pressed,HF_46_A,,true,true,Spacebar,1,N/A,2216,N/A,N/A,N/A
361,1770567019968,WR pressed,HF_46_A,,true,true,Yes,N/A,N/A,N/A,747,N/A,N/A
361,1770567019968,gap_time,N/A,,true,true,GapTime_1064,N/A,N/A,N/A,N/A,N/A,N/A
361,1770567021042,Sentence shown,HF_57_A,,,,N/A,N/A,N/A,N/A,N/A,N/A,N/A
361,1770567025047,gap_time,N/A,,,,GapTime_978,N/A,N/A,N/A,N/A,N/A,N/A
361,1770567026029,Sentence shown,HF_57_A,,true,true,N/A,N/A,N/A,N/A,N/A,N/A,N/A
361,1770567027251,Validation IR pressed,HF_57_A,,true,true,Spacebar,1,N/A,1222,N/A,N/A,N/A
361,1770567027251,IR pressed,HF_57_A,,true,true,Spacebar,1,N/A,1222,N/A,N/A,N/A
361,1770567027537,WR pressed,HF_57_A,,true,true,Yes,N/A,N/A,N/A,286,N/A,N/A
361,1770567027538,gap_time,N/A,,true,true,GapTime_1270,N/A,N/A,N/A,N/A,N/A,N/A
361,1770567028817,Sentence shown,LVH_168_P,true,,,N/A,N/A,N/A,N/A,N/A,N/A,N/A
361,1770567032817,gap_time,N/A,true,,,GapTime_1208,N/A,N/A,N/A,N/A,N/A,N/A
361,1770567034033,Sentence shown,HF_58_A,,,,N/A,N/A,N/A,N/A,N/A,N/A,N/A
361,1770567038039,gap_time,N/A,,,,GapTime_839,N/A,N/A,N/A,N/A,N/A,N/A
361,1770567038894,Sentence shown,HF_64_A,,,,N/A,N/A,N/A,N/A,N/A,N/A,N/A
361,1770567042899,gap_time,N/A,,,,GapTime_901,N/A,N/A,N/A,N/A,N/A,N/A
361,1770567043807,Sentence shown,HH_166_P,true,,true,N/A,N/A,N/A,N/A,N/A,N/A,N/A
361,1770567046590,IR pressed,HH_166_P,true,,true,Spacebar,1,N/A,2783,N/A,N/A,N/A
361,1770567047008,WR pressed,HH_166_P,true,,true,Yes,N/A,1,N/A,418,N/A,N/A
361,1770567047009,gap_time,N/A,true,,true,GapTime_754,N/A,N/A,N/A,N/A,N/A,N/A
361,1770567047781,Sentence shown,LVL_105_A,true,,,N/A,N/A,N/A,N/A,N/A,N/A,N/A
361,1770567051793,gap_time,N/A,true,,,GapTime_911,N/A,N/A,N/A,N/A,N/A,N/A
361,1770567052715,Sentence shown,HF_47_A,,,,N/A,N/A,N/A,N/A,N/A,N/A,N/A
361,1770567056731,gap_time,N/A,,,,GapTime_1037,N/A,N/A,N/A,N/A,N/A,N/A
361,1770567057782,Sentence shown,HF_52_A,,,,N/A,N/A,N/A,N/A,N/A,N/A,N/A
361,1770567061795,gap_time,N/A,,,,GapTime_1187,N/A,N/A,N/A,N/A,N/A,N/A
361,1770567062999,Sentence shown,HH_182_A,true,,,N/A,N/A,N/A,N/A,N/A,N/A,N/A
361,1770567067012,gap_time,N/A,true,,,GapTime_798,N/A,N/A,N/A,N/A,N/A,N/A
361,1770567067813,Sentence shown,LVH_168_A,true,,true,N/A,N/A,N/A,N/A,N/A,N/A,N/A
361,1770567070083,IR pressed,LVH_168_A,true,,true,Spacebar,1,N/A,2270,N/A,N/A,N/A
361,1770567070449,WR pressed,LVH_168_A,true,,true,No,N/A,1,N/A,366,N/A,N/A
361,1770567070450,gap_time,N/A,true,,true,GapTime_1179,N/A,N/A,N/A,N/A,N/A,N/A
361,1770567071644,Sentence shown,HF_62_A,,,,N/A,N/A,N/A,N/A,N/A,N/A,N/A
361,1770567074382,Validation Wrong IR pressed,HF_62_A,,,,Spacebar,0,N/A,2738,N/A,N/A,N/A
361,1770567074382,IR pressed,HF_62_A,,,,Spacebar,0,N/A,2738,N/A,N/A,N/A
361,1770567075249,WR pressed,HF_62_A,,,,No,N/A,N/A,N/A,867,N/A,N/A
361,1770567075250,gap_time,N/A,,,,GapTime_1166,N/A,N/A,N/A,N/A,N/A,N/A
361,1770567076430,Sentence shown,HF_61_A,,,,N/A,N/A,N/A,N/A,N/A,N/A,N/A
361,1770567080437,gap_time,N/A,,,,GapTime_989,N/A,N/A,N/A,N/A,N/A,N/A
361,1770567081431,Sentence shown,HF_61_A,,true,true,N/A,N/A,N/A,N/A,N/A,N/A,N/A
361,1770567082823,Validation IR pressed,HF_61_A,,true,true,Spacebar,1,N/A,1391,N/A,N/A,N/A
361,1770567082823,IR pressed,HF_61_A,,true,true,Spacebar,1,N/A,1391,N/A,N/A,N/A
361,1770567083100,WR pressed,HF_61_A,,true,true,Yes,N/A,N/A,N/A,277,N/A,N/A
361,1770567083101,gap_time,N/A,,true,true,GapTime_1010,N/A,N/A,N/A,N/A,N/A,N/A
361,1770567084125,Sentence shown,HF_63_A,,,,N/A,N/A,N/A,N/A,N/A,N/A,N/A
361,1770567088133,gap_time,N/A,,,,GapTime_1284,N/A,N/A,N/A,N/A,N/A,N/A
361,1770567089429,Sentence shown,HVL_107_P,true,,,N/A,N/A,N/A,N/A,N/A,N/A,N/A
361,1770567093433,gap_time,N/A,true,,,GapTime_895,N/A,N/A,N/A,N/A,N/A,N/A
361,1770567094341,Sentence shown,LVL_105_A,true,,true,N/A,N/A,N/A,N/A,N/A,N/A,N/A
361,1770567095954,IR pressed,LVL_105_A,true,,true,Spacebar,1,N/A,1613,N/A,N/A,N/A
361,1770567097541,WR pressed,LVL_105_A,true,,true,Yes,N/A,1,N/A,1587,N/A,N/A
361,1770567097542,gap_time,N/A,true,,true,GapTime_969,N/A,N/A,N/A,N/A,N/A,N/A
361,1770567098527,Sentence shown,HVL_144_P,true,,,N/A,N/A,N/A,N/A,N/A,N/A,N/A
361,1770567102540,gap_time,N/A,true,,,GapTime_907,N/A,N/A,N/A,N/A,N/A,N/A
361,1770567103459,Sentence shown,HH_182_A,true,,true,N/A,N/A,N/A,N/A,N/A,N/A,N/A
361,1770567104912,IR pressed,HH_182_A,true,,true,Spacebar,1,N/A,1453,N/A,N/A,N/A
361,1770567105231,WR pressed,HH_182_A,true,,true,Yes,N/A,1,N/A,319,N/A,N/A
361,1770567105232,gap_time,N/A,true,,true,GapTime_910,N/A,N/A,N/A,N/A,N/A,N/A
361,1770567106157,Sentence shown,HF_54_A,,,,N/A,N/A,N/A,N/A,N/A,N/A,N/A
361,1770567110173,gap_time,N/A,,,,GapTime_1062,N/A,N/A,N/A,N/A,N/A,N/A
361,1770567111249,Sentence shown,LVL_142_P,true,,,N/A,N/A,N/A,N/A,N/A,N/A,N/A
361,1770567115083,Validation Wrong IR pressed,LVL_142_P,true,,,Spacebar,0,N/A,3834,N/A,N/A,N/A
361,1770567115083,IR pressed,LVL_142_P,true,,,Spacebar,0,N/A,3834,N/A,N/A,N/A
361,1770567115291,WR pressed,LVL_142_P,true,,,No,N/A,0,N/A,208,N/A,N/A
361,1770567115291,gap_time,N/A,true,,,GapTime_757,N/A,N/A,N/A,N/A,N/A,N/A
361,1770567116064,Sentence shown,LVH_116_P,true,,,N/A,N/A,N/A,N/A,N/A,N/A,N/A
361,1770567120068,gap_time,N/A,true,,,GapTime_1043,N/A,N/A,N/A,N/A,N/A,N/A
361,1770567121124,Sentence shown,LVH_171_A,true,,,N/A,N/A,N/A,N/A,N/A,N/A,N/A
361,1770567125130,gap_time,N/A,true,,,GapTime_1173,N/A,N/A,N/A,N/A,N/A,N/A
361,1770567126317,Sentence shown,HF_42_A,,,,N/A,N/A,N/A,N/A,N/A,N/A,N/A
361,1770567130321,gap_time,N/A,,,,GapTime_945,N/A,N/A,N/A,N/A,N/A,N/A
361,1770567131271,Sentence shown,HF_39_A,,,,N/A,N/A,N/A,N/A,N/A,N/A,N/A
361,1770567135279,gap_time,N/A,,,,GapTime_1183,N/A,N/A,N/A,N/A,N/A,N/A
361,1770567136473,Sentence shown,HVL_107_P,true,,true,N/A,N/A,N/A,N/A,N/A,N/A,N/A
361,1770567138004,IR pressed,HVL_107_P,true,,true,Spacebar,1,N/A,1531,N/A,N/A,N/A
361,1770567138232,WR pressed,HVL_107_P,true,,true,No,N/A,0,N/A,228,N/A,N/A
361,1770567138233,gap_time,N/A,true,,true,GapTime_840,N/A,N/A,N/A,N/A,N/A,N/A
361,1770567139085,Sentence shown,HVL_144_A,true,,true,N/A,N/A,N/A,N/A,N/A,N/A,N/A
361,1770567140614,IR pressed,HVL_144_A,true,,true,Spacebar,1,N/A,1529,N/A,N/A,N/A
361,1770567140791,WR pressed,HVL_144_A,true,,true,No,N/A,1,N/A,177,N/A,N/A
361,1770567140792,gap_time,N/A,true,,true,GapTime_799,N/A,N/A,N/A,N/A,N/A,N/A
361,1770567141600,Sentence shown,HF_41_A,,,,N/A,N/A,N/A,N/A,N/A,N/A,N/A
361,1770567144444,Validation Wrong IR pressed,HF_41_A,,,,Spacebar,0,N/A,2844,N/A,N/A,N/A
361,1770567144444,IR pressed,HF_41_A,,,,Spacebar,0,N/A,2844,N/A,N/A,N/A
361,1770567144712,WR pressed,HF_41_A,,,,No,N/A,N/A,N/A,268,N/A,N/A
361,1770567144712,gap_time,N/A,,,,GapTime_813,N/A,N/A,N/A,N/A,N/A,N/A
361,1770567145531,Sentence shown,LVL_142_P,true,,true,N/A,N/A,N/A,N/A,N/A,N/A,N/A
361,1770567147837,IR pressed,LVL_142_P,true,,true,Spacebar,1,N/A,2306,N/A,N/A,N/A
361,1770567148092,WR pressed,LVL_142_P,true,,true,Yes,N/A,1,N/A,255,N/A,N/A
361,1770567148093,gap_time,N/A,true,,true,GapTime_1025,N/A,N/A,N/A,N/A,N/A,N/A
361,1770567149131,Sentence shown,HH_176_A,true,,,N/A,N/A,N/A,N/A,N/A,N/A,N/A
361,1770567153144,gap_time,N/A,true,,,GapTime_1200,N/A,N/A,N/A,N/A,N/A,N/A
361,1770567154358,Sentence shown,HVL_149_A,true,,,N/A,N/A,N/A,N/A,N/A,N/A,N/A
361,1770567156455,Validation Wrong IR pressed,HVL_149_A,true,,,Spacebar,0,N/A,2097,N/A,N/A,N/A
361,1770567156455,IR pressed,HVL_149_A,true,,,Spacebar,0,N/A,2097,N/A,N/A,N/A
361,1770567157042,WR pressed,HVL_149_A,true,,,No,N/A,1,N/A,587,N/A,N/A
361,1770567157042,gap_time,N/A,true,,,GapTime_1112,N/A,N/A,N/A,N/A,N/A,N/A
361,1770567158167,Sentence shown,HF_38_A,,,,N/A,N/A,N/A,N/A,N/A,N/A,N/A
361,1770567162168,gap_time,N/A,,,,GapTime_748,N/A,N/A,N/A,N/A,N/A,N/A
361,1770567162927,Sentence shown,LVH_171_A,true,,true,N/A,N/A,N/A,N/A,N/A,N/A,N/A
361,1770567164658,IR pressed,LVH_171_A,true,,true,Spacebar,1,N/A,1731,N/A,N/A,N/A
361,1770567170496,WR pressed,LVH_171_A,true,,true,No,N/A,0,N/A,5838,N/A,N/A
361,1770567170496,gap_time,N/A,true,,true,GapTime_742,N/A,N/A,N/A,N/A,N/A,N/A
361,1770567171243,Sentence shown,LVH_116_P,true,,true,N/A,N/A,N/A,N/A,N/A,N/A,N/A
361,1770567172975,IR pressed,LVH_116_P,true,,true,Spacebar,1,N/A,1732,N/A,N/A,N/A
361,1770567174712,WR pressed,LVH_116_P,true,,true,Yes,N/A,1,N/A,1737,N/A,N/A
361,1770567174712,gap_time,N/A,true,,true,GapTime_750,N/A,N/A,N/A,N/A,N/A,N/A
361,1770567175469,Sentence shown,HF_60_A,,,,N/A,N/A,N/A,N/A,N/A,N/A,N/A
361,1770567179483,gap_time,N/A,,,,GapTime_1144,N/A,N/A,N/A,N/A,N/A,N/A
361,1770567180640,Sentence shown,HF_37_A,,,,N/A,N/A,N/A,N/A,N/A,N/A,N/A
361,1770567184651,gap_time,N/A,,,,GapTime_775,N/A,N/A,N/A,N/A,N/A,N/A
361,1770567185440,Sentence shown,HF_53_A,,,,N/A,N/A,N/A,N/A,N/A,N/A,N/A
361,1770567189455,gap_time,N/A,,,,GapTime_840,N/A,N/A,N/A,N/A,N/A,N/A
361,1770567190310,Sentence shown,HH_176_P,true,,true,N/A,N/A,N/A,N/A,N/A,N/A,N/A
361,1770567191805,IR pressed,HH_176_P,true,,true,Spacebar,1,N/A,1495,N/A,N/A,N/A
361,1770567192493,WR pressed,HH_176_P,true,,true,No,N/A,1,N/A,688,N/A,N/A
361,1770567192494,gap_time,N/A,true,,true,GapTime_1041,N/A,N/A,N/A,N/A,N/A,N/A
361,1770567193549,Sentence shown,HVL_149_P,true,,true,N/A,N/A,N/A,N/A,N/A,N/A,N/A
361,1770567195696,IR pressed,HVL_149_P,true,,true,Spacebar,1,N/A,2147,N/A,N/A,N/A
361,1770567196354,WR pressed,HVL_149_P,true,,true,No,N/A,1,N/A,658,N/A,N/A
361,1770567196355,gap_time,N/A,true,,true,GapTime_847,N/A,N/A,N/A,N/A,N/A,N/A
361,1770567197210,Sentence shown,HF_44_A,,,,N/A,N/A,N/A,N/A,N/A,N/A,N/A
361,1770567201215,gap_time,N/A,,,,GapTime_1213,N/A,N/A,N/A,N/A,N/A,N/A
361,1770567202431,Sentence shown,HF_44_A,,true,true,N/A,N/A,N/A,N/A,N/A,N/A,N/A
361,1770567203836,Validation IR pressed,HF_44_A,,true,true,Spacebar,1,N/A,1405,N/A,N/A,N/A
361,1770567203836,IR pressed,HF_44_A,,true,true,Spacebar,1,N/A,1405,N/A,N/A,N/A
361,1770567204163,WR pressed,HF_44_A,,true,true,Yes,N/A,N/A,N/A,327,N/A,N/A
361,1770567204164,gap_time,N/A,,true,true,GapTime_1027,N/A,N/A,N/A,N/A,N/A,N/A
361,1770567205196,Sentence shown,HF_36_A,,,,N/A,N/A,N/A,N/A,N/A,N/A,N/A
361,1770567209204,gap_time,N/A,,,,GapTime_1041,N/A,N/A,N/A,N/A,N/A,N/A
361,1770567210253,Sentence shown,HF_40_A,,,,N/A,N/A,N/A,N/A,N/A,N/A,N/A
361,1770567211927,Validation Wrong IR pressed,HF_40_A,,,,Spacebar,0,N/A,1674,N/A,N/A,N/A
361,1770567211927,IR pressed,HF_40_A,,,,Spacebar,0,N/A,1674,N/A,N/A,N/A
361,1770567212564,WR pressed,HF_40_A,,,,No,N/A,N/A,N/A,637,N/A,N/A
361,1770567212565,gap_time,N/A,,,,GapTime_1275,N/A,N/A,N/A,N/A,N/A,N/A
361,1770567213845,Sentence shown,LVL_116_A,true,,,N/A,N/A,N/A,N/A,N/A,N/A,N/A
361,1770567217856,gap_time,N/A,true,,,GapTime_875,N/A,N/A,N/A,N/A,N/A,N/A
361,1770567218739,Sentence shown,HF_49_A,,,,N/A,N/A,N/A,N/A,N/A,N/A,N/A
361,1770567222742,gap_time,N/A,,,,GapTime_1208,N/A,N/A,N/A,N/A,N/A,N/A
361,1770567223954,Sentence shown,HF_48_A,,,,N/A,N/A,N/A,N/A,N/A,N/A,N/A
361,1770567227958,gap_time,N/A,,,,GapTime_1067,N/A,N/A,N/A,N/A,N/A,N/A
361,1770567229031,Sentence shown,HF_50_A,,,,N/A,N/A,N/A,N/A,N/A,N/A,N/A
361,1770567233033,gap_time,N/A,,,,GapTime_818,N/A,N/A,N/A,N/A,N/A,N/A
361,1770567233867,Sentence shown,HF_50_A,,true,true,N/A,N/A,N/A,N/A,N/A,N/A,N/A
361,1770567235227,Validation IR pressed,HF_50_A,,true,true,Spacebar,1,N/A,1360,N/A,N/A,N/A
361,1770567235227,IR pressed,HF_50_A,,true,true,Spacebar,1,N/A,1360,N/A,N/A,N/A
361,1770567235564,WR pressed,HF_50_A,,true,true,Yes,N/A,N/A,N/A,337,N/A,N/A
361,1770567235565,gap_time,N/A,,true,true,GapTime_1183,N/A,N/A,N/A,N/A,N/A,N/A
361,1770567236757,Sentence shown,HF_48_A,,true,true,N/A,N/A,N/A,N/A,N/A,N/A,N/A
361,1770567238338,Validation IR pressed,HF_48_A,,true,true,Spacebar,1,N/A,1581,N/A,N/A,N/A
361,1770567238338,IR pressed,HF_48_A,,true,true,Spacebar,1,N/A,1581,N/A,N/A,N/A
361,1770567238566,WR pressed,HF_48_A,,true,true,Yes,N/A,N/A,N/A,228,N/A,N/A
361,1770567238566,gap_time,N/A,,true,true,GapTime_1171,N/A,N/A,N/A,N/A,N/A,N/A
361,1770567239755,Sentence shown,LVL_116_P,true,,true,N/A,N/A,N/A,N/A,N/A,N/A,N/A
361,1770567241118,IR pressed,LVL_116_P,true,,true,Spacebar,1,N/A,1363,N/A,N/A,N/A
361,1770567241304,WR pressed,LVL_116_P,true,,true,No,N/A,1,N/A,186,N/A,N/A
361,1770567241305,gap_time,N/A,true,,true,GapTime_896,N/A,N/A,N/A,N/A,N/A,N/A
361,1770567242214,Rest Phase started,N/A,true,,true,Rest,N/A,N/A,N/A,N/A,N/A,N/A
361,1770568006389,Sentence shown,LVH_146_A,true,,,N/A,N/A,N/A,N/A,N/A,N/A,N/A
361,1770568010409,gap_time,N/A,true,,,GapTime_1206,N/A,N/A,N/A,N/A,N/A,N/A
361,1770568011619,Sentence shown,HF_80_A,,,,N/A,N/A,N/A,N/A,N/A,N/A,N/A
361,1770568015631,gap_time,N/A,,,,GapTime_1137,N/A,N/A,N/A,N/A,N/A,N/A
361,1770568016781,Sentence shown,HF_66_A,,,,N/A,N/A,N/A,N/A,N/A,N/A,N/A
361,1770568020785,gap_time,N/A,,,,GapTime_1188,N/A,N/A,N/A,N/A,N/A,N/A
361,1770568021984,Sentence shown,HF_66_A,,true,true,N/A,N/A,N/A,N/A,N/A,N/A,N/A
361,1770568023378,Validation IR pressed,HF_66_A,,true,true,Spacebar,1,N/A,1394,N/A,N/A,N/A
361,1770568023378,IR pressed,HF_66_A,,true,true,Spacebar,1,N/A,1394,N/A,N/A,N/A
361,1770568023736,WR pressed,HF_66_A,,true,true,Yes,N/A,N/A,N/A,358,N/A,N/A
361,1770568023737,gap_time,N/A,,true,true,GapTime_739,N/A,N/A,N/A,N/A,N/A,N/A
361,1770568024478,Sentence shown,LVL_114_A,true,,,N/A,N/A,N/A,N/A,N/A,N/A,N/A
361,1770568028487,gap_time,N/A,true,,,GapTime_1115,N/A,N/A,N/A,N/A,N/A,N/A
361,1770568029616,Sentence shown,HF_80_A,,true,true,N/A,N/A,N/A,N/A,N/A,N/A,N/A
361,1770568031447,Validation IR pressed,HF_80_A,,true,true,Spacebar,1,N/A,1831,N/A,N/A,N/A
361,1770568031447,IR pressed,HF_80_A,,true,true,Spacebar,1,N/A,1831,N/A,N/A,N/A
361,1770568031856,WR pressed,HF_80_A,,true,true,Yes,N/A,N/A,N/A,409,N/A,N/A
361,1770568031856,gap_time,N/A,,true,true,GapTime_950,N/A,N/A,N/A,N/A,N/A,N/A
361,1770568032817,Sentence shown,HF_96_A,,,,N/A,N/A,N/A,N/A,N/A,N/A,N/A
361,1770568036828,gap_time,N/A,,,,GapTime_1089,N/A,N/A,N/A,N/A,N/A,N/A
361,1770568037928,Sentence shown,HF_89_A,,,,N/A,N/A,N/A,N/A,N/A,N/A,N/A
361,1770568041936,gap_time,N/A,,,,GapTime_1157,N/A,N/A,N/A,N/A,N/A,N/A
361,1770568043110,Sentence shown,HF_97_A,,,,N/A,N/A,N/A,N/A,N/A,N/A,N/A
361,1770568047114,gap_time,N/A,,,,GapTime_1031,N/A,N/A,N/A,N/A,N/A,N/A
361,1770568048156,Sentence shown,LVH_146_A,true,,true,N/A,N/A,N/A,N/A,N/A,N/A,N/A
361,1770568049779,IR pressed,LVH_146_A,true,,true,Spacebar,1,N/A,1622,N/A,N/A,N/A
361,1770568050149,WR pressed,LVH_146_A,true,,true,Yes,N/A,1,N/A,370,N/A,N/A
361,1770568050150,gap_time,N/A,true,,true,GapTime_966,N/A,N/A,N/A,N/A,N/A,N/A
361,1770568051120,Sentence shown,HF_82_A,,,,N/A,N/A,N/A,N/A,N/A,N/A,N/A
361,1770568055132,gap_time,N/A,,,,GapTime_1134,N/A,N/A,N/A,N/A,N/A,N/A
361,1770568056283,Sentence shown,HF_67_A,,,,N/A,N/A,N/A,N/A,N/A,N/A,N/A
361,1770568060290,gap_time,N/A,,,,GapTime_721,N/A,N/A,N/A,N/A,N/A,N/A
361,1770568061018,Sentence shown,HH_154_A,true,,,N/A,N/A,N/A,N/A,N/A,N/A,N/A
361,1770568065023,gap_time,N/A,true,,,GapTime_725,N/A,N/A,N/A,N/A,N/A,N/A
361,1770568065753,Sentence shown,HF_84_A,,,,N/A,N/A,N/A,N/A,N/A,N/A,N/A
361,1770568069770,gap_time,N/A,,,,GapTime_1085,N/A,N/A,N/A,N/A,N/A,N/A
361,1770568070863,Sentence shown,LVL_114_A,true,,true,N/A,N/A,N/A,N/A,N/A,N/A,N/A
361,1770568072665,IR pressed,LVL_114_A,true,,true,Spacebar,1,N/A,1802,N/A,N/A,N/A
361,1770568073369,WR pressed,LVL_114_A,true,,true,Yes,N/A,1,N/A,704,N/A,N/A
361,1770568073370,gap_time,N/A,true,,true,GapTime_1055,N/A,N/A,N/A,N/A,N/A,N/A
361,1770568074427,Sentence shown,LVL_108_A,true,,,N/A,N/A,N/A,N/A,N/A,N/A,N/A
361,1770568078446,gap_time,N/A,true,,,GapTime_727,N/A,N/A,N/A,N/A,N/A,N/A
361,1770568079178,Sentence shown,HF_95_A,,,,N/A,N/A,N/A,N/A,N/A,N/A,N/A
361,1770568083184,gap_time,N/A,,,,GapTime_761,N/A,N/A,N/A,N/A,N/A,N/A
361,1770568083961,Sentence shown,HF_73_A,,,,N/A,N/A,N/A,N/A,N/A,N/A,N/A
361,1770568087973,gap_time,N/A,,,,GapTime_857,N/A,N/A,N/A,N/A,N/A,N/A
361,1770568088844,Sentence shown,HF_94_A,,,,N/A,N/A,N/A,N/A,N/A,N/A,N/A
361,1770568092850,gap_time,N/A,,,,GapTime_1240,N/A,N/A,N/A,N/A,N/A,N/A
361,1770568094093,Sentence shown,HF_94_A,,true,true,N/A,N/A,N/A,N/A,N/A,N/A,N/A
361,1770568095712,Validation IR pressed,HF_94_A,,true,true,Spacebar,1,N/A,1619,N/A,N/A,N/A
361,1770568095712,IR pressed,HF_94_A,,true,true,Spacebar,1,N/A,1619,N/A,N/A,N/A
361,1770568096060,WR pressed,HF_94_A,,true,true,Yes,N/A,N/A,N/A,348,N/A,N/A
361,1770568096060,gap_time,N/A,,true,true,GapTime_967,N/A,N/A,N/A,N/A,N/A,N/A
361,1770568097044,Sentence shown,HF_83_A,,,,N/A,N/A,N/A,N/A,N/A,N/A,N/A
361,1770568101057,gap_time,N/A,,,,GapTime_914,N/A,N/A,N/A,N/A,N/A,N/A
361,1770568101984,Sentence shown,HH_154_A,true,,true,N/A,N/A,N/A,N/A,N/A,N/A,N/A
361,1770568103523,IR pressed,HH_154_A,true,,true,Spacebar,1,N/A,1539,N/A,N/A,N/A
361,1770568103870,WR pressed,HH_154_A,true,,true,Yes,N/A,1,N/A,347,N/A,N/A
361,1770568103871,gap_time,N/A,true,,true,GapTime_939,N/A,N/A,N/A,N/A,N/A,N/A
361,1770568104822,Sentence shown,HF_83_A,,true,true,N/A,N/A,N/A,N/A,N/A,N/A,N/A
361,1770568106273,Validation IR pressed,HF_83_A,,true,true,Spacebar,1,N/A,1451,N/A,N/A,N/A
361,1770568106273,IR pressed,HF_83_A,,true,true,Spacebar,1,N/A,1451,N/A,N/A,N/A
361,1770568106550,WR pressed,HF_83_A,,true,true,Yes,N/A,N/A,N/A,277,N/A,N/A
361,1770568106550,gap_time,N/A,,true,true,GapTime_796,N/A,N/A,N/A,N/A,N/A,N/A
361,1770568107357,Sentence shown,HF_75_A,,,,N/A,N/A,N/A,N/A,N/A,N/A,N/A
361,1770568111368,gap_time,N/A,,,,GapTime_768,N/A,N/A,N/A,N/A,N/A,N/A
361,1770568112153,Sentence shown,HF_75_A,,true,true,N/A,N/A,N/A,N/A,N/A,N/A,N/A
361,1770568113523,Validation IR pressed,HF_75_A,,true,true,Spacebar,1,N/A,1370,N/A,N/A,N/A
361,1770568113523,IR pressed,HF_75_A,,true,true,Spacebar,1,N/A,1370,N/A,N/A,N/A
361,1770568113811,WR pressed,HF_75_A,,true,true,Yes,N/A,N/A,N/A,288,N/A,N/A
361,1770568113812,gap_time,N/A,,true,true,GapTime_958,N/A,N/A,N/A,N/A,N/A,N/A
361,1770568114778,Sentence shown,HVL_146_P,true,,,N/A,N/A,N/A,N/A,N/A,N/A,N/A
361,1770568118781,gap_time,N/A,true,,,GapTime_930,N/A,N/A,N/A,N/A,N/A,N/A
361,1770568119727,Sentence shown,LVL_108_P,true,,true,N/A,N/A,N/A,N/A,N/A,N/A,N/A
361,1770568122665,IR pressed,LVL_108_P,true,,true,Spacebar,1,N/A,2938,N/A,N/A,N/A
361,1770568122882,WR pressed,LVL_108_P,true,,true,No,N/A,1,N/A,217,N/A,N/A
361,1770568122883,gap_time,N/A,true,,true,GapTime_836,N/A,N/A,N/A,N/A,N/A,N/A
361,1770568123728,Sentence shown,HF_68_A,,,,N/A,N/A,N/A,N/A,N/A,N/A,N/A
361,1770568127742,gap_time,N/A,,,,GapTime_986,N/A,N/A,N/A,N/A,N/A,N/A
361,1770568128732,Sentence shown,HH_187_P,true,,,N/A,N/A,N/A,N/A,N/A,N/A,N/A
361,1770568132741,gap_time,N/A,true,,,GapTime_821,N/A,N/A,N/A,N/A,N/A,N/A
361,1770568133576,Sentence shown,HF_92_A,,,,N/A,N/A,N/A,N/A,N/A,N/A,N/A
361,1770568137581,gap_time,N/A,,,,GapTime_1267,N/A,N/A,N/A,N/A,N/A,N/A
361,1770568138859,Sentence shown,HF_93_A,,,,N/A,N/A,N/A,N/A,N/A,N/A,N/A
361,1770568142865,gap_time,N/A,,,,GapTime_761,N/A,N/A,N/A,N/A,N/A,N/A
361,1770568143635,Sentence shown,LVH_107_A,true,,,N/A,N/A,N/A,N/A,N/A,N/A,N/A
361,1770568147306,Validation Wrong IR pressed,LVH_107_A,true,,,Spacebar,0,N/A,3670,N/A,N/A,N/A
361,1770568147306,IR pressed,LVH_107_A,true,,,Spacebar,0,N/A,3670,N/A,N/A,N/A
361,1770568147752,WR pressed,LVH_107_A,true,,,No,N/A,1,N/A,446,N/A,N/A
361,1770568147752,gap_time,N/A,true,,,GapTime_946,N/A,N/A,N/A,N/A,N/A,N/A
361,1770568148708,Sentence shown,HF_93_A,,true,true,N/A,N/A,N/A,N/A,N/A,N/A,N/A
361,1770568150065,Validation IR pressed,HF_93_A,,true,true,Spacebar,1,N/A,1357,N/A,N/A,N/A
361,1770568150065,IR pressed,HF_93_A,,true,true,Spacebar,1,N/A,1357,N/A,N/A,N/A
361,1770568150332,WR pressed,HF_93_A,,true,true,Yes,N/A,N/A,N/A,267,N/A,N/A
361,1770568150333,gap_time,N/A,,true,true,GapTime_804,N/A,N/A,N/A,N/A,N/A,N/A
361,1770568151150,Sentence shown,LVL_120_P,true,,,N/A,N/A,N/A,N/A,N/A,N/A,N/A
361,1770568155152,gap_time,N/A,true,,,GapTime_1005,N/A,N/A,N/A,N/A,N/A,N/A
361,1770568156174,Sentence shown,HVL_146_A,true,,true,N/A,N/A,N/A,N/A,N/A,N/A,N/A
361,1770568157703,IR pressed,HVL_146_A,true,,true,Spacebar,1,N/A,1529,N/A,N/A,N/A
361,1770568158481,WR pressed,HVL_146_A,true,,true,No,N/A,1,N/A,778,N/A,N/A
361,1770568158482,gap_time,N/A,true,,true,GapTime_871,N/A,N/A,N/A,N/A,N/A,N/A
361,1770568159360,Sentence shown,HF_87_A,,,,N/A,N/A,N/A,N/A,N/A,N/A,N/A
361,1770568163372,gap_time,N/A,,,,GapTime_788,N/A,N/A,N/A,N/A,N/A,N/A
361,1770568164174,Sentence shown,HF_86_A,,,,N/A,N/A,N/A,N/A,N/A,N/A,N/A
361,1770568168190,gap_time,N/A,,,,GapTime_842,N/A,N/A,N/A,N/A,N/A,N/A
361,1770568169038,Sentence shown,HH_187_P,true,,true,N/A,N/A,N/A,N/A,N/A,N/A,N/A
361,1770568170636,IR pressed,HH_187_P,true,,true,Spacebar,1,N/A,1598,N/A,N/A,N/A
361,1770568172132,WR pressed,HH_187_P,true,,true,Yes,N/A,1,N/A,1496,N/A,N/A
361,1770568172132,gap_time,N/A,true,,true,GapTime_1132,N/A,N/A,N/A,N/A,N/A,N/A
361,1770568173281,Sentence shown,HF_69_A,,,,N/A,N/A,N/A,N/A,N/A,N/A,N/A
361,1770568177284,gap_time,N/A,,,,GapTime_946,N/A,N/A,N/A,N/A,N/A,N/A
361,1770568178244,Sentence shown,HF_72_A,,,,N/A,N/A,N/A,N/A,N/A,N/A,N/A
361,1770568182248,gap_time,N/A,,,,GapTime_946,N/A,N/A,N/A,N/A,N/A,N/A
361,1770568183204,Sentence shown,LVH_107_P,true,,true,N/A,N/A,N/A,N/A,N/A,N/A,N/A
361,1770568185081,IR pressed,LVH_107_P,true,,true,Spacebar,1,N/A,1876,N/A,N/A,N/A
361,1770568186763,WR pressed,LVH_107_P,true,,true,No,N/A,1,N/A,1682,N/A,N/A
361,1770568186764,gap_time,N/A,true,,true,GapTime_832,N/A,N/A,N/A,N/A,N/A,N/A
361,1770568187601,Sentence shown,HF_70_A,,,,N/A,N/A,N/A,N/A,N/A,N/A,N/A
361,1770568191618,gap_time,N/A,,,,GapTime_1277,N/A,N/A,N/A,N/A,N/A,N/A
361,1770568192910,Sentence shown,HF_72_A,,true,true,N/A,N/A,N/A,N/A,N/A,N/A,N/A
361,1770568195407,Validation IR pressed,HF_72_A,,true,true,Spacebar,1,N/A,2497,N/A,N/A,N/A
361,1770568195407,IR pressed,HF_72_A,,true,true,Spacebar,1,N/A,2497,N/A,N/A,N/A
361,1770568197354,WR pressed,HF_72_A,,true,true,Yes,N/A,N/A,N/A,1947,N/A,N/A
361,1770568197355,gap_time,N/A,,true,true,GapTime_986,N/A,N/A,N/A,N/A,N/A,N/A
361,1770568198347,Sentence shown,LVL_120_A,true,,true,N/A,N/A,N/A,N/A,N/A,N/A,N/A
361,1770568200986,IR pressed,LVL_120_A,true,,true,Spacebar,1,N/A,2639,N/A,N/A,N/A
361,1770568201513,WR pressed,LVL_120_A,true,,true,No,N/A,1,N/A,527,N/A,N/A
361,1770568201514,gap_time,N/A,true,,true,GapTime_1082,N/A,N/A,N/A,N/A,N/A,N/A
361,1770568202611,Sentence shown,HF_90_A,,,,N/A,N/A,N/A,N/A,N/A,N/A,N/A
361,1770568206620,gap_time,N/A,,,,GapTime_1059,N/A,N/A,N/A,N/A,N/A,N/A
361,1770568207693,Sentence shown,HF_71_A,,,,N/A,N/A,N/A,N/A,N/A,N/A,N/A
361,1770568211699,gap_time,N/A,,,,GapTime_712,N/A,N/A,N/A,N/A,N/A,N/A
361,1770568212419,Sentence shown,HF_88_A,,,,N/A,N/A,N/A,N/A,N/A,N/A,N/A
361,1770568216432,gap_time,N/A,,,,GapTime_750,N/A,N/A,N/A,N/A,N/A,N/A
361,1770568217186,Sentence shown,HF_78_A,,,,N/A,N/A,N/A,N/A,N/A,N/A,N/A
361,1770568221198,gap_time,N/A,,,,GapTime_919,N/A,N/A,N/A,N/A,N/A,N/A
361,1770568222127,Sentence shown,HH_139_P,true,,,N/A,N/A,N/A,N/A,N/A,N/A,N/A
361,1770568226135,gap_time,N/A,true,,,GapTime_776,N/A,N/A,N/A,N/A,N/A,N/A
361,1770568226914,Sentence shown,HF_79_A,,,,N/A,N/A,N/A,N/A,N/A,N/A,N/A
361,1770568230927,gap_time,N/A,,,,GapTime_1177,N/A,N/A,N/A,N/A,N/A,N/A
361,1770568232115,Sentence shown,HF_79_A,,true,true,N/A,N/A,N/A,N/A,N/A,N/A,N/A
361,1770568233399,Validation IR pressed,HF_79_A,,true,true,Spacebar,1,N/A,1284,N/A,N/A,N/A
361,1770568233399,IR pressed,HF_79_A,,true,true,Spacebar,1,N/A,1284,N/A,N/A,N/A
361,1770568233675,WR pressed,HF_79_A,,true,true,Yes,N/A,N/A,N/A,276,N/A,N/A
361,1770568233676,gap_time,N/A,,true,true,GapTime_1253,N/A,N/A,N/A,N/A,N/A,N/A
361,1770568234943,Sentence shown,HF_91_A,,,,N/A,N/A,N/A,N/A,N/A,N/A,N/A
361,1770568238947,gap_time,N/A,,,,GapTime_809,N/A,N/A,N/A,N/A,N/A,N/A
361,1770568239768,Sentence shown,LVL_109_P,true,,,N/A,N/A,N/A,N/A,N/A,N/A,N/A
361,1770568243771,gap_time,N/A,true,,,GapTime_877,N/A,N/A,N/A,N/A,N/A,N/A
361,1770568244658,Sentence shown,HF_76_A,,,,N/A,N/A,N/A,N/A,N/A,N/A,N/A
361,1770568248671,gap_time,N/A,,,,GapTime_899,N/A,N/A,N/A,N/A,N/A,N/A
361,1770568249574,Sentence shown,HF_74_A,,,,N/A,N/A,N/A,N/A,N/A,N/A,N/A
361,1770568253582,gap_time,N/A,,,,GapTime_748,N/A,N/A,N/A,N/A,N/A,N/A
361,1770568254337,Sentence shown,HF_81_A,,,,N/A,N/A,N/A,N/A,N/A,N/A,N/A
361,1770568258343,gap_time,N/A,,,,GapTime_1064,N/A,N/A,N/A,N/A,N/A,N/A
361,1770568259423,Sentence shown,HF_81_A,,true,true,N/A,N/A,N/A,N/A,N/A,N/A,N/A
361,1770568260749,Validation IR pressed,HF_81_A,,true,true,Spacebar,1,N/A,1326,N/A,N/A,N/A
361,1770568260749,IR pressed,HF_81_A,,true,true,Spacebar,1,N/A,1326,N/A,N/A,N/A
361,1770568261046,WR pressed,HF_81_A,,true,true,Yes,N/A,N/A,N/A,297,N/A,N/A
361,1770568261047,gap_time,N/A,,true,true,GapTime_1010,N/A,N/A,N/A,N/A,N/A,N/A
361,1770568262065,Sentence shown,HF_74_A,,true,true,N/A,N/A,N/A,N/A,N/A,N/A,N/A
361,1770568263960,Validation IR pressed,HF_74_A,,true,true,Spacebar,1,N/A,1895,N/A,N/A,N/A
361,1770568263960,IR pressed,HF_74_A,,true,true,Spacebar,1,N/A,1895,N/A,N/A,N/A
361,1770568264627,WR pressed,HF_74_A,,true,true,Yes,N/A,N/A,N/A,667,N/A,N/A
361,1770568264628,gap_time,N/A,,true,true,GapTime_764,N/A,N/A,N/A,N/A,N/A,N/A
361,1770568265403,Sentence shown,HH_139_A,true,,true,N/A,N/A,N/A,N/A,N/A,N/A,N/A
361,1770568267268,IR pressed,HH_139_A,true,,true,Spacebar,1,N/A,1865,N/A,N/A,N/A
361,1770568267515,WR pressed,HH_139_A,true,,true,No,N/A,1,N/A,247,N/A,N/A
361,1770568267516,gap_time,N/A,true,,true,GapTime_750,N/A,N/A,N/A,N/A,N/A,N/A
361,1770568268282,Sentence shown,HH_178_A,true,,,N/A,N/A,N/A,N/A,N/A,N/A,N/A
361,1770568272285,gap_time,N/A,true,,,GapTime_1047,N/A,N/A,N/A,N/A,N/A,N/A
361,1770568273339,Sentence shown,HVL_119_A,true,,,N/A,N/A,N/A,N/A,N/A,N/A,N/A
361,1770568277341,gap_time,N/A,true,,,GapTime_1166,N/A,N/A,N/A,N/A,N/A,N/A
361,1770568278509,Sentence shown,LVL_109_P,true,,true,N/A,N/A,N/A,N/A,N/A,N/A,N/A
361,1770568280788,IR pressed,LVL_109_P,true,,true,Spacebar,1,N/A,2279,N/A,N/A,N/A
361,1770568281196,WR pressed,LVL_109_P,true,,true,Yes,N/A,1,N/A,408,N/A,N/A
361,1770568281197,gap_time,N/A,true,,true,GapTime_1291,N/A,N/A,N/A,N/A,N/A,N/A
361,1770568282505,Sentence shown,HVL_150_P,true,,,N/A,N/A,N/A,N/A,N/A,N/A,N/A
361,1770568286514,gap_time,N/A,true,,,GapTime_878,N/A,N/A,N/A,N/A,N/A,N/A
361,1770568287408,Sentence shown,LVH_138_P,true,,,N/A,N/A,N/A,N/A,N/A,N/A,N/A
361,1770568291414,gap_time,N/A,true,,,GapTime_866,N/A,N/A,N/A,N/A,N/A,N/A
361,1770568292297,Sentence shown,HF_77_A,,,,N/A,N/A,N/A,N/A,N/A,N/A,N/A
361,1770568296304,gap_time,N/A,,,,GapTime_914,N/A,N/A,N/A,N/A,N/A,N/A
361,1770568297223,Sentence shown,LVH_129_P,true,,,N/A,N/A,N/A,N/A,N/A,N/A,N/A
361,1770568301237,gap_time,N/A,true,,,GapTime_1271,N/A,N/A,N/A,N/A,N/A,N/A
361,1770568302523,Sentence shown,HF_85_A,,,,N/A,N/A,N/A,N/A,N/A,N/A,N/A
361,1770568306535,gap_time,N/A,,,,GapTime_1035,N/A,N/A,N/A,N/A,N/A,N/A
361,1770568307585,Sentence shown,HVL_119_A,true,,true,N/A,N/A,N/A,N/A,N/A,N/A,N/A
361,1770568309113,IR pressed,HVL_119_A,true,,true,Spacebar,1,N/A,1528,N/A,N/A,N/A
361,1770568309397,WR pressed,HVL_119_A,true,,true,Yes,N/A,1,N/A,284,N/A,N/A
361,1770568309398,gap_time,N/A,true,,true,GapTime_920,N/A,N/A,N/A,N/A,N/A,N/A
361,1770568310326,Sentence shown,HVL_110_A,true,,,N/A,N/A,N/A,N/A,N/A,N/A,N/A
361,1770568314342,gap_time,N/A,true,,,GapTime_896,N/A,N/A,N/A,N/A,N/A,N/A
361,1770568315253,Sentence shown,HH_178_P,true,,true,N/A,N/A,N/A,N/A,N/A,N/A,N/A
361,1770568316892,IR pressed,HH_178_P,true,,true,Spacebar,1,N/A,1639,N/A,N/A,N/A
361,1770568317129,WR pressed,HH_178_P,true,,true,No,N/A,1,N/A,237,N/A,N/A
361,1770568317129,gap_time,N/A,true,,true,GapTime_707,N/A,N/A,N/A,N/A,N/A,N/A
361,1770568317844,Sentence shown,HVL_150_P,true,,true,N/A,N/A,N/A,N/A,N/A,N/A,N/A
361,1770568321352,IR pressed,HVL_150_P,true,,true,Spacebar,1,N/A,3507,N/A,N/A,N/A
361,1770568322928,WR pressed,HVL_150_P,true,,true,No,N/A,0,N/A,1575,N/A,N/A
361,1770568322928,gap_time,N/A,true,,true,GapTime_704,N/A,N/A,N/A,N/A,N/A,N/A
361,1770568323638,Sentence shown,LVH_138_A,true,,true,N/A,N/A,N/A,N/A,N/A,N/A,N/A
361,1770568325100,IR pressed,LVH_138_A,true,,true,Spacebar,1,N/A,1461,N/A,N/A,N/A
361,1770568325439,WR pressed,LVH_138_A,true,,true,No,N/A,1,N/A,339,N/A,N/A
361,1770568325440,gap_time,N/A,true,,true,GapTime_1280,N/A,N/A,N/A,N/A,N/A,N/A
361,1770568326723,Sentence shown,LVH_129_P,true,,true,N/A,N/A,N/A,N/A,N/A,N/A,N/A
361,1770568327969,IR pressed,LVH_129_P,true,,true,Spacebar,1,N/A,1246,N/A,N/A,N/A
361,1770568328189,WR pressed,LVH_129_P,true,,true,Yes,N/A,1,N/A,220,N/A,N/A
361,1770568328190,gap_time,N/A,true,,true,GapTime_1296,N/A,N/A,N/A,N/A,N/A,N/A
361,1770568329502,Sentence shown,HVL_110_P,true,,true,N/A,N/A,N/A,N/A,N/A,N/A,N/A
361,1770568331113,IR pressed,HVL_110_P,true,,true,Spacebar,1,N/A,1611,N/A,N/A,N/A
361,1770568331420,WR pressed,HVL_110_P,true,,true,No,N/A,1,N/A,306,N/A,N/A
361,1770568331421,gap_time,N/A,true,,true,GapTime_879,N/A,N/A,N/A,N/A,N/A,N/A
