participant_ID,Timestamp,Event,Stimulus,isTarget,isValidation,isRepeat,Button,Accuracy IR,Accuracy WR,Reaction_time_IR,Reaction_time_WR,CR_IR,CR_WR
367,1770570194017,Practice Sentence shown,HL_88_A,,,,N/A,N/A,N/A,N/A,N/A,N/A,N/A
367,1770570196778,Practice IR pressed,HL_88_A,,,,Spacebar,0,N/A,2761,N/A,N/A,N/A
367,1770570205926,Practice Sentence shown,HL_78_A,,,,N/A,N/A,N/A,N/A,N/A,N/A,N/A
367,1770570211430,Practice Sentence shown,HL_97_A,,,,N/A,N/A,N/A,N/A,N/A,N/A,N/A
367,1770570216934,Practice Sentence shown,HL_102_A,,,,N/A,N/A,N/A,N/A,N/A,N/A,N/A
367,1770570222437,Practice Sentence shown,HL_62_A,,,,N/A,N/A,N/A,N/A,N/A,N/A,N/A
367,1770570227941,Practice Sentence shown,HH_124_A,true,,,N/A,N/A,N/A,N/A,N/A,N/A,N/A
367,1770570233444,Practice Sentence shown,HH_134_A,true,,,N/A,N/A,N/A,N/A,N/A,N/A,N/A
367,1770570238947,Practice Sentence shown,HL_82_A,,,,N/A,N/A,N/A,N/A,N/A,N/A,N/A
367,1770570244451,Practice Sentence shown,HH_115_A,true,,,N/A,N/A,N/A,N/A,N/A,N/A,N/A
367,1770570249954,Practice Sentence shown,HL_66_A,,,,N/A,N/A,N/A,N/A,N/A,N/A,N/A
367,1770570255457,Practice Sentence shown,HH_124_P,true,,true,N/A,N/A,N/A,N/A,N/A,N/A,N/A
367,1770570257040,Practice IR pressed,HH_124_P,true,,true,Spacebar,1,N/A,1583,N/A,N/A,N/A
367,1770570259878,Practice WR pressed,HH_124_P,true,,true,No,N/A,1,N/A,2838,N/A,N/A
367,1770570261381,Practice Sentence shown,HL_67_A,,,,N/A,N/A,N/A,N/A,N/A,N/A,N/A
367,1770570266885,Practice Sentence shown,HL_95_A,,,,N/A,N/A,N/A,N/A,N/A,N/A,N/A
367,1770570272388,Practice Sentence shown,HH_134_A,true,,true,N/A,N/A,N/A,N/A,N/A,N/A,N/A
367,1770570273626,Practice IR pressed,HH_134_A,true,,true,Spacebar,1,N/A,1238,N/A,N/A,N/A
367,1770570277423,Practice WR pressed,HH_134_A,true,,true,No,N/A,0,N/A,3797,N/A,N/A
367,1770570280332,Practice Sentence shown,HH_115_A,true,,true,N/A,N/A,N/A,N/A,N/A,N/A,N/A
367,1770570282264,Practice IR pressed,HH_115_A,true,,true,Spacebar,1,N/A,1932,N/A,N/A,N/A
367,1770570283665,Practice WR pressed,HH_115_A,true,,true,Yes,N/A,1,N/A,1401,N/A,N/A
367,1770570285168,Practice Sentence shown,HL_93_A,,,,N/A,N/A,N/A,N/A,N/A,N/A,N/A
367,1770570290672,Practice Sentence shown,HH_107_A,true,,,N/A,N/A,N/A,N/A,N/A,N/A,N/A
367,1770570296175,Practice Sentence shown,HH_126_A,true,,,N/A,N/A,N/A,N/A,N/A,N/A,N/A
367,1770570301678,Practice Sentence shown,HH_126_P,true,,true,N/A,N/A,N/A,N/A,N/A,N/A,N/A
367,1770570303345,Practice IR pressed,HH_126_P,true,,true,Spacebar,1,N/A,1667,N/A,N/A,N/A
367,1770570305591,Practice WR pressed,HH_126_P,true,,true,No,N/A,1,N/A,2246,N/A,N/A
367,1770570307093,Practice Sentence shown,HH_107_P,true,,true,N/A,N/A,N/A,N/A,N/A,N/A,N/A
367,1770570308129,Practice IR pressed,HH_107_P,true,,true,Spacebar,1,N/A,1035,N/A,N/A,N/A
367,1770570310714,Practice WR pressed,HH_107_P,true,,true,No,N/A,1,N/A,2585,N/A,N/A
367,1770570357182,Sentence shown,HF_32_A,,,,N/A,N/A,N/A,N/A,N/A,N/A,N/A
367,1770570361184,gap_time,N/A,,,,GapTime_758,N/A,N/A,N/A,N/A,N/A,N/A
367,1770570361945,Sentence shown,HF_33_A,,,,N/A,N/A,N/A,N/A,N/A,N/A,N/A
367,1770570365946,gap_time,N/A,,,,GapTime_956,N/A,N/A,N/A,N/A,N/A,N/A
367,1770570366905,Sentence shown,HF_4_A,,,,N/A,N/A,N/A,N/A,N/A,N/A,N/A
367,1770570370906,gap_time,N/A,,,,GapTime_912,N/A,N/A,N/A,N/A,N/A,N/A
367,1770570371819,Sentence shown,HF_15_A,,,,N/A,N/A,N/A,N/A,N/A,N/A,N/A
367,1770570375821,gap_time,N/A,,,,GapTime_894,N/A,N/A,N/A,N/A,N/A,N/A
367,1770570376717,Sentence shown,HF_4_A,,true,true,N/A,N/A,N/A,N/A,N/A,N/A,N/A
367,1770570378205,Validation IR pressed,HF_4_A,,true,true,Spacebar,1,N/A,1488,N/A,N/A,N/A
367,1770570378205,IR pressed,HF_4_A,,true,true,Spacebar,1,N/A,1488,N/A,N/A,N/A
367,1770570385615,WR pressed,HF_4_A,,true,true,Yes,N/A,N/A,N/A,7410,N/A,N/A
367,1770570385616,gap_time,N/A,,true,true,GapTime_832,N/A,N/A,N/A,N/A,N/A,N/A
367,1770570386450,Sentence shown,HF_25_A,,,,N/A,N/A,N/A,N/A,N/A,N/A,N/A
367,1770570388349,Validation Wrong IR pressed,HF_25_A,,,,Spacebar,0,N/A,1899,N/A,N/A,N/A
367,1770570388349,IR pressed,HF_25_A,,,,Spacebar,0,N/A,1899,N/A,N/A,N/A
367,1770570389952,WR pressed,HF_25_A,,,,No,N/A,N/A,N/A,1602,N/A,N/A
367,1770570389953,gap_time,N/A,,,,GapTime_1231,N/A,N/A,N/A,N/A,N/A,N/A
367,1770570391187,Sentence shown,HF_15_A,,true,true,N/A,N/A,N/A,N/A,N/A,N/A,N/A
367,1770570392316,Validation IR pressed,HF_15_A,,true,true,Spacebar,1,N/A,1129,N/A,N/A,N/A
367,1770570392316,IR pressed,HF_15_A,,true,true,Spacebar,1,N/A,1129,N/A,N/A,N/A
367,1770570393276,WR pressed,HF_15_A,,true,true,Yes,N/A,N/A,N/A,960,N/A,N/A
367,1770570393277,gap_time,N/A,,true,true,GapTime_740,N/A,N/A,N/A,N/A,N/A,N/A
367,1770570394020,Sentence shown,HF_5_A,,,,N/A,N/A,N/A,N/A,N/A,N/A,N/A
367,1770570398021,gap_time,N/A,,,,GapTime_821,N/A,N/A,N/A,N/A,N/A,N/A
367,1770570398844,Sentence shown,HF_30_A,,,,N/A,N/A,N/A,N/A,N/A,N/A,N/A
367,1770570402846,gap_time,N/A,,,,GapTime_1239,N/A,N/A,N/A,N/A,N/A,N/A
367,1770570404087,Sentence shown,HF_5_A,,true,true,N/A,N/A,N/A,N/A,N/A,N/A,N/A
367,1770570405000,Validation IR pressed,HF_5_A,,true,true,Spacebar,1,N/A,913,N/A,N/A,N/A
367,1770570405000,IR pressed,HF_5_A,,true,true,Spacebar,1,N/A,913,N/A,N/A,N/A
367,1770570406062,WR pressed,HF_5_A,,true,true,Yes,N/A,N/A,N/A,1062,N/A,N/A
367,1770570406063,gap_time,N/A,,true,true,GapTime_1139,N/A,N/A,N/A,N/A,N/A,N/A
367,1770570407204,Sentence shown,HF_22_A,,,,N/A,N/A,N/A,N/A,N/A,N/A,N/A
367,1770570410091,Validation Wrong IR pressed,HF_22_A,,,,Spacebar,0,N/A,2887,N/A,N/A,N/A
367,1770570410091,IR pressed,HF_22_A,,,,Spacebar,0,N/A,2887,N/A,N/A,N/A
367,1770570412442,WR pressed,HF_22_A,,,,No,N/A,N/A,N/A,2351,N/A,N/A
367,1770570412443,gap_time,N/A,,,,GapTime_811,N/A,N/A,N/A,N/A,N/A,N/A
367,1770570413257,Sentence shown,HH_143_P,true,,,N/A,N/A,N/A,N/A,N/A,N/A,N/A
367,1770570417258,gap_time,N/A,true,,,GapTime_1274,N/A,N/A,N/A,N/A,N/A,N/A
367,1770570418534,Sentence shown,LVL_102_A,true,,,N/A,N/A,N/A,N/A,N/A,N/A,N/A
367,1770570422536,gap_time,N/A,true,,,GapTime_716,N/A,N/A,N/A,N/A,N/A,N/A
367,1770570423254,Sentence shown,LVL_129_P,true,,,N/A,N/A,N/A,N/A,N/A,N/A,N/A
367,1770570425905,Validation Wrong IR pressed,LVL_129_P,true,,,Spacebar,0,N/A,2651,N/A,N/A,N/A
367,1770570425905,IR pressed,LVL_129_P,true,,,Spacebar,0,N/A,2651,N/A,N/A,N/A
367,1770570427096,WR pressed,LVL_129_P,true,,,No,N/A,1,N/A,1191,N/A,N/A
367,1770570427096,gap_time,N/A,true,,,GapTime_714,N/A,N/A,N/A,N/A,N/A,N/A
367,1770570427813,Sentence shown,HF_6_A,,,,N/A,N/A,N/A,N/A,N/A,N/A,N/A
367,1770570431814,gap_time,N/A,,,,GapTime_1191,N/A,N/A,N/A,N/A,N/A,N/A
367,1770570433007,Sentence shown,HF_31_A,,,,N/A,N/A,N/A,N/A,N/A,N/A,N/A
367,1770570437009,gap_time,N/A,,,,GapTime_993,N/A,N/A,N/A,N/A,N/A,N/A
367,1770570438003,Sentence shown,HF_29_A,,,,N/A,N/A,N/A,N/A,N/A,N/A,N/A
367,1770570442004,gap_time,N/A,,,,GapTime_962,N/A,N/A,N/A,N/A,N/A,N/A
367,1770570442968,Sentence shown,HF_28_A,,,,N/A,N/A,N/A,N/A,N/A,N/A,N/A
367,1770570445610,Validation Wrong IR pressed,HF_28_A,,,,Spacebar,0,N/A,2642,N/A,N/A,N/A
367,1770570445610,IR pressed,HF_28_A,,,,Spacebar,0,N/A,2642,N/A,N/A,N/A
367,1770570446388,WR pressed,HF_28_A,,,,No,N/A,N/A,N/A,778,N/A,N/A
367,1770570446389,gap_time,N/A,,,,GapTime_1268,N/A,N/A,N/A,N/A,N/A,N/A
367,1770570447659,Sentence shown,HH_143_A,true,,true,N/A,N/A,N/A,N/A,N/A,N/A,N/A
367,1770570449052,IR pressed,HH_143_A,true,,true,Spacebar,1,N/A,1393,N/A,N/A,N/A
367,1770570452980,WR pressed,HH_143_A,true,,true,Yes,N/A,0,N/A,3927,N/A,N/A
367,1770570452980,gap_time,N/A,true,,true,GapTime_1108,N/A,N/A,N/A,N/A,N/A,N/A
367,1770570454091,Sentence shown,LVL_134_P,true,,,N/A,N/A,N/A,N/A,N/A,N/A,N/A
367,1770570458092,gap_time,N/A,true,,,GapTime_866,N/A,N/A,N/A,N/A,N/A,N/A
367,1770570458960,Sentence shown,HF_28_A,,true,true,N/A,N/A,N/A,N/A,N/A,N/A,N/A
367,1770570460364,Validation IR pressed,HF_28_A,,true,true,Spacebar,1,N/A,1404,N/A,N/A,N/A
367,1770570460364,IR pressed,HF_28_A,,true,true,Spacebar,1,N/A,1404,N/A,N/A,N/A
367,1770570461930,WR pressed,HF_28_A,,true,true,No,N/A,N/A,N/A,1566,N/A,N/A
367,1770570461930,gap_time,N/A,,true,true,GapTime_1171,N/A,N/A,N/A,N/A,N/A,N/A
367,1770570463103,Sentence shown,LVL_129_A,true,,true,N/A,N/A,N/A,N/A,N/A,N/A,N/A
367,1770570464714,IR pressed,LVL_129_A,true,,true,Spacebar,1,N/A,1611,N/A,N/A,N/A
367,1770570465581,WR pressed,LVL_129_A,true,,true,No,N/A,1,N/A,866,N/A,N/A
367,1770570465582,gap_time,N/A,true,,true,GapTime_839,N/A,N/A,N/A,N/A,N/A,N/A
367,1770570466423,Sentence shown,LVL_102_P,true,,true,N/A,N/A,N/A,N/A,N/A,N/A,N/A
367,1770570467506,IR pressed,LVL_102_P,true,,true,Spacebar,1,N/A,1083,N/A,N/A,N/A
367,1770570469672,WR pressed,LVL_102_P,true,,true,No,N/A,1,N/A,2166,N/A,N/A
367,1770570469673,gap_time,N/A,true,,true,GapTime_1135,N/A,N/A,N/A,N/A,N/A,N/A
367,1770570470810,Sentence shown,LVH_146_P,true,,,N/A,N/A,N/A,N/A,N/A,N/A,N/A
367,1770570474812,gap_time,N/A,true,,,GapTime_1004,N/A,N/A,N/A,N/A,N/A,N/A
367,1770570475818,Sentence shown,HF_27_A,,,,N/A,N/A,N/A,N/A,N/A,N/A,N/A
367,1770570479819,gap_time,N/A,,,,GapTime_914,N/A,N/A,N/A,N/A,N/A,N/A
367,1770570480735,Sentence shown,HVL_100_A,true,,,N/A,N/A,N/A,N/A,N/A,N/A,N/A
367,1770570481993,Validation Wrong IR pressed,HVL_100_A,true,,,Spacebar,0,N/A,1258,N/A,N/A,N/A
367,1770570481993,IR pressed,HVL_100_A,true,,,Spacebar,0,N/A,1258,N/A,N/A,N/A
367,1770570484681,WR pressed,HVL_100_A,true,,,No,N/A,0,N/A,2688,N/A,N/A
367,1770570484682,gap_time,N/A,true,,,GapTime_1139,N/A,N/A,N/A,N/A,N/A,N/A
367,1770570485823,Sentence shown,HF_23_A,,,,N/A,N/A,N/A,N/A,N/A,N/A,N/A
367,1770570489825,gap_time,N/A,,,,GapTime_1264,N/A,N/A,N/A,N/A,N/A,N/A
367,1770570491091,Sentence shown,HVL_123_P,true,,,N/A,N/A,N/A,N/A,N/A,N/A,N/A
367,1770570495092,gap_time,N/A,true,,,GapTime_1213,N/A,N/A,N/A,N/A,N/A,N/A
367,1770570496307,Sentence shown,HF_23_A,,true,true,N/A,N/A,N/A,N/A,N/A,N/A,N/A
367,1770570497647,Validation IR pressed,HF_23_A,,true,true,Spacebar,1,N/A,1339,N/A,N/A,N/A
367,1770570497647,IR pressed,HF_23_A,,true,true,Spacebar,1,N/A,1339,N/A,N/A,N/A
367,1770570498584,WR pressed,HF_23_A,,true,true,Yes,N/A,N/A,N/A,937,N/A,N/A
367,1770570498585,gap_time,N/A,,true,true,GapTime_1035,N/A,N/A,N/A,N/A,N/A,N/A
367,1770570499622,Sentence shown,LVL_134_P,true,,true,N/A,N/A,N/A,N/A,N/A,N/A,N/A
367,1770570501046,IR pressed,LVL_134_P,true,,true,Spacebar,1,N/A,1424,N/A,N/A,N/A
367,1770570503852,WR pressed,LVL_134_P,true,,true,Yes,N/A,1,N/A,2806,N/A,N/A
367,1770570503853,gap_time,N/A,true,,true,GapTime_1213,N/A,N/A,N/A,N/A,N/A,N/A
367,1770570505068,Sentence shown,HF_16_A,,,,N/A,N/A,N/A,N/A,N/A,N/A,N/A
367,1770570509070,gap_time,N/A,,,,GapTime_1271,N/A,N/A,N/A,N/A,N/A,N/A
367,1770570510342,Sentence shown,HF_16_A,,true,true,N/A,N/A,N/A,N/A,N/A,N/A,N/A
367,1770570511269,Validation IR pressed,HF_16_A,,true,true,Spacebar,1,N/A,927,N/A,N/A,N/A
367,1770570511269,IR pressed,HF_16_A,,true,true,Spacebar,1,N/A,927,N/A,N/A,N/A
367,1770570512463,WR pressed,HF_16_A,,true,true,Yes,N/A,N/A,N/A,1194,N/A,N/A
367,1770570512464,gap_time,N/A,,true,true,GapTime_754,N/A,N/A,N/A,N/A,N/A,N/A
367,1770570513219,Sentence shown,HH_160_A,true,,,N/A,N/A,N/A,N/A,N/A,N/A,N/A
367,1770570517221,gap_time,N/A,true,,,GapTime_1206,N/A,N/A,N/A,N/A,N/A,N/A
367,1770570518429,Sentence shown,LVH_146_P,true,,true,N/A,N/A,N/A,N/A,N/A,N/A,N/A
367,1770570519417,IR pressed,LVH_146_P,true,,true,Spacebar,1,N/A,988,N/A,N/A,N/A
367,1770570520194,WR pressed,LVH_146_P,true,,true,Yes,N/A,1,N/A,777,N/A,N/A
367,1770570520195,gap_time,N/A,true,,true,GapTime_1135,N/A,N/A,N/A,N/A,N/A,N/A
367,1770570521332,Sentence shown,HF_14_A,,,,N/A,N/A,N/A,N/A,N/A,N/A,N/A
367,1770570522455,Validation Wrong IR pressed,HF_14_A,,,,Spacebar,0,N/A,1123,N/A,N/A,N/A
367,1770570522455,IR pressed,HF_14_A,,,,Spacebar,0,N/A,1123,N/A,N/A,N/A
367,1770570523250,WR pressed,HF_14_A,,,,No,N/A,N/A,N/A,795,N/A,N/A
367,1770570523251,gap_time,N/A,,,,GapTime_857,N/A,N/A,N/A,N/A,N/A,N/A
367,1770570524110,Sentence shown,LVH_172_A,true,,,N/A,N/A,N/A,N/A,N/A,N/A,N/A
367,1770570528111,gap_time,N/A,true,,,GapTime_923,N/A,N/A,N/A,N/A,N/A,N/A
367,1770570529036,Sentence shown,HF_2_A,,,,N/A,N/A,N/A,N/A,N/A,N/A,N/A
367,1770570531178,Validation Wrong IR pressed,HF_2_A,,,,Spacebar,0,N/A,2142,N/A,N/A,N/A
367,1770570531178,IR pressed,HF_2_A,,,,Spacebar,0,N/A,2142,N/A,N/A,N/A
367,1770570531646,WR pressed,HF_2_A,,,,No,N/A,N/A,N/A,468,N/A,N/A
367,1770570531647,gap_time,N/A,,,,GapTime_1038,N/A,N/A,N/A,N/A,N/A,N/A
367,1770570532687,Sentence shown,HVL_123_A,true,,true,N/A,N/A,N/A,N/A,N/A,N/A,N/A
367,1770570533761,IR pressed,HVL_123_A,true,,true,Spacebar,1,N/A,1074,N/A,N/A,N/A
367,1770570535254,WR pressed,HVL_123_A,true,,true,No,N/A,1,N/A,1493,N/A,N/A
367,1770570535255,gap_time,N/A,true,,true,GapTime_1185,N/A,N/A,N/A,N/A,N/A,N/A
367,1770570536441,Sentence shown,HVL_100_A,true,,true,N/A,N/A,N/A,N/A,N/A,N/A,N/A
367,1770570537824,IR pressed,HVL_100_A,true,,true,Spacebar,1,N/A,1383,N/A,N/A,N/A
367,1770570538481,WR pressed,HVL_100_A,true,,true,Yes,N/A,1,N/A,657,N/A,N/A
367,1770570538482,gap_time,N/A,true,,true,GapTime_711,N/A,N/A,N/A,N/A,N/A,N/A
367,1770570539195,Sentence shown,HF_1_A,,,,N/A,N/A,N/A,N/A,N/A,N/A,N/A
367,1770570540597,Validation Wrong IR pressed,HF_1_A,,,,Spacebar,0,N/A,1402,N/A,N/A,N/A
367,1770570540597,IR pressed,HF_1_A,,,,Spacebar,0,N/A,1402,N/A,N/A,N/A
367,1770570542893,WR pressed,HF_1_A,,,,No,N/A,N/A,N/A,2296,N/A,N/A
367,1770570542894,gap_time,N/A,,,,GapTime_1122,N/A,N/A,N/A,N/A,N/A,N/A
367,1770570544017,Sentence shown,HF_13_A,,,,N/A,N/A,N/A,N/A,N/A,N/A,N/A
367,1770570545478,Validation Wrong IR pressed,HF_13_A,,,,Spacebar,0,N/A,1461,N/A,N/A,N/A
367,1770570545478,IR pressed,HF_13_A,,,,Spacebar,0,N/A,1461,N/A,N/A,N/A
367,1770570547022,WR pressed,HF_13_A,,,,No,N/A,N/A,N/A,1544,N/A,N/A
367,1770570547023,gap_time,N/A,,,,GapTime_727,N/A,N/A,N/A,N/A,N/A,N/A
367,1770570547752,Sentence shown,HH_159_A,true,,,N/A,N/A,N/A,N/A,N/A,N/A,N/A
367,1770570551754,gap_time,N/A,true,,,GapTime_1101,N/A,N/A,N/A,N/A,N/A,N/A
367,1770570552857,Sentence shown,HF_1_A,,true,true,N/A,N/A,N/A,N/A,N/A,N/A,N/A
367,1770570554741,Validation IR pressed,HF_1_A,,true,true,Spacebar,1,N/A,1883,N/A,N/A,N/A
367,1770570554741,IR pressed,HF_1_A,,true,true,Spacebar,1,N/A,1883,N/A,N/A,N/A
367,1770570556953,WR pressed,HF_1_A,,true,true,Yes,N/A,N/A,N/A,2212,N/A,N/A
367,1770570556954,gap_time,N/A,,true,true,GapTime_1276,N/A,N/A,N/A,N/A,N/A,N/A
367,1770570558232,Sentence shown,HH_160_A,true,,true,N/A,N/A,N/A,N/A,N/A,N/A,N/A
367,1770570559219,IR pressed,HH_160_A,true,,true,Spacebar,1,N/A,986,N/A,N/A,N/A
367,1770570559893,WR pressed,HH_160_A,true,,true,Yes,N/A,1,N/A,674,N/A,N/A
367,1770570559894,gap_time,N/A,true,,true,GapTime_869,N/A,N/A,N/A,N/A,N/A,N/A
367,1770570560765,Sentence shown,LVH_172_P,true,,true,N/A,N/A,N/A,N/A,N/A,N/A,N/A
367,1770570561796,IR pressed,LVH_172_P,true,,true,Spacebar,1,N/A,1031,N/A,N/A,N/A
367,1770570564094,WR pressed,LVH_172_P,true,,true,No,N/A,1,N/A,2298,N/A,N/A
367,1770570564095,gap_time,N/A,true,,true,GapTime_860,N/A,N/A,N/A,N/A,N/A,N/A
367,1770570564957,Sentence shown,HVL_106_A,true,,,N/A,N/A,N/A,N/A,N/A,N/A,N/A
367,1770570566481,Validation Wrong IR pressed,HVL_106_A,true,,,Spacebar,0,N/A,1524,N/A,N/A,N/A
367,1770570566481,IR pressed,HVL_106_A,true,,,Spacebar,0,N/A,1524,N/A,N/A,N/A
367,1770570567393,WR pressed,HVL_106_A,true,,,No,N/A,1,N/A,912,N/A,N/A
367,1770570567394,gap_time,N/A,true,,,GapTime_808,N/A,N/A,N/A,N/A,N/A,N/A
367,1770570568204,Sentence shown,HF_24_A,,,,N/A,N/A,N/A,N/A,N/A,N/A,N/A
367,1770570572205,gap_time,N/A,,,,GapTime_1281,N/A,N/A,N/A,N/A,N/A,N/A
367,1770570573488,Sentence shown,HH_185_P,true,,,N/A,N/A,N/A,N/A,N/A,N/A,N/A
367,1770570577490,gap_time,N/A,true,,,GapTime_1163,N/A,N/A,N/A,N/A,N/A,N/A
367,1770570578655,Sentence shown,HF_20_A,,,,N/A,N/A,N/A,N/A,N/A,N/A,N/A
367,1770570582656,gap_time,N/A,,,,GapTime_1162,N/A,N/A,N/A,N/A,N/A,N/A
367,1770570583820,Sentence shown,LVH_118_A,true,,,N/A,N/A,N/A,N/A,N/A,N/A,N/A
367,1770570587822,gap_time,N/A,true,,,GapTime_792,N/A,N/A,N/A,N/A,N/A,N/A
367,1770570588616,Sentence shown,HF_8_A,,,,N/A,N/A,N/A,N/A,N/A,N/A,N/A
367,1770570592618,gap_time,N/A,,,,GapTime_1069,N/A,N/A,N/A,N/A,N/A,N/A
367,1770570593689,Sentence shown,HF_20_A,,true,true,N/A,N/A,N/A,N/A,N/A,N/A,N/A
367,1770570594584,Validation IR pressed,HF_20_A,,true,true,Spacebar,1,N/A,895,N/A,N/A,N/A
367,1770570594584,IR pressed,HF_20_A,,true,true,Spacebar,1,N/A,895,N/A,N/A,N/A
367,1770570595366,WR pressed,HF_20_A,,true,true,Yes,N/A,N/A,N/A,782,N/A,N/A
367,1770570595367,gap_time,N/A,,true,true,GapTime_939,N/A,N/A,N/A,N/A,N/A,N/A
367,1770570596308,Sentence shown,HF_8_A,,true,true,N/A,N/A,N/A,N/A,N/A,N/A,N/A
367,1770570597179,Validation IR pressed,HF_8_A,,true,true,Spacebar,1,N/A,871,N/A,N/A,N/A
367,1770570597179,IR pressed,HF_8_A,,true,true,Spacebar,1,N/A,871,N/A,N/A,N/A
367,1770570598098,WR pressed,HF_8_A,,true,true,Yes,N/A,N/A,N/A,919,N/A,N/A
367,1770570598099,gap_time,N/A,,true,true,GapTime_874,N/A,N/A,N/A,N/A,N/A,N/A
367,1770570598975,Sentence shown,LVL_123_A,true,,,N/A,N/A,N/A,N/A,N/A,N/A,N/A
367,1770570602976,gap_time,N/A,true,,,GapTime_813,N/A,N/A,N/A,N/A,N/A,N/A
367,1770570603791,Sentence shown,HH_159_P,true,,true,N/A,N/A,N/A,N/A,N/A,N/A,N/A
367,1770570605864,IR pressed,HH_159_P,true,,true,Spacebar,1,N/A,2073,N/A,N/A,N/A
367,1770570607027,WR pressed,HH_159_P,true,,true,No,N/A,1,N/A,1163,N/A,N/A
367,1770570607028,gap_time,N/A,true,,true,GapTime_1040,N/A,N/A,N/A,N/A,N/A,N/A
367,1770570608070,Sentence shown,HVL_106_P,true,,true,N/A,N/A,N/A,N/A,N/A,N/A,N/A
367,1770570608992,IR pressed,HVL_106_P,true,,true,Spacebar,1,N/A,922,N/A,N/A,N/A
367,1770570610421,WR pressed,HVL_106_P,true,,true,Yes,N/A,0,N/A,1429,N/A,N/A
367,1770570610421,gap_time,N/A,true,,true,GapTime_709,N/A,N/A,N/A,N/A,N/A,N/A
367,1770570611132,Sentence shown,LVH_105_P,true,,,N/A,N/A,N/A,N/A,N/A,N/A,N/A
367,1770570615134,gap_time,N/A,true,,,GapTime_870,N/A,N/A,N/A,N/A,N/A,N/A
367,1770570616007,Sentence shown,HF_10_A,,,,N/A,N/A,N/A,N/A,N/A,N/A,N/A
367,1770570620008,gap_time,N/A,,,,GapTime_988,N/A,N/A,N/A,N/A,N/A,N/A
367,1770570620998,Sentence shown,HF_26_A,,,,N/A,N/A,N/A,N/A,N/A,N/A,N/A
367,1770570622448,Validation Wrong IR pressed,HF_26_A,,,,Spacebar,0,N/A,1450,N/A,N/A,N/A
367,1770570622448,IR pressed,HF_26_A,,,,Spacebar,0,N/A,1450,N/A,N/A,N/A
367,1770570624017,WR pressed,HF_26_A,,,,No,N/A,N/A,N/A,1569,N/A,N/A
367,1770570624018,gap_time,N/A,,,,GapTime_1213,N/A,N/A,N/A,N/A,N/A,N/A
367,1770570625233,Sentence shown,HH_185_P,true,,true,N/A,N/A,N/A,N/A,N/A,N/A,N/A
367,1770570626097,IR pressed,HH_185_P,true,,true,Spacebar,1,N/A,864,N/A,N/A,N/A
367,1770570626729,WR pressed,HH_185_P,true,,true,Yes,N/A,1,N/A,632,N/A,N/A
367,1770570626730,gap_time,N/A,true,,true,GapTime_832,N/A,N/A,N/A,N/A,N/A,N/A
367,1770570627564,Sentence shown,HF_26_A,,true,true,N/A,N/A,N/A,N/A,N/A,N/A,N/A
367,1770570628482,Validation IR pressed,HF_26_A,,true,true,Spacebar,1,N/A,918,N/A,N/A,N/A
367,1770570628482,IR pressed,HF_26_A,,true,true,Spacebar,1,N/A,918,N/A,N/A,N/A
367,1770570629171,WR pressed,HF_26_A,,true,true,Yes,N/A,N/A,N/A,689,N/A,N/A
367,1770570629172,gap_time,N/A,,true,true,GapTime_1007,N/A,N/A,N/A,N/A,N/A,N/A
367,1770570630181,Sentence shown,HF_7_A,,,,N/A,N/A,N/A,N/A,N/A,N/A,N/A
367,1770570633048,Validation Wrong IR pressed,HF_7_A,,,,Spacebar,0,N/A,2867,N/A,N/A,N/A
367,1770570633048,IR pressed,HF_7_A,,,,Spacebar,0,N/A,2867,N/A,N/A,N/A
367,1770570633784,WR pressed,HF_7_A,,,,No,N/A,N/A,N/A,736,N/A,N/A
367,1770570633785,gap_time,N/A,,,,GapTime_1029,N/A,N/A,N/A,N/A,N/A,N/A
367,1770570634816,Sentence shown,LVH_118_A,true,,true,N/A,N/A,N/A,N/A,N/A,N/A,N/A
367,1770570636292,IR pressed,LVH_118_A,true,,true,Spacebar,1,N/A,1476,N/A,N/A,N/A
367,1770570639729,WR pressed,LVH_118_A,true,,true,No,N/A,0,N/A,3437,N/A,N/A
367,1770570639729,gap_time,N/A,true,,true,GapTime_851,N/A,N/A,N/A,N/A,N/A,N/A
367,1770570640582,Sentence shown,HF_12_A,,,,N/A,N/A,N/A,N/A,N/A,N/A,N/A
367,1770570643021,Validation Wrong IR pressed,HF_12_A,,,,Spacebar,0,N/A,2438,N/A,N/A,N/A
367,1770570643021,IR pressed,HF_12_A,,,,Spacebar,0,N/A,2438,N/A,N/A,N/A
367,1770570644078,WR pressed,HF_12_A,,,,No,N/A,N/A,N/A,1057,N/A,N/A
367,1770570644079,gap_time,N/A,,,,GapTime_954,N/A,N/A,N/A,N/A,N/A,N/A
367,1770570645035,Sentence shown,LVH_105_A,true,,true,N/A,N/A,N/A,N/A,N/A,N/A,N/A
367,1770570646573,IR pressed,LVH_105_A,true,,true,Spacebar,1,N/A,1538,N/A,N/A,N/A
367,1770570648070,WR pressed,LVH_105_A,true,,true,Yes,N/A,0,N/A,1497,N/A,N/A
367,1770570648071,gap_time,N/A,true,,true,GapTime_1226,N/A,N/A,N/A,N/A,N/A,N/A
367,1770570649299,Sentence shown,HF_18_A,,,,N/A,N/A,N/A,N/A,N/A,N/A,N/A
367,1770570652282,Validation Wrong IR pressed,HF_18_A,,,,Spacebar,0,N/A,2983,N/A,N/A,N/A
367,1770570652282,IR pressed,HF_18_A,,,,Spacebar,0,N/A,2983,N/A,N/A,N/A
367,1770570653174,WR pressed,HF_18_A,,,,No,N/A,N/A,N/A,892,N/A,N/A
367,1770570653175,gap_time,N/A,,,,GapTime_871,N/A,N/A,N/A,N/A,N/A,N/A
367,1770570654048,Sentence shown,LVL_123_A,true,,true,N/A,N/A,N/A,N/A,N/A,N/A,N/A
367,1770570656436,IR pressed,LVL_123_A,true,,true,Spacebar,1,N/A,2388,N/A,N/A,N/A
367,1770570657140,WR pressed,LVL_123_A,true,,true,Yes,N/A,1,N/A,704,N/A,N/A
367,1770570657141,gap_time,N/A,true,,true,GapTime_1274,N/A,N/A,N/A,N/A,N/A,N/A
367,1770570658417,Sentence shown,HF_11_A,,,,N/A,N/A,N/A,N/A,N/A,N/A,N/A
367,1770570659717,Validation Wrong IR pressed,HF_11_A,,,,Spacebar,0,N/A,1300,N/A,N/A,N/A
367,1770570659717,IR pressed,HF_11_A,,,,Spacebar,0,N/A,1300,N/A,N/A,N/A
367,1770570660308,WR pressed,HF_11_A,,,,No,N/A,N/A,N/A,591,N/A,N/A
367,1770570660309,gap_time,N/A,,,,GapTime_1026,N/A,N/A,N/A,N/A,N/A,N/A
367,1770570661337,Sentence shown,HF_9_A,,,,N/A,N/A,N/A,N/A,N/A,N/A,N/A
367,1770570662591,Validation Wrong IR pressed,HF_9_A,,,,Spacebar,0,N/A,1254,N/A,N/A,N/A
367,1770570662591,IR pressed,HF_9_A,,,,Spacebar,0,N/A,1254,N/A,N/A,N/A
367,1770570663148,WR pressed,HF_9_A,,,,No,N/A,N/A,N/A,557,N/A,N/A
367,1770570663149,gap_time,N/A,,,,GapTime_735,N/A,N/A,N/A,N/A,N/A,N/A
367,1770570663886,Sentence shown,HF_19_A,,,,N/A,N/A,N/A,N/A,N/A,N/A,N/A
367,1770570665778,Validation Wrong IR pressed,HF_19_A,,,,Spacebar,0,N/A,1892,N/A,N/A,N/A
367,1770570665778,IR pressed,HF_19_A,,,,Spacebar,0,N/A,1892,N/A,N/A,N/A
367,1770570666983,WR pressed,HF_19_A,,,,Yes,N/A,N/A,N/A,1205,N/A,N/A
367,1770570666984,gap_time,N/A,,,,GapTime_862,N/A,N/A,N/A,N/A,N/A,N/A
367,1770570667848,Sentence shown,HF_21_A,,,,N/A,N/A,N/A,N/A,N/A,N/A,N/A
367,1770570671849,gap_time,N/A,,,,GapTime_1260,N/A,N/A,N/A,N/A,N/A,N/A
367,1770570673111,Sentence shown,HF_17_A,,,,N/A,N/A,N/A,N/A,N/A,N/A,N/A
367,1770570675036,Validation Wrong IR pressed,HF_17_A,,,,Spacebar,0,N/A,1924,N/A,N/A,N/A
367,1770570675036,IR pressed,HF_17_A,,,,Spacebar,0,N/A,1924,N/A,N/A,N/A
367,1770570675669,WR pressed,HF_17_A,,,,No,N/A,N/A,N/A,633,N/A,N/A
367,1770570675670,gap_time,N/A,,,,GapTime_912,N/A,N/A,N/A,N/A,N/A,N/A
367,1770570676584,Sentence shown,HVL_117_P,true,,,N/A,N/A,N/A,N/A,N/A,N/A,N/A
367,1770570680585,gap_time,N/A,true,,,GapTime_1001,N/A,N/A,N/A,N/A,N/A,N/A
367,1770570681588,Sentence shown,HVL_117_P,true,,true,N/A,N/A,N/A,N/A,N/A,N/A,N/A
367,1770570682536,IR pressed,HVL_117_P,true,,true,Spacebar,1,N/A,948,N/A,N/A,N/A
367,1770570682968,WR pressed,HVL_117_P,true,,true,Yes,N/A,1,N/A,432,N/A,N/A
367,1770570682969,gap_time,N/A,true,,true,GapTime_767,N/A,N/A,N/A,N/A,N/A,N/A
367,1770570683738,Rest Phase started,N/A,true,,true,Rest,N/A,N/A,N/A,N/A,N/A,N/A
367,1770570700994,Sentence shown,HVL_102_A,true,,,N/A,N/A,N/A,N/A,N/A,N/A,N/A
367,1770570704996,gap_time,N/A,true,,,GapTime_747,N/A,N/A,N/A,N/A,N/A,N/A
367,1770570705745,Sentence shown,LVL_101_A,true,,,N/A,N/A,N/A,N/A,N/A,N/A,N/A
367,1770570709746,gap_time,N/A,true,,,GapTime_831,N/A,N/A,N/A,N/A,N/A,N/A
367,1770570710579,Sentence shown,HF_34_A,,,,N/A,N/A,N/A,N/A,N/A,N/A,N/A
367,1770570714580,gap_time,N/A,,,,GapTime_766,N/A,N/A,N/A,N/A,N/A,N/A
367,1770570715348,Sentence shown,HF_35_A,,,,N/A,N/A,N/A,N/A,N/A,N/A,N/A
367,1770570719350,gap_time,N/A,,,,GapTime_891,N/A,N/A,N/A,N/A,N/A,N/A
367,1770570720242,Sentence shown,HF_34_A,,true,true,N/A,N/A,N/A,N/A,N/A,N/A,N/A
367,1770570721247,Validation IR pressed,HF_34_A,,true,true,Spacebar,1,N/A,1004,N/A,N/A,N/A
367,1770570721247,IR pressed,HF_34_A,,true,true,Spacebar,1,N/A,1004,N/A,N/A,N/A
367,1770570721803,WR pressed,HF_34_A,,true,true,Yes,N/A,N/A,N/A,556,N/A,N/A
367,1770570721804,gap_time,N/A,,true,true,GapTime_991,N/A,N/A,N/A,N/A,N/A,N/A
367,1770570722797,Sentence shown,HF_35_A,,true,true,N/A,N/A,N/A,N/A,N/A,N/A,N/A
367,1770570723520,Validation IR pressed,HF_35_A,,true,true,Spacebar,1,N/A,723,N/A,N/A,N/A
367,1770570723520,IR pressed,HF_35_A,,true,true,Spacebar,1,N/A,723,N/A,N/A,N/A
367,1770570724019,WR pressed,HF_35_A,,true,true,Yes,N/A,N/A,N/A,499,N/A,N/A
367,1770570724020,gap_time,N/A,,true,true,GapTime_947,N/A,N/A,N/A,N/A,N/A,N/A
367,1770570724968,Sentence shown,HVL_109_P,true,,,N/A,N/A,N/A,N/A,N/A,N/A,N/A
367,1770570728970,gap_time,N/A,true,,,GapTime_1215,N/A,N/A,N/A,N/A,N/A,N/A
367,1770570730187,Sentence shown,HVL_102_A,true,,true,N/A,N/A,N/A,N/A,N/A,N/A,N/A
367,1770570734188,gap_time,N/A,true,,true,GapTime_1146,N/A,N/A,N/A,N/A,N/A,N/A
367,1770570735336,Sentence shown,HF_55_A,,,,N/A,N/A,N/A,N/A,N/A,N/A,N/A
367,1770570737793,Validation Wrong IR pressed,HF_55_A,,,,Spacebar,0,N/A,2457,N/A,N/A,N/A
367,1770570737793,IR pressed,HF_55_A,,,,Spacebar,0,N/A,2457,N/A,N/A,N/A
367,1770570738681,WR pressed,HF_55_A,,,,No,N/A,N/A,N/A,888,N/A,N/A
367,1770570738682,gap_time,N/A,,,,GapTime_947,N/A,N/A,N/A,N/A,N/A,N/A
367,1770570739630,Sentence shown,LVL_101_P,true,,true,N/A,N/A,N/A,N/A,N/A,N/A,N/A
367,1770570741212,IR pressed,LVL_101_P,true,,true,Spacebar,1,N/A,1582,N/A,N/A,N/A
367,1770570741654,WR pressed,LVL_101_P,true,,true,No,N/A,1,N/A,442,N/A,N/A
367,1770570741654,gap_time,N/A,true,,true,GapTime_787,N/A,N/A,N/A,N/A,N/A,N/A
367,1770570742443,Sentence shown,HF_47_A,,,,N/A,N/A,N/A,N/A,N/A,N/A,N/A
367,1770570746445,gap_time,N/A,,,,GapTime_1066,N/A,N/A,N/A,N/A,N/A,N/A
367,1770570747513,Sentence shown,HF_49_A,,,,N/A,N/A,N/A,N/A,N/A,N/A,N/A
367,1770570751514,gap_time,N/A,,,,GapTime_1203,N/A,N/A,N/A,N/A,N/A,N/A
367,1770570752719,Sentence shown,HF_36_A,,,,N/A,N/A,N/A,N/A,N/A,N/A,N/A
367,1770570755200,Validation Wrong IR pressed,HF_36_A,,,,Spacebar,0,N/A,2481,N/A,N/A,N/A
367,1770570755200,IR pressed,HF_36_A,,,,Spacebar,0,N/A,2481,N/A,N/A,N/A
367,1770570755719,WR pressed,HF_36_A,,,,No,N/A,N/A,N/A,519,N/A,N/A
367,1770570755720,gap_time,N/A,,,,GapTime_1146,N/A,N/A,N/A,N/A,N/A,N/A
367,1770570756868,Sentence shown,LVL_143_A,true,,,N/A,N/A,N/A,N/A,N/A,N/A,N/A
367,1770570760870,gap_time,N/A,true,,,GapTime_1293,N/A,N/A,N/A,N/A,N/A,N/A
367,1770570762165,Sentence shown,HF_54_A,,,,N/A,N/A,N/A,N/A,N/A,N/A,N/A
367,1770570766166,gap_time,N/A,,,,GapTime_740,N/A,N/A,N/A,N/A,N/A,N/A
367,1770570766908,Sentence shown,HF_37_A,,,,N/A,N/A,N/A,N/A,N/A,N/A,N/A
367,1770570768772,Validation Wrong IR pressed,HF_37_A,,,,Spacebar,0,N/A,1864,N/A,N/A,N/A
367,1770570768772,IR pressed,HF_37_A,,,,Spacebar,0,N/A,1864,N/A,N/A,N/A
367,1770570769204,WR pressed,HF_37_A,,,,No,N/A,N/A,N/A,432,N/A,N/A
367,1770570769205,gap_time,N/A,,,,GapTime_1186,N/A,N/A,N/A,N/A,N/A,N/A
367,1770570770393,Sentence shown,HVL_109_A,true,,true,N/A,N/A,N/A,N/A,N/A,N/A,N/A
367,1770570772029,IR pressed,HVL_109_A,true,,true,Spacebar,1,N/A,1636,N/A,N/A,N/A
367,1770570772480,WR pressed,HVL_109_A,true,,true,No,N/A,1,N/A,450,N/A,N/A
367,1770570772480,gap_time,N/A,true,,true,GapTime_834,N/A,N/A,N/A,N/A,N/A,N/A
367,1770570773316,Sentence shown,LVH_144_P,true,,,N/A,N/A,N/A,N/A,N/A,N/A,N/A
367,1770570777318,gap_time,N/A,true,,,GapTime_1087,N/A,N/A,N/A,N/A,N/A,N/A
367,1770570778407,Sentence shown,HF_53_A,,,,N/A,N/A,N/A,N/A,N/A,N/A,N/A
367,1770570782409,gap_time,N/A,,,,GapTime_872,N/A,N/A,N/A,N/A,N/A,N/A
367,1770570783283,Sentence shown,LVL_105_P,true,,,N/A,N/A,N/A,N/A,N/A,N/A,N/A
367,1770570787284,gap_time,N/A,true,,,GapTime_709,N/A,N/A,N/A,N/A,N/A,N/A
367,1770570787995,Sentence shown,HH_138_A,true,,,N/A,N/A,N/A,N/A,N/A,N/A,N/A
367,1770570791996,gap_time,N/A,true,,,GapTime_808,N/A,N/A,N/A,N/A,N/A,N/A
367,1770570792806,Sentence shown,HF_53_A,,true,true,N/A,N/A,N/A,N/A,N/A,N/A,N/A
367,1770570795088,Validation IR pressed,HF_53_A,,true,true,Spacebar,1,N/A,2282,N/A,N/A,N/A
367,1770570795088,IR pressed,HF_53_A,,true,true,Spacebar,1,N/A,2282,N/A,N/A,N/A
367,1770570795652,WR pressed,HF_53_A,,true,true,No,N/A,N/A,N/A,564,N/A,N/A
367,1770570795653,gap_time,N/A,,true,true,GapTime_1109,N/A,N/A,N/A,N/A,N/A,N/A
367,1770570796764,Sentence shown,LVL_143_A,true,,true,N/A,N/A,N/A,N/A,N/A,N/A,N/A
367,1770570798376,IR pressed,LVL_143_A,true,,true,Spacebar,1,N/A,1612,N/A,N/A,N/A
367,1770570800253,WR pressed,LVL_143_A,true,,true,Yes,N/A,1,N/A,1877,N/A,N/A
367,1770570800254,gap_time,N/A,true,,true,GapTime_1118,N/A,N/A,N/A,N/A,N/A,N/A
367,1770570801374,Sentence shown,HF_38_A,,,,N/A,N/A,N/A,N/A,N/A,N/A,N/A
367,1770570803312,Validation Wrong IR pressed,HF_38_A,,,,Spacebar,0,N/A,1938,N/A,N/A,N/A
367,1770570803312,IR pressed,HF_38_A,,,,Spacebar,0,N/A,1938,N/A,N/A,N/A
367,1770570803871,WR pressed,HF_38_A,,,,Yes,N/A,N/A,N/A,559,N/A,N/A
367,1770570803872,gap_time,N/A,,,,GapTime_804,N/A,N/A,N/A,N/A,N/A,N/A
367,1770570804677,Sentence shown,HF_46_A,,,,N/A,N/A,N/A,N/A,N/A,N/A,N/A
367,1770570808679,gap_time,N/A,,,,GapTime_1004,N/A,N/A,N/A,N/A,N/A,N/A
367,1770570809685,Sentence shown,HH_170_P,true,,,N/A,N/A,N/A,N/A,N/A,N/A,N/A
367,1770570813686,gap_time,N/A,true,,,GapTime_1011,N/A,N/A,N/A,N/A,N/A,N/A
367,1770570814699,Sentence shown,HF_38_A,,true,true,N/A,N/A,N/A,N/A,N/A,N/A,N/A
367,1770570815636,Validation IR pressed,HF_38_A,,true,true,Spacebar,1,N/A,937,N/A,N/A,N/A
367,1770570815636,IR pressed,HF_38_A,,true,true,Spacebar,1,N/A,937,N/A,N/A,N/A
367,1770570816152,WR pressed,HF_38_A,,true,true,Yes,N/A,N/A,N/A,516,N/A,N/A
367,1770570816153,gap_time,N/A,,true,true,GapTime_722,N/A,N/A,N/A,N/A,N/A,N/A
367,1770570816877,Sentence shown,LVL_105_A,true,,true,N/A,N/A,N/A,N/A,N/A,N/A,N/A
367,1770570817819,IR pressed,LVL_105_A,true,,true,Spacebar,1,N/A,942,N/A,N/A,N/A
367,1770570818372,WR pressed,LVL_105_A,true,,true,Yes,N/A,0,N/A,553,N/A,N/A
367,1770570818373,gap_time,N/A,true,,true,GapTime_780,N/A,N/A,N/A,N/A,N/A,N/A
367,1770570819154,Sentence shown,HF_42_A,,,,N/A,N/A,N/A,N/A,N/A,N/A,N/A
367,1770570823156,gap_time,N/A,,,,GapTime_887,N/A,N/A,N/A,N/A,N/A,N/A
367,1770570824045,Sentence shown,LVH_144_A,true,,true,N/A,N/A,N/A,N/A,N/A,N/A,N/A
367,1770570825427,IR pressed,LVH_144_A,true,,true,Spacebar,1,N/A,1382,N/A,N/A,N/A
367,1770570826092,WR pressed,LVH_144_A,true,,true,No,N/A,1,N/A,665,N/A,N/A
367,1770570826093,gap_time,N/A,true,,true,GapTime_1279,N/A,N/A,N/A,N/A,N/A,N/A
367,1770570827374,Sentence shown,HH_183_P,true,,,N/A,N/A,N/A,N/A,N/A,N/A,N/A
367,1770570831376,gap_time,N/A,true,,,GapTime_939,N/A,N/A,N/A,N/A,N/A,N/A
367,1770570832317,Sentence shown,LVL_136_P,true,,,N/A,N/A,N/A,N/A,N/A,N/A,N/A
367,1770570836318,gap_time,N/A,true,,,GapTime_1142,N/A,N/A,N/A,N/A,N/A,N/A
367,1770570837462,Sentence shown,HF_50_A,,,,N/A,N/A,N/A,N/A,N/A,N/A,N/A
367,1770570839571,Validation Wrong IR pressed,HF_50_A,,,,Spacebar,0,N/A,2109,N/A,N/A,N/A
367,1770570839571,IR pressed,HF_50_A,,,,Spacebar,0,N/A,2109,N/A,N/A,N/A
367,1770570840015,WR pressed,HF_50_A,,,,No,N/A,N/A,N/A,444,N/A,N/A
367,1770570840016,gap_time,N/A,,,,GapTime_1253,N/A,N/A,N/A,N/A,N/A,N/A
367,1770570841271,Sentence shown,HH_138_P,true,,true,N/A,N/A,N/A,N/A,N/A,N/A,N/A
367,1770570843512,IR pressed,HH_138_P,true,,true,Spacebar,1,N/A,2241,N/A,N/A,N/A
367,1770570844042,WR pressed,HH_138_P,true,,true,No,N/A,1,N/A,529,N/A,N/A
367,1770570844043,gap_time,N/A,true,,true,GapTime_881,N/A,N/A,N/A,N/A,N/A,N/A
367,1770570844925,Sentence shown,HF_39_A,,,,N/A,N/A,N/A,N/A,N/A,N/A,N/A
367,1770570847266,Validation Wrong IR pressed,HF_39_A,,,,Spacebar,0,N/A,2341,N/A,N/A,N/A
367,1770570847266,IR pressed,HF_39_A,,,,Spacebar,0,N/A,2341,N/A,N/A,N/A
367,1770570847652,WR pressed,HF_39_A,,,,No,N/A,N/A,N/A,386,N/A,N/A
367,1770570847653,gap_time,N/A,,,,GapTime_1000,N/A,N/A,N/A,N/A,N/A,N/A
367,1770570848655,Sentence shown,HF_65_A,,,,N/A,N/A,N/A,N/A,N/A,N/A,N/A
367,1770570851239,Validation Wrong IR pressed,HF_65_A,,,,Spacebar,0,N/A,2584,N/A,N/A,N/A
367,1770570851239,IR pressed,HF_65_A,,,,Spacebar,0,N/A,2584,N/A,N/A,N/A
367,1770570851590,WR pressed,HF_65_A,,,,No,N/A,N/A,N/A,351,N/A,N/A
367,1770570851591,gap_time,N/A,,,,GapTime_797,N/A,N/A,N/A,N/A,N/A,N/A
367,1770570852390,Sentence shown,HF_51_A,,,,N/A,N/A,N/A,N/A,N/A,N/A,N/A
367,1770570856391,gap_time,N/A,,,,GapTime_711,N/A,N/A,N/A,N/A,N/A,N/A
367,1770570857104,Sentence shown,HF_39_A,,true,true,N/A,N/A,N/A,N/A,N/A,N/A,N/A
367,1770570858134,Validation IR pressed,HF_39_A,,true,true,Spacebar,1,N/A,1029,N/A,N/A,N/A
367,1770570858134,IR pressed,HF_39_A,,true,true,Spacebar,1,N/A,1029,N/A,N/A,N/A
367,1770570858582,WR pressed,HF_39_A,,true,true,Yes,N/A,N/A,N/A,448,N/A,N/A
367,1770570858582,gap_time,N/A,,true,true,GapTime_931,N/A,N/A,N/A,N/A,N/A,N/A
367,1770570859515,Sentence shown,HH_170_A,true,,true,N/A,N/A,N/A,N/A,N/A,N/A,N/A
367,1770570862778,IR pressed,HH_170_A,true,,true,Spacebar,1,N/A,3263,N/A,N/A,N/A
367,1770570863286,WR pressed,HH_170_A,true,,true,No,N/A,1,N/A,508,N/A,N/A
367,1770570863287,gap_time,N/A,true,,true,GapTime_887,N/A,N/A,N/A,N/A,N/A,N/A
367,1770570864176,Sentence shown,HF_58_A,,,,N/A,N/A,N/A,N/A,N/A,N/A,N/A
367,1770570866300,Validation Wrong IR pressed,HF_58_A,,,,Spacebar,0,N/A,2123,N/A,N/A,N/A
367,1770570866300,IR pressed,HF_58_A,,,,Spacebar,0,N/A,2123,N/A,N/A,N/A
367,1770570866672,WR pressed,HF_58_A,,,,No,N/A,N/A,N/A,372,N/A,N/A
367,1770570866673,gap_time,N/A,,,,GapTime_852,N/A,N/A,N/A,N/A,N/A,N/A
367,1770570867526,Sentence shown,HF_51_A,,true,true,N/A,N/A,N/A,N/A,N/A,N/A,N/A
367,1770570868583,Validation IR pressed,HF_51_A,,true,true,Spacebar,1,N/A,1057,N/A,N/A,N/A
367,1770570868583,IR pressed,HF_51_A,,true,true,Spacebar,1,N/A,1057,N/A,N/A,N/A
367,1770570869005,WR pressed,HF_51_A,,true,true,Yes,N/A,N/A,N/A,422,N/A,N/A
367,1770570869006,gap_time,N/A,,true,true,GapTime_895,N/A,N/A,N/A,N/A,N/A,N/A
367,1770570869903,Sentence shown,LVL_136_P,true,,true,N/A,N/A,N/A,N/A,N/A,N/A,N/A
367,1770570870903,IR pressed,LVL_136_P,true,,true,Spacebar,1,N/A,1000,N/A,N/A,N/A
367,1770570871270,WR pressed,LVL_136_P,true,,true,Yes,N/A,1,N/A,367,N/A,N/A
367,1770570871271,gap_time,N/A,true,,true,GapTime_1286,N/A,N/A,N/A,N/A,N/A,N/A
367,1770570872559,Sentence shown,HF_61_A,,,,N/A,N/A,N/A,N/A,N/A,N/A,N/A
367,1770570874119,Validation Wrong IR pressed,HF_61_A,,,,Spacebar,0,N/A,1560,N/A,N/A,N/A
367,1770570874119,IR pressed,HF_61_A,,,,Spacebar,0,N/A,1560,N/A,N/A,N/A
367,1770570874531,WR pressed,HF_61_A,,,,No,N/A,N/A,N/A,412,N/A,N/A
367,1770570874532,gap_time,N/A,,,,GapTime_1214,N/A,N/A,N/A,N/A,N/A,N/A
367,1770570875747,Sentence shown,HH_183_P,true,,true,N/A,N/A,N/A,N/A,N/A,N/A,N/A
367,1770570877021,IR pressed,HH_183_P,true,,true,Spacebar,1,N/A,1274,N/A,N/A,N/A
367,1770570877411,WR pressed,HH_183_P,true,,true,Yes,N/A,1,N/A,390,N/A,N/A
367,1770570877412,gap_time,N/A,true,,true,GapTime_1182,N/A,N/A,N/A,N/A,N/A,N/A
367,1770570878596,Sentence shown,HF_60_A,,,,N/A,N/A,N/A,N/A,N/A,N/A,N/A
367,1770570882597,gap_time,N/A,,,,GapTime_1138,N/A,N/A,N/A,N/A,N/A,N/A
367,1770570883737,Sentence shown,HF_43_A,,,,N/A,N/A,N/A,N/A,N/A,N/A,N/A
367,1770570887739,gap_time,N/A,,,,GapTime_865,N/A,N/A,N/A,N/A,N/A,N/A
367,1770570888605,Sentence shown,LVH_171_A,true,,,N/A,N/A,N/A,N/A,N/A,N/A,N/A
367,1770570892607,gap_time,N/A,true,,,GapTime_712,N/A,N/A,N/A,N/A,N/A,N/A
367,1770570893321,Sentence shown,HF_48_A,,,,N/A,N/A,N/A,N/A,N/A,N/A,N/A
367,1770570894861,Validation Wrong IR pressed,HF_48_A,,,,Spacebar,0,N/A,1540,N/A,N/A,N/A
367,1770570894861,IR pressed,HF_48_A,,,,Spacebar,0,N/A,1540,N/A,N/A,N/A
367,1770570895228,WR pressed,HF_48_A,,,,No,N/A,N/A,N/A,367,N/A,N/A
367,1770570895229,gap_time,N/A,,,,GapTime_975,N/A,N/A,N/A,N/A,N/A,N/A
367,1770570896206,Sentence shown,HF_48_A,,true,true,N/A,N/A,N/A,N/A,N/A,N/A,N/A
367,1770570897734,Validation IR pressed,HF_48_A,,true,true,Spacebar,1,N/A,1528,N/A,N/A,N/A
367,1770570897734,IR pressed,HF_48_A,,true,true,Spacebar,1,N/A,1528,N/A,N/A,N/A
367,1770570898408,WR pressed,HF_48_A,,true,true,Yes,N/A,N/A,N/A,674,N/A,N/A
367,1770570898409,gap_time,N/A,,true,true,GapTime_902,N/A,N/A,N/A,N/A,N/A,N/A
367,1770570899313,Sentence shown,HF_45_A,,,,N/A,N/A,N/A,N/A,N/A,N/A,N/A
367,1770570901302,Validation Wrong IR pressed,HF_45_A,,,,Spacebar,0,N/A,1989,N/A,N/A,N/A
367,1770570901302,IR pressed,HF_45_A,,,,Spacebar,0,N/A,1989,N/A,N/A,N/A
367,1770570901816,WR pressed,HF_45_A,,,,No,N/A,N/A,N/A,514,N/A,N/A
367,1770570901817,gap_time,N/A,,,,GapTime_904,N/A,N/A,N/A,N/A,N/A,N/A
367,1770570902723,Sentence shown,HH_137_A,true,,,N/A,N/A,N/A,N/A,N/A,N/A,N/A
367,1770570906724,gap_time,N/A,true,,,GapTime_745,N/A,N/A,N/A,N/A,N/A,N/A
367,1770570907470,Sentence shown,HF_64_A,,,,N/A,N/A,N/A,N/A,N/A,N/A,N/A
367,1770570910768,Validation Wrong IR pressed,HF_64_A,,,,Spacebar,0,N/A,3298,N/A,N/A,N/A
367,1770570910768,IR pressed,HF_64_A,,,,Spacebar,0,N/A,3298,N/A,N/A,N/A
367,1770570911159,WR pressed,HF_64_A,,,,No,N/A,N/A,N/A,391,N/A,N/A
367,1770570911160,gap_time,N/A,,,,GapTime_1026,N/A,N/A,N/A,N/A,N/A,N/A
367,1770570912188,Sentence shown,LVH_171_P,true,,true,N/A,N/A,N/A,N/A,N/A,N/A,N/A
367,1770570913057,IR pressed,LVH_171_P,true,,true,Spacebar,1,N/A,869,N/A,N/A,N/A
367,1770570913793,WR pressed,LVH_171_P,true,,true,No,N/A,1,N/A,736,N/A,N/A
367,1770570913794,gap_time,N/A,true,,true,GapTime_768,N/A,N/A,N/A,N/A,N/A,N/A
367,1770570914564,Sentence shown,HVL_125_P,true,,,N/A,N/A,N/A,N/A,N/A,N/A,N/A
367,1770570918565,gap_time,N/A,true,,,GapTime_786,N/A,N/A,N/A,N/A,N/A,N/A
367,1770570919354,Sentence shown,HF_56_A,,,,N/A,N/A,N/A,N/A,N/A,N/A,N/A
367,1770570923355,gap_time,N/A,,,,GapTime_1282,N/A,N/A,N/A,N/A,N/A,N/A
367,1770570924640,Sentence shown,HF_44_A,,,,N/A,N/A,N/A,N/A,N/A,N/A,N/A
367,1770570927081,Validation Wrong IR pressed,HF_44_A,,,,Spacebar,0,N/A,2441,N/A,N/A,N/A
367,1770570927081,IR pressed,HF_44_A,,,,Spacebar,0,N/A,2441,N/A,N/A,N/A
367,1770570927552,WR pressed,HF_44_A,,,,No,N/A,N/A,N/A,471,N/A,N/A
367,1770570927553,gap_time,N/A,,,,GapTime_716,N/A,N/A,N/A,N/A,N/A,N/A
367,1770570928270,Sentence shown,HF_40_A,,,,N/A,N/A,N/A,N/A,N/A,N/A,N/A
367,1770570932272,gap_time,N/A,,,,GapTime_953,N/A,N/A,N/A,N/A,N/A,N/A
367,1770570933226,Sentence shown,HH_137_A,true,,true,N/A,N/A,N/A,N/A,N/A,N/A,N/A
367,1770570934314,IR pressed,HH_137_A,true,,true,Spacebar,1,N/A,1088,N/A,N/A,N/A
367,1770570935796,WR pressed,HH_137_A,true,,true,No,N/A,0,N/A,1482,N/A,N/A
367,1770570935796,gap_time,N/A,true,,true,GapTime_1044,N/A,N/A,N/A,N/A,N/A,N/A
367,1770570936842,Sentence shown,LVH_106_P,true,,,N/A,N/A,N/A,N/A,N/A,N/A,N/A
367,1770570938319,Validation Wrong IR pressed,LVH_106_P,true,,,Spacebar,0,N/A,1477,N/A,N/A,N/A
367,1770570938319,IR pressed,LVH_106_P,true,,,Spacebar,0,N/A,1477,N/A,N/A,N/A
367,1770570938781,WR pressed,LVH_106_P,true,,,No,N/A,0,N/A,462,N/A,N/A
367,1770570938781,gap_time,N/A,true,,,GapTime_1281,N/A,N/A,N/A,N/A,N/A,N/A
367,1770570940064,Sentence shown,HF_41_A,,,,N/A,N/A,N/A,N/A,N/A,N/A,N/A
367,1770570941857,Validation Wrong IR pressed,HF_41_A,,,,Spacebar,0,N/A,1793,N/A,N/A,N/A
367,1770570941857,IR pressed,HF_41_A,,,,Spacebar,0,N/A,1793,N/A,N/A,N/A
367,1770570942281,WR pressed,HF_41_A,,,,No,N/A,N/A,N/A,424,N/A,N/A
367,1770570942282,gap_time,N/A,,,,GapTime_933,N/A,N/A,N/A,N/A,N/A,N/A
367,1770570943216,Sentence shown,HF_59_A,,,,N/A,N/A,N/A,N/A,N/A,N/A,N/A
367,1770570944622,Validation Wrong IR pressed,HF_59_A,,,,Spacebar,0,N/A,1406,N/A,N/A,N/A
367,1770570944622,IR pressed,HF_59_A,,,,Spacebar,0,N/A,1406,N/A,N/A,N/A
367,1770570944968,WR pressed,HF_59_A,,,,No,N/A,N/A,N/A,346,N/A,N/A
367,1770570944969,gap_time,N/A,,,,GapTime_873,N/A,N/A,N/A,N/A,N/A,N/A
367,1770570945845,Sentence shown,HF_57_A,,,,N/A,N/A,N/A,N/A,N/A,N/A,N/A
367,1770570949846,gap_time,N/A,,,,GapTime_827,N/A,N/A,N/A,N/A,N/A,N/A
367,1770570950676,Sentence shown,HVL_125_P,true,,true,N/A,N/A,N/A,N/A,N/A,N/A,N/A
367,1770570952576,IR pressed,HVL_125_P,true,,true,Spacebar,1,N/A,1899,N/A,N/A,N/A
367,1770570952977,WR pressed,HVL_125_P,true,,true,Yes,N/A,1,N/A,401,N/A,N/A
367,1770570952978,gap_time,N/A,true,,true,GapTime_835,N/A,N/A,N/A,N/A,N/A,N/A
367,1770570953814,Sentence shown,HVL_103_A,true,,,N/A,N/A,N/A,N/A,N/A,N/A,N/A
367,1770570955064,Validation Wrong IR pressed,HVL_103_A,true,,,Spacebar,0,N/A,1248,N/A,N/A,N/A
367,1770570955064,IR pressed,HVL_103_A,true,,,Spacebar,0,N/A,1248,N/A,N/A,N/A
367,1770570957357,WR pressed,HVL_103_A,true,,,Yes,N/A,0,N/A,2293,N/A,N/A
367,1770570957358,gap_time,N/A,true,,,GapTime_888,N/A,N/A,N/A,N/A,N/A,N/A
367,1770570958248,Sentence shown,HF_62_A,,,,N/A,N/A,N/A,N/A,N/A,N/A,N/A
367,1770570959811,Validation Wrong IR pressed,HF_62_A,,,,Spacebar,0,N/A,1563,N/A,N/A,N/A
367,1770570959811,IR pressed,HF_62_A,,,,Spacebar,0,N/A,1563,N/A,N/A,N/A
367,1770570960227,WR pressed,HF_62_A,,,,Yes,N/A,N/A,N/A,416,N/A,N/A
367,1770570960228,gap_time,N/A,,,,GapTime_1282,N/A,N/A,N/A,N/A,N/A,N/A
367,1770570961512,Sentence shown,LVH_106_P,true,,true,N/A,N/A,N/A,N/A,N/A,N/A,N/A
367,1770570963364,IR pressed,LVH_106_P,true,,true,Spacebar,1,N/A,1852,N/A,N/A,N/A
367,1770570964250,WR pressed,LVH_106_P,true,,true,Yes,N/A,1,N/A,885,N/A,N/A
367,1770570964250,gap_time,N/A,true,,true,GapTime_1285,N/A,N/A,N/A,N/A,N/A,N/A
367,1770570965537,Sentence shown,HF_62_A,,true,true,N/A,N/A,N/A,N/A,N/A,N/A,N/A
367,1770570966423,Validation IR pressed,HF_62_A,,true,true,Spacebar,1,N/A,886,N/A,N/A,N/A
367,1770570966423,IR pressed,HF_62_A,,true,true,Spacebar,1,N/A,886,N/A,N/A,N/A
367,1770570966783,WR pressed,HF_62_A,,true,true,Yes,N/A,N/A,N/A,360,N/A,N/A
367,1770570966784,gap_time,N/A,,true,true,GapTime_1279,N/A,N/A,N/A,N/A,N/A,N/A
367,1770570968065,Sentence shown,HF_63_A,,,,N/A,N/A,N/A,N/A,N/A,N/A,N/A
367,1770570969789,Validation Wrong IR pressed,HF_63_A,,,,Spacebar,0,N/A,1724,N/A,N/A,N/A
367,1770570969789,IR pressed,HF_63_A,,,,Spacebar,0,N/A,1724,N/A,N/A,N/A
367,1770570970147,WR pressed,HF_63_A,,,,No,N/A,N/A,N/A,358,N/A,N/A
367,1770570970148,gap_time,N/A,,,,GapTime_766,N/A,N/A,N/A,N/A,N/A,N/A
367,1770570970916,Sentence shown,HF_52_A,,,,N/A,N/A,N/A,N/A,N/A,N/A,N/A
367,1770570972412,Validation Wrong IR pressed,HF_52_A,,,,Spacebar,0,N/A,1496,N/A,N/A,N/A
367,1770570972412,IR pressed,HF_52_A,,,,Spacebar,0,N/A,1496,N/A,N/A,N/A
367,1770570972718,WR pressed,HF_52_A,,,,No,N/A,N/A,N/A,306,N/A,N/A
367,1770570972719,gap_time,N/A,,,,GapTime_981,N/A,N/A,N/A,N/A,N/A,N/A
367,1770570973702,Sentence shown,HF_52_A,,true,true,N/A,N/A,N/A,N/A,N/A,N/A,N/A
367,1770570976580,Validation IR pressed,HF_52_A,,true,true,Spacebar,1,N/A,2878,N/A,N/A,N/A
367,1770570976580,IR pressed,HF_52_A,,true,true,Spacebar,1,N/A,2878,N/A,N/A,N/A
367,1770570979033,WR pressed,HF_52_A,,true,true,Yes,N/A,N/A,N/A,2453,N/A,N/A
367,1770570979034,gap_time,N/A,,true,true,GapTime_897,N/A,N/A,N/A,N/A,N/A,N/A
367,1770570979933,Sentence shown,HF_63_A,,true,true,N/A,N/A,N/A,N/A,N/A,N/A,N/A
367,1770570981147,Validation IR pressed,HF_63_A,,true,true,Spacebar,1,N/A,1214,N/A,N/A,N/A
367,1770570981147,IR pressed,HF_63_A,,true,true,Spacebar,1,N/A,1214,N/A,N/A,N/A
367,1770570981474,WR pressed,HF_63_A,,true,true,No,N/A,N/A,N/A,327,N/A,N/A
367,1770570981475,gap_time,N/A,,true,true,GapTime_1005,N/A,N/A,N/A,N/A,N/A,N/A
367,1770570982481,Sentence shown,LVH_126_A,true,,,N/A,N/A,N/A,N/A,N/A,N/A,N/A
367,1770570986483,gap_time,N/A,true,,,GapTime_1229,N/A,N/A,N/A,N/A,N/A,N/A
367,1770570987713,Sentence shown,HVL_103_P,true,,true,N/A,N/A,N/A,N/A,N/A,N/A,N/A
367,1770570989048,IR pressed,HVL_103_P,true,,true,Spacebar,1,N/A,1335,N/A,N/A,N/A
367,1770570989601,WR pressed,HVL_103_P,true,,true,No,N/A,1,N/A,553,N/A,N/A
367,1770570989601,gap_time,N/A,true,,true,GapTime_1073,N/A,N/A,N/A,N/A,N/A,N/A
367,1770570990676,Sentence shown,LVH_126_A,true,,true,N/A,N/A,N/A,N/A,N/A,N/A,N/A
367,1770570991524,IR pressed,LVH_126_A,true,,true,Spacebar,1,N/A,848,N/A,N/A,N/A
367,1770570991817,WR pressed,LVH_126_A,true,,true,Yes,N/A,1,N/A,293,N/A,N/A
367,1770570991818,gap_time,N/A,true,,true,GapTime_1279,N/A,N/A,N/A,N/A,N/A,N/A
367,1770570993098,Rest Phase started,N/A,true,,true,Rest,N/A,N/A,N/A,N/A,N/A,N/A
367,1770571175781,Sentence shown,HF_96_A,,,,N/A,N/A,N/A,N/A,N/A,N/A,N/A
367,1770571179783,gap_time,N/A,,,,GapTime_1056,N/A,N/A,N/A,N/A,N/A,N/A
367,1770571180841,Sentence shown,HF_78_A,,,,N/A,N/A,N/A,N/A,N/A,N/A,N/A
367,1770571184842,gap_time,N/A,,,,GapTime_849,N/A,N/A,N/A,N/A,N/A,N/A
367,1770571185693,Sentence shown,HF_66_A,,,,N/A,N/A,N/A,N/A,N/A,N/A,N/A
367,1770571189694,gap_time,N/A,,,,GapTime_730,N/A,N/A,N/A,N/A,N/A,N/A
367,1770571190426,Sentence shown,HF_66_A,,true,true,N/A,N/A,N/A,N/A,N/A,N/A,N/A
367,1770571192582,Validation IR pressed,HF_66_A,,true,true,Spacebar,1,N/A,2156,N/A,N/A,N/A
367,1770571192582,IR pressed,HF_66_A,,true,true,Spacebar,1,N/A,2156,N/A,N/A,N/A
367,1770571193160,WR pressed,HF_66_A,,true,true,Yes,N/A,N/A,N/A,578,N/A,N/A
367,1770571193161,gap_time,N/A,,true,true,GapTime_787,N/A,N/A,N/A,N/A,N/A,N/A
367,1770571193950,Sentence shown,HF_97_A,,,,N/A,N/A,N/A,N/A,N/A,N/A,N/A
367,1770571197951,gap_time,N/A,,,,GapTime_868,N/A,N/A,N/A,N/A,N/A,N/A
367,1770571198821,Sentence shown,HF_79_A,,,,N/A,N/A,N/A,N/A,N/A,N/A,N/A
367,1770571202822,gap_time,N/A,,,,GapTime_1080,N/A,N/A,N/A,N/A,N/A,N/A
367,1770571203904,Sentence shown,HF_77_A,,,,N/A,N/A,N/A,N/A,N/A,N/A,N/A
367,1770571207905,gap_time,N/A,,,,GapTime_1243,N/A,N/A,N/A,N/A,N/A,N/A
367,1770571209150,Sentence shown,HF_97_A,,true,true,N/A,N/A,N/A,N/A,N/A,N/A,N/A
367,1770571210728,Validation IR pressed,HF_97_A,,true,true,Spacebar,1,N/A,1577,N/A,N/A,N/A
367,1770571210728,IR pressed,HF_97_A,,true,true,Spacebar,1,N/A,1577,N/A,N/A,N/A
367,1770571211162,WR pressed,HF_97_A,,true,true,Yes,N/A,N/A,N/A,434,N/A,N/A
367,1770571211163,gap_time,N/A,,true,true,GapTime_751,N/A,N/A,N/A,N/A,N/A,N/A
367,1770571211917,Sentence shown,HF_76_A,,,,N/A,N/A,N/A,N/A,N/A,N/A,N/A
367,1770571215918,gap_time,N/A,,,,GapTime_937,N/A,N/A,N/A,N/A,N/A,N/A
367,1770571216857,Sentence shown,HF_76_A,,true,true,N/A,N/A,N/A,N/A,N/A,N/A,N/A
367,1770571217702,Validation IR pressed,HF_76_A,,true,true,Spacebar,1,N/A,845,N/A,N/A,N/A
367,1770571217702,IR pressed,HF_76_A,,true,true,Spacebar,1,N/A,845,N/A,N/A,N/A
367,1770571218026,WR pressed,HF_76_A,,true,true,Yes,N/A,N/A,N/A,324,N/A,N/A
367,1770571218026,gap_time,N/A,,true,true,GapTime_1002,N/A,N/A,N/A,N/A,N/A,N/A
367,1770571219031,Sentence shown,HF_87_A,,,,N/A,N/A,N/A,N/A,N/A,N/A,N/A
367,1770571223032,gap_time,N/A,,,,GapTime_1286,N/A,N/A,N/A,N/A,N/A,N/A
367,1770571224319,Sentence shown,HF_87_A,,true,true,N/A,N/A,N/A,N/A,N/A,N/A,N/A
367,1770571224996,Validation IR pressed,HF_87_A,,true,true,Spacebar,1,N/A,677,N/A,N/A,N/A
367,1770571224996,IR pressed,HF_87_A,,true,true,Spacebar,1,N/A,677,N/A,N/A,N/A
367,1770571225256,WR pressed,HF_87_A,,true,true,Yes,N/A,N/A,N/A,260,N/A,N/A
367,1770571225257,gap_time,N/A,,true,true,GapTime_748,N/A,N/A,N/A,N/A,N/A,N/A
367,1770571226007,Sentence shown,HF_67_A,,,,N/A,N/A,N/A,N/A,N/A,N/A,N/A
367,1770571230009,gap_time,N/A,,,,GapTime_1136,N/A,N/A,N/A,N/A,N/A,N/A
367,1770571231147,Sentence shown,LVL_109_P,true,,,N/A,N/A,N/A,N/A,N/A,N/A,N/A
367,1770571235148,gap_time,N/A,true,,,GapTime_833,N/A,N/A,N/A,N/A,N/A,N/A
367,1770571235983,Sentence shown,LVH_107_P,true,,,N/A,N/A,N/A,N/A,N/A,N/A,N/A
367,1770571239984,gap_time,N/A,true,,,GapTime_974,N/A,N/A,N/A,N/A,N/A,N/A
367,1770571240960,Sentence shown,HF_83_A,,,,N/A,N/A,N/A,N/A,N/A,N/A,N/A
367,1770571242975,Validation Wrong IR pressed,HF_83_A,,,,Spacebar,0,N/A,2015,N/A,N/A,N/A
367,1770571242975,IR pressed,HF_83_A,,,,Spacebar,0,N/A,2015,N/A,N/A,N/A
367,1770571243235,WR pressed,HF_83_A,,,,No,N/A,N/A,N/A,260,N/A,N/A
367,1770571243236,gap_time,N/A,,,,GapTime_1202,N/A,N/A,N/A,N/A,N/A,N/A
367,1770571244440,Sentence shown,HF_84_A,,,,N/A,N/A,N/A,N/A,N/A,N/A,N/A
367,1770571248441,gap_time,N/A,,,,GapTime_1016,N/A,N/A,N/A,N/A,N/A,N/A
367,1770571249459,Sentence shown,LVL_109_P,true,,true,N/A,N/A,N/A,N/A,N/A,N/A,N/A
367,1770571250786,IR pressed,LVL_109_P,true,,true,Spacebar,1,N/A,1327,N/A,N/A,N/A
367,1770571251088,WR pressed,LVL_109_P,true,,true,Yes,N/A,1,N/A,302,N/A,N/A
367,1770571251089,gap_time,N/A,true,,true,GapTime_948,N/A,N/A,N/A,N/A,N/A,N/A
367,1770571252039,Sentence shown,HF_73_A,,,,N/A,N/A,N/A,N/A,N/A,N/A,N/A
367,1770571256041,gap_time,N/A,,,,GapTime_898,N/A,N/A,N/A,N/A,N/A,N/A
367,1770571256940,Sentence shown,HF_75_A,,,,N/A,N/A,N/A,N/A,N/A,N/A,N/A
367,1770571260942,gap_time,N/A,,,,GapTime_726,N/A,N/A,N/A,N/A,N/A,N/A
367,1770571261670,Sentence shown,HF_95_A,,,,N/A,N/A,N/A,N/A,N/A,N/A,N/A
367,1770571265671,gap_time,N/A,,,,GapTime_756,N/A,N/A,N/A,N/A,N/A,N/A
367,1770571266429,Sentence shown,HF_89_A,,,,N/A,N/A,N/A,N/A,N/A,N/A,N/A
367,1770571270431,gap_time,N/A,,,,GapTime_954,N/A,N/A,N/A,N/A,N/A,N/A
367,1770571271386,Sentence shown,LVH_107_A,true,,true,N/A,N/A,N/A,N/A,N/A,N/A,N/A
367,1770571272640,IR pressed,LVH_107_A,true,,true,Spacebar,1,N/A,1254,N/A,N/A,N/A
367,1770571272933,WR pressed,LVH_107_A,true,,true,No,N/A,1,N/A,292,N/A,N/A
367,1770571272933,gap_time,N/A,true,,true,GapTime_1126,N/A,N/A,N/A,N/A,N/A,N/A
367,1770571274061,Sentence shown,HF_94_A,,,,N/A,N/A,N/A,N/A,N/A,N/A,N/A
367,1770571278062,gap_time,N/A,,,,GapTime_869,N/A,N/A,N/A,N/A,N/A,N/A
367,1770571278933,Sentence shown,HF_89_A,,true,true,N/A,N/A,N/A,N/A,N/A,N/A,N/A
367,1770571279979,Validation IR pressed,HF_89_A,,true,true,Spacebar,1,N/A,1046,N/A,N/A,N/A
367,1770571279979,IR pressed,HF_89_A,,true,true,Spacebar,1,N/A,1046,N/A,N/A,N/A
367,1770571280266,WR pressed,HF_89_A,,true,true,Yes,N/A,N/A,N/A,287,N/A,N/A
367,1770571280267,gap_time,N/A,,true,true,GapTime_903,N/A,N/A,N/A,N/A,N/A,N/A
367,1770571281173,Sentence shown,HF_94_A,,true,true,N/A,N/A,N/A,N/A,N/A,N/A,N/A
367,1770571281944,Validation IR pressed,HF_94_A,,true,true,Spacebar,1,N/A,771,N/A,N/A,N/A
367,1770571281944,IR pressed,HF_94_A,,true,true,Spacebar,1,N/A,771,N/A,N/A,N/A
367,1770571282189,WR pressed,HF_94_A,,true,true,Yes,N/A,N/A,N/A,245,N/A,N/A
367,1770571282190,gap_time,N/A,,true,true,GapTime_1272,N/A,N/A,N/A,N/A,N/A,N/A
367,1770571283464,Sentence shown,LVL_103_A,true,,,N/A,N/A,N/A,N/A,N/A,N/A,N/A
367,1770571287465,gap_time,N/A,true,,,GapTime_1098,N/A,N/A,N/A,N/A,N/A,N/A
367,1770571288565,Sentence shown,HVL_134_A,true,,,N/A,N/A,N/A,N/A,N/A,N/A,N/A
367,1770571292566,gap_time,N/A,true,,,GapTime_1263,N/A,N/A,N/A,N/A,N/A,N/A
367,1770571293831,Sentence shown,HF_80_A,,,,N/A,N/A,N/A,N/A,N/A,N/A,N/A
367,1770571297832,gap_time,N/A,,,,GapTime_1296,N/A,N/A,N/A,N/A,N/A,N/A
367,1770571299130,Sentence shown,HH_179_A,true,,,N/A,N/A,N/A,N/A,N/A,N/A,N/A
367,1770571303132,gap_time,N/A,true,,,GapTime_999,N/A,N/A,N/A,N/A,N/A,N/A
367,1770571304132,Sentence shown,HF_80_A,,true,true,N/A,N/A,N/A,N/A,N/A,N/A,N/A
367,1770571305611,Validation IR pressed,HF_80_A,,true,true,Spacebar,1,N/A,1479,N/A,N/A,N/A
367,1770571305611,IR pressed,HF_80_A,,true,true,Spacebar,1,N/A,1479,N/A,N/A,N/A
367,1770571305899,WR pressed,HF_80_A,,true,true,Yes,N/A,N/A,N/A,288,N/A,N/A
367,1770571305900,gap_time,N/A,,true,true,GapTime_1289,N/A,N/A,N/A,N/A,N/A,N/A
367,1770571307192,Sentence shown,HF_93_A,,,,N/A,N/A,N/A,N/A,N/A,N/A,N/A
367,1770571311193,gap_time,N/A,,,,GapTime_1139,N/A,N/A,N/A,N/A,N/A,N/A
367,1770571312335,Sentence shown,HF_68_A,,,,N/A,N/A,N/A,N/A,N/A,N/A,N/A
367,1770571316336,gap_time,N/A,,,,GapTime_759,N/A,N/A,N/A,N/A,N/A,N/A
367,1770571317097,Sentence shown,LVL_126_A,true,,,N/A,N/A,N/A,N/A,N/A,N/A,N/A
367,1770571321098,gap_time,N/A,true,,,GapTime_880,N/A,N/A,N/A,N/A,N/A,N/A
367,1770571321981,Sentence shown,HF_91_A,,,,N/A,N/A,N/A,N/A,N/A,N/A,N/A
367,1770571325982,gap_time,N/A,,,,GapTime_1265,N/A,N/A,N/A,N/A,N/A,N/A
367,1770571327249,Sentence shown,LVL_103_P,true,,true,N/A,N/A,N/A,N/A,N/A,N/A,N/A
367,1770571330212,IR pressed,LVL_103_P,true,,true,Spacebar,1,N/A,2963,N/A,N/A,N/A
367,1770571330591,WR pressed,LVL_103_P,true,,true,No,N/A,1,N/A,379,N/A,N/A
367,1770571330592,gap_time,N/A,true,,true,GapTime_813,N/A,N/A,N/A,N/A,N/A,N/A
367,1770571331407,Sentence shown,HVL_134_P,true,,true,N/A,N/A,N/A,N/A,N/A,N/A,N/A
367,1770571332339,IR pressed,HVL_134_P,true,,true,Spacebar,1,N/A,932,N/A,N/A,N/A
367,1770571332568,WR pressed,HVL_134_P,true,,true,No,N/A,1,N/A,228,N/A,N/A
367,1770571332568,gap_time,N/A,true,,true,GapTime_946,N/A,N/A,N/A,N/A,N/A,N/A
367,1770571333516,Sentence shown,LVL_111_P,true,,,N/A,N/A,N/A,N/A,N/A,N/A,N/A
367,1770571337518,gap_time,N/A,true,,,GapTime_1039,N/A,N/A,N/A,N/A,N/A,N/A
367,1770571338558,Sentence shown,HF_74_A,,,,N/A,N/A,N/A,N/A,N/A,N/A,N/A
367,1770571340084,Validation Wrong IR pressed,HF_74_A,,,,Spacebar,0,N/A,1526,N/A,N/A,N/A
367,1770571340084,IR pressed,HF_74_A,,,,Spacebar,0,N/A,1526,N/A,N/A,N/A
367,1770571340347,WR pressed,HF_74_A,,,,No,N/A,N/A,N/A,263,N/A,N/A
367,1770571340348,gap_time,N/A,,,,GapTime_935,N/A,N/A,N/A,N/A,N/A,N/A
367,1770571341284,Sentence shown,HF_90_A,,,,N/A,N/A,N/A,N/A,N/A,N/A,N/A
367,1770571343088,Validation Wrong IR pressed,HF_90_A,,,,Spacebar,0,N/A,1804,N/A,N/A,N/A
367,1770571343088,IR pressed,HF_90_A,,,,Spacebar,0,N/A,1804,N/A,N/A,N/A
367,1770571343361,WR pressed,HF_90_A,,,,No,N/A,N/A,N/A,273,N/A,N/A
367,1770571343362,gap_time,N/A,,,,GapTime_825,N/A,N/A,N/A,N/A,N/A,N/A
367,1770571344189,Sentence shown,HF_90_A,,true,true,N/A,N/A,N/A,N/A,N/A,N/A,N/A
367,1770571345246,Validation IR pressed,HF_90_A,,true,true,Spacebar,1,N/A,1056,N/A,N/A,N/A
367,1770571345246,IR pressed,HF_90_A,,true,true,Spacebar,1,N/A,1056,N/A,N/A,N/A
367,1770571345504,WR pressed,HF_90_A,,true,true,Yes,N/A,N/A,N/A,258,N/A,N/A
367,1770571345505,gap_time,N/A,,true,true,GapTime_742,N/A,N/A,N/A,N/A,N/A,N/A
367,1770571346248,Sentence shown,HH_179_A,true,,true,N/A,N/A,N/A,N/A,N/A,N/A,N/A
367,1770571349098,IR pressed,HH_179_A,true,,true,Spacebar,1,N/A,2850,N/A,N/A,N/A
367,1770571349756,WR pressed,HH_179_A,true,,true,No,N/A,0,N/A,658,N/A,N/A
367,1770571349757,gap_time,N/A,true,,true,GapTime_1180,N/A,N/A,N/A,N/A,N/A,N/A
367,1770571350939,Sentence shown,LVL_126_A,true,,true,N/A,N/A,N/A,N/A,N/A,N/A,N/A
367,1770571352501,IR pressed,LVL_126_A,true,,true,Spacebar,1,N/A,1562,N/A,N/A,N/A
367,1770571354225,WR pressed,LVL_126_A,true,,true,No,N/A,0,N/A,1724,N/A,N/A
367,1770571354226,gap_time,N/A,true,,true,GapTime_1219,N/A,N/A,N/A,N/A,N/A,N/A
367,1770571355448,Sentence shown,HF_88_A,,,,N/A,N/A,N/A,N/A,N/A,N/A,N/A
367,1770571358259,Validation Wrong IR pressed,HF_88_A,,,,Spacebar,0,N/A,2811,N/A,N/A,N/A
367,1770571358259,IR pressed,HF_88_A,,,,Spacebar,0,N/A,2811,N/A,N/A,N/A
367,1770571359213,WR pressed,HF_88_A,,,,No,N/A,N/A,N/A,954,N/A,N/A
367,1770571359214,gap_time,N/A,,,,GapTime_828,N/A,N/A,N/A,N/A,N/A,N/A
367,1770571360044,Sentence shown,HVL_101_P,true,,,N/A,N/A,N/A,N/A,N/A,N/A,N/A
367,1770571362183,Validation Wrong IR pressed,HVL_101_P,true,,,Spacebar,0,N/A,2139,N/A,N/A,N/A
367,1770571362183,IR pressed,HVL_101_P,true,,,Spacebar,0,N/A,2139,N/A,N/A,N/A
367,1770571362680,WR pressed,HVL_101_P,true,,,Yes,N/A,1,N/A,497,N/A,N/A
367,1770571362681,gap_time,N/A,true,,,GapTime_797,N/A,N/A,N/A,N/A,N/A,N/A
367,1770571363480,Sentence shown,HF_92_A,,,,N/A,N/A,N/A,N/A,N/A,N/A,N/A
367,1770571367482,gap_time,N/A,,,,GapTime_832,N/A,N/A,N/A,N/A,N/A,N/A
367,1770571368315,Sentence shown,LVL_111_A,true,,true,N/A,N/A,N/A,N/A,N/A,N/A,N/A
367,1770571369664,IR pressed,LVL_111_A,true,,true,Spacebar,1,N/A,1349,N/A,N/A,N/A
367,1770571370822,WR pressed,LVL_111_A,true,,true,No,N/A,1,N/A,1158,N/A,N/A
367,1770571370823,gap_time,N/A,true,,true,GapTime_977,N/A,N/A,N/A,N/A,N/A,N/A
367,1770571371803,Sentence shown,HF_69_A,,,,N/A,N/A,N/A,N/A,N/A,N/A,N/A
367,1770571373753,Validation Wrong IR pressed,HF_69_A,,,,Spacebar,0,N/A,1950,N/A,N/A,N/A
367,1770571373753,IR pressed,HF_69_A,,,,Spacebar,0,N/A,1950,N/A,N/A,N/A
367,1770571374066,WR pressed,HF_69_A,,,,No,N/A,N/A,N/A,313,N/A,N/A
367,1770571374066,gap_time,N/A,,,,GapTime_1102,N/A,N/A,N/A,N/A,N/A,N/A
367,1770571375171,Sentence shown,LVH_100_A,true,,,N/A,N/A,N/A,N/A,N/A,N/A,N/A
367,1770571379172,gap_time,N/A,true,,,GapTime_839,N/A,N/A,N/A,N/A,N/A,N/A
367,1770571380013,Sentence shown,LVH_119_A,true,,,N/A,N/A,N/A,N/A,N/A,N/A,N/A
367,1770571384014,gap_time,N/A,true,,,GapTime_915,N/A,N/A,N/A,N/A,N/A,N/A
367,1770571384931,Sentence shown,HF_85_A,,,,N/A,N/A,N/A,N/A,N/A,N/A,N/A
367,1770571388932,gap_time,N/A,,,,GapTime_1079,N/A,N/A,N/A,N/A,N/A,N/A
367,1770571390013,Sentence shown,HF_70_A,,,,N/A,N/A,N/A,N/A,N/A,N/A,N/A
367,1770571391404,Validation Wrong IR pressed,HF_70_A,,,,Spacebar,0,N/A,1391,N/A,N/A,N/A
367,1770571391404,IR pressed,HF_70_A,,,,Spacebar,0,N/A,1391,N/A,N/A,N/A
367,1770571391723,WR pressed,HF_70_A,,,,No,N/A,N/A,N/A,318,N/A,N/A
367,1770571391723,gap_time,N/A,,,,GapTime_810,N/A,N/A,N/A,N/A,N/A,N/A
367,1770571392535,Sentence shown,HVL_101_P,true,,true,N/A,N/A,N/A,N/A,N/A,N/A,N/A
367,1770571394182,IR pressed,HVL_101_P,true,,true,Spacebar,1,N/A,1647,N/A,N/A,N/A
367,1770571394406,WR pressed,HVL_101_P,true,,true,No,N/A,0,N/A,224,N/A,N/A
367,1770571394407,gap_time,N/A,true,,true,GapTime_970,N/A,N/A,N/A,N/A,N/A,N/A
367,1770571395379,Sentence shown,HF_85_A,,true,true,N/A,N/A,N/A,N/A,N/A,N/A,N/A
367,1770571396278,Validation IR pressed,HF_85_A,,true,true,Spacebar,1,N/A,899,N/A,N/A,N/A
367,1770571396278,IR pressed,HF_85_A,,true,true,Spacebar,1,N/A,899,N/A,N/A,N/A
367,1770571396608,WR pressed,HF_85_A,,true,true,Yes,N/A,N/A,N/A,329,N/A,N/A
367,1770571396608,gap_time,N/A,,true,true,GapTime_712,N/A,N/A,N/A,N/A,N/A,N/A
367,1770571397322,Sentence shown,HF_72_A,,,,N/A,N/A,N/A,N/A,N/A,N/A,N/A
367,1770571398770,Validation Wrong IR pressed,HF_72_A,,,,Spacebar,0,N/A,1448,N/A,N/A,N/A
367,1770571398770,IR pressed,HF_72_A,,,,Spacebar,0,N/A,1448,N/A,N/A,N/A
367,1770571399352,WR pressed,HF_72_A,,,,No,N/A,N/A,N/A,582,N/A,N/A
367,1770571399353,gap_time,N/A,,,,GapTime_1181,N/A,N/A,N/A,N/A,N/A,N/A
367,1770571400537,Sentence shown,HH_156_A,true,,,N/A,N/A,N/A,N/A,N/A,N/A,N/A
367,1770571404538,gap_time,N/A,true,,,GapTime_777,N/A,N/A,N/A,N/A,N/A,N/A
367,1770571405317,Sentence shown,LVH_100_P,true,,true,N/A,N/A,N/A,N/A,N/A,N/A,N/A
367,1770571406718,IR pressed,LVH_100_P,true,,true,Spacebar,1,N/A,1401,N/A,N/A,N/A
367,1770571408481,WR pressed,LVH_100_P,true,,true,Yes,N/A,0,N/A,1763,N/A,N/A
367,1770571408482,gap_time,N/A,true,,true,GapTime_1229,N/A,N/A,N/A,N/A,N/A,N/A
367,1770571409713,Sentence shown,HVL_144_P,true,,,N/A,N/A,N/A,N/A,N/A,N/A,N/A
367,1770571413715,gap_time,N/A,true,,,GapTime_820,N/A,N/A,N/A,N/A,N/A,N/A
367,1770571414537,Sentence shown,LVH_155_P,true,,,N/A,N/A,N/A,N/A,N/A,N/A,N/A
367,1770571418539,gap_time,N/A,true,,,GapTime_1118,N/A,N/A,N/A,N/A,N/A,N/A
367,1770571419658,Sentence shown,HF_81_A,,,,N/A,N/A,N/A,N/A,N/A,N/A,N/A
367,1770571421086,Validation Wrong IR pressed,HF_81_A,,,,Spacebar,0,N/A,1428,N/A,N/A,N/A
367,1770571421086,IR pressed,HF_81_A,,,,Spacebar,0,N/A,1428,N/A,N/A,N/A
367,1770571421412,WR pressed,HF_81_A,,,,No,N/A,N/A,N/A,326,N/A,N/A
367,1770571421413,gap_time,N/A,,,,GapTime_1263,N/A,N/A,N/A,N/A,N/A,N/A
367,1770571422678,Sentence shown,LVH_119_A,true,,true,N/A,N/A,N/A,N/A,N/A,N/A,N/A
367,1770571424031,IR pressed,LVH_119_A,true,,true,Spacebar,1,N/A,1353,N/A,N/A,N/A
367,1770571424340,WR pressed,LVH_119_A,true,,true,Yes,N/A,1,N/A,309,N/A,N/A
367,1770571424341,gap_time,N/A,true,,true,GapTime_1141,N/A,N/A,N/A,N/A,N/A,N/A
367,1770571425483,Sentence shown,HF_86_A,,,,N/A,N/A,N/A,N/A,N/A,N/A,N/A
367,1770571427288,Validation Wrong IR pressed,HF_86_A,,,,Spacebar,0,N/A,1805,N/A,N/A,N/A
367,1770571427288,IR pressed,HF_86_A,,,,Spacebar,0,N/A,1805,N/A,N/A,N/A
367,1770571427603,WR pressed,HF_86_A,,,,No,N/A,N/A,N/A,315,N/A,N/A
367,1770571427604,gap_time,N/A,,,,GapTime_1241,N/A,N/A,N/A,N/A,N/A,N/A
367,1770571428847,Sentence shown,HVL_138_A,true,,,N/A,N/A,N/A,N/A,N/A,N/A,N/A
367,1770571432849,gap_time,N/A,true,,,GapTime_817,N/A,N/A,N/A,N/A,N/A,N/A
367,1770571433667,Sentence shown,HH_145_P,true,,,N/A,N/A,N/A,N/A,N/A,N/A,N/A
367,1770571436618,Validation Wrong IR pressed,HH_145_P,true,,,Spacebar,0,N/A,2950,N/A,N/A,N/A
367,1770571436618,IR pressed,HH_145_P,true,,,Spacebar,0,N/A,2950,N/A,N/A,N/A
367,1770571437451,WR pressed,HH_145_P,true,,,No,N/A,1,N/A,833,N/A,N/A
367,1770571437452,gap_time,N/A,true,,,GapTime_1270,N/A,N/A,N/A,N/A,N/A,N/A
367,1770571438725,Sentence shown,HF_86_A,,true,true,N/A,N/A,N/A,N/A,N/A,N/A,N/A
367,1770571439650,Validation IR pressed,HF_86_A,,true,true,Spacebar,1,N/A,925,N/A,N/A,N/A
367,1770571439650,IR pressed,HF_86_A,,true,true,Spacebar,1,N/A,925,N/A,N/A,N/A
367,1770571440476,WR pressed,HF_86_A,,true,true,Yes,N/A,N/A,N/A,826,N/A,N/A
367,1770571440477,gap_time,N/A,,true,true,GapTime_1238,N/A,N/A,N/A,N/A,N/A,N/A
367,1770571441717,Sentence shown,HH_147_P,true,,,N/A,N/A,N/A,N/A,N/A,N/A,N/A
367,1770571445718,gap_time,N/A,true,,,GapTime_933,N/A,N/A,N/A,N/A,N/A,N/A
367,1770571446653,Sentence shown,HH_156_P,true,,true,N/A,N/A,N/A,N/A,N/A,N/A,N/A
367,1770571448118,IR pressed,HH_156_P,true,,true,Spacebar,1,N/A,1465,N/A,N/A,N/A
367,1770571448411,WR pressed,HH_156_P,true,,true,Yes,N/A,0,N/A,293,N/A,N/A
367,1770571448411,gap_time,N/A,true,,true,GapTime_954,N/A,N/A,N/A,N/A,N/A,N/A
367,1770571449367,Sentence shown,HF_82_A,,,,N/A,N/A,N/A,N/A,N/A,N/A,N/A
367,1770571452045,Validation Wrong IR pressed,HF_82_A,,,,Spacebar,0,N/A,2678,N/A,N/A,N/A
367,1770571452045,IR pressed,HF_82_A,,,,Spacebar,0,N/A,2678,N/A,N/A,N/A
367,1770571452419,WR pressed,HF_82_A,,,,No,N/A,N/A,N/A,374,N/A,N/A
367,1770571452420,gap_time,N/A,,,,GapTime_787,N/A,N/A,N/A,N/A,N/A,N/A
367,1770571453209,Sentence shown,HVL_144_A,true,,true,N/A,N/A,N/A,N/A,N/A,N/A,N/A
367,1770571454639,IR pressed,HVL_144_A,true,,true,Spacebar,1,N/A,1430,N/A,N/A,N/A
367,1770571455037,WR pressed,HVL_144_A,true,,true,No,N/A,1,N/A,398,N/A,N/A
367,1770571455038,gap_time,N/A,true,,true,GapTime_1135,N/A,N/A,N/A,N/A,N/A,N/A
367,1770571456175,Sentence shown,HF_71_A,,,,N/A,N/A,N/A,N/A,N/A,N/A,N/A
367,1770571457957,Validation Wrong IR pressed,HF_71_A,,,,Spacebar,0,N/A,1782,N/A,N/A,N/A
367,1770571457957,IR pressed,HF_71_A,,,,Spacebar,0,N/A,1782,N/A,N/A,N/A
367,1770571458199,WR pressed,HF_71_A,,,,No,N/A,N/A,N/A,242,N/A,N/A
367,1770571458200,gap_time,N/A,,,,GapTime_1296,N/A,N/A,N/A,N/A,N/A,N/A
367,1770571459498,Sentence shown,HVL_138_A,true,,true,N/A,N/A,N/A,N/A,N/A,N/A,N/A
367,1770571460845,IR pressed,HVL_138_A,true,,true,Spacebar,1,N/A,1347,N/A,N/A,N/A
367,1770571461050,WR pressed,HVL_138_A,true,,true,Yes,N/A,1,N/A,205,N/A,N/A
367,1770571461051,gap_time,N/A,true,,true,GapTime_1051,N/A,N/A,N/A,N/A,N/A,N/A
367,1770571462104,Sentence shown,LVH_155_P,true,,true,N/A,N/A,N/A,N/A,N/A,N/A,N/A
367,1770571463859,IR pressed,LVH_155_P,true,,true,Spacebar,1,N/A,1755,N/A,N/A,N/A
367,1770571464189,WR pressed,LVH_155_P,true,,true,Yes,N/A,1,N/A,330,N/A,N/A
367,1770571464190,gap_time,N/A,true,,true,GapTime_975,N/A,N/A,N/A,N/A,N/A,N/A
367,1770571465167,Sentence shown,HH_145_A,true,,true,N/A,N/A,N/A,N/A,N/A,N/A,N/A
367,1770571466975,IR pressed,HH_145_A,true,,true,Spacebar,1,N/A,1808,N/A,N/A,N/A
367,1770571467281,WR pressed,HH_145_A,true,,true,No,N/A,1,N/A,306,N/A,N/A
367,1770571467282,gap_time,N/A,true,,true,GapTime_721,N/A,N/A,N/A,N/A,N/A,N/A
367,1770571468005,Sentence shown,HH_147_P,true,,true,N/A,N/A,N/A,N/A,N/A,N/A,N/A
367,1770571469065,IR pressed,HH_147_P,true,,true,Spacebar,1,N/A,1060,N/A,N/A,N/A
367,1770571469324,WR pressed,HH_147_P,true,,true,Yes,N/A,1,N/A,258,N/A,N/A
367,1770571469324,gap_time,N/A,true,,true,GapTime_1008,N/A,N/A,N/A,N/A,N/A,N/A
