participant_ID,Timestamp,Event,Stimulus,isTarget,isValidation,isRepeat,Button,Accuracy IR,Accuracy WR,Reaction_time_IR,Reaction_time_WR,CR_IR,CR_WR
375,1770629007985,Practice Sentence shown,HH_120_A,true,,,N/A,N/A,N/A,N/A,N/A,N/A,N/A
375,1770629013509,Practice Sentence shown,HH_127_A,true,,,N/A,N/A,N/A,N/A,N/A,N/A,N/A
375,1770629019032,Practice Sentence shown,HL_89_A,,,,N/A,N/A,N/A,N/A,N/A,N/A,N/A
375,1770629024543,Practice Sentence shown,HL_22_A,,,,N/A,N/A,N/A,N/A,N/A,N/A,N/A
375,1770629030070,Practice Sentence shown,HH_135_A,true,,,N/A,N/A,N/A,N/A,N/A,N/A,N/A
375,1770629035598,Practice Sentence shown,HL_5_A,,,,N/A,N/A,N/A,N/A,N/A,N/A,N/A
375,1770629041116,Practice Sentence shown,HH_120_P,true,,true,N/A,N/A,N/A,N/A,N/A,N/A,N/A
375,1770629043574,Practice IR pressed,HH_120_P,true,,true,Spacebar,1,N/A,2458,N/A,N/A,N/A
375,1770629047702,Practice WR pressed,HH_120_P,true,,true,No,N/A,1,N/A,4127,N/A,N/A
375,1770629049207,Practice Sentence shown,HH_127_P,true,,true,N/A,N/A,N/A,N/A,N/A,N/A,N/A
375,1770629051519,Practice IR pressed,HH_127_P,true,,true,Spacebar,1,N/A,2312,N/A,N/A,N/A
375,1770629056508,Practice WR pressed,HH_127_P,true,,true,Yes,N/A,0,N/A,4989,N/A,N/A
375,1770629061148,Practice Sentence shown,HL_17_A,,,,N/A,N/A,N/A,N/A,N/A,N/A,N/A
375,1770629066662,Practice Sentence shown,HL_52_A,,,,N/A,N/A,N/A,N/A,N/A,N/A,N/A
375,1770629072173,Practice Sentence shown,HH_135_P,true,,true,N/A,N/A,N/A,N/A,N/A,N/A,N/A
375,1770629073624,Practice IR pressed,HH_135_P,true,,true,Spacebar,1,N/A,1451,N/A,N/A,N/A
375,1770629075319,Practice WR pressed,HH_135_P,true,,true,No,N/A,1,N/A,1695,N/A,N/A
375,1770629076830,Practice Sentence shown,HL_1_A,,,,N/A,N/A,N/A,N/A,N/A,N/A,N/A
375,1770629082345,Practice Sentence shown,HH_130_A,true,,,N/A,N/A,N/A,N/A,N/A,N/A,N/A
375,1770629087873,Practice Sentence shown,HL_34_A,,,,N/A,N/A,N/A,N/A,N/A,N/A,N/A
375,1770629089334,Practice IR pressed,HL_34_A,,,,Spacebar,0,N/A,1461,N/A,N/A,N/A
375,1770629107585,Practice Sentence shown,HL_29_A,,,,N/A,N/A,N/A,N/A,N/A,N/A,N/A
375,1770629113103,Practice Sentence shown,HL_65_A,,,,N/A,N/A,N/A,N/A,N/A,N/A,N/A
375,1770629118630,Practice Sentence shown,HH_130_A,true,,true,N/A,N/A,N/A,N/A,N/A,N/A,N/A
375,1770629119979,Practice IR pressed,HH_130_A,true,,true,Spacebar,1,N/A,1348,N/A,N/A,N/A
375,1770629123841,Practice WR pressed,HH_130_A,true,,true,Yes,N/A,1,N/A,3862,N/A,N/A
375,1770629125350,Practice Sentence shown,HH_102_A,true,,,N/A,N/A,N/A,N/A,N/A,N/A,N/A
375,1770629130850,Practice Sentence shown,HL_59_A,,,,N/A,N/A,N/A,N/A,N/A,N/A,N/A
375,1770629136370,Practice Sentence shown,HH_102_A,true,,true,N/A,N/A,N/A,N/A,N/A,N/A,N/A
375,1770629137633,Practice IR pressed,HH_102_A,true,,true,Spacebar,1,N/A,1263,N/A,N/A,N/A
375,1770629139857,Practice WR pressed,HH_102_A,true,,true,Yes,N/A,1,N/A,2224,N/A,N/A
375,1770629261392,Sentence shown,HF_17_A,,,,N/A,N/A,N/A,N/A,N/A,N/A,N/A
375,1770629265403,gap_time,N/A,,,,GapTime_981,N/A,N/A,N/A,N/A,N/A,N/A
375,1770629266400,Sentence shown,HF_7_A,,,,N/A,N/A,N/A,N/A,N/A,N/A,N/A
375,1770629270405,gap_time,N/A,,,,GapTime_702,N/A,N/A,N/A,N/A,N/A,N/A
375,1770629271113,Sentence shown,HF_17_A,,true,true,N/A,N/A,N/A,N/A,N/A,N/A,N/A
375,1770629272441,Validation IR pressed,HF_17_A,,true,true,Spacebar,1,N/A,1328,N/A,N/A,N/A
375,1770629272441,IR pressed,HF_17_A,,true,true,Spacebar,1,N/A,1328,N/A,N/A,N/A
375,1770629276356,WR pressed,HF_17_A,,true,true,Yes,N/A,N/A,N/A,3915,N/A,N/A
375,1770629276357,gap_time,N/A,,true,true,GapTime_997,N/A,N/A,N/A,N/A,N/A,N/A
375,1770629277361,Sentence shown,HF_32_A,,,,N/A,N/A,N/A,N/A,N/A,N/A,N/A
375,1770629281363,gap_time,N/A,,,,GapTime_966,N/A,N/A,N/A,N/A,N/A,N/A
375,1770629282344,Sentence shown,HF_27_A,,,,N/A,N/A,N/A,N/A,N/A,N/A,N/A
375,1770629286346,gap_time,N/A,,,,GapTime_1025,N/A,N/A,N/A,N/A,N/A,N/A
375,1770629287377,Sentence shown,HF_16_A,,,,N/A,N/A,N/A,N/A,N/A,N/A,N/A
375,1770629291392,gap_time,N/A,,,,GapTime_949,N/A,N/A,N/A,N/A,N/A,N/A
375,1770629292346,Sentence shown,HF_6_A,,,,N/A,N/A,N/A,N/A,N/A,N/A,N/A
375,1770629296346,gap_time,N/A,,,,GapTime_1090,N/A,N/A,N/A,N/A,N/A,N/A
375,1770629297445,Sentence shown,HF_27_A,,true,true,N/A,N/A,N/A,N/A,N/A,N/A,N/A
375,1770629298762,Validation IR pressed,HF_27_A,,true,true,Spacebar,1,N/A,1317,N/A,N/A,N/A
375,1770629298762,IR pressed,HF_27_A,,true,true,Spacebar,1,N/A,1317,N/A,N/A,N/A
375,1770629305243,WR pressed,HF_27_A,,true,true,No,N/A,N/A,N/A,6480,N/A,N/A
375,1770629305243,gap_time,N/A,,true,true,GapTime_725,N/A,N/A,N/A,N/A,N/A,N/A
375,1770629305983,Sentence shown,HF_6_A,,true,true,N/A,N/A,N/A,N/A,N/A,N/A,N/A
375,1770629309503,Validation IR pressed,HF_6_A,,true,true,Spacebar,1,N/A,3520,N/A,N/A,N/A
375,1770629309503,IR pressed,HF_6_A,,true,true,Spacebar,1,N/A,3520,N/A,N/A,N/A
375,1770629311569,WR pressed,HF_6_A,,true,true,No,N/A,N/A,N/A,2066,N/A,N/A
375,1770629311569,gap_time,N/A,,true,true,GapTime_1182,N/A,N/A,N/A,N/A,N/A,N/A
375,1770629312762,Sentence shown,HF_5_A,,,,N/A,N/A,N/A,N/A,N/A,N/A,N/A
375,1770629316774,gap_time,N/A,,,,GapTime_1287,N/A,N/A,N/A,N/A,N/A,N/A
375,1770629318077,Sentence shown,HF_16_A,,true,true,N/A,N/A,N/A,N/A,N/A,N/A,N/A
375,1770629321900,Validation IR pressed,HF_16_A,,true,true,Spacebar,1,N/A,3823,N/A,N/A,N/A
375,1770629321900,IR pressed,HF_16_A,,true,true,Spacebar,1,N/A,3823,N/A,N/A,N/A
375,1770629327704,WR pressed,HF_16_A,,true,true,Yes,N/A,N/A,N/A,5804,N/A,N/A
375,1770629327704,gap_time,N/A,,true,true,GapTime_849,N/A,N/A,N/A,N/A,N/A,N/A
375,1770629328569,Sentence shown,HF_25_A,,,,N/A,N/A,N/A,N/A,N/A,N/A,N/A
375,1770629332573,gap_time,N/A,,,,GapTime_959,N/A,N/A,N/A,N/A,N/A,N/A
375,1770629333536,Sentence shown,HF_23_A,,,,N/A,N/A,N/A,N/A,N/A,N/A,N/A
375,1770629337539,gap_time,N/A,,,,GapTime_874,N/A,N/A,N/A,N/A,N/A,N/A
375,1770629338429,Sentence shown,HF_22_A,,,,N/A,N/A,N/A,N/A,N/A,N/A,N/A
375,1770629342430,gap_time,N/A,,,,GapTime_1075,N/A,N/A,N/A,N/A,N/A,N/A
375,1770629343509,Sentence shown,HF_18_A,,,,N/A,N/A,N/A,N/A,N/A,N/A,N/A
375,1770629347520,gap_time,N/A,,,,GapTime_904,N/A,N/A,N/A,N/A,N/A,N/A
375,1770629348434,Sentence shown,HF_9_A,,,,N/A,N/A,N/A,N/A,N/A,N/A,N/A
375,1770629352438,gap_time,N/A,,,,GapTime_1002,N/A,N/A,N/A,N/A,N/A,N/A
375,1770629353453,Sentence shown,HF_18_A,,true,true,N/A,N/A,N/A,N/A,N/A,N/A,N/A
375,1770629354833,Validation IR pressed,HF_18_A,,true,true,Spacebar,1,N/A,1380,N/A,N/A,N/A
375,1770629354833,IR pressed,HF_18_A,,true,true,Spacebar,1,N/A,1380,N/A,N/A,N/A
375,1770629357135,WR pressed,HF_18_A,,true,true,Yes,N/A,N/A,N/A,2302,N/A,N/A
375,1770629357135,gap_time,N/A,,true,true,GapTime_1005,N/A,N/A,N/A,N/A,N/A,N/A
375,1770629358141,Sentence shown,HF_29_A,,,,N/A,N/A,N/A,N/A,N/A,N/A,N/A
375,1770629362145,gap_time,N/A,,,,GapTime_755,N/A,N/A,N/A,N/A,N/A,N/A
375,1770629362907,Sentence shown,HF_29_A,,true,true,N/A,N/A,N/A,N/A,N/A,N/A,N/A
375,1770629364068,Validation IR pressed,HF_29_A,,true,true,Spacebar,1,N/A,1160,N/A,N/A,N/A
375,1770629364068,IR pressed,HF_29_A,,true,true,Spacebar,1,N/A,1160,N/A,N/A,N/A
375,1770629365463,WR pressed,HF_29_A,,true,true,Yes,N/A,N/A,N/A,1395,N/A,N/A
375,1770629365463,gap_time,N/A,,true,true,GapTime_798,N/A,N/A,N/A,N/A,N/A,N/A
375,1770629366262,Sentence shown,LVL_114_P,true,,,N/A,N/A,N/A,N/A,N/A,N/A,N/A
375,1770629370274,gap_time,N/A,true,,,GapTime_820,N/A,N/A,N/A,N/A,N/A,N/A
375,1770629371107,Sentence shown,HF_20_A,,,,N/A,N/A,N/A,N/A,N/A,N/A,N/A
375,1770629375121,gap_time,N/A,,,,GapTime_775,N/A,N/A,N/A,N/A,N/A,N/A
375,1770629375900,Sentence shown,HVL_107_P,true,,,N/A,N/A,N/A,N/A,N/A,N/A,N/A
375,1770629379911,gap_time,N/A,true,,,GapTime_747,N/A,N/A,N/A,N/A,N/A,N/A
375,1770629380663,Sentence shown,LVH_106_P,true,,,N/A,N/A,N/A,N/A,N/A,N/A,N/A
375,1770629384676,gap_time,N/A,true,,,GapTime_911,N/A,N/A,N/A,N/A,N/A,N/A
375,1770629385595,Sentence shown,LVL_125_P,true,,,N/A,N/A,N/A,N/A,N/A,N/A,N/A
375,1770629389599,gap_time,N/A,true,,,GapTime_991,N/A,N/A,N/A,N/A,N/A,N/A
375,1770629390598,Sentence shown,LVL_110_A,true,,,N/A,N/A,N/A,N/A,N/A,N/A,N/A
375,1770629394614,gap_time,N/A,true,,,GapTime_737,N/A,N/A,N/A,N/A,N/A,N/A
375,1770629395364,Sentence shown,HF_15_A,,,,N/A,N/A,N/A,N/A,N/A,N/A,N/A
375,1770629399369,gap_time,N/A,,,,GapTime_1127,N/A,N/A,N/A,N/A,N/A,N/A
375,1770629400501,Sentence shown,LVL_114_A,true,,true,N/A,N/A,N/A,N/A,N/A,N/A,N/A
375,1770629402277,IR pressed,LVL_114_A,true,,true,Spacebar,1,N/A,1776,N/A,N/A,N/A
375,1770629411895,WR pressed,LVL_114_A,true,,true,Yes,N/A,0,N/A,9618,N/A,N/A
375,1770629411896,gap_time,N/A,true,,true,GapTime_955,N/A,N/A,N/A,N/A,N/A,N/A
375,1770629412866,Sentence shown,HF_15_A,,true,true,N/A,N/A,N/A,N/A,N/A,N/A,N/A
375,1770629414209,Validation IR pressed,HF_15_A,,true,true,Spacebar,1,N/A,1343,N/A,N/A,N/A
375,1770629414209,IR pressed,HF_15_A,,true,true,Spacebar,1,N/A,1343,N/A,N/A,N/A
375,1770629423677,WR pressed,HF_15_A,,true,true,Yes,N/A,N/A,N/A,9468,N/A,N/A
375,1770629423677,gap_time,N/A,,true,true,GapTime_841,N/A,N/A,N/A,N/A,N/A,N/A
375,1770629424531,Sentence shown,HF_11_A,,,,N/A,N/A,N/A,N/A,N/A,N/A,N/A
375,1770629428537,gap_time,N/A,,,,GapTime_1267,N/A,N/A,N/A,N/A,N/A,N/A
375,1770629429809,Sentence shown,HF_12_A,,,,N/A,N/A,N/A,N/A,N/A,N/A,N/A
375,1770629433818,gap_time,N/A,,,,GapTime_1125,N/A,N/A,N/A,N/A,N/A,N/A
375,1770629434945,Sentence shown,HH_165_P,true,,,N/A,N/A,N/A,N/A,N/A,N/A,N/A
375,1770629438948,gap_time,N/A,true,,,GapTime_1045,N/A,N/A,N/A,N/A,N/A,N/A
375,1770629440002,Sentence shown,HF_11_A,,true,true,N/A,N/A,N/A,N/A,N/A,N/A,N/A
375,1770629441712,Validation IR pressed,HF_11_A,,true,true,Spacebar,1,N/A,1710,N/A,N/A,N/A
375,1770629441712,IR pressed,HF_11_A,,true,true,Spacebar,1,N/A,1710,N/A,N/A,N/A
375,1770629444377,WR pressed,HF_11_A,,true,true,Yes,N/A,N/A,N/A,2665,N/A,N/A
375,1770629444377,gap_time,N/A,,true,true,GapTime_730,N/A,N/A,N/A,N/A,N/A,N/A
375,1770629445124,Sentence shown,LVL_125_P,true,,true,N/A,N/A,N/A,N/A,N/A,N/A,N/A
375,1770629447530,IR pressed,LVL_125_P,true,,true,Spacebar,1,N/A,2406,N/A,N/A,N/A
375,1770629449226,WR pressed,LVL_125_P,true,,true,Yes,N/A,1,N/A,1695,N/A,N/A
375,1770629449226,gap_time,N/A,true,,true,GapTime_873,N/A,N/A,N/A,N/A,N/A,N/A
375,1770629450104,Sentence shown,HVL_107_P,true,,true,N/A,N/A,N/A,N/A,N/A,N/A,N/A
375,1770629451575,IR pressed,HVL_107_P,true,,true,Spacebar,1,N/A,1471,N/A,N/A,N/A
375,1770629452642,WR pressed,HVL_107_P,true,,true,Yes,N/A,1,N/A,1067,N/A,N/A
375,1770629452643,gap_time,N/A,true,,true,GapTime_905,N/A,N/A,N/A,N/A,N/A,N/A
375,1770629453556,Sentence shown,LVH_106_A,true,,true,N/A,N/A,N/A,N/A,N/A,N/A,N/A
375,1770629455468,IR pressed,LVH_106_A,true,,true,Spacebar,1,N/A,1912,N/A,N/A,N/A
375,1770629461996,WR pressed,LVH_106_A,true,,true,No,N/A,1,N/A,6527,N/A,N/A
375,1770629461996,gap_time,N/A,true,,true,GapTime_700,N/A,N/A,N/A,N/A,N/A,N/A
375,1770629462709,Sentence shown,HF_10_A,,,,N/A,N/A,N/A,N/A,N/A,N/A,N/A
375,1770629466722,gap_time,N/A,,,,GapTime_909,N/A,N/A,N/A,N/A,N/A,N/A
375,1770629467644,Sentence shown,HF_10_A,,true,true,N/A,N/A,N/A,N/A,N/A,N/A,N/A
375,1770629471076,Validation IR pressed,HF_10_A,,true,true,Spacebar,1,N/A,3432,N/A,N/A,N/A
375,1770629471076,IR pressed,HF_10_A,,true,true,Spacebar,1,N/A,3432,N/A,N/A,N/A
375,1770629472665,WR pressed,HF_10_A,,true,true,Yes,N/A,N/A,N/A,1589,N/A,N/A
375,1770629472665,gap_time,N/A,,true,true,GapTime_882,N/A,N/A,N/A,N/A,N/A,N/A
375,1770629473557,Sentence shown,HVL_158_P,true,,,N/A,N/A,N/A,N/A,N/A,N/A,N/A
375,1770629477560,gap_time,N/A,true,,,GapTime_768,N/A,N/A,N/A,N/A,N/A,N/A
375,1770629478339,Sentence shown,HF_24_A,,,,N/A,N/A,N/A,N/A,N/A,N/A,N/A
375,1770629482344,gap_time,N/A,,,,GapTime_782,N/A,N/A,N/A,N/A,N/A,N/A
375,1770629483138,Sentence shown,LVL_110_A,true,,true,N/A,N/A,N/A,N/A,N/A,N/A,N/A
375,1770629484415,IR pressed,LVL_110_A,true,,true,Spacebar,1,N/A,1277,N/A,N/A,N/A
375,1770629487018,WR pressed,LVL_110_A,true,,true,Yes,N/A,1,N/A,2603,N/A,N/A
375,1770629487019,gap_time,N/A,true,,true,GapTime_1194,N/A,N/A,N/A,N/A,N/A,N/A
375,1770629488215,Sentence shown,HF_8_A,,,,N/A,N/A,N/A,N/A,N/A,N/A,N/A
375,1770629491201,Validation Wrong IR pressed,HF_8_A,,,,Spacebar,0,N/A,2986,N/A,N/A,N/A
375,1770629491201,IR pressed,HF_8_A,,,,Spacebar,0,N/A,2986,N/A,N/A,N/A
375,1770629498421,WR pressed,HF_8_A,,,,No,N/A,N/A,N/A,7220,N/A,N/A
375,1770629498422,gap_time,N/A,,,,GapTime_1274,N/A,N/A,N/A,N/A,N/A,N/A
375,1770629499702,Sentence shown,HH_165_A,true,,true,N/A,N/A,N/A,N/A,N/A,N/A,N/A
375,1770629501022,IR pressed,HH_165_A,true,,true,Spacebar,1,N/A,1320,N/A,N/A,N/A
375,1770629502277,WR pressed,HH_165_A,true,,true,Yes,N/A,0,N/A,1255,N/A,N/A
375,1770629502278,gap_time,N/A,true,,true,GapTime_1114,N/A,N/A,N/A,N/A,N/A,N/A
375,1770629503405,Sentence shown,LVH_118_A,true,,,N/A,N/A,N/A,N/A,N/A,N/A,N/A
375,1770629507418,gap_time,N/A,true,,,GapTime_1121,N/A,N/A,N/A,N/A,N/A,N/A
375,1770629508546,Sentence shown,HF_14_A,,,,N/A,N/A,N/A,N/A,N/A,N/A,N/A
375,1770629512549,gap_time,N/A,,,,GapTime_1232,N/A,N/A,N/A,N/A,N/A,N/A
375,1770629513789,Sentence shown,LVH_121_A,true,,,N/A,N/A,N/A,N/A,N/A,N/A,N/A
375,1770629517791,gap_time,N/A,true,,,GapTime_775,N/A,N/A,N/A,N/A,N/A,N/A
375,1770629518571,Sentence shown,HVL_158_A,true,,true,N/A,N/A,N/A,N/A,N/A,N/A,N/A
375,1770629519743,IR pressed,HVL_158_A,true,,true,Spacebar,1,N/A,1172,N/A,N/A,N/A
375,1770629521155,WR pressed,HVL_158_A,true,,true,Yes,N/A,0,N/A,1412,N/A,N/A
375,1770629521155,gap_time,N/A,true,,true,GapTime_1008,N/A,N/A,N/A,N/A,N/A,N/A
375,1770629522167,Sentence shown,LVH_153_P,true,,,N/A,N/A,N/A,N/A,N/A,N/A,N/A
375,1770629526171,gap_time,N/A,true,,,GapTime_897,N/A,N/A,N/A,N/A,N/A,N/A
375,1770629527075,Sentence shown,HF_31_A,,,,N/A,N/A,N/A,N/A,N/A,N/A,N/A
375,1770629529615,Validation Wrong IR pressed,HF_31_A,,,,Spacebar,0,N/A,2540,N/A,N/A,N/A
375,1770629529615,IR pressed,HF_31_A,,,,Spacebar,0,N/A,2540,N/A,N/A,N/A
375,1770629532260,WR pressed,HF_31_A,,,,Yes,N/A,N/A,N/A,2645,N/A,N/A
375,1770629532261,gap_time,N/A,,,,GapTime_1082,N/A,N/A,N/A,N/A,N/A,N/A
375,1770629533357,Sentence shown,HF_4_A,,,,N/A,N/A,N/A,N/A,N/A,N/A,N/A
375,1770629537369,gap_time,N/A,,,,GapTime_1029,N/A,N/A,N/A,N/A,N/A,N/A
375,1770629538413,Sentence shown,HF_26_A,,,,N/A,N/A,N/A,N/A,N/A,N/A,N/A
375,1770629542420,gap_time,N/A,,,,GapTime_1036,N/A,N/A,N/A,N/A,N/A,N/A
375,1770629543466,Sentence shown,HF_33_A,,,,N/A,N/A,N/A,N/A,N/A,N/A,N/A
375,1770629547475,gap_time,N/A,,,,GapTime_1257,N/A,N/A,N/A,N/A,N/A,N/A
375,1770629548740,Sentence shown,LVH_118_A,true,,true,N/A,N/A,N/A,N/A,N/A,N/A,N/A
375,1770629549823,IR pressed,LVH_118_A,true,,true,Spacebar,1,N/A,1083,N/A,N/A,N/A
375,1770629550737,WR pressed,LVH_118_A,true,,true,Yes,N/A,1,N/A,914,N/A,N/A
375,1770629550737,gap_time,N/A,true,,true,GapTime_746,N/A,N/A,N/A,N/A,N/A,N/A
375,1770629551490,Sentence shown,HF_2_A,,,,N/A,N/A,N/A,N/A,N/A,N/A,N/A
375,1770629554716,Validation Wrong IR pressed,HF_2_A,,,,Spacebar,0,N/A,3225,N/A,N/A,N/A
375,1770629554716,IR pressed,HF_2_A,,,,Spacebar,0,N/A,3225,N/A,N/A,N/A
375,1770629556327,WR pressed,HF_2_A,,,,Yes,N/A,N/A,N/A,1611,N/A,N/A
375,1770629556328,gap_time,N/A,,,,GapTime_987,N/A,N/A,N/A,N/A,N/A,N/A
375,1770629557318,Sentence shown,LVH_153_P,true,,true,N/A,N/A,N/A,N/A,N/A,N/A,N/A
375,1770629560032,IR pressed,LVH_153_P,true,,true,Spacebar,1,N/A,2714,N/A,N/A,N/A
375,1770629562503,WR pressed,LVH_153_P,true,,true,Yes,N/A,1,N/A,2471,N/A,N/A
375,1770629562504,gap_time,N/A,true,,true,GapTime_917,N/A,N/A,N/A,N/A,N/A,N/A
375,1770629563433,Sentence shown,HF_28_A,,,,N/A,N/A,N/A,N/A,N/A,N/A,N/A
375,1770629567446,gap_time,N/A,,,,GapTime_771,N/A,N/A,N/A,N/A,N/A,N/A
375,1770629568226,Sentence shown,LVH_121_P,true,,true,N/A,N/A,N/A,N/A,N/A,N/A,N/A
375,1770629569924,IR pressed,LVH_121_P,true,,true,Spacebar,1,N/A,1698,N/A,N/A,N/A
375,1770629572860,WR pressed,LVH_121_P,true,,true,No,N/A,1,N/A,2936,N/A,N/A
375,1770629572860,gap_time,N/A,true,,true,GapTime_1119,N/A,N/A,N/A,N/A,N/A,N/A
375,1770629573990,Sentence shown,HF_19_A,,,,N/A,N/A,N/A,N/A,N/A,N/A,N/A
375,1770629578003,gap_time,N/A,,,,GapTime_1083,N/A,N/A,N/A,N/A,N/A,N/A
375,1770629579098,Sentence shown,HH_167_P,true,,,N/A,N/A,N/A,N/A,N/A,N/A,N/A
375,1770629583113,gap_time,N/A,true,,,GapTime_1094,N/A,N/A,N/A,N/A,N/A,N/A
375,1770629584222,Sentence shown,HF_30_A,,,,N/A,N/A,N/A,N/A,N/A,N/A,N/A
375,1770629588226,gap_time,N/A,,,,GapTime_1228,N/A,N/A,N/A,N/A,N/A,N/A
375,1770629589456,Sentence shown,HF_19_A,,true,true,N/A,N/A,N/A,N/A,N/A,N/A,N/A
375,1770629591793,Validation IR pressed,HF_19_A,,true,true,Spacebar,1,N/A,2337,N/A,N/A,N/A
375,1770629591793,IR pressed,HF_19_A,,true,true,Spacebar,1,N/A,2337,N/A,N/A,N/A
375,1770629593715,WR pressed,HF_19_A,,true,true,Yes,N/A,N/A,N/A,1922,N/A,N/A
375,1770629593715,gap_time,N/A,,true,true,GapTime_924,N/A,N/A,N/A,N/A,N/A,N/A
375,1770629594642,Sentence shown,HF_1_A,,,,N/A,N/A,N/A,N/A,N/A,N/A,N/A
375,1770629596213,Validation Wrong IR pressed,HF_1_A,,,,Spacebar,0,N/A,1571,N/A,N/A,N/A
375,1770629596213,IR pressed,HF_1_A,,,,Spacebar,0,N/A,1571,N/A,N/A,N/A
375,1770629597234,WR pressed,HF_1_A,,,,Yes,N/A,N/A,N/A,1021,N/A,N/A
375,1770629597234,gap_time,N/A,,,,GapTime_725,N/A,N/A,N/A,N/A,N/A,N/A
375,1770629597972,Sentence shown,LVL_129_A,true,,,N/A,N/A,N/A,N/A,N/A,N/A,N/A
375,1770629601976,gap_time,N/A,true,,,GapTime_1172,N/A,N/A,N/A,N/A,N/A,N/A
375,1770629603148,Sentence shown,HF_13_A,,,,N/A,N/A,N/A,N/A,N/A,N/A,N/A
375,1770629605823,Validation Wrong IR pressed,HF_13_A,,,,Spacebar,0,N/A,2675,N/A,N/A,N/A
375,1770629605823,IR pressed,HF_13_A,,,,Spacebar,0,N/A,2675,N/A,N/A,N/A
375,1770629619428,WR pressed,HF_13_A,,,,Yes,N/A,N/A,N/A,13605,N/A,N/A
375,1770629619429,gap_time,N/A,,,,GapTime_1014,N/A,N/A,N/A,N/A,N/A,N/A
375,1770629620454,Sentence shown,HH_162_A,true,,,N/A,N/A,N/A,N/A,N/A,N/A,N/A
375,1770629624457,gap_time,N/A,true,,,GapTime_916,N/A,N/A,N/A,N/A,N/A,N/A
375,1770629625378,Sentence shown,HVL_112_A,true,,,N/A,N/A,N/A,N/A,N/A,N/A,N/A
375,1770629629394,gap_time,N/A,true,,,GapTime_956,N/A,N/A,N/A,N/A,N/A,N/A
375,1770629630362,Sentence shown,HH_167_P,true,,true,N/A,N/A,N/A,N/A,N/A,N/A,N/A
375,1770629632116,IR pressed,HH_167_P,true,,true,Spacebar,1,N/A,1754,N/A,N/A,N/A
375,1770629643384,WR pressed,HH_167_P,true,,true,No,N/A,0,N/A,11268,N/A,N/A
375,1770629643385,gap_time,N/A,true,,true,GapTime_828,N/A,N/A,N/A,N/A,N/A,N/A
375,1770629644220,Sentence shown,HH_150_A,true,,,N/A,N/A,N/A,N/A,N/A,N/A,N/A
375,1770629648233,gap_time,N/A,true,,,GapTime_743,N/A,N/A,N/A,N/A,N/A,N/A
375,1770629648984,Sentence shown,HVL_100_A,true,,,N/A,N/A,N/A,N/A,N/A,N/A,N/A
375,1770629653001,gap_time,N/A,true,,,GapTime_1111,N/A,N/A,N/A,N/A,N/A,N/A
375,1770629654125,Sentence shown,HF_21_A,,,,N/A,N/A,N/A,N/A,N/A,N/A,N/A
375,1770629657745,Validation Wrong IR pressed,HF_21_A,,,,Spacebar,0,N/A,3620,N/A,N/A,N/A
375,1770629657745,IR pressed,HF_21_A,,,,Spacebar,0,N/A,3620,N/A,N/A,N/A
375,1770629666755,WR pressed,HF_21_A,,,,No,N/A,N/A,N/A,9010,N/A,N/A
375,1770629666756,gap_time,N/A,,,,GapTime_743,N/A,N/A,N/A,N/A,N/A,N/A
375,1770629667513,Sentence shown,LVL_129_P,true,,true,N/A,N/A,N/A,N/A,N/A,N/A,N/A
375,1770629671526,gap_time,N/A,true,,true,GapTime_722,N/A,N/A,N/A,N/A,N/A,N/A
375,1770629672258,Sentence shown,HH_162_A,true,,true,N/A,N/A,N/A,N/A,N/A,N/A,N/A
375,1770629674782,IR pressed,HH_162_A,true,,true,Spacebar,1,N/A,2524,N/A,N/A,N/A
375,1770629684536,WR pressed,HH_162_A,true,,true,Yes,N/A,1,N/A,9754,N/A,N/A
375,1770629684536,gap_time,N/A,true,,true,GapTime_932,N/A,N/A,N/A,N/A,N/A,N/A
375,1770629685470,Sentence shown,HVL_112_P,true,,true,N/A,N/A,N/A,N/A,N/A,N/A,N/A
375,1770629689481,gap_time,N/A,true,,true,GapTime_1152,N/A,N/A,N/A,N/A,N/A,N/A
375,1770629690640,Sentence shown,HH_150_P,true,,true,N/A,N/A,N/A,N/A,N/A,N/A,N/A
375,1770629692219,IR pressed,HH_150_P,true,,true,Spacebar,1,N/A,1579,N/A,N/A,N/A
375,1770629693221,WR pressed,HH_150_P,true,,true,No,N/A,1,N/A,1002,N/A,N/A
375,1770629693222,gap_time,N/A,true,,true,GapTime_1033,N/A,N/A,N/A,N/A,N/A,N/A
375,1770629694265,Sentence shown,HVL_100_A,true,,true,N/A,N/A,N/A,N/A,N/A,N/A,N/A
375,1770629696258,IR pressed,HVL_100_A,true,,true,Spacebar,1,N/A,1993,N/A,N/A,N/A
375,1770629697565,WR pressed,HVL_100_A,true,,true,Yes,N/A,1,N/A,1307,N/A,N/A
375,1770629697566,gap_time,N/A,true,,true,GapTime_822,N/A,N/A,N/A,N/A,N/A,N/A
375,1770629698391,Rest Phase started,N/A,true,,true,Rest,N/A,N/A,N/A,N/A,N/A,N/A
375,1770630256025,Sentence shown,HF_65_A,,,,N/A,N/A,N/A,N/A,N/A,N/A,N/A
375,1770630260030,gap_time,N/A,,,,GapTime_1167,N/A,N/A,N/A,N/A,N/A,N/A
375,1770630261214,Sentence shown,HF_65_A,,true,true,N/A,N/A,N/A,N/A,N/A,N/A,N/A
375,1770630262328,Validation IR pressed,HF_65_A,,true,true,Spacebar,1,N/A,1114,N/A,N/A,N/A
375,1770630262328,IR pressed,HF_65_A,,true,true,Spacebar,1,N/A,1114,N/A,N/A,N/A
375,1770630264911,WR pressed,HF_65_A,,true,true,Yes,N/A,N/A,N/A,2583,N/A,N/A
375,1770630264911,gap_time,N/A,,true,true,GapTime_985,N/A,N/A,N/A,N/A,N/A,N/A
375,1770630265906,Sentence shown,HF_38_A,,,,N/A,N/A,N/A,N/A,N/A,N/A,N/A
375,1770630269921,gap_time,N/A,,,,GapTime_736,N/A,N/A,N/A,N/A,N/A,N/A
375,1770630270669,Sentence shown,HF_64_A,,,,N/A,N/A,N/A,N/A,N/A,N/A,N/A
375,1770630274685,gap_time,N/A,,,,GapTime_767,N/A,N/A,N/A,N/A,N/A,N/A
375,1770630275455,Sentence shown,HH_153_P,true,,,N/A,N/A,N/A,N/A,N/A,N/A,N/A
375,1770630279459,gap_time,N/A,true,,,GapTime_1227,N/A,N/A,N/A,N/A,N/A,N/A
375,1770630280691,Sentence shown,HF_38_A,,true,true,N/A,N/A,N/A,N/A,N/A,N/A,N/A
375,1770630282902,Validation IR pressed,HF_38_A,,true,true,Spacebar,1,N/A,2211,N/A,N/A,N/A
375,1770630282902,IR pressed,HF_38_A,,true,true,Spacebar,1,N/A,2211,N/A,N/A,N/A
375,1770630285999,WR pressed,HF_38_A,,true,true,Yes,N/A,N/A,N/A,3097,N/A,N/A
375,1770630286000,gap_time,N/A,,true,true,GapTime_904,N/A,N/A,N/A,N/A,N/A,N/A
375,1770630286920,Sentence shown,HVL_163_A,true,,,N/A,N/A,N/A,N/A,N/A,N/A,N/A
375,1770630290925,gap_time,N/A,true,,,GapTime_755,N/A,N/A,N/A,N/A,N/A,N/A
375,1770630291690,Sentence shown,HF_54_A,,,,N/A,N/A,N/A,N/A,N/A,N/A,N/A
375,1770630295697,gap_time,N/A,,,,GapTime_1078,N/A,N/A,N/A,N/A,N/A,N/A
375,1770630296777,Sentence shown,HF_54_A,,true,true,N/A,N/A,N/A,N/A,N/A,N/A,N/A
375,1770630297830,Validation IR pressed,HF_54_A,,true,true,Spacebar,1,N/A,1053,N/A,N/A,N/A
375,1770630297830,IR pressed,HF_54_A,,true,true,Spacebar,1,N/A,1053,N/A,N/A,N/A
375,1770630299119,WR pressed,HF_54_A,,true,true,Yes,N/A,N/A,N/A,1289,N/A,N/A
375,1770630299120,gap_time,N/A,,true,true,GapTime_1274,N/A,N/A,N/A,N/A,N/A,N/A
375,1770630300404,Sentence shown,HF_46_A,,,,N/A,N/A,N/A,N/A,N/A,N/A,N/A
375,1770630304414,gap_time,N/A,,,,GapTime_1225,N/A,N/A,N/A,N/A,N/A,N/A
375,1770630305653,Sentence shown,HF_55_A,,,,N/A,N/A,N/A,N/A,N/A,N/A,N/A
375,1770630309659,gap_time,N/A,,,,GapTime_1261,N/A,N/A,N/A,N/A,N/A,N/A
375,1770630310929,Sentence shown,HH_144_P,true,,,N/A,N/A,N/A,N/A,N/A,N/A,N/A
375,1770630314931,gap_time,N/A,true,,,GapTime_897,N/A,N/A,N/A,N/A,N/A,N/A
375,1770630315834,Sentence shown,HF_55_A,,true,true,N/A,N/A,N/A,N/A,N/A,N/A,N/A
375,1770630317717,Validation IR pressed,HF_55_A,,true,true,Spacebar,1,N/A,1883,N/A,N/A,N/A
375,1770630317717,IR pressed,HF_55_A,,true,true,Spacebar,1,N/A,1883,N/A,N/A,N/A
375,1770630322462,WR pressed,HF_55_A,,true,true,Yes,N/A,N/A,N/A,4745,N/A,N/A
375,1770630322463,gap_time,N/A,,true,true,GapTime_1148,N/A,N/A,N/A,N/A,N/A,N/A
375,1770630323627,Sentence shown,LVL_122_A,true,,,N/A,N/A,N/A,N/A,N/A,N/A,N/A
375,1770630327642,gap_time,N/A,true,,,GapTime_1035,N/A,N/A,N/A,N/A,N/A,N/A
375,1770630328692,Sentence shown,HVL_163_A,true,,true,N/A,N/A,N/A,N/A,N/A,N/A,N/A
375,1770630329663,IR pressed,HVL_163_A,true,,true,Spacebar,1,N/A,971,N/A,N/A,N/A
375,1770630330649,WR pressed,HVL_163_A,true,,true,Yes,N/A,1,N/A,986,N/A,N/A
375,1770630330649,gap_time,N/A,true,,true,GapTime_819,N/A,N/A,N/A,N/A,N/A,N/A
375,1770630331482,Sentence shown,HF_52_A,,,,N/A,N/A,N/A,N/A,N/A,N/A,N/A
375,1770630335491,gap_time,N/A,,,,GapTime_919,N/A,N/A,N/A,N/A,N/A,N/A
375,1770630336412,Sentence shown,HH_153_A,true,,true,N/A,N/A,N/A,N/A,N/A,N/A,N/A
375,1770630337864,IR pressed,HH_153_A,true,,true,Spacebar,1,N/A,1452,N/A,N/A,N/A
375,1770630340991,WR pressed,HH_153_A,true,,true,Yes,N/A,0,N/A,3127,N/A,N/A
375,1770630340991,gap_time,N/A,true,,true,GapTime_971,N/A,N/A,N/A,N/A,N/A,N/A
375,1770630341975,Sentence shown,HF_58_A,,,,N/A,N/A,N/A,N/A,N/A,N/A,N/A
375,1770630345990,gap_time,N/A,,,,GapTime_1173,N/A,N/A,N/A,N/A,N/A,N/A
375,1770630347178,Sentence shown,HH_144_P,true,,true,N/A,N/A,N/A,N/A,N/A,N/A,N/A
375,1770630349080,IR pressed,HH_144_P,true,,true,Spacebar,1,N/A,1902,N/A,N/A,N/A
375,1770630352671,WR pressed,HH_144_P,true,,true,Yes,N/A,1,N/A,3590,N/A,N/A
375,1770630352671,gap_time,N/A,true,,true,GapTime_972,N/A,N/A,N/A,N/A,N/A,N/A
375,1770630353651,Sentence shown,HF_58_A,,true,true,N/A,N/A,N/A,N/A,N/A,N/A,N/A
375,1770630354901,Validation IR pressed,HF_58_A,,true,true,Spacebar,1,N/A,1250,N/A,N/A,N/A
375,1770630354901,IR pressed,HF_58_A,,true,true,Spacebar,1,N/A,1250,N/A,N/A,N/A
375,1770630356275,WR pressed,HF_58_A,,true,true,Yes,N/A,N/A,N/A,1374,N/A,N/A
375,1770630356275,gap_time,N/A,,true,true,GapTime_974,N/A,N/A,N/A,N/A,N/A,N/A
375,1770630357255,Sentence shown,HF_51_A,,,,N/A,N/A,N/A,N/A,N/A,N/A,N/A
375,1770630361271,gap_time,N/A,,,,GapTime_926,N/A,N/A,N/A,N/A,N/A,N/A
375,1770630362208,Sentence shown,LVL_122_A,true,,true,N/A,N/A,N/A,N/A,N/A,N/A,N/A
375,1770630363593,IR pressed,LVL_122_A,true,,true,Spacebar,1,N/A,1385,N/A,N/A,N/A
375,1770630364735,WR pressed,LVL_122_A,true,,true,Yes,N/A,1,N/A,1142,N/A,N/A
375,1770630364736,gap_time,N/A,true,,true,GapTime_898,N/A,N/A,N/A,N/A,N/A,N/A
375,1770630365642,Sentence shown,HF_36_A,,,,N/A,N/A,N/A,N/A,N/A,N/A,N/A
375,1770630369654,gap_time,N/A,,,,GapTime_1030,N/A,N/A,N/A,N/A,N/A,N/A
375,1770630370696,Sentence shown,HF_62_A,,,,N/A,N/A,N/A,N/A,N/A,N/A,N/A
375,1770630374713,gap_time,N/A,,,,GapTime_777,N/A,N/A,N/A,N/A,N/A,N/A
375,1770630375494,Sentence shown,HVL_110_P,true,,,N/A,N/A,N/A,N/A,N/A,N/A,N/A
375,1770630379497,gap_time,N/A,true,,,GapTime_858,N/A,N/A,N/A,N/A,N/A,N/A
375,1770630380369,Sentence shown,HF_43_A,,,,N/A,N/A,N/A,N/A,N/A,N/A,N/A
375,1770630384375,gap_time,N/A,,,,GapTime_1245,N/A,N/A,N/A,N/A,N/A,N/A
375,1770630385637,Sentence shown,HH_137_A,true,,,N/A,N/A,N/A,N/A,N/A,N/A,N/A
375,1770630389640,gap_time,N/A,true,,,GapTime_1118,N/A,N/A,N/A,N/A,N/A,N/A
375,1770630390762,Sentence shown,HF_43_A,,true,true,N/A,N/A,N/A,N/A,N/A,N/A,N/A
375,1770630391606,Validation IR pressed,HF_43_A,,true,true,Spacebar,1,N/A,844,N/A,N/A,N/A
375,1770630391606,IR pressed,HF_43_A,,true,true,Spacebar,1,N/A,844,N/A,N/A,N/A
375,1770630393018,WR pressed,HF_43_A,,true,true,Yes,N/A,N/A,N/A,1412,N/A,N/A
375,1770630393018,gap_time,N/A,,true,true,GapTime_709,N/A,N/A,N/A,N/A,N/A,N/A
375,1770630393730,Sentence shown,HF_44_A,,,,N/A,N/A,N/A,N/A,N/A,N/A,N/A
375,1770630397742,gap_time,N/A,,,,GapTime_977,N/A,N/A,N/A,N/A,N/A,N/A
375,1770630398731,Sentence shown,HF_44_A,,true,true,N/A,N/A,N/A,N/A,N/A,N/A,N/A
375,1770630399887,Validation IR pressed,HF_44_A,,true,true,Spacebar,1,N/A,1156,N/A,N/A,N/A
375,1770630399887,IR pressed,HF_44_A,,true,true,Spacebar,1,N/A,1156,N/A,N/A,N/A
375,1770630400887,WR pressed,HF_44_A,,true,true,Yes,N/A,N/A,N/A,1000,N/A,N/A
375,1770630400887,gap_time,N/A,,true,true,GapTime_701,N/A,N/A,N/A,N/A,N/A,N/A
375,1770630401592,Sentence shown,HF_60_A,,,,N/A,N/A,N/A,N/A,N/A,N/A,N/A
375,1770630405600,gap_time,N/A,,,,GapTime_1102,N/A,N/A,N/A,N/A,N/A,N/A
375,1770630406710,Sentence shown,HVL_110_P,true,,true,N/A,N/A,N/A,N/A,N/A,N/A,N/A
375,1770630408600,IR pressed,HVL_110_P,true,,true,Spacebar,1,N/A,1890,N/A,N/A,N/A
375,1770630411284,WR pressed,HVL_110_P,true,,true,Yes,N/A,1,N/A,2684,N/A,N/A
375,1770630411285,gap_time,N/A,true,,true,GapTime_902,N/A,N/A,N/A,N/A,N/A,N/A
375,1770630412192,Sentence shown,HF_40_A,,,,N/A,N/A,N/A,N/A,N/A,N/A,N/A
375,1770630416193,gap_time,N/A,,,,GapTime_1147,N/A,N/A,N/A,N/A,N/A,N/A
375,1770630417350,Sentence shown,HF_48_A,,,,N/A,N/A,N/A,N/A,N/A,N/A,N/A
375,1770630421356,gap_time,N/A,,,,GapTime_1093,N/A,N/A,N/A,N/A,N/A,N/A
375,1770630422464,Sentence shown,LVL_100_P,true,,,N/A,N/A,N/A,N/A,N/A,N/A,N/A
375,1770630426480,gap_time,N/A,true,,,GapTime_721,N/A,N/A,N/A,N/A,N/A,N/A
375,1770630427215,Sentence shown,HF_53_A,,,,N/A,N/A,N/A,N/A,N/A,N/A,N/A
375,1770630431219,gap_time,N/A,,,,GapTime_1029,N/A,N/A,N/A,N/A,N/A,N/A
375,1770630432257,Sentence shown,HH_137_A,true,,true,N/A,N/A,N/A,N/A,N/A,N/A,N/A
375,1770630436255,gap_time,N/A,true,,true,GapTime_1249,N/A,N/A,N/A,N/A,N/A,N/A
375,1770630437511,Sentence shown,HF_61_A,,,,N/A,N/A,N/A,N/A,N/A,N/A,N/A
375,1770630441514,gap_time,N/A,,,,GapTime_1120,N/A,N/A,N/A,N/A,N/A,N/A
375,1770630442644,Sentence shown,HF_45_A,,,,N/A,N/A,N/A,N/A,N/A,N/A,N/A
375,1770630446655,gap_time,N/A,,,,GapTime_1136,N/A,N/A,N/A,N/A,N/A,N/A
375,1770630447798,Sentence shown,HH_176_A,true,,,N/A,N/A,N/A,N/A,N/A,N/A,N/A
375,1770630451800,gap_time,N/A,true,,,GapTime_770,N/A,N/A,N/A,N/A,N/A,N/A
375,1770630452584,Sentence shown,LVH_109_A,true,,,N/A,N/A,N/A,N/A,N/A,N/A,N/A
375,1770630456592,gap_time,N/A,true,,,GapTime_771,N/A,N/A,N/A,N/A,N/A,N/A
375,1770630457373,Sentence shown,HF_35_A,,,,N/A,N/A,N/A,N/A,N/A,N/A,N/A
375,1770630461376,gap_time,N/A,,,,GapTime_831,N/A,N/A,N/A,N/A,N/A,N/A
375,1770630462215,Sentence shown,LVL_100_A,true,,true,N/A,N/A,N/A,N/A,N/A,N/A,N/A
375,1770630464392,IR pressed,LVL_100_A,true,,true,Spacebar,1,N/A,2177,N/A,N/A,N/A
375,1770630468958,WR pressed,LVL_100_A,true,,true,Yes,N/A,0,N/A,4566,N/A,N/A
375,1770630468959,gap_time,N/A,true,,true,GapTime_1203,N/A,N/A,N/A,N/A,N/A,N/A
375,1770630470169,Sentence shown,HF_35_A,,true,true,N/A,N/A,N/A,N/A,N/A,N/A,N/A
375,1770630471922,Validation IR pressed,HF_35_A,,true,true,Spacebar,1,N/A,1753,N/A,N/A,N/A
375,1770630471922,IR pressed,HF_35_A,,true,true,Spacebar,1,N/A,1753,N/A,N/A,N/A
375,1770630472993,WR pressed,HF_35_A,,true,true,Yes,N/A,N/A,N/A,1071,N/A,N/A
375,1770630472993,gap_time,N/A,,true,true,GapTime_723,N/A,N/A,N/A,N/A,N/A,N/A
375,1770630473724,Sentence shown,LVH_133_A,true,,,N/A,N/A,N/A,N/A,N/A,N/A,N/A
375,1770630477729,gap_time,N/A,true,,,GapTime_884,N/A,N/A,N/A,N/A,N/A,N/A
375,1770630478619,Sentence shown,LVL_115_A,true,,,N/A,N/A,N/A,N/A,N/A,N/A,N/A
375,1770630482635,gap_time,N/A,true,,,GapTime_971,N/A,N/A,N/A,N/A,N/A,N/A
375,1770630483617,Sentence shown,HVL_103_A,true,,,N/A,N/A,N/A,N/A,N/A,N/A,N/A
375,1770630487630,gap_time,N/A,true,,,GapTime_882,N/A,N/A,N/A,N/A,N/A,N/A
375,1770630488517,Sentence shown,HF_57_A,,,,N/A,N/A,N/A,N/A,N/A,N/A,N/A
375,1770630490425,Validation Wrong IR pressed,HF_57_A,,,,Spacebar,0,N/A,1908,N/A,N/A,N/A
375,1770630490425,IR pressed,HF_57_A,,,,Spacebar,0,N/A,1908,N/A,N/A,N/A
375,1770630494510,WR pressed,HF_57_A,,,,Yes,N/A,N/A,N/A,4085,N/A,N/A
375,1770630494510,gap_time,N/A,,,,GapTime_912,N/A,N/A,N/A,N/A,N/A,N/A
375,1770630495436,Sentence shown,HF_50_A,,,,N/A,N/A,N/A,N/A,N/A,N/A,N/A
375,1770630499443,gap_time,N/A,,,,GapTime_853,N/A,N/A,N/A,N/A,N/A,N/A
375,1770630500307,Sentence shown,HH_176_P,true,,true,N/A,N/A,N/A,N/A,N/A,N/A,N/A
375,1770630502264,IR pressed,HH_176_P,true,,true,Spacebar,1,N/A,1957,N/A,N/A,N/A
375,1770630503862,WR pressed,HH_176_P,true,,true,No,N/A,1,N/A,1598,N/A,N/A
375,1770630503862,gap_time,N/A,true,,true,GapTime_878,N/A,N/A,N/A,N/A,N/A,N/A
375,1770630504744,Sentence shown,LVH_109_P,true,,true,N/A,N/A,N/A,N/A,N/A,N/A,N/A
375,1770630506842,IR pressed,LVH_109_P,true,,true,Spacebar,1,N/A,2098,N/A,N/A,N/A
375,1770630509339,WR pressed,LVH_109_P,true,,true,No,N/A,1,N/A,2497,N/A,N/A
375,1770630509339,gap_time,N/A,true,,true,GapTime_1038,N/A,N/A,N/A,N/A,N/A,N/A
375,1770630510391,Sentence shown,HF_49_A,,,,N/A,N/A,N/A,N/A,N/A,N/A,N/A
375,1770630514395,gap_time,N/A,,,,GapTime_874,N/A,N/A,N/A,N/A,N/A,N/A
375,1770630515285,Sentence shown,HVL_134_P,true,,,N/A,N/A,N/A,N/A,N/A,N/A,N/A
375,1770630519287,gap_time,N/A,true,,,GapTime_1121,N/A,N/A,N/A,N/A,N/A,N/A
375,1770630520424,Sentence shown,LVH_133_A,true,,true,N/A,N/A,N/A,N/A,N/A,N/A,N/A
375,1770630521651,IR pressed,LVH_133_A,true,,true,Spacebar,1,N/A,1227,N/A,N/A,N/A
375,1770630522696,WR pressed,LVH_133_A,true,,true,Yes,N/A,1,N/A,1045,N/A,N/A
375,1770630522696,gap_time,N/A,true,,true,GapTime_1060,N/A,N/A,N/A,N/A,N/A,N/A
375,1770630523770,Sentence shown,HF_39_A,,,,N/A,N/A,N/A,N/A,N/A,N/A,N/A
375,1770630527774,gap_time,N/A,,,,GapTime_985,N/A,N/A,N/A,N/A,N/A,N/A
375,1770630528772,Sentence shown,LVL_115_P,true,,true,N/A,N/A,N/A,N/A,N/A,N/A,N/A
375,1770630532775,gap_time,N/A,true,,true,GapTime_1184,N/A,N/A,N/A,N/A,N/A,N/A
375,1770630533974,Sentence shown,HVL_103_P,true,,true,N/A,N/A,N/A,N/A,N/A,N/A,N/A
375,1770630535435,IR pressed,HVL_103_P,true,,true,Spacebar,1,N/A,1461,N/A,N/A,N/A
375,1770630545463,WR pressed,HVL_103_P,true,,true,Yes,N/A,0,N/A,10028,N/A,N/A
375,1770630545464,gap_time,N/A,true,,true,GapTime_744,N/A,N/A,N/A,N/A,N/A,N/A
375,1770630546222,Sentence shown,LVH_164_P,true,,,N/A,N/A,N/A,N/A,N/A,N/A,N/A
375,1770630550231,gap_time,N/A,true,,,GapTime_1039,N/A,N/A,N/A,N/A,N/A,N/A
375,1770630551283,Sentence shown,HF_42_A,,,,N/A,N/A,N/A,N/A,N/A,N/A,N/A
375,1770630555290,gap_time,N/A,,,,GapTime_1210,N/A,N/A,N/A,N/A,N/A,N/A
375,1770630556509,Sentence shown,LVL_111_P,true,,,N/A,N/A,N/A,N/A,N/A,N/A,N/A
375,1770630560520,gap_time,N/A,true,,,GapTime_1020,N/A,N/A,N/A,N/A,N/A,N/A
375,1770630561549,Sentence shown,HF_34_A,,,,N/A,N/A,N/A,N/A,N/A,N/A,N/A
375,1770630564497,Validation Wrong IR pressed,HF_34_A,,,,Spacebar,0,N/A,2948,N/A,N/A,N/A
375,1770630564497,IR pressed,HF_34_A,,,,Spacebar,0,N/A,2948,N/A,N/A,N/A
375,1770630566341,WR pressed,HF_34_A,,,,Yes,N/A,N/A,N/A,1844,N/A,N/A
375,1770630566341,gap_time,N/A,,,,GapTime_1226,N/A,N/A,N/A,N/A,N/A,N/A
375,1770630567581,Sentence shown,HF_47_A,,,,N/A,N/A,N/A,N/A,N/A,N/A,N/A
375,1770630571583,gap_time,N/A,,,,GapTime_979,N/A,N/A,N/A,N/A,N/A,N/A
375,1770630572570,Sentence shown,HVL_134_A,true,,true,N/A,N/A,N/A,N/A,N/A,N/A,N/A
375,1770630574837,IR pressed,HVL_134_A,true,,true,Spacebar,1,N/A,2267,N/A,N/A,N/A
375,1770630577326,WR pressed,HVL_134_A,true,,true,No,N/A,1,N/A,2489,N/A,N/A
375,1770630577326,gap_time,N/A,true,,true,GapTime_1263,N/A,N/A,N/A,N/A,N/A,N/A
375,1770630578593,Sentence shown,LVH_164_A,true,,true,N/A,N/A,N/A,N/A,N/A,N/A,N/A
375,1770630580513,IR pressed,LVH_164_A,true,,true,Spacebar,1,N/A,1920,N/A,N/A,N/A
375,1770630582870,WR pressed,LVH_164_A,true,,true,No,N/A,1,N/A,2357,N/A,N/A
375,1770630582870,gap_time,N/A,true,,true,GapTime_1038,N/A,N/A,N/A,N/A,N/A,N/A
375,1770630583925,Sentence shown,HF_56_A,,,,N/A,N/A,N/A,N/A,N/A,N/A,N/A
375,1770630587935,gap_time,N/A,,,,GapTime_945,N/A,N/A,N/A,N/A,N/A,N/A
375,1770630588884,Sentence shown,HF_63_A,,,,N/A,N/A,N/A,N/A,N/A,N/A,N/A
375,1770630592890,gap_time,N/A,,,,GapTime_1007,N/A,N/A,N/A,N/A,N/A,N/A
375,1770630593902,Sentence shown,HF_37_A,,,,N/A,N/A,N/A,N/A,N/A,N/A,N/A
375,1770630597904,gap_time,N/A,,,,GapTime_962,N/A,N/A,N/A,N/A,N/A,N/A
375,1770630598873,Sentence shown,LVL_111_P,true,,true,N/A,N/A,N/A,N/A,N/A,N/A,N/A
375,1770630602266,IR pressed,LVL_111_P,true,,true,Spacebar,1,N/A,3393,N/A,N/A,N/A
375,1770630605623,WR pressed,LVL_111_P,true,,true,No,N/A,0,N/A,3357,N/A,N/A
375,1770630605624,gap_time,N/A,true,,true,GapTime_1139,N/A,N/A,N/A,N/A,N/A,N/A
375,1770630606775,Sentence shown,HF_41_A,,,,N/A,N/A,N/A,N/A,N/A,N/A,N/A
375,1770630610777,gap_time,N/A,,,,GapTime_1170,N/A,N/A,N/A,N/A,N/A,N/A
375,1770630611950,Sentence shown,LVH_105_P,true,,,N/A,N/A,N/A,N/A,N/A,N/A,N/A
375,1770630615966,gap_time,N/A,true,,,GapTime_1009,N/A,N/A,N/A,N/A,N/A,N/A
375,1770630616982,Sentence shown,HF_59_A,,,,N/A,N/A,N/A,N/A,N/A,N/A,N/A
375,1770630620994,gap_time,N/A,,,,GapTime_848,N/A,N/A,N/A,N/A,N/A,N/A
375,1770630621857,Sentence shown,HF_41_A,,true,true,N/A,N/A,N/A,N/A,N/A,N/A,N/A
375,1770630623599,Validation IR pressed,HF_41_A,,true,true,Spacebar,1,N/A,1742,N/A,N/A,N/A
375,1770630623599,IR pressed,HF_41_A,,true,true,Spacebar,1,N/A,1742,N/A,N/A,N/A
375,1770630632083,WR pressed,HF_41_A,,true,true,No,N/A,N/A,N/A,8484,N/A,N/A
375,1770630632084,gap_time,N/A,,true,true,GapTime_1132,N/A,N/A,N/A,N/A,N/A,N/A
375,1770630633223,Sentence shown,LVH_105_P,true,,true,N/A,N/A,N/A,N/A,N/A,N/A,N/A
375,1770630634866,IR pressed,LVH_105_P,true,,true,Spacebar,1,N/A,1643,N/A,N/A,N/A
375,1770630636532,WR pressed,LVH_105_P,true,,true,Yes,N/A,1,N/A,1665,N/A,N/A
375,1770630636532,gap_time,N/A,true,,true,GapTime_936,N/A,N/A,N/A,N/A,N/A,N/A
375,1770630637485,Sentence shown,HF_59_A,,true,true,N/A,N/A,N/A,N/A,N/A,N/A,N/A
375,1770630638683,Validation IR pressed,HF_59_A,,true,true,Spacebar,1,N/A,1198,N/A,N/A,N/A
375,1770630638683,IR pressed,HF_59_A,,true,true,Spacebar,1,N/A,1198,N/A,N/A,N/A
375,1770630639292,WR pressed,HF_59_A,,true,true,Yes,N/A,N/A,N/A,609,N/A,N/A
375,1770630639292,gap_time,N/A,,true,true,GapTime_719,N/A,N/A,N/A,N/A,N/A,N/A
375,1770630640017,Rest Phase started,N/A,,true,true,Rest,N/A,N/A,N/A,N/A,N/A,N/A
375,1770631191739,Sentence shown,HF_79_A,,,,N/A,N/A,N/A,N/A,N/A,N/A,N/A
375,1770631195745,gap_time,N/A,,,,GapTime_1226,N/A,N/A,N/A,N/A,N/A,N/A
375,1770631196975,Sentence shown,HF_79_A,,true,true,N/A,N/A,N/A,N/A,N/A,N/A,N/A
375,1770631197799,Validation IR pressed,HF_79_A,,true,true,Spacebar,1,N/A,824,N/A,N/A,N/A
375,1770631197799,IR pressed,HF_79_A,,true,true,Spacebar,1,N/A,824,N/A,N/A,N/A
375,1770631198827,WR pressed,HF_79_A,,true,true,Yes,N/A,N/A,N/A,1028,N/A,N/A
375,1770631198828,gap_time,N/A,,true,true,GapTime_1197,N/A,N/A,N/A,N/A,N/A,N/A
375,1770631200040,Sentence shown,HF_66_A,,,,N/A,N/A,N/A,N/A,N/A,N/A,N/A
375,1770631204048,gap_time,N/A,,,,GapTime_791,N/A,N/A,N/A,N/A,N/A,N/A
375,1770631204842,Sentence shown,LVH_107_P,true,,,N/A,N/A,N/A,N/A,N/A,N/A,N/A
375,1770631208852,gap_time,N/A,true,,,GapTime_1010,N/A,N/A,N/A,N/A,N/A,N/A
375,1770631209868,Sentence shown,HF_97_A,,,,N/A,N/A,N/A,N/A,N/A,N/A,N/A
375,1770631213881,gap_time,N/A,,,,GapTime_1227,N/A,N/A,N/A,N/A,N/A,N/A
375,1770631215114,Sentence shown,HF_97_A,,true,true,N/A,N/A,N/A,N/A,N/A,N/A,N/A
375,1770631216543,Validation IR pressed,HF_97_A,,true,true,Spacebar,1,N/A,1429,N/A,N/A,N/A
375,1770631216543,IR pressed,HF_97_A,,true,true,Spacebar,1,N/A,1429,N/A,N/A,N/A
375,1770631218231,WR pressed,HF_97_A,,true,true,Yes,N/A,N/A,N/A,1688,N/A,N/A
375,1770631218232,gap_time,N/A,,true,true,GapTime_1051,N/A,N/A,N/A,N/A,N/A,N/A
375,1770631219297,Sentence shown,HF_89_A,,,,N/A,N/A,N/A,N/A,N/A,N/A,N/A
375,1770631223298,gap_time,N/A,,,,GapTime_791,N/A,N/A,N/A,N/A,N/A,N/A
375,1770631224099,Sentence shown,LVL_144_A,true,,,N/A,N/A,N/A,N/A,N/A,N/A,N/A
375,1770631228112,gap_time,N/A,true,,,GapTime_899,N/A,N/A,N/A,N/A,N/A,N/A
375,1770631229020,Sentence shown,HF_74_A,,,,N/A,N/A,N/A,N/A,N/A,N/A,N/A
375,1770631233032,gap_time,N/A,,,,GapTime_939,N/A,N/A,N/A,N/A,N/A,N/A
375,1770631233972,Sentence shown,HF_85_A,,,,N/A,N/A,N/A,N/A,N/A,N/A,N/A
375,1770631237980,gap_time,N/A,,,,GapTime_1263,N/A,N/A,N/A,N/A,N/A,N/A
375,1770631239246,Sentence shown,LVH_102_P,true,,,N/A,N/A,N/A,N/A,N/A,N/A,N/A
375,1770631243261,gap_time,N/A,true,,,GapTime_1266,N/A,N/A,N/A,N/A,N/A,N/A
375,1770631244532,Sentence shown,LVH_107_P,true,,true,N/A,N/A,N/A,N/A,N/A,N/A,N/A
375,1770631245889,IR pressed,LVH_107_P,true,,true,Spacebar,1,N/A,1357,N/A,N/A,N/A
375,1770631247676,WR pressed,LVH_107_P,true,,true,Yes,N/A,1,N/A,1786,N/A,N/A
375,1770631247676,gap_time,N/A,true,,true,GapTime_804,N/A,N/A,N/A,N/A,N/A,N/A
375,1770631248482,Sentence shown,LVH_159_A,true,,,N/A,N/A,N/A,N/A,N/A,N/A,N/A
375,1770631252490,gap_time,N/A,true,,,GapTime_1193,N/A,N/A,N/A,N/A,N/A,N/A
375,1770631253694,Sentence shown,HF_83_A,,,,N/A,N/A,N/A,N/A,N/A,N/A,N/A
375,1770631257701,gap_time,N/A,,,,GapTime_769,N/A,N/A,N/A,N/A,N/A,N/A
375,1770631258482,Sentence shown,LVL_144_P,true,,true,N/A,N/A,N/A,N/A,N/A,N/A,N/A
375,1770631259848,IR pressed,LVL_144_P,true,,true,Spacebar,1,N/A,1366,N/A,N/A,N/A
375,1770631260817,WR pressed,LVL_144_P,true,,true,Yes,N/A,0,N/A,969,N/A,N/A
375,1770631260818,gap_time,N/A,true,,true,GapTime_1238,N/A,N/A,N/A,N/A,N/A,N/A
375,1770631262071,Sentence shown,HF_92_A,,,,N/A,N/A,N/A,N/A,N/A,N/A,N/A
375,1770631266080,gap_time,N/A,,,,GapTime_874,N/A,N/A,N/A,N/A,N/A,N/A
375,1770631266968,Sentence shown,HF_83_A,,true,true,N/A,N/A,N/A,N/A,N/A,N/A,N/A
375,1770631268382,Validation IR pressed,HF_83_A,,true,true,Spacebar,1,N/A,1414,N/A,N/A,N/A
375,1770631268382,IR pressed,HF_83_A,,true,true,Spacebar,1,N/A,1414,N/A,N/A,N/A
375,1770631272927,WR pressed,HF_83_A,,true,true,No,N/A,N/A,N/A,4545,N/A,N/A
375,1770631272928,gap_time,N/A,,true,true,GapTime_946,N/A,N/A,N/A,N/A,N/A,N/A
375,1770631273882,Sentence shown,LVH_102_A,true,,true,N/A,N/A,N/A,N/A,N/A,N/A,N/A
375,1770631277887,gap_time,N/A,true,,true,GapTime_1252,N/A,N/A,N/A,N/A,N/A,N/A
375,1770631279143,Sentence shown,HVL_118_P,true,,,N/A,N/A,N/A,N/A,N/A,N/A,N/A
375,1770631283145,gap_time,N/A,true,,,GapTime_884,N/A,N/A,N/A,N/A,N/A,N/A
375,1770631284031,Sentence shown,HF_75_A,,,,N/A,N/A,N/A,N/A,N/A,N/A,N/A
375,1770631288034,gap_time,N/A,,,,GapTime_1164,N/A,N/A,N/A,N/A,N/A,N/A
375,1770631289213,Sentence shown,HF_75_A,,true,true,N/A,N/A,N/A,N/A,N/A,N/A,N/A
375,1770631290305,Validation IR pressed,HF_75_A,,true,true,Spacebar,1,N/A,1092,N/A,N/A,N/A
375,1770631290305,IR pressed,HF_75_A,,true,true,Spacebar,1,N/A,1092,N/A,N/A,N/A
375,1770631292184,WR pressed,HF_75_A,,true,true,Yes,N/A,N/A,N/A,1879,N/A,N/A
375,1770631292185,gap_time,N/A,,true,true,GapTime_1291,N/A,N/A,N/A,N/A,N/A,N/A
375,1770631293482,Sentence shown,HH_140_P,true,,,N/A,N/A,N/A,N/A,N/A,N/A,N/A
375,1770631297495,gap_time,N/A,true,,,GapTime_892,N/A,N/A,N/A,N/A,N/A,N/A
375,1770631298391,Sentence shown,HF_71_A,,,,N/A,N/A,N/A,N/A,N/A,N/A,N/A
375,1770631302401,gap_time,N/A,,,,GapTime_1077,N/A,N/A,N/A,N/A,N/A,N/A
375,1770631303491,Sentence shown,LVH_159_P,true,,true,N/A,N/A,N/A,N/A,N/A,N/A,N/A
375,1770631307504,gap_time,N/A,true,,true,GapTime_705,N/A,N/A,N/A,N/A,N/A,N/A
375,1770631308220,Sentence shown,HF_69_A,,,,N/A,N/A,N/A,N/A,N/A,N/A,N/A
375,1770631312231,gap_time,N/A,,,,GapTime_860,N/A,N/A,N/A,N/A,N/A,N/A
375,1770631313102,Sentence shown,HVL_118_P,true,,true,N/A,N/A,N/A,N/A,N/A,N/A,N/A
375,1770631315083,IR pressed,HVL_118_P,true,,true,Spacebar,1,N/A,1981,N/A,N/A,N/A
375,1770631317177,WR pressed,HVL_118_P,true,,true,Yes,N/A,1,N/A,2093,N/A,N/A
375,1770631317177,gap_time,N/A,true,,true,GapTime_1186,N/A,N/A,N/A,N/A,N/A,N/A
375,1770631318372,Sentence shown,HF_67_A,,,,N/A,N/A,N/A,N/A,N/A,N/A,N/A
375,1770631322377,gap_time,N/A,,,,GapTime_867,N/A,N/A,N/A,N/A,N/A,N/A
375,1770631323251,Sentence shown,HF_69_A,,true,true,N/A,N/A,N/A,N/A,N/A,N/A,N/A
375,1770631324821,Validation IR pressed,HF_69_A,,true,true,Spacebar,1,N/A,1570,N/A,N/A,N/A
375,1770631324821,IR pressed,HF_69_A,,true,true,Spacebar,1,N/A,1570,N/A,N/A,N/A
375,1770631325797,WR pressed,HF_69_A,,true,true,Yes,N/A,N/A,N/A,976,N/A,N/A
375,1770631325798,gap_time,N/A,,true,true,GapTime_1227,N/A,N/A,N/A,N/A,N/A,N/A
375,1770631327028,Sentence shown,HH_141_A,true,,,N/A,N/A,N/A,N/A,N/A,N/A,N/A
375,1770631331042,gap_time,N/A,true,,,GapTime_713,N/A,N/A,N/A,N/A,N/A,N/A
375,1770631331765,Sentence shown,HF_96_A,,,,N/A,N/A,N/A,N/A,N/A,N/A,N/A
375,1770631335767,gap_time,N/A,,,,GapTime_1016,N/A,N/A,N/A,N/A,N/A,N/A
375,1770631336799,Sentence shown,HF_80_A,,,,N/A,N/A,N/A,N/A,N/A,N/A,N/A
375,1770631340813,gap_time,N/A,,,,GapTime_840,N/A,N/A,N/A,N/A,N/A,N/A
375,1770631341656,Sentence shown,HF_70_A,,,,N/A,N/A,N/A,N/A,N/A,N/A,N/A
375,1770631345669,gap_time,N/A,,,,GapTime_1241,N/A,N/A,N/A,N/A,N/A,N/A
375,1770631346915,Sentence shown,HH_140_A,true,,true,N/A,N/A,N/A,N/A,N/A,N/A,N/A
375,1770631350116,IR pressed,HH_140_A,true,,true,Spacebar,1,N/A,3201,N/A,N/A,N/A
375,1770631354279,WR pressed,HH_140_A,true,,true,No,N/A,1,N/A,4163,N/A,N/A
375,1770631354279,gap_time,N/A,true,,true,GapTime_787,N/A,N/A,N/A,N/A,N/A,N/A
375,1770631355073,Sentence shown,LVL_105_P,true,,,N/A,N/A,N/A,N/A,N/A,N/A,N/A
375,1770631359081,gap_time,N/A,true,,,GapTime_1275,N/A,N/A,N/A,N/A,N/A,N/A
375,1770631360360,Sentence shown,HH_141_A,true,,true,N/A,N/A,N/A,N/A,N/A,N/A,N/A
375,1770631362136,IR pressed,HH_141_A,true,,true,Spacebar,1,N/A,1776,N/A,N/A,N/A
375,1770631366754,WR pressed,HH_141_A,true,,true,Yes,N/A,1,N/A,4618,N/A,N/A
375,1770631366754,gap_time,N/A,true,,true,GapTime_782,N/A,N/A,N/A,N/A,N/A,N/A
375,1770631367547,Sentence shown,HF_90_A,,,,N/A,N/A,N/A,N/A,N/A,N/A,N/A
375,1770631371560,gap_time,N/A,,,,GapTime_1236,N/A,N/A,N/A,N/A,N/A,N/A
375,1770631372803,Sentence shown,HF_94_A,,,,N/A,N/A,N/A,N/A,N/A,N/A,N/A
375,1770631376813,gap_time,N/A,,,,GapTime_843,N/A,N/A,N/A,N/A,N/A,N/A
375,1770631377666,Sentence shown,HF_94_A,,true,true,N/A,N/A,N/A,N/A,N/A,N/A,N/A
375,1770631378771,Validation IR pressed,HF_94_A,,true,true,Spacebar,1,N/A,1105,N/A,N/A,N/A
375,1770631378771,IR pressed,HF_94_A,,true,true,Spacebar,1,N/A,1105,N/A,N/A,N/A
375,1770631379739,WR pressed,HF_94_A,,true,true,Yes,N/A,N/A,N/A,968,N/A,N/A
375,1770631379739,gap_time,N/A,,true,true,GapTime_1286,N/A,N/A,N/A,N/A,N/A,N/A
375,1770631381039,Sentence shown,HVL_120_A,true,,,N/A,N/A,N/A,N/A,N/A,N/A,N/A
375,1770631385050,gap_time,N/A,true,,,GapTime_850,N/A,N/A,N/A,N/A,N/A,N/A
375,1770631385907,Sentence shown,HF_78_A,,,,N/A,N/A,N/A,N/A,N/A,N/A,N/A
375,1770631389915,gap_time,N/A,,,,GapTime_730,N/A,N/A,N/A,N/A,N/A,N/A
375,1770631390661,Sentence shown,LVL_140_P,true,,,N/A,N/A,N/A,N/A,N/A,N/A,N/A
375,1770631394672,gap_time,N/A,true,,,GapTime_859,N/A,N/A,N/A,N/A,N/A,N/A
375,1770631395533,Sentence shown,HVL_113_P,true,,,N/A,N/A,N/A,N/A,N/A,N/A,N/A
375,1770631399547,gap_time,N/A,true,,,GapTime_748,N/A,N/A,N/A,N/A,N/A,N/A
375,1770631400301,Sentence shown,HF_95_A,,,,N/A,N/A,N/A,N/A,N/A,N/A,N/A
375,1770631404310,gap_time,N/A,,,,GapTime_1026,N/A,N/A,N/A,N/A,N/A,N/A
375,1770631405339,Sentence shown,LVL_105_A,true,,true,N/A,N/A,N/A,N/A,N/A,N/A,N/A
375,1770631407301,IR pressed,LVL_105_A,true,,true,Spacebar,1,N/A,1962,N/A,N/A,N/A
375,1770631412417,WR pressed,LVL_105_A,true,,true,No,N/A,1,N/A,5116,N/A,N/A
375,1770631412417,gap_time,N/A,true,,true,GapTime_827,N/A,N/A,N/A,N/A,N/A,N/A
375,1770631413254,Sentence shown,HF_86_A,,,,N/A,N/A,N/A,N/A,N/A,N/A,N/A
375,1770631417262,gap_time,N/A,,,,GapTime_1060,N/A,N/A,N/A,N/A,N/A,N/A
375,1770631418326,Sentence shown,HVL_120_A,true,,true,N/A,N/A,N/A,N/A,N/A,N/A,N/A
375,1770631420741,IR pressed,HVL_120_A,true,,true,Spacebar,1,N/A,2415,N/A,N/A,N/A
375,1770631427802,WR pressed,HVL_120_A,true,,true,Yes,N/A,1,N/A,7061,N/A,N/A
375,1770631427802,gap_time,N/A,true,,true,GapTime_1237,N/A,N/A,N/A,N/A,N/A,N/A
375,1770631429048,Sentence shown,HF_87_A,,,,N/A,N/A,N/A,N/A,N/A,N/A,N/A
375,1770631433062,gap_time,N/A,,,,GapTime_1143,N/A,N/A,N/A,N/A,N/A,N/A
375,1770631434218,Sentence shown,HF_68_A,,,,N/A,N/A,N/A,N/A,N/A,N/A,N/A
375,1770631438229,gap_time,N/A,,,,GapTime_1278,N/A,N/A,N/A,N/A,N/A,N/A
375,1770631439510,Sentence shown,HVL_113_A,true,,true,N/A,N/A,N/A,N/A,N/A,N/A,N/A
375,1770631440855,IR pressed,HVL_113_A,true,,true,Spacebar,1,N/A,1345,N/A,N/A,N/A
375,1770631442129,WR pressed,HVL_113_A,true,,true,Yes,N/A,0,N/A,1274,N/A,N/A
375,1770631442129,gap_time,N/A,true,,true,GapTime_929,N/A,N/A,N/A,N/A,N/A,N/A
375,1770631443074,Sentence shown,HF_77_A,,,,N/A,N/A,N/A,N/A,N/A,N/A,N/A
375,1770631447084,gap_time,N/A,,,,GapTime_755,N/A,N/A,N/A,N/A,N/A,N/A
375,1770631447845,Sentence shown,HVL_121_A,true,,,N/A,N/A,N/A,N/A,N/A,N/A,N/A
375,1770631451851,gap_time,N/A,true,,,GapTime_1270,N/A,N/A,N/A,N/A,N/A,N/A
375,1770631453136,Sentence shown,LVL_140_P,true,,true,N/A,N/A,N/A,N/A,N/A,N/A,N/A
375,1770631457137,gap_time,N/A,true,,true,GapTime_1071,N/A,N/A,N/A,N/A,N/A,N/A
375,1770631458215,Sentence shown,HF_91_A,,,,N/A,N/A,N/A,N/A,N/A,N/A,N/A
375,1770631462219,gap_time,N/A,,,,GapTime_720,N/A,N/A,N/A,N/A,N/A,N/A
375,1770631462954,Sentence shown,HF_93_A,,,,N/A,N/A,N/A,N/A,N/A,N/A,N/A
375,1770631466966,gap_time,N/A,,,,GapTime_946,N/A,N/A,N/A,N/A,N/A,N/A
375,1770631467921,Sentence shown,LVL_120_A,true,,,N/A,N/A,N/A,N/A,N/A,N/A,N/A
375,1770631471928,gap_time,N/A,true,,,GapTime_1212,N/A,N/A,N/A,N/A,N/A,N/A
375,1770631473145,Sentence shown,HF_91_A,,true,true,N/A,N/A,N/A,N/A,N/A,N/A,N/A
375,1770631474516,Validation IR pressed,HF_91_A,,true,true,Spacebar,1,N/A,1370,N/A,N/A,N/A
375,1770631474516,IR pressed,HF_91_A,,true,true,Spacebar,1,N/A,1370,N/A,N/A,N/A
375,1770631475496,WR pressed,HF_91_A,,true,true,Yes,N/A,N/A,N/A,980,N/A,N/A
375,1770631475496,gap_time,N/A,,true,true,GapTime_781,N/A,N/A,N/A,N/A,N/A,N/A
375,1770631476286,Sentence shown,HF_93_A,,true,true,N/A,N/A,N/A,N/A,N/A,N/A,N/A
375,1770631478528,Validation IR pressed,HF_93_A,,true,true,Spacebar,1,N/A,2242,N/A,N/A,N/A
375,1770631478528,IR pressed,HF_93_A,,true,true,Spacebar,1,N/A,2242,N/A,N/A,N/A
375,1770631481819,WR pressed,HF_93_A,,true,true,Yes,N/A,N/A,N/A,3291,N/A,N/A
375,1770631481819,gap_time,N/A,,true,true,GapTime_880,N/A,N/A,N/A,N/A,N/A,N/A
375,1770631482709,Sentence shown,LVH_152_A,true,,,N/A,N/A,N/A,N/A,N/A,N/A,N/A
375,1770631486720,gap_time,N/A,true,,,GapTime_1211,N/A,N/A,N/A,N/A,N/A,N/A
375,1770631487940,Sentence shown,HF_84_A,,,,N/A,N/A,N/A,N/A,N/A,N/A,N/A
375,1770631491953,gap_time,N/A,,,,GapTime_1194,N/A,N/A,N/A,N/A,N/A,N/A
375,1770631493155,Sentence shown,HF_81_A,,,,N/A,N/A,N/A,N/A,N/A,N/A,N/A
375,1770631497159,gap_time,N/A,,,,GapTime_850,N/A,N/A,N/A,N/A,N/A,N/A
375,1770631498018,Sentence shown,HF_81_A,,true,true,N/A,N/A,N/A,N/A,N/A,N/A,N/A
375,1770631498361,Validation IR pressed,HF_81_A,,true,true,Spacebar,1,N/A,343,N/A,N/A,N/A
375,1770631498361,IR pressed,HF_81_A,,true,true,Spacebar,1,N/A,343,N/A,N/A,N/A
375,1770631503993,WR pressed,HF_81_A,,true,true,No,N/A,N/A,N/A,5632,N/A,N/A
375,1770631503994,gap_time,N/A,,true,true,GapTime_1109,N/A,N/A,N/A,N/A,N/A,N/A
375,1770631505115,Sentence shown,HVL_121_P,true,,true,N/A,N/A,N/A,N/A,N/A,N/A,N/A
375,1770631506827,IR pressed,HVL_121_P,true,,true,Spacebar,1,N/A,1712,N/A,N/A,N/A
375,1770631510554,WR pressed,HVL_121_P,true,,true,Yes,N/A,0,N/A,3727,N/A,N/A
375,1770631510555,gap_time,N/A,true,,true,GapTime_1072,N/A,N/A,N/A,N/A,N/A,N/A
375,1770631511639,Sentence shown,HF_84_A,,true,true,N/A,N/A,N/A,N/A,N/A,N/A,N/A
375,1770631512770,Validation IR pressed,HF_84_A,,true,true,Spacebar,1,N/A,1131,N/A,N/A,N/A
375,1770631512770,IR pressed,HF_84_A,,true,true,Spacebar,1,N/A,1131,N/A,N/A,N/A
375,1770631513637,WR pressed,HF_84_A,,true,true,Yes,N/A,N/A,N/A,867,N/A,N/A
375,1770631513637,gap_time,N/A,,true,true,GapTime_782,N/A,N/A,N/A,N/A,N/A,N/A
375,1770631514428,Sentence shown,HF_73_A,,,,N/A,N/A,N/A,N/A,N/A,N/A,N/A
375,1770631518440,gap_time,N/A,,,,GapTime_852,N/A,N/A,N/A,N/A,N/A,N/A
375,1770631519299,Sentence shown,LVL_120_A,true,,true,N/A,N/A,N/A,N/A,N/A,N/A,N/A
375,1770631520424,IR pressed,LVL_120_A,true,,true,Spacebar,1,N/A,1125,N/A,N/A,N/A
375,1770631521266,WR pressed,LVL_120_A,true,,true,Yes,N/A,1,N/A,842,N/A,N/A
375,1770631521267,gap_time,N/A,true,,true,GapTime_946,N/A,N/A,N/A,N/A,N/A,N/A
375,1770631522224,Sentence shown,HH_155_P,true,,,N/A,N/A,N/A,N/A,N/A,N/A,N/A
375,1770631526236,gap_time,N/A,true,,,GapTime_804,N/A,N/A,N/A,N/A,N/A,N/A
375,1770631527049,Sentence shown,HF_72_A,,,,N/A,N/A,N/A,N/A,N/A,N/A,N/A
375,1770631529372,Validation Wrong IR pressed,HF_72_A,,,,Spacebar,0,N/A,2323,N/A,N/A,N/A
375,1770631529372,IR pressed,HF_72_A,,,,Spacebar,0,N/A,2323,N/A,N/A,N/A
375,1770631531369,WR pressed,HF_72_A,,,,No,N/A,N/A,N/A,1997,N/A,N/A
375,1770631531369,gap_time,N/A,,,,GapTime_1032,N/A,N/A,N/A,N/A,N/A,N/A
375,1770631532406,Sentence shown,HF_88_A,,,,N/A,N/A,N/A,N/A,N/A,N/A,N/A
375,1770631536408,gap_time,N/A,,,,GapTime_779,N/A,N/A,N/A,N/A,N/A,N/A
375,1770631537204,Sentence shown,LVH_152_A,true,,true,N/A,N/A,N/A,N/A,N/A,N/A,N/A
375,1770631539053,IR pressed,LVH_152_A,true,,true,Spacebar,1,N/A,1849,N/A,N/A,N/A
375,1770631540563,WR pressed,LVH_152_A,true,,true,Yes,N/A,1,N/A,1510,N/A,N/A
375,1770631540563,gap_time,N/A,true,,true,GapTime_1086,N/A,N/A,N/A,N/A,N/A,N/A
375,1770631541657,Sentence shown,HF_82_A,,,,N/A,N/A,N/A,N/A,N/A,N/A,N/A
375,1770631545668,gap_time,N/A,,,,GapTime_791,N/A,N/A,N/A,N/A,N/A,N/A
375,1770631546464,Sentence shown,HH_155_P,true,,true,N/A,N/A,N/A,N/A,N/A,N/A,N/A
375,1770631547972,IR pressed,HH_155_P,true,,true,Spacebar,1,N/A,1508,N/A,N/A,N/A
375,1770631548495,WR pressed,HH_155_P,true,,true,Yes,N/A,1,N/A,523,N/A,N/A
375,1770631548496,gap_time,N/A,true,,true,GapTime_856,N/A,N/A,N/A,N/A,N/A,N/A
375,1770631549364,Sentence shown,HF_76_A,,,,N/A,N/A,N/A,N/A,N/A,N/A,N/A
375,1770631553377,gap_time,N/A,,,,GapTime_1176,N/A,N/A,N/A,N/A,N/A,N/A
375,1770631554562,Sentence shown,HH_180_A,true,,,N/A,N/A,N/A,N/A,N/A,N/A,N/A
375,1770631558560,gap_time,N/A,true,,,GapTime_793,N/A,N/A,N/A,N/A,N/A,N/A
375,1770631559355,Sentence shown,HH_180_P,true,,true,N/A,N/A,N/A,N/A,N/A,N/A,N/A
375,1770631560764,IR pressed,HH_180_P,true,,true,Spacebar,1,N/A,1409,N/A,N/A,N/A
375,1770631561641,WR pressed,HH_180_P,true,,true,No,N/A,1,N/A,877,N/A,N/A
375,1770631561641,gap_time,N/A,true,,true,GapTime_1209,N/A,N/A,N/A,N/A,N/A,N/A
