participant_ID,Timestamp,Event,Stimulus,isTarget,isValidation,isRepeat,Button,Accuracy IR,Accuracy WR,Reaction_time_IR,Reaction_time_WR,CR_IR,CR_WR
379,1770634096202,Practice Sentence shown,HL_38_A,,,,N/A,N/A,N/A,N/A,N/A,N/A,N/A
379,1770634097313,Practice IR pressed,HL_38_A,,,,Spacebar,0,N/A,1111,N/A,N/A,N/A
379,1770634112777,Practice Sentence shown,HL_22_A,,,,N/A,N/A,N/A,N/A,N/A,N/A,N/A
379,1770634118299,Practice Sentence shown,HH_129_A,true,,,N/A,N/A,N/A,N/A,N/A,N/A,N/A
379,1770634123829,Practice Sentence shown,HL_43_A,,,,N/A,N/A,N/A,N/A,N/A,N/A,N/A
379,1770634129347,Practice Sentence shown,HH_125_A,true,,,N/A,N/A,N/A,N/A,N/A,N/A,N/A
379,1770634134878,Practice Sentence shown,HL_68_A,,,,N/A,N/A,N/A,N/A,N/A,N/A,N/A
379,1770634140394,Practice Sentence shown,HH_129_P,true,,true,N/A,N/A,N/A,N/A,N/A,N/A,N/A
379,1770634144410,Practice Missed,HH_129_P,true,,true,None,0,N/A,N/A,N/A,N/A,N/A
379,1770634160776,Practice Sentence shown,HH_116_A,true,,,N/A,N/A,N/A,N/A,N/A,N/A,N/A
379,1770634166314,Practice Sentence shown,HL_30_A,,,,N/A,N/A,N/A,N/A,N/A,N/A,N/A
379,1770634171829,Practice Sentence shown,HL_8_A,,,,N/A,N/A,N/A,N/A,N/A,N/A,N/A
379,1770634177360,Practice Sentence shown,HH_106_A,true,,,N/A,N/A,N/A,N/A,N/A,N/A,N/A
379,1770634182878,Practice Sentence shown,HL_36_A,,,,N/A,N/A,N/A,N/A,N/A,N/A,N/A
379,1770634188406,Practice Sentence shown,HH_125_P,true,,true,N/A,N/A,N/A,N/A,N/A,N/A,N/A
379,1770634192421,Practice Missed,HH_125_P,true,,true,None,0,N/A,N/A,N/A,N/A,N/A
379,1770634203738,Practice Sentence shown,HH_116_P,true,,true,N/A,N/A,N/A,N/A,N/A,N/A,N/A
379,1770634207750,Practice Missed,HH_116_P,true,,true,None,0,N/A,N/A,N/A,N/A,N/A
379,1770634222001,Practice Sentence shown,HL_9_A,,,,N/A,N/A,N/A,N/A,N/A,N/A,N/A
379,1770634223532,Practice IR pressed,HL_9_A,,,,Spacebar,0,N/A,1531,N/A,N/A,N/A
379,1770634228549,Practice Sentence shown,HH_118_A,true,,,N/A,N/A,N/A,N/A,N/A,N/A,N/A
379,1770634234078,Practice Sentence shown,HH_106_A,true,,true,N/A,N/A,N/A,N/A,N/A,N/A,N/A
379,1770634238079,Practice Missed,HH_106_A,true,,true,None,0,N/A,N/A,N/A,N/A,N/A
379,1770634239745,Practice Sentence shown,HL_56_A,,,,N/A,N/A,N/A,N/A,N/A,N/A,N/A
379,1770634245268,Practice Sentence shown,HL_39_A,,,,N/A,N/A,N/A,N/A,N/A,N/A,N/A
379,1770634250796,Practice Sentence shown,HH_118_A,true,,true,N/A,N/A,N/A,N/A,N/A,N/A,N/A
379,1770634252577,Practice IR pressed,HH_118_A,true,,true,Spacebar,1,N/A,1781,N/A,N/A,N/A
379,1770634257668,Practice WR pressed,HH_118_A,true,,true,No,N/A,0,N/A,5091,N/A,N/A
379,1770634274074,Practice Sentence shown,HL_65_A,,,,N/A,N/A,N/A,N/A,N/A,N/A,N/A
379,1770634279597,Practice Sentence shown,HL_41_A,,,,N/A,N/A,N/A,N/A,N/A,N/A,N/A
379,1770634281112,Practice IR pressed,HL_41_A,,,,Spacebar,0,N/A,1515,N/A,N/A,N/A
379,1770634283772,Practice Sentence shown,HL_31_A,,,,N/A,N/A,N/A,N/A,N/A,N/A,N/A
379,1770634284959,Practice IR pressed,HL_31_A,,,,Spacebar,0,N/A,1187,N/A,N/A,N/A
379,1770634285383,Practice Sentence shown,HL_29_A,,,,N/A,N/A,N/A,N/A,N/A,N/A,N/A
379,1770634290907,Practice Sentence shown,HL_44_A,,,,N/A,N/A,N/A,N/A,N/A,N/A,N/A
379,1770634292052,Practice IR pressed,HL_44_A,,,,Spacebar,0,N/A,1145,N/A,N/A,N/A
379,1770634293119,Practice Sentence shown,HL_88_A,,,,N/A,N/A,N/A,N/A,N/A,N/A,N/A
379,1770634298643,Practice Sentence shown,HH_126_A,true,,,N/A,N/A,N/A,N/A,N/A,N/A,N/A
379,1770634304173,Practice Sentence shown,HL_19_A,,,,N/A,N/A,N/A,N/A,N/A,N/A,N/A
379,1770634305284,Practice IR pressed,HL_19_A,,,,Spacebar,0,N/A,1111,N/A,N/A,N/A
379,1770634306169,Practice Sentence shown,HH_115_A,true,,,N/A,N/A,N/A,N/A,N/A,N/A,N/A
379,1770634311687,Practice Sentence shown,HH_135_A,true,,,N/A,N/A,N/A,N/A,N/A,N/A,N/A
379,1770634317220,Practice Sentence shown,HL_7_A,,,,N/A,N/A,N/A,N/A,N/A,N/A,N/A
379,1770634322739,Practice Sentence shown,HL_6_A,,,,N/A,N/A,N/A,N/A,N/A,N/A,N/A
379,1770634328266,Practice Sentence shown,HH_126_P,true,,true,N/A,N/A,N/A,N/A,N/A,N/A,N/A
379,1770634329505,Practice IR pressed,HH_126_P,true,,true,Spacebar,1,N/A,1239,N/A,N/A,N/A
379,1770634331353,Practice WR pressed,HH_126_P,true,,true,No,N/A,1,N/A,1848,N/A,N/A
379,1770634332860,Practice Sentence shown,HH_115_A,true,,true,N/A,N/A,N/A,N/A,N/A,N/A,N/A
379,1770634335064,Practice IR pressed,HH_115_A,true,,true,Spacebar,1,N/A,2204,N/A,N/A,N/A
379,1770634337919,Practice WR pressed,HH_115_A,true,,true,No,N/A,0,N/A,2855,N/A,N/A
379,1770634340707,Practice Sentence shown,HL_35_A,,,,N/A,N/A,N/A,N/A,N/A,N/A,N/A
379,1770634346237,Practice Sentence shown,HH_120_A,true,,,N/A,N/A,N/A,N/A,N/A,N/A,N/A
379,1770634351767,Practice Sentence shown,HH_102_A,true,,,N/A,N/A,N/A,N/A,N/A,N/A,N/A
379,1770634357285,Practice Sentence shown,HH_102_A,true,,true,N/A,N/A,N/A,N/A,N/A,N/A,N/A
379,1770634359682,Practice IR pressed,HH_102_A,true,,true,Spacebar,1,N/A,2397,N/A,N/A,N/A
379,1770634360228,Practice WR pressed,HH_102_A,true,,true,Yes,N/A,1,N/A,546,N/A,N/A
379,1770634361738,Practice Sentence shown,HH_120_P,true,,true,N/A,N/A,N/A,N/A,N/A,N/A,N/A
379,1770634363230,Practice IR pressed,HH_120_P,true,,true,Spacebar,1,N/A,1492,N/A,N/A,N/A
379,1770634363985,Practice WR pressed,HH_120_P,true,,true,No,N/A,1,N/A,755,N/A,N/A
379,1770634365487,Practice Sentence shown,HH_135_P,true,,true,N/A,N/A,N/A,N/A,N/A,N/A,N/A
379,1770634369487,Practice Missed,HH_135_P,true,,true,None,0,N/A,N/A,N/A,N/A,N/A
379,1770634380567,Practice Sentence shown,HL_24_A,,,,N/A,N/A,N/A,N/A,N/A,N/A,N/A
379,1770634386096,Practice Sentence shown,HL_53_A,,,,N/A,N/A,N/A,N/A,N/A,N/A,N/A
379,1770634391626,Practice Sentence shown,HH_117_A,true,,,N/A,N/A,N/A,N/A,N/A,N/A,N/A
379,1770634397144,Practice Sentence shown,HH_107_A,true,,,N/A,N/A,N/A,N/A,N/A,N/A,N/A
379,1770634402672,Practice Sentence shown,HL_15_A,,,,N/A,N/A,N/A,N/A,N/A,N/A,N/A
379,1770634408191,Practice Sentence shown,HL_90_A,,,,N/A,N/A,N/A,N/A,N/A,N/A,N/A
379,1770634413720,Practice Sentence shown,HL_23_A,,,,N/A,N/A,N/A,N/A,N/A,N/A,N/A
379,1770634419237,Practice Sentence shown,HH_121_A,true,,,N/A,N/A,N/A,N/A,N/A,N/A,N/A
379,1770634424767,Practice Sentence shown,HH_117_P,true,,true,N/A,N/A,N/A,N/A,N/A,N/A,N/A
379,1770634426606,Practice IR pressed,HH_117_P,true,,true,Spacebar,1,N/A,1839,N/A,N/A,N/A
379,1770634427333,Practice WR pressed,HH_117_P,true,,true,No,N/A,1,N/A,727,N/A,N/A
379,1770634428845,Practice Sentence shown,HH_107_A,true,,true,N/A,N/A,N/A,N/A,N/A,N/A,N/A
379,1770634429992,Practice IR pressed,HH_107_A,true,,true,Spacebar,1,N/A,1147,N/A,N/A,N/A
379,1770634434922,Practice WR pressed,HH_107_A,true,,true,No,N/A,0,N/A,4930,N/A,N/A
379,1770634439468,Practice Sentence shown,HL_16_A,,,,N/A,N/A,N/A,N/A,N/A,N/A,N/A
379,1770634444985,Practice Sentence shown,HH_115_A,true,,,N/A,N/A,N/A,N/A,N/A,N/A,N/A
379,1770634446904,Practice IR pressed,HH_115_A,true,,,Spacebar,0,N/A,1919,N/A,N/A,N/A
379,1770634449813,Practice Sentence shown,HL_45_A,,,,N/A,N/A,N/A,N/A,N/A,N/A,N/A
379,1770634452110,Practice IR pressed,HL_45_A,,,,Spacebar,0,N/A,2297,N/A,N/A,N/A
379,1770634452878,Practice Sentence shown,HL_19_A,,,,N/A,N/A,N/A,N/A,N/A,N/A,N/A
379,1770634458409,Practice Sentence shown,HH_121_A,true,,true,N/A,N/A,N/A,N/A,N/A,N/A,N/A
379,1770634462421,Practice Missed,HH_121_A,true,,true,None,0,N/A,N/A,N/A,N/A,N/A
379,1770634463474,Practice Sentence shown,HL_35_A,,,,N/A,N/A,N/A,N/A,N/A,N/A,N/A
379,1770634469001,Practice Sentence shown,HH_115_P,true,,true,N/A,N/A,N/A,N/A,N/A,N/A,N/A
379,1770634469947,Practice IR pressed,HH_115_P,true,,true,Spacebar,1,N/A,945,N/A,N/A,N/A
379,1770634470433,Practice WR pressed,HH_115_P,true,,true,Yes,N/A,0,N/A,486,N/A,N/A
379,1770634473661,Practice Sentence shown,HL_37_A,,,,N/A,N/A,N/A,N/A,N/A,N/A,N/A
379,1770634475650,Practice IR pressed,HL_37_A,,,,Spacebar,0,N/A,1989,N/A,N/A,N/A
379,1770634476879,Practice Sentence shown,HH_102_A,true,,,N/A,N/A,N/A,N/A,N/A,N/A,N/A
379,1770634478232,Practice IR pressed,HH_102_A,true,,,Spacebar,0,N/A,1353,N/A,N/A,N/A
379,1770634480329,Practice Sentence shown,HH_102_P,true,,true,N/A,N/A,N/A,N/A,N/A,N/A,N/A
379,1770634481713,Practice IR pressed,HH_102_P,true,,true,Spacebar,1,N/A,1384,N/A,N/A,N/A
379,1770634482598,Practice WR pressed,HH_102_P,true,,true,Yes,N/A,0,N/A,885,N/A,N/A
379,1770634503665,Practice Sentence shown,HL_66_A,,,,N/A,N/A,N/A,N/A,N/A,N/A,N/A
379,1770634509174,Practice Sentence shown,HL_92_A,,,,N/A,N/A,N/A,N/A,N/A,N/A,N/A
379,1770634514704,Practice Sentence shown,HH_135_A,true,,,N/A,N/A,N/A,N/A,N/A,N/A,N/A
379,1770634520220,Practice Sentence shown,HH_114_A,true,,,N/A,N/A,N/A,N/A,N/A,N/A,N/A
379,1770634525735,Practice Sentence shown,HL_95_A,,,,N/A,N/A,N/A,N/A,N/A,N/A,N/A
379,1770634531252,Practice Sentence shown,HL_60_A,,,,N/A,N/A,N/A,N/A,N/A,N/A,N/A
379,1770634536768,Practice Sentence shown,HH_135_P,true,,true,N/A,N/A,N/A,N/A,N/A,N/A,N/A
379,1770634539286,Practice IR pressed,HH_135_P,true,,true,Spacebar,1,N/A,2518,N/A,N/A,N/A
379,1770634540308,Practice WR pressed,HH_135_P,true,,true,No,N/A,1,N/A,1022,N/A,N/A
379,1770634541813,Practice Sentence shown,HL_103_A,,,,N/A,N/A,N/A,N/A,N/A,N/A,N/A
379,1770634547328,Practice Sentence shown,HL_94_A,,,,N/A,N/A,N/A,N/A,N/A,N/A,N/A
379,1770634552860,Practice Sentence shown,HL_78_A,,,,N/A,N/A,N/A,N/A,N/A,N/A,N/A
379,1770634558390,Practice Sentence shown,HL_89_A,,,,N/A,N/A,N/A,N/A,N/A,N/A,N/A
379,1770634563909,Practice Sentence shown,HH_114_P,true,,true,N/A,N/A,N/A,N/A,N/A,N/A,N/A
379,1770634565387,Practice IR pressed,HH_114_P,true,,true,Spacebar,1,N/A,1478,N/A,N/A,N/A
379,1770634566450,Practice WR pressed,HH_114_P,true,,true,No,N/A,1,N/A,1063,N/A,N/A
379,1770634567953,Practice Sentence shown,HH_134_A,true,,,N/A,N/A,N/A,N/A,N/A,N/A,N/A
379,1770634573471,Practice Sentence shown,HL_112_A,,,,N/A,N/A,N/A,N/A,N/A,N/A,N/A
379,1770634578999,Practice Sentence shown,HL_53_A,,,,N/A,N/A,N/A,N/A,N/A,N/A,N/A
379,1770634580561,Practice IR pressed,HL_53_A,,,,Spacebar,0,N/A,1562,N/A,N/A,N/A
379,1770634583705,Practice Sentence shown,HH_109_A,true,,,N/A,N/A,N/A,N/A,N/A,N/A,N/A
379,1770634589237,Practice Sentence shown,HH_102_A,true,,,N/A,N/A,N/A,N/A,N/A,N/A,N/A
379,1770634591563,Practice IR pressed,HH_102_A,true,,,Spacebar,0,N/A,2326,N/A,N/A,N/A
379,1770634592653,Practice Sentence shown,HH_109_A,true,,true,N/A,N/A,N/A,N/A,N/A,N/A,N/A
379,1770634594440,Practice IR pressed,HH_109_A,true,,true,Spacebar,1,N/A,1787,N/A,N/A,N/A
379,1770634595095,Practice WR pressed,HH_109_A,true,,true,Yes,N/A,1,N/A,655,N/A,N/A
379,1770634596597,Practice Sentence shown,HH_134_A,true,,true,N/A,N/A,N/A,N/A,N/A,N/A,N/A
379,1770634598127,Practice IR pressed,HH_134_A,true,,true,Spacebar,1,N/A,1530,N/A,N/A,N/A
379,1770634601046,Practice WR pressed,HH_134_A,true,,true,No,N/A,0,N/A,2919,N/A,N/A
379,1770634604257,Practice Sentence shown,HH_102_P,true,,true,N/A,N/A,N/A,N/A,N/A,N/A,N/A
379,1770634605229,Practice IR pressed,HH_102_P,true,,true,Spacebar,1,N/A,972,N/A,N/A,N/A
379,1770634606183,Practice WR pressed,HH_102_P,true,,true,Yes,N/A,0,N/A,954,N/A,N/A
379,1770634853039,Sentence shown,HF_16_A,,,,N/A,N/A,N/A,N/A,N/A,N/A,N/A
379,1770634857051,gap_time,N/A,,,,GapTime_1246,N/A,N/A,N/A,N/A,N/A,N/A
379,1770634858300,Sentence shown,HH_182_P,true,,,N/A,N/A,N/A,N/A,N/A,N/A,N/A
379,1770634862314,gap_time,N/A,true,,,GapTime_893,N/A,N/A,N/A,N/A,N/A,N/A
379,1770634863220,Sentence shown,HF_1_A,,,,N/A,N/A,N/A,N/A,N/A,N/A,N/A
379,1770634867250,gap_time,N/A,,,,GapTime_1046,N/A,N/A,N/A,N/A,N/A,N/A
379,1770634868299,Sentence shown,LVH_170_A,true,,,N/A,N/A,N/A,N/A,N/A,N/A,N/A
379,1770634872315,gap_time,N/A,true,,,GapTime_1125,N/A,N/A,N/A,N/A,N/A,N/A
379,1770634873456,Sentence shown,HF_13_A,,,,N/A,N/A,N/A,N/A,N/A,N/A,N/A
379,1770634877471,gap_time,N/A,,,,GapTime_1065,N/A,N/A,N/A,N/A,N/A,N/A
379,1770634878548,Sentence shown,HF_1_A,,true,true,N/A,N/A,N/A,N/A,N/A,N/A,N/A
379,1770634882391,Validation IR pressed,HF_1_A,,true,true,Spacebar,1,N/A,3843,N/A,N/A,N/A
379,1770634882391,IR pressed,HF_1_A,,true,true,Spacebar,1,N/A,3843,N/A,N/A,N/A
379,1770634884259,WR pressed,HF_1_A,,true,true,No,N/A,N/A,N/A,1868,N/A,N/A
379,1770634884259,gap_time,N/A,,true,true,GapTime_1092,N/A,N/A,N/A,N/A,N/A,N/A
379,1770634885362,Sentence shown,HF_14_A,,,,N/A,N/A,N/A,N/A,N/A,N/A,N/A
379,1770634889378,gap_time,N/A,,,,GapTime_1238,N/A,N/A,N/A,N/A,N/A,N/A
379,1770634890628,Sentence shown,HH_182_P,true,,true,N/A,N/A,N/A,N/A,N/A,N/A,N/A
379,1770634891645,IR pressed,HH_182_P,true,,true,Spacebar,1,N/A,1017,N/A,N/A,N/A
379,1770634893536,WR pressed,HH_182_P,true,,true,No,N/A,0,N/A,1891,N/A,N/A
379,1770634893536,gap_time,N/A,true,,true,GapTime_883,N/A,N/A,N/A,N/A,N/A,N/A
379,1770634894424,Sentence shown,HF_2_A,,,,N/A,N/A,N/A,N/A,N/A,N/A,N/A
379,1770634895348,Validation Wrong IR pressed,HF_2_A,,,,Spacebar,0,N/A,924,N/A,N/A,N/A
379,1770634895348,IR pressed,HF_2_A,,,,Spacebar,0,N/A,924,N/A,N/A,N/A
379,1770634895640,WR pressed,HF_2_A,,,,Yes,N/A,N/A,N/A,292,N/A,N/A
379,1770634895640,gap_time,N/A,,,,GapTime_1159,N/A,N/A,N/A,N/A,N/A,N/A
379,1770634896815,Sentence shown,HF_10_A,,,,N/A,N/A,N/A,N/A,N/A,N/A,N/A
379,1770634898693,Validation Wrong IR pressed,HF_10_A,,,,Spacebar,0,N/A,1878,N/A,N/A,N/A
379,1770634898693,IR pressed,HF_10_A,,,,Spacebar,0,N/A,1878,N/A,N/A,N/A
379,1770634898999,WR pressed,HF_10_A,,,,No,N/A,N/A,N/A,306,N/A,N/A
379,1770634898999,gap_time,N/A,,,,GapTime_716,N/A,N/A,N/A,N/A,N/A,N/A
379,1770634899720,Sentence shown,HF_28_A,,,,N/A,N/A,N/A,N/A,N/A,N/A,N/A
379,1770634902407,Validation Wrong IR pressed,HF_28_A,,,,Spacebar,0,N/A,2687,N/A,N/A,N/A
379,1770634902407,IR pressed,HF_28_A,,,,Spacebar,0,N/A,2687,N/A,N/A,N/A
379,1770634902661,WR pressed,HF_28_A,,,,No,N/A,N/A,N/A,254,N/A,N/A
379,1770634902662,gap_time,N/A,,,,GapTime_1063,N/A,N/A,N/A,N/A,N/A,N/A
379,1770634903750,Sentence shown,HF_32_A,,,,N/A,N/A,N/A,N/A,N/A,N/A,N/A
379,1770634907751,gap_time,N/A,,,,GapTime_1233,N/A,N/A,N/A,N/A,N/A,N/A
379,1770634908985,Sentence shown,HF_28_A,,true,true,N/A,N/A,N/A,N/A,N/A,N/A,N/A
379,1770634910726,Validation IR pressed,HF_28_A,,true,true,Spacebar,1,N/A,1741,N/A,N/A,N/A
379,1770634910726,IR pressed,HF_28_A,,true,true,Spacebar,1,N/A,1741,N/A,N/A,N/A
379,1770634910874,WR pressed,HF_28_A,,true,true,Yes,N/A,N/A,N/A,148,N/A,N/A
379,1770634910875,gap_time,N/A,,true,true,GapTime_1148,N/A,N/A,N/A,N/A,N/A,N/A
379,1770634912031,Sentence shown,LVH_170_A,true,,true,N/A,N/A,N/A,N/A,N/A,N/A,N/A
379,1770634916035,gap_time,N/A,true,,true,GapTime_809,N/A,N/A,N/A,N/A,N/A,N/A
379,1770634916845,Sentence shown,HF_33_A,,,,N/A,N/A,N/A,N/A,N/A,N/A,N/A
379,1770634920869,gap_time,N/A,,,,GapTime_945,N/A,N/A,N/A,N/A,N/A,N/A
379,1770634921831,Sentence shown,HF_8_A,,,,N/A,N/A,N/A,N/A,N/A,N/A,N/A
379,1770634925832,gap_time,N/A,,,,GapTime_1069,N/A,N/A,N/A,N/A,N/A,N/A
379,1770634926906,Sentence shown,HH_152_P,true,,,N/A,N/A,N/A,N/A,N/A,N/A,N/A
379,1770634930909,gap_time,N/A,true,,,GapTime_702,N/A,N/A,N/A,N/A,N/A,N/A
379,1770634931628,Sentence shown,HF_30_A,,,,N/A,N/A,N/A,N/A,N/A,N/A,N/A
379,1770634935640,gap_time,N/A,,,,GapTime_934,N/A,N/A,N/A,N/A,N/A,N/A
379,1770634936580,Sentence shown,HF_8_A,,true,true,N/A,N/A,N/A,N/A,N/A,N/A,N/A
379,1770634937580,Validation IR pressed,HF_8_A,,true,true,Spacebar,1,N/A,1000,N/A,N/A,N/A
379,1770634937580,IR pressed,HF_8_A,,true,true,Spacebar,1,N/A,1000,N/A,N/A,N/A
379,1770634937732,WR pressed,HF_8_A,,true,true,Yes,N/A,N/A,N/A,152,N/A,N/A
379,1770634937733,gap_time,N/A,,true,true,GapTime_773,N/A,N/A,N/A,N/A,N/A,N/A
379,1770634938516,Sentence shown,HF_21_A,,,,N/A,N/A,N/A,N/A,N/A,N/A,N/A
379,1770634942530,gap_time,N/A,,,,GapTime_702,N/A,N/A,N/A,N/A,N/A,N/A
379,1770634943237,Sentence shown,HF_21_A,,true,true,N/A,N/A,N/A,N/A,N/A,N/A,N/A
379,1770634945353,Validation IR pressed,HF_21_A,,true,true,Spacebar,1,N/A,2116,N/A,N/A,N/A
379,1770634945353,IR pressed,HF_21_A,,true,true,Spacebar,1,N/A,2116,N/A,N/A,N/A
379,1770634945639,WR pressed,HF_21_A,,true,true,No,N/A,N/A,N/A,286,N/A,N/A
379,1770634945639,gap_time,N/A,,true,true,GapTime_1151,N/A,N/A,N/A,N/A,N/A,N/A
379,1770634946797,Sentence shown,HF_7_A,,,,N/A,N/A,N/A,N/A,N/A,N/A,N/A
379,1770634950800,gap_time,N/A,,,,GapTime_981,N/A,N/A,N/A,N/A,N/A,N/A
379,1770634951784,Sentence shown,LVL_135_A,true,,,N/A,N/A,N/A,N/A,N/A,N/A,N/A
379,1770634955800,gap_time,N/A,true,,,GapTime_932,N/A,N/A,N/A,N/A,N/A,N/A
379,1770634956735,Sentence shown,HH_152_A,true,,true,N/A,N/A,N/A,N/A,N/A,N/A,N/A
379,1770634958306,IR pressed,HH_152_A,true,,true,Spacebar,1,N/A,1571,N/A,N/A,N/A
379,1770634958964,WR pressed,HH_152_A,true,,true,No,N/A,1,N/A,658,N/A,N/A
379,1770634958964,gap_time,N/A,true,,true,GapTime_1118,N/A,N/A,N/A,N/A,N/A,N/A
379,1770634960097,Sentence shown,HVL_136_A,true,,,N/A,N/A,N/A,N/A,N/A,N/A,N/A
379,1770634964112,gap_time,N/A,true,,,GapTime_710,N/A,N/A,N/A,N/A,N/A,N/A
379,1770634964830,Sentence shown,HF_31_A,,,,N/A,N/A,N/A,N/A,N/A,N/A,N/A
379,1770634965944,Validation Wrong IR pressed,HF_31_A,,,,Spacebar,0,N/A,1114,N/A,N/A,N/A
379,1770634965944,IR pressed,HF_31_A,,,,Spacebar,0,N/A,1114,N/A,N/A,N/A
379,1770634966158,WR pressed,HF_31_A,,,,Yes,N/A,N/A,N/A,214,N/A,N/A
379,1770634966158,gap_time,N/A,,,,GapTime_961,N/A,N/A,N/A,N/A,N/A,N/A
379,1770634967126,Sentence shown,LVH_151_P,true,,,N/A,N/A,N/A,N/A,N/A,N/A,N/A
379,1770634971156,gap_time,N/A,true,,,GapTime_1268,N/A,N/A,N/A,N/A,N/A,N/A
379,1770634972438,Sentence shown,HF_26_A,,,,N/A,N/A,N/A,N/A,N/A,N/A,N/A
379,1770634976439,gap_time,N/A,,,,GapTime_713,N/A,N/A,N/A,N/A,N/A,N/A
379,1770634977171,Sentence shown,LVH_146_A,true,,,N/A,N/A,N/A,N/A,N/A,N/A,N/A
379,1770634981174,gap_time,N/A,true,,,GapTime_857,N/A,N/A,N/A,N/A,N/A,N/A
379,1770634982034,Sentence shown,LVL_115_A,true,,,N/A,N/A,N/A,N/A,N/A,N/A,N/A
379,1770634986047,gap_time,N/A,true,,,GapTime_1042,N/A,N/A,N/A,N/A,N/A,N/A
379,1770634987095,Sentence shown,HF_26_A,,true,true,N/A,N/A,N/A,N/A,N/A,N/A,N/A
379,1770634991096,Validation Missed,HF_26_A,,true,true,None,0,N/A,N/A,N/A,N/A,N/A
379,1770634991096,gap_time,N/A,,true,true,GapTime_1019,N/A,N/A,N/A,N/A,N/A,N/A
379,1770634992126,Sentence shown,HF_11_A,,,,N/A,N/A,N/A,N/A,N/A,N/A,N/A
379,1770634996157,gap_time,N/A,,,,GapTime_951,N/A,N/A,N/A,N/A,N/A,N/A
379,1770634997111,Sentence shown,LVL_135_P,true,,true,N/A,N/A,N/A,N/A,N/A,N/A,N/A
379,1770634999228,IR pressed,LVL_135_P,true,,true,Spacebar,1,N/A,2117,N/A,N/A,N/A
379,1770635004816,WR pressed,LVL_135_P,true,,true,No,N/A,1,N/A,5588,N/A,N/A
379,1770635004816,gap_time,N/A,true,,true,GapTime_867,N/A,N/A,N/A,N/A,N/A,N/A
379,1770635005688,Sentence shown,HVL_136_P,true,,true,N/A,N/A,N/A,N/A,N/A,N/A,N/A
379,1770635007316,IR pressed,HVL_136_P,true,,true,Spacebar,1,N/A,1628,N/A,N/A,N/A
379,1770635010836,WR pressed,HVL_136_P,true,,true,Yes,N/A,0,N/A,3520,N/A,N/A
379,1770635010836,gap_time,N/A,true,,true,GapTime_921,N/A,N/A,N/A,N/A,N/A,N/A
379,1770635011782,Sentence shown,HF_4_A,,,,N/A,N/A,N/A,N/A,N/A,N/A,N/A
379,1770635015783,gap_time,N/A,,,,GapTime_1095,N/A,N/A,N/A,N/A,N/A,N/A
379,1770635016906,Sentence shown,LVH_151_A,true,,true,N/A,N/A,N/A,N/A,N/A,N/A,N/A
379,1770635020908,gap_time,N/A,true,,true,GapTime_1242,N/A,N/A,N/A,N/A,N/A,N/A
379,1770635022158,Sentence shown,HF_9_A,,,,N/A,N/A,N/A,N/A,N/A,N/A,N/A
379,1770635023449,Validation Wrong IR pressed,HF_9_A,,,,Spacebar,0,N/A,1291,N/A,N/A,N/A
379,1770635023449,IR pressed,HF_9_A,,,,Spacebar,0,N/A,1291,N/A,N/A,N/A
379,1770635025805,WR pressed,HF_9_A,,,,Yes,N/A,N/A,N/A,2356,N/A,N/A
379,1770635025805,gap_time,N/A,,,,GapTime_1222,N/A,N/A,N/A,N/A,N/A,N/A
379,1770635027034,Sentence shown,HF_9_A,,true,true,N/A,N/A,N/A,N/A,N/A,N/A,N/A
379,1770635028058,Validation IR pressed,HF_9_A,,true,true,Spacebar,1,N/A,1024,N/A,N/A,N/A
379,1770635028058,IR pressed,HF_9_A,,true,true,Spacebar,1,N/A,1024,N/A,N/A,N/A
379,1770635029236,WR pressed,HF_9_A,,true,true,Yes,N/A,N/A,N/A,1178,N/A,N/A
379,1770635029237,gap_time,N/A,,true,true,GapTime_714,N/A,N/A,N/A,N/A,N/A,N/A
379,1770635029954,Sentence shown,LVH_146_P,true,,true,N/A,N/A,N/A,N/A,N/A,N/A,N/A
379,1770635032058,IR pressed,LVH_146_P,true,,true,Spacebar,1,N/A,2104,N/A,N/A,N/A
379,1770635032336,WR pressed,LVH_146_P,true,,true,Yes,N/A,0,N/A,278,N/A,N/A
379,1770635032336,gap_time,N/A,true,,true,GapTime_701,N/A,N/A,N/A,N/A,N/A,N/A
379,1770635033058,Sentence shown,HF_5_A,,,,N/A,N/A,N/A,N/A,N/A,N/A,N/A
379,1770635034997,Validation Wrong IR pressed,HF_5_A,,,,Spacebar,0,N/A,1939,N/A,N/A,N/A
379,1770635034997,IR pressed,HF_5_A,,,,Spacebar,0,N/A,1939,N/A,N/A,N/A
379,1770635035329,WR pressed,HF_5_A,,,,No,N/A,N/A,N/A,332,N/A,N/A
379,1770635035329,gap_time,N/A,,,,GapTime_1111,N/A,N/A,N/A,N/A,N/A,N/A
379,1770635036455,Sentence shown,LVL_115_A,true,,true,N/A,N/A,N/A,N/A,N/A,N/A,N/A
379,1770635037964,IR pressed,LVL_115_A,true,,true,Spacebar,1,N/A,1509,N/A,N/A,N/A
379,1770635038190,WR pressed,LVL_115_A,true,,true,Yes,N/A,1,N/A,226,N/A,N/A
379,1770635038190,gap_time,N/A,true,,true,GapTime_1048,N/A,N/A,N/A,N/A,N/A,N/A
379,1770635039266,Sentence shown,LVL_114_P,true,,,N/A,N/A,N/A,N/A,N/A,N/A,N/A
379,1770635043268,gap_time,N/A,true,,,GapTime_1273,N/A,N/A,N/A,N/A,N/A,N/A
379,1770635044549,Sentence shown,HH_170_A,true,,,N/A,N/A,N/A,N/A,N/A,N/A,N/A
379,1770635048563,gap_time,N/A,true,,,GapTime_1220,N/A,N/A,N/A,N/A,N/A,N/A
379,1770635049786,Sentence shown,HF_12_A,,,,N/A,N/A,N/A,N/A,N/A,N/A,N/A
379,1770635053798,gap_time,N/A,,,,GapTime_884,N/A,N/A,N/A,N/A,N/A,N/A
379,1770635054686,Sentence shown,HF_12_A,,true,true,N/A,N/A,N/A,N/A,N/A,N/A,N/A
379,1770635055908,Validation IR pressed,HF_12_A,,true,true,Spacebar,1,N/A,1222,N/A,N/A,N/A
379,1770635055908,IR pressed,HF_12_A,,true,true,Spacebar,1,N/A,1222,N/A,N/A,N/A
379,1770635056229,WR pressed,HF_12_A,,true,true,Yes,N/A,N/A,N/A,321,N/A,N/A
379,1770635056229,gap_time,N/A,,true,true,GapTime_945,N/A,N/A,N/A,N/A,N/A,N/A
379,1770635057203,Sentence shown,HVL_117_P,true,,,N/A,N/A,N/A,N/A,N/A,N/A,N/A
379,1770635061219,gap_time,N/A,true,,,GapTime_942,N/A,N/A,N/A,N/A,N/A,N/A
379,1770635062174,Sentence shown,HF_6_A,,,,N/A,N/A,N/A,N/A,N/A,N/A,N/A
379,1770635066190,gap_time,N/A,,,,GapTime_825,N/A,N/A,N/A,N/A,N/A,N/A
379,1770635067016,Sentence shown,LVL_114_P,true,,true,N/A,N/A,N/A,N/A,N/A,N/A,N/A
379,1770635068606,IR pressed,LVL_114_P,true,,true,Spacebar,1,N/A,1590,N/A,N/A,N/A
379,1770635068913,WR pressed,LVL_114_P,true,,true,Yes,N/A,1,N/A,307,N/A,N/A
379,1770635068913,gap_time,N/A,true,,true,GapTime_950,N/A,N/A,N/A,N/A,N/A,N/A
379,1770635069877,Sentence shown,HF_23_A,,,,N/A,N/A,N/A,N/A,N/A,N/A,N/A
379,1770635072077,Validation Wrong IR pressed,HF_23_A,,,,Spacebar,0,N/A,2200,N/A,N/A,N/A
379,1770635072077,IR pressed,HF_23_A,,,,Spacebar,0,N/A,2200,N/A,N/A,N/A
379,1770635073265,WR pressed,HF_23_A,,,,No,N/A,N/A,N/A,1188,N/A,N/A
379,1770635073265,gap_time,N/A,,,,GapTime_919,N/A,N/A,N/A,N/A,N/A,N/A
379,1770635074190,Sentence shown,LVH_117_P,true,,,N/A,N/A,N/A,N/A,N/A,N/A,N/A
379,1770635078205,gap_time,N/A,true,,,GapTime_1207,N/A,N/A,N/A,N/A,N/A,N/A
379,1770635079425,Sentence shown,HF_20_A,,,,N/A,N/A,N/A,N/A,N/A,N/A,N/A
379,1770635083439,gap_time,N/A,,,,GapTime_909,N/A,N/A,N/A,N/A,N/A,N/A
379,1770635084375,Sentence shown,HVL_103_P,true,,,N/A,N/A,N/A,N/A,N/A,N/A,N/A
379,1770635088376,gap_time,N/A,true,,,GapTime_1208,N/A,N/A,N/A,N/A,N/A,N/A
379,1770635089595,Sentence shown,HH_170_P,true,,true,N/A,N/A,N/A,N/A,N/A,N/A,N/A
379,1770635092293,IR pressed,HH_170_P,true,,true,Spacebar,1,N/A,2698,N/A,N/A,N/A
379,1770635093009,WR pressed,HH_170_P,true,,true,No,N/A,1,N/A,716,N/A,N/A
379,1770635093010,gap_time,N/A,true,,true,GapTime_1103,N/A,N/A,N/A,N/A,N/A,N/A
379,1770635094125,Sentence shown,HF_25_A,,,,N/A,N/A,N/A,N/A,N/A,N/A,N/A
379,1770635098140,gap_time,N/A,,,,GapTime_1073,N/A,N/A,N/A,N/A,N/A,N/A
379,1770635099234,Sentence shown,HVL_117_P,true,,true,N/A,N/A,N/A,N/A,N/A,N/A,N/A
379,1770635100455,IR pressed,HVL_117_P,true,,true,Spacebar,1,N/A,1221,N/A,N/A,N/A
379,1770635100825,WR pressed,HVL_117_P,true,,true,Yes,N/A,1,N/A,370,N/A,N/A
379,1770635100825,gap_time,N/A,true,,true,GapTime_874,N/A,N/A,N/A,N/A,N/A,N/A
379,1770635101706,Sentence shown,HF_15_A,,,,N/A,N/A,N/A,N/A,N/A,N/A,N/A
379,1770635103631,Validation Wrong IR pressed,HF_15_A,,,,Spacebar,0,N/A,1925,N/A,N/A,N/A
379,1770635103631,IR pressed,HF_15_A,,,,Spacebar,0,N/A,1925,N/A,N/A,N/A
379,1770635105067,WR pressed,HF_15_A,,,,No,N/A,N/A,N/A,1436,N/A,N/A
379,1770635105068,gap_time,N/A,,,,GapTime_1280,N/A,N/A,N/A,N/A,N/A,N/A
379,1770635106361,Sentence shown,HF_18_A,,,,N/A,N/A,N/A,N/A,N/A,N/A,N/A
379,1770635110381,gap_time,N/A,,,,GapTime_972,N/A,N/A,N/A,N/A,N/A,N/A
379,1770635111374,Sentence shown,LVL_116_P,true,,,N/A,N/A,N/A,N/A,N/A,N/A,N/A
379,1770635115390,gap_time,N/A,true,,,GapTime_955,N/A,N/A,N/A,N/A,N/A,N/A
379,1770635116359,Sentence shown,LVH_117_P,true,,true,N/A,N/A,N/A,N/A,N/A,N/A,N/A
379,1770635120375,gap_time,N/A,true,,true,GapTime_710,N/A,N/A,N/A,N/A,N/A,N/A
379,1770635121095,Sentence shown,HH_188_A,true,,,N/A,N/A,N/A,N/A,N/A,N/A,N/A
379,1770635125110,gap_time,N/A,true,,,GapTime_823,N/A,N/A,N/A,N/A,N/A,N/A
379,1770635125938,Sentence shown,HVL_103_A,true,,true,N/A,N/A,N/A,N/A,N/A,N/A,N/A
379,1770635128302,IR pressed,HVL_103_A,true,,true,Spacebar,1,N/A,2364,N/A,N/A,N/A
379,1770635128706,WR pressed,HVL_103_A,true,,true,No,N/A,1,N/A,404,N/A,N/A
379,1770635128707,gap_time,N/A,true,,true,GapTime_970,N/A,N/A,N/A,N/A,N/A,N/A
379,1770635129704,Sentence shown,HF_24_A,,,,N/A,N/A,N/A,N/A,N/A,N/A,N/A
379,1770635133719,gap_time,N/A,,,,GapTime_936,N/A,N/A,N/A,N/A,N/A,N/A
379,1770635134657,Sentence shown,HF_19_A,,,,N/A,N/A,N/A,N/A,N/A,N/A,N/A
379,1770635138672,gap_time,N/A,,,,GapTime_1233,N/A,N/A,N/A,N/A,N/A,N/A
379,1770635139922,Sentence shown,HF_24_A,,true,true,N/A,N/A,N/A,N/A,N/A,N/A,N/A
379,1770635141184,Validation IR pressed,HF_24_A,,true,true,Spacebar,1,N/A,1262,N/A,N/A,N/A
379,1770635141184,IR pressed,HF_24_A,,true,true,Spacebar,1,N/A,1262,N/A,N/A,N/A
379,1770635141389,WR pressed,HF_24_A,,true,true,Yes,N/A,N/A,N/A,205,N/A,N/A
379,1770635141389,gap_time,N/A,,true,true,GapTime_868,N/A,N/A,N/A,N/A,N/A,N/A
379,1770635142267,Sentence shown,HF_19_A,,true,true,N/A,N/A,N/A,N/A,N/A,N/A,N/A
379,1770635143588,Validation IR pressed,HF_19_A,,true,true,Spacebar,1,N/A,1321,N/A,N/A,N/A
379,1770635143588,IR pressed,HF_19_A,,true,true,Spacebar,1,N/A,1321,N/A,N/A,N/A
379,1770635143789,WR pressed,HF_19_A,,true,true,Yes,N/A,N/A,N/A,201,N/A,N/A
379,1770635143789,gap_time,N/A,,true,true,GapTime_902,N/A,N/A,N/A,N/A,N/A,N/A
379,1770635144704,Sentence shown,HVL_114_A,true,,,N/A,N/A,N/A,N/A,N/A,N/A,N/A
379,1770635148706,gap_time,N/A,true,,,GapTime_853,N/A,N/A,N/A,N/A,N/A,N/A
379,1770635149564,Sentence shown,HF_29_A,,,,N/A,N/A,N/A,N/A,N/A,N/A,N/A
379,1770635153578,gap_time,N/A,,,,GapTime_1210,N/A,N/A,N/A,N/A,N/A,N/A
379,1770635154797,Sentence shown,HF_17_A,,,,N/A,N/A,N/A,N/A,N/A,N/A,N/A
379,1770635158798,gap_time,N/A,,,,GapTime_1067,N/A,N/A,N/A,N/A,N/A,N/A
379,1770635159878,Sentence shown,HF_27_A,,,,N/A,N/A,N/A,N/A,N/A,N/A,N/A
379,1770635163892,gap_time,N/A,,,,GapTime_1290,N/A,N/A,N/A,N/A,N/A,N/A
379,1770635165188,Sentence shown,HF_29_A,,true,true,N/A,N/A,N/A,N/A,N/A,N/A,N/A
379,1770635166166,Validation IR pressed,HF_29_A,,true,true,Spacebar,1,N/A,978,N/A,N/A,N/A
379,1770635166166,IR pressed,HF_29_A,,true,true,Spacebar,1,N/A,978,N/A,N/A,N/A
379,1770635166426,WR pressed,HF_29_A,,true,true,Yes,N/A,N/A,N/A,260,N/A,N/A
379,1770635166426,gap_time,N/A,,true,true,GapTime_1129,N/A,N/A,N/A,N/A,N/A,N/A
379,1770635167562,Sentence shown,LVL_116_A,true,,true,N/A,N/A,N/A,N/A,N/A,N/A,N/A
379,1770635171566,gap_time,N/A,true,,true,GapTime_882,N/A,N/A,N/A,N/A,N/A,N/A
379,1770635172468,Sentence shown,HF_22_A,,,,N/A,N/A,N/A,N/A,N/A,N/A,N/A
379,1770635176470,gap_time,N/A,,,,GapTime_1069,N/A,N/A,N/A,N/A,N/A,N/A
379,1770635177549,Sentence shown,HVL_114_A,true,,true,N/A,N/A,N/A,N/A,N/A,N/A,N/A
379,1770635178935,IR pressed,HVL_114_A,true,,true,Spacebar,1,N/A,1386,N/A,N/A,N/A
379,1770635179571,WR pressed,HVL_114_A,true,,true,No,N/A,0,N/A,636,N/A,N/A
379,1770635179571,gap_time,N/A,true,,true,GapTime_710,N/A,N/A,N/A,N/A,N/A,N/A
379,1770635180297,Sentence shown,HH_188_A,true,,true,N/A,N/A,N/A,N/A,N/A,N/A,N/A
379,1770635181873,IR pressed,HH_188_A,true,,true,Spacebar,1,N/A,1576,N/A,N/A,N/A
379,1770635182273,WR pressed,HH_188_A,true,,true,Yes,N/A,1,N/A,400,N/A,N/A
379,1770635182274,gap_time,N/A,true,,true,GapTime_1296,N/A,N/A,N/A,N/A,N/A,N/A
379,1770635183578,Rest Phase started,N/A,true,,true,Rest,N/A,N/A,N/A,N/A,N/A,N/A
379,1770635459828,Sentence shown,HF_57_A,,,,N/A,N/A,N/A,N/A,N/A,N/A,N/A
379,1770635463831,gap_time,N/A,,,,GapTime_1099,N/A,N/A,N/A,N/A,N/A,N/A
379,1770635464943,Sentence shown,HF_62_A,,,,N/A,N/A,N/A,N/A,N/A,N/A,N/A
379,1770635468953,gap_time,N/A,,,,GapTime_840,N/A,N/A,N/A,N/A,N/A,N/A
379,1770635469798,Sentence shown,HF_62_A,,true,true,N/A,N/A,N/A,N/A,N/A,N/A,N/A
379,1770635470828,Validation IR pressed,HF_62_A,,true,true,Spacebar,1,N/A,1030,N/A,N/A,N/A
379,1770635470828,IR pressed,HF_62_A,,true,true,Spacebar,1,N/A,1030,N/A,N/A,N/A
379,1770635471054,WR pressed,HF_62_A,,true,true,Yes,N/A,N/A,N/A,226,N/A,N/A
379,1770635471055,gap_time,N/A,,true,true,GapTime_869,N/A,N/A,N/A,N/A,N/A,N/A
379,1770635471939,Sentence shown,HF_57_A,,true,true,N/A,N/A,N/A,N/A,N/A,N/A,N/A
379,1770635473328,Validation IR pressed,HF_57_A,,true,true,Spacebar,1,N/A,1389,N/A,N/A,N/A
379,1770635473328,IR pressed,HF_57_A,,true,true,Spacebar,1,N/A,1389,N/A,N/A,N/A
379,1770635473465,WR pressed,HF_57_A,,true,true,Yes,N/A,N/A,N/A,137,N/A,N/A
379,1770635473465,gap_time,N/A,,true,true,GapTime_1034,N/A,N/A,N/A,N/A,N/A,N/A
379,1770635474508,Sentence shown,HH_137_P,true,,,N/A,N/A,N/A,N/A,N/A,N/A,N/A
379,1770635478519,gap_time,N/A,true,,,GapTime_918,N/A,N/A,N/A,N/A,N/A,N/A
379,1770635479454,Sentence shown,HF_51_A,,,,N/A,N/A,N/A,N/A,N/A,N/A,N/A
379,1770635483459,gap_time,N/A,,,,GapTime_756,N/A,N/A,N/A,N/A,N/A,N/A
379,1770635484235,Sentence shown,HF_37_A,,,,N/A,N/A,N/A,N/A,N/A,N/A,N/A
379,1770635488251,gap_time,N/A,,,,GapTime_960,N/A,N/A,N/A,N/A,N/A,N/A
379,1770635489221,Sentence shown,HF_46_A,,,,N/A,N/A,N/A,N/A,N/A,N/A,N/A
379,1770635493237,gap_time,N/A,,,,GapTime_1148,N/A,N/A,N/A,N/A,N/A,N/A
379,1770635494393,Sentence shown,HF_38_A,,,,N/A,N/A,N/A,N/A,N/A,N/A,N/A
379,1770635498408,gap_time,N/A,,,,GapTime_1021,N/A,N/A,N/A,N/A,N/A,N/A
379,1770635499438,Sentence shown,HF_45_A,,,,N/A,N/A,N/A,N/A,N/A,N/A,N/A
379,1770635503441,gap_time,N/A,,,,GapTime_779,N/A,N/A,N/A,N/A,N/A,N/A
379,1770635504223,Sentence shown,HH_137_P,true,,true,N/A,N/A,N/A,N/A,N/A,N/A,N/A
379,1770635508237,gap_time,N/A,true,,true,GapTime_921,N/A,N/A,N/A,N/A,N/A,N/A
379,1770635509172,Sentence shown,HF_38_A,,true,true,N/A,N/A,N/A,N/A,N/A,N/A,N/A
379,1770635510236,Validation IR pressed,HF_38_A,,true,true,Spacebar,1,N/A,1064,N/A,N/A,N/A
379,1770635510236,IR pressed,HF_38_A,,true,true,Spacebar,1,N/A,1064,N/A,N/A,N/A
379,1770635510876,WR pressed,HF_38_A,,true,true,Yes,N/A,N/A,N/A,640,N/A,N/A
379,1770635510876,gap_time,N/A,,true,true,GapTime_1226,N/A,N/A,N/A,N/A,N/A,N/A
379,1770635512109,Sentence shown,HF_44_A,,,,N/A,N/A,N/A,N/A,N/A,N/A,N/A
379,1770635516110,gap_time,N/A,,,,GapTime_1089,N/A,N/A,N/A,N/A,N/A,N/A
379,1770635517204,Sentence shown,HF_44_A,,true,true,N/A,N/A,N/A,N/A,N/A,N/A,N/A
379,1770635518095,Validation IR pressed,HF_44_A,,true,true,Spacebar,1,N/A,891,N/A,N/A,N/A
379,1770635518095,IR pressed,HF_44_A,,true,true,Spacebar,1,N/A,891,N/A,N/A,N/A
379,1770635518466,WR pressed,HF_44_A,,true,true,Yes,N/A,N/A,N/A,371,N/A,N/A
379,1770635518466,gap_time,N/A,,true,true,GapTime_1011,N/A,N/A,N/A,N/A,N/A,N/A
379,1770635519485,Sentence shown,HF_42_A,,,,N/A,N/A,N/A,N/A,N/A,N/A,N/A
379,1770635523500,gap_time,N/A,,,,GapTime_1249,N/A,N/A,N/A,N/A,N/A,N/A
379,1770635524752,Sentence shown,HF_61_A,,,,N/A,N/A,N/A,N/A,N/A,N/A,N/A
379,1770635528767,gap_time,N/A,,,,GapTime_1003,N/A,N/A,N/A,N/A,N/A,N/A
379,1770635529782,Sentence shown,HVL_120_A,true,,,N/A,N/A,N/A,N/A,N/A,N/A,N/A
379,1770635533783,gap_time,N/A,true,,,GapTime_899,N/A,N/A,N/A,N/A,N/A,N/A
379,1770635534689,Sentence shown,HF_63_A,,,,N/A,N/A,N/A,N/A,N/A,N/A,N/A
379,1770635538706,gap_time,N/A,,,,GapTime_991,N/A,N/A,N/A,N/A,N/A,N/A
379,1770635539710,Sentence shown,HF_63_A,,true,true,N/A,N/A,N/A,N/A,N/A,N/A,N/A
379,1770635540650,Validation IR pressed,HF_63_A,,true,true,Spacebar,1,N/A,940,N/A,N/A,N/A
379,1770635540650,IR pressed,HF_63_A,,true,true,Spacebar,1,N/A,940,N/A,N/A,N/A
379,1770635540949,WR pressed,HF_63_A,,true,true,Yes,N/A,N/A,N/A,299,N/A,N/A
379,1770635540949,gap_time,N/A,,true,true,GapTime_777,N/A,N/A,N/A,N/A,N/A,N/A
379,1770635541734,Sentence shown,HH_186_A,true,,,N/A,N/A,N/A,N/A,N/A,N/A,N/A
379,1770635545738,gap_time,N/A,true,,,GapTime_883,N/A,N/A,N/A,N/A,N/A,N/A
379,1770635546626,Sentence shown,HF_64_A,,,,N/A,N/A,N/A,N/A,N/A,N/A,N/A
379,1770635550641,gap_time,N/A,,,,GapTime_1024,N/A,N/A,N/A,N/A,N/A,N/A
379,1770635551672,Sentence shown,HVL_120_P,true,,true,N/A,N/A,N/A,N/A,N/A,N/A,N/A
379,1770635555675,gap_time,N/A,true,,true,GapTime_1121,N/A,N/A,N/A,N/A,N/A,N/A
379,1770635556812,Sentence shown,HF_59_A,,,,N/A,N/A,N/A,N/A,N/A,N/A,N/A
379,1770635560817,gap_time,N/A,,,,GapTime_1237,N/A,N/A,N/A,N/A,N/A,N/A
379,1770635562062,Sentence shown,HH_189_A,true,,,N/A,N/A,N/A,N/A,N/A,N/A,N/A
379,1770635566063,gap_time,N/A,true,,,GapTime_1202,N/A,N/A,N/A,N/A,N/A,N/A
379,1770635567269,Sentence shown,HF_47_A,,,,N/A,N/A,N/A,N/A,N/A,N/A,N/A
379,1770635568984,Validation Wrong IR pressed,HF_47_A,,,,Spacebar,0,N/A,1715,N/A,N/A,N/A
379,1770635568984,IR pressed,HF_47_A,,,,Spacebar,0,N/A,1715,N/A,N/A,N/A
379,1770635569571,WR pressed,HF_47_A,,,,No,N/A,N/A,N/A,586,N/A,N/A
379,1770635569571,gap_time,N/A,,,,GapTime_806,N/A,N/A,N/A,N/A,N/A,N/A
379,1770635570391,Sentence shown,HF_65_A,,,,N/A,N/A,N/A,N/A,N/A,N/A,N/A
379,1770635574407,gap_time,N/A,,,,GapTime_1092,N/A,N/A,N/A,N/A,N/A,N/A
379,1770635575500,Sentence shown,HH_186_P,true,,true,N/A,N/A,N/A,N/A,N/A,N/A,N/A
379,1770635576809,IR pressed,HH_186_P,true,,true,Spacebar,1,N/A,1308,N/A,N/A,N/A
379,1770635577431,WR pressed,HH_186_P,true,,true,Yes,N/A,0,N/A,622,N/A,N/A
379,1770635577431,gap_time,N/A,true,,true,GapTime_983,N/A,N/A,N/A,N/A,N/A,N/A
379,1770635578425,Sentence shown,HF_52_A,,,,N/A,N/A,N/A,N/A,N/A,N/A,N/A
379,1770635581184,Validation Wrong IR pressed,HF_52_A,,,,Spacebar,0,N/A,2759,N/A,N/A,N/A
379,1770635581184,IR pressed,HF_52_A,,,,Spacebar,0,N/A,2759,N/A,N/A,N/A
379,1770635581931,WR pressed,HF_52_A,,,,No,N/A,N/A,N/A,747,N/A,N/A
379,1770635581932,gap_time,N/A,,,,GapTime_1251,N/A,N/A,N/A,N/A,N/A,N/A
379,1770635583187,Sentence shown,HF_65_A,,true,true,N/A,N/A,N/A,N/A,N/A,N/A,N/A
379,1770635584154,Validation IR pressed,HF_65_A,,true,true,Spacebar,1,N/A,967,N/A,N/A,N/A
379,1770635584154,IR pressed,HF_65_A,,true,true,Spacebar,1,N/A,967,N/A,N/A,N/A
379,1770635584483,WR pressed,HF_65_A,,true,true,Yes,N/A,N/A,N/A,329,N/A,N/A
379,1770635584483,gap_time,N/A,,true,true,GapTime_1114,N/A,N/A,N/A,N/A,N/A,N/A
379,1770635585612,Sentence shown,HF_55_A,,,,N/A,N/A,N/A,N/A,N/A,N/A,N/A
379,1770635589627,gap_time,N/A,,,,GapTime_1272,N/A,N/A,N/A,N/A,N/A,N/A
379,1770635590904,Sentence shown,HH_189_A,true,,true,N/A,N/A,N/A,N/A,N/A,N/A,N/A
379,1770635594910,gap_time,N/A,true,,true,GapTime_755,N/A,N/A,N/A,N/A,N/A,N/A
379,1770635595676,Sentence shown,HF_58_A,,,,N/A,N/A,N/A,N/A,N/A,N/A,N/A
379,1770635599689,gap_time,N/A,,,,GapTime_900,N/A,N/A,N/A,N/A,N/A,N/A
379,1770635600594,Sentence shown,HF_36_A,,,,N/A,N/A,N/A,N/A,N/A,N/A,N/A
379,1770635604595,gap_time,N/A,,,,GapTime_1026,N/A,N/A,N/A,N/A,N/A,N/A
379,1770635605640,Sentence shown,HF_53_A,,,,N/A,N/A,N/A,N/A,N/A,N/A,N/A
379,1770635609643,gap_time,N/A,,,,GapTime_1265,N/A,N/A,N/A,N/A,N/A,N/A
379,1770635610924,Sentence shown,LVL_105_P,true,,,N/A,N/A,N/A,N/A,N/A,N/A,N/A
379,1770635614938,gap_time,N/A,true,,,GapTime_1281,N/A,N/A,N/A,N/A,N/A,N/A
379,1770635616235,Sentence shown,HF_39_A,,,,N/A,N/A,N/A,N/A,N/A,N/A,N/A
379,1770635620236,gap_time,N/A,,,,GapTime_1025,N/A,N/A,N/A,N/A,N/A,N/A
379,1770635621266,Sentence shown,HVL_110_P,true,,,N/A,N/A,N/A,N/A,N/A,N/A,N/A
379,1770635625269,gap_time,N/A,true,,,GapTime_998,N/A,N/A,N/A,N/A,N/A,N/A
379,1770635626273,Sentence shown,HH_146_P,true,,,N/A,N/A,N/A,N/A,N/A,N/A,N/A
379,1770635630284,gap_time,N/A,true,,,GapTime_916,N/A,N/A,N/A,N/A,N/A,N/A
379,1770635631202,Sentence shown,LVH_119_A,true,,,N/A,N/A,N/A,N/A,N/A,N/A,N/A
379,1770635635207,gap_time,N/A,true,,,GapTime_1090,N/A,N/A,N/A,N/A,N/A,N/A
379,1770635636301,Sentence shown,LVH_106_P,true,,,N/A,N/A,N/A,N/A,N/A,N/A,N/A
379,1770635640313,gap_time,N/A,true,,,GapTime_1158,N/A,N/A,N/A,N/A,N/A,N/A
379,1770635641484,Sentence shown,HF_50_A,,,,N/A,N/A,N/A,N/A,N/A,N/A,N/A
379,1770635643555,Validation Wrong IR pressed,HF_50_A,,,,Spacebar,0,N/A,2071,N/A,N/A,N/A
379,1770635643555,IR pressed,HF_50_A,,,,Spacebar,0,N/A,2071,N/A,N/A,N/A
379,1770635644047,WR pressed,HF_50_A,,,,No,N/A,N/A,N/A,492,N/A,N/A
379,1770635644047,gap_time,N/A,,,,GapTime_1228,N/A,N/A,N/A,N/A,N/A,N/A
379,1770635645282,Sentence shown,LVL_105_A,true,,true,N/A,N/A,N/A,N/A,N/A,N/A,N/A
379,1770635649313,gap_time,N/A,true,,true,GapTime_736,N/A,N/A,N/A,N/A,N/A,N/A
379,1770635650051,Sentence shown,HF_41_A,,,,N/A,N/A,N/A,N/A,N/A,N/A,N/A
379,1770635654063,gap_time,N/A,,,,GapTime_1292,N/A,N/A,N/A,N/A,N/A,N/A
379,1770635655361,Sentence shown,HF_41_A,,true,true,N/A,N/A,N/A,N/A,N/A,N/A,N/A
379,1770635656211,Validation IR pressed,HF_41_A,,true,true,Spacebar,1,N/A,850,N/A,N/A,N/A
379,1770635656211,IR pressed,HF_41_A,,true,true,Spacebar,1,N/A,850,N/A,N/A,N/A
379,1770635656674,WR pressed,HF_41_A,,true,true,Yes,N/A,N/A,N/A,463,N/A,N/A
379,1770635656674,gap_time,N/A,,true,true,GapTime_877,N/A,N/A,N/A,N/A,N/A,N/A
379,1770635657566,Sentence shown,HVL_110_P,true,,true,N/A,N/A,N/A,N/A,N/A,N/A,N/A
379,1770635661578,gap_time,N/A,true,,true,GapTime_730,N/A,N/A,N/A,N/A,N/A,N/A
379,1770635662313,Sentence shown,HF_35_A,,,,N/A,N/A,N/A,N/A,N/A,N/A,N/A
379,1770635666328,gap_time,N/A,,,,GapTime_749,N/A,N/A,N/A,N/A,N/A,N/A
379,1770635667094,Sentence shown,HF_48_A,,,,N/A,N/A,N/A,N/A,N/A,N/A,N/A
379,1770635671098,gap_time,N/A,,,,GapTime_1238,N/A,N/A,N/A,N/A,N/A,N/A
379,1770635672344,Sentence shown,HH_146_A,true,,true,N/A,N/A,N/A,N/A,N/A,N/A,N/A
379,1770635676346,gap_time,N/A,true,,true,GapTime_938,N/A,N/A,N/A,N/A,N/A,N/A
379,1770635677299,Sentence shown,LVH_119_P,true,,true,N/A,N/A,N/A,N/A,N/A,N/A,N/A
379,1770635678777,IR pressed,LVH_119_P,true,,true,Spacebar,1,N/A,1478,N/A,N/A,N/A
379,1770635680589,WR pressed,LVH_119_P,true,,true,No,N/A,1,N/A,1812,N/A,N/A
379,1770635680589,gap_time,N/A,true,,true,GapTime_1219,N/A,N/A,N/A,N/A,N/A,N/A
379,1770635681813,Sentence shown,HF_48_A,,true,true,N/A,N/A,N/A,N/A,N/A,N/A,N/A
379,1770635682916,Validation IR pressed,HF_48_A,,true,true,Spacebar,1,N/A,1103,N/A,N/A,N/A
379,1770635682916,IR pressed,HF_48_A,,true,true,Spacebar,1,N/A,1103,N/A,N/A,N/A
379,1770635683588,WR pressed,HF_48_A,,true,true,Yes,N/A,N/A,N/A,672,N/A,N/A
379,1770635683588,gap_time,N/A,,true,true,GapTime_1152,N/A,N/A,N/A,N/A,N/A,N/A
379,1770635684751,Sentence shown,HF_56_A,,,,N/A,N/A,N/A,N/A,N/A,N/A,N/A
379,1770635688753,gap_time,N/A,,,,GapTime_982,N/A,N/A,N/A,N/A,N/A,N/A
379,1770635689738,Sentence shown,LVH_106_A,true,,true,N/A,N/A,N/A,N/A,N/A,N/A,N/A
379,1770635693751,gap_time,N/A,true,,true,GapTime_1262,N/A,N/A,N/A,N/A,N/A,N/A
379,1770635695019,Sentence shown,HF_34_A,,,,N/A,N/A,N/A,N/A,N/A,N/A,N/A
379,1770635697994,Validation Wrong IR pressed,HF_34_A,,,,Spacebar,0,N/A,2975,N/A,N/A,N/A
379,1770635697994,IR pressed,HF_34_A,,,,Spacebar,0,N/A,2975,N/A,N/A,N/A
379,1770635705713,WR pressed,HF_34_A,,,,No,N/A,N/A,N/A,7719,N/A,N/A
379,1770635705713,gap_time,N/A,,,,GapTime_1041,N/A,N/A,N/A,N/A,N/A,N/A
379,1770635706769,Sentence shown,HF_56_A,,true,true,N/A,N/A,N/A,N/A,N/A,N/A,N/A
379,1770635710783,Validation Missed,HF_56_A,,true,true,None,0,N/A,N/A,N/A,N/A,N/A
379,1770635710784,gap_time,N/A,,true,true,GapTime_717,N/A,N/A,N/A,N/A,N/A,N/A
379,1770635711517,Sentence shown,HF_43_A,,,,N/A,N/A,N/A,N/A,N/A,N/A,N/A
379,1770635715531,gap_time,N/A,,,,GapTime_1146,N/A,N/A,N/A,N/A,N/A,N/A
379,1770635716690,Sentence shown,LVL_118_A,true,,,N/A,N/A,N/A,N/A,N/A,N/A,N/A
379,1770635720704,gap_time,N/A,true,,,GapTime_891,N/A,N/A,N/A,N/A,N/A,N/A
379,1770635721610,Sentence shown,HF_49_A,,,,N/A,N/A,N/A,N/A,N/A,N/A,N/A
379,1770635725626,gap_time,N/A,,,,GapTime_1140,N/A,N/A,N/A,N/A,N/A,N/A
379,1770635726782,Sentence shown,LVH_103_A,true,,,N/A,N/A,N/A,N/A,N/A,N/A,N/A
379,1770635730797,gap_time,N/A,true,,,GapTime_1020,N/A,N/A,N/A,N/A,N/A,N/A
379,1770635731830,Sentence shown,HF_40_A,,,,N/A,N/A,N/A,N/A,N/A,N/A,N/A
379,1770635735844,gap_time,N/A,,,,GapTime_834,N/A,N/A,N/A,N/A,N/A,N/A
379,1770635736703,Sentence shown,LVH_107_P,true,,,N/A,N/A,N/A,N/A,N/A,N/A,N/A
379,1770635740706,gap_time,N/A,true,,,GapTime_851,N/A,N/A,N/A,N/A,N/A,N/A
379,1770635741564,Sentence shown,LVL_113_P,true,,,N/A,N/A,N/A,N/A,N/A,N/A,N/A
379,1770635745580,gap_time,N/A,true,,,GapTime_1084,N/A,N/A,N/A,N/A,N/A,N/A
379,1770635746674,Sentence shown,HF_60_A,,,,N/A,N/A,N/A,N/A,N/A,N/A,N/A
379,1770635750687,gap_time,N/A,,,,GapTime_883,N/A,N/A,N/A,N/A,N/A,N/A
379,1770635751578,Sentence shown,HVL_118_P,true,,,N/A,N/A,N/A,N/A,N/A,N/A,N/A
379,1770635755594,gap_time,N/A,true,,,GapTime_1163,N/A,N/A,N/A,N/A,N/A,N/A
379,1770635756782,Sentence shown,LVL_118_P,true,,true,N/A,N/A,N/A,N/A,N/A,N/A,N/A
379,1770635760785,gap_time,N/A,true,,true,GapTime_1084,N/A,N/A,N/A,N/A,N/A,N/A
379,1770635761877,Sentence shown,HF_54_A,,,,N/A,N/A,N/A,N/A,N/A,N/A,N/A
379,1770635765890,gap_time,N/A,,,,GapTime_790,N/A,N/A,N/A,N/A,N/A,N/A
379,1770635766690,Sentence shown,HVL_111_A,true,,,N/A,N/A,N/A,N/A,N/A,N/A,N/A
379,1770635770705,gap_time,N/A,true,,,GapTime_995,N/A,N/A,N/A,N/A,N/A,N/A
379,1770635771706,Sentence shown,LVH_103_A,true,,true,N/A,N/A,N/A,N/A,N/A,N/A,N/A
379,1770635773320,IR pressed,LVH_103_A,true,,true,Spacebar,1,N/A,1614,N/A,N/A,N/A
379,1770635773788,WR pressed,LVH_103_A,true,,true,Yes,N/A,1,N/A,468,N/A,N/A
379,1770635773788,gap_time,N/A,true,,true,GapTime_1002,N/A,N/A,N/A,N/A,N/A,N/A
379,1770635774813,Sentence shown,HF_54_A,,true,true,N/A,N/A,N/A,N/A,N/A,N/A,N/A
379,1770635776153,Validation IR pressed,HF_54_A,,true,true,Spacebar,1,N/A,1340,N/A,N/A,N/A
379,1770635776153,IR pressed,HF_54_A,,true,true,Spacebar,1,N/A,1340,N/A,N/A,N/A
379,1770635776523,WR pressed,HF_54_A,,true,true,Yes,N/A,N/A,N/A,370,N/A,N/A
379,1770635776523,gap_time,N/A,,true,true,GapTime_916,N/A,N/A,N/A,N/A,N/A,N/A
379,1770635777453,Sentence shown,LVL_143_A,true,,,N/A,N/A,N/A,N/A,N/A,N/A,N/A
379,1770635781454,gap_time,N/A,true,,,GapTime_983,N/A,N/A,N/A,N/A,N/A,N/A
379,1770635782453,Sentence shown,LVH_107_P,true,,true,N/A,N/A,N/A,N/A,N/A,N/A,N/A
379,1770635783820,IR pressed,LVH_107_P,true,,true,Spacebar,1,N/A,1367,N/A,N/A,N/A
379,1770635784246,WR pressed,LVH_107_P,true,,true,Yes,N/A,1,N/A,426,N/A,N/A
379,1770635784246,gap_time,N/A,true,,true,GapTime_1274,N/A,N/A,N/A,N/A,N/A,N/A
379,1770635785532,Sentence shown,LVL_113_P,true,,true,N/A,N/A,N/A,N/A,N/A,N/A,N/A
379,1770635789547,gap_time,N/A,true,,true,GapTime_1208,N/A,N/A,N/A,N/A,N/A,N/A
379,1770635790766,Sentence shown,HVL_118_A,true,,true,N/A,N/A,N/A,N/A,N/A,N/A,N/A
379,1770635794781,gap_time,N/A,true,,true,GapTime_750,N/A,N/A,N/A,N/A,N/A,N/A
379,1770635795548,Sentence shown,HVL_111_A,true,,true,N/A,N/A,N/A,N/A,N/A,N/A,N/A
379,1770635796471,IR pressed,HVL_111_A,true,,true,Spacebar,1,N/A,922,N/A,N/A,N/A
379,1770635797012,WR pressed,HVL_111_A,true,,true,Yes,N/A,1,N/A,541,N/A,N/A
379,1770635797012,gap_time,N/A,true,,true,GapTime_1101,N/A,N/A,N/A,N/A,N/A,N/A
379,1770635798127,Sentence shown,LVL_143_A,true,,true,N/A,N/A,N/A,N/A,N/A,N/A,N/A
379,1770635802143,gap_time,N/A,true,,true,GapTime_701,N/A,N/A,N/A,N/A,N/A,N/A
379,1770635802861,Rest Phase started,N/A,true,,true,Rest,N/A,N/A,N/A,N/A,N/A,N/A
379,1770635804424,Sentence shown,HF_69_A,,,,N/A,N/A,N/A,N/A,N/A,N/A,N/A
379,1770635808438,gap_time,N/A,,,,GapTime_1067,N/A,N/A,N/A,N/A,N/A,N/A
379,1770635809516,Sentence shown,HF_69_A,,true,true,N/A,N/A,N/A,N/A,N/A,N/A,N/A
379,1770635810580,Validation IR pressed,HF_69_A,,true,true,Spacebar,1,N/A,1064,N/A,N/A,N/A
379,1770635810580,IR pressed,HF_69_A,,true,true,Spacebar,1,N/A,1064,N/A,N/A,N/A
379,1770635810985,WR pressed,HF_69_A,,true,true,Yes,N/A,N/A,N/A,405,N/A,N/A
379,1770635810985,gap_time,N/A,,true,true,GapTime_874,N/A,N/A,N/A,N/A,N/A,N/A
379,1770635811861,Sentence shown,HF_87_A,,,,N/A,N/A,N/A,N/A,N/A,N/A,N/A
379,1770635815876,gap_time,N/A,,,,GapTime_814,N/A,N/A,N/A,N/A,N/A,N/A
379,1770635816706,Sentence shown,LVL_100_A,true,,,N/A,N/A,N/A,N/A,N/A,N/A,N/A
379,1770635820722,gap_time,N/A,true,,,GapTime_1181,N/A,N/A,N/A,N/A,N/A,N/A
379,1770635821907,Sentence shown,HH_143_A,true,,,N/A,N/A,N/A,N/A,N/A,N/A,N/A
379,1770635825923,gap_time,N/A,true,,,GapTime_1226,N/A,N/A,N/A,N/A,N/A,N/A
379,1770635827157,Sentence shown,HF_78_A,,,,N/A,N/A,N/A,N/A,N/A,N/A,N/A
379,1770635831171,gap_time,N/A,,,,GapTime_1028,N/A,N/A,N/A,N/A,N/A,N/A
379,1770635832206,Sentence shown,HF_71_A,,,,N/A,N/A,N/A,N/A,N/A,N/A,N/A
379,1770635836220,gap_time,N/A,,,,GapTime_1003,N/A,N/A,N/A,N/A,N/A,N/A
379,1770635837236,Sentence shown,LVH_141_P,true,,,N/A,N/A,N/A,N/A,N/A,N/A,N/A
379,1770635841250,gap_time,N/A,true,,,GapTime_914,N/A,N/A,N/A,N/A,N/A,N/A
379,1770635842174,Sentence shown,HF_84_A,,,,N/A,N/A,N/A,N/A,N/A,N/A,N/A
379,1770635846176,gap_time,N/A,,,,GapTime_755,N/A,N/A,N/A,N/A,N/A,N/A
379,1770635846940,Sentence shown,LVL_100_P,true,,true,N/A,N/A,N/A,N/A,N/A,N/A,N/A
379,1770635850954,gap_time,N/A,true,,true,GapTime_1222,N/A,N/A,N/A,N/A,N/A,N/A
379,1770635852190,Sentence shown,HF_84_A,,true,true,N/A,N/A,N/A,N/A,N/A,N/A,N/A
379,1770635853053,Validation IR pressed,HF_84_A,,true,true,Spacebar,1,N/A,863,N/A,N/A,N/A
379,1770635853053,IR pressed,HF_84_A,,true,true,Spacebar,1,N/A,863,N/A,N/A,N/A
379,1770635853452,WR pressed,HF_84_A,,true,true,Yes,N/A,N/A,N/A,399,N/A,N/A
379,1770635853453,gap_time,N/A,,true,true,GapTime_1065,N/A,N/A,N/A,N/A,N/A,N/A
379,1770635854531,Sentence shown,HF_89_A,,,,N/A,N/A,N/A,N/A,N/A,N/A,N/A
379,1770635858533,gap_time,N/A,,,,GapTime_826,N/A,N/A,N/A,N/A,N/A,N/A
379,1770635859360,Sentence shown,HF_89_A,,true,true,N/A,N/A,N/A,N/A,N/A,N/A,N/A
379,1770635860204,Validation IR pressed,HF_89_A,,true,true,Spacebar,1,N/A,844,N/A,N/A,N/A
379,1770635860204,IR pressed,HF_89_A,,true,true,Spacebar,1,N/A,844,N/A,N/A,N/A
379,1770635860580,WR pressed,HF_89_A,,true,true,Yes,N/A,N/A,N/A,376,N/A,N/A
379,1770635860580,gap_time,N/A,,true,true,GapTime_741,N/A,N/A,N/A,N/A,N/A,N/A
379,1770635861329,Sentence shown,HVL_106_A,true,,,N/A,N/A,N/A,N/A,N/A,N/A,N/A
379,1770635865331,gap_time,N/A,true,,,GapTime_1284,N/A,N/A,N/A,N/A,N/A,N/A
379,1770635866627,Sentence shown,HF_85_A,,,,N/A,N/A,N/A,N/A,N/A,N/A,N/A
379,1770635870640,gap_time,N/A,,,,GapTime_808,N/A,N/A,N/A,N/A,N/A,N/A
379,1770635871454,Sentence shown,HH_143_A,true,,true,N/A,N/A,N/A,N/A,N/A,N/A,N/A
379,1770635872753,IR pressed,HH_143_A,true,,true,Spacebar,1,N/A,1299,N/A,N/A,N/A
379,1770635873084,WR pressed,HH_143_A,true,,true,Yes,N/A,1,N/A,331,N/A,N/A
379,1770635873084,gap_time,N/A,true,,true,GapTime_1111,N/A,N/A,N/A,N/A,N/A,N/A
379,1770635874204,Sentence shown,LVH_141_A,true,,true,N/A,N/A,N/A,N/A,N/A,N/A,N/A
379,1770635875957,IR pressed,LVH_141_A,true,,true,Spacebar,1,N/A,1753,N/A,N/A,N/A
379,1770635876365,WR pressed,LVH_141_A,true,,true,No,N/A,1,N/A,408,N/A,N/A
379,1770635876365,gap_time,N/A,true,,true,GapTime_936,N/A,N/A,N/A,N/A,N/A,N/A
379,1770635877317,Sentence shown,HF_80_A,,,,N/A,N/A,N/A,N/A,N/A,N/A,N/A
379,1770635881331,gap_time,N/A,,,,GapTime_871,N/A,N/A,N/A,N/A,N/A,N/A
379,1770635882204,Sentence shown,HF_80_A,,true,true,N/A,N/A,N/A,N/A,N/A,N/A,N/A
379,1770635883012,Validation IR pressed,HF_80_A,,true,true,Spacebar,1,N/A,808,N/A,N/A,N/A
379,1770635883012,IR pressed,HF_80_A,,true,true,Spacebar,1,N/A,808,N/A,N/A,N/A
379,1770635883337,WR pressed,HF_80_A,,true,true,Yes,N/A,N/A,N/A,325,N/A,N/A
379,1770635883337,gap_time,N/A,,true,true,GapTime_1029,N/A,N/A,N/A,N/A,N/A,N/A
379,1770635884377,Sentence shown,HF_93_A,,,,N/A,N/A,N/A,N/A,N/A,N/A,N/A
379,1770635888391,gap_time,N/A,,,,GapTime_1090,N/A,N/A,N/A,N/A,N/A,N/A
379,1770635889486,Sentence shown,HF_82_A,,,,N/A,N/A,N/A,N/A,N/A,N/A,N/A
379,1770635893501,gap_time,N/A,,,,GapTime_881,N/A,N/A,N/A,N/A,N/A,N/A
379,1770635894392,Sentence shown,HVL_106_A,true,,true,N/A,N/A,N/A,N/A,N/A,N/A,N/A
379,1770635898398,gap_time,N/A,true,,true,GapTime_1012,N/A,N/A,N/A,N/A,N/A,N/A
379,1770635899424,Sentence shown,HF_82_A,,true,true,N/A,N/A,N/A,N/A,N/A,N/A,N/A
379,1770635900375,Validation IR pressed,HF_82_A,,true,true,Spacebar,1,N/A,951,N/A,N/A,N/A
379,1770635900375,IR pressed,HF_82_A,,true,true,Spacebar,1,N/A,951,N/A,N/A,N/A
379,1770635900713,WR pressed,HF_82_A,,true,true,Yes,N/A,N/A,N/A,338,N/A,N/A
379,1770635900713,gap_time,N/A,,true,true,GapTime_760,N/A,N/A,N/A,N/A,N/A,N/A
379,1770635901485,Sentence shown,LVH_164_P,true,,,N/A,N/A,N/A,N/A,N/A,N/A,N/A
379,1770635905486,gap_time,N/A,true,,,GapTime_1045,N/A,N/A,N/A,N/A,N/A,N/A
379,1770635906532,Sentence shown,HF_92_A,,,,N/A,N/A,N/A,N/A,N/A,N/A,N/A
379,1770635910546,gap_time,N/A,,,,GapTime_1300,N/A,N/A,N/A,N/A,N/A,N/A
379,1770635911859,Sentence shown,HH_141_P,true,,,N/A,N/A,N/A,N/A,N/A,N/A,N/A
379,1770635915862,gap_time,N/A,true,,,GapTime_919,N/A,N/A,N/A,N/A,N/A,N/A
379,1770635916782,Sentence shown,HF_83_A,,,,N/A,N/A,N/A,N/A,N/A,N/A,N/A
379,1770635920784,gap_time,N/A,,,,GapTime_1280,N/A,N/A,N/A,N/A,N/A,N/A
379,1770635922080,Sentence shown,LVL_129_P,true,,,N/A,N/A,N/A,N/A,N/A,N/A,N/A
379,1770635926085,gap_time,N/A,true,,,GapTime_1088,N/A,N/A,N/A,N/A,N/A,N/A
379,1770635927188,Sentence shown,HF_90_A,,,,N/A,N/A,N/A,N/A,N/A,N/A,N/A
379,1770635931204,gap_time,N/A,,,,GapTime_1147,N/A,N/A,N/A,N/A,N/A,N/A
379,1770635932360,Sentence shown,HF_79_A,,,,N/A,N/A,N/A,N/A,N/A,N/A,N/A
379,1770635936377,gap_time,N/A,,,,GapTime_1132,N/A,N/A,N/A,N/A,N/A,N/A
379,1770635937531,Sentence shown,HF_90_A,,true,true,N/A,N/A,N/A,N/A,N/A,N/A,N/A
379,1770635938539,Validation IR pressed,HF_90_A,,true,true,Spacebar,1,N/A,1008,N/A,N/A,N/A
379,1770635938539,IR pressed,HF_90_A,,true,true,Spacebar,1,N/A,1008,N/A,N/A,N/A
379,1770635938931,WR pressed,HF_90_A,,true,true,Yes,N/A,N/A,N/A,392,N/A,N/A
379,1770635938931,gap_time,N/A,,true,true,GapTime_1080,N/A,N/A,N/A,N/A,N/A,N/A
379,1770635940018,Sentence shown,HF_81_A,,,,N/A,N/A,N/A,N/A,N/A,N/A,N/A
379,1770635944032,gap_time,N/A,,,,GapTime_1106,N/A,N/A,N/A,N/A,N/A,N/A
379,1770635945142,Sentence shown,HH_141_P,true,,true,N/A,N/A,N/A,N/A,N/A,N/A,N/A
379,1770635949158,gap_time,N/A,true,,true,GapTime_1014,N/A,N/A,N/A,N/A,N/A,N/A
379,1770635950175,Sentence shown,LVH_164_P,true,,true,N/A,N/A,N/A,N/A,N/A,N/A,N/A
379,1770635951328,IR pressed,LVH_164_P,true,,true,Spacebar,1,N/A,1153,N/A,N/A,N/A
379,1770635951623,WR pressed,LVH_164_P,true,,true,Yes,N/A,1,N/A,295,N/A,N/A
379,1770635951624,gap_time,N/A,true,,true,GapTime_773,N/A,N/A,N/A,N/A,N/A,N/A
379,1770635952406,Sentence shown,HVL_109_A,true,,,N/A,N/A,N/A,N/A,N/A,N/A,N/A
379,1770635956409,gap_time,N/A,true,,,GapTime_995,N/A,N/A,N/A,N/A,N/A,N/A
379,1770635957406,Sentence shown,HH_178_P,true,,,N/A,N/A,N/A,N/A,N/A,N/A,N/A
379,1770635961422,gap_time,N/A,true,,,GapTime_755,N/A,N/A,N/A,N/A,N/A,N/A
379,1770635962188,Sentence shown,HF_88_A,,,,N/A,N/A,N/A,N/A,N/A,N/A,N/A
379,1770635966204,gap_time,N/A,,,,GapTime_797,N/A,N/A,N/A,N/A,N/A,N/A
379,1770635967017,Sentence shown,LVL_120_P,true,,,N/A,N/A,N/A,N/A,N/A,N/A,N/A
379,1770635971033,gap_time,N/A,true,,,GapTime_1162,N/A,N/A,N/A,N/A,N/A,N/A
379,1770635972204,Sentence shown,LVL_129_A,true,,true,N/A,N/A,N/A,N/A,N/A,N/A,N/A
379,1770635976208,gap_time,N/A,true,,true,GapTime_718,N/A,N/A,N/A,N/A,N/A,N/A
379,1770635976939,Sentence shown,HF_88_A,,true,true,N/A,N/A,N/A,N/A,N/A,N/A,N/A
379,1770635977790,Validation IR pressed,HF_88_A,,true,true,Spacebar,1,N/A,851,N/A,N/A,N/A
379,1770635977790,IR pressed,HF_88_A,,true,true,Spacebar,1,N/A,851,N/A,N/A,N/A
379,1770635978220,WR pressed,HF_88_A,,true,true,Yes,N/A,N/A,N/A,430,N/A,N/A
379,1770635978221,gap_time,N/A,,true,true,GapTime_1137,N/A,N/A,N/A,N/A,N/A,N/A
379,1770635979363,Sentence shown,HF_77_A,,,,N/A,N/A,N/A,N/A,N/A,N/A,N/A
379,1770635983377,gap_time,N/A,,,,GapTime_790,N/A,N/A,N/A,N/A,N/A,N/A
379,1770635984174,Sentence shown,HH_138_A,true,,,N/A,N/A,N/A,N/A,N/A,N/A,N/A
379,1770635988189,gap_time,N/A,true,,,GapTime_1295,N/A,N/A,N/A,N/A,N/A,N/A
379,1770635989487,Sentence shown,HF_68_A,,,,N/A,N/A,N/A,N/A,N/A,N/A,N/A
379,1770635993501,gap_time,N/A,,,,GapTime_1031,N/A,N/A,N/A,N/A,N/A,N/A
379,1770635994533,Sentence shown,HVL_109_P,true,,true,N/A,N/A,N/A,N/A,N/A,N/A,N/A
379,1770635996840,IR pressed,HVL_109_P,true,,true,Spacebar,1,N/A,2307,N/A,N/A,N/A
379,1770635997187,WR pressed,HVL_109_P,true,,true,No,N/A,1,N/A,347,N/A,N/A
379,1770635997187,gap_time,N/A,true,,true,GapTime_777,N/A,N/A,N/A,N/A,N/A,N/A
379,1770635997969,Sentence shown,HH_178_A,true,,true,N/A,N/A,N/A,N/A,N/A,N/A,N/A
379,1770635999959,IR pressed,HH_178_A,true,,true,Spacebar,1,N/A,1990,N/A,N/A,N/A
379,1770636000359,WR pressed,HH_178_A,true,,true,No,N/A,1,N/A,400,N/A,N/A
379,1770636000359,gap_time,N/A,true,,true,GapTime_959,N/A,N/A,N/A,N/A,N/A,N/A
379,1770636001330,Sentence shown,HF_72_A,,,,N/A,N/A,N/A,N/A,N/A,N/A,N/A
379,1770636003645,Validation Wrong IR pressed,HF_72_A,,,,Spacebar,0,N/A,2315,N/A,N/A,N/A
379,1770636003645,IR pressed,HF_72_A,,,,Spacebar,0,N/A,2315,N/A,N/A,N/A
379,1770636003978,WR pressed,HF_72_A,,,,Yes,N/A,N/A,N/A,333,N/A,N/A
379,1770636003979,gap_time,N/A,,,,GapTime_884,N/A,N/A,N/A,N/A,N/A,N/A
379,1770636004891,Sentence shown,HF_72_A,,true,true,N/A,N/A,N/A,N/A,N/A,N/A,N/A
379,1770636005685,Validation IR pressed,HF_72_A,,true,true,Spacebar,1,N/A,794,N/A,N/A,N/A
379,1770636005685,IR pressed,HF_72_A,,true,true,Spacebar,1,N/A,794,N/A,N/A,N/A
379,1770636006004,WR pressed,HF_72_A,,true,true,Yes,N/A,N/A,N/A,319,N/A,N/A
379,1770636006004,gap_time,N/A,,true,true,GapTime_903,N/A,N/A,N/A,N/A,N/A,N/A
379,1770636006908,Sentence shown,LVL_125_A,true,,,N/A,N/A,N/A,N/A,N/A,N/A,N/A
379,1770636010922,gap_time,N/A,true,,,GapTime_731,N/A,N/A,N/A,N/A,N/A,N/A
379,1770636011673,Sentence shown,HF_96_A,,,,N/A,N/A,N/A,N/A,N/A,N/A,N/A
379,1770636015688,gap_time,N/A,,,,GapTime_991,N/A,N/A,N/A,N/A,N/A,N/A
379,1770636016687,Sentence shown,LVL_120_P,true,,true,N/A,N/A,N/A,N/A,N/A,N/A,N/A
379,1770636020688,gap_time,N/A,true,,true,GapTime_840,N/A,N/A,N/A,N/A,N/A,N/A
379,1770636021532,Sentence shown,HF_74_A,,,,N/A,N/A,N/A,N/A,N/A,N/A,N/A
379,1770636025547,gap_time,N/A,,,,GapTime_840,N/A,N/A,N/A,N/A,N/A,N/A
379,1770636026394,Sentence shown,HF_86_A,,,,N/A,N/A,N/A,N/A,N/A,N/A,N/A
379,1770636030408,gap_time,N/A,,,,GapTime_1009,N/A,N/A,N/A,N/A,N/A,N/A
379,1770636031422,Sentence shown,HH_138_P,true,,true,N/A,N/A,N/A,N/A,N/A,N/A,N/A
379,1770636035424,gap_time,N/A,true,,true,GapTime_893,N/A,N/A,N/A,N/A,N/A,N/A
379,1770636036328,Sentence shown,LVL_125_A,true,,true,N/A,N/A,N/A,N/A,N/A,N/A,N/A
379,1770636040330,gap_time,N/A,true,,true,GapTime_986,N/A,N/A,N/A,N/A,N/A,N/A
379,1770636041330,Sentence shown,HF_94_A,,,,N/A,N/A,N/A,N/A,N/A,N/A,N/A
379,1770636045344,gap_time,N/A,,,,GapTime_701,N/A,N/A,N/A,N/A,N/A,N/A
379,1770636046048,Sentence shown,HF_70_A,,,,N/A,N/A,N/A,N/A,N/A,N/A,N/A
379,1770636050050,gap_time,N/A,,,,GapTime_738,N/A,N/A,N/A,N/A,N/A,N/A
379,1770636050798,Sentence shown,HF_67_A,,,,N/A,N/A,N/A,N/A,N/A,N/A,N/A
379,1770636054813,gap_time,N/A,,,,GapTime_1062,N/A,N/A,N/A,N/A,N/A,N/A
379,1770636055891,Sentence shown,HF_76_A,,,,N/A,N/A,N/A,N/A,N/A,N/A,N/A
379,1770636059895,gap_time,N/A,,,,GapTime_847,N/A,N/A,N/A,N/A,N/A,N/A
379,1770636060751,Sentence shown,HF_66_A,,,,N/A,N/A,N/A,N/A,N/A,N/A,N/A
379,1770636064766,gap_time,N/A,,,,GapTime_923,N/A,N/A,N/A,N/A,N/A,N/A
379,1770636065690,Sentence shown,LVH_101_A,true,,,N/A,N/A,N/A,N/A,N/A,N/A,N/A
379,1770636069705,gap_time,N/A,true,,,GapTime_1007,N/A,N/A,N/A,N/A,N/A,N/A
379,1770636070721,Sentence shown,HF_73_A,,,,N/A,N/A,N/A,N/A,N/A,N/A,N/A
379,1770636074736,gap_time,N/A,,,,GapTime_835,N/A,N/A,N/A,N/A,N/A,N/A
379,1770636075579,Sentence shown,HVL_164_P,true,,,N/A,N/A,N/A,N/A,N/A,N/A,N/A
379,1770636079588,gap_time,N/A,true,,,GapTime_860,N/A,N/A,N/A,N/A,N/A,N/A
379,1770636080456,Sentence shown,LVH_140_A,true,,,N/A,N/A,N/A,N/A,N/A,N/A,N/A
379,1770636084470,gap_time,N/A,true,,,GapTime_959,N/A,N/A,N/A,N/A,N/A,N/A
379,1770636085440,Sentence shown,HF_73_A,,true,true,N/A,N/A,N/A,N/A,N/A,N/A,N/A
379,1770636086412,Validation IR pressed,HF_73_A,,true,true,Spacebar,1,N/A,972,N/A,N/A,N/A
379,1770636086412,IR pressed,HF_73_A,,true,true,Spacebar,1,N/A,972,N/A,N/A,N/A
379,1770636086780,WR pressed,HF_73_A,,true,true,Yes,N/A,N/A,N/A,368,N/A,N/A
379,1770636086780,gap_time,N/A,,true,true,GapTime_1226,N/A,N/A,N/A,N/A,N/A,N/A
379,1770636088019,Sentence shown,HF_75_A,,,,N/A,N/A,N/A,N/A,N/A,N/A,N/A
379,1770636092033,gap_time,N/A,,,,GapTime_1243,N/A,N/A,N/A,N/A,N/A,N/A
379,1770636093284,Sentence shown,LVH_101_P,true,,true,N/A,N/A,N/A,N/A,N/A,N/A,N/A
379,1770636097290,gap_time,N/A,true,,true,GapTime_898,N/A,N/A,N/A,N/A,N/A,N/A
379,1770636098203,Sentence shown,HVL_100_P,true,,,N/A,N/A,N/A,N/A,N/A,N/A,N/A
379,1770636102218,gap_time,N/A,true,,,GapTime_958,N/A,N/A,N/A,N/A,N/A,N/A
379,1770636103191,Sentence shown,HF_75_A,,true,true,N/A,N/A,N/A,N/A,N/A,N/A,N/A
379,1770636107206,Validation Missed,HF_75_A,,true,true,None,0,N/A,N/A,N/A,N/A,N/A
379,1770636107206,gap_time,N/A,,true,true,GapTime_1006,N/A,N/A,N/A,N/A,N/A,N/A
379,1770636108219,Sentence shown,HF_91_A,,,,N/A,N/A,N/A,N/A,N/A,N/A,N/A
379,1770636112250,gap_time,N/A,,,,GapTime_741,N/A,N/A,N/A,N/A,N/A,N/A
379,1770636113005,Sentence shown,HVL_164_A,true,,true,N/A,N/A,N/A,N/A,N/A,N/A,N/A
379,1770636115993,IR pressed,HVL_164_A,true,,true,Spacebar,1,N/A,2988,N/A,N/A,N/A
379,1770636116278,WR pressed,HVL_164_A,true,,true,No,N/A,1,N/A,285,N/A,N/A
379,1770636116278,gap_time,N/A,true,,true,GapTime_837,N/A,N/A,N/A,N/A,N/A,N/A
379,1770636117128,Sentence shown,HF_97_A,,,,N/A,N/A,N/A,N/A,N/A,N/A,N/A
379,1770636121139,gap_time,N/A,,,,GapTime_1181,N/A,N/A,N/A,N/A,N/A,N/A
379,1770636122329,Sentence shown,HF_95_A,,,,N/A,N/A,N/A,N/A,N/A,N/A,N/A
379,1770636126344,gap_time,N/A,,,,GapTime_764,N/A,N/A,N/A,N/A,N/A,N/A
379,1770636127117,Sentence shown,LVH_140_A,true,,true,N/A,N/A,N/A,N/A,N/A,N/A,N/A
379,1770636128510,IR pressed,LVH_140_A,true,,true,Spacebar,1,N/A,1393,N/A,N/A,N/A
379,1770636129882,WR pressed,LVH_140_A,true,,true,Yes,N/A,1,N/A,1372,N/A,N/A
379,1770636129882,gap_time,N/A,true,,true,GapTime_1157,N/A,N/A,N/A,N/A,N/A,N/A
379,1770636131049,Sentence shown,HVL_100_P,true,,true,N/A,N/A,N/A,N/A,N/A,N/A,N/A
379,1770636132679,IR pressed,HVL_100_P,true,,true,Spacebar,1,N/A,1630,N/A,N/A,N/A
379,1770636132958,WR pressed,HVL_100_P,true,,true,Yes,N/A,1,N/A,279,N/A,N/A
379,1770636132959,gap_time,N/A,true,,true,GapTime_891,N/A,N/A,N/A,N/A,N/A,N/A
