participant_ID,Timestamp,Event,Stimulus,isTarget,isValidation,isRepeat,Button,Accuracy IR,Accuracy WR,Reaction_time_IR,Reaction_time_WR,CR_IR,CR_WR
236,1770292942556,Practice Sentence shown,HL_45_A,,,,N/A,N/A,N/A,N/A,N/A,N/A,N/A
236,1770292944341,Practice IR pressed,HL_45_A,,,,Spacebar,0,N/A,1785,N/A,N/A,N/A
236,1770292946879,Practice Sentence shown,HH_127_A,true,,,N/A,N/A,N/A,N/A,N/A,N/A,N/A
236,1770292952416,Practice Sentence shown,HL_41_A,,,,N/A,N/A,N/A,N/A,N/A,N/A,N/A
236,1770292957937,Practice Sentence shown,HH_134_A,true,,,N/A,N/A,N/A,N/A,N/A,N/A,N/A
236,1770292963457,Practice Sentence shown,HL_25_A,,,,N/A,N/A,N/A,N/A,N/A,N/A,N/A
236,1770292968979,Practice Sentence shown,HL_47_A,,,,N/A,N/A,N/A,N/A,N/A,N/A,N/A
236,1770292970226,Practice IR pressed,HL_47_A,,,,Spacebar,0,N/A,1247,N/A,N/A,N/A
236,1770292972768,Practice Sentence shown,HL_38_A,,,,N/A,N/A,N/A,N/A,N/A,N/A,N/A
236,1770292978287,Practice Sentence shown,HH_134_P,true,,true,N/A,N/A,N/A,N/A,N/A,N/A,N/A
236,1770292980144,Practice IR pressed,HH_134_P,true,,true,Spacebar,1,N/A,1857,N/A,N/A,N/A
236,1770292981922,Practice WR pressed,HH_134_P,true,,true,No,N/A,1,N/A,1778,N/A,N/A
236,1770292983431,Practice Sentence shown,HH_127_A,true,,true,N/A,N/A,N/A,N/A,N/A,N/A,N/A
236,1770292984498,Practice IR pressed,HH_127_A,true,,true,Spacebar,1,N/A,1067,N/A,N/A,N/A
236,1770292985676,Practice WR pressed,HH_127_A,true,,true,Yes,N/A,1,N/A,1178,N/A,N/A
236,1770292987185,Practice Sentence shown,HL_27_A,,,,N/A,N/A,N/A,N/A,N/A,N/A,N/A
236,1770292988747,Practice IR pressed,HL_27_A,,,,Spacebar,0,N/A,1562,N/A,N/A,N/A
236,1770292992096,Practice Sentence shown,HL_22_A,,,,N/A,N/A,N/A,N/A,N/A,N/A,N/A
236,1770292997613,Practice Sentence shown,HH_125_A,true,,,N/A,N/A,N/A,N/A,N/A,N/A,N/A
236,1770293003115,Practice Sentence shown,HH_129_A,true,,,N/A,N/A,N/A,N/A,N/A,N/A,N/A
236,1770293008638,Practice Sentence shown,HH_101_A,true,,,N/A,N/A,N/A,N/A,N/A,N/A,N/A
236,1770293014164,Practice Sentence shown,HL_58_A,,,,N/A,N/A,N/A,N/A,N/A,N/A,N/A
236,1770293019687,Practice Sentence shown,HL_9_A,,,,N/A,N/A,N/A,N/A,N/A,N/A,N/A
236,1770293020787,Practice IR pressed,HL_9_A,,,,Spacebar,0,N/A,1100,N/A,N/A,N/A
236,1770293025145,Practice Sentence shown,HL_4_A,,,,N/A,N/A,N/A,N/A,N/A,N/A,N/A
236,1770293030660,Practice Sentence shown,HH_125_P,true,,true,N/A,N/A,N/A,N/A,N/A,N/A,N/A
236,1770293032342,Practice IR pressed,HH_125_P,true,,true,Spacebar,1,N/A,1682,N/A,N/A,N/A
236,1770293033208,Practice WR pressed,HH_125_P,true,,true,No,N/A,1,N/A,866,N/A,N/A
236,1770293034721,Practice Sentence shown,HH_129_P,true,,true,N/A,N/A,N/A,N/A,N/A,N/A,N/A
236,1770293036408,Practice IR pressed,HH_129_P,true,,true,Spacebar,1,N/A,1687,N/A,N/A,N/A
236,1770293037020,Practice WR pressed,HH_129_P,true,,true,No,N/A,1,N/A,612,N/A,N/A
236,1770293038527,Practice Sentence shown,HH_101_A,true,,true,N/A,N/A,N/A,N/A,N/A,N/A,N/A
236,1770293039490,Practice IR pressed,HH_101_A,true,,true,Spacebar,1,N/A,963,N/A,N/A,N/A
236,1770293039858,Practice WR pressed,HH_101_A,true,,true,Yes,N/A,1,N/A,368,N/A,N/A
236,1770293050814,Sentence shown,HF_11_A,,,,N/A,N/A,N/A,N/A,N/A,N/A,N/A
236,1770293054823,gap_time,N/A,,,,GapTime_1210,N/A,N/A,N/A,N/A,N/A,N/A
236,1770293056039,Sentence shown,HVL_116_A,true,,,N/A,N/A,N/A,N/A,N/A,N/A,N/A
236,1770293060047,gap_time,N/A,true,,,GapTime_1252,N/A,N/A,N/A,N/A,N/A,N/A
236,1770293061312,Sentence shown,HF_25_A,,,,N/A,N/A,N/A,N/A,N/A,N/A,N/A
236,1770293065314,gap_time,N/A,,,,GapTime_925,N/A,N/A,N/A,N/A,N/A,N/A
236,1770293066248,Sentence shown,LVH_168_A,true,,,N/A,N/A,N/A,N/A,N/A,N/A,N/A
236,1770293070263,gap_time,N/A,true,,,GapTime_1164,N/A,N/A,N/A,N/A,N/A,N/A
236,1770293071432,Sentence shown,HH_176_A,true,,,N/A,N/A,N/A,N/A,N/A,N/A,N/A
236,1770293075442,gap_time,N/A,true,,,GapTime_823,N/A,N/A,N/A,N/A,N/A,N/A
236,1770293076269,Sentence shown,HF_15_A,,,,N/A,N/A,N/A,N/A,N/A,N/A,N/A
236,1770293080276,gap_time,N/A,,,,GapTime_1178,N/A,N/A,N/A,N/A,N/A,N/A
236,1770293081455,Sentence shown,HVL_116_A,true,,true,N/A,N/A,N/A,N/A,N/A,N/A,N/A
236,1770293082544,IR pressed,HVL_116_A,true,,true,Spacebar,1,N/A,1089,N/A,N/A,N/A
236,1770293084738,WR pressed,HVL_116_A,true,,true,Yes,N/A,1,N/A,2194,N/A,N/A
236,1770293084740,gap_time,N/A,true,,true,GapTime_709,N/A,N/A,N/A,N/A,N/A,N/A
236,1770293085463,Sentence shown,LVH_144_P,true,,,N/A,N/A,N/A,N/A,N/A,N/A,N/A
236,1770293089477,gap_time,N/A,true,,,GapTime_872,N/A,N/A,N/A,N/A,N/A,N/A
236,1770293090363,Sentence shown,HF_17_A,,,,N/A,N/A,N/A,N/A,N/A,N/A,N/A
236,1770293094375,gap_time,N/A,,,,GapTime_939,N/A,N/A,N/A,N/A,N/A,N/A
236,1770293095323,Sentence shown,HH_189_A,true,,,N/A,N/A,N/A,N/A,N/A,N/A,N/A
236,1770293099334,gap_time,N/A,true,,,GapTime_1022,N/A,N/A,N/A,N/A,N/A,N/A
236,1770293100362,Sentence shown,HF_2_A,,,,N/A,N/A,N/A,N/A,N/A,N/A,N/A
236,1770293104378,gap_time,N/A,,,,GapTime_847,N/A,N/A,N/A,N/A,N/A,N/A
236,1770293105236,Sentence shown,LVH_168_P,true,,true,N/A,N/A,N/A,N/A,N/A,N/A,N/A
236,1770293108384,IR pressed,LVH_168_P,true,,true,Spacebar,1,N/A,3148,N/A,N/A,N/A
236,1770293112302,WR pressed,LVH_168_P,true,,true,No,N/A,1,N/A,3918,N/A,N/A
236,1770293112302,gap_time,N/A,true,,true,GapTime_827,N/A,N/A,N/A,N/A,N/A,N/A
236,1770293113131,Sentence shown,HH_176_A,true,,true,N/A,N/A,N/A,N/A,N/A,N/A,N/A
236,1770293116050,IR pressed,HH_176_A,true,,true,Spacebar,1,N/A,2919,N/A,N/A,N/A
236,1770293117283,WR pressed,HH_176_A,true,,true,Yes,N/A,1,N/A,1233,N/A,N/A
236,1770293117283,gap_time,N/A,true,,true,GapTime_782,N/A,N/A,N/A,N/A,N/A,N/A
236,1770293118067,Sentence shown,HH_174_P,true,,,N/A,N/A,N/A,N/A,N/A,N/A,N/A
236,1770293122081,gap_time,N/A,true,,,GapTime_753,N/A,N/A,N/A,N/A,N/A,N/A
236,1770293122839,Sentence shown,HVL_107_P,true,,,N/A,N/A,N/A,N/A,N/A,N/A,N/A
236,1770293126854,gap_time,N/A,true,,,GapTime_711,N/A,N/A,N/A,N/A,N/A,N/A
236,1770293127569,Sentence shown,HF_21_A,,,,N/A,N/A,N/A,N/A,N/A,N/A,N/A
236,1770293131586,gap_time,N/A,,,,GapTime_945,N/A,N/A,N/A,N/A,N/A,N/A
236,1770293132537,Sentence shown,HF_27_A,,,,N/A,N/A,N/A,N/A,N/A,N/A,N/A
236,1770293136540,gap_time,N/A,,,,GapTime_1135,N/A,N/A,N/A,N/A,N/A,N/A
236,1770293137678,Sentence shown,HF_27_A,,true,true,N/A,N/A,N/A,N/A,N/A,N/A,N/A
236,1770293139143,Validation IR pressed,HF_27_A,,true,true,Spacebar,1,N/A,1465,N/A,N/A,N/A
236,1770293139143,IR pressed,HF_27_A,,true,true,Spacebar,1,N/A,1465,N/A,N/A,N/A
236,1770293139915,WR pressed,HF_27_A,,true,true,Yes,N/A,N/A,N/A,772,N/A,N/A
236,1770293139915,gap_time,N/A,,true,true,GapTime_1086,N/A,N/A,N/A,N/A,N/A,N/A
236,1770293141010,Sentence shown,LVH_144_A,true,,true,N/A,N/A,N/A,N/A,N/A,N/A,N/A
236,1770293143138,IR pressed,LVH_144_A,true,,true,Spacebar,1,N/A,2128,N/A,N/A,N/A
236,1770293143681,WR pressed,LVH_144_A,true,,true,Yes,N/A,0,N/A,543,N/A,N/A
236,1770293143682,gap_time,N/A,true,,true,GapTime_1017,N/A,N/A,N/A,N/A,N/A,N/A
236,1770293144715,Sentence shown,HH_189_P,true,,true,N/A,N/A,N/A,N/A,N/A,N/A,N/A
236,1770293147353,IR pressed,HH_189_P,true,,true,Spacebar,1,N/A,2638,N/A,N/A,N/A
236,1770293147797,WR pressed,HH_189_P,true,,true,No,N/A,1,N/A,444,N/A,N/A
236,1770293147797,gap_time,N/A,true,,true,GapTime_1116,N/A,N/A,N/A,N/A,N/A,N/A
236,1770293148924,Sentence shown,LVL_103_P,true,,,N/A,N/A,N/A,N/A,N/A,N/A,N/A
236,1770293152937,gap_time,N/A,true,,,GapTime_794,N/A,N/A,N/A,N/A,N/A,N/A
236,1770293153732,Sentence shown,HF_4_A,,,,N/A,N/A,N/A,N/A,N/A,N/A,N/A
236,1770293156038,Validation Wrong IR pressed,HF_4_A,,,,Spacebar,0,N/A,2306,N/A,N/A,N/A
236,1770293156038,IR pressed,HF_4_A,,,,Spacebar,0,N/A,2306,N/A,N/A,N/A
236,1770293157255,WR pressed,HF_4_A,,,,Yes,N/A,N/A,N/A,1217,N/A,N/A
236,1770293157256,gap_time,N/A,,,,GapTime_1212,N/A,N/A,N/A,N/A,N/A,N/A
236,1770293158473,Sentence shown,HH_174_A,true,,true,N/A,N/A,N/A,N/A,N/A,N/A,N/A
236,1770293161599,IR pressed,HH_174_A,true,,true,Spacebar,1,N/A,3126,N/A,N/A,N/A
236,1770293162604,WR pressed,HH_174_A,true,,true,Yes,N/A,0,N/A,1005,N/A,N/A
236,1770293162604,gap_time,N/A,true,,true,GapTime_1063,N/A,N/A,N/A,N/A,N/A,N/A
236,1770293163675,Sentence shown,HF_4_A,,true,true,N/A,N/A,N/A,N/A,N/A,N/A,N/A
236,1770293165405,Validation IR pressed,HF_4_A,,true,true,Spacebar,1,N/A,1730,N/A,N/A,N/A
236,1770293165405,IR pressed,HF_4_A,,true,true,Spacebar,1,N/A,1730,N/A,N/A,N/A
236,1770293165765,WR pressed,HF_4_A,,true,true,Yes,N/A,N/A,N/A,360,N/A,N/A
236,1770293165765,gap_time,N/A,,true,true,GapTime_916,N/A,N/A,N/A,N/A,N/A,N/A
236,1770293166689,Sentence shown,HF_9_A,,,,N/A,N/A,N/A,N/A,N/A,N/A,N/A
236,1770293170698,gap_time,N/A,,,,GapTime_900,N/A,N/A,N/A,N/A,N/A,N/A
236,1770293171601,Sentence shown,HVL_107_P,true,,true,N/A,N/A,N/A,N/A,N/A,N/A,N/A
236,1770293172896,IR pressed,HVL_107_P,true,,true,Spacebar,1,N/A,1295,N/A,N/A,N/A
236,1770293173167,WR pressed,HVL_107_P,true,,true,Yes,N/A,1,N/A,271,N/A,N/A
236,1770293173167,gap_time,N/A,true,,true,GapTime_1055,N/A,N/A,N/A,N/A,N/A,N/A
236,1770293174231,Sentence shown,HVL_104_A,true,,,N/A,N/A,N/A,N/A,N/A,N/A,N/A
236,1770293178235,gap_time,N/A,true,,,GapTime_1042,N/A,N/A,N/A,N/A,N/A,N/A
236,1770293179279,Sentence shown,HF_26_A,,,,N/A,N/A,N/A,N/A,N/A,N/A,N/A
236,1770293183288,gap_time,N/A,,,,GapTime_1275,N/A,N/A,N/A,N/A,N/A,N/A
236,1770293184564,Sentence shown,HF_22_A,,,,N/A,N/A,N/A,N/A,N/A,N/A,N/A
236,1770293188569,gap_time,N/A,,,,GapTime_949,N/A,N/A,N/A,N/A,N/A,N/A
236,1770293189525,Sentence shown,LVL_138_P,true,,,N/A,N/A,N/A,N/A,N/A,N/A,N/A
236,1770293193540,gap_time,N/A,true,,,GapTime_1274,N/A,N/A,N/A,N/A,N/A,N/A
236,1770293194820,Sentence shown,HF_22_A,,true,true,N/A,N/A,N/A,N/A,N/A,N/A,N/A
236,1770293195967,Validation IR pressed,HF_22_A,,true,true,Spacebar,1,N/A,1147,N/A,N/A,N/A
236,1770293195967,IR pressed,HF_22_A,,true,true,Spacebar,1,N/A,1147,N/A,N/A,N/A
236,1770293196358,WR pressed,HF_22_A,,true,true,Yes,N/A,N/A,N/A,391,N/A,N/A
236,1770293196359,gap_time,N/A,,true,true,GapTime_769,N/A,N/A,N/A,N/A,N/A,N/A
236,1770293197141,Sentence shown,LVL_103_A,true,,true,N/A,N/A,N/A,N/A,N/A,N/A,N/A
236,1770293199939,IR pressed,LVL_103_A,true,,true,Spacebar,1,N/A,2798,N/A,N/A,N/A
236,1770293200283,WR pressed,LVL_103_A,true,,true,Yes,N/A,0,N/A,344,N/A,N/A
236,1770293200283,gap_time,N/A,true,,true,GapTime_891,N/A,N/A,N/A,N/A,N/A,N/A
236,1770293201180,Sentence shown,HF_5_A,,,,N/A,N/A,N/A,N/A,N/A,N/A,N/A
236,1770293203804,Validation Wrong IR pressed,HF_5_A,,,,Spacebar,0,N/A,2624,N/A,N/A,N/A
236,1770293203804,IR pressed,HF_5_A,,,,Spacebar,0,N/A,2624,N/A,N/A,N/A
236,1770293204313,WR pressed,HF_5_A,,,,No,N/A,N/A,N/A,509,N/A,N/A
236,1770293204313,gap_time,N/A,,,,GapTime_1185,N/A,N/A,N/A,N/A,N/A,N/A
236,1770293205509,Sentence shown,HF_16_A,,,,N/A,N/A,N/A,N/A,N/A,N/A,N/A
236,1770293207900,Validation Wrong IR pressed,HF_16_A,,,,Spacebar,0,N/A,2391,N/A,N/A,N/A
236,1770293207900,IR pressed,HF_16_A,,,,Spacebar,0,N/A,2391,N/A,N/A,N/A
236,1770293208276,WR pressed,HF_16_A,,,,Yes,N/A,N/A,N/A,376,N/A,N/A
236,1770293208276,gap_time,N/A,,,,GapTime_1155,N/A,N/A,N/A,N/A,N/A,N/A
236,1770293209434,Sentence shown,HF_6_A,,,,N/A,N/A,N/A,N/A,N/A,N/A,N/A
236,1770293213439,gap_time,N/A,,,,GapTime_1088,N/A,N/A,N/A,N/A,N/A,N/A
236,1770293214528,Sentence shown,HF_8_A,,,,N/A,N/A,N/A,N/A,N/A,N/A,N/A
236,1770293218539,gap_time,N/A,,,,GapTime_927,N/A,N/A,N/A,N/A,N/A,N/A
236,1770293219475,Sentence shown,HVL_104_P,true,,true,N/A,N/A,N/A,N/A,N/A,N/A,N/A
236,1770293221404,IR pressed,HVL_104_P,true,,true,Spacebar,1,N/A,1929,N/A,N/A,N/A
236,1770293221681,WR pressed,HVL_104_P,true,,true,Yes,N/A,0,N/A,277,N/A,N/A
236,1770293221681,gap_time,N/A,true,,true,GapTime_1003,N/A,N/A,N/A,N/A,N/A,N/A
236,1770293222695,Sentence shown,HF_1_A,,,,N/A,N/A,N/A,N/A,N/A,N/A,N/A
236,1770293225494,Validation Wrong IR pressed,HF_1_A,,,,Spacebar,0,N/A,2799,N/A,N/A,N/A
236,1770293225495,IR pressed,HF_1_A,,,,Spacebar,0,N/A,2799,N/A,N/A,N/A
236,1770293225775,WR pressed,HF_1_A,,,,No,N/A,N/A,N/A,280,N/A,N/A
236,1770293225775,gap_time,N/A,,,,GapTime_1297,N/A,N/A,N/A,N/A,N/A,N/A
236,1770293227086,Sentence shown,LVL_138_P,true,,true,N/A,N/A,N/A,N/A,N/A,N/A,N/A
236,1770293229737,IR pressed,LVL_138_P,true,,true,Spacebar,1,N/A,2651,N/A,N/A,N/A
236,1770293230015,WR pressed,LVL_138_P,true,,true,Yes,N/A,1,N/A,278,N/A,N/A
236,1770293230015,gap_time,N/A,true,,true,GapTime_1051,N/A,N/A,N/A,N/A,N/A,N/A
236,1770293231078,Sentence shown,HF_24_A,,,,N/A,N/A,N/A,N/A,N/A,N/A,N/A
236,1770293235091,gap_time,N/A,,,,GapTime_1080,N/A,N/A,N/A,N/A,N/A,N/A
236,1770293236180,Sentence shown,HF_10_A,,,,N/A,N/A,N/A,N/A,N/A,N/A,N/A
236,1770293240186,gap_time,N/A,,,,GapTime_867,N/A,N/A,N/A,N/A,N/A,N/A
236,1770293241064,Sentence shown,HF_10_A,,true,true,N/A,N/A,N/A,N/A,N/A,N/A,N/A
236,1770293242485,Validation IR pressed,HF_10_A,,true,true,Spacebar,1,N/A,1421,N/A,N/A,N/A
236,1770293242485,IR pressed,HF_10_A,,true,true,Spacebar,1,N/A,1421,N/A,N/A,N/A
236,1770293243213,WR pressed,HF_10_A,,true,true,Yes,N/A,N/A,N/A,728,N/A,N/A
236,1770293243214,gap_time,N/A,,true,true,GapTime_1280,N/A,N/A,N/A,N/A,N/A,N/A
236,1770293244500,Sentence shown,HF_24_A,,true,true,N/A,N/A,N/A,N/A,N/A,N/A,N/A
236,1770293245731,Validation IR pressed,HF_24_A,,true,true,Spacebar,1,N/A,1231,N/A,N/A,N/A
236,1770293245731,IR pressed,HF_24_A,,true,true,Spacebar,1,N/A,1231,N/A,N/A,N/A
236,1770293246081,WR pressed,HF_24_A,,true,true,Yes,N/A,N/A,N/A,350,N/A,N/A
236,1770293246081,gap_time,N/A,,true,true,GapTime_1096,N/A,N/A,N/A,N/A,N/A,N/A
236,1770293247184,Sentence shown,LVH_146_A,true,,,N/A,N/A,N/A,N/A,N/A,N/A,N/A
236,1770293251195,gap_time,N/A,true,,,GapTime_924,N/A,N/A,N/A,N/A,N/A,N/A
236,1770293252133,Sentence shown,LVL_102_A,true,,,N/A,N/A,N/A,N/A,N/A,N/A,N/A
236,1770293256144,gap_time,N/A,true,,,GapTime_722,N/A,N/A,N/A,N/A,N/A,N/A
236,1770293256879,Sentence shown,HF_18_A,,,,N/A,N/A,N/A,N/A,N/A,N/A,N/A
236,1770293260884,gap_time,N/A,,,,GapTime_1266,N/A,N/A,N/A,N/A,N/A,N/A
236,1770293262161,Sentence shown,HF_28_A,,,,N/A,N/A,N/A,N/A,N/A,N/A,N/A
236,1770293266164,gap_time,N/A,,,,GapTime_1219,N/A,N/A,N/A,N/A,N/A,N/A
236,1770293267400,Sentence shown,LVH_138_P,true,,,N/A,N/A,N/A,N/A,N/A,N/A,N/A
236,1770293271404,gap_time,N/A,true,,,GapTime_1273,N/A,N/A,N/A,N/A,N/A,N/A
236,1770293272680,Sentence shown,HF_20_A,,,,N/A,N/A,N/A,N/A,N/A,N/A,N/A
236,1770293276687,gap_time,N/A,,,,GapTime_861,N/A,N/A,N/A,N/A,N/A,N/A
236,1770293277562,Sentence shown,HF_30_A,,,,N/A,N/A,N/A,N/A,N/A,N/A,N/A
236,1770293281574,gap_time,N/A,,,,GapTime_1075,N/A,N/A,N/A,N/A,N/A,N/A
236,1770293282652,Sentence shown,LVH_146_A,true,,true,N/A,N/A,N/A,N/A,N/A,N/A,N/A
236,1770293284400,IR pressed,LVH_146_A,true,,true,Spacebar,1,N/A,1748,N/A,N/A,N/A
236,1770293285512,WR pressed,LVH_146_A,true,,true,Yes,N/A,1,N/A,1112,N/A,N/A
236,1770293285512,gap_time,N/A,true,,true,GapTime_1299,N/A,N/A,N/A,N/A,N/A,N/A
236,1770293286827,Sentence shown,HF_32_A,,,,N/A,N/A,N/A,N/A,N/A,N/A,N/A
236,1770293290831,gap_time,N/A,,,,GapTime_1078,N/A,N/A,N/A,N/A,N/A,N/A
236,1770293291921,Sentence shown,HF_7_A,,,,N/A,N/A,N/A,N/A,N/A,N/A,N/A
236,1770293295939,gap_time,N/A,,,,GapTime_848,N/A,N/A,N/A,N/A,N/A,N/A
236,1770293296796,Sentence shown,LVL_102_P,true,,true,N/A,N/A,N/A,N/A,N/A,N/A,N/A
236,1770293299013,IR pressed,LVL_102_P,true,,true,Spacebar,1,N/A,2217,N/A,N/A,N/A
236,1770293301458,WR pressed,LVL_102_P,true,,true,No,N/A,1,N/A,2445,N/A,N/A
236,1770293301458,gap_time,N/A,true,,true,GapTime_832,N/A,N/A,N/A,N/A,N/A,N/A
236,1770293302297,Sentence shown,HF_19_A,,,,N/A,N/A,N/A,N/A,N/A,N/A,N/A
236,1770293304275,Validation Wrong IR pressed,HF_19_A,,,,Spacebar,0,N/A,1978,N/A,N/A,N/A
236,1770293304275,IR pressed,HF_19_A,,,,Spacebar,0,N/A,1978,N/A,N/A,N/A
236,1770293304536,WR pressed,HF_19_A,,,,Yes,N/A,N/A,N/A,261,N/A,N/A
236,1770293304536,gap_time,N/A,,,,GapTime_1052,N/A,N/A,N/A,N/A,N/A,N/A
236,1770293305596,Sentence shown,HF_7_A,,true,true,N/A,N/A,N/A,N/A,N/A,N/A,N/A
236,1770293308330,Validation IR pressed,HF_7_A,,true,true,Spacebar,1,N/A,2734,N/A,N/A,N/A
236,1770293308330,IR pressed,HF_7_A,,true,true,Spacebar,1,N/A,2734,N/A,N/A,N/A
236,1770293308641,WR pressed,HF_7_A,,true,true,Yes,N/A,N/A,N/A,310,N/A,N/A
236,1770293308641,gap_time,N/A,,true,true,GapTime_914,N/A,N/A,N/A,N/A,N/A,N/A
236,1770293309559,Sentence shown,HF_19_A,,true,true,N/A,N/A,N/A,N/A,N/A,N/A,N/A
236,1770293310998,Validation IR pressed,HF_19_A,,true,true,Spacebar,1,N/A,1439,N/A,N/A,N/A
236,1770293310998,IR pressed,HF_19_A,,true,true,Spacebar,1,N/A,1439,N/A,N/A,N/A
236,1770293311312,WR pressed,HF_19_A,,true,true,Yes,N/A,N/A,N/A,314,N/A,N/A
236,1770293311312,gap_time,N/A,,true,true,GapTime_769,N/A,N/A,N/A,N/A,N/A,N/A
236,1770293312086,Sentence shown,LVH_138_P,true,,true,N/A,N/A,N/A,N/A,N/A,N/A,N/A
236,1770293313680,IR pressed,LVH_138_P,true,,true,Spacebar,1,N/A,1594,N/A,N/A,N/A
236,1770293313974,WR pressed,LVH_138_P,true,,true,Yes,N/A,1,N/A,294,N/A,N/A
236,1770293313974,gap_time,N/A,true,,true,GapTime_1287,N/A,N/A,N/A,N/A,N/A,N/A
236,1770293315276,Sentence shown,LVL_136_A,true,,,N/A,N/A,N/A,N/A,N/A,N/A,N/A
236,1770293319283,gap_time,N/A,true,,,GapTime_1027,N/A,N/A,N/A,N/A,N/A,N/A
236,1770293320314,Sentence shown,HH_170_P,true,,,N/A,N/A,N/A,N/A,N/A,N/A,N/A
236,1770293324326,gap_time,N/A,true,,,GapTime_1082,N/A,N/A,N/A,N/A,N/A,N/A
236,1770293325419,Sentence shown,HF_12_A,,,,N/A,N/A,N/A,N/A,N/A,N/A,N/A
236,1770293329419,gap_time,N/A,,,,GapTime_768,N/A,N/A,N/A,N/A,N/A,N/A
236,1770293330198,Sentence shown,HF_23_A,,,,N/A,N/A,N/A,N/A,N/A,N/A,N/A
236,1770293332892,Validation Wrong IR pressed,HF_23_A,,,,Spacebar,0,N/A,2694,N/A,N/A,N/A
236,1770293332892,IR pressed,HF_23_A,,,,Spacebar,0,N/A,2694,N/A,N/A,N/A
236,1770293333264,WR pressed,HF_23_A,,,,No,N/A,N/A,N/A,372,N/A,N/A
236,1770293333264,gap_time,N/A,,,,GapTime_1018,N/A,N/A,N/A,N/A,N/A,N/A
236,1770293334297,Sentence shown,HF_12_A,,true,true,N/A,N/A,N/A,N/A,N/A,N/A,N/A
236,1770293335542,Validation IR pressed,HF_12_A,,true,true,Spacebar,1,N/A,1245,N/A,N/A,N/A
236,1770293335542,IR pressed,HF_12_A,,true,true,Spacebar,1,N/A,1245,N/A,N/A,N/A
236,1770293335804,WR pressed,HF_12_A,,true,true,Yes,N/A,N/A,N/A,262,N/A,N/A
236,1770293335804,gap_time,N/A,,true,true,GapTime_788,N/A,N/A,N/A,N/A,N/A,N/A
236,1770293336599,Sentence shown,HF_13_A,,,,N/A,N/A,N/A,N/A,N/A,N/A,N/A
236,1770293340604,gap_time,N/A,,,,GapTime_1252,N/A,N/A,N/A,N/A,N/A,N/A
236,1770293341864,Sentence shown,HF_14_A,,,,N/A,N/A,N/A,N/A,N/A,N/A,N/A
236,1770293344052,Validation Wrong IR pressed,HF_14_A,,,,Spacebar,0,N/A,2188,N/A,N/A,N/A
236,1770293344052,IR pressed,HF_14_A,,,,Spacebar,0,N/A,2188,N/A,N/A,N/A
236,1770293344405,WR pressed,HF_14_A,,,,No,N/A,N/A,N/A,352,N/A,N/A
236,1770293344405,gap_time,N/A,,,,GapTime_917,N/A,N/A,N/A,N/A,N/A,N/A
236,1770293345341,Sentence shown,HF_13_A,,true,true,N/A,N/A,N/A,N/A,N/A,N/A,N/A
236,1770293346244,Validation IR pressed,HF_13_A,,true,true,Spacebar,1,N/A,903,N/A,N/A,N/A
236,1770293346244,IR pressed,HF_13_A,,true,true,Spacebar,1,N/A,903,N/A,N/A,N/A
236,1770293346525,WR pressed,HF_13_A,,true,true,Yes,N/A,N/A,N/A,281,N/A,N/A
236,1770293346525,gap_time,N/A,,true,true,GapTime_754,N/A,N/A,N/A,N/A,N/A,N/A
236,1770293347295,Sentence shown,HF_29_A,,,,N/A,N/A,N/A,N/A,N/A,N/A,N/A
236,1770293351297,gap_time,N/A,,,,GapTime_935,N/A,N/A,N/A,N/A,N/A,N/A
236,1770293352240,Sentence shown,HF_31_A,,,,N/A,N/A,N/A,N/A,N/A,N/A,N/A
236,1770293356244,gap_time,N/A,,,,GapTime_1296,N/A,N/A,N/A,N/A,N/A,N/A
236,1770293357554,Sentence shown,HH_170_P,true,,true,N/A,N/A,N/A,N/A,N/A,N/A,N/A
236,1770293358532,IR pressed,HH_170_P,true,,true,Spacebar,1,N/A,978,N/A,N/A,N/A
236,1770293358719,WR pressed,HH_170_P,true,,true,Yes,N/A,1,N/A,187,N/A,N/A
236,1770293358720,gap_time,N/A,true,,true,GapTime_914,N/A,N/A,N/A,N/A,N/A,N/A
236,1770293359640,Sentence shown,HF_31_A,,true,true,N/A,N/A,N/A,N/A,N/A,N/A,N/A
236,1770293360568,Validation IR pressed,HF_31_A,,true,true,Spacebar,1,N/A,928,N/A,N/A,N/A
236,1770293360568,IR pressed,HF_31_A,,true,true,Spacebar,1,N/A,928,N/A,N/A,N/A
236,1770293360780,WR pressed,HF_31_A,,true,true,Yes,N/A,N/A,N/A,212,N/A,N/A
236,1770293360780,gap_time,N/A,,true,true,GapTime_767,N/A,N/A,N/A,N/A,N/A,N/A
236,1770293361553,Sentence shown,LVL_136_A,true,,true,N/A,N/A,N/A,N/A,N/A,N/A,N/A
236,1770293364122,IR pressed,LVL_136_A,true,,true,Spacebar,1,N/A,2569,N/A,N/A,N/A
236,1770293364500,WR pressed,LVL_136_A,true,,true,No,N/A,0,N/A,378,N/A,N/A
236,1770293364500,gap_time,N/A,true,,true,GapTime_1044,N/A,N/A,N/A,N/A,N/A,N/A
236,1770293365545,Sentence shown,HVL_112_P,true,,,N/A,N/A,N/A,N/A,N/A,N/A,N/A
236,1770293369549,gap_time,N/A,true,,,GapTime_1281,N/A,N/A,N/A,N/A,N/A,N/A
236,1770293370843,Sentence shown,HF_33_A,,,,N/A,N/A,N/A,N/A,N/A,N/A,N/A
236,1770293374855,gap_time,N/A,,,,GapTime_1087,N/A,N/A,N/A,N/A,N/A,N/A
236,1770293375945,Sentence shown,HVL_112_A,true,,true,N/A,N/A,N/A,N/A,N/A,N/A,N/A
236,1770293379951,gap_time,N/A,true,,true,GapTime_716,N/A,N/A,N/A,N/A,N/A,N/A
236,1770293380668,Rest Phase started,N/A,true,,true,Rest,N/A,N/A,N/A,N/A,N/A,N/A
236,1770293510673,Sentence shown,HF_34_A,,,,N/A,N/A,N/A,N/A,N/A,N/A,N/A
236,1770293514686,gap_time,N/A,,,,GapTime_765,N/A,N/A,N/A,N/A,N/A,N/A
236,1770293515462,Sentence shown,HF_35_A,,,,N/A,N/A,N/A,N/A,N/A,N/A,N/A
236,1770293519470,gap_time,N/A,,,,GapTime_984,N/A,N/A,N/A,N/A,N/A,N/A
236,1770293520465,Sentence shown,HF_35_A,,true,true,N/A,N/A,N/A,N/A,N/A,N/A,N/A
236,1770293521782,Validation IR pressed,HF_35_A,,true,true,Spacebar,1,N/A,1317,N/A,N/A,N/A
236,1770293521782,IR pressed,HF_35_A,,true,true,Spacebar,1,N/A,1317,N/A,N/A,N/A
236,1770293522167,WR pressed,HF_35_A,,true,true,Yes,N/A,N/A,N/A,385,N/A,N/A
236,1770293522167,gap_time,N/A,,true,true,GapTime_841,N/A,N/A,N/A,N/A,N/A,N/A
236,1770293523009,Sentence shown,HF_46_A,,,,N/A,N/A,N/A,N/A,N/A,N/A,N/A
236,1770293527014,gap_time,N/A,,,,GapTime_1230,N/A,N/A,N/A,N/A,N/A,N/A
236,1770293528246,Sentence shown,HH_182_A,true,,,N/A,N/A,N/A,N/A,N/A,N/A,N/A
236,1770293532249,gap_time,N/A,true,,,GapTime_741,N/A,N/A,N/A,N/A,N/A,N/A
236,1770293532996,Sentence shown,HVL_144_P,true,,,N/A,N/A,N/A,N/A,N/A,N/A,N/A
236,1770293537001,gap_time,N/A,true,,,GapTime_1034,N/A,N/A,N/A,N/A,N/A,N/A
236,1770293538046,Sentence shown,HF_45_A,,,,N/A,N/A,N/A,N/A,N/A,N/A,N/A
236,1770293542054,gap_time,N/A,,,,GapTime_1249,N/A,N/A,N/A,N/A,N/A,N/A
236,1770293543319,Sentence shown,HF_52_A,,,,N/A,N/A,N/A,N/A,N/A,N/A,N/A
236,1770293547330,gap_time,N/A,,,,GapTime_778,N/A,N/A,N/A,N/A,N/A,N/A
236,1770293548114,Sentence shown,HF_49_A,,,,N/A,N/A,N/A,N/A,N/A,N/A,N/A
236,1770293552117,gap_time,N/A,,,,GapTime_924,N/A,N/A,N/A,N/A,N/A,N/A
236,1770293553053,Sentence shown,HF_61_A,,,,N/A,N/A,N/A,N/A,N/A,N/A,N/A
236,1770293557060,gap_time,N/A,,,,GapTime_795,N/A,N/A,N/A,N/A,N/A,N/A
236,1770293557871,Sentence shown,HF_41_A,,,,N/A,N/A,N/A,N/A,N/A,N/A,N/A
236,1770293561872,gap_time,N/A,,,,GapTime_875,N/A,N/A,N/A,N/A,N/A,N/A
236,1770293562761,Sentence shown,HH_182_A,true,,true,N/A,N/A,N/A,N/A,N/A,N/A,N/A
236,1770293565248,IR pressed,HH_182_A,true,,true,Spacebar,1,N/A,2487,N/A,N/A,N/A
236,1770293566748,WR pressed,HH_182_A,true,,true,Yes,N/A,1,N/A,1500,N/A,N/A
236,1770293566749,gap_time,N/A,true,,true,GapTime_1162,N/A,N/A,N/A,N/A,N/A,N/A
236,1770293567920,Sentence shown,HVL_144_A,true,,true,N/A,N/A,N/A,N/A,N/A,N/A,N/A
236,1770293569580,IR pressed,HVL_144_A,true,,true,Spacebar,1,N/A,1660,N/A,N/A,N/A
236,1770293570608,WR pressed,HVL_144_A,true,,true,Yes,N/A,0,N/A,1028,N/A,N/A
236,1770293570608,gap_time,N/A,true,,true,GapTime_799,N/A,N/A,N/A,N/A,N/A,N/A
236,1770293571410,Sentence shown,HF_62_A,,,,N/A,N/A,N/A,N/A,N/A,N/A,N/A
236,1770293573178,Validation Wrong IR pressed,HF_62_A,,,,Spacebar,0,N/A,1768,N/A,N/A,N/A
236,1770293573178,IR pressed,HF_62_A,,,,Spacebar,0,N/A,1768,N/A,N/A,N/A
236,1770293573654,WR pressed,HF_62_A,,,,No,N/A,N/A,N/A,476,N/A,N/A
236,1770293573655,gap_time,N/A,,,,GapTime_766,N/A,N/A,N/A,N/A,N/A,N/A
236,1770293574428,Sentence shown,HF_43_A,,,,N/A,N/A,N/A,N/A,N/A,N/A,N/A
236,1770293578432,gap_time,N/A,,,,GapTime_801,N/A,N/A,N/A,N/A,N/A,N/A
236,1770293579241,Sentence shown,HF_43_A,,true,true,N/A,N/A,N/A,N/A,N/A,N/A,N/A
236,1770293580114,Validation IR pressed,HF_43_A,,true,true,Spacebar,1,N/A,873,N/A,N/A,N/A
236,1770293580114,IR pressed,HF_43_A,,true,true,Spacebar,1,N/A,873,N/A,N/A,N/A
236,1770293580325,WR pressed,HF_43_A,,true,true,Yes,N/A,N/A,N/A,211,N/A,N/A
236,1770293580325,gap_time,N/A,,true,true,GapTime_900,N/A,N/A,N/A,N/A,N/A,N/A
236,1770293581232,Sentence shown,HF_57_A,,,,N/A,N/A,N/A,N/A,N/A,N/A,N/A
236,1770293585247,gap_time,N/A,,,,GapTime_907,N/A,N/A,N/A,N/A,N/A,N/A
236,1770293586168,Sentence shown,LVL_129_P,true,,,N/A,N/A,N/A,N/A,N/A,N/A,N/A
236,1770293590171,gap_time,N/A,true,,,GapTime_792,N/A,N/A,N/A,N/A,N/A,N/A
236,1770293590968,Sentence shown,HF_36_A,,,,N/A,N/A,N/A,N/A,N/A,N/A,N/A
236,1770293593030,Validation Wrong IR pressed,HF_36_A,,,,Spacebar,0,N/A,2062,N/A,N/A,N/A
236,1770293593030,IR pressed,HF_36_A,,,,Spacebar,0,N/A,2062,N/A,N/A,N/A
236,1770293593274,WR pressed,HF_36_A,,,,No,N/A,N/A,N/A,244,N/A,N/A
236,1770293593274,gap_time,N/A,,,,GapTime_1089,N/A,N/A,N/A,N/A,N/A,N/A
236,1770293594366,Sentence shown,HF_65_A,,,,N/A,N/A,N/A,N/A,N/A,N/A,N/A
236,1770293598372,gap_time,N/A,,,,GapTime_1104,N/A,N/A,N/A,N/A,N/A,N/A
236,1770293599478,Sentence shown,HF_58_A,,,,N/A,N/A,N/A,N/A,N/A,N/A,N/A
236,1770293603495,gap_time,N/A,,,,GapTime_810,N/A,N/A,N/A,N/A,N/A,N/A
236,1770293604320,Sentence shown,HF_56_A,,,,N/A,N/A,N/A,N/A,N/A,N/A,N/A
236,1770293608334,gap_time,N/A,,,,GapTime_1296,N/A,N/A,N/A,N/A,N/A,N/A
236,1770293609642,Sentence shown,HF_65_A,,true,true,N/A,N/A,N/A,N/A,N/A,N/A,N/A
236,1770293612264,Validation IR pressed,HF_65_A,,true,true,Spacebar,1,N/A,2622,N/A,N/A,N/A
236,1770293612264,IR pressed,HF_65_A,,true,true,Spacebar,1,N/A,2622,N/A,N/A,N/A
236,1770293612896,WR pressed,HF_65_A,,true,true,No,N/A,N/A,N/A,632,N/A,N/A
236,1770293612896,gap_time,N/A,,true,true,GapTime_1156,N/A,N/A,N/A,N/A,N/A,N/A
236,1770293614054,Sentence shown,HF_58_A,,true,true,N/A,N/A,N/A,N/A,N/A,N/A,N/A
236,1770293614840,Validation IR pressed,HF_58_A,,true,true,Spacebar,1,N/A,786,N/A,N/A,N/A
236,1770293614840,IR pressed,HF_58_A,,true,true,Spacebar,1,N/A,786,N/A,N/A,N/A
236,1770293615108,WR pressed,HF_58_A,,true,true,Yes,N/A,N/A,N/A,268,N/A,N/A
236,1770293615108,gap_time,N/A,,true,true,GapTime_1250,N/A,N/A,N/A,N/A,N/A,N/A
236,1770293616365,Sentence shown,HF_56_A,,true,true,N/A,N/A,N/A,N/A,N/A,N/A,N/A
236,1770293617368,Validation IR pressed,HF_56_A,,true,true,Spacebar,1,N/A,1003,N/A,N/A,N/A
236,1770293617368,IR pressed,HF_56_A,,true,true,Spacebar,1,N/A,1003,N/A,N/A,N/A
236,1770293617601,WR pressed,HF_56_A,,true,true,Yes,N/A,N/A,N/A,233,N/A,N/A
236,1770293617601,gap_time,N/A,,true,true,GapTime_1073,N/A,N/A,N/A,N/A,N/A,N/A
236,1770293618685,Sentence shown,LVL_129_A,true,,true,N/A,N/A,N/A,N/A,N/A,N/A,N/A
236,1770293620505,IR pressed,LVL_129_A,true,,true,Spacebar,1,N/A,1820,N/A,N/A,N/A
236,1770293620814,WR pressed,LVL_129_A,true,,true,No,N/A,1,N/A,309,N/A,N/A
236,1770293620814,gap_time,N/A,true,,true,GapTime_1117,N/A,N/A,N/A,N/A,N/A,N/A
236,1770293621941,Sentence shown,LVL_148_A,true,,,N/A,N/A,N/A,N/A,N/A,N/A,N/A
236,1770293625957,gap_time,N/A,true,,,GapTime_716,N/A,N/A,N/A,N/A,N/A,N/A
236,1770293626674,Sentence shown,HF_63_A,,,,N/A,N/A,N/A,N/A,N/A,N/A,N/A
236,1770293630689,gap_time,N/A,,,,GapTime_1131,N/A,N/A,N/A,N/A,N/A,N/A
236,1770293631827,Sentence shown,HVL_121_A,true,,,N/A,N/A,N/A,N/A,N/A,N/A,N/A
236,1770293635841,gap_time,N/A,true,,,GapTime_1080,N/A,N/A,N/A,N/A,N/A,N/A
236,1770293636931,Sentence shown,LVH_107_A,true,,,N/A,N/A,N/A,N/A,N/A,N/A,N/A
236,1770293640944,gap_time,N/A,true,,,GapTime_834,N/A,N/A,N/A,N/A,N/A,N/A
236,1770293641786,Sentence shown,HF_50_A,,,,N/A,N/A,N/A,N/A,N/A,N/A,N/A
236,1770293645797,gap_time,N/A,,,,GapTime_1181,N/A,N/A,N/A,N/A,N/A,N/A
236,1770293646984,Sentence shown,LVL_148_A,true,,true,N/A,N/A,N/A,N/A,N/A,N/A,N/A
236,1770293649174,IR pressed,LVL_148_A,true,,true,Spacebar,1,N/A,2190,N/A,N/A,N/A
236,1770293650234,WR pressed,LVL_148_A,true,,true,Yes,N/A,1,N/A,1060,N/A,N/A
236,1770293650234,gap_time,N/A,true,,true,GapTime_930,N/A,N/A,N/A,N/A,N/A,N/A
236,1770293651173,Sentence shown,HF_39_A,,,,N/A,N/A,N/A,N/A,N/A,N/A,N/A
236,1770293655182,gap_time,N/A,,,,GapTime_1010,N/A,N/A,N/A,N/A,N/A,N/A
236,1770293656198,Sentence shown,HF_39_A,,true,true,N/A,N/A,N/A,N/A,N/A,N/A,N/A
236,1770293656937,Validation IR pressed,HF_39_A,,true,true,Spacebar,1,N/A,739,N/A,N/A,N/A
236,1770293656937,IR pressed,HF_39_A,,true,true,Spacebar,1,N/A,739,N/A,N/A,N/A
236,1770293657223,WR pressed,HF_39_A,,true,true,Yes,N/A,N/A,N/A,286,N/A,N/A
236,1770293657223,gap_time,N/A,,true,true,GapTime_1077,N/A,N/A,N/A,N/A,N/A,N/A
236,1770293658313,Sentence shown,HF_59_A,,,,N/A,N/A,N/A,N/A,N/A,N/A,N/A
236,1770293662319,gap_time,N/A,,,,GapTime_871,N/A,N/A,N/A,N/A,N/A,N/A
236,1770293663206,Sentence shown,HVL_121_P,true,,true,N/A,N/A,N/A,N/A,N/A,N/A,N/A
236,1770293665985,IR pressed,HVL_121_P,true,,true,Spacebar,1,N/A,2779,N/A,N/A,N/A
236,1770293666375,WR pressed,HVL_121_P,true,,true,No,N/A,1,N/A,390,N/A,N/A
236,1770293666375,gap_time,N/A,true,,true,GapTime_834,N/A,N/A,N/A,N/A,N/A,N/A
236,1770293667213,Sentence shown,HH_171_A,true,,,N/A,N/A,N/A,N/A,N/A,N/A,N/A
236,1770293671228,gap_time,N/A,true,,,GapTime_875,N/A,N/A,N/A,N/A,N/A,N/A
236,1770293672118,Sentence shown,HF_44_A,,,,N/A,N/A,N/A,N/A,N/A,N/A,N/A
236,1770293676126,gap_time,N/A,,,,GapTime_1104,N/A,N/A,N/A,N/A,N/A,N/A
236,1770293677247,Sentence shown,HF_44_A,,true,true,N/A,N/A,N/A,N/A,N/A,N/A,N/A
236,1770293678178,Validation IR pressed,HF_44_A,,true,true,Spacebar,1,N/A,931,N/A,N/A,N/A
236,1770293678178,IR pressed,HF_44_A,,true,true,Spacebar,1,N/A,931,N/A,N/A,N/A
236,1770293678351,WR pressed,HF_44_A,,true,true,Yes,N/A,N/A,N/A,173,N/A,N/A
236,1770293678351,gap_time,N/A,,true,true,GapTime_1236,N/A,N/A,N/A,N/A,N/A,N/A
236,1770293679602,Sentence shown,LVH_107_A,true,,true,N/A,N/A,N/A,N/A,N/A,N/A,N/A
236,1770293681394,IR pressed,LVH_107_A,true,,true,Spacebar,1,N/A,1792,N/A,N/A,N/A
236,1770293681755,WR pressed,LVH_107_A,true,,true,No,N/A,0,N/A,361,N/A,N/A
236,1770293681755,gap_time,N/A,true,,true,GapTime_1036,N/A,N/A,N/A,N/A,N/A,N/A
236,1770293682805,Sentence shown,HF_38_A,,,,N/A,N/A,N/A,N/A,N/A,N/A,N/A
236,1770293686810,gap_time,N/A,,,,GapTime_1256,N/A,N/A,N/A,N/A,N/A,N/A
236,1770293688076,Sentence shown,HVL_101_A,true,,,N/A,N/A,N/A,N/A,N/A,N/A,N/A
236,1770293692088,gap_time,N/A,true,,,GapTime_1080,N/A,N/A,N/A,N/A,N/A,N/A
236,1770293693173,Sentence shown,LVL_100_A,true,,,N/A,N/A,N/A,N/A,N/A,N/A,N/A
236,1770293697175,gap_time,N/A,true,,,GapTime_938,N/A,N/A,N/A,N/A,N/A,N/A
236,1770293698128,Sentence shown,HF_48_A,,,,N/A,N/A,N/A,N/A,N/A,N/A,N/A
236,1770293702141,gap_time,N/A,,,,GapTime_959,N/A,N/A,N/A,N/A,N/A,N/A
236,1770293703108,Sentence shown,HH_183_P,true,,,N/A,N/A,N/A,N/A,N/A,N/A,N/A
236,1770293707116,gap_time,N/A,true,,,GapTime_780,N/A,N/A,N/A,N/A,N/A,N/A
236,1770293707912,Sentence shown,HF_60_A,,,,N/A,N/A,N/A,N/A,N/A,N/A,N/A
236,1770293711055,Validation Wrong IR pressed,HF_60_A,,,,Spacebar,0,N/A,3143,N/A,N/A,N/A
236,1770293711055,IR pressed,HF_60_A,,,,Spacebar,0,N/A,3143,N/A,N/A,N/A
236,1770293711347,WR pressed,HF_60_A,,,,No,N/A,N/A,N/A,292,N/A,N/A
236,1770293711347,gap_time,N/A,,,,GapTime_913,N/A,N/A,N/A,N/A,N/A,N/A
236,1770293712263,Sentence shown,HH_171_P,true,,true,N/A,N/A,N/A,N/A,N/A,N/A,N/A
236,1770293713358,IR pressed,HH_171_P,true,,true,Spacebar,1,N/A,1095,N/A,N/A,N/A
236,1770293713601,WR pressed,HH_171_P,true,,true,Yes,N/A,0,N/A,243,N/A,N/A
236,1770293713601,gap_time,N/A,true,,true,GapTime_716,N/A,N/A,N/A,N/A,N/A,N/A
236,1770293714318,Sentence shown,HF_37_A,,,,N/A,N/A,N/A,N/A,N/A,N/A,N/A
236,1770293718326,gap_time,N/A,,,,GapTime_1128,N/A,N/A,N/A,N/A,N/A,N/A
236,1770293719465,Sentence shown,HVL_139_P,true,,,N/A,N/A,N/A,N/A,N/A,N/A,N/A
236,1770293723477,gap_time,N/A,true,,,GapTime_861,N/A,N/A,N/A,N/A,N/A,N/A
236,1770293724353,Sentence shown,HF_37_A,,true,true,N/A,N/A,N/A,N/A,N/A,N/A,N/A
236,1770293725173,Validation IR pressed,HF_37_A,,true,true,Spacebar,1,N/A,820,N/A,N/A,N/A
236,1770293725173,IR pressed,HF_37_A,,true,true,Spacebar,1,N/A,820,N/A,N/A,N/A
236,1770293725415,WR pressed,HF_37_A,,true,true,Yes,N/A,N/A,N/A,242,N/A,N/A
236,1770293725415,gap_time,N/A,,true,true,GapTime_931,N/A,N/A,N/A,N/A,N/A,N/A
236,1770293726352,Sentence shown,LVL_100_P,true,,true,N/A,N/A,N/A,N/A,N/A,N/A,N/A
236,1770293728191,IR pressed,LVL_100_P,true,,true,Spacebar,1,N/A,1839,N/A,N/A,N/A
236,1770293728611,WR pressed,LVL_100_P,true,,true,No,N/A,1,N/A,420,N/A,N/A
236,1770293728611,gap_time,N/A,true,,true,GapTime_903,N/A,N/A,N/A,N/A,N/A,N/A
236,1770293729529,Sentence shown,HF_40_A,,,,N/A,N/A,N/A,N/A,N/A,N/A,N/A
236,1770293730837,Validation Wrong IR pressed,HF_40_A,,,,Spacebar,0,N/A,1308,N/A,N/A,N/A
236,1770293730837,IR pressed,HF_40_A,,,,Spacebar,0,N/A,1308,N/A,N/A,N/A
236,1770293731260,WR pressed,HF_40_A,,,,No,N/A,N/A,N/A,423,N/A,N/A
236,1770293731261,gap_time,N/A,,,,GapTime_1233,N/A,N/A,N/A,N/A,N/A,N/A
236,1770293732499,Sentence shown,HVL_101_A,true,,true,N/A,N/A,N/A,N/A,N/A,N/A,N/A
236,1770293733962,IR pressed,HVL_101_A,true,,true,Spacebar,1,N/A,1463,N/A,N/A,N/A
236,1770293734324,WR pressed,HVL_101_A,true,,true,Yes,N/A,1,N/A,362,N/A,N/A
236,1770293734325,gap_time,N/A,true,,true,GapTime_857,N/A,N/A,N/A,N/A,N/A,N/A
236,1770293735195,Sentence shown,HH_161_P,true,,,N/A,N/A,N/A,N/A,N/A,N/A,N/A
236,1770293739203,gap_time,N/A,true,,,GapTime_970,N/A,N/A,N/A,N/A,N/A,N/A
236,1770293740182,Sentence shown,HF_47_A,,,,N/A,N/A,N/A,N/A,N/A,N/A,N/A
236,1770293742286,Validation Wrong IR pressed,HF_47_A,,,,Spacebar,0,N/A,2104,N/A,N/A,N/A
236,1770293742286,IR pressed,HF_47_A,,,,Spacebar,0,N/A,2104,N/A,N/A,N/A
236,1770293742623,WR pressed,HF_47_A,,,,No,N/A,N/A,N/A,337,N/A,N/A
236,1770293742623,gap_time,N/A,,,,GapTime_1271,N/A,N/A,N/A,N/A,N/A,N/A
236,1770293743908,Sentence shown,LVH_121_P,true,,,N/A,N/A,N/A,N/A,N/A,N/A,N/A
236,1770293747921,gap_time,N/A,true,,,GapTime_1256,N/A,N/A,N/A,N/A,N/A,N/A
236,1770293749187,Sentence shown,HH_183_A,true,,true,N/A,N/A,N/A,N/A,N/A,N/A,N/A
236,1770293751089,IR pressed,HH_183_A,true,,true,Spacebar,1,N/A,1902,N/A,N/A,N/A
236,1770293751731,WR pressed,HH_183_A,true,,true,Yes,N/A,0,N/A,642,N/A,N/A
236,1770293751732,gap_time,N/A,true,,true,GapTime_881,N/A,N/A,N/A,N/A,N/A,N/A
236,1770293752617,Sentence shown,HF_53_A,,,,N/A,N/A,N/A,N/A,N/A,N/A,N/A
236,1770293756626,gap_time,N/A,,,,GapTime_1140,N/A,N/A,N/A,N/A,N/A,N/A
236,1770293757780,Sentence shown,HF_53_A,,true,true,N/A,N/A,N/A,N/A,N/A,N/A,N/A
236,1770293758723,Validation IR pressed,HF_53_A,,true,true,Spacebar,1,N/A,943,N/A,N/A,N/A
236,1770293758723,IR pressed,HF_53_A,,true,true,Spacebar,1,N/A,943,N/A,N/A,N/A
236,1770293758900,WR pressed,HF_53_A,,true,true,Yes,N/A,N/A,N/A,177,N/A,N/A
236,1770293758901,gap_time,N/A,,true,true,GapTime_766,N/A,N/A,N/A,N/A,N/A,N/A
236,1770293759681,Sentence shown,LVH_100_P,true,,,N/A,N/A,N/A,N/A,N/A,N/A,N/A
236,1770293763688,gap_time,N/A,true,,,GapTime_799,N/A,N/A,N/A,N/A,N/A,N/A
236,1770293764497,Sentence shown,LVH_139_A,true,,,N/A,N/A,N/A,N/A,N/A,N/A,N/A
236,1770293768501,gap_time,N/A,true,,,GapTime_941,N/A,N/A,N/A,N/A,N/A,N/A
236,1770293769452,Sentence shown,HVL_139_P,true,,true,N/A,N/A,N/A,N/A,N/A,N/A,N/A
236,1770293770575,IR pressed,HVL_139_P,true,,true,Spacebar,1,N/A,1123,N/A,N/A,N/A
236,1770293770777,WR pressed,HVL_139_P,true,,true,Yes,N/A,1,N/A,202,N/A,N/A
236,1770293770778,gap_time,N/A,true,,true,GapTime_1274,N/A,N/A,N/A,N/A,N/A,N/A
236,1770293772058,Sentence shown,LVL_143_P,true,,,N/A,N/A,N/A,N/A,N/A,N/A,N/A
236,1770293776072,gap_time,N/A,true,,,GapTime_862,N/A,N/A,N/A,N/A,N/A,N/A
236,1770293776948,Sentence shown,HF_42_A,,,,N/A,N/A,N/A,N/A,N/A,N/A,N/A
236,1770293780950,gap_time,N/A,,,,GapTime_923,N/A,N/A,N/A,N/A,N/A,N/A
236,1770293781873,Sentence shown,HH_161_P,true,,true,N/A,N/A,N/A,N/A,N/A,N/A,N/A
236,1770293782805,IR pressed,HH_161_P,true,,true,Spacebar,1,N/A,932,N/A,N/A,N/A
236,1770293783028,WR pressed,HH_161_P,true,,true,Yes,N/A,1,N/A,223,N/A,N/A
236,1770293783029,gap_time,N/A,true,,true,GapTime_1016,N/A,N/A,N/A,N/A,N/A,N/A
236,1770293784047,Sentence shown,HF_64_A,,,,N/A,N/A,N/A,N/A,N/A,N/A,N/A
236,1770293788058,gap_time,N/A,,,,GapTime_1286,N/A,N/A,N/A,N/A,N/A,N/A
236,1770293789351,Sentence shown,LVH_100_P,true,,true,N/A,N/A,N/A,N/A,N/A,N/A,N/A
236,1770293790959,IR pressed,LVH_100_P,true,,true,Spacebar,1,N/A,1608,N/A,N/A,N/A
236,1770293791674,WR pressed,LVH_100_P,true,,true,Yes,N/A,1,N/A,715,N/A,N/A
236,1770293791674,gap_time,N/A,true,,true,GapTime_789,N/A,N/A,N/A,N/A,N/A,N/A
236,1770293792478,Sentence shown,LVH_121_A,true,,true,N/A,N/A,N/A,N/A,N/A,N/A,N/A
236,1770293796491,gap_time,N/A,true,,true,GapTime_713,N/A,N/A,N/A,N/A,N/A,N/A
236,1770293797217,Sentence shown,HF_54_A,,,,N/A,N/A,N/A,N/A,N/A,N/A,N/A
236,1770293797298,Validation Wrong IR pressed,HF_54_A,,,,Spacebar,0,N/A,81,N/A,N/A,N/A
236,1770293797298,IR pressed,HF_54_A,,,,Spacebar,0,N/A,81,N/A,N/A,N/A
236,1770293801441,WR pressed,HF_54_A,,,,No,N/A,N/A,N/A,4143,N/A,N/A
236,1770293801441,gap_time,N/A,,,,GapTime_748,N/A,N/A,N/A,N/A,N/A,N/A
236,1770293802191,Sentence shown,HF_55_A,,,,N/A,N/A,N/A,N/A,N/A,N/A,N/A
236,1770293806192,gap_time,N/A,,,,GapTime_904,N/A,N/A,N/A,N/A,N/A,N/A
236,1770293807111,Sentence shown,LVH_139_P,true,,true,N/A,N/A,N/A,N/A,N/A,N/A,N/A
236,1770293808915,IR pressed,LVH_139_P,true,,true,Spacebar,1,N/A,1803,N/A,N/A,N/A
236,1770293810128,WR pressed,LVH_139_P,true,,true,Yes,N/A,0,N/A,1213,N/A,N/A
236,1770293810128,gap_time,N/A,true,,true,GapTime_1059,N/A,N/A,N/A,N/A,N/A,N/A
236,1770293811191,Sentence shown,HF_55_A,,true,true,N/A,N/A,N/A,N/A,N/A,N/A,N/A
236,1770293812466,Validation IR pressed,HF_55_A,,true,true,Spacebar,1,N/A,1275,N/A,N/A,N/A
236,1770293812466,IR pressed,HF_55_A,,true,true,Spacebar,1,N/A,1275,N/A,N/A,N/A
236,1770293812804,WR pressed,HF_55_A,,true,true,Yes,N/A,N/A,N/A,338,N/A,N/A
236,1770293812804,gap_time,N/A,,true,true,GapTime_1297,N/A,N/A,N/A,N/A,N/A,N/A
236,1770293814112,Sentence shown,HF_51_A,,,,N/A,N/A,N/A,N/A,N/A,N/A,N/A
236,1770293818122,gap_time,N/A,,,,GapTime_859,N/A,N/A,N/A,N/A,N/A,N/A
236,1770293818992,Sentence shown,LVL_143_P,true,,true,N/A,N/A,N/A,N/A,N/A,N/A,N/A
236,1770293820785,IR pressed,LVL_143_P,true,,true,Spacebar,1,N/A,1793,N/A,N/A,N/A
236,1770293821031,WR pressed,LVL_143_P,true,,true,No,N/A,0,N/A,246,N/A,N/A
236,1770293821031,gap_time,N/A,true,,true,GapTime_1148,N/A,N/A,N/A,N/A,N/A,N/A
236,1770293822194,Rest Phase started,N/A,true,,true,Rest,N/A,N/A,N/A,N/A,N/A,N/A
236,1770293950157,Sentence shown,HF_76_A,,,,N/A,N/A,N/A,N/A,N/A,N/A,N/A
236,1770293954171,gap_time,N/A,,,,GapTime_744,N/A,N/A,N/A,N/A,N/A,N/A
236,1770293954919,Sentence shown,HF_76_A,,true,true,N/A,N/A,N/A,N/A,N/A,N/A,N/A
236,1770293955827,Validation IR pressed,HF_76_A,,true,true,Spacebar,1,N/A,908,N/A,N/A,N/A
236,1770293955827,IR pressed,HF_76_A,,true,true,Spacebar,1,N/A,908,N/A,N/A,N/A
236,1770293956116,WR pressed,HF_76_A,,true,true,Yes,N/A,N/A,N/A,289,N/A,N/A
236,1770293956116,gap_time,N/A,,true,true,GapTime_758,N/A,N/A,N/A,N/A,N/A,N/A
236,1770293956889,Sentence shown,HF_93_A,,,,N/A,N/A,N/A,N/A,N/A,N/A,N/A
236,1770293960899,gap_time,N/A,,,,GapTime_752,N/A,N/A,N/A,N/A,N/A,N/A
236,1770293961665,Sentence shown,HF_93_A,,true,true,N/A,N/A,N/A,N/A,N/A,N/A,N/A
236,1770293962451,Validation IR pressed,HF_93_A,,true,true,Spacebar,1,N/A,786,N/A,N/A,N/A
236,1770293962451,IR pressed,HF_93_A,,true,true,Spacebar,1,N/A,786,N/A,N/A,N/A
236,1770293962777,WR pressed,HF_93_A,,true,true,Yes,N/A,N/A,N/A,326,N/A,N/A
236,1770293962777,gap_time,N/A,,true,true,GapTime_850,N/A,N/A,N/A,N/A,N/A,N/A
236,1770293963643,Sentence shown,HH_181_P,true,,,N/A,N/A,N/A,N/A,N/A,N/A,N/A
236,1770293967657,gap_time,N/A,true,,,GapTime_841,N/A,N/A,N/A,N/A,N/A,N/A
236,1770293968500,Sentence shown,HVL_151_A,true,,,N/A,N/A,N/A,N/A,N/A,N/A,N/A
236,1770293972511,gap_time,N/A,true,,,GapTime_839,N/A,N/A,N/A,N/A,N/A,N/A
236,1770293973358,Sentence shown,HF_90_A,,,,N/A,N/A,N/A,N/A,N/A,N/A,N/A
236,1770293977366,gap_time,N/A,,,,GapTime_953,N/A,N/A,N/A,N/A,N/A,N/A
236,1770293978329,Sentence shown,HH_144_A,true,,,N/A,N/A,N/A,N/A,N/A,N/A,N/A
236,1770293982333,gap_time,N/A,true,,,GapTime_1035,N/A,N/A,N/A,N/A,N/A,N/A
236,1770293983379,Sentence shown,HF_88_A,,,,N/A,N/A,N/A,N/A,N/A,N/A,N/A
236,1770293987394,gap_time,N/A,,,,GapTime_746,N/A,N/A,N/A,N/A,N/A,N/A
236,1770293988155,Sentence shown,HF_90_A,,true,true,N/A,N/A,N/A,N/A,N/A,N/A,N/A
236,1770293988963,Validation IR pressed,HF_90_A,,true,true,Spacebar,1,N/A,808,N/A,N/A,N/A
236,1770293988963,IR pressed,HF_90_A,,true,true,Spacebar,1,N/A,808,N/A,N/A,N/A
236,1770293989137,WR pressed,HF_90_A,,true,true,Yes,N/A,N/A,N/A,174,N/A,N/A
236,1770293989137,gap_time,N/A,,true,true,GapTime_709,N/A,N/A,N/A,N/A,N/A,N/A
236,1770293989853,Sentence shown,HH_149_P,true,,,N/A,N/A,N/A,N/A,N/A,N/A,N/A
236,1770293993869,gap_time,N/A,true,,,GapTime_1216,N/A,N/A,N/A,N/A,N/A,N/A
236,1770293995099,Sentence shown,HF_89_A,,,,N/A,N/A,N/A,N/A,N/A,N/A,N/A
236,1770293999111,gap_time,N/A,,,,GapTime_1173,N/A,N/A,N/A,N/A,N/A,N/A
236,1770294000296,Sentence shown,HH_181_P,true,,true,N/A,N/A,N/A,N/A,N/A,N/A,N/A
236,1770294001386,IR pressed,HH_181_P,true,,true,Spacebar,1,N/A,1090,N/A,N/A,N/A
236,1770294001438,WR pressed,HH_181_P,true,,true,Yes,N/A,1,N/A,52,N/A,N/A
236,1770294001439,gap_time,N/A,true,,true,GapTime_1136,N/A,N/A,N/A,N/A,N/A,N/A
236,1770294002586,Sentence shown,LVL_139_P,true,,,N/A,N/A,N/A,N/A,N/A,N/A,N/A
236,1770294006589,gap_time,N/A,true,,,GapTime_1130,N/A,N/A,N/A,N/A,N/A,N/A
236,1770294007726,Sentence shown,LVH_102_A,true,,,N/A,N/A,N/A,N/A,N/A,N/A,N/A
236,1770294011727,gap_time,N/A,true,,,GapTime_709,N/A,N/A,N/A,N/A,N/A,N/A
236,1770294012444,Sentence shown,HVL_151_A,true,,true,N/A,N/A,N/A,N/A,N/A,N/A,N/A
236,1770294014279,IR pressed,HVL_151_A,true,,true,Spacebar,1,N/A,1835,N/A,N/A,N/A
236,1770294014282,WR pressed,HVL_151_A,true,,true,Yes,N/A,1,N/A,3,N/A,N/A
236,1770294014282,gap_time,N/A,true,,true,GapTime_1156,N/A,N/A,N/A,N/A,N/A,N/A
236,1770294015448,Sentence shown,HF_68_A,,,,N/A,N/A,N/A,N/A,N/A,N/A,N/A
236,1770294019452,gap_time,N/A,,,,GapTime_1282,N/A,N/A,N/A,N/A,N/A,N/A
236,1770294020747,Sentence shown,HF_85_A,,,,N/A,N/A,N/A,N/A,N/A,N/A,N/A
236,1770294024750,gap_time,N/A,,,,GapTime_1119,N/A,N/A,N/A,N/A,N/A,N/A
236,1770294025871,Sentence shown,HH_149_A,true,,true,N/A,N/A,N/A,N/A,N/A,N/A,N/A
236,1770294026815,IR pressed,HH_149_A,true,,true,Spacebar,1,N/A,944,N/A,N/A,N/A
236,1770294026971,WR pressed,HH_149_A,true,,true,Yes,N/A,0,N/A,156,N/A,N/A
236,1770294026971,gap_time,N/A,true,,true,GapTime_1281,N/A,N/A,N/A,N/A,N/A,N/A
236,1770294028260,Sentence shown,HH_144_P,true,,true,N/A,N/A,N/A,N/A,N/A,N/A,N/A
236,1770294029739,IR pressed,HH_144_P,true,,true,Spacebar,1,N/A,1479,N/A,N/A,N/A
236,1770294030004,WR pressed,HH_144_P,true,,true,Yes,N/A,0,N/A,265,N/A,N/A
236,1770294030004,gap_time,N/A,true,,true,GapTime_1162,N/A,N/A,N/A,N/A,N/A,N/A
236,1770294031170,Sentence shown,HF_91_A,,,,N/A,N/A,N/A,N/A,N/A,N/A,N/A
236,1770294035177,gap_time,N/A,,,,GapTime_894,N/A,N/A,N/A,N/A,N/A,N/A
236,1770294036078,Sentence shown,LVL_139_A,true,,true,N/A,N/A,N/A,N/A,N/A,N/A,N/A
236,1770294038011,IR pressed,LVL_139_A,true,,true,Spacebar,1,N/A,1933,N/A,N/A,N/A
236,1770294038221,WR pressed,LVL_139_A,true,,true,No,N/A,1,N/A,210,N/A,N/A
236,1770294038221,gap_time,N/A,true,,true,GapTime_1045,N/A,N/A,N/A,N/A,N/A,N/A
236,1770294039278,Sentence shown,HF_70_A,,,,N/A,N/A,N/A,N/A,N/A,N/A,N/A
236,1770294043288,gap_time,N/A,,,,GapTime_788,N/A,N/A,N/A,N/A,N/A,N/A
236,1770294044080,Sentence shown,HVL_150_P,true,,,N/A,N/A,N/A,N/A,N/A,N/A,N/A
236,1770294048086,gap_time,N/A,true,,,GapTime_1232,N/A,N/A,N/A,N/A,N/A,N/A
236,1770294049319,Sentence shown,HF_70_A,,true,true,N/A,N/A,N/A,N/A,N/A,N/A,N/A
236,1770294050378,Validation IR pressed,HF_70_A,,true,true,Spacebar,1,N/A,1059,N/A,N/A,N/A
236,1770294050378,IR pressed,HF_70_A,,true,true,Spacebar,1,N/A,1059,N/A,N/A,N/A
236,1770294050621,WR pressed,HF_70_A,,true,true,Yes,N/A,N/A,N/A,243,N/A,N/A
236,1770294050621,gap_time,N/A,,true,true,GapTime_1272,N/A,N/A,N/A,N/A,N/A,N/A
236,1770294051903,Sentence shown,LVH_102_A,true,,true,N/A,N/A,N/A,N/A,N/A,N/A,N/A
236,1770294052876,IR pressed,LVH_102_A,true,,true,Spacebar,1,N/A,973,N/A,N/A,N/A
236,1770294053072,WR pressed,LVH_102_A,true,,true,Yes,N/A,1,N/A,196,N/A,N/A
236,1770294053072,gap_time,N/A,true,,true,GapTime_1060,N/A,N/A,N/A,N/A,N/A,N/A
236,1770294054145,Sentence shown,HF_66_A,,,,N/A,N/A,N/A,N/A,N/A,N/A,N/A
236,1770294058149,gap_time,N/A,,,,GapTime_1254,N/A,N/A,N/A,N/A,N/A,N/A
236,1770294059411,Sentence shown,HF_95_A,,,,N/A,N/A,N/A,N/A,N/A,N/A,N/A
236,1770294063421,gap_time,N/A,,,,GapTime_957,N/A,N/A,N/A,N/A,N/A,N/A
236,1770294064386,Sentence shown,HF_79_A,,,,N/A,N/A,N/A,N/A,N/A,N/A,N/A
236,1770294068393,gap_time,N/A,,,,GapTime_1198,N/A,N/A,N/A,N/A,N/A,N/A
236,1770294069594,Sentence shown,HF_72_A,,,,N/A,N/A,N/A,N/A,N/A,N/A,N/A
236,1770294073601,gap_time,N/A,,,,GapTime_890,N/A,N/A,N/A,N/A,N/A,N/A
236,1770294074506,Sentence shown,HF_95_A,,true,true,N/A,N/A,N/A,N/A,N/A,N/A,N/A
236,1770294076727,Validation IR pressed,HF_95_A,,true,true,Spacebar,1,N/A,2220,N/A,N/A,N/A
236,1770294076727,IR pressed,HF_95_A,,true,true,Spacebar,1,N/A,2220,N/A,N/A,N/A
236,1770294076840,WR pressed,HF_95_A,,true,true,Yes,N/A,N/A,N/A,113,N/A,N/A
236,1770294076841,gap_time,N/A,,true,true,GapTime_706,N/A,N/A,N/A,N/A,N/A,N/A
236,1770294077550,Sentence shown,HF_82_A,,,,N/A,N/A,N/A,N/A,N/A,N/A,N/A
236,1770294081556,gap_time,N/A,,,,GapTime_730,N/A,N/A,N/A,N/A,N/A,N/A
236,1770294082288,Sentence shown,HF_82_A,,true,true,N/A,N/A,N/A,N/A,N/A,N/A,N/A
236,1770294083250,Validation IR pressed,HF_82_A,,true,true,Spacebar,1,N/A,962,N/A,N/A,N/A
236,1770294083250,IR pressed,HF_82_A,,true,true,Spacebar,1,N/A,962,N/A,N/A,N/A
236,1770294083348,WR pressed,HF_82_A,,true,true,Yes,N/A,N/A,N/A,98,N/A,N/A
236,1770294083348,gap_time,N/A,,true,true,GapTime_723,N/A,N/A,N/A,N/A,N/A,N/A
236,1770294084075,Sentence shown,HF_72_A,,true,true,N/A,N/A,N/A,N/A,N/A,N/A,N/A
236,1770294085868,Validation IR pressed,HF_72_A,,true,true,Spacebar,1,N/A,1793,N/A,N/A,N/A
236,1770294085868,IR pressed,HF_72_A,,true,true,Spacebar,1,N/A,1793,N/A,N/A,N/A
236,1770294086033,WR pressed,HF_72_A,,true,true,Yes,N/A,N/A,N/A,165,N/A,N/A
236,1770294086033,gap_time,N/A,,true,true,GapTime_1031,N/A,N/A,N/A,N/A,N/A,N/A
236,1770294087074,Sentence shown,HVL_150_P,true,,true,N/A,N/A,N/A,N/A,N/A,N/A,N/A
236,1770294088486,IR pressed,HVL_150_P,true,,true,Spacebar,1,N/A,1412,N/A,N/A,N/A
236,1770294088886,WR pressed,HVL_150_P,true,,true,Yes,N/A,1,N/A,400,N/A,N/A
236,1770294088886,gap_time,N/A,true,,true,GapTime_966,N/A,N/A,N/A,N/A,N/A,N/A
236,1770294089860,Sentence shown,LVH_126_P,true,,,N/A,N/A,N/A,N/A,N/A,N/A,N/A
236,1770294093869,gap_time,N/A,true,,,GapTime_1114,N/A,N/A,N/A,N/A,N/A,N/A
236,1770294094992,Sentence shown,LVH_116_A,true,,,N/A,N/A,N/A,N/A,N/A,N/A,N/A
236,1770294098998,gap_time,N/A,true,,,GapTime_1255,N/A,N/A,N/A,N/A,N/A,N/A
236,1770294100261,Sentence shown,LVL_111_P,true,,,N/A,N/A,N/A,N/A,N/A,N/A,N/A
236,1770294104272,gap_time,N/A,true,,,GapTime_734,N/A,N/A,N/A,N/A,N/A,N/A
236,1770294105018,Sentence shown,HVL_154_A,true,,,N/A,N/A,N/A,N/A,N/A,N/A,N/A
236,1770294109021,gap_time,N/A,true,,,GapTime_1122,N/A,N/A,N/A,N/A,N/A,N/A
236,1770294110148,Sentence shown,HF_86_A,,,,N/A,N/A,N/A,N/A,N/A,N/A,N/A
236,1770294114155,gap_time,N/A,,,,GapTime_853,N/A,N/A,N/A,N/A,N/A,N/A
236,1770294115011,Sentence shown,HH_166_A,true,,,N/A,N/A,N/A,N/A,N/A,N/A,N/A
236,1770294119022,gap_time,N/A,true,,,GapTime_1284,N/A,N/A,N/A,N/A,N/A,N/A
236,1770294120314,Sentence shown,HF_94_A,,,,N/A,N/A,N/A,N/A,N/A,N/A,N/A
236,1770294124316,gap_time,N/A,,,,GapTime_741,N/A,N/A,N/A,N/A,N/A,N/A
236,1770294125063,Sentence shown,HF_69_A,,,,N/A,N/A,N/A,N/A,N/A,N/A,N/A
236,1770294129073,gap_time,N/A,,,,GapTime_1216,N/A,N/A,N/A,N/A,N/A,N/A
236,1770294130290,Sentence shown,LVH_126_A,true,,true,N/A,N/A,N/A,N/A,N/A,N/A,N/A
236,1770294132053,IR pressed,LVH_126_A,true,,true,Spacebar,1,N/A,1763,N/A,N/A,N/A
236,1770294135285,WR pressed,LVH_126_A,true,,true,Yes,N/A,0,N/A,3232,N/A,N/A
236,1770294135286,gap_time,N/A,true,,true,GapTime_1105,N/A,N/A,N/A,N/A,N/A,N/A
236,1770294136402,Sentence shown,HF_84_A,,,,N/A,N/A,N/A,N/A,N/A,N/A,N/A
236,1770294139408,Validation Wrong IR pressed,HF_84_A,,,,Spacebar,0,N/A,3006,N/A,N/A,N/A
236,1770294139408,IR pressed,HF_84_A,,,,Spacebar,0,N/A,3006,N/A,N/A,N/A
236,1770294140636,WR pressed,HF_84_A,,,,No,N/A,N/A,N/A,1228,N/A,N/A
236,1770294140636,gap_time,N/A,,,,GapTime_1142,N/A,N/A,N/A,N/A,N/A,N/A
236,1770294141792,Sentence shown,LVH_116_P,true,,true,N/A,N/A,N/A,N/A,N/A,N/A,N/A
236,1770294144458,IR pressed,LVH_116_P,true,,true,Spacebar,1,N/A,2666,N/A,N/A,N/A
236,1770294145083,WR pressed,LVH_116_P,true,,true,Yes,N/A,0,N/A,625,N/A,N/A
236,1770294145084,gap_time,N/A,true,,true,GapTime_1086,N/A,N/A,N/A,N/A,N/A,N/A
236,1770294146170,Sentence shown,HF_80_A,,,,N/A,N/A,N/A,N/A,N/A,N/A,N/A
236,1770294150174,gap_time,N/A,,,,GapTime_858,N/A,N/A,N/A,N/A,N/A,N/A
236,1770294151045,Sentence shown,LVL_111_P,true,,true,N/A,N/A,N/A,N/A,N/A,N/A,N/A
236,1770294153538,IR pressed,LVL_111_P,true,,true,Spacebar,1,N/A,2493,N/A,N/A,N/A
236,1770294155540,WR pressed,LVL_111_P,true,,true,Yes,N/A,1,N/A,2002,N/A,N/A
236,1770294155540,gap_time,N/A,true,,true,GapTime_1025,N/A,N/A,N/A,N/A,N/A,N/A
236,1770294156577,Sentence shown,HF_80_A,,true,true,N/A,N/A,N/A,N/A,N/A,N/A,N/A
236,1770294157912,Validation IR pressed,HF_80_A,,true,true,Spacebar,1,N/A,1335,N/A,N/A,N/A
236,1770294157912,IR pressed,HF_80_A,,true,true,Spacebar,1,N/A,1335,N/A,N/A,N/A
236,1770294158170,WR pressed,HF_80_A,,true,true,Yes,N/A,N/A,N/A,258,N/A,N/A
236,1770294158170,gap_time,N/A,,true,true,GapTime_1156,N/A,N/A,N/A,N/A,N/A,N/A
236,1770294159344,Sentence shown,HVL_154_P,true,,true,N/A,N/A,N/A,N/A,N/A,N/A,N/A
236,1770294160934,IR pressed,HVL_154_P,true,,true,Spacebar,1,N/A,1590,N/A,N/A,N/A
236,1770294161191,WR pressed,HVL_154_P,true,,true,Yes,N/A,0,N/A,257,N/A,N/A
236,1770294161191,gap_time,N/A,true,,true,GapTime_1103,N/A,N/A,N/A,N/A,N/A,N/A
236,1770294162302,Sentence shown,HF_73_A,,,,N/A,N/A,N/A,N/A,N/A,N/A,N/A
236,1770294166315,gap_time,N/A,,,,GapTime_1183,N/A,N/A,N/A,N/A,N/A,N/A
236,1770294167500,Sentence shown,HH_166_A,true,,true,N/A,N/A,N/A,N/A,N/A,N/A,N/A
236,1770294168514,IR pressed,HH_166_A,true,,true,Spacebar,1,N/A,1014,N/A,N/A,N/A
236,1770294168638,WR pressed,HH_166_A,true,,true,Yes,N/A,1,N/A,124,N/A,N/A
236,1770294168638,gap_time,N/A,true,,true,GapTime_1263,N/A,N/A,N/A,N/A,N/A,N/A
236,1770294169916,Sentence shown,HF_67_A,,,,N/A,N/A,N/A,N/A,N/A,N/A,N/A
236,1770294173917,gap_time,N/A,,,,GapTime_1008,N/A,N/A,N/A,N/A,N/A,N/A
236,1770294174930,Sentence shown,HF_87_A,,,,N/A,N/A,N/A,N/A,N/A,N/A,N/A
236,1770294178938,gap_time,N/A,,,,GapTime_724,N/A,N/A,N/A,N/A,N/A,N/A
236,1770294179669,Sentence shown,HF_92_A,,,,N/A,N/A,N/A,N/A,N/A,N/A,N/A
236,1770294183674,gap_time,N/A,,,,GapTime_1080,N/A,N/A,N/A,N/A,N/A,N/A
236,1770294184768,Sentence shown,HVL_114_P,true,,,N/A,N/A,N/A,N/A,N/A,N/A,N/A
236,1770294188771,gap_time,N/A,true,,,GapTime_1228,N/A,N/A,N/A,N/A,N/A,N/A
236,1770294190001,Sentence shown,HF_97_A,,,,N/A,N/A,N/A,N/A,N/A,N/A,N/A
236,1770294194016,gap_time,N/A,,,,GapTime_891,N/A,N/A,N/A,N/A,N/A,N/A
236,1770294194919,Sentence shown,HF_71_A,,,,N/A,N/A,N/A,N/A,N/A,N/A,N/A
236,1770294197626,Validation Wrong IR pressed,HF_71_A,,,,Spacebar,0,N/A,2707,N/A,N/A,N/A
236,1770294197626,IR pressed,HF_71_A,,,,Spacebar,0,N/A,2707,N/A,N/A,N/A
236,1770294198024,WR pressed,HF_71_A,,,,No,N/A,N/A,N/A,398,N/A,N/A
236,1770294198024,gap_time,N/A,,,,GapTime_1270,N/A,N/A,N/A,N/A,N/A,N/A
236,1770294199309,Sentence shown,HF_75_A,,,,N/A,N/A,N/A,N/A,N/A,N/A,N/A
236,1770294203312,gap_time,N/A,,,,GapTime_807,N/A,N/A,N/A,N/A,N/A,N/A
236,1770294204135,Sentence shown,HF_75_A,,true,true,N/A,N/A,N/A,N/A,N/A,N/A,N/A
236,1770294205100,Validation IR pressed,HF_75_A,,true,true,Spacebar,1,N/A,965,N/A,N/A,N/A
236,1770294205100,IR pressed,HF_75_A,,true,true,Spacebar,1,N/A,965,N/A,N/A,N/A
236,1770294205229,WR pressed,HF_75_A,,true,true,Yes,N/A,N/A,N/A,129,N/A,N/A
236,1770294205229,gap_time,N/A,,true,true,GapTime_972,N/A,N/A,N/A,N/A,N/A,N/A
236,1770294206205,Sentence shown,HF_77_A,,,,N/A,N/A,N/A,N/A,N/A,N/A,N/A
236,1770294210219,gap_time,N/A,,,,GapTime_708,N/A,N/A,N/A,N/A,N/A,N/A
236,1770294210937,Sentence shown,HF_83_A,,,,N/A,N/A,N/A,N/A,N/A,N/A,N/A
236,1770294214949,gap_time,N/A,,,,GapTime_961,N/A,N/A,N/A,N/A,N/A,N/A
236,1770294215916,Sentence shown,LVL_110_A,true,,,N/A,N/A,N/A,N/A,N/A,N/A,N/A
236,1770294219919,gap_time,N/A,true,,,GapTime_779,N/A,N/A,N/A,N/A,N/A,N/A
236,1770294220701,Sentence shown,HF_81_A,,,,N/A,N/A,N/A,N/A,N/A,N/A,N/A
236,1770294224714,gap_time,N/A,,,,GapTime_934,N/A,N/A,N/A,N/A,N/A,N/A
236,1770294225650,Sentence shown,HVL_114_A,true,,true,N/A,N/A,N/A,N/A,N/A,N/A,N/A
236,1770294226727,IR pressed,HVL_114_A,true,,true,Spacebar,1,N/A,1077,N/A,N/A,N/A
236,1770294226923,WR pressed,HVL_114_A,true,,true,No,N/A,1,N/A,196,N/A,N/A
236,1770294226923,gap_time,N/A,true,,true,GapTime_999,N/A,N/A,N/A,N/A,N/A,N/A
236,1770294227929,Sentence shown,LVL_109_A,true,,,N/A,N/A,N/A,N/A,N/A,N/A,N/A
236,1770294231941,gap_time,N/A,true,,,GapTime_1039,N/A,N/A,N/A,N/A,N/A,N/A
236,1770294232983,Sentence shown,HF_81_A,,true,true,N/A,N/A,N/A,N/A,N/A,N/A,N/A
236,1770294234144,Validation IR pressed,HF_81_A,,true,true,Spacebar,1,N/A,1161,N/A,N/A,N/A
236,1770294234144,IR pressed,HF_81_A,,true,true,Spacebar,1,N/A,1161,N/A,N/A,N/A
236,1770294234305,WR pressed,HF_81_A,,true,true,Yes,N/A,N/A,N/A,161,N/A,N/A
236,1770294234305,gap_time,N/A,,true,true,GapTime_802,N/A,N/A,N/A,N/A,N/A,N/A
236,1770294235122,Sentence shown,HF_74_A,,,,N/A,N/A,N/A,N/A,N/A,N/A,N/A
236,1770294239129,gap_time,N/A,,,,GapTime_942,N/A,N/A,N/A,N/A,N/A,N/A
236,1770294240080,Sentence shown,LVH_140_P,true,,,N/A,N/A,N/A,N/A,N/A,N/A,N/A
236,1770294244095,gap_time,N/A,true,,,GapTime_1025,N/A,N/A,N/A,N/A,N/A,N/A
236,1770294245121,Sentence shown,HF_78_A,,,,N/A,N/A,N/A,N/A,N/A,N/A,N/A
236,1770294249127,gap_time,N/A,,,,GapTime_1015,N/A,N/A,N/A,N/A,N/A,N/A
236,1770294250152,Sentence shown,HF_96_A,,,,N/A,N/A,N/A,N/A,N/A,N/A,N/A
236,1770294254165,gap_time,N/A,,,,GapTime_770,N/A,N/A,N/A,N/A,N/A,N/A
236,1770294254947,Sentence shown,LVL_109_P,true,,true,N/A,N/A,N/A,N/A,N/A,N/A,N/A
236,1770294256185,IR pressed,LVL_109_P,true,,true,Spacebar,1,N/A,1238,N/A,N/A,N/A
236,1770294256483,WR pressed,LVL_109_P,true,,true,No,N/A,1,N/A,298,N/A,N/A
236,1770294256483,gap_time,N/A,true,,true,GapTime_730,N/A,N/A,N/A,N/A,N/A,N/A
236,1770294257218,Sentence shown,LVL_110_A,true,,true,N/A,N/A,N/A,N/A,N/A,N/A,N/A
236,1770294258761,IR pressed,LVL_110_A,true,,true,Spacebar,1,N/A,1543,N/A,N/A,N/A
236,1770294259060,WR pressed,LVL_110_A,true,,true,Yes,N/A,1,N/A,299,N/A,N/A
236,1770294259060,gap_time,N/A,true,,true,GapTime_1253,N/A,N/A,N/A,N/A,N/A,N/A
236,1770294260327,Sentence shown,LVH_140_P,true,,true,N/A,N/A,N/A,N/A,N/A,N/A,N/A
236,1770294261303,IR pressed,LVH_140_P,true,,true,Spacebar,1,N/A,976,N/A,N/A,N/A
236,1770294261475,WR pressed,LVH_140_P,true,,true,Yes,N/A,1,N/A,172,N/A,N/A
236,1770294261476,gap_time,N/A,true,,true,GapTime_708,N/A,N/A,N/A,N/A,N/A,N/A
