participant_ID,Timestamp,Event,Stimulus,isTarget,isValidation,isRepeat,Button,Accuracy IR,Accuracy WR,Reaction_time_IR,Reaction_time_WR,CR_IR,CR_WR
254,1770353141721,Practice Sentence shown,HH_108_A,true,,,N/A,N/A,N/A,N/A,N/A,N/A,N/A
254,1770353147242,Practice Sentence shown,HL_15_A,,,,N/A,N/A,N/A,N/A,N/A,N/A,N/A
254,1770353152762,Practice Sentence shown,HL_52_A,,,,N/A,N/A,N/A,N/A,N/A,N/A,N/A
254,1770353158265,Practice Sentence shown,HL_54_A,,,,N/A,N/A,N/A,N/A,N/A,N/A,N/A
254,1770353163778,Practice Sentence shown,HH_108_P,true,,true,N/A,N/A,N/A,N/A,N/A,N/A,N/A
254,1770353167720,Practice IR pressed,HH_108_P,true,,true,Spacebar,1,N/A,3942,N/A,N/A,N/A
254,1770353171288,Practice WR pressed,HH_108_P,true,,true,No,N/A,1,N/A,3568,N/A,N/A
254,1770353172790,Practice Sentence shown,HH_129_A,true,,,N/A,N/A,N/A,N/A,N/A,N/A,N/A
254,1770353178314,Practice Sentence shown,HL_101_A,,,,N/A,N/A,N/A,N/A,N/A,N/A,N/A
254,1770353183827,Practice Sentence shown,HL_64_A,,,,N/A,N/A,N/A,N/A,N/A,N/A,N/A
254,1770353189354,Practice Sentence shown,HL_76_A,,,,N/A,N/A,N/A,N/A,N/A,N/A,N/A
254,1770353194866,Practice Sentence shown,HH_129_A,true,,true,N/A,N/A,N/A,N/A,N/A,N/A,N/A
254,1770353198870,Practice Missed,HH_129_A,true,,true,None,0,N/A,N/A,N/A,N/A,N/A
254,1770353204872,Practice Sentence shown,HL_96_A,,,,N/A,N/A,N/A,N/A,N/A,N/A,N/A
254,1770353210388,Practice Sentence shown,HL_102_A,,,,N/A,N/A,N/A,N/A,N/A,N/A,N/A
254,1770353215899,Practice Sentence shown,HL_43_A,,,,N/A,N/A,N/A,N/A,N/A,N/A,N/A
254,1770353221410,Practice Sentence shown,HH_102_A,true,,,N/A,N/A,N/A,N/A,N/A,N/A,N/A
254,1770353226918,Practice Sentence shown,HL_62_A,,,,N/A,N/A,N/A,N/A,N/A,N/A,N/A
254,1770353228993,Practice IR pressed,HL_62_A,,,,Spacebar,0,N/A,2075,N/A,N/A,N/A
254,1770353237218,Practice Sentence shown,HH_117_A,true,,,N/A,N/A,N/A,N/A,N/A,N/A,N/A
254,1770353242739,Practice Sentence shown,HH_133_A,true,,,N/A,N/A,N/A,N/A,N/A,N/A,N/A
254,1770353248262,Practice Sentence shown,HH_102_P,true,,true,N/A,N/A,N/A,N/A,N/A,N/A,N/A
254,1770353252263,Practice Missed,HH_102_P,true,,true,None,0,N/A,N/A,N/A,N/A,N/A
254,1770353259369,Practice Sentence shown,HH_117_P,true,,true,N/A,N/A,N/A,N/A,N/A,N/A,N/A
254,1770353262921,Practice IR pressed,HH_117_P,true,,true,Spacebar,1,N/A,3552,N/A,N/A,N/A
254,1770353270753,Practice WR pressed,HH_117_P,true,,true,Yes,N/A,0,N/A,7832,N/A,N/A
254,1770353276760,Practice Sentence shown,HH_133_A,true,,true,N/A,N/A,N/A,N/A,N/A,N/A,N/A
254,1770353279904,Practice IR pressed,HH_133_A,true,,true,Spacebar,1,N/A,3144,N/A,N/A,N/A
254,1770353282032,Practice WR pressed,HH_133_A,true,,true,Yes,N/A,1,N/A,2128,N/A,N/A
254,1770353293914,Practice Sentence shown,HL_21_A,,,,N/A,N/A,N/A,N/A,N/A,N/A,N/A
254,1770353299433,Practice Sentence shown,HL_64_A,,,,N/A,N/A,N/A,N/A,N/A,N/A,N/A
254,1770353304958,Practice Sentence shown,HH_132_A,true,,,N/A,N/A,N/A,N/A,N/A,N/A,N/A
254,1770353310492,Practice Sentence shown,HL_49_A,,,,N/A,N/A,N/A,N/A,N/A,N/A,N/A
254,1770353316002,Practice Sentence shown,HL_14_A,,,,N/A,N/A,N/A,N/A,N/A,N/A,N/A
254,1770353321512,Practice Sentence shown,HH_125_A,true,,,N/A,N/A,N/A,N/A,N/A,N/A,N/A
254,1770353327026,Practice Sentence shown,HL_83_A,,,,N/A,N/A,N/A,N/A,N/A,N/A,N/A
254,1770353332551,Practice Sentence shown,HH_132_P,true,,true,N/A,N/A,N/A,N/A,N/A,N/A,N/A
254,1770353335144,Practice IR pressed,HH_132_P,true,,true,Spacebar,1,N/A,2593,N/A,N/A,N/A
254,1770353336655,Practice WR pressed,HH_132_P,true,,true,No,N/A,1,N/A,1511,N/A,N/A
254,1770353338164,Practice Sentence shown,HL_51_A,,,,N/A,N/A,N/A,N/A,N/A,N/A,N/A
254,1770353343695,Practice Sentence shown,HL_96_A,,,,N/A,N/A,N/A,N/A,N/A,N/A,N/A
254,1770353346802,Practice IR pressed,HL_96_A,,,,Spacebar,0,N/A,3107,N/A,N/A,N/A
254,1770353354273,Practice Sentence shown,HH_125_P,true,,true,N/A,N/A,N/A,N/A,N/A,N/A,N/A
254,1770353356599,Practice IR pressed,HH_125_P,true,,true,Spacebar,1,N/A,2326,N/A,N/A,N/A
254,1770353357584,Practice WR pressed,HH_125_P,true,,true,No,N/A,1,N/A,985,N/A,N/A
254,1770353359094,Practice Sentence shown,HL_5_A,,,,N/A,N/A,N/A,N/A,N/A,N/A,N/A
254,1770353361575,Practice IR pressed,HL_5_A,,,,Spacebar,0,N/A,2481,N/A,N/A,N/A
254,1770353364617,Practice Sentence shown,HH_134_A,true,,,N/A,N/A,N/A,N/A,N/A,N/A,N/A
254,1770353368624,Practice IR pressed,HH_134_A,true,,,Spacebar,0,N/A,4007,N/A,N/A,N/A
254,1770353372017,Practice Sentence shown,HH_103_A,true,,,N/A,N/A,N/A,N/A,N/A,N/A,N/A
254,1770353377528,Practice Sentence shown,HL_52_A,,,,N/A,N/A,N/A,N/A,N/A,N/A,N/A
254,1770353380464,Practice IR pressed,HL_52_A,,,,Spacebar,0,N/A,2936,N/A,N/A,N/A
254,1770353386721,Practice Sentence shown,HH_133_A,true,,,N/A,N/A,N/A,N/A,N/A,N/A,N/A
254,1770353390272,Practice IR pressed,HH_133_A,true,,,Spacebar,0,N/A,3551,N/A,N/A,N/A
254,1770353395721,Practice Sentence shown,HL_89_A,,,,N/A,N/A,N/A,N/A,N/A,N/A,N/A
254,1770353401233,Practice Sentence shown,HH_134_A,true,,true,N/A,N/A,N/A,N/A,N/A,N/A,N/A
254,1770353402976,Practice IR pressed,HH_134_A,true,,true,Spacebar,1,N/A,1743,N/A,N/A,N/A
254,1770353405192,Practice WR pressed,HH_134_A,true,,true,Yes,N/A,1,N/A,2216,N/A,N/A
254,1770353406700,Practice Sentence shown,HH_103_P,true,,true,N/A,N/A,N/A,N/A,N/A,N/A,N/A
254,1770353410700,Practice Missed,HH_103_P,true,,true,None,0,N/A,N/A,N/A,N/A,N/A
254,1770353417048,Practice Sentence shown,HH_133_A,true,,true,N/A,N/A,N/A,N/A,N/A,N/A,N/A
254,1770353418640,Practice IR pressed,HH_133_A,true,,true,Spacebar,1,N/A,1592,N/A,N/A,N/A
254,1770353420088,Practice WR pressed,HH_133_A,true,,true,Yes,N/A,1,N/A,1448,N/A,N/A
254,1770353427738,Practice Sentence shown,HL_18_A,,,,N/A,N/A,N/A,N/A,N/A,N/A,N/A
254,1770353433256,Practice Sentence shown,HL_46_A,,,,N/A,N/A,N/A,N/A,N/A,N/A,N/A
254,1770353438774,Practice Sentence shown,HL_10_A,,,,N/A,N/A,N/A,N/A,N/A,N/A,N/A
254,1770353444280,Practice Sentence shown,HL_59_A,,,,N/A,N/A,N/A,N/A,N/A,N/A,N/A
254,1770353449810,Practice Sentence shown,HH_132_A,true,,,N/A,N/A,N/A,N/A,N/A,N/A,N/A
254,1770353455320,Practice Sentence shown,HL_58_A,,,,N/A,N/A,N/A,N/A,N/A,N/A,N/A
254,1770353460831,Practice Sentence shown,HL_22_A,,,,N/A,N/A,N/A,N/A,N/A,N/A,N/A
254,1770353466343,Practice Sentence shown,HH_112_A,true,,,N/A,N/A,N/A,N/A,N/A,N/A,N/A
254,1770353471852,Practice Sentence shown,HH_101_A,true,,,N/A,N/A,N/A,N/A,N/A,N/A,N/A
254,1770353477366,Practice Sentence shown,HL_19_A,,,,N/A,N/A,N/A,N/A,N/A,N/A,N/A
254,1770353482877,Practice Sentence shown,HL_37_A,,,,N/A,N/A,N/A,N/A,N/A,N/A,N/A
254,1770353488389,Practice Sentence shown,HH_132_P,true,,true,N/A,N/A,N/A,N/A,N/A,N/A,N/A
254,1770353490201,Practice IR pressed,HH_132_P,true,,true,Spacebar,1,N/A,1812,N/A,N/A,N/A
254,1770353492408,Practice WR pressed,HH_132_P,true,,true,No,N/A,1,N/A,2207,N/A,N/A
254,1770353493915,Practice Sentence shown,HH_100_A,true,,,N/A,N/A,N/A,N/A,N/A,N/A,N/A
254,1770353499429,Practice Sentence shown,HH_112_A,true,,true,N/A,N/A,N/A,N/A,N/A,N/A,N/A
254,1770353502087,Practice IR pressed,HH_112_A,true,,true,Spacebar,1,N/A,2658,N/A,N/A,N/A
254,1770353503471,Practice WR pressed,HH_112_A,true,,true,No,N/A,0,N/A,1384,N/A,N/A
254,1770353508273,Practice Sentence shown,HH_101_P,true,,true,N/A,N/A,N/A,N/A,N/A,N/A,N/A
254,1770353509831,Practice IR pressed,HH_101_P,true,,true,Spacebar,1,N/A,1558,N/A,N/A,N/A
254,1770353512824,Practice WR pressed,HH_101_P,true,,true,No,N/A,1,N/A,2993,N/A,N/A
254,1770353514332,Practice Sentence shown,HH_114_A,true,,,N/A,N/A,N/A,N/A,N/A,N/A,N/A
254,1770353519846,Practice Sentence shown,HL_16_A,,,,N/A,N/A,N/A,N/A,N/A,N/A,N/A
254,1770353525356,Practice Sentence shown,HL_107_A,,,,N/A,N/A,N/A,N/A,N/A,N/A,N/A
254,1770353530867,Practice Sentence shown,HH_100_A,true,,true,N/A,N/A,N/A,N/A,N/A,N/A,N/A
254,1770353532721,Practice IR pressed,HH_100_A,true,,true,Spacebar,1,N/A,1854,N/A,N/A,N/A
254,1770353534048,Practice WR pressed,HH_100_A,true,,true,No,N/A,0,N/A,1327,N/A,N/A
254,1770353538152,Practice Sentence shown,HH_114_P,true,,true,N/A,N/A,N/A,N/A,N/A,N/A,N/A
254,1770353540000,Practice IR pressed,HH_114_P,true,,true,Spacebar,1,N/A,1847,N/A,N/A,N/A
254,1770353541041,Practice WR pressed,HH_114_P,true,,true,No,N/A,1,N/A,1041,N/A,N/A
254,1770353553340,Sentence shown,HF_33_A,,,,N/A,N/A,N/A,N/A,N/A,N/A,N/A
254,1770353557342,gap_time,N/A,,,,GapTime_979,N/A,N/A,N/A,N/A,N/A,N/A
254,1770353558328,Sentence shown,HF_32_A,,,,N/A,N/A,N/A,N/A,N/A,N/A,N/A
254,1770353562345,gap_time,N/A,,,,GapTime_813,N/A,N/A,N/A,N/A,N/A,N/A
254,1770353563163,Sentence shown,LVH_144_P,true,,,N/A,N/A,N/A,N/A,N/A,N/A,N/A
254,1770353567171,gap_time,N/A,true,,,GapTime_875,N/A,N/A,N/A,N/A,N/A,N/A
254,1770353568055,Sentence shown,HF_33_A,,true,true,N/A,N/A,N/A,N/A,N/A,N/A,N/A
254,1770353570513,Validation IR pressed,HF_33_A,,true,true,Spacebar,1,N/A,2458,N/A,N/A,N/A
254,1770353570513,IR pressed,HF_33_A,,true,true,Spacebar,1,N/A,2458,N/A,N/A,N/A
254,1770353571503,WR pressed,HF_33_A,,true,true,No,N/A,N/A,N/A,990,N/A,N/A
254,1770353571503,gap_time,N/A,,true,true,GapTime_847,N/A,N/A,N/A,N/A,N/A,N/A
254,1770353572353,Sentence shown,HF_5_A,,,,N/A,N/A,N/A,N/A,N/A,N/A,N/A
254,1770353576355,gap_time,N/A,,,,GapTime_795,N/A,N/A,N/A,N/A,N/A,N/A
254,1770353577163,Sentence shown,HVL_125_P,true,,,N/A,N/A,N/A,N/A,N/A,N/A,N/A
254,1770353581167,gap_time,N/A,true,,,GapTime_775,N/A,N/A,N/A,N/A,N/A,N/A
254,1770353581946,Sentence shown,HH_139_A,true,,,N/A,N/A,N/A,N/A,N/A,N/A,N/A
254,1770353585950,gap_time,N/A,true,,,GapTime_1045,N/A,N/A,N/A,N/A,N/A,N/A
254,1770353586997,Sentence shown,HF_26_A,,,,N/A,N/A,N/A,N/A,N/A,N/A,N/A
254,1770353591013,gap_time,N/A,,,,GapTime_946,N/A,N/A,N/A,N/A,N/A,N/A
254,1770353591964,Sentence shown,HF_1_A,,,,N/A,N/A,N/A,N/A,N/A,N/A,N/A
254,1770353593601,Validation Wrong IR pressed,HF_1_A,,,,Spacebar,0,N/A,1636,N/A,N/A,N/A
254,1770353593601,IR pressed,HF_1_A,,,,Spacebar,0,N/A,1636,N/A,N/A,N/A
254,1770353595664,WR pressed,HF_1_A,,,,No,N/A,N/A,N/A,2063,N/A,N/A
254,1770353595665,gap_time,N/A,,,,GapTime_841,N/A,N/A,N/A,N/A,N/A,N/A
254,1770353596515,Sentence shown,LVH_144_P,true,,true,N/A,N/A,N/A,N/A,N/A,N/A,N/A
254,1770353598840,IR pressed,LVH_144_P,true,,true,Spacebar,1,N/A,2325,N/A,N/A,N/A
254,1770353604664,WR pressed,LVH_144_P,true,,true,Yes,N/A,1,N/A,5824,N/A,N/A
254,1770353604664,gap_time,N/A,true,,true,GapTime_817,N/A,N/A,N/A,N/A,N/A,N/A
254,1770353605489,Sentence shown,HF_29_A,,,,N/A,N/A,N/A,N/A,N/A,N/A,N/A
254,1770353609500,gap_time,N/A,,,,GapTime_1218,N/A,N/A,N/A,N/A,N/A,N/A
254,1770353610735,Sentence shown,HF_18_A,,,,N/A,N/A,N/A,N/A,N/A,N/A,N/A
254,1770353613249,Validation Wrong IR pressed,HF_18_A,,,,Spacebar,0,N/A,2514,N/A,N/A,N/A
254,1770353613249,IR pressed,HF_18_A,,,,Spacebar,0,N/A,2514,N/A,N/A,N/A
254,1770353614064,WR pressed,HF_18_A,,,,No,N/A,N/A,N/A,815,N/A,N/A
254,1770353614065,gap_time,N/A,,,,GapTime_1209,N/A,N/A,N/A,N/A,N/A,N/A
254,1770353615283,Sentence shown,HVL_135_P,true,,,N/A,N/A,N/A,N/A,N/A,N/A,N/A
254,1770353619288,gap_time,N/A,true,,,GapTime_1159,N/A,N/A,N/A,N/A,N/A,N/A
254,1770353620464,Sentence shown,HF_15_A,,,,N/A,N/A,N/A,N/A,N/A,N/A,N/A
254,1770353624464,gap_time,N/A,,,,GapTime_759,N/A,N/A,N/A,N/A,N/A,N/A
254,1770353625226,Sentence shown,HVL_125_A,true,,true,N/A,N/A,N/A,N/A,N/A,N/A,N/A
254,1770353627128,IR pressed,HVL_125_A,true,,true,Spacebar,1,N/A,1901,N/A,N/A,N/A
254,1770353627856,WR pressed,HVL_125_A,true,,true,No,N/A,1,N/A,728,N/A,N/A
254,1770353627856,gap_time,N/A,true,,true,GapTime_908,N/A,N/A,N/A,N/A,N/A,N/A
254,1770353628782,Sentence shown,HF_15_A,,true,true,N/A,N/A,N/A,N/A,N/A,N/A,N/A
254,1770353631280,Validation IR pressed,HF_15_A,,true,true,Spacebar,1,N/A,2498,N/A,N/A,N/A
254,1770353631280,IR pressed,HF_15_A,,true,true,Spacebar,1,N/A,2498,N/A,N/A,N/A
254,1770353632240,WR pressed,HF_15_A,,true,true,Yes,N/A,N/A,N/A,960,N/A,N/A
254,1770353632241,gap_time,N/A,,true,true,GapTime_1274,N/A,N/A,N/A,N/A,N/A,N/A
254,1770353633531,Sentence shown,HH_139_A,true,,true,N/A,N/A,N/A,N/A,N/A,N/A,N/A
254,1770353637541,gap_time,N/A,true,,true,GapTime_1199,N/A,N/A,N/A,N/A,N/A,N/A
254,1770353638742,Sentence shown,HF_8_A,,,,N/A,N/A,N/A,N/A,N/A,N/A,N/A
254,1770353642755,gap_time,N/A,,,,GapTime_908,N/A,N/A,N/A,N/A,N/A,N/A
254,1770353643668,Sentence shown,HVL_163_A,true,,,N/A,N/A,N/A,N/A,N/A,N/A,N/A
254,1770353647684,gap_time,N/A,true,,,GapTime_1138,N/A,N/A,N/A,N/A,N/A,N/A
254,1770353648836,Sentence shown,HF_7_A,,,,N/A,N/A,N/A,N/A,N/A,N/A,N/A
254,1770353652843,gap_time,N/A,,,,GapTime_806,N/A,N/A,N/A,N/A,N/A,N/A
254,1770353653665,Sentence shown,HF_2_A,,,,N/A,N/A,N/A,N/A,N/A,N/A,N/A
254,1770353655504,Validation Wrong IR pressed,HF_2_A,,,,Spacebar,0,N/A,1839,N/A,N/A,N/A
254,1770353655504,IR pressed,HF_2_A,,,,Spacebar,0,N/A,1839,N/A,N/A,N/A
254,1770353656344,WR pressed,HF_2_A,,,,No,N/A,N/A,N/A,840,N/A,N/A
254,1770353656344,gap_time,N/A,,,,GapTime_1121,N/A,N/A,N/A,N/A,N/A,N/A
254,1770353657481,Sentence shown,HF_7_A,,true,true,N/A,N/A,N/A,N/A,N/A,N/A,N/A
254,1770353660008,Validation IR pressed,HF_7_A,,true,true,Spacebar,1,N/A,2527,N/A,N/A,N/A
254,1770353660008,IR pressed,HF_7_A,,true,true,Spacebar,1,N/A,2527,N/A,N/A,N/A
254,1770353663001,WR pressed,HF_7_A,,true,true,Yes,N/A,N/A,N/A,2993,N/A,N/A
254,1770353663002,gap_time,N/A,,true,true,GapTime_877,N/A,N/A,N/A,N/A,N/A,N/A
254,1770353663883,Sentence shown,HVL_135_P,true,,true,N/A,N/A,N/A,N/A,N/A,N/A,N/A
254,1770353666817,IR pressed,HVL_135_P,true,,true,Spacebar,1,N/A,2934,N/A,N/A,N/A
254,1770353667400,WR pressed,HVL_135_P,true,,true,Yes,N/A,1,N/A,583,N/A,N/A
254,1770353667400,gap_time,N/A,true,,true,GapTime_853,N/A,N/A,N/A,N/A,N/A,N/A
254,1770353668259,Sentence shown,LVH_170_A,true,,,N/A,N/A,N/A,N/A,N/A,N/A,N/A
254,1770353672275,gap_time,N/A,true,,,GapTime_956,N/A,N/A,N/A,N/A,N/A,N/A
254,1770353673236,Sentence shown,HF_27_A,,,,N/A,N/A,N/A,N/A,N/A,N/A,N/A
254,1770353677249,gap_time,N/A,,,,GapTime_996,N/A,N/A,N/A,N/A,N/A,N/A
254,1770353678250,Sentence shown,HF_13_A,,,,N/A,N/A,N/A,N/A,N/A,N/A,N/A
254,1770353681696,Validation Wrong IR pressed,HF_13_A,,,,Spacebar,0,N/A,3446,N/A,N/A,N/A
254,1770353681696,IR pressed,HF_13_A,,,,Spacebar,0,N/A,3446,N/A,N/A,N/A
254,1770353682439,WR pressed,HF_13_A,,,,No,N/A,N/A,N/A,743,N/A,N/A
254,1770353682440,gap_time,N/A,,,,GapTime_995,N/A,N/A,N/A,N/A,N/A,N/A
254,1770353683444,Sentence shown,HF_27_A,,true,true,N/A,N/A,N/A,N/A,N/A,N/A,N/A
254,1770353685928,Validation IR pressed,HF_27_A,,true,true,Spacebar,1,N/A,2484,N/A,N/A,N/A
254,1770353685928,IR pressed,HF_27_A,,true,true,Spacebar,1,N/A,2484,N/A,N/A,N/A
254,1770353686760,WR pressed,HF_27_A,,true,true,No,N/A,N/A,N/A,832,N/A,N/A
254,1770353686760,gap_time,N/A,,true,true,GapTime_1190,N/A,N/A,N/A,N/A,N/A,N/A
254,1770353687962,Sentence shown,HF_22_A,,,,N/A,N/A,N/A,N/A,N/A,N/A,N/A
254,1770353690280,Validation Wrong IR pressed,HF_22_A,,,,Spacebar,0,N/A,2318,N/A,N/A,N/A
254,1770353690280,IR pressed,HF_22_A,,,,Spacebar,0,N/A,2318,N/A,N/A,N/A
254,1770353690632,WR pressed,HF_22_A,,,,Yes,N/A,N/A,N/A,352,N/A,N/A
254,1770353690632,gap_time,N/A,,,,GapTime_918,N/A,N/A,N/A,N/A,N/A,N/A
254,1770353691553,Sentence shown,LVL_125_P,true,,,N/A,N/A,N/A,N/A,N/A,N/A,N/A
254,1770353695554,gap_time,N/A,true,,,GapTime_742,N/A,N/A,N/A,N/A,N/A,N/A
254,1770353696307,Sentence shown,LVH_170_A,true,,true,N/A,N/A,N/A,N/A,N/A,N/A,N/A
254,1770353697832,IR pressed,LVH_170_A,true,,true,Spacebar,1,N/A,1525,N/A,N/A,N/A
254,1770353698239,WR pressed,LVH_170_A,true,,true,Yes,N/A,1,N/A,407,N/A,N/A
254,1770353698240,gap_time,N/A,true,,true,GapTime_914,N/A,N/A,N/A,N/A,N/A,N/A
254,1770353699162,Sentence shown,HVL_163_P,true,,true,N/A,N/A,N/A,N/A,N/A,N/A,N/A
254,1770353703177,gap_time,N/A,true,,true,GapTime_797,N/A,N/A,N/A,N/A,N/A,N/A
254,1770353703979,Sentence shown,HF_16_A,,,,N/A,N/A,N/A,N/A,N/A,N/A,N/A
254,1770353706456,Validation Wrong IR pressed,HF_16_A,,,,Spacebar,0,N/A,2477,N/A,N/A,N/A
254,1770353706456,IR pressed,HF_16_A,,,,Spacebar,0,N/A,2477,N/A,N/A,N/A
254,1770353706841,WR pressed,HF_16_A,,,,Yes,N/A,N/A,N/A,385,N/A,N/A
254,1770353706842,gap_time,N/A,,,,GapTime_1041,N/A,N/A,N/A,N/A,N/A,N/A
254,1770353707899,Sentence shown,HF_23_A,,,,N/A,N/A,N/A,N/A,N/A,N/A,N/A
254,1770353711916,gap_time,N/A,,,,GapTime_1024,N/A,N/A,N/A,N/A,N/A,N/A
254,1770353712946,Sentence shown,LVL_142_A,true,,,N/A,N/A,N/A,N/A,N/A,N/A,N/A
254,1770353716949,gap_time,N/A,true,,,GapTime_931,N/A,N/A,N/A,N/A,N/A,N/A
254,1770353717883,Sentence shown,HF_16_A,,true,true,N/A,N/A,N/A,N/A,N/A,N/A,N/A
254,1770353719472,Validation IR pressed,HF_16_A,,true,true,Spacebar,1,N/A,1589,N/A,N/A,N/A
254,1770353719472,IR pressed,HF_16_A,,true,true,Spacebar,1,N/A,1589,N/A,N/A,N/A
254,1770353719921,WR pressed,HF_16_A,,true,true,Yes,N/A,N/A,N/A,449,N/A,N/A
254,1770353719921,gap_time,N/A,,true,true,GapTime_954,N/A,N/A,N/A,N/A,N/A,N/A
254,1770353720892,Sentence shown,LVL_125_A,true,,true,N/A,N/A,N/A,N/A,N/A,N/A,N/A
254,1770353722401,IR pressed,LVL_125_A,true,,true,Spacebar,1,N/A,1509,N/A,N/A,N/A
254,1770353722641,WR pressed,LVL_125_A,true,,true,No,N/A,1,N/A,239,N/A,N/A
254,1770353722641,gap_time,N/A,true,,true,GapTime_1143,N/A,N/A,N/A,N/A,N/A,N/A
254,1770353723801,Sentence shown,HF_24_A,,,,N/A,N/A,N/A,N/A,N/A,N/A,N/A
254,1770353727807,gap_time,N/A,,,,GapTime_737,N/A,N/A,N/A,N/A,N/A,N/A
254,1770353728557,Sentence shown,LVH_103_P,true,,,N/A,N/A,N/A,N/A,N/A,N/A,N/A
254,1770353732568,gap_time,N/A,true,,,GapTime_755,N/A,N/A,N/A,N/A,N/A,N/A
254,1770353733334,Sentence shown,HF_19_A,,,,N/A,N/A,N/A,N/A,N/A,N/A,N/A
254,1770353735112,Validation Wrong IR pressed,HF_19_A,,,,Spacebar,0,N/A,1778,N/A,N/A,N/A
254,1770353735112,IR pressed,HF_19_A,,,,Spacebar,0,N/A,1778,N/A,N/A,N/A
254,1770353735448,WR pressed,HF_19_A,,,,Yes,N/A,N/A,N/A,336,N/A,N/A
254,1770353735449,gap_time,N/A,,,,GapTime_762,N/A,N/A,N/A,N/A,N/A,N/A
254,1770353736217,Sentence shown,LVL_142_A,true,,true,N/A,N/A,N/A,N/A,N/A,N/A,N/A
254,1770353738935,IR pressed,LVL_142_A,true,,true,Spacebar,1,N/A,2718,N/A,N/A,N/A
254,1770353739760,WR pressed,LVL_142_A,true,,true,Yes,N/A,1,N/A,825,N/A,N/A
254,1770353739761,gap_time,N/A,true,,true,GapTime_1201,N/A,N/A,N/A,N/A,N/A,N/A
254,1770353740969,Sentence shown,HF_30_A,,,,N/A,N/A,N/A,N/A,N/A,N/A,N/A
254,1770353744979,gap_time,N/A,,,,GapTime_1242,N/A,N/A,N/A,N/A,N/A,N/A
254,1770353746235,Sentence shown,HH_186_P,true,,,N/A,N/A,N/A,N/A,N/A,N/A,N/A
254,1770353750241,gap_time,N/A,true,,,GapTime_1111,N/A,N/A,N/A,N/A,N/A,N/A
254,1770353751366,Sentence shown,HH_137_P,true,,,N/A,N/A,N/A,N/A,N/A,N/A,N/A
254,1770353755378,gap_time,N/A,true,,,GapTime_1223,N/A,N/A,N/A,N/A,N/A,N/A
254,1770353756618,Sentence shown,HF_21_A,,,,N/A,N/A,N/A,N/A,N/A,N/A,N/A
254,1770353758305,Validation Wrong IR pressed,HF_21_A,,,,Spacebar,0,N/A,1687,N/A,N/A,N/A
254,1770353758305,IR pressed,HF_21_A,,,,Spacebar,0,N/A,1687,N/A,N/A,N/A
254,1770353758672,WR pressed,HF_21_A,,,,Yes,N/A,N/A,N/A,367,N/A,N/A
254,1770353758673,gap_time,N/A,,,,GapTime_1014,N/A,N/A,N/A,N/A,N/A,N/A
254,1770353759689,Sentence shown,HH_189_A,true,,,N/A,N/A,N/A,N/A,N/A,N/A,N/A
254,1770353763692,gap_time,N/A,true,,,GapTime_999,N/A,N/A,N/A,N/A,N/A,N/A
254,1770353764703,Sentence shown,LVH_103_A,true,,true,N/A,N/A,N/A,N/A,N/A,N/A,N/A
254,1770353767384,IR pressed,LVH_103_A,true,,true,Spacebar,1,N/A,2681,N/A,N/A,N/A
254,1770353767688,WR pressed,LVH_103_A,true,,true,No,N/A,1,N/A,303,N/A,N/A
254,1770353767688,gap_time,N/A,true,,true,GapTime_868,N/A,N/A,N/A,N/A,N/A,N/A
254,1770353768567,Sentence shown,LVL_123_A,true,,,N/A,N/A,N/A,N/A,N/A,N/A,N/A
254,1770353772571,gap_time,N/A,true,,,GapTime_1134,N/A,N/A,N/A,N/A,N/A,N/A
254,1770353773718,Sentence shown,HF_25_A,,,,N/A,N/A,N/A,N/A,N/A,N/A,N/A
254,1770353776480,Validation Wrong IR pressed,HF_25_A,,,,Spacebar,0,N/A,2762,N/A,N/A,N/A
254,1770353776480,IR pressed,HF_25_A,,,,Spacebar,0,N/A,2762,N/A,N/A,N/A
254,1770353776703,WR pressed,HF_25_A,,,,No,N/A,N/A,N/A,223,N/A,N/A
254,1770353776704,gap_time,N/A,,,,GapTime_1292,N/A,N/A,N/A,N/A,N/A,N/A
254,1770353778010,Sentence shown,LVH_136_A,true,,,N/A,N/A,N/A,N/A,N/A,N/A,N/A
254,1770353782023,gap_time,N/A,true,,,GapTime_956,N/A,N/A,N/A,N/A,N/A,N/A
254,1770353782982,Sentence shown,HH_186_P,true,,true,N/A,N/A,N/A,N/A,N/A,N/A,N/A
254,1770353784640,IR pressed,HH_186_P,true,,true,Spacebar,1,N/A,1658,N/A,N/A,N/A
254,1770353784960,WR pressed,HH_186_P,true,,true,Yes,N/A,1,N/A,320,N/A,N/A
254,1770353784960,gap_time,N/A,true,,true,GapTime_1154,N/A,N/A,N/A,N/A,N/A,N/A
254,1770353786123,Sentence shown,HF_14_A,,,,N/A,N/A,N/A,N/A,N/A,N/A,N/A
254,1770353787920,Validation Wrong IR pressed,HF_14_A,,,,Spacebar,0,N/A,1797,N/A,N/A,N/A
254,1770353787920,IR pressed,HF_14_A,,,,Spacebar,0,N/A,1797,N/A,N/A,N/A
254,1770353788920,WR pressed,HF_14_A,,,,Yes,N/A,N/A,N/A,1000,N/A,N/A
254,1770353788921,gap_time,N/A,,,,GapTime_880,N/A,N/A,N/A,N/A,N/A,N/A
254,1770353789816,Sentence shown,HF_17_A,,,,N/A,N/A,N/A,N/A,N/A,N/A,N/A
254,1770353791583,Validation Wrong IR pressed,HF_17_A,,,,Spacebar,0,N/A,1767,N/A,N/A,N/A
254,1770353791583,IR pressed,HF_17_A,,,,Spacebar,0,N/A,1767,N/A,N/A,N/A
254,1770353791728,WR pressed,HF_17_A,,,,No,N/A,N/A,N/A,145,N/A,N/A
254,1770353791728,gap_time,N/A,,,,GapTime_1232,N/A,N/A,N/A,N/A,N/A,N/A
254,1770353792965,Sentence shown,HH_137_A,true,,true,N/A,N/A,N/A,N/A,N/A,N/A,N/A
254,1770353796979,gap_time,N/A,true,,true,GapTime_1199,N/A,N/A,N/A,N/A,N/A,N/A
254,1770353798186,Sentence shown,HF_17_A,,true,true,N/A,N/A,N/A,N/A,N/A,N/A,N/A
254,1770353801448,Validation IR pressed,HF_17_A,,true,true,Spacebar,1,N/A,3262,N/A,N/A,N/A
254,1770353801448,IR pressed,HF_17_A,,true,true,Spacebar,1,N/A,3262,N/A,N/A,N/A
254,1770353801615,WR pressed,HF_17_A,,true,true,Yes,N/A,N/A,N/A,167,N/A,N/A
254,1770353801616,gap_time,N/A,,true,true,GapTime_1290,N/A,N/A,N/A,N/A,N/A,N/A
254,1770353802918,Sentence shown,HF_11_A,,,,N/A,N/A,N/A,N/A,N/A,N/A,N/A
254,1770353806924,gap_time,N/A,,,,GapTime_989,N/A,N/A,N/A,N/A,N/A,N/A
254,1770353807925,Sentence shown,HF_11_A,,true,true,N/A,N/A,N/A,N/A,N/A,N/A,N/A
254,1770353809576,Validation IR pressed,HF_11_A,,true,true,Spacebar,1,N/A,1651,N/A,N/A,N/A
254,1770353809576,IR pressed,HF_11_A,,true,true,Spacebar,1,N/A,1651,N/A,N/A,N/A
254,1770353809760,WR pressed,HF_11_A,,true,true,Yes,N/A,N/A,N/A,184,N/A,N/A
254,1770353809761,gap_time,N/A,,true,true,GapTime_801,N/A,N/A,N/A,N/A,N/A,N/A
254,1770353810565,Sentence shown,HF_4_A,,,,N/A,N/A,N/A,N/A,N/A,N/A,N/A
254,1770353812190,Validation Wrong IR pressed,HF_4_A,,,,Spacebar,0,N/A,1625,N/A,N/A,N/A
254,1770353812190,IR pressed,HF_4_A,,,,Spacebar,0,N/A,1625,N/A,N/A,N/A
254,1770353812335,WR pressed,HF_4_A,,,,Yes,N/A,N/A,N/A,145,N/A,N/A
254,1770353812336,gap_time,N/A,,,,GapTime_887,N/A,N/A,N/A,N/A,N/A,N/A
254,1770353813224,Sentence shown,HH_189_P,true,,true,N/A,N/A,N/A,N/A,N/A,N/A,N/A
254,1770353817232,gap_time,N/A,true,,true,GapTime_1299,N/A,N/A,N/A,N/A,N/A,N/A
254,1770353818538,Sentence shown,LVL_123_P,true,,true,N/A,N/A,N/A,N/A,N/A,N/A,N/A
254,1770353820320,IR pressed,LVL_123_P,true,,true,Spacebar,1,N/A,1782,N/A,N/A,N/A
254,1770353820455,WR pressed,LVL_123_P,true,,true,Yes,N/A,0,N/A,135,N/A,N/A
254,1770353820456,gap_time,N/A,true,,true,GapTime_846,N/A,N/A,N/A,N/A,N/A,N/A
254,1770353821304,Sentence shown,HF_31_A,,,,N/A,N/A,N/A,N/A,N/A,N/A,N/A
254,1770353823592,Validation Wrong IR pressed,HF_31_A,,,,Spacebar,0,N/A,2288,N/A,N/A,N/A
254,1770353823592,IR pressed,HF_31_A,,,,Spacebar,0,N/A,2288,N/A,N/A,N/A
254,1770353823712,WR pressed,HF_31_A,,,,No,N/A,N/A,N/A,120,N/A,N/A
254,1770353823713,gap_time,N/A,,,,GapTime_793,N/A,N/A,N/A,N/A,N/A,N/A
254,1770353824519,Sentence shown,LVH_136_P,true,,true,N/A,N/A,N/A,N/A,N/A,N/A,N/A
254,1770353826952,IR pressed,LVH_136_P,true,,true,Spacebar,1,N/A,2433,N/A,N/A,N/A
254,1770353827063,WR pressed,LVH_136_P,true,,true,No,N/A,1,N/A,111,N/A,N/A
254,1770353827064,gap_time,N/A,true,,true,GapTime_1205,N/A,N/A,N/A,N/A,N/A,N/A
254,1770353828283,Sentence shown,HF_9_A,,,,N/A,N/A,N/A,N/A,N/A,N/A,N/A
254,1770353831776,Validation Wrong IR pressed,HF_9_A,,,,Spacebar,0,N/A,3493,N/A,N/A,N/A
254,1770353831776,IR pressed,HF_9_A,,,,Spacebar,0,N/A,3493,N/A,N/A,N/A
254,1770353831920,WR pressed,HF_9_A,,,,No,N/A,N/A,N/A,144,N/A,N/A
254,1770353831921,gap_time,N/A,,,,GapTime_733,N/A,N/A,N/A,N/A,N/A,N/A
254,1770353832658,Sentence shown,HF_20_A,,,,N/A,N/A,N/A,N/A,N/A,N/A,N/A
254,1770353836671,gap_time,N/A,,,,GapTime_930,N/A,N/A,N/A,N/A,N/A,N/A
254,1770353837615,Sentence shown,HF_28_A,,,,N/A,N/A,N/A,N/A,N/A,N/A,N/A
254,1770353841622,gap_time,N/A,,,,GapTime_755,N/A,N/A,N/A,N/A,N/A,N/A
254,1770353842384,Sentence shown,HVL_134_A,true,,,N/A,N/A,N/A,N/A,N/A,N/A,N/A
254,1770353844456,Validation Wrong IR pressed,HVL_134_A,true,,,Spacebar,0,N/A,2072,N/A,N/A,N/A
254,1770353844456,IR pressed,HVL_134_A,true,,,Spacebar,0,N/A,2072,N/A,N/A,N/A
254,1770353844568,WR pressed,HVL_134_A,true,,,No,N/A,0,N/A,112,N/A,N/A
254,1770353844568,gap_time,N/A,true,,,GapTime_837,N/A,N/A,N/A,N/A,N/A,N/A
254,1770353845412,Sentence shown,HF_28_A,,true,true,N/A,N/A,N/A,N/A,N/A,N/A,N/A
254,1770353848183,Validation IR pressed,HF_28_A,,true,true,Spacebar,1,N/A,2771,N/A,N/A,N/A
254,1770353848183,IR pressed,HF_28_A,,true,true,Spacebar,1,N/A,2771,N/A,N/A,N/A
254,1770353848351,WR pressed,HF_28_A,,true,true,Yes,N/A,N/A,N/A,168,N/A,N/A
254,1770353848352,gap_time,N/A,,true,true,GapTime_1067,N/A,N/A,N/A,N/A,N/A,N/A
254,1770353849433,Sentence shown,HF_6_A,,,,N/A,N/A,N/A,N/A,N/A,N/A,N/A
254,1770353853446,gap_time,N/A,,,,GapTime_758,N/A,N/A,N/A,N/A,N/A,N/A
254,1770353854222,Sentence shown,HF_12_A,,,,N/A,N/A,N/A,N/A,N/A,N/A,N/A
254,1770353856888,Validation Wrong IR pressed,HF_12_A,,,,Spacebar,0,N/A,2666,N/A,N/A,N/A
254,1770353856888,IR pressed,HF_12_A,,,,Spacebar,0,N/A,2666,N/A,N/A,N/A
254,1770353857800,WR pressed,HF_12_A,,,,No,N/A,N/A,N/A,912,N/A,N/A
254,1770353857801,gap_time,N/A,,,,GapTime_828,N/A,N/A,N/A,N/A,N/A,N/A
254,1770353858634,Sentence shown,LVL_145_P,true,,,N/A,N/A,N/A,N/A,N/A,N/A,N/A
254,1770353862642,gap_time,N/A,true,,,GapTime_1217,N/A,N/A,N/A,N/A,N/A,N/A
254,1770353863866,Sentence shown,HF_12_A,,true,true,N/A,N/A,N/A,N/A,N/A,N/A,N/A
254,1770353865736,Validation IR pressed,HF_12_A,,true,true,Spacebar,1,N/A,1870,N/A,N/A,N/A
254,1770353865736,IR pressed,HF_12_A,,true,true,Spacebar,1,N/A,1870,N/A,N/A,N/A
254,1770353865897,WR pressed,HF_12_A,,true,true,Yes,N/A,N/A,N/A,160,N/A,N/A
254,1770353865897,gap_time,N/A,,true,true,GapTime_1170,N/A,N/A,N/A,N/A,N/A,N/A
254,1770353867081,Sentence shown,HF_10_A,,,,N/A,N/A,N/A,N/A,N/A,N/A,N/A
254,1770353871086,gap_time,N/A,,,,GapTime_1290,N/A,N/A,N/A,N/A,N/A,N/A
254,1770353872392,Sentence shown,HVL_134_A,true,,true,N/A,N/A,N/A,N/A,N/A,N/A,N/A
254,1770353874313,IR pressed,HVL_134_A,true,,true,Spacebar,1,N/A,1921,N/A,N/A,N/A
254,1770353874593,WR pressed,HVL_134_A,true,,true,Yes,N/A,1,N/A,280,N/A,N/A
254,1770353874594,gap_time,N/A,true,,true,GapTime_756,N/A,N/A,N/A,N/A,N/A,N/A
254,1770353875358,Sentence shown,LVL_145_P,true,,true,N/A,N/A,N/A,N/A,N/A,N/A,N/A
254,1770353877104,IR pressed,LVL_145_P,true,,true,Spacebar,1,N/A,1746,N/A,N/A,N/A
254,1770353877272,WR pressed,LVL_145_P,true,,true,Yes,N/A,1,N/A,168,N/A,N/A
254,1770353877272,gap_time,N/A,true,,true,GapTime_909,N/A,N/A,N/A,N/A,N/A,N/A
254,1770353878198,Sentence shown,HF_10_A,,true,true,N/A,N/A,N/A,N/A,N/A,N/A,N/A
254,1770353880400,Validation IR pressed,HF_10_A,,true,true,Spacebar,1,N/A,2202,N/A,N/A,N/A
254,1770353880400,IR pressed,HF_10_A,,true,true,Spacebar,1,N/A,2202,N/A,N/A,N/A
254,1770353881097,WR pressed,HF_10_A,,true,true,Yes,N/A,N/A,N/A,697,N/A,N/A
254,1770353881098,gap_time,N/A,,true,true,GapTime_1208,N/A,N/A,N/A,N/A,N/A,N/A
254,1770353882317,Rest Phase started,N/A,,true,true,Rest,N/A,N/A,N/A,N/A,N/A,N/A
254,1770353892473,Sentence shown,HF_55_A,,,,N/A,N/A,N/A,N/A,N/A,N/A,N/A
254,1770353896475,gap_time,N/A,,,,GapTime_765,N/A,N/A,N/A,N/A,N/A,N/A
254,1770353897253,Sentence shown,HF_34_A,,,,N/A,N/A,N/A,N/A,N/A,N/A,N/A
254,1770353901269,gap_time,N/A,,,,GapTime_979,N/A,N/A,N/A,N/A,N/A,N/A
254,1770353902254,Sentence shown,HF_56_A,,,,N/A,N/A,N/A,N/A,N/A,N/A,N/A
254,1770353906255,gap_time,N/A,,,,GapTime_1229,N/A,N/A,N/A,N/A,N/A,N/A
254,1770353907490,Sentence shown,HF_52_A,,,,N/A,N/A,N/A,N/A,N/A,N/A,N/A
254,1770353911495,gap_time,N/A,,,,GapTime_719,N/A,N/A,N/A,N/A,N/A,N/A
254,1770353912224,Sentence shown,HF_41_A,,,,N/A,N/A,N/A,N/A,N/A,N/A,N/A
254,1770353916237,gap_time,N/A,,,,GapTime_1000,N/A,N/A,N/A,N/A,N/A,N/A
254,1770353917240,Sentence shown,HF_41_A,,true,true,N/A,N/A,N/A,N/A,N/A,N/A,N/A
254,1770353919208,Validation IR pressed,HF_41_A,,true,true,Spacebar,1,N/A,1968,N/A,N/A,N/A
254,1770353919208,IR pressed,HF_41_A,,true,true,Spacebar,1,N/A,1968,N/A,N/A,N/A
254,1770353919487,WR pressed,HF_41_A,,true,true,Yes,N/A,N/A,N/A,279,N/A,N/A
254,1770353919488,gap_time,N/A,,true,true,GapTime_1275,N/A,N/A,N/A,N/A,N/A,N/A
254,1770353920776,Sentence shown,HF_56_A,,true,true,N/A,N/A,N/A,N/A,N/A,N/A,N/A
254,1770353924256,Validation IR pressed,HF_56_A,,true,true,Spacebar,1,N/A,3480,N/A,N/A,N/A
254,1770353924256,IR pressed,HF_56_A,,true,true,Spacebar,1,N/A,3480,N/A,N/A,N/A
254,1770353924512,WR pressed,HF_56_A,,true,true,No,N/A,N/A,N/A,256,N/A,N/A
254,1770353924513,gap_time,N/A,,true,true,GapTime_866,N/A,N/A,N/A,N/A,N/A,N/A
254,1770353925388,Sentence shown,HF_45_A,,,,N/A,N/A,N/A,N/A,N/A,N/A,N/A
254,1770353929400,gap_time,N/A,,,,GapTime_1128,N/A,N/A,N/A,N/A,N/A,N/A
254,1770353930541,Sentence shown,HF_42_A,,,,N/A,N/A,N/A,N/A,N/A,N/A,N/A
254,1770353934542,gap_time,N/A,,,,GapTime_896,N/A,N/A,N/A,N/A,N/A,N/A
254,1770353935445,Sentence shown,LVH_152_A,true,,,N/A,N/A,N/A,N/A,N/A,N/A,N/A
254,1770353939447,gap_time,N/A,true,,,GapTime_956,N/A,N/A,N/A,N/A,N/A,N/A
254,1770353940419,Sentence shown,HF_58_A,,,,N/A,N/A,N/A,N/A,N/A,N/A,N/A
254,1770353944425,gap_time,N/A,,,,GapTime_789,N/A,N/A,N/A,N/A,N/A,N/A
254,1770353945225,Sentence shown,HF_42_A,,true,true,N/A,N/A,N/A,N/A,N/A,N/A,N/A
254,1770353946368,Validation IR pressed,HF_42_A,,true,true,Spacebar,1,N/A,1143,N/A,N/A,N/A
254,1770353946368,IR pressed,HF_42_A,,true,true,Spacebar,1,N/A,1143,N/A,N/A,N/A
254,1770353947064,WR pressed,HF_42_A,,true,true,Yes,N/A,N/A,N/A,696,N/A,N/A
254,1770353947065,gap_time,N/A,,true,true,GapTime_1291,N/A,N/A,N/A,N/A,N/A,N/A
254,1770353948362,Sentence shown,HF_51_A,,,,N/A,N/A,N/A,N/A,N/A,N/A,N/A
254,1770353952376,gap_time,N/A,,,,GapTime_1125,N/A,N/A,N/A,N/A,N/A,N/A
254,1770353953515,Sentence shown,HF_58_A,,true,true,N/A,N/A,N/A,N/A,N/A,N/A,N/A
254,1770353954440,Validation IR pressed,HF_58_A,,true,true,Spacebar,1,N/A,925,N/A,N/A,N/A
254,1770353954440,IR pressed,HF_58_A,,true,true,Spacebar,1,N/A,925,N/A,N/A,N/A
254,1770353954672,WR pressed,HF_58_A,,true,true,Yes,N/A,N/A,N/A,232,N/A,N/A
254,1770353954673,gap_time,N/A,,true,true,GapTime_1138,N/A,N/A,N/A,N/A,N/A,N/A
254,1770353955824,Sentence shown,HF_51_A,,true,true,N/A,N/A,N/A,N/A,N/A,N/A,N/A
254,1770353956864,Validation IR pressed,HF_51_A,,true,true,Spacebar,1,N/A,1040,N/A,N/A,N/A
254,1770353956864,IR pressed,HF_51_A,,true,true,Spacebar,1,N/A,1040,N/A,N/A,N/A
254,1770353957016,WR pressed,HF_51_A,,true,true,Yes,N/A,N/A,N/A,152,N/A,N/A
254,1770353957016,gap_time,N/A,,true,true,GapTime_1292,N/A,N/A,N/A,N/A,N/A,N/A
254,1770353958324,Sentence shown,HF_61_A,,,,N/A,N/A,N/A,N/A,N/A,N/A,N/A
254,1770353962336,gap_time,N/A,,,,GapTime_700,N/A,N/A,N/A,N/A,N/A,N/A
254,1770353963044,Sentence shown,LVL_140_A,true,,,N/A,N/A,N/A,N/A,N/A,N/A,N/A
254,1770353967045,gap_time,N/A,true,,,GapTime_918,N/A,N/A,N/A,N/A,N/A,N/A
254,1770353967981,Sentence shown,HF_53_A,,,,N/A,N/A,N/A,N/A,N/A,N/A,N/A
254,1770353969505,Validation Wrong IR pressed,HF_53_A,,,,Spacebar,0,N/A,1524,N/A,N/A,N/A
254,1770353969505,IR pressed,HF_53_A,,,,Spacebar,0,N/A,1524,N/A,N/A,N/A
254,1770353970504,WR pressed,HF_53_A,,,,No,N/A,N/A,N/A,999,N/A,N/A
254,1770353970505,gap_time,N/A,,,,GapTime_1083,N/A,N/A,N/A,N/A,N/A,N/A
254,1770353971602,Sentence shown,LVH_134_P,true,,,N/A,N/A,N/A,N/A,N/A,N/A,N/A
254,1770353975617,gap_time,N/A,true,,,GapTime_896,N/A,N/A,N/A,N/A,N/A,N/A
254,1770353976521,Sentence shown,HH_178_P,true,,,N/A,N/A,N/A,N/A,N/A,N/A,N/A
254,1770353980535,gap_time,N/A,true,,,GapTime_967,N/A,N/A,N/A,N/A,N/A,N/A
254,1770353981515,Sentence shown,LVH_152_A,true,,true,N/A,N/A,N/A,N/A,N/A,N/A,N/A
254,1770353985516,gap_time,N/A,true,,true,GapTime_1057,N/A,N/A,N/A,N/A,N/A,N/A
254,1770353986574,Sentence shown,HF_35_A,,,,N/A,N/A,N/A,N/A,N/A,N/A,N/A
254,1770353990586,gap_time,N/A,,,,GapTime_755,N/A,N/A,N/A,N/A,N/A,N/A
254,1770353991348,Sentence shown,HF_44_A,,,,N/A,N/A,N/A,N/A,N/A,N/A,N/A
254,1770353995354,gap_time,N/A,,,,GapTime_1131,N/A,N/A,N/A,N/A,N/A,N/A
254,1770353996492,Sentence shown,LVH_101_A,true,,,N/A,N/A,N/A,N/A,N/A,N/A,N/A
254,1770354000508,gap_time,N/A,true,,,GapTime_1002,N/A,N/A,N/A,N/A,N/A,N/A
254,1770354001514,Sentence shown,HF_46_A,,,,N/A,N/A,N/A,N/A,N/A,N/A,N/A
254,1770354005526,gap_time,N/A,,,,GapTime_1146,N/A,N/A,N/A,N/A,N/A,N/A
254,1770354006685,Sentence shown,LVH_134_A,true,,true,N/A,N/A,N/A,N/A,N/A,N/A,N/A
254,1770354010686,gap_time,N/A,true,,true,GapTime_809,N/A,N/A,N/A,N/A,N/A,N/A
254,1770354011503,Sentence shown,LVL_140_A,true,,true,N/A,N/A,N/A,N/A,N/A,N/A,N/A
254,1770354015514,gap_time,N/A,true,,true,GapTime_812,N/A,N/A,N/A,N/A,N/A,N/A
254,1770354016339,Sentence shown,HF_39_A,,,,N/A,N/A,N/A,N/A,N/A,N/A,N/A
254,1770354018240,Validation Wrong IR pressed,HF_39_A,,,,Spacebar,0,N/A,1901,N/A,N/A,N/A
254,1770354018240,IR pressed,HF_39_A,,,,Spacebar,0,N/A,1901,N/A,N/A,N/A
254,1770354018448,WR pressed,HF_39_A,,,,No,N/A,N/A,N/A,208,N/A,N/A
254,1770354018449,gap_time,N/A,,,,GapTime_881,N/A,N/A,N/A,N/A,N/A,N/A
254,1770354019335,Sentence shown,LVL_110_P,true,,,N/A,N/A,N/A,N/A,N/A,N/A,N/A
254,1770354023340,gap_time,N/A,true,,,GapTime_869,N/A,N/A,N/A,N/A,N/A,N/A
254,1770354024213,Sentence shown,HH_178_P,true,,true,N/A,N/A,N/A,N/A,N/A,N/A,N/A
254,1770354025999,IR pressed,HH_178_P,true,,true,Spacebar,1,N/A,1786,N/A,N/A,N/A
254,1770354026296,WR pressed,HH_178_P,true,,true,Yes,N/A,1,N/A,297,N/A,N/A
254,1770354026296,gap_time,N/A,true,,true,GapTime_1161,N/A,N/A,N/A,N/A,N/A,N/A
254,1770354027461,Sentence shown,HF_48_A,,,,N/A,N/A,N/A,N/A,N/A,N/A,N/A
254,1770354029792,Validation Wrong IR pressed,HF_48_A,,,,Spacebar,0,N/A,2331,N/A,N/A,N/A
254,1770354029792,IR pressed,HF_48_A,,,,Spacebar,0,N/A,2331,N/A,N/A,N/A
254,1770354029959,WR pressed,HF_48_A,,,,No,N/A,N/A,N/A,167,N/A,N/A
254,1770354029960,gap_time,N/A,,,,GapTime_1188,N/A,N/A,N/A,N/A,N/A,N/A
254,1770354031159,Sentence shown,LVL_100_A,true,,,N/A,N/A,N/A,N/A,N/A,N/A,N/A
254,1770354035163,gap_time,N/A,true,,,GapTime_796,N/A,N/A,N/A,N/A,N/A,N/A
254,1770354035971,Sentence shown,LVH_101_P,true,,true,N/A,N/A,N/A,N/A,N/A,N/A,N/A
254,1770354037486,IR pressed,LVH_101_P,true,,true,Spacebar,1,N/A,1515,N/A,N/A,N/A
254,1770354038064,WR pressed,LVH_101_P,true,,true,Yes,N/A,0,N/A,578,N/A,N/A
254,1770354038064,gap_time,N/A,true,,true,GapTime_1023,N/A,N/A,N/A,N/A,N/A,N/A
254,1770354039094,Sentence shown,HF_62_A,,,,N/A,N/A,N/A,N/A,N/A,N/A,N/A
254,1770354041718,Validation Wrong IR pressed,HF_62_A,,,,Spacebar,0,N/A,2624,N/A,N/A,N/A
254,1770354041718,IR pressed,HF_62_A,,,,Spacebar,0,N/A,2624,N/A,N/A,N/A
254,1770354042408,WR pressed,HF_62_A,,,,Yes,N/A,N/A,N/A,690,N/A,N/A
254,1770354042408,gap_time,N/A,,,,GapTime_985,N/A,N/A,N/A,N/A,N/A,N/A
254,1770354043398,Sentence shown,HVL_139_P,true,,,N/A,N/A,N/A,N/A,N/A,N/A,N/A
254,1770354047405,gap_time,N/A,true,,,GapTime_1274,N/A,N/A,N/A,N/A,N/A,N/A
254,1770354048685,Sentence shown,HF_49_A,,,,N/A,N/A,N/A,N/A,N/A,N/A,N/A
254,1770354052695,gap_time,N/A,,,,GapTime_1057,N/A,N/A,N/A,N/A,N/A,N/A
254,1770354053764,Sentence shown,LVL_110_P,true,,true,N/A,N/A,N/A,N/A,N/A,N/A,N/A
254,1770354056864,IR pressed,LVL_110_P,true,,true,Spacebar,1,N/A,3100,N/A,N/A,N/A
254,1770354057320,WR pressed,LVL_110_P,true,,true,Yes,N/A,1,N/A,456,N/A,N/A
254,1770354057320,gap_time,N/A,true,,true,GapTime_891,N/A,N/A,N/A,N/A,N/A,N/A
254,1770354058213,Sentence shown,HF_47_A,,,,N/A,N/A,N/A,N/A,N/A,N/A,N/A
254,1770354062225,gap_time,N/A,,,,GapTime_1029,N/A,N/A,N/A,N/A,N/A,N/A
254,1770354063272,Sentence shown,HVL_128_A,true,,,N/A,N/A,N/A,N/A,N/A,N/A,N/A
254,1770354067273,gap_time,N/A,true,,,GapTime_973,N/A,N/A,N/A,N/A,N/A,N/A
254,1770354068252,Sentence shown,LVL_100_P,true,,true,N/A,N/A,N/A,N/A,N/A,N/A,N/A
254,1770354069856,IR pressed,LVL_100_P,true,,true,Spacebar,1,N/A,1604,N/A,N/A,N/A
254,1770354070351,WR pressed,LVL_100_P,true,,true,No,N/A,1,N/A,495,N/A,N/A
254,1770354070352,gap_time,N/A,true,,true,GapTime_868,N/A,N/A,N/A,N/A,N/A,N/A
254,1770354071233,Sentence shown,HH_142_A,true,,,N/A,N/A,N/A,N/A,N/A,N/A,N/A
254,1770354075243,gap_time,N/A,true,,,GapTime_1065,N/A,N/A,N/A,N/A,N/A,N/A
254,1770354076325,Sentence shown,HF_37_A,,,,N/A,N/A,N/A,N/A,N/A,N/A,N/A
254,1770354080336,gap_time,N/A,,,,GapTime_1125,N/A,N/A,N/A,N/A,N/A,N/A
254,1770354081467,Sentence shown,HF_57_A,,,,N/A,N/A,N/A,N/A,N/A,N/A,N/A
254,1770354083582,Validation Wrong IR pressed,HF_57_A,,,,Spacebar,0,N/A,2115,N/A,N/A,N/A
254,1770354083582,IR pressed,HF_57_A,,,,Spacebar,0,N/A,2115,N/A,N/A,N/A
254,1770354083809,WR pressed,HF_57_A,,,,No,N/A,N/A,N/A,227,N/A,N/A
254,1770354083809,gap_time,N/A,,,,GapTime_943,N/A,N/A,N/A,N/A,N/A,N/A
254,1770354084754,Sentence shown,HF_60_A,,,,N/A,N/A,N/A,N/A,N/A,N/A,N/A
254,1770354088763,gap_time,N/A,,,,GapTime_1122,N/A,N/A,N/A,N/A,N/A,N/A
254,1770354089892,Sentence shown,HF_57_A,,true,true,N/A,N/A,N/A,N/A,N/A,N/A,N/A
254,1770354091967,Validation IR pressed,HF_57_A,,true,true,Spacebar,1,N/A,2075,N/A,N/A,N/A
254,1770354091967,IR pressed,HF_57_A,,true,true,Spacebar,1,N/A,2075,N/A,N/A,N/A
254,1770354093168,WR pressed,HF_57_A,,true,true,Yes,N/A,N/A,N/A,1201,N/A,N/A
254,1770354093168,gap_time,N/A,,true,true,GapTime_700,N/A,N/A,N/A,N/A,N/A,N/A
254,1770354093871,Sentence shown,HVL_139_A,true,,true,N/A,N/A,N/A,N/A,N/A,N/A,N/A
254,1770354095769,IR pressed,HVL_139_A,true,,true,Spacebar,1,N/A,1898,N/A,N/A,N/A
254,1770354096040,WR pressed,HVL_139_A,true,,true,No,N/A,1,N/A,271,N/A,N/A
254,1770354096040,gap_time,N/A,true,,true,GapTime_1096,N/A,N/A,N/A,N/A,N/A,N/A
254,1770354097151,Sentence shown,HF_40_A,,,,N/A,N/A,N/A,N/A,N/A,N/A,N/A
254,1770354098504,Validation Wrong IR pressed,HF_40_A,,,,Spacebar,0,N/A,1353,N/A,N/A,N/A
254,1770354098504,IR pressed,HF_40_A,,,,Spacebar,0,N/A,1353,N/A,N/A,N/A
254,1770354098631,WR pressed,HF_40_A,,,,No,N/A,N/A,N/A,127,N/A,N/A
254,1770354098632,gap_time,N/A,,,,GapTime_1019,N/A,N/A,N/A,N/A,N/A,N/A
254,1770354099653,Sentence shown,HVL_128_A,true,,true,N/A,N/A,N/A,N/A,N/A,N/A,N/A
254,1770354101889,IR pressed,HVL_128_A,true,,true,Spacebar,1,N/A,2236,N/A,N/A,N/A
254,1770354102096,WR pressed,HVL_128_A,true,,true,Yes,N/A,1,N/A,207,N/A,N/A
254,1770354102097,gap_time,N/A,true,,true,GapTime_848,N/A,N/A,N/A,N/A,N/A,N/A
254,1770354102955,Sentence shown,HF_54_A,,,,N/A,N/A,N/A,N/A,N/A,N/A,N/A
254,1770354105216,Validation Wrong IR pressed,HF_54_A,,,,Spacebar,0,N/A,2261,N/A,N/A,N/A
254,1770354105216,IR pressed,HF_54_A,,,,Spacebar,0,N/A,2261,N/A,N/A,N/A
254,1770354105400,WR pressed,HF_54_A,,,,No,N/A,N/A,N/A,184,N/A,N/A
254,1770354105400,gap_time,N/A,,,,GapTime_1006,N/A,N/A,N/A,N/A,N/A,N/A
254,1770354106414,Sentence shown,HF_54_A,,true,true,N/A,N/A,N/A,N/A,N/A,N/A,N/A
254,1770354107816,Validation IR pressed,HF_54_A,,true,true,Spacebar,1,N/A,1402,N/A,N/A,N/A
254,1770354107816,IR pressed,HF_54_A,,true,true,Spacebar,1,N/A,1402,N/A,N/A,N/A
254,1770354108009,WR pressed,HF_54_A,,true,true,No,N/A,N/A,N/A,193,N/A,N/A
254,1770354108010,gap_time,N/A,,true,true,GapTime_1150,N/A,N/A,N/A,N/A,N/A,N/A
254,1770354109170,Sentence shown,HF_36_A,,,,N/A,N/A,N/A,N/A,N/A,N/A,N/A
254,1770354111288,Validation Wrong IR pressed,HF_36_A,,,,Spacebar,0,N/A,2118,N/A,N/A,N/A
254,1770354111288,IR pressed,HF_36_A,,,,Spacebar,0,N/A,2118,N/A,N/A,N/A
254,1770354111408,WR pressed,HF_36_A,,,,No,N/A,N/A,N/A,120,N/A,N/A
254,1770354111409,gap_time,N/A,,,,GapTime_992,N/A,N/A,N/A,N/A,N/A,N/A
254,1770354112407,Sentence shown,HF_59_A,,,,N/A,N/A,N/A,N/A,N/A,N/A,N/A
254,1770354114472,Validation Wrong IR pressed,HF_59_A,,,,Spacebar,0,N/A,2065,N/A,N/A,N/A
254,1770354114472,IR pressed,HF_59_A,,,,Spacebar,0,N/A,2065,N/A,N/A,N/A
254,1770354114576,WR pressed,HF_59_A,,,,No,N/A,N/A,N/A,104,N/A,N/A
254,1770354114576,gap_time,N/A,,,,GapTime_1253,N/A,N/A,N/A,N/A,N/A,N/A
254,1770354115831,Sentence shown,HH_142_A,true,,true,N/A,N/A,N/A,N/A,N/A,N/A,N/A
254,1770354117319,IR pressed,HH_142_A,true,,true,Spacebar,1,N/A,1488,N/A,N/A,N/A
254,1770354117400,WR pressed,HH_142_A,true,,true,No,N/A,0,N/A,81,N/A,N/A
254,1770354117400,gap_time,N/A,true,,true,GapTime_709,N/A,N/A,N/A,N/A,N/A,N/A
254,1770354118114,Sentence shown,HVL_122_A,true,,,N/A,N/A,N/A,N/A,N/A,N/A,N/A
254,1770354122117,gap_time,N/A,true,,,GapTime_962,N/A,N/A,N/A,N/A,N/A,N/A
254,1770354123082,Sentence shown,HF_59_A,,true,true,N/A,N/A,N/A,N/A,N/A,N/A,N/A
254,1770354126311,Validation IR pressed,HF_59_A,,true,true,Spacebar,1,N/A,3229,N/A,N/A,N/A
254,1770354126311,IR pressed,HF_59_A,,true,true,Spacebar,1,N/A,3229,N/A,N/A,N/A
254,1770354126432,WR pressed,HF_59_A,,true,true,No,N/A,N/A,N/A,121,N/A,N/A
254,1770354126432,gap_time,N/A,,true,true,GapTime_1173,N/A,N/A,N/A,N/A,N/A,N/A
254,1770354127621,Sentence shown,HF_38_A,,,,N/A,N/A,N/A,N/A,N/A,N/A,N/A
254,1770354130097,Validation Wrong IR pressed,HF_38_A,,,,Spacebar,0,N/A,2475,N/A,N/A,N/A
254,1770354130097,IR pressed,HF_38_A,,,,Spacebar,0,N/A,2475,N/A,N/A,N/A
254,1770354130207,WR pressed,HF_38_A,,,,No,N/A,N/A,N/A,110,N/A,N/A
254,1770354130208,gap_time,N/A,,,,GapTime_780,N/A,N/A,N/A,N/A,N/A,N/A
254,1770354130999,Sentence shown,HF_65_A,,,,N/A,N/A,N/A,N/A,N/A,N/A,N/A
254,1770354135009,gap_time,N/A,,,,GapTime_762,N/A,N/A,N/A,N/A,N/A,N/A
254,1770354135778,Sentence shown,LVL_120_P,true,,,N/A,N/A,N/A,N/A,N/A,N/A,N/A
254,1770354139783,gap_time,N/A,true,,,GapTime_1050,N/A,N/A,N/A,N/A,N/A,N/A
254,1770354140847,Sentence shown,HVL_122_P,true,,true,N/A,N/A,N/A,N/A,N/A,N/A,N/A
254,1770354143216,IR pressed,HVL_122_P,true,,true,Spacebar,1,N/A,2369,N/A,N/A,N/A
254,1770354143800,WR pressed,HVL_122_P,true,,true,No,N/A,1,N/A,584,N/A,N/A
254,1770354143801,gap_time,N/A,true,,true,GapTime_708,N/A,N/A,N/A,N/A,N/A,N/A
254,1770354144524,Sentence shown,LVH_156_P,true,,,N/A,N/A,N/A,N/A,N/A,N/A,N/A
254,1770354148530,gap_time,N/A,true,,,GapTime_1116,N/A,N/A,N/A,N/A,N/A,N/A
254,1770354149650,Sentence shown,HVL_117_P,true,,,N/A,N/A,N/A,N/A,N/A,N/A,N/A
254,1770354153651,gap_time,N/A,true,,,GapTime_815,N/A,N/A,N/A,N/A,N/A,N/A
254,1770354154477,Sentence shown,HF_50_A,,,,N/A,N/A,N/A,N/A,N/A,N/A,N/A
254,1770354158487,gap_time,N/A,,,,GapTime_937,N/A,N/A,N/A,N/A,N/A,N/A
254,1770354159434,Sentence shown,HH_169_P,true,,,N/A,N/A,N/A,N/A,N/A,N/A,N/A
254,1770354163448,gap_time,N/A,true,,,GapTime_1227,N/A,N/A,N/A,N/A,N/A,N/A
254,1770354164684,Sentence shown,HF_50_A,,true,true,N/A,N/A,N/A,N/A,N/A,N/A,N/A
254,1770354166230,Validation IR pressed,HF_50_A,,true,true,Spacebar,1,N/A,1546,N/A,N/A,N/A
254,1770354166230,IR pressed,HF_50_A,,true,true,Spacebar,1,N/A,1546,N/A,N/A,N/A
254,1770354166456,WR pressed,HF_50_A,,true,true,No,N/A,N/A,N/A,226,N/A,N/A
254,1770354166456,gap_time,N/A,,true,true,GapTime_1135,N/A,N/A,N/A,N/A,N/A,N/A
254,1770354167602,Sentence shown,HH_138_A,true,,,N/A,N/A,N/A,N/A,N/A,N/A,N/A
254,1770354171605,gap_time,N/A,true,,,GapTime_1111,N/A,N/A,N/A,N/A,N/A,N/A
254,1770354172731,Sentence shown,HF_64_A,,,,N/A,N/A,N/A,N/A,N/A,N/A,N/A
254,1770354174944,Validation Wrong IR pressed,HF_64_A,,,,Spacebar,0,N/A,2213,N/A,N/A,N/A
254,1770354174944,IR pressed,HF_64_A,,,,Spacebar,0,N/A,2213,N/A,N/A,N/A
254,1770354175087,WR pressed,HF_64_A,,,,Yes,N/A,N/A,N/A,143,N/A,N/A
254,1770354175088,gap_time,N/A,,,,GapTime_1057,N/A,N/A,N/A,N/A,N/A,N/A
254,1770354176160,Sentence shown,LVL_120_A,true,,true,N/A,N/A,N/A,N/A,N/A,N/A,N/A
254,1770354178072,IR pressed,LVL_120_A,true,,true,Spacebar,1,N/A,1912,N/A,N/A,N/A
254,1770354178255,WR pressed,LVL_120_A,true,,true,No,N/A,1,N/A,183,N/A,N/A
254,1770354178255,gap_time,N/A,true,,true,GapTime_1018,N/A,N/A,N/A,N/A,N/A,N/A
254,1770354179280,Sentence shown,HF_64_A,,true,true,N/A,N/A,N/A,N/A,N/A,N/A,N/A
254,1770354181087,Validation IR pressed,HF_64_A,,true,true,Spacebar,1,N/A,1807,N/A,N/A,N/A
254,1770354181087,IR pressed,HF_64_A,,true,true,Spacebar,1,N/A,1807,N/A,N/A,N/A
254,1770354181879,WR pressed,HF_64_A,,true,true,Yes,N/A,N/A,N/A,792,N/A,N/A
254,1770354181880,gap_time,N/A,,true,true,GapTime_1124,N/A,N/A,N/A,N/A,N/A,N/A
254,1770354183005,Sentence shown,HF_43_A,,,,N/A,N/A,N/A,N/A,N/A,N/A,N/A
254,1770354184888,Validation Wrong IR pressed,HF_43_A,,,,Spacebar,0,N/A,1883,N/A,N/A,N/A
254,1770354184888,IR pressed,HF_43_A,,,,Spacebar,0,N/A,1883,N/A,N/A,N/A
254,1770354185023,WR pressed,HF_43_A,,,,No,N/A,N/A,N/A,135,N/A,N/A
254,1770354185024,gap_time,N/A,,,,GapTime_848,N/A,N/A,N/A,N/A,N/A,N/A
254,1770354185880,Sentence shown,HF_63_A,,,,N/A,N/A,N/A,N/A,N/A,N/A,N/A
254,1770354189885,gap_time,N/A,,,,GapTime_888,N/A,N/A,N/A,N/A,N/A,N/A
254,1770354190787,Sentence shown,LVH_156_P,true,,true,N/A,N/A,N/A,N/A,N/A,N/A,N/A
254,1770354194794,gap_time,N/A,true,,true,GapTime_1030,N/A,N/A,N/A,N/A,N/A,N/A
254,1770354195827,Sentence shown,HVL_117_P,true,,true,N/A,N/A,N/A,N/A,N/A,N/A,N/A
254,1770354197752,IR pressed,HVL_117_P,true,,true,Spacebar,1,N/A,1925,N/A,N/A,N/A
254,1770354197911,WR pressed,HVL_117_P,true,,true,No,N/A,0,N/A,159,N/A,N/A
254,1770354197911,gap_time,N/A,true,,true,GapTime_974,N/A,N/A,N/A,N/A,N/A,N/A
254,1770354198894,Sentence shown,HH_169_A,true,,true,N/A,N/A,N/A,N/A,N/A,N/A,N/A
254,1770354202901,gap_time,N/A,true,,true,GapTime_937,N/A,N/A,N/A,N/A,N/A,N/A
254,1770354203843,Sentence shown,HH_138_P,true,,true,N/A,N/A,N/A,N/A,N/A,N/A,N/A
254,1770354206192,IR pressed,HH_138_P,true,,true,Spacebar,1,N/A,2349,N/A,N/A,N/A
254,1770354206288,WR pressed,HH_138_P,true,,true,No,N/A,1,N/A,96,N/A,N/A
254,1770354206289,gap_time,N/A,true,,true,GapTime_1123,N/A,N/A,N/A,N/A,N/A,N/A
254,1770354207415,Rest Phase started,N/A,true,,true,Rest,N/A,N/A,N/A,N/A,N/A,N/A
254,1770354213400,Sentence shown,HF_66_A,,,,N/A,N/A,N/A,N/A,N/A,N/A,N/A
254,1770354217404,gap_time,N/A,,,,GapTime_768,N/A,N/A,N/A,N/A,N/A,N/A
254,1770354218185,Sentence shown,HF_67_A,,,,N/A,N/A,N/A,N/A,N/A,N/A,N/A
254,1770354222187,gap_time,N/A,,,,GapTime_1207,N/A,N/A,N/A,N/A,N/A,N/A
254,1770354223396,Sentence shown,HF_78_A,,,,N/A,N/A,N/A,N/A,N/A,N/A,N/A
254,1770354227409,gap_time,N/A,,,,GapTime_978,N/A,N/A,N/A,N/A,N/A,N/A
254,1770354228402,Sentence shown,HF_77_A,,,,N/A,N/A,N/A,N/A,N/A,N/A,N/A
254,1770354232417,gap_time,N/A,,,,GapTime_1097,N/A,N/A,N/A,N/A,N/A,N/A
254,1770354233522,Sentence shown,HF_67_A,,true,true,N/A,N/A,N/A,N/A,N/A,N/A,N/A
254,1770354236000,Validation IR pressed,HF_67_A,,true,true,Spacebar,1,N/A,2478,N/A,N/A,N/A
254,1770354236000,IR pressed,HF_67_A,,true,true,Spacebar,1,N/A,2478,N/A,N/A,N/A
254,1770354237527,WR pressed,HF_67_A,,true,true,Yes,N/A,N/A,N/A,1527,N/A,N/A
254,1770354237528,gap_time,N/A,,true,true,GapTime_1015,N/A,N/A,N/A,N/A,N/A,N/A
254,1770354238555,Sentence shown,LVL_101_P,true,,,N/A,N/A,N/A,N/A,N/A,N/A,N/A
254,1770354242557,gap_time,N/A,true,,,GapTime_871,N/A,N/A,N/A,N/A,N/A,N/A
254,1770354243440,Sentence shown,HF_77_A,,true,true,N/A,N/A,N/A,N/A,N/A,N/A,N/A
254,1770354245751,Validation IR pressed,HF_77_A,,true,true,Spacebar,1,N/A,2311,N/A,N/A,N/A
254,1770354245751,IR pressed,HF_77_A,,true,true,Spacebar,1,N/A,2311,N/A,N/A,N/A
254,1770354246160,WR pressed,HF_77_A,,true,true,Yes,N/A,N/A,N/A,408,N/A,N/A
254,1770354246161,gap_time,N/A,,true,true,GapTime_1173,N/A,N/A,N/A,N/A,N/A,N/A
254,1770354247341,Sentence shown,HF_74_A,,,,N/A,N/A,N/A,N/A,N/A,N/A,N/A
254,1770354251347,gap_time,N/A,,,,GapTime_1288,N/A,N/A,N/A,N/A,N/A,N/A
254,1770354252649,Sentence shown,LVL_111_A,true,,,N/A,N/A,N/A,N/A,N/A,N/A,N/A
254,1770354256652,gap_time,N/A,true,,,GapTime_861,N/A,N/A,N/A,N/A,N/A,N/A
254,1770354257525,Sentence shown,HF_75_A,,,,N/A,N/A,N/A,N/A,N/A,N/A,N/A
254,1770354261535,gap_time,N/A,,,,GapTime_721,N/A,N/A,N/A,N/A,N/A,N/A
254,1770354262263,Sentence shown,HF_94_A,,,,N/A,N/A,N/A,N/A,N/A,N/A,N/A
254,1770354266265,gap_time,N/A,,,,GapTime_1286,N/A,N/A,N/A,N/A,N/A,N/A
254,1770354267552,Sentence shown,HF_92_A,,,,N/A,N/A,N/A,N/A,N/A,N/A,N/A
254,1770354271562,gap_time,N/A,,,,GapTime_874,N/A,N/A,N/A,N/A,N/A,N/A
254,1770354272448,Sentence shown,HF_96_A,,,,N/A,N/A,N/A,N/A,N/A,N/A,N/A
254,1770354276452,gap_time,N/A,,,,GapTime_877,N/A,N/A,N/A,N/A,N/A,N/A
254,1770354277342,Sentence shown,LVL_111_P,true,,true,N/A,N/A,N/A,N/A,N/A,N/A,N/A
254,1770354281352,gap_time,N/A,true,,true,GapTime_1290,N/A,N/A,N/A,N/A,N/A,N/A
254,1770354282655,Sentence shown,HF_79_A,,,,N/A,N/A,N/A,N/A,N/A,N/A,N/A
254,1770354286660,gap_time,N/A,,,,GapTime_867,N/A,N/A,N/A,N/A,N/A,N/A
254,1770354287529,Sentence shown,LVL_101_P,true,,true,N/A,N/A,N/A,N/A,N/A,N/A,N/A
254,1770354291072,IR pressed,LVL_101_P,true,,true,Spacebar,1,N/A,3543,N/A,N/A,N/A
254,1770354291544,WR pressed,LVL_101_P,true,,true,No,N/A,0,N/A,472,N/A,N/A
254,1770354291544,gap_time,N/A,true,,true,GapTime_844,N/A,N/A,N/A,N/A,N/A,N/A
254,1770354292393,Sentence shown,HF_82_A,,,,N/A,N/A,N/A,N/A,N/A,N/A,N/A
254,1770354296405,gap_time,N/A,,,,GapTime_898,N/A,N/A,N/A,N/A,N/A,N/A
254,1770354297309,Sentence shown,HF_82_A,,true,true,N/A,N/A,N/A,N/A,N/A,N/A,N/A
254,1770354299360,Validation IR pressed,HF_82_A,,true,true,Spacebar,1,N/A,2051,N/A,N/A,N/A
254,1770354299360,IR pressed,HF_82_A,,true,true,Spacebar,1,N/A,2051,N/A,N/A,N/A
254,1770354300239,WR pressed,HF_82_A,,true,true,Yes,N/A,N/A,N/A,879,N/A,N/A
254,1770354300240,gap_time,N/A,,true,true,GapTime_1009,N/A,N/A,N/A,N/A,N/A,N/A
254,1770354301265,Sentence shown,HVL_109_A,true,,,N/A,N/A,N/A,N/A,N/A,N/A,N/A
254,1770354304168,Validation Wrong IR pressed,HVL_109_A,true,,,Spacebar,0,N/A,2903,N/A,N/A,N/A
254,1770354304168,IR pressed,HVL_109_A,true,,,Spacebar,0,N/A,2903,N/A,N/A,N/A
254,1770354304519,WR pressed,HVL_109_A,true,,,No,N/A,0,N/A,351,N/A,N/A
254,1770354304519,gap_time,N/A,true,,,GapTime_906,N/A,N/A,N/A,N/A,N/A,N/A
254,1770354305431,Sentence shown,HH_171_P,true,,,N/A,N/A,N/A,N/A,N/A,N/A,N/A
254,1770354309444,gap_time,N/A,true,,,GapTime_1279,N/A,N/A,N/A,N/A,N/A,N/A
254,1770354310729,Sentence shown,LVH_107_P,true,,,N/A,N/A,N/A,N/A,N/A,N/A,N/A
254,1770354314737,gap_time,N/A,true,,,GapTime_1154,N/A,N/A,N/A,N/A,N/A,N/A
254,1770354315897,Sentence shown,HF_85_A,,,,N/A,N/A,N/A,N/A,N/A,N/A,N/A
254,1770354319906,gap_time,N/A,,,,GapTime_943,N/A,N/A,N/A,N/A,N/A,N/A
254,1770354320866,Sentence shown,HF_70_A,,,,N/A,N/A,N/A,N/A,N/A,N/A,N/A
254,1770354324878,gap_time,N/A,,,,GapTime_989,N/A,N/A,N/A,N/A,N/A,N/A
254,1770354325874,Sentence shown,HF_70_A,,true,true,N/A,N/A,N/A,N/A,N/A,N/A,N/A
254,1770354327118,Validation IR pressed,HF_70_A,,true,true,Spacebar,1,N/A,1244,N/A,N/A,N/A
254,1770354327118,IR pressed,HF_70_A,,true,true,Spacebar,1,N/A,1244,N/A,N/A,N/A
254,1770354327575,WR pressed,HF_70_A,,true,true,Yes,N/A,N/A,N/A,457,N/A,N/A
254,1770354327576,gap_time,N/A,,true,true,GapTime_920,N/A,N/A,N/A,N/A,N/A,N/A
254,1770354328509,Sentence shown,HF_91_A,,,,N/A,N/A,N/A,N/A,N/A,N/A,N/A
254,1770354332515,gap_time,N/A,,,,GapTime_844,N/A,N/A,N/A,N/A,N/A,N/A
254,1770354333374,Sentence shown,HF_80_A,,,,N/A,N/A,N/A,N/A,N/A,N/A,N/A
254,1770354337390,gap_time,N/A,,,,GapTime_876,N/A,N/A,N/A,N/A,N/A,N/A
254,1770354338269,Sentence shown,HF_91_A,,true,true,N/A,N/A,N/A,N/A,N/A,N/A,N/A
254,1770354340433,Validation IR pressed,HF_91_A,,true,true,Spacebar,1,N/A,2163,N/A,N/A,N/A
254,1770354340433,IR pressed,HF_91_A,,true,true,Spacebar,1,N/A,2163,N/A,N/A,N/A
254,1770354340527,WR pressed,HF_91_A,,true,true,Yes,N/A,N/A,N/A,94,N/A,N/A
254,1770354340527,gap_time,N/A,,true,true,GapTime_1131,N/A,N/A,N/A,N/A,N/A,N/A
254,1770354341671,Sentence shown,HF_76_A,,,,N/A,N/A,N/A,N/A,N/A,N/A,N/A
254,1770354345685,gap_time,N/A,,,,GapTime_1225,N/A,N/A,N/A,N/A,N/A,N/A
254,1770354346915,Sentence shown,HH_171_P,true,,true,N/A,N/A,N/A,N/A,N/A,N/A,N/A
254,1770354348761,IR pressed,HH_171_P,true,,true,Spacebar,1,N/A,1846,N/A,N/A,N/A
254,1770354348895,WR pressed,HH_171_P,true,,true,No,N/A,0,N/A,134,N/A,N/A
254,1770354348896,gap_time,N/A,true,,true,GapTime_1232,N/A,N/A,N/A,N/A,N/A,N/A
254,1770354350141,Sentence shown,HVL_109_A,true,,true,N/A,N/A,N/A,N/A,N/A,N/A,N/A
254,1770354352408,IR pressed,HVL_109_A,true,,true,Spacebar,1,N/A,2267,N/A,N/A,N/A
254,1770354352959,WR pressed,HVL_109_A,true,,true,Yes,N/A,1,N/A,551,N/A,N/A
254,1770354352960,gap_time,N/A,true,,true,GapTime_816,N/A,N/A,N/A,N/A,N/A,N/A
254,1770354353788,Sentence shown,HF_76_A,,true,true,N/A,N/A,N/A,N/A,N/A,N/A,N/A
254,1770354357797,Validation Missed,HF_76_A,,true,true,None,0,N/A,N/A,N/A,N/A,N/A
254,1770354357797,gap_time,N/A,,true,true,GapTime_1110,N/A,N/A,N/A,N/A,N/A,N/A
254,1770354358922,Sentence shown,HF_90_A,,,,N/A,N/A,N/A,N/A,N/A,N/A,N/A
254,1770354361383,Validation Wrong IR pressed,HF_90_A,,,,Spacebar,0,N/A,2461,N/A,N/A,N/A
254,1770354361383,IR pressed,HF_90_A,,,,Spacebar,0,N/A,2461,N/A,N/A,N/A
254,1770354361479,WR pressed,HF_90_A,,,,No,N/A,N/A,N/A,96,N/A,N/A
254,1770354361480,gap_time,N/A,,,,GapTime_1020,N/A,N/A,N/A,N/A,N/A,N/A
254,1770354362503,Sentence shown,LVH_107_P,true,,true,N/A,N/A,N/A,N/A,N/A,N/A,N/A
254,1770354364632,IR pressed,LVH_107_P,true,,true,Spacebar,1,N/A,2129,N/A,N/A,N/A
254,1770354364736,WR pressed,LVH_107_P,true,,true,Yes,N/A,1,N/A,104,N/A,N/A
254,1770354364737,gap_time,N/A,true,,true,GapTime_1099,N/A,N/A,N/A,N/A,N/A,N/A
254,1770354365850,Sentence shown,HF_84_A,,,,N/A,N/A,N/A,N/A,N/A,N/A,N/A
254,1770354369853,gap_time,N/A,,,,GapTime_1220,N/A,N/A,N/A,N/A,N/A,N/A
254,1770354371075,Sentence shown,LVH_161_A,true,,,N/A,N/A,N/A,N/A,N/A,N/A,N/A
254,1770354375086,gap_time,N/A,true,,,GapTime_1159,N/A,N/A,N/A,N/A,N/A,N/A
254,1770354376254,Sentence shown,HF_84_A,,true,true,N/A,N/A,N/A,N/A,N/A,N/A,N/A
254,1770354378185,Validation IR pressed,HF_84_A,,true,true,Spacebar,1,N/A,1931,N/A,N/A,N/A
254,1770354378185,IR pressed,HF_84_A,,true,true,Spacebar,1,N/A,1931,N/A,N/A,N/A
254,1770354378280,WR pressed,HF_84_A,,true,true,Yes,N/A,N/A,N/A,95,N/A,N/A
254,1770354378280,gap_time,N/A,,true,true,GapTime_1291,N/A,N/A,N/A,N/A,N/A,N/A
254,1770354379578,Sentence shown,HF_95_A,,,,N/A,N/A,N/A,N/A,N/A,N/A,N/A
254,1770354383589,gap_time,N/A,,,,GapTime_957,N/A,N/A,N/A,N/A,N/A,N/A
254,1770354384555,Sentence shown,HF_88_A,,,,N/A,N/A,N/A,N/A,N/A,N/A,N/A
254,1770354388565,gap_time,N/A,,,,GapTime_1237,N/A,N/A,N/A,N/A,N/A,N/A
254,1770354389809,Sentence shown,HF_72_A,,,,N/A,N/A,N/A,N/A,N/A,N/A,N/A
254,1770354393825,gap_time,N/A,,,,GapTime_790,N/A,N/A,N/A,N/A,N/A,N/A
254,1770354394618,Sentence shown,HH_146_P,true,,,N/A,N/A,N/A,N/A,N/A,N/A,N/A
254,1770354398631,gap_time,N/A,true,,,GapTime_898,N/A,N/A,N/A,N/A,N/A,N/A
254,1770354399543,Sentence shown,HF_97_A,,,,N/A,N/A,N/A,N/A,N/A,N/A,N/A
254,1770354401608,Validation Wrong IR pressed,HF_97_A,,,,Spacebar,0,N/A,2065,N/A,N/A,N/A
254,1770354401608,IR pressed,HF_97_A,,,,Spacebar,0,N/A,2065,N/A,N/A,N/A
254,1770354401727,WR pressed,HF_97_A,,,,No,N/A,N/A,N/A,119,N/A,N/A
254,1770354401727,gap_time,N/A,,,,GapTime_818,N/A,N/A,N/A,N/A,N/A,N/A
254,1770354402562,Sentence shown,HF_83_A,,,,N/A,N/A,N/A,N/A,N/A,N/A,N/A
254,1770354406564,gap_time,N/A,,,,GapTime_804,N/A,N/A,N/A,N/A,N/A,N/A
254,1770354407375,Sentence shown,HH_140_A,true,,,N/A,N/A,N/A,N/A,N/A,N/A,N/A
254,1770354411385,gap_time,N/A,true,,,GapTime_777,N/A,N/A,N/A,N/A,N/A,N/A
254,1770354412170,Sentence shown,LVH_161_A,true,,true,N/A,N/A,N/A,N/A,N/A,N/A,N/A
254,1770354414056,IR pressed,LVH_161_A,true,,true,Spacebar,1,N/A,1886,N/A,N/A,N/A
254,1770354414167,WR pressed,LVH_161_A,true,,true,Yes,N/A,1,N/A,111,N/A,N/A
254,1770354414167,gap_time,N/A,true,,true,GapTime_1201,N/A,N/A,N/A,N/A,N/A,N/A
254,1770354415385,Sentence shown,HF_86_A,,,,N/A,N/A,N/A,N/A,N/A,N/A,N/A
254,1770354417631,Validation Wrong IR pressed,HF_86_A,,,,Spacebar,0,N/A,2246,N/A,N/A,N/A
254,1770354417631,IR pressed,HF_86_A,,,,Spacebar,0,N/A,2246,N/A,N/A,N/A
254,1770354417728,WR pressed,HF_86_A,,,,No,N/A,N/A,N/A,97,N/A,N/A
254,1770354417729,gap_time,N/A,,,,GapTime_756,N/A,N/A,N/A,N/A,N/A,N/A
254,1770354418499,Sentence shown,HVL_107_P,true,,,N/A,N/A,N/A,N/A,N/A,N/A,N/A
254,1770354422505,gap_time,N/A,true,,,GapTime_833,N/A,N/A,N/A,N/A,N/A,N/A
254,1770354423341,Sentence shown,HF_86_A,,true,true,N/A,N/A,N/A,N/A,N/A,N/A,N/A
254,1770354427354,Validation Missed,HF_86_A,,true,true,None,0,N/A,N/A,N/A,N/A,N/A
254,1770354427354,gap_time,N/A,,true,true,GapTime_1217,N/A,N/A,N/A,N/A,N/A,N/A
254,1770354428572,Sentence shown,HF_93_A,,,,N/A,N/A,N/A,N/A,N/A,N/A,N/A
254,1770354432574,gap_time,N/A,,,,GapTime_1221,N/A,N/A,N/A,N/A,N/A,N/A
254,1770354433799,Sentence shown,HF_73_A,,,,N/A,N/A,N/A,N/A,N/A,N/A,N/A
254,1770354437809,gap_time,N/A,,,,GapTime_1265,N/A,N/A,N/A,N/A,N/A,N/A
254,1770354439076,Sentence shown,HH_146_A,true,,true,N/A,N/A,N/A,N/A,N/A,N/A,N/A
254,1770354441879,IR pressed,HH_146_A,true,,true,Spacebar,1,N/A,2803,N/A,N/A,N/A
254,1770354442168,WR pressed,HH_146_A,true,,true,No,N/A,1,N/A,289,N/A,N/A
254,1770354442169,gap_time,N/A,true,,true,GapTime_776,N/A,N/A,N/A,N/A,N/A,N/A
254,1770354442955,Sentence shown,HF_73_A,,true,true,N/A,N/A,N/A,N/A,N/A,N/A,N/A
254,1770354444798,Validation IR pressed,HF_73_A,,true,true,Spacebar,1,N/A,1843,N/A,N/A,N/A
254,1770354444798,IR pressed,HF_73_A,,true,true,Spacebar,1,N/A,1843,N/A,N/A,N/A
254,1770354445432,WR pressed,HF_73_A,,true,true,Yes,N/A,N/A,N/A,633,N/A,N/A
254,1770354445432,gap_time,N/A,,true,true,GapTime_1080,N/A,N/A,N/A,N/A,N/A,N/A
254,1770354446527,Sentence shown,HF_68_A,,,,N/A,N/A,N/A,N/A,N/A,N/A,N/A
254,1770354450542,gap_time,N/A,,,,GapTime_869,N/A,N/A,N/A,N/A,N/A,N/A
254,1770354451414,Sentence shown,HH_140_A,true,,true,N/A,N/A,N/A,N/A,N/A,N/A,N/A
254,1770354455428,gap_time,N/A,true,,true,GapTime_971,N/A,N/A,N/A,N/A,N/A,N/A
254,1770354456402,Sentence shown,HF_87_A,,,,N/A,N/A,N/A,N/A,N/A,N/A,N/A
254,1770354460416,gap_time,N/A,,,,GapTime_1025,N/A,N/A,N/A,N/A,N/A,N/A
254,1770354461447,Sentence shown,HVL_121_A,true,,,N/A,N/A,N/A,N/A,N/A,N/A,N/A
254,1770354465450,gap_time,N/A,true,,,GapTime_1240,N/A,N/A,N/A,N/A,N/A,N/A
254,1770354466700,Sentence shown,HF_89_A,,,,N/A,N/A,N/A,N/A,N/A,N/A,N/A
254,1770354470711,gap_time,N/A,,,,GapTime_1001,N/A,N/A,N/A,N/A,N/A,N/A
254,1770354471722,Sentence shown,LVH_130_P,true,,,N/A,N/A,N/A,N/A,N/A,N/A,N/A
254,1770354475733,gap_time,N/A,true,,,GapTime_954,N/A,N/A,N/A,N/A,N/A,N/A
254,1770354476701,Sentence shown,HVL_107_P,true,,true,N/A,N/A,N/A,N/A,N/A,N/A,N/A
254,1770354478384,IR pressed,HVL_107_P,true,,true,Spacebar,1,N/A,1683,N/A,N/A,N/A
254,1770354479496,WR pressed,HVL_107_P,true,,true,Yes,N/A,1,N/A,1112,N/A,N/A
254,1770354479497,gap_time,N/A,true,,true,GapTime_964,N/A,N/A,N/A,N/A,N/A,N/A
254,1770354480469,Sentence shown,LVH_106_A,true,,,N/A,N/A,N/A,N/A,N/A,N/A,N/A
254,1770354484478,gap_time,N/A,true,,,GapTime_1110,N/A,N/A,N/A,N/A,N/A,N/A
254,1770354485605,Sentence shown,LVL_108_A,true,,,N/A,N/A,N/A,N/A,N/A,N/A,N/A
254,1770354489617,gap_time,N/A,true,,,GapTime_820,N/A,N/A,N/A,N/A,N/A,N/A
254,1770354490446,Sentence shown,HF_81_A,,,,N/A,N/A,N/A,N/A,N/A,N/A,N/A
254,1770354494452,gap_time,N/A,,,,GapTime_737,N/A,N/A,N/A,N/A,N/A,N/A
254,1770354495196,Sentence shown,HF_69_A,,,,N/A,N/A,N/A,N/A,N/A,N/A,N/A
254,1770354499213,gap_time,N/A,,,,GapTime_733,N/A,N/A,N/A,N/A,N/A,N/A
254,1770354499954,Sentence shown,HVL_121_P,true,,true,N/A,N/A,N/A,N/A,N/A,N/A,N/A
254,1770354502985,IR pressed,HVL_121_P,true,,true,Spacebar,1,N/A,3031,N/A,N/A,N/A
254,1770354503687,WR pressed,HVL_121_P,true,,true,No,N/A,1,N/A,702,N/A,N/A
254,1770354503688,gap_time,N/A,true,,true,GapTime_1198,N/A,N/A,N/A,N/A,N/A,N/A
254,1770354504899,Sentence shown,HVL_136_P,true,,,N/A,N/A,N/A,N/A,N/A,N/A,N/A
254,1770354508906,gap_time,N/A,true,,,GapTime_1070,N/A,N/A,N/A,N/A,N/A,N/A
254,1770354509983,Sentence shown,HH_165_A,true,,,N/A,N/A,N/A,N/A,N/A,N/A,N/A
254,1770354513994,gap_time,N/A,true,,,GapTime_702,N/A,N/A,N/A,N/A,N/A,N/A
254,1770354514702,Sentence shown,LVL_104_P,true,,,N/A,N/A,N/A,N/A,N/A,N/A,N/A
254,1770354518718,gap_time,N/A,true,,,GapTime_765,N/A,N/A,N/A,N/A,N/A,N/A
254,1770354519489,Sentence shown,LVH_130_A,true,,true,N/A,N/A,N/A,N/A,N/A,N/A,N/A
254,1770354521913,IR pressed,LVH_130_A,true,,true,Spacebar,1,N/A,2424,N/A,N/A,N/A
254,1770354522247,WR pressed,LVH_130_A,true,,true,No,N/A,1,N/A,334,N/A,N/A
254,1770354522248,gap_time,N/A,true,,true,GapTime_861,N/A,N/A,N/A,N/A,N/A,N/A
254,1770354523113,Sentence shown,HF_71_A,,,,N/A,N/A,N/A,N/A,N/A,N/A,N/A
254,1770354527124,gap_time,N/A,,,,GapTime_751,N/A,N/A,N/A,N/A,N/A,N/A
254,1770354527877,Sentence shown,LVH_106_P,true,,true,N/A,N/A,N/A,N/A,N/A,N/A,N/A
254,1770354529903,IR pressed,LVH_106_P,true,,true,Spacebar,1,N/A,2026,N/A,N/A,N/A
254,1770354530574,WR pressed,LVH_106_P,true,,true,No,N/A,1,N/A,671,N/A,N/A
254,1770354530574,gap_time,N/A,true,,true,GapTime_747,N/A,N/A,N/A,N/A,N/A,N/A
254,1770354531323,Sentence shown,HF_71_A,,true,true,N/A,N/A,N/A,N/A,N/A,N/A,N/A
254,1770354533992,Validation IR pressed,HF_71_A,,true,true,Spacebar,1,N/A,2669,N/A,N/A,N/A
254,1770354533992,IR pressed,HF_71_A,,true,true,Spacebar,1,N/A,2669,N/A,N/A,N/A
254,1770354534121,WR pressed,HF_71_A,,true,true,Yes,N/A,N/A,N/A,129,N/A,N/A
254,1770354534121,gap_time,N/A,,true,true,GapTime_829,N/A,N/A,N/A,N/A,N/A,N/A
254,1770354534962,Sentence shown,LVL_108_A,true,,true,N/A,N/A,N/A,N/A,N/A,N/A,N/A
254,1770354536791,IR pressed,LVL_108_A,true,,true,Spacebar,1,N/A,1829,N/A,N/A,N/A
254,1770354536889,WR pressed,LVL_108_A,true,,true,Yes,N/A,1,N/A,98,N/A,N/A
254,1770354536889,gap_time,N/A,true,,true,GapTime_940,N/A,N/A,N/A,N/A,N/A,N/A
254,1770354537831,Sentence shown,HVL_136_A,true,,true,N/A,N/A,N/A,N/A,N/A,N/A,N/A
254,1770354540200,IR pressed,HVL_136_A,true,,true,Spacebar,1,N/A,2369,N/A,N/A,N/A
254,1770354540312,WR pressed,HVL_136_A,true,,true,Yes,N/A,0,N/A,112,N/A,N/A
254,1770354540313,gap_time,N/A,true,,true,GapTime_1272,N/A,N/A,N/A,N/A,N/A,N/A
254,1770354541596,Sentence shown,HH_165_P,true,,true,N/A,N/A,N/A,N/A,N/A,N/A,N/A
254,1770354543367,IR pressed,HH_165_P,true,,true,Spacebar,1,N/A,1771,N/A,N/A,N/A
254,1770354544303,WR pressed,HH_165_P,true,,true,Yes,N/A,0,N/A,936,N/A,N/A
254,1770354544304,gap_time,N/A,true,,true,GapTime_786,N/A,N/A,N/A,N/A,N/A,N/A
254,1770354545093,Sentence shown,LVL_104_A,true,,true,N/A,N/A,N/A,N/A,N/A,N/A,N/A
254,1770354547367,IR pressed,LVL_104_A,true,,true,Spacebar,1,N/A,2274,N/A,N/A,N/A
254,1770354547551,WR pressed,LVL_104_A,true,,true,No,N/A,1,N/A,184,N/A,N/A
254,1770354547552,gap_time,N/A,true,,true,GapTime_935,N/A,N/A,N/A,N/A,N/A,N/A
