participant_ID,Timestamp,Event,Stimulus,isTarget,isValidation,isRepeat,Button,Accuracy IR,Accuracy WR,Reaction_time_IR,Reaction_time_WR,CR_IR,CR_WR
267,1770457081505,Practice Sentence shown,HL_110_A,,,,N/A,N/A,N/A,N/A,N/A,N/A,N/A
267,1770457087022,Practice Sentence shown,HH_136_A,true,,,N/A,N/A,N/A,N/A,N/A,N/A,N/A
267,1770457092530,Practice Sentence shown,HL_5_A,,,,N/A,N/A,N/A,N/A,N/A,N/A,N/A
267,1770457098042,Practice Sentence shown,HH_116_A,true,,,N/A,N/A,N/A,N/A,N/A,N/A,N/A
267,1770457103566,Practice Sentence shown,HL_61_A,,,,N/A,N/A,N/A,N/A,N/A,N/A,N/A
267,1770457109075,Practice Sentence shown,HH_125_A,true,,,N/A,N/A,N/A,N/A,N/A,N/A,N/A
267,1770457114587,Practice Sentence shown,HL_66_A,,,,N/A,N/A,N/A,N/A,N/A,N/A,N/A
267,1770457120096,Practice Sentence shown,HH_136_P,true,,true,N/A,N/A,N/A,N/A,N/A,N/A,N/A
267,1770457121975,Practice IR pressed,HH_136_P,true,,true,Spacebar,1,N/A,1879,N/A,N/A,N/A
267,1770457130414,Practice WR pressed,HH_136_P,true,,true,No,N/A,1,N/A,8439,N/A,N/A
267,1770457131921,Practice Sentence shown,HH_116_P,true,,true,N/A,N/A,N/A,N/A,N/A,N/A,N/A
267,1770457133152,Practice IR pressed,HH_116_P,true,,true,Spacebar,1,N/A,1231,N/A,N/A,N/A
267,1770457139176,Practice WR pressed,HH_116_P,true,,true,No,N/A,1,N/A,6024,N/A,N/A
267,1770457140678,Practice Sentence shown,HL_71_A,,,,N/A,N/A,N/A,N/A,N/A,N/A,N/A
267,1770457146189,Practice Sentence shown,HH_129_A,true,,,N/A,N/A,N/A,N/A,N/A,N/A,N/A
267,1770457151698,Practice Sentence shown,HL_99_A,,,,N/A,N/A,N/A,N/A,N/A,N/A,N/A
267,1770457157224,Practice Sentence shown,HH_125_A,true,,true,N/A,N/A,N/A,N/A,N/A,N/A,N/A
267,1770457158346,Practice IR pressed,HH_125_A,true,,true,Spacebar,1,N/A,1122,N/A,N/A,N/A
267,1770457162975,Practice WR pressed,HH_125_A,true,,true,No,N/A,0,N/A,4629,N/A,N/A
267,1770457166452,Practice Sentence shown,HL_96_A,,,,N/A,N/A,N/A,N/A,N/A,N/A,N/A
267,1770457171970,Practice Sentence shown,HL_6_A,,,,N/A,N/A,N/A,N/A,N/A,N/A,N/A
267,1770457177491,Practice Sentence shown,HL_60_A,,,,N/A,N/A,N/A,N/A,N/A,N/A,N/A
267,1770457183000,Practice Sentence shown,HH_129_A,true,,true,N/A,N/A,N/A,N/A,N/A,N/A,N/A
267,1770457184082,Practice IR pressed,HH_129_A,true,,true,Spacebar,1,N/A,1082,N/A,N/A,N/A
267,1770457184641,Practice WR pressed,HH_129_A,true,,true,Yes,N/A,1,N/A,559,N/A,N/A
267,1770457186143,Practice Sentence shown,HL_93_A,,,,N/A,N/A,N/A,N/A,N/A,N/A,N/A
267,1770457191651,Practice Sentence shown,HH_108_A,true,,,N/A,N/A,N/A,N/A,N/A,N/A,N/A
267,1770457197160,Practice Sentence shown,HH_108_P,true,,true,N/A,N/A,N/A,N/A,N/A,N/A,N/A
267,1770457198754,Practice IR pressed,HH_108_P,true,,true,Spacebar,1,N/A,1594,N/A,N/A,N/A
267,1770457199870,Practice WR pressed,HH_108_P,true,,true,No,N/A,1,N/A,1116,N/A,N/A
267,1770457222576,Sentence shown,HH_163_P,true,,,N/A,N/A,N/A,N/A,N/A,N/A,N/A
267,1770457226585,gap_time,N/A,true,,,GapTime_1058,N/A,N/A,N/A,N/A,N/A,N/A
267,1770457227654,Sentence shown,LVL_129_P,true,,,N/A,N/A,N/A,N/A,N/A,N/A,N/A
267,1770457231664,gap_time,N/A,true,,,GapTime_721,N/A,N/A,N/A,N/A,N/A,N/A
267,1770457232391,Sentence shown,HF_15_A,,,,N/A,N/A,N/A,N/A,N/A,N/A,N/A
267,1770457236402,gap_time,N/A,,,,GapTime_1052,N/A,N/A,N/A,N/A,N/A,N/A
267,1770457237470,Sentence shown,HVL_126_P,true,,,N/A,N/A,N/A,N/A,N/A,N/A,N/A
267,1770457241477,gap_time,N/A,true,,,GapTime_1088,N/A,N/A,N/A,N/A,N/A,N/A
267,1770457242577,Sentence shown,HF_5_A,,,,N/A,N/A,N/A,N/A,N/A,N/A,N/A
267,1770457246584,gap_time,N/A,,,,GapTime_1031,N/A,N/A,N/A,N/A,N/A,N/A
267,1770457247620,Sentence shown,HF_7_A,,,,N/A,N/A,N/A,N/A,N/A,N/A,N/A
267,1770457251626,gap_time,N/A,,,,GapTime_778,N/A,N/A,N/A,N/A,N/A,N/A
267,1770457252416,Sentence shown,HVL_100_A,true,,,N/A,N/A,N/A,N/A,N/A,N/A,N/A
267,1770457256424,gap_time,N/A,true,,,GapTime_953,N/A,N/A,N/A,N/A,N/A,N/A
267,1770457257385,Sentence shown,HF_17_A,,,,N/A,N/A,N/A,N/A,N/A,N/A,N/A
267,1770457261394,gap_time,N/A,,,,GapTime_1117,N/A,N/A,N/A,N/A,N/A,N/A
267,1770457262524,Sentence shown,HH_163_A,true,,true,N/A,N/A,N/A,N/A,N/A,N/A,N/A
267,1770457263352,IR pressed,HH_163_A,true,,true,Spacebar,1,N/A,828,N/A,N/A,N/A
267,1770457264875,WR pressed,HH_163_A,true,,true,No,N/A,1,N/A,1523,N/A,N/A
267,1770457264876,gap_time,N/A,true,,true,GapTime_861,N/A,N/A,N/A,N/A,N/A,N/A
267,1770457265742,Sentence shown,LVL_129_P,true,,true,N/A,N/A,N/A,N/A,N/A,N/A,N/A
267,1770457267010,IR pressed,LVL_129_P,true,,true,Spacebar,1,N/A,1268,N/A,N/A,N/A
267,1770457270359,WR pressed,LVL_129_P,true,,true,Yes,N/A,1,N/A,3349,N/A,N/A
267,1770457270359,gap_time,N/A,true,,true,GapTime_1264,N/A,N/A,N/A,N/A,N/A,N/A
267,1770457271636,Sentence shown,HF_18_A,,,,N/A,N/A,N/A,N/A,N/A,N/A,N/A
267,1770457275644,gap_time,N/A,,,,GapTime_1084,N/A,N/A,N/A,N/A,N/A,N/A
267,1770457276741,Sentence shown,LVL_123_A,true,,,N/A,N/A,N/A,N/A,N/A,N/A,N/A
267,1770457280745,gap_time,N/A,true,,,GapTime_1183,N/A,N/A,N/A,N/A,N/A,N/A
267,1770457281936,Sentence shown,HVL_126_A,true,,true,N/A,N/A,N/A,N/A,N/A,N/A,N/A
267,1770457282855,IR pressed,HVL_126_A,true,,true,Spacebar,1,N/A,919,N/A,N/A,N/A
267,1770457291239,WR pressed,HVL_126_A,true,,true,No,N/A,1,N/A,8384,N/A,N/A
267,1770457291239,gap_time,N/A,true,,true,GapTime_1268,N/A,N/A,N/A,N/A,N/A,N/A
267,1770457292509,Sentence shown,HF_29_A,,,,N/A,N/A,N/A,N/A,N/A,N/A,N/A
267,1770457293549,Validation Wrong IR pressed,HF_29_A,,,,Spacebar,0,N/A,1040,N/A,N/A,N/A
267,1770457293549,IR pressed,HF_29_A,,,,Spacebar,0,N/A,1040,N/A,N/A,N/A
267,1770457298666,WR pressed,HF_29_A,,,,No,N/A,N/A,N/A,5117,N/A,N/A
267,1770457298667,gap_time,N/A,,,,GapTime_988,N/A,N/A,N/A,N/A,N/A,N/A
267,1770457299657,Sentence shown,LVH_140_P,true,,,N/A,N/A,N/A,N/A,N/A,N/A,N/A
267,1770457303666,gap_time,N/A,true,,,GapTime_701,N/A,N/A,N/A,N/A,N/A,N/A
267,1770457304377,Sentence shown,HF_29_A,,true,true,N/A,N/A,N/A,N/A,N/A,N/A,N/A
267,1770457305614,Validation IR pressed,HF_29_A,,true,true,Spacebar,1,N/A,1237,N/A,N/A,N/A
267,1770457305614,IR pressed,HF_29_A,,true,true,Spacebar,1,N/A,1237,N/A,N/A,N/A
267,1770457307168,WR pressed,HF_29_A,,true,true,Yes,N/A,N/A,N/A,1554,N/A,N/A
267,1770457307168,gap_time,N/A,,true,true,GapTime_708,N/A,N/A,N/A,N/A,N/A,N/A
267,1770457307877,Sentence shown,HF_28_A,,,,N/A,N/A,N/A,N/A,N/A,N/A,N/A
267,1770457308922,Validation Wrong IR pressed,HF_28_A,,,,Spacebar,0,N/A,1045,N/A,N/A,N/A
267,1770457308922,IR pressed,HF_28_A,,,,Spacebar,0,N/A,1045,N/A,N/A,N/A
267,1770457312735,WR pressed,HF_28_A,,,,No,N/A,N/A,N/A,3813,N/A,N/A
267,1770457312735,gap_time,N/A,,,,GapTime_1174,N/A,N/A,N/A,N/A,N/A,N/A
267,1770457313912,Sentence shown,HF_13_A,,,,N/A,N/A,N/A,N/A,N/A,N/A,N/A
267,1770457315242,Validation Wrong IR pressed,HF_13_A,,,,Spacebar,0,N/A,1330,N/A,N/A,N/A
267,1770457315242,IR pressed,HF_13_A,,,,Spacebar,0,N/A,1330,N/A,N/A,N/A
267,1770457320240,WR pressed,HF_13_A,,,,Yes,N/A,N/A,N/A,4998,N/A,N/A
267,1770457320240,gap_time,N/A,,,,GapTime_900,N/A,N/A,N/A,N/A,N/A,N/A
267,1770457321151,Sentence shown,LVL_123_A,true,,true,N/A,N/A,N/A,N/A,N/A,N/A,N/A
267,1770457322431,IR pressed,LVL_123_A,true,,true,Spacebar,1,N/A,1280,N/A,N/A,N/A
267,1770457322761,WR pressed,LVL_123_A,true,,true,Yes,N/A,1,N/A,330,N/A,N/A
267,1770457322761,gap_time,N/A,true,,true,GapTime_902,N/A,N/A,N/A,N/A,N/A,N/A
267,1770457323672,Sentence shown,HF_13_A,,true,true,N/A,N/A,N/A,N/A,N/A,N/A,N/A
267,1770457324451,Validation IR pressed,HF_13_A,,true,true,Spacebar,1,N/A,779,N/A,N/A,N/A
267,1770457324451,IR pressed,HF_13_A,,true,true,Spacebar,1,N/A,779,N/A,N/A,N/A
267,1770457324657,WR pressed,HF_13_A,,true,true,Yes,N/A,N/A,N/A,206,N/A,N/A
267,1770457324657,gap_time,N/A,,true,true,GapTime_1022,N/A,N/A,N/A,N/A,N/A,N/A
267,1770457325683,Sentence shown,HVL_100_A,true,,true,N/A,N/A,N/A,N/A,N/A,N/A,N/A
267,1770457326619,IR pressed,HVL_100_A,true,,true,Spacebar,1,N/A,936,N/A,N/A,N/A
267,1770457326784,WR pressed,HVL_100_A,true,,true,Yes,N/A,1,N/A,165,N/A,N/A
267,1770457326784,gap_time,N/A,true,,true,GapTime_1228,N/A,N/A,N/A,N/A,N/A,N/A
267,1770457328020,Sentence shown,LVL_112_A,true,,,N/A,N/A,N/A,N/A,N/A,N/A,N/A
267,1770457332026,gap_time,N/A,true,,,GapTime_1177,N/A,N/A,N/A,N/A,N/A,N/A
267,1770457333218,Sentence shown,HF_4_A,,,,N/A,N/A,N/A,N/A,N/A,N/A,N/A
267,1770457334388,Validation Wrong IR pressed,HF_4_A,,,,Spacebar,0,N/A,1170,N/A,N/A,N/A
267,1770457334388,IR pressed,HF_4_A,,,,Spacebar,0,N/A,1170,N/A,N/A,N/A
267,1770457335373,WR pressed,HF_4_A,,,,No,N/A,N/A,N/A,985,N/A,N/A
267,1770457335373,gap_time,N/A,,,,GapTime_1137,N/A,N/A,N/A,N/A,N/A,N/A
267,1770457336511,Sentence shown,HF_4_A,,true,true,N/A,N/A,N/A,N/A,N/A,N/A,N/A
267,1770457338129,Validation IR pressed,HF_4_A,,true,true,Spacebar,1,N/A,1618,N/A,N/A,N/A
267,1770457338129,IR pressed,HF_4_A,,true,true,Spacebar,1,N/A,1618,N/A,N/A,N/A
267,1770457338615,WR pressed,HF_4_A,,true,true,Yes,N/A,N/A,N/A,486,N/A,N/A
267,1770457338616,gap_time,N/A,,true,true,GapTime_810,N/A,N/A,N/A,N/A,N/A,N/A
267,1770457339434,Sentence shown,HF_32_A,,,,N/A,N/A,N/A,N/A,N/A,N/A,N/A
267,1770457343441,gap_time,N/A,,,,GapTime_959,N/A,N/A,N/A,N/A,N/A,N/A
267,1770457344416,Sentence shown,HF_19_A,,,,N/A,N/A,N/A,N/A,N/A,N/A,N/A
267,1770457348423,gap_time,N/A,,,,GapTime_966,N/A,N/A,N/A,N/A,N/A,N/A
267,1770457349399,Sentence shown,HF_19_A,,true,true,N/A,N/A,N/A,N/A,N/A,N/A,N/A
267,1770457350323,Validation IR pressed,HF_19_A,,true,true,Spacebar,1,N/A,924,N/A,N/A,N/A
267,1770457350323,IR pressed,HF_19_A,,true,true,Spacebar,1,N/A,924,N/A,N/A,N/A
267,1770457350649,WR pressed,HF_19_A,,true,true,Yes,N/A,N/A,N/A,326,N/A,N/A
267,1770457350649,gap_time,N/A,,true,true,GapTime_1123,N/A,N/A,N/A,N/A,N/A,N/A
267,1770457351780,Sentence shown,LVH_140_A,true,,true,N/A,N/A,N/A,N/A,N/A,N/A,N/A
267,1770457355785,gap_time,N/A,true,,true,GapTime_709,N/A,N/A,N/A,N/A,N/A,N/A
267,1770457356496,Sentence shown,HF_11_A,,,,N/A,N/A,N/A,N/A,N/A,N/A,N/A
267,1770457357861,Validation Wrong IR pressed,HF_11_A,,,,Spacebar,0,N/A,1365,N/A,N/A,N/A
267,1770457357861,IR pressed,HF_11_A,,,,Spacebar,0,N/A,1365,N/A,N/A,N/A
267,1770457359574,WR pressed,HF_11_A,,,,No,N/A,N/A,N/A,1713,N/A,N/A
267,1770457359574,gap_time,N/A,,,,GapTime_1258,N/A,N/A,N/A,N/A,N/A,N/A
267,1770457360844,Sentence shown,HF_33_A,,,,N/A,N/A,N/A,N/A,N/A,N/A,N/A
267,1770457364848,gap_time,N/A,,,,GapTime_824,N/A,N/A,N/A,N/A,N/A,N/A
267,1770457365685,Sentence shown,HF_26_A,,,,N/A,N/A,N/A,N/A,N/A,N/A,N/A
267,1770457369695,gap_time,N/A,,,,GapTime_880,N/A,N/A,N/A,N/A,N/A,N/A
267,1770457370576,Sentence shown,HF_26_A,,true,true,N/A,N/A,N/A,N/A,N/A,N/A,N/A
267,1770457371432,Validation IR pressed,HF_26_A,,true,true,Spacebar,1,N/A,856,N/A,N/A,N/A
267,1770457371432,IR pressed,HF_26_A,,true,true,Spacebar,1,N/A,856,N/A,N/A,N/A
267,1770457371667,WR pressed,HF_26_A,,true,true,Yes,N/A,N/A,N/A,235,N/A,N/A
267,1770457371667,gap_time,N/A,,true,true,GapTime_743,N/A,N/A,N/A,N/A,N/A,N/A
267,1770457372418,Sentence shown,LVL_112_P,true,,true,N/A,N/A,N/A,N/A,N/A,N/A,N/A
267,1770457374480,IR pressed,LVL_112_P,true,,true,Spacebar,1,N/A,2062,N/A,N/A,N/A
267,1770457377880,WR pressed,LVL_112_P,true,,true,No,N/A,1,N/A,3400,N/A,N/A
267,1770457377880,gap_time,N/A,true,,true,GapTime_1076,N/A,N/A,N/A,N/A,N/A,N/A
267,1770457378965,Sentence shown,HF_1_A,,,,N/A,N/A,N/A,N/A,N/A,N/A,N/A
267,1770457381816,Validation Wrong IR pressed,HF_1_A,,,,Spacebar,0,N/A,2851,N/A,N/A,N/A
267,1770457381816,IR pressed,HF_1_A,,,,Spacebar,0,N/A,2851,N/A,N/A,N/A
267,1770457383095,WR pressed,HF_1_A,,,,Yes,N/A,N/A,N/A,1279,N/A,N/A
267,1770457383096,gap_time,N/A,,,,GapTime_1180,N/A,N/A,N/A,N/A,N/A,N/A
267,1770457384287,Sentence shown,HF_2_A,,,,N/A,N/A,N/A,N/A,N/A,N/A,N/A
267,1770457388296,gap_time,N/A,,,,GapTime_1144,N/A,N/A,N/A,N/A,N/A,N/A
267,1770457389440,Sentence shown,HF_1_A,,true,true,N/A,N/A,N/A,N/A,N/A,N/A,N/A
267,1770457390815,Validation IR pressed,HF_1_A,,true,true,Spacebar,1,N/A,1375,N/A,N/A,N/A
267,1770457390815,IR pressed,HF_1_A,,true,true,Spacebar,1,N/A,1375,N/A,N/A,N/A
267,1770457391049,WR pressed,HF_1_A,,true,true,Yes,N/A,N/A,N/A,234,N/A,N/A
267,1770457391049,gap_time,N/A,,true,true,GapTime_1294,N/A,N/A,N/A,N/A,N/A,N/A
267,1770457392348,Sentence shown,HF_25_A,,,,N/A,N/A,N/A,N/A,N/A,N/A,N/A
267,1770457396355,gap_time,N/A,,,,GapTime_1129,N/A,N/A,N/A,N/A,N/A,N/A
267,1770457397486,Sentence shown,HF_2_A,,true,true,N/A,N/A,N/A,N/A,N/A,N/A,N/A
267,1770457398893,Validation IR pressed,HF_2_A,,true,true,Spacebar,1,N/A,1407,N/A,N/A,N/A
267,1770457398893,IR pressed,HF_2_A,,true,true,Spacebar,1,N/A,1407,N/A,N/A,N/A
267,1770457399068,WR pressed,HF_2_A,,true,true,Yes,N/A,N/A,N/A,175,N/A,N/A
267,1770457399068,gap_time,N/A,,true,true,GapTime_846,N/A,N/A,N/A,N/A,N/A,N/A
267,1770457399916,Sentence shown,HH_188_A,true,,,N/A,N/A,N/A,N/A,N/A,N/A,N/A
267,1770457403924,gap_time,N/A,true,,,GapTime_1151,N/A,N/A,N/A,N/A,N/A,N/A
267,1770457405084,Sentence shown,HF_25_A,,true,true,N/A,N/A,N/A,N/A,N/A,N/A,N/A
267,1770457406022,Validation IR pressed,HF_25_A,,true,true,Spacebar,1,N/A,938,N/A,N/A,N/A
267,1770457406022,IR pressed,HF_25_A,,true,true,Spacebar,1,N/A,938,N/A,N/A,N/A
267,1770457406169,WR pressed,HF_25_A,,true,true,Yes,N/A,N/A,N/A,147,N/A,N/A
267,1770457406169,gap_time,N/A,,true,true,GapTime_958,N/A,N/A,N/A,N/A,N/A,N/A
267,1770457407128,Sentence shown,HF_20_A,,,,N/A,N/A,N/A,N/A,N/A,N/A,N/A
267,1770457411136,gap_time,N/A,,,,GapTime_1074,N/A,N/A,N/A,N/A,N/A,N/A
267,1770457412220,Sentence shown,HH_143_A,true,,,N/A,N/A,N/A,N/A,N/A,N/A,N/A
267,1770457416226,gap_time,N/A,true,,,GapTime_891,N/A,N/A,N/A,N/A,N/A,N/A
267,1770457417123,Sentence shown,HF_9_A,,,,N/A,N/A,N/A,N/A,N/A,N/A,N/A
267,1770457419337,Validation Wrong IR pressed,HF_9_A,,,,Spacebar,0,N/A,2214,N/A,N/A,N/A
267,1770457419337,IR pressed,HF_9_A,,,,Spacebar,0,N/A,2214,N/A,N/A,N/A
267,1770457420239,WR pressed,HF_9_A,,,,No,N/A,N/A,N/A,902,N/A,N/A
267,1770457420239,gap_time,N/A,,,,GapTime_1117,N/A,N/A,N/A,N/A,N/A,N/A
267,1770457421362,Sentence shown,HH_188_A,true,,true,N/A,N/A,N/A,N/A,N/A,N/A,N/A
267,1770457423060,IR pressed,HH_188_A,true,,true,Spacebar,1,N/A,1698,N/A,N/A,N/A
267,1770457423211,WR pressed,HH_188_A,true,,true,No,N/A,0,N/A,151,N/A,N/A
267,1770457423211,gap_time,N/A,true,,true,GapTime_1092,N/A,N/A,N/A,N/A,N/A,N/A
267,1770457424316,Sentence shown,HF_9_A,,true,true,N/A,N/A,N/A,N/A,N/A,N/A,N/A
267,1770457425382,Validation IR pressed,HF_9_A,,true,true,Spacebar,1,N/A,1066,N/A,N/A,N/A
267,1770457425382,IR pressed,HF_9_A,,true,true,Spacebar,1,N/A,1066,N/A,N/A,N/A
267,1770457425617,WR pressed,HF_9_A,,true,true,Yes,N/A,N/A,N/A,235,N/A,N/A
267,1770457425617,gap_time,N/A,,true,true,GapTime_1143,N/A,N/A,N/A,N/A,N/A,N/A
267,1770457426762,Sentence shown,HF_10_A,,,,N/A,N/A,N/A,N/A,N/A,N/A,N/A
267,1770457430770,gap_time,N/A,,,,GapTime_1050,N/A,N/A,N/A,N/A,N/A,N/A
267,1770457431821,Sentence shown,HF_21_A,,,,N/A,N/A,N/A,N/A,N/A,N/A,N/A
267,1770457433658,Validation Wrong IR pressed,HF_21_A,,,,Spacebar,0,N/A,1837,N/A,N/A,N/A
267,1770457433658,IR pressed,HF_21_A,,,,Spacebar,0,N/A,1837,N/A,N/A,N/A
267,1770457434489,WR pressed,HF_21_A,,,,No,N/A,N/A,N/A,831,N/A,N/A
267,1770457434489,gap_time,N/A,,,,GapTime_1099,N/A,N/A,N/A,N/A,N/A,N/A
267,1770457435597,Sentence shown,HF_16_A,,,,N/A,N/A,N/A,N/A,N/A,N/A,N/A
267,1770457436627,Validation Wrong IR pressed,HF_16_A,,,,Spacebar,0,N/A,1030,N/A,N/A,N/A
267,1770457436627,IR pressed,HF_16_A,,,,Spacebar,0,N/A,1030,N/A,N/A,N/A
267,1770457436777,WR pressed,HF_16_A,,,,Yes,N/A,N/A,N/A,150,N/A,N/A
267,1770457436777,gap_time,N/A,,,,GapTime_938,N/A,N/A,N/A,N/A,N/A,N/A
267,1770457437717,Sentence shown,HF_31_A,,,,N/A,N/A,N/A,N/A,N/A,N/A,N/A
267,1770457441727,gap_time,N/A,,,,GapTime_1108,N/A,N/A,N/A,N/A,N/A,N/A
267,1770457442840,Sentence shown,HF_24_A,,,,N/A,N/A,N/A,N/A,N/A,N/A,N/A
267,1770457446850,gap_time,N/A,,,,GapTime_939,N/A,N/A,N/A,N/A,N/A,N/A
267,1770457447793,Sentence shown,HH_143_P,true,,true,N/A,N/A,N/A,N/A,N/A,N/A,N/A
267,1770457449674,IR pressed,HH_143_P,true,,true,Spacebar,1,N/A,1881,N/A,N/A,N/A
267,1770457449881,WR pressed,HH_143_P,true,,true,No,N/A,1,N/A,207,N/A,N/A
267,1770457449882,gap_time,N/A,true,,true,GapTime_1046,N/A,N/A,N/A,N/A,N/A,N/A
267,1770457450934,Sentence shown,HF_8_A,,,,N/A,N/A,N/A,N/A,N/A,N/A,N/A
267,1770457452496,Validation Wrong IR pressed,HF_8_A,,,,Spacebar,0,N/A,1562,N/A,N/A,N/A
267,1770457452496,IR pressed,HF_8_A,,,,Spacebar,0,N/A,1562,N/A,N/A,N/A
267,1770457454239,WR pressed,HF_8_A,,,,Yes,N/A,N/A,N/A,1743,N/A,N/A
267,1770457454239,gap_time,N/A,,,,GapTime_1162,N/A,N/A,N/A,N/A,N/A,N/A
267,1770457455403,Sentence shown,HF_12_A,,,,N/A,N/A,N/A,N/A,N/A,N/A,N/A
267,1770457457070,Validation Wrong IR pressed,HF_12_A,,,,Spacebar,0,N/A,1667,N/A,N/A,N/A
267,1770457457070,IR pressed,HF_12_A,,,,Spacebar,0,N/A,1667,N/A,N/A,N/A
267,1770457457257,WR pressed,HF_12_A,,,,No,N/A,N/A,N/A,187,N/A,N/A
267,1770457457257,gap_time,N/A,,,,GapTime_1009,N/A,N/A,N/A,N/A,N/A,N/A
267,1770457458278,Sentence shown,HF_14_A,,,,N/A,N/A,N/A,N/A,N/A,N/A,N/A
267,1770457459900,Validation Wrong IR pressed,HF_14_A,,,,Spacebar,0,N/A,1622,N/A,N/A,N/A
267,1770457459900,IR pressed,HF_14_A,,,,Spacebar,0,N/A,1622,N/A,N/A,N/A
267,1770457460092,WR pressed,HF_14_A,,,,No,N/A,N/A,N/A,192,N/A,N/A
267,1770457460092,gap_time,N/A,,,,GapTime_1048,N/A,N/A,N/A,N/A,N/A,N/A
267,1770457461153,Sentence shown,HF_8_A,,true,true,N/A,N/A,N/A,N/A,N/A,N/A,N/A
267,1770457462636,Validation IR pressed,HF_8_A,,true,true,Spacebar,1,N/A,1483,N/A,N/A,N/A
267,1770457462636,IR pressed,HF_8_A,,true,true,Spacebar,1,N/A,1483,N/A,N/A,N/A
267,1770457462788,WR pressed,HF_8_A,,true,true,No,N/A,N/A,N/A,152,N/A,N/A
267,1770457462788,gap_time,N/A,,true,true,GapTime_714,N/A,N/A,N/A,N/A,N/A,N/A
267,1770457463507,Sentence shown,LVL_114_P,true,,,N/A,N/A,N/A,N/A,N/A,N/A,N/A
267,1770457467516,gap_time,N/A,true,,,GapTime_702,N/A,N/A,N/A,N/A,N/A,N/A
267,1770457468228,Sentence shown,HF_22_A,,,,N/A,N/A,N/A,N/A,N/A,N/A,N/A
267,1770457472236,gap_time,N/A,,,,GapTime_1278,N/A,N/A,N/A,N/A,N/A,N/A
267,1770457473521,Sentence shown,HVL_111_A,true,,,N/A,N/A,N/A,N/A,N/A,N/A,N/A
267,1770457477528,gap_time,N/A,true,,,GapTime_1019,N/A,N/A,N/A,N/A,N/A,N/A
267,1770457478549,Sentence shown,HVL_151_P,true,,,N/A,N/A,N/A,N/A,N/A,N/A,N/A
267,1770457482560,gap_time,N/A,true,,,GapTime_1094,N/A,N/A,N/A,N/A,N/A,N/A
267,1770457483659,Sentence shown,HH_176_P,true,,,N/A,N/A,N/A,N/A,N/A,N/A,N/A
267,1770457487672,gap_time,N/A,true,,,GapTime_805,N/A,N/A,N/A,N/A,N/A,N/A
267,1770457488492,Sentence shown,HF_23_A,,,,N/A,N/A,N/A,N/A,N/A,N/A,N/A
267,1770457492496,gap_time,N/A,,,,GapTime_928,N/A,N/A,N/A,N/A,N/A,N/A
267,1770457493440,Sentence shown,HF_30_A,,,,N/A,N/A,N/A,N/A,N/A,N/A,N/A
267,1770457497452,gap_time,N/A,,,,GapTime_1270,N/A,N/A,N/A,N/A,N/A,N/A
267,1770457498736,Sentence shown,HF_6_A,,,,N/A,N/A,N/A,N/A,N/A,N/A,N/A
267,1770457500368,Validation Wrong IR pressed,HF_6_A,,,,Spacebar,0,N/A,1632,N/A,N/A,N/A
267,1770457500368,IR pressed,HF_6_A,,,,Spacebar,0,N/A,1632,N/A,N/A,N/A
267,1770457500949,WR pressed,HF_6_A,,,,No,N/A,N/A,N/A,581,N/A,N/A
267,1770457500949,gap_time,N/A,,,,GapTime_1125,N/A,N/A,N/A,N/A,N/A,N/A
267,1770457502082,Sentence shown,LVL_114_A,true,,true,N/A,N/A,N/A,N/A,N/A,N/A,N/A
267,1770457504498,IR pressed,LVL_114_A,true,,true,Spacebar,1,N/A,2416,N/A,N/A,N/A
267,1770457504729,WR pressed,LVL_114_A,true,,true,Yes,N/A,0,N/A,231,N/A,N/A
267,1770457504729,gap_time,N/A,true,,true,GapTime_1108,N/A,N/A,N/A,N/A,N/A,N/A
267,1770457505841,Sentence shown,HF_27_A,,,,N/A,N/A,N/A,N/A,N/A,N/A,N/A
267,1770457509852,gap_time,N/A,,,,GapTime_827,N/A,N/A,N/A,N/A,N/A,N/A
267,1770457510688,Sentence shown,HVL_111_P,true,,true,N/A,N/A,N/A,N/A,N/A,N/A,N/A
267,1770457514695,gap_time,N/A,true,,true,GapTime_852,N/A,N/A,N/A,N/A,N/A,N/A
267,1770457515561,Sentence shown,LVH_100_P,true,,,N/A,N/A,N/A,N/A,N/A,N/A,N/A
267,1770457519567,gap_time,N/A,true,,,GapTime_1039,N/A,N/A,N/A,N/A,N/A,N/A
267,1770457520619,Sentence shown,HVL_151_P,true,,true,N/A,N/A,N/A,N/A,N/A,N/A,N/A
267,1770457521782,IR pressed,HVL_151_P,true,,true,Spacebar,1,N/A,1163,N/A,N/A,N/A
267,1770457526380,WR pressed,HVL_151_P,true,,true,No,N/A,0,N/A,4598,N/A,N/A
267,1770457526380,gap_time,N/A,true,,true,GapTime_1039,N/A,N/A,N/A,N/A,N/A,N/A
267,1770457527430,Sentence shown,LVH_102_A,true,,,N/A,N/A,N/A,N/A,N/A,N/A,N/A
267,1770457531440,gap_time,N/A,true,,,GapTime_1040,N/A,N/A,N/A,N/A,N/A,N/A
267,1770457532492,Sentence shown,LVH_130_A,true,,,N/A,N/A,N/A,N/A,N/A,N/A,N/A
267,1770457536499,gap_time,N/A,true,,,GapTime_1050,N/A,N/A,N/A,N/A,N/A,N/A
267,1770457537553,Sentence shown,HH_176_P,true,,true,N/A,N/A,N/A,N/A,N/A,N/A,N/A
267,1770457538828,IR pressed,HH_176_P,true,,true,Spacebar,1,N/A,1275,N/A,N/A,N/A
267,1770457541143,WR pressed,HH_176_P,true,,true,Yes,N/A,1,N/A,2315,N/A,N/A
267,1770457541144,gap_time,N/A,true,,true,GapTime_897,N/A,N/A,N/A,N/A,N/A,N/A
267,1770457542056,Sentence shown,LVH_100_P,true,,true,N/A,N/A,N/A,N/A,N/A,N/A,N/A
267,1770457543741,IR pressed,LVH_100_P,true,,true,Spacebar,1,N/A,1685,N/A,N/A,N/A
267,1770457544213,WR pressed,LVH_100_P,true,,true,Yes,N/A,1,N/A,472,N/A,N/A
267,1770457544214,gap_time,N/A,true,,true,GapTime_1049,N/A,N/A,N/A,N/A,N/A,N/A
267,1770457545275,Sentence shown,LVH_102_A,true,,true,N/A,N/A,N/A,N/A,N/A,N/A,N/A
267,1770457547221,IR pressed,LVH_102_A,true,,true,Spacebar,1,N/A,1946,N/A,N/A,N/A
267,1770457547705,WR pressed,LVH_102_A,true,,true,Yes,N/A,1,N/A,484,N/A,N/A
267,1770457547706,gap_time,N/A,true,,true,GapTime_840,N/A,N/A,N/A,N/A,N/A,N/A
267,1770457548559,Sentence shown,LVH_130_P,true,,true,N/A,N/A,N/A,N/A,N/A,N/A,N/A
267,1770457549870,IR pressed,LVH_130_P,true,,true,Spacebar,1,N/A,1311,N/A,N/A,N/A
267,1770457550045,WR pressed,LVH_130_P,true,,true,No,N/A,1,N/A,175,N/A,N/A
267,1770457550045,gap_time,N/A,true,,true,GapTime_1118,N/A,N/A,N/A,N/A,N/A,N/A
267,1770457551176,Rest Phase started,N/A,true,,true,Rest,N/A,N/A,N/A,N/A,N/A,N/A
267,1770457557606,Sentence shown,HF_45_A,,,,N/A,N/A,N/A,N/A,N/A,N/A,N/A
267,1770457561608,gap_time,N/A,,,,GapTime_716,N/A,N/A,N/A,N/A,N/A,N/A
267,1770457562336,Sentence shown,HF_41_A,,,,N/A,N/A,N/A,N/A,N/A,N/A,N/A
267,1770457566341,gap_time,N/A,,,,GapTime_1295,N/A,N/A,N/A,N/A,N/A,N/A
267,1770457567642,Sentence shown,HF_57_A,,,,N/A,N/A,N/A,N/A,N/A,N/A,N/A
267,1770457571649,gap_time,N/A,,,,GapTime_1062,N/A,N/A,N/A,N/A,N/A,N/A
267,1770457572717,Sentence shown,HF_41_A,,true,true,N/A,N/A,N/A,N/A,N/A,N/A,N/A
267,1770457574581,Validation IR pressed,HF_41_A,,true,true,Spacebar,1,N/A,1864,N/A,N/A,N/A
267,1770457574581,IR pressed,HF_41_A,,true,true,Spacebar,1,N/A,1864,N/A,N/A,N/A
267,1770457575227,WR pressed,HF_41_A,,true,true,No,N/A,N/A,N/A,646,N/A,N/A
267,1770457575228,gap_time,N/A,,true,true,GapTime_983,N/A,N/A,N/A,N/A,N/A,N/A
267,1770457576214,Sentence shown,HF_45_A,,true,true,N/A,N/A,N/A,N/A,N/A,N/A,N/A
267,1770457577589,Validation IR pressed,HF_45_A,,true,true,Spacebar,1,N/A,1375,N/A,N/A,N/A
267,1770457577589,IR pressed,HF_45_A,,true,true,Spacebar,1,N/A,1375,N/A,N/A,N/A
267,1770457577839,WR pressed,HF_45_A,,true,true,Yes,N/A,N/A,N/A,250,N/A,N/A
267,1770457577839,gap_time,N/A,,true,true,GapTime_876,N/A,N/A,N/A,N/A,N/A,N/A
267,1770457578718,Sentence shown,LVL_135_P,true,,,N/A,N/A,N/A,N/A,N/A,N/A,N/A
267,1770457582725,gap_time,N/A,true,,,GapTime_783,N/A,N/A,N/A,N/A,N/A,N/A
267,1770457583516,Sentence shown,HF_63_A,,,,N/A,N/A,N/A,N/A,N/A,N/A,N/A
267,1770457587527,gap_time,N/A,,,,GapTime_889,N/A,N/A,N/A,N/A,N/A,N/A
267,1770457588425,Sentence shown,LVH_107_P,true,,,N/A,N/A,N/A,N/A,N/A,N/A,N/A
267,1770457592431,gap_time,N/A,true,,,GapTime_735,N/A,N/A,N/A,N/A,N/A,N/A
267,1770457593174,Sentence shown,HF_47_A,,,,N/A,N/A,N/A,N/A,N/A,N/A,N/A
267,1770457597183,gap_time,N/A,,,,GapTime_1274,N/A,N/A,N/A,N/A,N/A,N/A
267,1770457598468,Sentence shown,HF_34_A,,,,N/A,N/A,N/A,N/A,N/A,N/A,N/A
267,1770457602475,gap_time,N/A,,,,GapTime_1258,N/A,N/A,N/A,N/A,N/A,N/A
267,1770457603746,Sentence shown,LVL_135_A,true,,true,N/A,N/A,N/A,N/A,N/A,N/A,N/A
267,1770457604983,IR pressed,LVL_135_A,true,,true,Spacebar,1,N/A,1237,N/A,N/A,N/A
267,1770457605162,WR pressed,LVL_135_A,true,,true,Yes,N/A,0,N/A,179,N/A,N/A
267,1770457605162,gap_time,N/A,true,,true,GapTime_1001,N/A,N/A,N/A,N/A,N/A,N/A
267,1770457606175,Sentence shown,HF_55_A,,,,N/A,N/A,N/A,N/A,N/A,N/A,N/A
267,1770457610182,gap_time,N/A,,,,GapTime_1297,N/A,N/A,N/A,N/A,N/A,N/A
267,1770457611482,Sentence shown,HF_34_A,,true,true,N/A,N/A,N/A,N/A,N/A,N/A,N/A
267,1770457612329,Validation IR pressed,HF_34_A,,true,true,Spacebar,1,N/A,847,N/A,N/A,N/A
267,1770457612329,IR pressed,HF_34_A,,true,true,Spacebar,1,N/A,847,N/A,N/A,N/A
267,1770457612495,WR pressed,HF_34_A,,true,true,Yes,N/A,N/A,N/A,166,N/A,N/A
267,1770457612496,gap_time,N/A,,true,true,GapTime_792,N/A,N/A,N/A,N/A,N/A,N/A
267,1770457613294,Sentence shown,HF_64_A,,,,N/A,N/A,N/A,N/A,N/A,N/A,N/A
267,1770457617301,gap_time,N/A,,,,GapTime_1040,N/A,N/A,N/A,N/A,N/A,N/A
267,1770457618354,Sentence shown,HF_64_A,,true,true,N/A,N/A,N/A,N/A,N/A,N/A,N/A
267,1770457619085,Validation IR pressed,HF_64_A,,true,true,Spacebar,1,N/A,731,N/A,N/A,N/A
267,1770457619085,IR pressed,HF_64_A,,true,true,Spacebar,1,N/A,731,N/A,N/A,N/A
267,1770457619229,WR pressed,HF_64_A,,true,true,Yes,N/A,N/A,N/A,144,N/A,N/A
267,1770457619229,gap_time,N/A,,true,true,GapTime_709,N/A,N/A,N/A,N/A,N/A,N/A
267,1770457619949,Sentence shown,LVH_107_A,true,,true,N/A,N/A,N/A,N/A,N/A,N/A,N/A
267,1770457621580,IR pressed,LVH_107_A,true,,true,Spacebar,1,N/A,1631,N/A,N/A,N/A
267,1770457621696,WR pressed,LVH_107_A,true,,true,Yes,N/A,0,N/A,116,N/A,N/A
267,1770457621696,gap_time,N/A,true,,true,GapTime_1014,N/A,N/A,N/A,N/A,N/A,N/A
267,1770457622719,Sentence shown,HF_49_A,,,,N/A,N/A,N/A,N/A,N/A,N/A,N/A
267,1770457626726,gap_time,N/A,,,,GapTime_744,N/A,N/A,N/A,N/A,N/A,N/A
267,1770457627486,Sentence shown,LVL_130_P,true,,,N/A,N/A,N/A,N/A,N/A,N/A,N/A
267,1770457631494,gap_time,N/A,true,,,GapTime_877,N/A,N/A,N/A,N/A,N/A,N/A
267,1770457632375,Sentence shown,HF_56_A,,,,N/A,N/A,N/A,N/A,N/A,N/A,N/A
267,1770457636382,gap_time,N/A,,,,GapTime_1128,N/A,N/A,N/A,N/A,N/A,N/A
267,1770457637512,Sentence shown,LVH_159_P,true,,,N/A,N/A,N/A,N/A,N/A,N/A,N/A
267,1770457641519,gap_time,N/A,true,,,GapTime_866,N/A,N/A,N/A,N/A,N/A,N/A
267,1770457642402,Sentence shown,HF_58_A,,,,N/A,N/A,N/A,N/A,N/A,N/A,N/A
267,1770457646410,gap_time,N/A,,,,GapTime_1027,N/A,N/A,N/A,N/A,N/A,N/A
267,1770457647448,Sentence shown,HF_53_A,,,,N/A,N/A,N/A,N/A,N/A,N/A,N/A
267,1770457651452,gap_time,N/A,,,,GapTime_719,N/A,N/A,N/A,N/A,N/A,N/A
267,1770457652179,Sentence shown,HF_35_A,,,,N/A,N/A,N/A,N/A,N/A,N/A,N/A
267,1770457656189,gap_time,N/A,,,,GapTime_1126,N/A,N/A,N/A,N/A,N/A,N/A
267,1770457657317,Sentence shown,HF_53_A,,true,true,N/A,N/A,N/A,N/A,N/A,N/A,N/A
267,1770457658235,Validation IR pressed,HF_53_A,,true,true,Spacebar,1,N/A,918,N/A,N/A,N/A
267,1770457658235,IR pressed,HF_53_A,,true,true,Spacebar,1,N/A,918,N/A,N/A,N/A
267,1770457658515,WR pressed,HF_53_A,,true,true,Yes,N/A,N/A,N/A,280,N/A,N/A
267,1770457658515,gap_time,N/A,,true,true,GapTime_1026,N/A,N/A,N/A,N/A,N/A,N/A
267,1770457659544,Sentence shown,LVL_130_P,true,,true,N/A,N/A,N/A,N/A,N/A,N/A,N/A
267,1770457661083,IR pressed,LVL_130_P,true,,true,Spacebar,1,N/A,1539,N/A,N/A,N/A
267,1770457661308,WR pressed,LVL_130_P,true,,true,Yes,N/A,1,N/A,225,N/A,N/A
267,1770457661308,gap_time,N/A,true,,true,GapTime_1031,N/A,N/A,N/A,N/A,N/A,N/A
267,1770457662342,Sentence shown,HH_148_P,true,,,N/A,N/A,N/A,N/A,N/A,N/A,N/A
267,1770457666346,gap_time,N/A,true,,,GapTime_725,N/A,N/A,N/A,N/A,N/A,N/A
267,1770457667073,Sentence shown,HF_52_A,,,,N/A,N/A,N/A,N/A,N/A,N/A,N/A
267,1770457671080,gap_time,N/A,,,,GapTime_704,N/A,N/A,N/A,N/A,N/A,N/A
267,1770457671791,Sentence shown,HF_59_A,,,,N/A,N/A,N/A,N/A,N/A,N/A,N/A
267,1770457675798,gap_time,N/A,,,,GapTime_1236,N/A,N/A,N/A,N/A,N/A,N/A
267,1770457677038,Sentence shown,HF_43_A,,,,N/A,N/A,N/A,N/A,N/A,N/A,N/A
267,1770457680794,Validation Wrong IR pressed,HF_43_A,,,,Spacebar,0,N/A,3756,N/A,N/A,N/A
267,1770457680794,IR pressed,HF_43_A,,,,Spacebar,0,N/A,3756,N/A,N/A,N/A
267,1770457685436,WR pressed,HF_43_A,,,,No,N/A,N/A,N/A,4642,N/A,N/A
267,1770457685436,gap_time,N/A,,,,GapTime_1166,N/A,N/A,N/A,N/A,N/A,N/A
267,1770457686604,Sentence shown,LVH_159_P,true,,true,N/A,N/A,N/A,N/A,N/A,N/A,N/A
267,1770457688017,IR pressed,LVH_159_P,true,,true,Spacebar,1,N/A,1412,N/A,N/A,N/A
267,1770457688265,WR pressed,LVH_159_P,true,,true,No,N/A,0,N/A,248,N/A,N/A
267,1770457688265,gap_time,N/A,true,,true,GapTime_1071,N/A,N/A,N/A,N/A,N/A,N/A
267,1770457689346,Sentence shown,HF_59_A,,true,true,N/A,N/A,N/A,N/A,N/A,N/A,N/A
267,1770457690512,Validation IR pressed,HF_59_A,,true,true,Spacebar,1,N/A,1166,N/A,N/A,N/A
267,1770457690512,IR pressed,HF_59_A,,true,true,Spacebar,1,N/A,1166,N/A,N/A,N/A
267,1770457690723,WR pressed,HF_59_A,,true,true,Yes,N/A,N/A,N/A,211,N/A,N/A
267,1770457690724,gap_time,N/A,,true,true,GapTime_732,N/A,N/A,N/A,N/A,N/A,N/A
267,1770457691466,Sentence shown,HF_60_A,,,,N/A,N/A,N/A,N/A,N/A,N/A,N/A
267,1770457695474,gap_time,N/A,,,,GapTime_781,N/A,N/A,N/A,N/A,N/A,N/A
267,1770457696263,Sentence shown,HF_48_A,,,,N/A,N/A,N/A,N/A,N/A,N/A,N/A
267,1770457700269,gap_time,N/A,,,,GapTime_1016,N/A,N/A,N/A,N/A,N/A,N/A
267,1770457701291,Sentence shown,HF_36_A,,,,N/A,N/A,N/A,N/A,N/A,N/A,N/A
267,1770457705300,gap_time,N/A,,,,GapTime_1258,N/A,N/A,N/A,N/A,N/A,N/A
267,1770457706568,Sentence shown,HF_48_A,,true,true,N/A,N/A,N/A,N/A,N/A,N/A,N/A
267,1770457707704,Validation IR pressed,HF_48_A,,true,true,Spacebar,1,N/A,1136,N/A,N/A,N/A
267,1770457707704,IR pressed,HF_48_A,,true,true,Spacebar,1,N/A,1136,N/A,N/A,N/A
267,1770457707805,WR pressed,HF_48_A,,true,true,Yes,N/A,N/A,N/A,101,N/A,N/A
267,1770457707805,gap_time,N/A,,true,true,GapTime_1260,N/A,N/A,N/A,N/A,N/A,N/A
267,1770457709076,Sentence shown,LVL_103_A,true,,,N/A,N/A,N/A,N/A,N/A,N/A,N/A
267,1770457713082,gap_time,N/A,true,,,GapTime_1230,N/A,N/A,N/A,N/A,N/A,N/A
267,1770457714322,Sentence shown,HH_148_P,true,,true,N/A,N/A,N/A,N/A,N/A,N/A,N/A
267,1770457716674,IR pressed,HH_148_P,true,,true,Spacebar,1,N/A,2352,N/A,N/A,N/A
267,1770457717445,WR pressed,HH_148_P,true,,true,Yes,N/A,1,N/A,771,N/A,N/A
267,1770457717445,gap_time,N/A,true,,true,GapTime_958,N/A,N/A,N/A,N/A,N/A,N/A
267,1770457718408,Sentence shown,HVL_153_P,true,,,N/A,N/A,N/A,N/A,N/A,N/A,N/A
267,1770457722418,gap_time,N/A,true,,,GapTime_1187,N/A,N/A,N/A,N/A,N/A,N/A
267,1770457723612,Sentence shown,HF_42_A,,,,N/A,N/A,N/A,N/A,N/A,N/A,N/A
267,1770457727623,gap_time,N/A,,,,GapTime_1047,N/A,N/A,N/A,N/A,N/A,N/A
267,1770457728676,Sentence shown,HF_42_A,,true,true,N/A,N/A,N/A,N/A,N/A,N/A,N/A
267,1770457729498,Validation IR pressed,HF_42_A,,true,true,Spacebar,1,N/A,822,N/A,N/A,N/A
267,1770457729498,IR pressed,HF_42_A,,true,true,Spacebar,1,N/A,822,N/A,N/A,N/A
267,1770457729617,WR pressed,HF_42_A,,true,true,Yes,N/A,N/A,N/A,119,N/A,N/A
267,1770457729618,gap_time,N/A,,true,true,GapTime_1270,N/A,N/A,N/A,N/A,N/A,N/A
267,1770457730891,Sentence shown,HH_138_P,true,,,N/A,N/A,N/A,N/A,N/A,N/A,N/A
267,1770457734900,gap_time,N/A,true,,,GapTime_1213,N/A,N/A,N/A,N/A,N/A,N/A
267,1770457736123,Sentence shown,HVL_107_A,true,,,N/A,N/A,N/A,N/A,N/A,N/A,N/A
267,1770457740132,gap_time,N/A,true,,,GapTime_1111,N/A,N/A,N/A,N/A,N/A,N/A
267,1770457741246,Sentence shown,HF_61_A,,,,N/A,N/A,N/A,N/A,N/A,N/A,N/A
267,1770457745251,gap_time,N/A,,,,GapTime_1018,N/A,N/A,N/A,N/A,N/A,N/A
267,1770457746271,Sentence shown,HF_54_A,,,,N/A,N/A,N/A,N/A,N/A,N/A,N/A
267,1770457750280,gap_time,N/A,,,,GapTime_925,N/A,N/A,N/A,N/A,N/A,N/A
267,1770457751208,Sentence shown,LVL_103_P,true,,true,N/A,N/A,N/A,N/A,N/A,N/A,N/A
267,1770457753465,IR pressed,LVL_103_P,true,,true,Spacebar,1,N/A,2257,N/A,N/A,N/A
267,1770457753610,WR pressed,LVL_103_P,true,,true,Yes,N/A,0,N/A,145,N/A,N/A
267,1770457753610,gap_time,N/A,true,,true,GapTime_854,N/A,N/A,N/A,N/A,N/A,N/A
267,1770457754474,Sentence shown,HF_61_A,,true,true,N/A,N/A,N/A,N/A,N/A,N/A,N/A
267,1770457755731,Validation IR pressed,HF_61_A,,true,true,Spacebar,1,N/A,1257,N/A,N/A,N/A
267,1770457755731,IR pressed,HF_61_A,,true,true,Spacebar,1,N/A,1257,N/A,N/A,N/A
267,1770457755853,WR pressed,HF_61_A,,true,true,Yes,N/A,N/A,N/A,122,N/A,N/A
267,1770457755853,gap_time,N/A,,true,true,GapTime_1088,N/A,N/A,N/A,N/A,N/A,N/A
267,1770457756951,Sentence shown,HH_162_A,true,,,N/A,N/A,N/A,N/A,N/A,N/A,N/A
267,1770457760401,Validation Wrong IR pressed,HH_162_A,true,,,Spacebar,0,N/A,3450,N/A,N/A,N/A
267,1770457760401,IR pressed,HH_162_A,true,,,Spacebar,0,N/A,3450,N/A,N/A,N/A
267,1770457760800,WR pressed,HH_162_A,true,,,No,N/A,0,N/A,399,N/A,N/A
267,1770457760801,gap_time,N/A,true,,,GapTime_1236,N/A,N/A,N/A,N/A,N/A,N/A
267,1770457762043,Sentence shown,HF_38_A,,,,N/A,N/A,N/A,N/A,N/A,N/A,N/A
267,1770457763042,Validation Wrong IR pressed,HF_38_A,,,,Spacebar,0,N/A,999,N/A,N/A,N/A
267,1770457763042,IR pressed,HF_38_A,,,,Spacebar,0,N/A,999,N/A,N/A,N/A
267,1770457763207,WR pressed,HF_38_A,,,,Yes,N/A,N/A,N/A,165,N/A,N/A
267,1770457763208,gap_time,N/A,,,,GapTime_851,N/A,N/A,N/A,N/A,N/A,N/A
267,1770457764069,Sentence shown,HH_138_A,true,,true,N/A,N/A,N/A,N/A,N/A,N/A,N/A
267,1770457764952,IR pressed,HH_138_A,true,,true,Spacebar,1,N/A,883,N/A,N/A,N/A
267,1770457765585,WR pressed,HH_138_A,true,,true,No,N/A,1,N/A,633,N/A,N/A
267,1770457765585,gap_time,N/A,true,,true,GapTime_1275,N/A,N/A,N/A,N/A,N/A,N/A
267,1770457766871,Sentence shown,HVL_153_P,true,,true,N/A,N/A,N/A,N/A,N/A,N/A,N/A
267,1770457767922,IR pressed,HVL_153_P,true,,true,Spacebar,1,N/A,1051,N/A,N/A,N/A
267,1770457768089,WR pressed,HVL_153_P,true,,true,Yes,N/A,1,N/A,167,N/A,N/A
267,1770457768089,gap_time,N/A,true,,true,GapTime_1253,N/A,N/A,N/A,N/A,N/A,N/A
267,1770457769345,Sentence shown,HF_50_A,,,,N/A,N/A,N/A,N/A,N/A,N/A,N/A
267,1770457773354,gap_time,N/A,,,,GapTime_1152,N/A,N/A,N/A,N/A,N/A,N/A
267,1770457774514,Sentence shown,HF_37_A,,,,N/A,N/A,N/A,N/A,N/A,N/A,N/A
267,1770457776030,Validation Wrong IR pressed,HF_37_A,,,,Spacebar,0,N/A,1516,N/A,N/A,N/A
267,1770457776030,IR pressed,HF_37_A,,,,Spacebar,0,N/A,1516,N/A,N/A,N/A
267,1770457777180,WR pressed,HF_37_A,,,,Yes,N/A,N/A,N/A,1150,N/A,N/A
267,1770457777180,gap_time,N/A,,,,GapTime_1216,N/A,N/A,N/A,N/A,N/A,N/A
267,1770457778398,Sentence shown,LVL_146_A,true,,,N/A,N/A,N/A,N/A,N/A,N/A,N/A
267,1770457782406,gap_time,N/A,true,,,GapTime_800,N/A,N/A,N/A,N/A,N/A,N/A
267,1770457783210,Sentence shown,HVL_107_A,true,,true,N/A,N/A,N/A,N/A,N/A,N/A,N/A
267,1770457786072,IR pressed,HVL_107_A,true,,true,Spacebar,1,N/A,2862,N/A,N/A,N/A
267,1770457786330,WR pressed,HVL_107_A,true,,true,Yes,N/A,1,N/A,258,N/A,N/A
267,1770457786330,gap_time,N/A,true,,true,GapTime_1173,N/A,N/A,N/A,N/A,N/A,N/A
267,1770457787511,Sentence shown,HH_162_A,true,,true,N/A,N/A,N/A,N/A,N/A,N/A,N/A
267,1770457789875,IR pressed,HH_162_A,true,,true,Spacebar,1,N/A,2364,N/A,N/A,N/A
267,1770457792764,WR pressed,HH_162_A,true,,true,No,N/A,0,N/A,2888,N/A,N/A
267,1770457792764,gap_time,N/A,true,,true,GapTime_1219,N/A,N/A,N/A,N/A,N/A,N/A
267,1770457793993,Sentence shown,LVH_109_A,true,,,N/A,N/A,N/A,N/A,N/A,N/A,N/A
267,1770457798001,gap_time,N/A,true,,,GapTime_982,N/A,N/A,N/A,N/A,N/A,N/A
267,1770457798992,Sentence shown,HF_51_A,,,,N/A,N/A,N/A,N/A,N/A,N/A,N/A
267,1770457802999,gap_time,N/A,,,,GapTime_952,N/A,N/A,N/A,N/A,N/A,N/A
267,1770457803958,Sentence shown,HH_144_A,true,,,N/A,N/A,N/A,N/A,N/A,N/A,N/A
267,1770457807968,gap_time,N/A,true,,,GapTime_1256,N/A,N/A,N/A,N/A,N/A,N/A
267,1770457809237,Sentence shown,HVL_113_P,true,,,N/A,N/A,N/A,N/A,N/A,N/A,N/A
267,1770457813246,gap_time,N/A,true,,,GapTime_1200,N/A,N/A,N/A,N/A,N/A,N/A
267,1770457814452,Sentence shown,HF_44_A,,,,N/A,N/A,N/A,N/A,N/A,N/A,N/A
267,1770457818457,gap_time,N/A,,,,GapTime_1006,N/A,N/A,N/A,N/A,N/A,N/A
267,1770457819464,Sentence shown,HF_65_A,,,,N/A,N/A,N/A,N/A,N/A,N/A,N/A
267,1770457823474,gap_time,N/A,,,,GapTime_857,N/A,N/A,N/A,N/A,N/A,N/A
267,1770457824342,Sentence shown,LVL_146_A,true,,true,N/A,N/A,N/A,N/A,N/A,N/A,N/A
267,1770457825787,IR pressed,LVL_146_A,true,,true,Spacebar,1,N/A,1445,N/A,N/A,N/A
267,1770457831427,WR pressed,LVL_146_A,true,,true,No,N/A,0,N/A,5640,N/A,N/A
267,1770457831427,gap_time,N/A,true,,true,GapTime_703,N/A,N/A,N/A,N/A,N/A,N/A
267,1770457832141,Sentence shown,HF_44_A,,true,true,N/A,N/A,N/A,N/A,N/A,N/A,N/A
267,1770457833813,Validation IR pressed,HF_44_A,,true,true,Spacebar,1,N/A,1672,N/A,N/A,N/A
267,1770457833813,IR pressed,HF_44_A,,true,true,Spacebar,1,N/A,1672,N/A,N/A,N/A
267,1770457833997,WR pressed,HF_44_A,,true,true,Yes,N/A,N/A,N/A,184,N/A,N/A
267,1770457833997,gap_time,N/A,,true,true,GapTime_806,N/A,N/A,N/A,N/A,N/A,N/A
267,1770457834819,Sentence shown,LVH_109_A,true,,true,N/A,N/A,N/A,N/A,N/A,N/A,N/A
267,1770457836069,IR pressed,LVH_109_A,true,,true,Spacebar,1,N/A,1250,N/A,N/A,N/A
267,1770457836199,WR pressed,LVH_109_A,true,,true,Yes,N/A,1,N/A,130,N/A,N/A
267,1770457836199,gap_time,N/A,true,,true,GapTime_1215,N/A,N/A,N/A,N/A,N/A,N/A
267,1770457837420,Sentence shown,HF_39_A,,,,N/A,N/A,N/A,N/A,N/A,N/A,N/A
267,1770457841427,gap_time,N/A,,,,GapTime_1020,N/A,N/A,N/A,N/A,N/A,N/A
267,1770457842449,Sentence shown,HF_40_A,,,,N/A,N/A,N/A,N/A,N/A,N/A,N/A
267,1770457843748,Validation Wrong IR pressed,HF_40_A,,,,Spacebar,0,N/A,1299,N/A,N/A,N/A
267,1770457843748,IR pressed,HF_40_A,,,,Spacebar,0,N/A,1299,N/A,N/A,N/A
267,1770457843853,WR pressed,HF_40_A,,,,Yes,N/A,N/A,N/A,105,N/A,N/A
267,1770457843853,gap_time,N/A,,,,GapTime_729,N/A,N/A,N/A,N/A,N/A,N/A
267,1770457844585,Sentence shown,HF_46_A,,,,N/A,N/A,N/A,N/A,N/A,N/A,N/A
267,1770457848590,gap_time,N/A,,,,GapTime_824,N/A,N/A,N/A,N/A,N/A,N/A
267,1770457849427,Sentence shown,HVL_102_A,true,,,N/A,N/A,N/A,N/A,N/A,N/A,N/A
267,1770457853433,gap_time,N/A,true,,,GapTime_1124,N/A,N/A,N/A,N/A,N/A,N/A
267,1770457854564,Sentence shown,HH_144_P,true,,true,N/A,N/A,N/A,N/A,N/A,N/A,N/A
267,1770457856837,IR pressed,HH_144_P,true,,true,Spacebar,1,N/A,2273,N/A,N/A,N/A
267,1770457857065,WR pressed,HH_144_P,true,,true,No,N/A,1,N/A,228,N/A,N/A
267,1770457857066,gap_time,N/A,true,,true,GapTime_857,N/A,N/A,N/A,N/A,N/A,N/A
267,1770457857925,Sentence shown,LVH_126_A,true,,,N/A,N/A,N/A,N/A,N/A,N/A,N/A
267,1770457861934,gap_time,N/A,true,,,GapTime_1009,N/A,N/A,N/A,N/A,N/A,N/A
267,1770457862957,Sentence shown,HVL_113_A,true,,true,N/A,N/A,N/A,N/A,N/A,N/A,N/A
267,1770457864578,IR pressed,HVL_113_A,true,,true,Spacebar,1,N/A,1621,N/A,N/A,N/A
267,1770457864994,WR pressed,HVL_113_A,true,,true,Yes,N/A,0,N/A,416,N/A,N/A
267,1770457864994,gap_time,N/A,true,,true,GapTime_864,N/A,N/A,N/A,N/A,N/A,N/A
267,1770457865865,Sentence shown,HF_62_A,,,,N/A,N/A,N/A,N/A,N/A,N/A,N/A
267,1770457869871,gap_time,N/A,,,,GapTime_1289,N/A,N/A,N/A,N/A,N/A,N/A
267,1770457871171,Sentence shown,HVL_102_P,true,,true,N/A,N/A,N/A,N/A,N/A,N/A,N/A
267,1770457872545,IR pressed,HVL_102_P,true,,true,Spacebar,1,N/A,1374,N/A,N/A,N/A
267,1770457872746,WR pressed,HVL_102_P,true,,true,No,N/A,1,N/A,201,N/A,N/A
267,1770457872746,gap_time,N/A,true,,true,GapTime_832,N/A,N/A,N/A,N/A,N/A,N/A
267,1770457873586,Sentence shown,LVH_126_P,true,,true,N/A,N/A,N/A,N/A,N/A,N/A,N/A
267,1770457875003,IR pressed,LVH_126_P,true,,true,Spacebar,1,N/A,1417,N/A,N/A,N/A
267,1770457875173,WR pressed,LVH_126_P,true,,true,No,N/A,1,N/A,170,N/A,N/A
267,1770457875173,gap_time,N/A,true,,true,GapTime_757,N/A,N/A,N/A,N/A,N/A,N/A
267,1770457875936,Rest Phase started,N/A,true,,true,Rest,N/A,N/A,N/A,N/A,N/A,N/A
267,1770457891684,Sentence shown,HF_88_A,,,,N/A,N/A,N/A,N/A,N/A,N/A,N/A
267,1770457895692,gap_time,N/A,,,,GapTime_984,N/A,N/A,N/A,N/A,N/A,N/A
267,1770457896682,Sentence shown,HF_81_A,,,,N/A,N/A,N/A,N/A,N/A,N/A,N/A
267,1770457900690,gap_time,N/A,,,,GapTime_1047,N/A,N/A,N/A,N/A,N/A,N/A
267,1770457901743,Sentence shown,HF_88_A,,true,true,N/A,N/A,N/A,N/A,N/A,N/A,N/A
267,1770457903272,Validation IR pressed,HF_88_A,,true,true,Spacebar,1,N/A,1529,N/A,N/A,N/A
267,1770457903272,IR pressed,HF_88_A,,true,true,Spacebar,1,N/A,1529,N/A,N/A,N/A
267,1770457903378,WR pressed,HF_88_A,,true,true,No,N/A,N/A,N/A,106,N/A,N/A
267,1770457903378,gap_time,N/A,,true,true,GapTime_986,N/A,N/A,N/A,N/A,N/A,N/A
267,1770457904373,Sentence shown,HF_70_A,,,,N/A,N/A,N/A,N/A,N/A,N/A,N/A
267,1770457908380,gap_time,N/A,,,,GapTime_922,N/A,N/A,N/A,N/A,N/A,N/A
267,1770457909307,Sentence shown,HF_81_A,,true,true,N/A,N/A,N/A,N/A,N/A,N/A,N/A
267,1770457913277,Validation IR pressed,HF_81_A,,true,true,Spacebar,1,N/A,3970,N/A,N/A,N/A
267,1770457913277,IR pressed,HF_81_A,,true,true,Spacebar,1,N/A,3970,N/A,N/A,N/A
267,1770457914643,WR pressed,HF_81_A,,true,true,Yes,N/A,N/A,N/A,1366,N/A,N/A
267,1770457914643,gap_time,N/A,,true,true,GapTime_941,N/A,N/A,N/A,N/A,N/A,N/A
267,1770457915590,Sentence shown,HF_82_A,,,,N/A,N/A,N/A,N/A,N/A,N/A,N/A
267,1770457919601,gap_time,N/A,,,,GapTime_1011,N/A,N/A,N/A,N/A,N/A,N/A
267,1770457920622,Sentence shown,HF_85_A,,,,N/A,N/A,N/A,N/A,N/A,N/A,N/A
267,1770457924631,gap_time,N/A,,,,GapTime_700,N/A,N/A,N/A,N/A,N/A,N/A
267,1770457925343,Sentence shown,LVL_107_P,true,,,N/A,N/A,N/A,N/A,N/A,N/A,N/A
267,1770457929351,gap_time,N/A,true,,,GapTime_700,N/A,N/A,N/A,N/A,N/A,N/A
267,1770457930063,Sentence shown,HF_84_A,,,,N/A,N/A,N/A,N/A,N/A,N/A,N/A
267,1770457934069,gap_time,N/A,,,,GapTime_858,N/A,N/A,N/A,N/A,N/A,N/A
267,1770457934936,Sentence shown,HF_97_A,,,,N/A,N/A,N/A,N/A,N/A,N/A,N/A
267,1770457938943,gap_time,N/A,,,,GapTime_946,N/A,N/A,N/A,N/A,N/A,N/A
267,1770457939904,Sentence shown,HF_84_A,,true,true,N/A,N/A,N/A,N/A,N/A,N/A,N/A
267,1770457942959,Validation IR pressed,HF_84_A,,true,true,Spacebar,1,N/A,3055,N/A,N/A,N/A
267,1770457942959,IR pressed,HF_84_A,,true,true,Spacebar,1,N/A,3055,N/A,N/A,N/A
267,1770457946246,WR pressed,HF_84_A,,true,true,No,N/A,N/A,N/A,3287,N/A,N/A
267,1770457946247,gap_time,N/A,,true,true,GapTime_750,N/A,N/A,N/A,N/A,N/A,N/A
267,1770457947009,Sentence shown,HF_75_A,,,,N/A,N/A,N/A,N/A,N/A,N/A,N/A
267,1770457951020,gap_time,N/A,,,,GapTime_810,N/A,N/A,N/A,N/A,N/A,N/A
267,1770457951841,Sentence shown,HF_68_A,,,,N/A,N/A,N/A,N/A,N/A,N/A,N/A
267,1770457955846,gap_time,N/A,,,,GapTime_991,N/A,N/A,N/A,N/A,N/A,N/A
267,1770457956850,Sentence shown,HF_67_A,,,,N/A,N/A,N/A,N/A,N/A,N/A,N/A
267,1770457960859,gap_time,N/A,,,,GapTime_838,N/A,N/A,N/A,N/A,N/A,N/A
267,1770457961710,Sentence shown,HF_68_A,,true,true,N/A,N/A,N/A,N/A,N/A,N/A,N/A
267,1770457964979,Validation IR pressed,HF_68_A,,true,true,Spacebar,1,N/A,3269,N/A,N/A,N/A
267,1770457964979,IR pressed,HF_68_A,,true,true,Spacebar,1,N/A,3269,N/A,N/A,N/A
267,1770457965103,WR pressed,HF_68_A,,true,true,Yes,N/A,N/A,N/A,124,N/A,N/A
267,1770457965103,gap_time,N/A,,true,true,GapTime_1105,N/A,N/A,N/A,N/A,N/A,N/A
267,1770457966215,Sentence shown,HF_67_A,,true,true,N/A,N/A,N/A,N/A,N/A,N/A,N/A
267,1770457967588,Validation IR pressed,HF_67_A,,true,true,Spacebar,1,N/A,1373,N/A,N/A,N/A
267,1770457967588,IR pressed,HF_67_A,,true,true,Spacebar,1,N/A,1373,N/A,N/A,N/A
267,1770457967684,WR pressed,HF_67_A,,true,true,Yes,N/A,N/A,N/A,96,N/A,N/A
267,1770457967684,gap_time,N/A,,true,true,GapTime_806,N/A,N/A,N/A,N/A,N/A,N/A
267,1770457968502,Sentence shown,LVL_107_A,true,,true,N/A,N/A,N/A,N/A,N/A,N/A,N/A
267,1770457972382,IR pressed,LVL_107_A,true,,true,Spacebar,1,N/A,3880,N/A,N/A,N/A
267,1770457973119,WR pressed,LVL_107_A,true,,true,No,N/A,1,N/A,737,N/A,N/A
267,1770457973119,gap_time,N/A,true,,true,GapTime_1215,N/A,N/A,N/A,N/A,N/A,N/A
267,1770457974338,Sentence shown,HF_74_A,,,,N/A,N/A,N/A,N/A,N/A,N/A,N/A
267,1770457978346,gap_time,N/A,,,,GapTime_1009,N/A,N/A,N/A,N/A,N/A,N/A
267,1770457979366,Sentence shown,HF_76_A,,,,N/A,N/A,N/A,N/A,N/A,N/A,N/A
267,1770457983378,gap_time,N/A,,,,GapTime_765,N/A,N/A,N/A,N/A,N/A,N/A
267,1770457984152,Sentence shown,HF_93_A,,,,N/A,N/A,N/A,N/A,N/A,N/A,N/A
267,1770457988157,gap_time,N/A,,,,GapTime_1204,N/A,N/A,N/A,N/A,N/A,N/A
267,1770457989365,Sentence shown,HF_69_A,,,,N/A,N/A,N/A,N/A,N/A,N/A,N/A
267,1770457993371,gap_time,N/A,,,,GapTime_978,N/A,N/A,N/A,N/A,N/A,N/A
267,1770457994361,Sentence shown,LVH_106_A,true,,,N/A,N/A,N/A,N/A,N/A,N/A,N/A
267,1770457998370,gap_time,N/A,true,,,GapTime_1104,N/A,N/A,N/A,N/A,N/A,N/A
267,1770457999484,Sentence shown,LVH_116_A,true,,,N/A,N/A,N/A,N/A,N/A,N/A,N/A
267,1770458003493,gap_time,N/A,true,,,GapTime_1219,N/A,N/A,N/A,N/A,N/A,N/A
267,1770458004717,Sentence shown,HF_66_A,,,,N/A,N/A,N/A,N/A,N/A,N/A,N/A
267,1770458008725,gap_time,N/A,,,,GapTime_1085,N/A,N/A,N/A,N/A,N/A,N/A
267,1770458009823,Sentence shown,HF_90_A,,,,N/A,N/A,N/A,N/A,N/A,N/A,N/A
267,1770458013834,gap_time,N/A,,,,GapTime_1260,N/A,N/A,N/A,N/A,N/A,N/A
267,1770458015105,Sentence shown,HF_78_A,,,,N/A,N/A,N/A,N/A,N/A,N/A,N/A
267,1770458019116,gap_time,N/A,,,,GapTime_1040,N/A,N/A,N/A,N/A,N/A,N/A
267,1770458020169,Sentence shown,HF_90_A,,true,true,N/A,N/A,N/A,N/A,N/A,N/A,N/A
267,1770458022438,Validation IR pressed,HF_90_A,,true,true,Spacebar,1,N/A,2269,N/A,N/A,N/A
267,1770458022438,IR pressed,HF_90_A,,true,true,Spacebar,1,N/A,2269,N/A,N/A,N/A
267,1770458023839,WR pressed,HF_90_A,,true,true,No,N/A,N/A,N/A,1401,N/A,N/A
267,1770458023839,gap_time,N/A,,true,true,GapTime_868,N/A,N/A,N/A,N/A,N/A,N/A
267,1770458024718,Sentence shown,LVH_106_A,true,,true,N/A,N/A,N/A,N/A,N/A,N/A,N/A
267,1770458026339,IR pressed,LVH_106_A,true,,true,Spacebar,1,N/A,1621,N/A,N/A,N/A
267,1770458026687,WR pressed,LVH_106_A,true,,true,Yes,N/A,1,N/A,348,N/A,N/A
267,1770458026687,gap_time,N/A,true,,true,GapTime_1228,N/A,N/A,N/A,N/A,N/A,N/A
267,1770458027920,Sentence shown,HF_78_A,,true,true,N/A,N/A,N/A,N/A,N/A,N/A,N/A
267,1770458029262,Validation IR pressed,HF_78_A,,true,true,Spacebar,1,N/A,1342,N/A,N/A,N/A
267,1770458029262,IR pressed,HF_78_A,,true,true,Spacebar,1,N/A,1342,N/A,N/A,N/A
267,1770458029474,WR pressed,HF_78_A,,true,true,Yes,N/A,N/A,N/A,212,N/A,N/A
267,1770458029474,gap_time,N/A,,true,true,GapTime_730,N/A,N/A,N/A,N/A,N/A,N/A
267,1770458030211,Sentence shown,LVH_134_P,true,,,N/A,N/A,N/A,N/A,N/A,N/A,N/A
267,1770458034220,gap_time,N/A,true,,,GapTime_1076,N/A,N/A,N/A,N/A,N/A,N/A
267,1770458035304,Sentence shown,HF_94_A,,,,N/A,N/A,N/A,N/A,N/A,N/A,N/A
267,1770458039310,gap_time,N/A,,,,GapTime_1236,N/A,N/A,N/A,N/A,N/A,N/A
267,1770458040546,Sentence shown,HF_77_A,,,,N/A,N/A,N/A,N/A,N/A,N/A,N/A
267,1770458044555,gap_time,N/A,,,,GapTime_1050,N/A,N/A,N/A,N/A,N/A,N/A
267,1770458045607,Sentence shown,LVH_116_P,true,,true,N/A,N/A,N/A,N/A,N/A,N/A,N/A
267,1770458046907,IR pressed,LVH_116_P,true,,true,Spacebar,1,N/A,1300,N/A,N/A,N/A
267,1770458047013,WR pressed,LVH_116_P,true,,true,No,N/A,1,N/A,106,N/A,N/A
267,1770458047013,gap_time,N/A,true,,true,GapTime_748,N/A,N/A,N/A,N/A,N/A,N/A
267,1770458047775,Sentence shown,HF_94_A,,true,true,N/A,N/A,N/A,N/A,N/A,N/A,N/A
267,1770458049625,Validation IR pressed,HF_94_A,,true,true,Spacebar,1,N/A,1850,N/A,N/A,N/A
267,1770458049625,IR pressed,HF_94_A,,true,true,Spacebar,1,N/A,1850,N/A,N/A,N/A
267,1770458052023,WR pressed,HF_94_A,,true,true,Yes,N/A,N/A,N/A,2398,N/A,N/A
267,1770458052023,gap_time,N/A,,true,true,GapTime_809,N/A,N/A,N/A,N/A,N/A,N/A
267,1770458052837,Sentence shown,HF_77_A,,true,true,N/A,N/A,N/A,N/A,N/A,N/A,N/A
267,1770458054012,Validation IR pressed,HF_77_A,,true,true,Spacebar,1,N/A,1175,N/A,N/A,N/A
267,1770458054012,IR pressed,HF_77_A,,true,true,Spacebar,1,N/A,1175,N/A,N/A,N/A
267,1770458054123,WR pressed,HF_77_A,,true,true,Yes,N/A,N/A,N/A,111,N/A,N/A
267,1770458054123,gap_time,N/A,,true,true,GapTime_1178,N/A,N/A,N/A,N/A,N/A,N/A
267,1770458055312,Sentence shown,HF_91_A,,,,N/A,N/A,N/A,N/A,N/A,N/A,N/A
267,1770458059318,gap_time,N/A,,,,GapTime_856,N/A,N/A,N/A,N/A,N/A,N/A
267,1770458060184,Sentence shown,LVL_149_A,true,,,N/A,N/A,N/A,N/A,N/A,N/A,N/A
267,1770458064194,gap_time,N/A,true,,,GapTime_847,N/A,N/A,N/A,N/A,N/A,N/A
267,1770458065045,Sentence shown,HF_92_A,,,,N/A,N/A,N/A,N/A,N/A,N/A,N/A
267,1770458069055,gap_time,N/A,,,,GapTime_1069,N/A,N/A,N/A,N/A,N/A,N/A
267,1770458070136,Sentence shown,LVL_100_P,true,,,N/A,N/A,N/A,N/A,N/A,N/A,N/A
267,1770458072664,Validation Wrong IR pressed,LVL_100_P,true,,,Spacebar,0,N/A,2528,N/A,N/A,N/A
267,1770458072664,IR pressed,LVL_100_P,true,,,Spacebar,0,N/A,2528,N/A,N/A,N/A
267,1770458072816,WR pressed,LVL_100_P,true,,,No,N/A,0,N/A,152,N/A,N/A
267,1770458072816,gap_time,N/A,true,,,GapTime_1004,N/A,N/A,N/A,N/A,N/A,N/A
267,1770458073836,Sentence shown,HF_71_A,,,,N/A,N/A,N/A,N/A,N/A,N/A,N/A
267,1770458076687,Validation Wrong IR pressed,HF_71_A,,,,Spacebar,0,N/A,2851,N/A,N/A,N/A
267,1770458076687,IR pressed,HF_71_A,,,,Spacebar,0,N/A,2851,N/A,N/A,N/A
267,1770458076775,WR pressed,HF_71_A,,,,No,N/A,N/A,N/A,88,N/A,N/A
267,1770458076775,gap_time,N/A,,,,GapTime_1014,N/A,N/A,N/A,N/A,N/A,N/A
267,1770458077797,Sentence shown,LVH_134_P,true,,true,N/A,N/A,N/A,N/A,N/A,N/A,N/A
267,1770458080382,IR pressed,LVH_134_P,true,,true,Spacebar,1,N/A,2585,N/A,N/A,N/A
267,1770458080493,WR pressed,LVH_134_P,true,,true,No,N/A,0,N/A,111,N/A,N/A
267,1770458080493,gap_time,N/A,true,,true,GapTime_1264,N/A,N/A,N/A,N/A,N/A,N/A
267,1770458081761,Sentence shown,HF_87_A,,,,N/A,N/A,N/A,N/A,N/A,N/A,N/A
267,1770458085766,gap_time,N/A,,,,GapTime_1252,N/A,N/A,N/A,N/A,N/A,N/A
267,1770458087020,Sentence shown,LVL_140_A,true,,,N/A,N/A,N/A,N/A,N/A,N/A,N/A
267,1770458091029,gap_time,N/A,true,,,GapTime_1195,N/A,N/A,N/A,N/A,N/A,N/A
267,1770458092233,Sentence shown,HF_72_A,,,,N/A,N/A,N/A,N/A,N/A,N/A,N/A
267,1770458095241,Validation Wrong IR pressed,HF_72_A,,,,Spacebar,0,N/A,3008,N/A,N/A,N/A
267,1770458095241,IR pressed,HF_72_A,,,,Spacebar,0,N/A,3008,N/A,N/A,N/A
267,1770458095600,WR pressed,HF_72_A,,,,No,N/A,N/A,N/A,359,N/A,N/A
267,1770458095600,gap_time,N/A,,,,GapTime_1223,N/A,N/A,N/A,N/A,N/A,N/A
267,1770458096830,Sentence shown,HF_86_A,,,,N/A,N/A,N/A,N/A,N/A,N/A,N/A
267,1770458100835,gap_time,N/A,,,,GapTime_1191,N/A,N/A,N/A,N/A,N/A,N/A
267,1770458102042,Sentence shown,LVL_149_A,true,,true,N/A,N/A,N/A,N/A,N/A,N/A,N/A
267,1770458103124,IR pressed,LVL_149_A,true,,true,Spacebar,1,N/A,1082,N/A,N/A,N/A
267,1770458103247,WR pressed,LVL_149_A,true,,true,Yes,N/A,1,N/A,123,N/A,N/A
267,1770458103247,gap_time,N/A,true,,true,GapTime_978,N/A,N/A,N/A,N/A,N/A,N/A
267,1770458104240,Sentence shown,HVL_134_P,true,,,N/A,N/A,N/A,N/A,N/A,N/A,N/A
267,1770458108249,gap_time,N/A,true,,,GapTime_729,N/A,N/A,N/A,N/A,N/A,N/A
267,1770458108990,Sentence shown,HF_83_A,,,,N/A,N/A,N/A,N/A,N/A,N/A,N/A
267,1770458112995,gap_time,N/A,,,,GapTime_860,N/A,N/A,N/A,N/A,N/A,N/A
267,1770458113860,Sentence shown,LVL_100_P,true,,true,N/A,N/A,N/A,N/A,N/A,N/A,N/A
267,1770458115328,IR pressed,LVL_100_P,true,,true,Spacebar,1,N/A,1468,N/A,N/A,N/A
267,1770458117987,WR pressed,LVL_100_P,true,,true,No,N/A,0,N/A,2659,N/A,N/A
267,1770458117987,gap_time,N/A,true,,true,GapTime_813,N/A,N/A,N/A,N/A,N/A,N/A
267,1770458118811,Sentence shown,HF_96_A,,,,N/A,N/A,N/A,N/A,N/A,N/A,N/A
267,1770458122821,gap_time,N/A,,,,GapTime_1153,N/A,N/A,N/A,N/A,N/A,N/A
267,1770458123981,Sentence shown,HVL_146_A,true,,,N/A,N/A,N/A,N/A,N/A,N/A,N/A
267,1770458127991,gap_time,N/A,true,,,GapTime_767,N/A,N/A,N/A,N/A,N/A,N/A
267,1770458128764,Sentence shown,HH_146_P,true,,,N/A,N/A,N/A,N/A,N/A,N/A,N/A
267,1770458132770,gap_time,N/A,true,,,GapTime_947,N/A,N/A,N/A,N/A,N/A,N/A
267,1770458133728,Sentence shown,LVL_140_P,true,,true,N/A,N/A,N/A,N/A,N/A,N/A,N/A
267,1770458135136,IR pressed,LVL_140_P,true,,true,Spacebar,1,N/A,1408,N/A,N/A,N/A
267,1770458137495,WR pressed,LVL_140_P,true,,true,Yes,N/A,0,N/A,2359,N/A,N/A
267,1770458137495,gap_time,N/A,true,,true,GapTime_1270,N/A,N/A,N/A,N/A,N/A,N/A
267,1770458138773,Sentence shown,LVH_124_P,true,,,N/A,N/A,N/A,N/A,N/A,N/A,N/A
267,1770458142779,gap_time,N/A,true,,,GapTime_974,N/A,N/A,N/A,N/A,N/A,N/A
267,1770458143769,Sentence shown,HVL_117_P,true,,,N/A,N/A,N/A,N/A,N/A,N/A,N/A
267,1770458147778,gap_time,N/A,true,,,GapTime_1082,N/A,N/A,N/A,N/A,N/A,N/A
267,1770458148863,Sentence shown,HF_80_A,,,,N/A,N/A,N/A,N/A,N/A,N/A,N/A
267,1770458152870,gap_time,N/A,,,,GapTime_1148,N/A,N/A,N/A,N/A,N/A,N/A
267,1770458154030,Sentence shown,HVL_134_A,true,,true,N/A,N/A,N/A,N/A,N/A,N/A,N/A
267,1770458155733,IR pressed,HVL_134_A,true,,true,Spacebar,1,N/A,1703,N/A,N/A,N/A
267,1770458158075,WR pressed,HVL_134_A,true,,true,No,N/A,1,N/A,2341,N/A,N/A
267,1770458158075,gap_time,N/A,true,,true,GapTime_1145,N/A,N/A,N/A,N/A,N/A,N/A
267,1770458159232,Sentence shown,HVL_112_A,true,,,N/A,N/A,N/A,N/A,N/A,N/A,N/A
267,1770458163240,gap_time,N/A,true,,,GapTime_1030,N/A,N/A,N/A,N/A,N/A,N/A
267,1770458164275,Sentence shown,HH_139_A,true,,,N/A,N/A,N/A,N/A,N/A,N/A,N/A
267,1770458168286,gap_time,N/A,true,,,GapTime_1086,N/A,N/A,N/A,N/A,N/A,N/A
267,1770458169384,Sentence shown,HF_73_A,,,,N/A,N/A,N/A,N/A,N/A,N/A,N/A
267,1770458173390,gap_time,N/A,,,,GapTime_1131,N/A,N/A,N/A,N/A,N/A,N/A
267,1770458174532,Sentence shown,HVL_146_P,true,,true,N/A,N/A,N/A,N/A,N/A,N/A,N/A
267,1770458176540,IR pressed,HVL_146_P,true,,true,Spacebar,1,N/A,2008,N/A,N/A,N/A
267,1770458177310,WR pressed,HVL_146_P,true,,true,No,N/A,1,N/A,770,N/A,N/A
267,1770458177310,gap_time,N/A,true,,true,GapTime_1038,N/A,N/A,N/A,N/A,N/A,N/A
267,1770458178350,Sentence shown,HF_89_A,,,,N/A,N/A,N/A,N/A,N/A,N/A,N/A
267,1770458179832,Validation Wrong IR pressed,HF_89_A,,,,Spacebar,0,N/A,1482,N/A,N/A,N/A
267,1770458179832,IR pressed,HF_89_A,,,,Spacebar,0,N/A,1482,N/A,N/A,N/A
267,1770458180725,WR pressed,HF_89_A,,,,Yes,N/A,N/A,N/A,893,N/A,N/A
267,1770458180725,gap_time,N/A,,,,GapTime_1269,N/A,N/A,N/A,N/A,N/A,N/A
267,1770458182006,Sentence shown,HVL_117_P,true,,true,N/A,N/A,N/A,N/A,N/A,N/A,N/A
267,1770458183657,IR pressed,HVL_117_P,true,,true,Spacebar,1,N/A,1651,N/A,N/A,N/A
267,1770458183819,WR pressed,HVL_117_P,true,,true,No,N/A,0,N/A,162,N/A,N/A
267,1770458183819,gap_time,N/A,true,,true,GapTime_1040,N/A,N/A,N/A,N/A,N/A,N/A
267,1770458184871,Sentence shown,HH_146_P,true,,true,N/A,N/A,N/A,N/A,N/A,N/A,N/A
267,1770458187775,IR pressed,HH_146_P,true,,true,Spacebar,1,N/A,2904,N/A,N/A,N/A
267,1770458187923,WR pressed,HH_146_P,true,,true,Yes,N/A,1,N/A,148,N/A,N/A
267,1770458187923,gap_time,N/A,true,,true,GapTime_971,N/A,N/A,N/A,N/A,N/A,N/A
267,1770458188910,Sentence shown,HH_150_P,true,,,N/A,N/A,N/A,N/A,N/A,N/A,N/A
267,1770458192919,gap_time,N/A,true,,,GapTime_959,N/A,N/A,N/A,N/A,N/A,N/A
267,1770458193879,Sentence shown,LVH_124_A,true,,true,N/A,N/A,N/A,N/A,N/A,N/A,N/A
267,1770458195779,IR pressed,LVH_124_A,true,,true,Spacebar,1,N/A,1900,N/A,N/A,N/A
267,1770458197553,WR pressed,LVH_124_A,true,,true,No,N/A,1,N/A,1774,N/A,N/A
267,1770458197553,gap_time,N/A,true,,true,GapTime_982,N/A,N/A,N/A,N/A,N/A,N/A
267,1770458198547,Sentence shown,HF_95_A,,,,N/A,N/A,N/A,N/A,N/A,N/A,N/A
267,1770458202557,gap_time,N/A,,,,GapTime_1136,N/A,N/A,N/A,N/A,N/A,N/A
267,1770458203702,Sentence shown,HF_79_A,,,,N/A,N/A,N/A,N/A,N/A,N/A,N/A
267,1770458207708,gap_time,N/A,,,,GapTime_822,N/A,N/A,N/A,N/A,N/A,N/A
267,1770458208546,Sentence shown,HH_152_A,true,,,N/A,N/A,N/A,N/A,N/A,N/A,N/A
267,1770458212552,gap_time,N/A,true,,,GapTime_755,N/A,N/A,N/A,N/A,N/A,N/A
267,1770458213311,Sentence shown,HH_139_P,true,,true,N/A,N/A,N/A,N/A,N/A,N/A,N/A
267,1770458214834,IR pressed,HH_139_P,true,,true,Spacebar,1,N/A,1523,N/A,N/A,N/A
267,1770458217286,WR pressed,HH_139_P,true,,true,No,N/A,1,N/A,2452,N/A,N/A
267,1770458217287,gap_time,N/A,true,,true,GapTime_936,N/A,N/A,N/A,N/A,N/A,N/A
267,1770458218231,Sentence shown,HF_79_A,,true,true,N/A,N/A,N/A,N/A,N/A,N/A,N/A
267,1770458220224,Validation IR pressed,HF_79_A,,true,true,Spacebar,1,N/A,1993,N/A,N/A,N/A
267,1770458220224,IR pressed,HF_79_A,,true,true,Spacebar,1,N/A,1993,N/A,N/A,N/A
267,1770458220364,WR pressed,HF_79_A,,true,true,Yes,N/A,N/A,N/A,140,N/A,N/A
267,1770458220364,gap_time,N/A,,true,true,GapTime_1005,N/A,N/A,N/A,N/A,N/A,N/A
267,1770458221384,Sentence shown,HVL_112_A,true,,true,N/A,N/A,N/A,N/A,N/A,N/A,N/A
267,1770458223678,IR pressed,HVL_112_A,true,,true,Spacebar,1,N/A,2294,N/A,N/A,N/A
267,1770458223841,WR pressed,HVL_112_A,true,,true,Yes,N/A,1,N/A,163,N/A,N/A
267,1770458223842,gap_time,N/A,true,,true,GapTime_1254,N/A,N/A,N/A,N/A,N/A,N/A
267,1770458225099,Sentence shown,HH_150_A,true,,true,N/A,N/A,N/A,N/A,N/A,N/A,N/A
267,1770458226399,IR pressed,HH_150_A,true,,true,Spacebar,1,N/A,1300,N/A,N/A,N/A
267,1770458227285,WR pressed,HH_150_A,true,,true,No,N/A,1,N/A,886,N/A,N/A
267,1770458227285,gap_time,N/A,true,,true,GapTime_1144,N/A,N/A,N/A,N/A,N/A,N/A
267,1770458228441,Sentence shown,HH_152_A,true,,true,N/A,N/A,N/A,N/A,N/A,N/A,N/A
267,1770458230195,IR pressed,HH_152_A,true,,true,Spacebar,1,N/A,1754,N/A,N/A,N/A
267,1770458232074,WR pressed,HH_152_A,true,,true,No,N/A,0,N/A,1879,N/A,N/A
267,1770458232074,gap_time,N/A,true,,true,GapTime_896,N/A,N/A,N/A,N/A,N/A,N/A
