participant_ID,Timestamp,Event,Stimulus,isTarget,isValidation,isRepeat,Button,Accuracy IR,Accuracy WR,Reaction_time_IR,Reaction_time_WR,CR_IR,CR_WR
270,1770461190885,Practice Sentence shown,HH_127_A,true,,,N/A,N/A,N/A,N/A,N/A,N/A,N/A
270,1770461193120,Practice IR pressed,HH_127_A,true,,,Spacebar,0,N/A,2235,N/A,N/A,N/A
270,1770461199121,Practice Sentence shown,HH_132_A,true,,,N/A,N/A,N/A,N/A,N/A,N/A,N/A
270,1770461204645,Practice Sentence shown,HL_21_A,,,,N/A,N/A,N/A,N/A,N/A,N/A,N/A
270,1770461210162,Practice Sentence shown,HH_100_A,true,,,N/A,N/A,N/A,N/A,N/A,N/A,N/A
270,1770461215689,Practice Sentence shown,HH_104_A,true,,,N/A,N/A,N/A,N/A,N/A,N/A,N/A
270,1770461221210,Practice Sentence shown,HL_24_A,,,,N/A,N/A,N/A,N/A,N/A,N/A,N/A
270,1770461226727,Practice Sentence shown,HH_127_A,true,,true,N/A,N/A,N/A,N/A,N/A,N/A,N/A
270,1770461228214,Practice IR pressed,HH_127_A,true,,true,Spacebar,1,N/A,1487,N/A,N/A,N/A
270,1770461231162,Practice WR pressed,HH_127_A,true,,true,Yes,N/A,1,N/A,2948,N/A,N/A
270,1770461232671,Practice Sentence shown,N/A,,,,N/A,N/A,N/A,N/A,N/A,N/A,N/A
270,1770461238192,Practice Sentence shown,HH_132_P,true,,true,N/A,N/A,N/A,N/A,N/A,N/A,N/A
270,1770461240329,Practice IR pressed,HH_132_P,true,,true,Spacebar,1,N/A,2137,N/A,N/A,N/A
270,1770461241370,Practice WR pressed,HH_132_P,true,,true,Yes,N/A,0,N/A,1041,N/A,N/A
270,1770461247734,Practice Sentence shown,HL_45_A,,,,N/A,N/A,N/A,N/A,N/A,N/A,N/A
270,1770461253257,Practice Sentence shown,HH_104_P,true,,true,N/A,N/A,N/A,N/A,N/A,N/A,N/A
270,1770461255150,Practice IR pressed,HH_104_P,true,,true,Spacebar,1,N/A,1893,N/A,N/A,N/A
270,1770461256133,Practice WR pressed,HH_104_P,true,,true,Yes,N/A,0,N/A,983,N/A,N/A
270,1770461262145,Practice Sentence shown,HL_43_A,,,,N/A,N/A,N/A,N/A,N/A,N/A,N/A
270,1770461267674,Practice Sentence shown,HH_100_A,true,,true,N/A,N/A,N/A,N/A,N/A,N/A,N/A
270,1770461269278,Practice IR pressed,HH_100_A,true,,true,Spacebar,1,N/A,1604,N/A,N/A,N/A
270,1770461270526,Practice WR pressed,HH_100_A,true,,true,Yes,N/A,1,N/A,1248,N/A,N/A
270,1770461272041,Practice Sentence shown,HL_17_A,,,,N/A,N/A,N/A,N/A,N/A,N/A,N/A
270,1770461277562,Practice Sentence shown,HL_48_A,,,,N/A,N/A,N/A,N/A,N/A,N/A,N/A
270,1770461283083,Practice Sentence shown,HL_31_A,,,,N/A,N/A,N/A,N/A,N/A,N/A,N/A
270,1770461288610,Practice Sentence shown,HH_108_A,true,,,N/A,N/A,N/A,N/A,N/A,N/A,N/A
270,1770461294125,Practice Sentence shown,HL_9_A,,,,N/A,N/A,N/A,N/A,N/A,N/A,N/A
270,1770461299647,Practice Sentence shown,HL_13_A,,,,N/A,N/A,N/A,N/A,N/A,N/A,N/A
270,1770461305165,Practice Sentence shown,HH_108_P,true,,true,N/A,N/A,N/A,N/A,N/A,N/A,N/A
270,1770461307107,Practice IR pressed,HH_108_P,true,,true,Spacebar,1,N/A,1942,N/A,N/A,N/A
270,1770461309095,Practice WR pressed,HH_108_P,true,,true,Yes,N/A,0,N/A,1988,N/A,N/A
270,1770461329389,Sentence shown,HF_28_A,,,,N/A,N/A,N/A,N/A,N/A,N/A,N/A
270,1770461333398,gap_time,N/A,,,,GapTime_983,N/A,N/A,N/A,N/A,N/A,N/A
270,1770461334397,Sentence shown,HVL_114_A,true,,,N/A,N/A,N/A,N/A,N/A,N/A,N/A
270,1770461338410,gap_time,N/A,true,,,GapTime_740,N/A,N/A,N/A,N/A,N/A,N/A
270,1770461339161,Sentence shown,HF_26_A,,,,N/A,N/A,N/A,N/A,N/A,N/A,N/A
270,1770461343173,gap_time,N/A,,,,GapTime_770,N/A,N/A,N/A,N/A,N/A,N/A
270,1770461343955,Sentence shown,HF_4_A,,,,N/A,N/A,N/A,N/A,N/A,N/A,N/A
270,1770461347970,gap_time,N/A,,,,GapTime_1215,N/A,N/A,N/A,N/A,N/A,N/A
270,1770461349197,Sentence shown,HF_5_A,,,,N/A,N/A,N/A,N/A,N/A,N/A,N/A
270,1770461353206,gap_time,N/A,,,,GapTime_1151,N/A,N/A,N/A,N/A,N/A,N/A
270,1770461354371,Sentence shown,LVL_100_P,true,,,N/A,N/A,N/A,N/A,N/A,N/A,N/A
270,1770461358378,gap_time,N/A,true,,,GapTime_954,N/A,N/A,N/A,N/A,N/A,N/A
270,1770461359342,Sentence shown,HF_24_A,,,,N/A,N/A,N/A,N/A,N/A,N/A,N/A
270,1770461363351,gap_time,N/A,,,,GapTime_980,N/A,N/A,N/A,N/A,N/A,N/A
270,1770461364334,Sentence shown,HF_18_A,,,,N/A,N/A,N/A,N/A,N/A,N/A,N/A
270,1770461368349,gap_time,N/A,,,,GapTime_1275,N/A,N/A,N/A,N/A,N/A,N/A
270,1770461369628,Sentence shown,HVL_114_A,true,,true,N/A,N/A,N/A,N/A,N/A,N/A,N/A
270,1770461371190,IR pressed,HVL_114_A,true,,true,Spacebar,1,N/A,1562,N/A,N/A,N/A
270,1770461372192,WR pressed,HVL_114_A,true,,true,Yes,N/A,1,N/A,1002,N/A,N/A
270,1770461372193,gap_time,N/A,true,,true,GapTime_769,N/A,N/A,N/A,N/A,N/A,N/A
270,1770461372967,Sentence shown,LVL_135_P,true,,,N/A,N/A,N/A,N/A,N/A,N/A,N/A
270,1770461376975,gap_time,N/A,true,,,GapTime_940,N/A,N/A,N/A,N/A,N/A,N/A
270,1770461377927,Sentence shown,HF_10_A,,,,N/A,N/A,N/A,N/A,N/A,N/A,N/A
270,1770461381935,gap_time,N/A,,,,GapTime_1269,N/A,N/A,N/A,N/A,N/A,N/A
270,1770461383213,Sentence shown,HF_2_A,,,,N/A,N/A,N/A,N/A,N/A,N/A,N/A
270,1770461387220,gap_time,N/A,,,,GapTime_949,N/A,N/A,N/A,N/A,N/A,N/A
270,1770461388175,Sentence shown,HF_10_A,,true,true,N/A,N/A,N/A,N/A,N/A,N/A,N/A
270,1770461389884,Validation IR pressed,HF_10_A,,true,true,Spacebar,1,N/A,1709,N/A,N/A,N/A
270,1770461389884,IR pressed,HF_10_A,,true,true,Spacebar,1,N/A,1709,N/A,N/A,N/A
270,1770461390823,WR pressed,HF_10_A,,true,true,Yes,N/A,N/A,N/A,939,N/A,N/A
270,1770461390824,gap_time,N/A,,true,true,GapTime_979,N/A,N/A,N/A,N/A,N/A,N/A
270,1770461391808,Sentence shown,LVL_100_A,true,,true,N/A,N/A,N/A,N/A,N/A,N/A,N/A
270,1770461395817,gap_time,N/A,true,,true,GapTime_1231,N/A,N/A,N/A,N/A,N/A,N/A
270,1770461397065,Sentence shown,HF_6_A,,,,N/A,N/A,N/A,N/A,N/A,N/A,N/A
270,1770461400018,Validation Wrong IR pressed,HF_6_A,,,,Spacebar,0,N/A,2953,N/A,N/A,N/A
270,1770461400018,IR pressed,HF_6_A,,,,Spacebar,0,N/A,2953,N/A,N/A,N/A
270,1770461400865,WR pressed,HF_6_A,,,,Yes,N/A,N/A,N/A,847,N/A,N/A
270,1770461400866,gap_time,N/A,,,,GapTime_1215,N/A,N/A,N/A,N/A,N/A,N/A
270,1770461402090,Sentence shown,LVL_135_P,true,,true,N/A,N/A,N/A,N/A,N/A,N/A,N/A
270,1770461403550,IR pressed,LVL_135_P,true,,true,Spacebar,1,N/A,1460,N/A,N/A,N/A
270,1770461404189,WR pressed,LVL_135_P,true,,true,Yes,N/A,1,N/A,639,N/A,N/A
270,1770461404189,gap_time,N/A,true,,true,GapTime_1219,N/A,N/A,N/A,N/A,N/A,N/A
270,1770461405425,Sentence shown,HF_30_A,,,,N/A,N/A,N/A,N/A,N/A,N/A,N/A
270,1770461409438,gap_time,N/A,,,,GapTime_1243,N/A,N/A,N/A,N/A,N/A,N/A
270,1770461410683,Sentence shown,HF_7_A,,,,N/A,N/A,N/A,N/A,N/A,N/A,N/A
270,1770461414695,gap_time,N/A,,,,GapTime_1255,N/A,N/A,N/A,N/A,N/A,N/A
270,1770461415957,Sentence shown,HF_30_A,,true,true,N/A,N/A,N/A,N/A,N/A,N/A,N/A
270,1770461417628,Validation IR pressed,HF_30_A,,true,true,Spacebar,1,N/A,1671,N/A,N/A,N/A
270,1770461417628,IR pressed,HF_30_A,,true,true,Spacebar,1,N/A,1671,N/A,N/A,N/A
270,1770461418252,WR pressed,HF_30_A,,true,true,Yes,N/A,N/A,N/A,624,N/A,N/A
270,1770461418253,gap_time,N/A,,true,true,GapTime_705,N/A,N/A,N/A,N/A,N/A,N/A
270,1770461418969,Sentence shown,HF_29_A,,,,N/A,N/A,N/A,N/A,N/A,N/A,N/A
270,1770461422972,gap_time,N/A,,,,GapTime_1115,N/A,N/A,N/A,N/A,N/A,N/A
270,1770461424102,Sentence shown,LVH_104_A,true,,,N/A,N/A,N/A,N/A,N/A,N/A,N/A
270,1770461428117,gap_time,N/A,true,,,GapTime_1084,N/A,N/A,N/A,N/A,N/A,N/A
270,1770461429215,Sentence shown,HF_20_A,,,,N/A,N/A,N/A,N/A,N/A,N/A,N/A
270,1770461433224,gap_time,N/A,,,,GapTime_1043,N/A,N/A,N/A,N/A,N/A,N/A
270,1770461434271,Sentence shown,HF_29_A,,true,true,N/A,N/A,N/A,N/A,N/A,N/A,N/A
270,1770461436218,Validation IR pressed,HF_29_A,,true,true,Spacebar,1,N/A,1947,N/A,N/A,N/A
270,1770461436218,IR pressed,HF_29_A,,true,true,Spacebar,1,N/A,1947,N/A,N/A,N/A
270,1770461436925,WR pressed,HF_29_A,,true,true,Yes,N/A,N/A,N/A,707,N/A,N/A
270,1770461436925,gap_time,N/A,,true,true,GapTime_1031,N/A,N/A,N/A,N/A,N/A,N/A
270,1770461437964,Sentence shown,LVH_116_A,true,,,N/A,N/A,N/A,N/A,N/A,N/A,N/A
270,1770461441972,gap_time,N/A,true,,,GapTime_1028,N/A,N/A,N/A,N/A,N/A,N/A
270,1770461443016,Sentence shown,LVH_121_P,true,,,N/A,N/A,N/A,N/A,N/A,N/A,N/A
270,1770461447027,gap_time,N/A,true,,,GapTime_747,N/A,N/A,N/A,N/A,N/A,N/A
270,1770461447777,Sentence shown,HF_9_A,,,,N/A,N/A,N/A,N/A,N/A,N/A,N/A
270,1770461451787,gap_time,N/A,,,,GapTime_832,N/A,N/A,N/A,N/A,N/A,N/A
270,1770461452630,Sentence shown,LVH_104_P,true,,true,N/A,N/A,N/A,N/A,N/A,N/A,N/A
270,1770461456642,gap_time,N/A,true,,true,GapTime_903,N/A,N/A,N/A,N/A,N/A,N/A
270,1770461457547,Sentence shown,HF_32_A,,,,N/A,N/A,N/A,N/A,N/A,N/A,N/A
270,1770461461559,gap_time,N/A,,,,GapTime_810,N/A,N/A,N/A,N/A,N/A,N/A
270,1770461462383,Sentence shown,LVH_116_A,true,,true,N/A,N/A,N/A,N/A,N/A,N/A,N/A
270,1770461464135,IR pressed,LVH_116_A,true,,true,Spacebar,1,N/A,1752,N/A,N/A,N/A
270,1770461465038,WR pressed,LVH_116_A,true,,true,Yes,N/A,1,N/A,903,N/A,N/A
270,1770461465039,gap_time,N/A,true,,true,GapTime_1294,N/A,N/A,N/A,N/A,N/A,N/A
270,1770461466350,Sentence shown,HF_16_A,,,,N/A,N/A,N/A,N/A,N/A,N/A,N/A
270,1770461470353,gap_time,N/A,,,,GapTime_1095,N/A,N/A,N/A,N/A,N/A,N/A
270,1770461471461,Sentence shown,HF_16_A,,true,true,N/A,N/A,N/A,N/A,N/A,N/A,N/A
270,1770461475475,Validation Missed,HF_16_A,,true,true,None,0,N/A,N/A,N/A,N/A,N/A
270,1770461475477,gap_time,N/A,,true,true,GapTime_1273,N/A,N/A,N/A,N/A,N/A,N/A
270,1770461476766,Sentence shown,HH_186_P,true,,,N/A,N/A,N/A,N/A,N/A,N/A,N/A
270,1770461480782,gap_time,N/A,true,,,GapTime_925,N/A,N/A,N/A,N/A,N/A,N/A
270,1770461481723,Sentence shown,LVH_121_P,true,,true,N/A,N/A,N/A,N/A,N/A,N/A,N/A
270,1770461483889,IR pressed,LVH_121_P,true,,true,Spacebar,1,N/A,2166,N/A,N/A,N/A
270,1770461484682,WR pressed,LVH_121_P,true,,true,Yes,N/A,1,N/A,792,N/A,N/A
270,1770461484682,gap_time,N/A,true,,true,GapTime_937,N/A,N/A,N/A,N/A,N/A,N/A
270,1770461485636,Sentence shown,HH_181_P,true,,,N/A,N/A,N/A,N/A,N/A,N/A,N/A
270,1770461489638,gap_time,N/A,true,,,GapTime_958,N/A,N/A,N/A,N/A,N/A,N/A
270,1770461490609,Sentence shown,LVH_102_P,true,,,N/A,N/A,N/A,N/A,N/A,N/A,N/A
270,1770461494618,gap_time,N/A,true,,,GapTime_1198,N/A,N/A,N/A,N/A,N/A,N/A
270,1770461495820,Sentence shown,HF_25_A,,,,N/A,N/A,N/A,N/A,N/A,N/A,N/A
270,1770461499824,gap_time,N/A,,,,GapTime_1264,N/A,N/A,N/A,N/A,N/A,N/A
270,1770461501094,Sentence shown,HF_31_A,,,,N/A,N/A,N/A,N/A,N/A,N/A,N/A
270,1770461505103,gap_time,N/A,,,,GapTime_1088,N/A,N/A,N/A,N/A,N/A,N/A
270,1770461506194,Sentence shown,HF_23_A,,,,N/A,N/A,N/A,N/A,N/A,N/A,N/A
270,1770461510206,gap_time,N/A,,,,GapTime_968,N/A,N/A,N/A,N/A,N/A,N/A
270,1770461511185,Sentence shown,HF_25_A,,true,true,N/A,N/A,N/A,N/A,N/A,N/A,N/A
270,1770461515188,Validation Missed,HF_25_A,,true,true,None,0,N/A,N/A,N/A,N/A,N/A
270,1770461515189,gap_time,N/A,,true,true,GapTime_1218,N/A,N/A,N/A,N/A,N/A,N/A
270,1770461516420,Sentence shown,HF_23_A,,true,true,N/A,N/A,N/A,N/A,N/A,N/A,N/A
270,1770461518222,Validation IR pressed,HF_23_A,,true,true,Spacebar,1,N/A,1802,N/A,N/A,N/A
270,1770461518222,IR pressed,HF_23_A,,true,true,Spacebar,1,N/A,1802,N/A,N/A,N/A
270,1770461518952,WR pressed,HF_23_A,,true,true,Yes,N/A,N/A,N/A,730,N/A,N/A
270,1770461518953,gap_time,N/A,,true,true,GapTime_1119,N/A,N/A,N/A,N/A,N/A,N/A
270,1770461520082,Sentence shown,HH_169_A,true,,,N/A,N/A,N/A,N/A,N/A,N/A,N/A
270,1770461524094,gap_time,N/A,true,,,GapTime_976,N/A,N/A,N/A,N/A,N/A,N/A
270,1770461525079,Sentence shown,HF_21_A,,,,N/A,N/A,N/A,N/A,N/A,N/A,N/A
270,1770461529084,gap_time,N/A,,,,GapTime_787,N/A,N/A,N/A,N/A,N/A,N/A
270,1770461529880,Sentence shown,HH_186_P,true,,true,N/A,N/A,N/A,N/A,N/A,N/A,N/A
270,1770461531675,IR pressed,HH_186_P,true,,true,Spacebar,1,N/A,1795,N/A,N/A,N/A
270,1770461532452,WR pressed,HH_186_P,true,,true,Yes,N/A,1,N/A,777,N/A,N/A
270,1770461532453,gap_time,N/A,true,,true,GapTime_868,N/A,N/A,N/A,N/A,N/A,N/A
270,1770461533327,Sentence shown,LVH_102_A,true,,true,N/A,N/A,N/A,N/A,N/A,N/A,N/A
270,1770461537335,gap_time,N/A,true,,true,GapTime_842,N/A,N/A,N/A,N/A,N/A,N/A
270,1770461538194,Sentence shown,HH_181_A,true,,true,N/A,N/A,N/A,N/A,N/A,N/A,N/A
270,1770461542203,gap_time,N/A,true,,true,GapTime_867,N/A,N/A,N/A,N/A,N/A,N/A
270,1770461543079,Sentence shown,HF_11_A,,,,N/A,N/A,N/A,N/A,N/A,N/A,N/A
270,1770461547088,gap_time,N/A,,,,GapTime_1264,N/A,N/A,N/A,N/A,N/A,N/A
270,1770461548368,Sentence shown,HF_14_A,,,,N/A,N/A,N/A,N/A,N/A,N/A,N/A
270,1770461552378,gap_time,N/A,,,,GapTime_1143,N/A,N/A,N/A,N/A,N/A,N/A
270,1770461553532,Sentence shown,HF_14_A,,true,true,N/A,N/A,N/A,N/A,N/A,N/A,N/A
270,1770461557547,Validation Missed,HF_14_A,,true,true,None,0,N/A,N/A,N/A,N/A,N/A
270,1770461557548,gap_time,N/A,,true,true,GapTime_1182,N/A,N/A,N/A,N/A,N/A,N/A
270,1770461558743,Sentence shown,HH_169_P,true,,true,N/A,N/A,N/A,N/A,N/A,N/A,N/A
270,1770461562752,gap_time,N/A,true,,true,GapTime_828,N/A,N/A,N/A,N/A,N/A,N/A
270,1770461563594,Sentence shown,HF_13_A,,,,N/A,N/A,N/A,N/A,N/A,N/A,N/A
270,1770461567606,gap_time,N/A,,,,GapTime_1280,N/A,N/A,N/A,N/A,N/A,N/A
270,1770461568896,Sentence shown,HH_140_A,true,,,N/A,N/A,N/A,N/A,N/A,N/A,N/A
270,1770461572903,gap_time,N/A,true,,,GapTime_729,N/A,N/A,N/A,N/A,N/A,N/A
270,1770461573636,Sentence shown,HF_27_A,,,,N/A,N/A,N/A,N/A,N/A,N/A,N/A
270,1770461577640,gap_time,N/A,,,,GapTime_824,N/A,N/A,N/A,N/A,N/A,N/A
270,1770461578480,Sentence shown,HF_22_A,,,,N/A,N/A,N/A,N/A,N/A,N/A,N/A
270,1770461582486,gap_time,N/A,,,,GapTime_1109,N/A,N/A,N/A,N/A,N/A,N/A
270,1770461583610,Sentence shown,HF_1_A,,,,N/A,N/A,N/A,N/A,N/A,N/A,N/A
270,1770461587624,gap_time,N/A,,,,GapTime_1136,N/A,N/A,N/A,N/A,N/A,N/A
270,1770461588765,Sentence shown,HF_19_A,,,,N/A,N/A,N/A,N/A,N/A,N/A,N/A
270,1770461592779,gap_time,N/A,,,,GapTime_780,N/A,N/A,N/A,N/A,N/A,N/A
270,1770461593573,Sentence shown,HF_1_A,,true,true,N/A,N/A,N/A,N/A,N/A,N/A,N/A
270,1770461595034,Validation IR pressed,HF_1_A,,true,true,Spacebar,1,N/A,1461,N/A,N/A,N/A
270,1770461595034,IR pressed,HF_1_A,,true,true,Spacebar,1,N/A,1461,N/A,N/A,N/A
270,1770461595945,WR pressed,HF_1_A,,true,true,Yes,N/A,N/A,N/A,911,N/A,N/A
270,1770461595945,gap_time,N/A,,true,true,GapTime_1236,N/A,N/A,N/A,N/A,N/A,N/A
270,1770461597195,Sentence shown,HF_12_A,,,,N/A,N/A,N/A,N/A,N/A,N/A,N/A
270,1770461601197,gap_time,N/A,,,,GapTime_1098,N/A,N/A,N/A,N/A,N/A,N/A
270,1770461602299,Sentence shown,HF_17_A,,,,N/A,N/A,N/A,N/A,N/A,N/A,N/A
270,1770461606311,gap_time,N/A,,,,GapTime_1034,N/A,N/A,N/A,N/A,N/A,N/A
270,1770461607358,Sentence shown,HVL_107_P,true,,,N/A,N/A,N/A,N/A,N/A,N/A,N/A
270,1770461611366,gap_time,N/A,true,,,GapTime_1124,N/A,N/A,N/A,N/A,N/A,N/A
270,1770461612505,Sentence shown,HF_17_A,,true,true,N/A,N/A,N/A,N/A,N/A,N/A,N/A
270,1770461614124,Validation IR pressed,HF_17_A,,true,true,Spacebar,1,N/A,1619,N/A,N/A,N/A
270,1770461614124,IR pressed,HF_17_A,,true,true,Spacebar,1,N/A,1619,N/A,N/A,N/A
270,1770461614576,WR pressed,HF_17_A,,true,true,Yes,N/A,N/A,N/A,452,N/A,N/A
270,1770461614576,gap_time,N/A,,true,true,GapTime_812,N/A,N/A,N/A,N/A,N/A,N/A
270,1770461615391,Sentence shown,HH_140_A,true,,true,N/A,N/A,N/A,N/A,N/A,N/A,N/A
270,1770461617265,IR pressed,HH_140_A,true,,true,Spacebar,1,N/A,1874,N/A,N/A,N/A
270,1770461617889,WR pressed,HH_140_A,true,,true,Yes,N/A,1,N/A,624,N/A,N/A
270,1770461617890,gap_time,N/A,true,,true,GapTime_959,N/A,N/A,N/A,N/A,N/A,N/A
270,1770461618858,Sentence shown,HVL_113_P,true,,,N/A,N/A,N/A,N/A,N/A,N/A,N/A
270,1770461622860,gap_time,N/A,true,,,GapTime_1139,N/A,N/A,N/A,N/A,N/A,N/A
270,1770461624011,Sentence shown,HVL_123_A,true,,,N/A,N/A,N/A,N/A,N/A,N/A,N/A
270,1770461628016,gap_time,N/A,true,,,GapTime_1045,N/A,N/A,N/A,N/A,N/A,N/A
270,1770461629078,Sentence shown,LVL_117_A,true,,,N/A,N/A,N/A,N/A,N/A,N/A,N/A
270,1770461633091,gap_time,N/A,true,,,GapTime_738,N/A,N/A,N/A,N/A,N/A,N/A
270,1770461633840,Sentence shown,HF_8_A,,,,N/A,N/A,N/A,N/A,N/A,N/A,N/A
270,1770461637852,gap_time,N/A,,,,GapTime_707,N/A,N/A,N/A,N/A,N/A,N/A
270,1770461638568,Sentence shown,HF_33_A,,,,N/A,N/A,N/A,N/A,N/A,N/A,N/A
270,1770461642573,gap_time,N/A,,,,GapTime_1041,N/A,N/A,N/A,N/A,N/A,N/A
270,1770461643621,Sentence shown,HF_33_A,,true,true,N/A,N/A,N/A,N/A,N/A,N/A,N/A
270,1770461647630,Validation Missed,HF_33_A,,true,true,None,0,N/A,N/A,N/A,N/A,N/A
270,1770461647631,gap_time,N/A,,true,true,GapTime_1286,N/A,N/A,N/A,N/A,N/A,N/A
270,1770461648923,Sentence shown,LVL_111_A,true,,,N/A,N/A,N/A,N/A,N/A,N/A,N/A
270,1770461652932,gap_time,N/A,true,,,GapTime_1106,N/A,N/A,N/A,N/A,N/A,N/A
270,1770461654053,Sentence shown,HVL_113_A,true,,true,N/A,N/A,N/A,N/A,N/A,N/A,N/A
270,1770461656791,IR pressed,HVL_113_A,true,,true,Spacebar,1,N/A,2738,N/A,N/A,N/A
270,1770461657616,WR pressed,HVL_113_A,true,,true,Yes,N/A,0,N/A,825,N/A,N/A
270,1770461657617,gap_time,N/A,true,,true,GapTime_954,N/A,N/A,N/A,N/A,N/A,N/A
270,1770461658580,Sentence shown,HVL_107_P,true,,true,N/A,N/A,N/A,N/A,N/A,N/A,N/A
270,1770461660652,IR pressed,HVL_107_P,true,,true,Spacebar,1,N/A,2072,N/A,N/A,N/A
270,1770461661212,WR pressed,HVL_107_P,true,,true,Yes,N/A,1,N/A,560,N/A,N/A
270,1770461661212,gap_time,N/A,true,,true,GapTime_852,N/A,N/A,N/A,N/A,N/A,N/A
270,1770461662070,Sentence shown,HF_15_A,,,,N/A,N/A,N/A,N/A,N/A,N/A,N/A
270,1770461666086,gap_time,N/A,,,,GapTime_812,N/A,N/A,N/A,N/A,N/A,N/A
270,1770461666915,Sentence shown,HVL_123_P,true,,true,N/A,N/A,N/A,N/A,N/A,N/A,N/A
270,1770461670921,gap_time,N/A,true,,true,GapTime_1291,N/A,N/A,N/A,N/A,N/A,N/A
270,1770461672218,Sentence shown,LVL_117_P,true,,true,N/A,N/A,N/A,N/A,N/A,N/A,N/A
270,1770461675713,IR pressed,LVL_117_P,true,,true,Spacebar,1,N/A,3495,N/A,N/A,N/A
270,1770461677528,WR pressed,LVL_117_P,true,,true,No,N/A,1,N/A,1815,N/A,N/A
270,1770461677528,gap_time,N/A,true,,true,GapTime_1152,N/A,N/A,N/A,N/A,N/A,N/A
270,1770461678689,Sentence shown,LVL_111_A,true,,true,N/A,N/A,N/A,N/A,N/A,N/A,N/A
270,1770461682691,gap_time,N/A,true,,true,GapTime_1102,N/A,N/A,N/A,N/A,N/A,N/A
270,1770461683799,Rest Phase started,N/A,true,,true,Rest,N/A,N/A,N/A,N/A,N/A,N/A
270,1770461696300,Sentence shown,HF_37_A,,,,N/A,N/A,N/A,N/A,N/A,N/A,N/A
270,1770461700310,gap_time,N/A,,,,GapTime_885,N/A,N/A,N/A,N/A,N/A,N/A
270,1770461701200,Sentence shown,HF_41_A,,,,N/A,N/A,N/A,N/A,N/A,N/A,N/A
270,1770461705214,gap_time,N/A,,,,GapTime_1008,N/A,N/A,N/A,N/A,N/A,N/A
270,1770461706226,Sentence shown,HF_65_A,,,,N/A,N/A,N/A,N/A,N/A,N/A,N/A
270,1770461710230,gap_time,N/A,,,,GapTime_1066,N/A,N/A,N/A,N/A,N/A,N/A
270,1770461711306,Sentence shown,HF_37_A,,true,true,N/A,N/A,N/A,N/A,N/A,N/A,N/A
270,1770461715314,Validation Missed,HF_37_A,,true,true,None,0,N/A,N/A,N/A,N/A,N/A
270,1770461715314,gap_time,N/A,,true,true,GapTime_896,N/A,N/A,N/A,N/A,N/A,N/A
270,1770461716223,Sentence shown,HH_160_P,true,,,N/A,N/A,N/A,N/A,N/A,N/A,N/A
270,1770461720232,gap_time,N/A,true,,,GapTime_1062,N/A,N/A,N/A,N/A,N/A,N/A
270,1770461721298,Sentence shown,LVL_101_P,true,,,N/A,N/A,N/A,N/A,N/A,N/A,N/A
270,1770461725303,gap_time,N/A,true,,,GapTime_870,N/A,N/A,N/A,N/A,N/A,N/A
270,1770461726181,Sentence shown,HF_65_A,,true,true,N/A,N/A,N/A,N/A,N/A,N/A,N/A
270,1770461728117,Validation IR pressed,HF_65_A,,true,true,Spacebar,1,N/A,1936,N/A,N/A,N/A
270,1770461728117,IR pressed,HF_65_A,,true,true,Spacebar,1,N/A,1936,N/A,N/A,N/A
270,1770461733345,WR pressed,HF_65_A,,true,true,No,N/A,N/A,N/A,5228,N/A,N/A
270,1770461733346,gap_time,N/A,,true,true,GapTime_1132,N/A,N/A,N/A,N/A,N/A,N/A
270,1770461734490,Sentence shown,LVL_102_A,true,,,N/A,N/A,N/A,N/A,N/A,N/A,N/A
270,1770461738496,gap_time,N/A,true,,,GapTime_1069,N/A,N/A,N/A,N/A,N/A,N/A
270,1770461739571,Sentence shown,HF_60_A,,,,N/A,N/A,N/A,N/A,N/A,N/A,N/A
270,1770461743574,gap_time,N/A,,,,GapTime_1181,N/A,N/A,N/A,N/A,N/A,N/A
270,1770461744761,Sentence shown,HF_54_A,,,,N/A,N/A,N/A,N/A,N/A,N/A,N/A
270,1770461748769,gap_time,N/A,,,,GapTime_1045,N/A,N/A,N/A,N/A,N/A,N/A
270,1770461749831,Sentence shown,HF_58_A,,,,N/A,N/A,N/A,N/A,N/A,N/A,N/A
270,1770461753839,gap_time,N/A,,,,GapTime_1291,N/A,N/A,N/A,N/A,N/A,N/A
270,1770461755132,Sentence shown,LVL_101_P,true,,true,N/A,N/A,N/A,N/A,N/A,N/A,N/A
270,1770461756884,IR pressed,LVL_101_P,true,,true,Spacebar,1,N/A,1752,N/A,N/A,N/A
270,1770461757852,WR pressed,LVL_101_P,true,,true,Yes,N/A,1,N/A,968,N/A,N/A
270,1770461757853,gap_time,N/A,true,,true,GapTime_1255,N/A,N/A,N/A,N/A,N/A,N/A
270,1770461759124,Sentence shown,HF_43_A,,,,N/A,N/A,N/A,N/A,N/A,N/A,N/A
270,1770461763131,gap_time,N/A,,,,GapTime_1280,N/A,N/A,N/A,N/A,N/A,N/A
270,1770461764429,Sentence shown,LVH_182_P,true,,,N/A,N/A,N/A,N/A,N/A,N/A,N/A
270,1770461768434,gap_time,N/A,true,,,GapTime_755,N/A,N/A,N/A,N/A,N/A,N/A
270,1770461769198,Sentence shown,LVL_102_P,true,,true,N/A,N/A,N/A,N/A,N/A,N/A,N/A
270,1770461771036,IR pressed,LVL_102_P,true,,true,Spacebar,1,N/A,1838,N/A,N/A,N/A
270,1770461771547,WR pressed,LVL_102_P,true,,true,No,N/A,1,N/A,511,N/A,N/A
270,1770461771547,gap_time,N/A,true,,true,GapTime_703,N/A,N/A,N/A,N/A,N/A,N/A
270,1770461772256,Sentence shown,HH_160_A,true,,true,N/A,N/A,N/A,N/A,N/A,N/A,N/A
270,1770461776265,gap_time,N/A,true,,true,GapTime_1258,N/A,N/A,N/A,N/A,N/A,N/A
270,1770461777529,Sentence shown,HF_47_A,,,,N/A,N/A,N/A,N/A,N/A,N/A,N/A
270,1770461781533,gap_time,N/A,,,,GapTime_1197,N/A,N/A,N/A,N/A,N/A,N/A
270,1770461782735,Sentence shown,HF_36_A,,,,N/A,N/A,N/A,N/A,N/A,N/A,N/A
270,1770461786745,gap_time,N/A,,,,GapTime_1273,N/A,N/A,N/A,N/A,N/A,N/A
270,1770461788022,Sentence shown,HF_53_A,,,,N/A,N/A,N/A,N/A,N/A,N/A,N/A
270,1770461792028,gap_time,N/A,,,,GapTime_716,N/A,N/A,N/A,N/A,N/A,N/A
270,1770461792748,Sentence shown,HF_53_A,,true,true,N/A,N/A,N/A,N/A,N/A,N/A,N/A
270,1770461794235,Validation IR pressed,HF_53_A,,true,true,Spacebar,1,N/A,1487,N/A,N/A,N/A
270,1770461794235,IR pressed,HF_53_A,,true,true,Spacebar,1,N/A,1487,N/A,N/A,N/A
270,1770461794795,WR pressed,HF_53_A,,true,true,Yes,N/A,N/A,N/A,560,N/A,N/A
270,1770461794796,gap_time,N/A,,true,true,GapTime_934,N/A,N/A,N/A,N/A,N/A,N/A
270,1770461795746,Sentence shown,HVL_143_A,true,,,N/A,N/A,N/A,N/A,N/A,N/A,N/A
270,1770461799750,gap_time,N/A,true,,,GapTime_881,N/A,N/A,N/A,N/A,N/A,N/A
270,1770461800639,Sentence shown,LVH_109_A,true,,,N/A,N/A,N/A,N/A,N/A,N/A,N/A
270,1770461804645,gap_time,N/A,true,,,GapTime_1232,N/A,N/A,N/A,N/A,N/A,N/A
270,1770461805890,Sentence shown,HH_145_P,true,,,N/A,N/A,N/A,N/A,N/A,N/A,N/A
270,1770461809905,gap_time,N/A,true,,,GapTime_864,N/A,N/A,N/A,N/A,N/A,N/A
270,1770461810779,Sentence shown,HF_50_A,,,,N/A,N/A,N/A,N/A,N/A,N/A,N/A
270,1770461814792,gap_time,N/A,,,,GapTime_1093,N/A,N/A,N/A,N/A,N/A,N/A
270,1770461815897,Sentence shown,LVH_182_P,true,,true,N/A,N/A,N/A,N/A,N/A,N/A,N/A
270,1770461817418,IR pressed,LVH_182_P,true,,true,Spacebar,1,N/A,1521,N/A,N/A,N/A
270,1770461822596,WR pressed,LVH_182_P,true,,true,Yes,N/A,1,N/A,5178,N/A,N/A
270,1770461822596,gap_time,N/A,true,,true,GapTime_1029,N/A,N/A,N/A,N/A,N/A,N/A
270,1770461823634,Sentence shown,HF_49_A,,,,N/A,N/A,N/A,N/A,N/A,N/A,N/A
270,1770461827639,gap_time,N/A,,,,GapTime_1072,N/A,N/A,N/A,N/A,N/A,N/A
270,1770461828714,Sentence shown,HF_44_A,,,,N/A,N/A,N/A,N/A,N/A,N/A,N/A
270,1770461832723,gap_time,N/A,,,,GapTime_1109,N/A,N/A,N/A,N/A,N/A,N/A
270,1770461833844,Sentence shown,LVH_146_A,true,,,N/A,N/A,N/A,N/A,N/A,N/A,N/A
270,1770461837854,gap_time,N/A,true,,,GapTime_1217,N/A,N/A,N/A,N/A,N/A,N/A
270,1770461839074,Sentence shown,HF_49_A,,true,true,N/A,N/A,N/A,N/A,N/A,N/A,N/A
270,1770461841822,Validation IR pressed,HF_49_A,,true,true,Spacebar,1,N/A,2748,N/A,N/A,N/A
270,1770461841822,IR pressed,HF_49_A,,true,true,Spacebar,1,N/A,2748,N/A,N/A,N/A
270,1770461848340,WR pressed,HF_49_A,,true,true,No,N/A,N/A,N/A,6518,N/A,N/A
270,1770461848340,gap_time,N/A,,true,true,GapTime_910,N/A,N/A,N/A,N/A,N/A,N/A
270,1770461849255,Sentence shown,HF_55_A,,,,N/A,N/A,N/A,N/A,N/A,N/A,N/A
270,1770461853262,gap_time,N/A,,,,GapTime_1187,N/A,N/A,N/A,N/A,N/A,N/A
270,1770461854466,Sentence shown,HH_145_P,true,,true,N/A,N/A,N/A,N/A,N/A,N/A,N/A
270,1770461856479,IR pressed,HH_145_P,true,,true,Spacebar,1,N/A,2013,N/A,N/A,N/A
270,1770461857158,WR pressed,HH_145_P,true,,true,Yes,N/A,1,N/A,679,N/A,N/A
270,1770461857159,gap_time,N/A,true,,true,GapTime_1101,N/A,N/A,N/A,N/A,N/A,N/A
270,1770461858266,Sentence shown,HVL_143_P,true,,true,N/A,N/A,N/A,N/A,N/A,N/A,N/A
270,1770461860306,IR pressed,HVL_143_P,true,,true,Spacebar,1,N/A,2040,N/A,N/A,N/A
270,1770461864798,WR pressed,HVL_143_P,true,,true,No,N/A,1,N/A,4492,N/A,N/A
270,1770461864799,gap_time,N/A,true,,true,GapTime_864,N/A,N/A,N/A,N/A,N/A,N/A
270,1770461865679,Sentence shown,LVH_109_A,true,,true,N/A,N/A,N/A,N/A,N/A,N/A,N/A
270,1770461867186,IR pressed,LVH_109_A,true,,true,Spacebar,1,N/A,1507,N/A,N/A,N/A
270,1770461890861,WR pressed,LVH_109_A,true,,true,Yes,N/A,1,N/A,23675,N/A,N/A
270,1770461890861,gap_time,N/A,true,,true,GapTime_1273,N/A,N/A,N/A,N/A,N/A,N/A
270,1770461892143,Sentence shown,HF_57_A,,,,N/A,N/A,N/A,N/A,N/A,N/A,N/A
270,1770461896150,gap_time,N/A,,,,GapTime_958,N/A,N/A,N/A,N/A,N/A,N/A
270,1770461897115,Sentence shown,HF_51_A,,,,N/A,N/A,N/A,N/A,N/A,N/A,N/A
270,1770461901120,gap_time,N/A,,,,GapTime_1155,N/A,N/A,N/A,N/A,N/A,N/A
270,1770461902293,Sentence shown,LVL_142_A,true,,,N/A,N/A,N/A,N/A,N/A,N/A,N/A
270,1770461906303,gap_time,N/A,true,,,GapTime_1022,N/A,N/A,N/A,N/A,N/A,N/A
270,1770461907334,Sentence shown,HF_56_A,,,,N/A,N/A,N/A,N/A,N/A,N/A,N/A
270,1770461911340,gap_time,N/A,,,,GapTime_1003,N/A,N/A,N/A,N/A,N/A,N/A
270,1770461912351,Sentence shown,HF_46_A,,,,N/A,N/A,N/A,N/A,N/A,N/A,N/A
270,1770461916362,gap_time,N/A,,,,GapTime_853,N/A,N/A,N/A,N/A,N/A,N/A
270,1770461917219,Sentence shown,HF_46_A,,true,true,N/A,N/A,N/A,N/A,N/A,N/A,N/A
270,1770461918704,Validation IR pressed,HF_46_A,,true,true,Spacebar,1,N/A,1485,N/A,N/A,N/A
270,1770461918704,IR pressed,HF_46_A,,true,true,Spacebar,1,N/A,1485,N/A,N/A,N/A
270,1770461919687,WR pressed,HF_46_A,,true,true,Yes,N/A,N/A,N/A,983,N/A,N/A
270,1770461919688,gap_time,N/A,,true,true,GapTime_704,N/A,N/A,N/A,N/A,N/A,N/A
270,1770461920398,Sentence shown,HF_56_A,,true,true,N/A,N/A,N/A,N/A,N/A,N/A,N/A
270,1770461923528,Validation IR pressed,HF_56_A,,true,true,Spacebar,1,N/A,3130,N/A,N/A,N/A
270,1770461923528,IR pressed,HF_56_A,,true,true,Spacebar,1,N/A,3130,N/A,N/A,N/A
270,1770461924326,WR pressed,HF_56_A,,true,true,Yes,N/A,N/A,N/A,798,N/A,N/A
270,1770461924327,gap_time,N/A,,true,true,GapTime_854,N/A,N/A,N/A,N/A,N/A,N/A
270,1770461925198,Sentence shown,HF_59_A,,,,N/A,N/A,N/A,N/A,N/A,N/A,N/A
270,1770461929210,gap_time,N/A,,,,GapTime_735,N/A,N/A,N/A,N/A,N/A,N/A
270,1770461929959,Sentence shown,LVH_146_P,true,,true,N/A,N/A,N/A,N/A,N/A,N/A,N/A
270,1770461931845,IR pressed,LVH_146_P,true,,true,Spacebar,1,N/A,1886,N/A,N/A,N/A
270,1770461935465,WR pressed,LVH_146_P,true,,true,No,N/A,1,N/A,3620,N/A,N/A
270,1770461935466,gap_time,N/A,true,,true,GapTime_1007,N/A,N/A,N/A,N/A,N/A,N/A
270,1770461936480,Sentence shown,HF_39_A,,,,N/A,N/A,N/A,N/A,N/A,N/A,N/A
270,1770461940486,gap_time,N/A,,,,GapTime_774,N/A,N/A,N/A,N/A,N/A,N/A
270,1770461941264,Sentence shown,HF_39_A,,true,true,N/A,N/A,N/A,N/A,N/A,N/A,N/A
270,1770461943060,Validation IR pressed,HF_39_A,,true,true,Spacebar,1,N/A,1796,N/A,N/A,N/A
270,1770461943060,IR pressed,HF_39_A,,true,true,Spacebar,1,N/A,1796,N/A,N/A,N/A
270,1770461943877,WR pressed,HF_39_A,,true,true,Yes,N/A,N/A,N/A,817,N/A,N/A
270,1770461943878,gap_time,N/A,,true,true,GapTime_998,N/A,N/A,N/A,N/A,N/A,N/A
270,1770461944885,Sentence shown,HF_38_A,,,,N/A,N/A,N/A,N/A,N/A,N/A,N/A
270,1770461948895,gap_time,N/A,,,,GapTime_1231,N/A,N/A,N/A,N/A,N/A,N/A
270,1770461950139,Sentence shown,HVL_138_A,true,,,N/A,N/A,N/A,N/A,N/A,N/A,N/A
270,1770461954152,gap_time,N/A,true,,,GapTime_885,N/A,N/A,N/A,N/A,N/A,N/A
270,1770461955042,Sentence shown,HF_45_A,,,,N/A,N/A,N/A,N/A,N/A,N/A,N/A
270,1770461959047,gap_time,N/A,,,,GapTime_875,N/A,N/A,N/A,N/A,N/A,N/A
270,1770461959937,Sentence shown,LVL_142_A,true,,true,N/A,N/A,N/A,N/A,N/A,N/A,N/A
270,1770461961717,IR pressed,LVL_142_A,true,,true,Spacebar,1,N/A,1780,N/A,N/A,N/A
270,1770461962558,WR pressed,LVL_142_A,true,,true,Yes,N/A,1,N/A,841,N/A,N/A
270,1770461962558,gap_time,N/A,true,,true,GapTime_801,N/A,N/A,N/A,N/A,N/A,N/A
270,1770461963372,Sentence shown,HF_61_A,,,,N/A,N/A,N/A,N/A,N/A,N/A,N/A
270,1770461967378,gap_time,N/A,,,,GapTime_1163,N/A,N/A,N/A,N/A,N/A,N/A
270,1770461968547,Sentence shown,HF_52_A,,,,N/A,N/A,N/A,N/A,N/A,N/A,N/A
270,1770461972554,gap_time,N/A,,,,GapTime_1155,N/A,N/A,N/A,N/A,N/A,N/A
270,1770461973725,Sentence shown,HF_63_A,,,,N/A,N/A,N/A,N/A,N/A,N/A,N/A
270,1770461977731,gap_time,N/A,,,,GapTime_1028,N/A,N/A,N/A,N/A,N/A,N/A
270,1770461978769,Sentence shown,HF_64_A,,,,N/A,N/A,N/A,N/A,N/A,N/A,N/A
270,1770461982785,gap_time,N/A,,,,GapTime_902,N/A,N/A,N/A,N/A,N/A,N/A
270,1770461983692,Sentence shown,HF_52_A,,true,true,N/A,N/A,N/A,N/A,N/A,N/A,N/A
270,1770461986484,Validation IR pressed,HF_52_A,,true,true,Spacebar,1,N/A,2792,N/A,N/A,N/A
270,1770461986484,IR pressed,HF_52_A,,true,true,Spacebar,1,N/A,2792,N/A,N/A,N/A
270,1770461987435,WR pressed,HF_52_A,,true,true,Yes,N/A,N/A,N/A,951,N/A,N/A
270,1770461987436,gap_time,N/A,,true,true,GapTime_768,N/A,N/A,N/A,N/A,N/A,N/A
270,1770461988208,Sentence shown,HVL_138_A,true,,true,N/A,N/A,N/A,N/A,N/A,N/A,N/A
270,1770461991245,IR pressed,HVL_138_A,true,,true,Spacebar,1,N/A,3037,N/A,N/A,N/A
270,1770461992018,WR pressed,HVL_138_A,true,,true,Yes,N/A,1,N/A,773,N/A,N/A
270,1770461992018,gap_time,N/A,true,,true,GapTime_1252,N/A,N/A,N/A,N/A,N/A,N/A
270,1770461993276,Sentence shown,HVL_118_P,true,,,N/A,N/A,N/A,N/A,N/A,N/A,N/A
270,1770461997281,gap_time,N/A,true,,,GapTime_1153,N/A,N/A,N/A,N/A,N/A,N/A
270,1770461998448,Sentence shown,HF_42_A,,,,N/A,N/A,N/A,N/A,N/A,N/A,N/A
270,1770462002456,gap_time,N/A,,,,GapTime_829,N/A,N/A,N/A,N/A,N/A,N/A
270,1770462003300,Sentence shown,HH_137_A,true,,,N/A,N/A,N/A,N/A,N/A,N/A,N/A
270,1770462007305,gap_time,N/A,true,,,GapTime_847,N/A,N/A,N/A,N/A,N/A,N/A
270,1770462008164,Sentence shown,HH_142_A,true,,,N/A,N/A,N/A,N/A,N/A,N/A,N/A
270,1770462012174,gap_time,N/A,true,,,GapTime_821,N/A,N/A,N/A,N/A,N/A,N/A
270,1770462013002,Sentence shown,HF_42_A,,true,true,N/A,N/A,N/A,N/A,N/A,N/A,N/A
270,1770462014526,Validation IR pressed,HF_42_A,,true,true,Spacebar,1,N/A,1524,N/A,N/A,N/A
270,1770462014526,IR pressed,HF_42_A,,true,true,Spacebar,1,N/A,1524,N/A,N/A,N/A
270,1770462025566,WR pressed,HF_42_A,,true,true,Yes,N/A,N/A,N/A,11040,N/A,N/A
270,1770462025567,gap_time,N/A,,true,true,GapTime_765,N/A,N/A,N/A,N/A,N/A,N/A
270,1770462026348,Sentence shown,LVH_170_P,true,,,N/A,N/A,N/A,N/A,N/A,N/A,N/A
270,1770462030349,gap_time,N/A,true,,,GapTime_800,N/A,N/A,N/A,N/A,N/A,N/A
270,1770462031164,Sentence shown,HF_62_A,,,,N/A,N/A,N/A,N/A,N/A,N/A,N/A
270,1770462035178,gap_time,N/A,,,,GapTime_1090,N/A,N/A,N/A,N/A,N/A,N/A
270,1770462036272,Sentence shown,HF_48_A,,,,N/A,N/A,N/A,N/A,N/A,N/A,N/A
270,1770462040279,gap_time,N/A,,,,GapTime_936,N/A,N/A,N/A,N/A,N/A,N/A
270,1770462041221,Sentence shown,HVL_118_P,true,,true,N/A,N/A,N/A,N/A,N/A,N/A,N/A
270,1770462042908,IR pressed,HVL_118_P,true,,true,Spacebar,1,N/A,1687,N/A,N/A,N/A
270,1770462045032,WR pressed,HVL_118_P,true,,true,Yes,N/A,1,N/A,2124,N/A,N/A
270,1770462045033,gap_time,N/A,true,,true,GapTime_844,N/A,N/A,N/A,N/A,N/A,N/A
270,1770462045887,Sentence shown,HF_35_A,,,,N/A,N/A,N/A,N/A,N/A,N/A,N/A
270,1770462049895,gap_time,N/A,,,,GapTime_1196,N/A,N/A,N/A,N/A,N/A,N/A
270,1770462051097,Sentence shown,HF_35_A,,true,true,N/A,N/A,N/A,N/A,N/A,N/A,N/A
270,1770462052550,Validation IR pressed,HF_35_A,,true,true,Spacebar,1,N/A,1452,N/A,N/A,N/A
270,1770462052550,IR pressed,HF_35_A,,true,true,Spacebar,1,N/A,1452,N/A,N/A,N/A
270,1770462053083,WR pressed,HF_35_A,,true,true,Yes,N/A,N/A,N/A,533,N/A,N/A
270,1770462053084,gap_time,N/A,,true,true,GapTime_834,N/A,N/A,N/A,N/A,N/A,N/A
270,1770462053935,Sentence shown,HH_142_P,true,,true,N/A,N/A,N/A,N/A,N/A,N/A,N/A
270,1770462057945,gap_time,N/A,true,,true,GapTime_951,N/A,N/A,N/A,N/A,N/A,N/A
270,1770462058913,Sentence shown,HF_34_A,,,,N/A,N/A,N/A,N/A,N/A,N/A,N/A
270,1770462062924,gap_time,N/A,,,,GapTime_880,N/A,N/A,N/A,N/A,N/A,N/A
270,1770462063817,Sentence shown,HH_137_A,true,,true,N/A,N/A,N/A,N/A,N/A,N/A,N/A
270,1770462067824,gap_time,N/A,true,,true,GapTime_843,N/A,N/A,N/A,N/A,N/A,N/A
270,1770462068684,Sentence shown,HF_40_A,,,,N/A,N/A,N/A,N/A,N/A,N/A,N/A
270,1770462072685,gap_time,N/A,,,,GapTime_828,N/A,N/A,N/A,N/A,N/A,N/A
270,1770462073526,Sentence shown,LVL_107_P,true,,,N/A,N/A,N/A,N/A,N/A,N/A,N/A
270,1770462077530,gap_time,N/A,true,,,GapTime_1278,N/A,N/A,N/A,N/A,N/A,N/A
270,1770462078823,Sentence shown,HVL_100_P,true,,,N/A,N/A,N/A,N/A,N/A,N/A,N/A
270,1770462082824,gap_time,N/A,true,,,GapTime_1153,N/A,N/A,N/A,N/A,N/A,N/A
270,1770462083982,Sentence shown,LVH_170_A,true,,true,N/A,N/A,N/A,N/A,N/A,N/A,N/A
270,1770462085978,IR pressed,LVH_170_A,true,,true,Spacebar,1,N/A,1996,N/A,N/A,N/A
270,1770462088462,WR pressed,LVH_170_A,true,,true,No,N/A,1,N/A,2484,N/A,N/A
270,1770462088462,gap_time,N/A,true,,true,GapTime_1019,N/A,N/A,N/A,N/A,N/A,N/A
270,1770462089486,Sentence shown,LVL_107_A,true,,true,N/A,N/A,N/A,N/A,N/A,N/A,N/A
270,1770462092800,IR pressed,LVL_107_A,true,,true,Spacebar,1,N/A,3314,N/A,N/A,N/A
270,1770462093543,WR pressed,LVL_107_A,true,,true,Yes,N/A,0,N/A,743,N/A,N/A
270,1770462093543,gap_time,N/A,true,,true,GapTime_843,N/A,N/A,N/A,N/A,N/A,N/A
270,1770462094399,Sentence shown,HVL_100_A,true,,true,N/A,N/A,N/A,N/A,N/A,N/A,N/A
270,1770462098402,gap_time,N/A,true,,true,GapTime_976,N/A,N/A,N/A,N/A,N/A,N/A
270,1770462099387,Rest Phase started,N/A,true,,true,Rest,N/A,N/A,N/A,N/A,N/A,N/A
270,1770462103784,Sentence shown,HF_66_A,,,,N/A,N/A,N/A,N/A,N/A,N/A,N/A
270,1770462107797,gap_time,N/A,,,,GapTime_1030,N/A,N/A,N/A,N/A,N/A,N/A
270,1770462108842,Sentence shown,HF_70_A,,,,N/A,N/A,N/A,N/A,N/A,N/A,N/A
270,1770462112856,gap_time,N/A,,,,GapTime_796,N/A,N/A,N/A,N/A,N/A,N/A
270,1770462113653,Sentence shown,HF_66_A,,true,true,N/A,N/A,N/A,N/A,N/A,N/A,N/A
270,1770462115236,Validation IR pressed,HF_66_A,,true,true,Spacebar,1,N/A,1583,N/A,N/A,N/A
270,1770462115236,IR pressed,HF_66_A,,true,true,Spacebar,1,N/A,1583,N/A,N/A,N/A
270,1770462115972,WR pressed,HF_66_A,,true,true,Yes,N/A,N/A,N/A,736,N/A,N/A
270,1770462115973,gap_time,N/A,,true,true,GapTime_1058,N/A,N/A,N/A,N/A,N/A,N/A
270,1770462117041,Sentence shown,HF_92_A,,,,N/A,N/A,N/A,N/A,N/A,N/A,N/A
270,1770462121055,gap_time,N/A,,,,GapTime_909,N/A,N/A,N/A,N/A,N/A,N/A
270,1770462121967,Sentence shown,HH_180_P,true,,,N/A,N/A,N/A,N/A,N/A,N/A,N/A
270,1770462125977,gap_time,N/A,true,,,GapTime_715,N/A,N/A,N/A,N/A,N/A,N/A
270,1770462126697,Sentence shown,HVL_146_P,true,,,N/A,N/A,N/A,N/A,N/A,N/A,N/A
270,1770462130706,gap_time,N/A,true,,,GapTime_1025,N/A,N/A,N/A,N/A,N/A,N/A
270,1770462131739,Sentence shown,HF_89_A,,,,N/A,N/A,N/A,N/A,N/A,N/A,N/A
270,1770462135752,gap_time,N/A,,,,GapTime_961,N/A,N/A,N/A,N/A,N/A,N/A
270,1770462136719,Sentence shown,HVL_155_A,true,,,N/A,N/A,N/A,N/A,N/A,N/A,N/A
270,1770462140724,gap_time,N/A,true,,,GapTime_839,N/A,N/A,N/A,N/A,N/A,N/A
270,1770462141567,Sentence shown,LVH_123_A,true,,,N/A,N/A,N/A,N/A,N/A,N/A,N/A
270,1770462145573,gap_time,N/A,true,,,GapTime_993,N/A,N/A,N/A,N/A,N/A,N/A
270,1770462146576,Sentence shown,HF_88_A,,,,N/A,N/A,N/A,N/A,N/A,N/A,N/A
270,1770462150583,gap_time,N/A,,,,GapTime_1206,N/A,N/A,N/A,N/A,N/A,N/A
270,1770462151801,Sentence shown,HH_180_A,true,,true,N/A,N/A,N/A,N/A,N/A,N/A,N/A
270,1770462155811,gap_time,N/A,true,,true,GapTime_856,N/A,N/A,N/A,N/A,N/A,N/A
270,1770462156673,Sentence shown,HF_86_A,,,,N/A,N/A,N/A,N/A,N/A,N/A,N/A
270,1770462160690,gap_time,N/A,,,,GapTime_1209,N/A,N/A,N/A,N/A,N/A,N/A
270,1770462161906,Sentence shown,HVL_146_P,true,,true,N/A,N/A,N/A,N/A,N/A,N/A,N/A
270,1770462163530,IR pressed,HVL_146_P,true,,true,Spacebar,1,N/A,1624,N/A,N/A,N/A
270,1770462164969,WR pressed,HVL_146_P,true,,true,Yes,N/A,1,N/A,1439,N/A,N/A
270,1770462164969,gap_time,N/A,true,,true,GapTime_739,N/A,N/A,N/A,N/A,N/A,N/A
270,1770462165714,Sentence shown,LVH_101_P,true,,,N/A,N/A,N/A,N/A,N/A,N/A,N/A
270,1770462169723,gap_time,N/A,true,,,GapTime_951,N/A,N/A,N/A,N/A,N/A,N/A
270,1770462170691,Sentence shown,HF_74_A,,,,N/A,N/A,N/A,N/A,N/A,N/A,N/A
270,1770462174699,gap_time,N/A,,,,GapTime_925,N/A,N/A,N/A,N/A,N/A,N/A
270,1770462175637,Sentence shown,HVL_155_P,true,,true,N/A,N/A,N/A,N/A,N/A,N/A,N/A
270,1770462179646,gap_time,N/A,true,,true,GapTime_971,N/A,N/A,N/A,N/A,N/A,N/A
270,1770462180627,Sentence shown,HF_74_A,,true,true,N/A,N/A,N/A,N/A,N/A,N/A,N/A
270,1770462181979,Validation IR pressed,HF_74_A,,true,true,Spacebar,1,N/A,1352,N/A,N/A,N/A
270,1770462181979,IR pressed,HF_74_A,,true,true,Spacebar,1,N/A,1352,N/A,N/A,N/A
270,1770462183023,WR pressed,HF_74_A,,true,true,Yes,N/A,N/A,N/A,1044,N/A,N/A
270,1770462183023,gap_time,N/A,,true,true,GapTime_1151,N/A,N/A,N/A,N/A,N/A,N/A
270,1770462184182,Sentence shown,LVL_119_A,true,,,N/A,N/A,N/A,N/A,N/A,N/A,N/A
270,1770462188192,gap_time,N/A,true,,,GapTime_1274,N/A,N/A,N/A,N/A,N/A,N/A
270,1770462189472,Sentence shown,HF_84_A,,,,N/A,N/A,N/A,N/A,N/A,N/A,N/A
270,1770462193486,gap_time,N/A,,,,GapTime_1203,N/A,N/A,N/A,N/A,N/A,N/A
270,1770462194692,Sentence shown,LVH_123_P,true,,true,N/A,N/A,N/A,N/A,N/A,N/A,N/A
270,1770462196484,IR pressed,LVH_123_P,true,,true,Spacebar,1,N/A,1792,N/A,N/A,N/A
270,1770462197107,WR pressed,LVH_123_P,true,,true,No,N/A,1,N/A,623,N/A,N/A
270,1770462197108,gap_time,N/A,true,,true,GapTime_991,N/A,N/A,N/A,N/A,N/A,N/A
270,1770462198114,Sentence shown,HH_143_A,true,,,N/A,N/A,N/A,N/A,N/A,N/A,N/A
270,1770462202130,gap_time,N/A,true,,,GapTime_785,N/A,N/A,N/A,N/A,N/A,N/A
270,1770462202924,Sentence shown,HF_71_A,,,,N/A,N/A,N/A,N/A,N/A,N/A,N/A
270,1770462206927,gap_time,N/A,,,,GapTime_1082,N/A,N/A,N/A,N/A,N/A,N/A
270,1770462208015,Sentence shown,HF_80_A,,,,N/A,N/A,N/A,N/A,N/A,N/A,N/A
270,1770462212018,gap_time,N/A,,,,GapTime_1285,N/A,N/A,N/A,N/A,N/A,N/A
270,1770462213321,Sentence shown,HF_91_A,,,,N/A,N/A,N/A,N/A,N/A,N/A,N/A
270,1770462217325,gap_time,N/A,,,,GapTime_1201,N/A,N/A,N/A,N/A,N/A,N/A
270,1770462218541,Sentence shown,LVH_101_A,true,,true,N/A,N/A,N/A,N/A,N/A,N/A,N/A
270,1770462220276,IR pressed,LVH_101_A,true,,true,Spacebar,1,N/A,1735,N/A,N/A,N/A
270,1770462223792,WR pressed,LVH_101_A,true,,true,No,N/A,1,N/A,3516,N/A,N/A
270,1770462223793,gap_time,N/A,true,,true,GapTime_1008,N/A,N/A,N/A,N/A,N/A,N/A
270,1770462224811,Sentence shown,LVL_119_P,true,,true,N/A,N/A,N/A,N/A,N/A,N/A,N/A
270,1770462226726,IR pressed,LVL_119_P,true,,true,Spacebar,1,N/A,1915,N/A,N/A,N/A
270,1770462227525,WR pressed,LVL_119_P,true,,true,No,N/A,1,N/A,799,N/A,N/A
270,1770462227526,gap_time,N/A,true,,true,GapTime_888,N/A,N/A,N/A,N/A,N/A,N/A
270,1770462228425,Sentence shown,HF_76_A,,,,N/A,N/A,N/A,N/A,N/A,N/A,N/A
270,1770462232428,gap_time,N/A,,,,GapTime_1274,N/A,N/A,N/A,N/A,N/A,N/A
270,1770462233704,Sentence shown,HH_143_P,true,,true,N/A,N/A,N/A,N/A,N/A,N/A,N/A
270,1770462235227,IR pressed,HH_143_P,true,,true,Spacebar,1,N/A,1523,N/A,N/A,N/A
270,1770462238397,WR pressed,HH_143_P,true,,true,No,N/A,1,N/A,3170,N/A,N/A
270,1770462238398,gap_time,N/A,true,,true,GapTime_1035,N/A,N/A,N/A,N/A,N/A,N/A
270,1770462239447,Sentence shown,HF_93_A,,,,N/A,N/A,N/A,N/A,N/A,N/A,N/A
270,1770462243449,gap_time,N/A,,,,GapTime_1014,N/A,N/A,N/A,N/A,N/A,N/A
270,1770462244464,Sentence shown,HF_95_A,,,,N/A,N/A,N/A,N/A,N/A,N/A,N/A
270,1770462248469,gap_time,N/A,,,,GapTime_955,N/A,N/A,N/A,N/A,N/A,N/A
270,1770462249431,Sentence shown,HVL_122_P,true,,,N/A,N/A,N/A,N/A,N/A,N/A,N/A
270,1770462253434,gap_time,N/A,true,,,GapTime_763,N/A,N/A,N/A,N/A,N/A,N/A
270,1770462254200,Sentence shown,HF_72_A,,,,N/A,N/A,N/A,N/A,N/A,N/A,N/A
270,1770462258213,gap_time,N/A,,,,GapTime_986,N/A,N/A,N/A,N/A,N/A,N/A
270,1770462259215,Sentence shown,HF_95_A,,true,true,N/A,N/A,N/A,N/A,N/A,N/A,N/A
270,1770462260634,Validation IR pressed,HF_95_A,,true,true,Spacebar,1,N/A,1419,N/A,N/A,N/A
270,1770462260634,IR pressed,HF_95_A,,true,true,Spacebar,1,N/A,1419,N/A,N/A,N/A
270,1770462261494,WR pressed,HF_95_A,,true,true,Yes,N/A,N/A,N/A,860,N/A,N/A
270,1770462261495,gap_time,N/A,,true,true,GapTime_1199,N/A,N/A,N/A,N/A,N/A,N/A
270,1770462262710,Sentence shown,HF_67_A,,,,N/A,N/A,N/A,N/A,N/A,N/A,N/A
270,1770462266717,gap_time,N/A,,,,GapTime_1193,N/A,N/A,N/A,N/A,N/A,N/A
270,1770462267918,Sentence shown,HF_72_A,,true,true,N/A,N/A,N/A,N/A,N/A,N/A,N/A
270,1770462269253,Validation IR pressed,HF_72_A,,true,true,Spacebar,1,N/A,1335,N/A,N/A,N/A
270,1770462269253,IR pressed,HF_72_A,,true,true,Spacebar,1,N/A,1335,N/A,N/A,N/A
270,1770462269828,WR pressed,HF_72_A,,true,true,Yes,N/A,N/A,N/A,574,N/A,N/A
270,1770462269828,gap_time,N/A,,true,true,GapTime_815,N/A,N/A,N/A,N/A,N/A,N/A
270,1770462270648,Sentence shown,HF_87_A,,,,N/A,N/A,N/A,N/A,N/A,N/A,N/A
270,1770462274658,gap_time,N/A,,,,GapTime_1128,N/A,N/A,N/A,N/A,N/A,N/A
270,1770462275797,Sentence shown,HF_78_A,,,,N/A,N/A,N/A,N/A,N/A,N/A,N/A
270,1770462279806,gap_time,N/A,,,,GapTime_1118,N/A,N/A,N/A,N/A,N/A,N/A
270,1770462280936,Sentence shown,HF_87_A,,true,true,N/A,N/A,N/A,N/A,N/A,N/A,N/A
270,1770462284940,Validation Missed,HF_87_A,,true,true,None,0,N/A,N/A,N/A,N/A,N/A
270,1770462284941,gap_time,N/A,,true,true,GapTime_1265,N/A,N/A,N/A,N/A,N/A,N/A
270,1770462286218,Sentence shown,HVL_122_A,true,,true,N/A,N/A,N/A,N/A,N/A,N/A,N/A
270,1770462288873,IR pressed,HVL_122_A,true,,true,Spacebar,1,N/A,2655,N/A,N/A,N/A
270,1770462291998,WR pressed,HVL_122_A,true,,true,No,N/A,1,N/A,3125,N/A,N/A
270,1770462291998,gap_time,N/A,true,,true,GapTime_1274,N/A,N/A,N/A,N/A,N/A,N/A
270,1770462293275,Sentence shown,HF_94_A,,,,N/A,N/A,N/A,N/A,N/A,N/A,N/A
270,1770462297281,gap_time,N/A,,,,GapTime_1123,N/A,N/A,N/A,N/A,N/A,N/A
270,1770462298406,Sentence shown,HF_78_A,,true,true,N/A,N/A,N/A,N/A,N/A,N/A,N/A
270,1770462299974,Validation IR pressed,HF_78_A,,true,true,Spacebar,1,N/A,1568,N/A,N/A,N/A
270,1770462299974,IR pressed,HF_78_A,,true,true,Spacebar,1,N/A,1568,N/A,N/A,N/A
270,1770462300581,WR pressed,HF_78_A,,true,true,Yes,N/A,N/A,N/A,607,N/A,N/A
270,1770462300582,gap_time,N/A,,true,true,GapTime_785,N/A,N/A,N/A,N/A,N/A,N/A
270,1770462301380,Sentence shown,HH_152_P,true,,,N/A,N/A,N/A,N/A,N/A,N/A,N/A
270,1770462305389,gap_time,N/A,true,,,GapTime_1153,N/A,N/A,N/A,N/A,N/A,N/A
270,1770462306559,Sentence shown,HF_68_A,,,,N/A,N/A,N/A,N/A,N/A,N/A,N/A
270,1770462310569,gap_time,N/A,,,,GapTime_707,N/A,N/A,N/A,N/A,N/A,N/A
270,1770462311289,Sentence shown,HH_161_A,true,,,N/A,N/A,N/A,N/A,N/A,N/A,N/A
270,1770462315298,gap_time,N/A,true,,,GapTime_1235,N/A,N/A,N/A,N/A,N/A,N/A
270,1770462316546,Sentence shown,LVL_129_P,true,,,N/A,N/A,N/A,N/A,N/A,N/A,N/A
270,1770462320553,gap_time,N/A,true,,,GapTime_1176,N/A,N/A,N/A,N/A,N/A,N/A
270,1770462321739,Sentence shown,HF_90_A,,,,N/A,N/A,N/A,N/A,N/A,N/A,N/A
270,1770462325744,gap_time,N/A,,,,GapTime_1132,N/A,N/A,N/A,N/A,N/A,N/A
270,1770462326885,Sentence shown,LVL_137_P,true,,,N/A,N/A,N/A,N/A,N/A,N/A,N/A
270,1770462330895,gap_time,N/A,true,,,GapTime_994,N/A,N/A,N/A,N/A,N/A,N/A
270,1770462331892,Sentence shown,HF_82_A,,,,N/A,N/A,N/A,N/A,N/A,N/A,N/A
270,1770462335900,gap_time,N/A,,,,GapTime_927,N/A,N/A,N/A,N/A,N/A,N/A
270,1770462336836,Sentence shown,HF_90_A,,true,true,N/A,N/A,N/A,N/A,N/A,N/A,N/A
270,1770462338316,Validation IR pressed,HF_90_A,,true,true,Spacebar,1,N/A,1480,N/A,N/A,N/A
270,1770462338316,IR pressed,HF_90_A,,true,true,Spacebar,1,N/A,1480,N/A,N/A,N/A
270,1770462338845,WR pressed,HF_90_A,,true,true,Yes,N/A,N/A,N/A,529,N/A,N/A
270,1770462338845,gap_time,N/A,,true,true,GapTime_1128,N/A,N/A,N/A,N/A,N/A,N/A
270,1770462339983,Sentence shown,HF_82_A,,true,true,N/A,N/A,N/A,N/A,N/A,N/A,N/A
270,1770462341772,Validation IR pressed,HF_82_A,,true,true,Spacebar,1,N/A,1789,N/A,N/A,N/A
270,1770462341772,IR pressed,HF_82_A,,true,true,Spacebar,1,N/A,1789,N/A,N/A,N/A
270,1770462342228,WR pressed,HF_82_A,,true,true,Yes,N/A,N/A,N/A,456,N/A,N/A
270,1770462342228,gap_time,N/A,,true,true,GapTime_931,N/A,N/A,N/A,N/A,N/A,N/A
270,1770462343170,Sentence shown,HH_161_A,true,,true,N/A,N/A,N/A,N/A,N/A,N/A,N/A
270,1770462347175,gap_time,N/A,true,,true,GapTime_762,N/A,N/A,N/A,N/A,N/A,N/A
270,1770462347941,Sentence shown,HH_152_P,true,,true,N/A,N/A,N/A,N/A,N/A,N/A,N/A
270,1770462349239,IR pressed,HH_152_P,true,,true,Spacebar,1,N/A,1298,N/A,N/A,N/A
270,1770462351482,WR pressed,HH_152_P,true,,true,Yes,N/A,1,N/A,2243,N/A,N/A
270,1770462351483,gap_time,N/A,true,,true,GapTime_808,N/A,N/A,N/A,N/A,N/A,N/A
270,1770462352305,Sentence shown,LVH_177_P,true,,,N/A,N/A,N/A,N/A,N/A,N/A,N/A
270,1770462356311,gap_time,N/A,true,,,GapTime_1201,N/A,N/A,N/A,N/A,N/A,N/A
270,1770462357525,Sentence shown,HF_83_A,,,,N/A,N/A,N/A,N/A,N/A,N/A,N/A
270,1770462361532,gap_time,N/A,,,,GapTime_747,N/A,N/A,N/A,N/A,N/A,N/A
270,1770462362294,Sentence shown,LVH_151_A,true,,,N/A,N/A,N/A,N/A,N/A,N/A,N/A
270,1770462366305,gap_time,N/A,true,,,GapTime_1223,N/A,N/A,N/A,N/A,N/A,N/A
270,1770462367538,Sentence shown,HF_85_A,,,,N/A,N/A,N/A,N/A,N/A,N/A,N/A
270,1770462371549,gap_time,N/A,,,,GapTime_892,N/A,N/A,N/A,N/A,N/A,N/A
270,1770462372453,Sentence shown,HF_83_A,,true,true,N/A,N/A,N/A,N/A,N/A,N/A,N/A
270,1770462374350,Validation IR pressed,HF_83_A,,true,true,Spacebar,1,N/A,1897,N/A,N/A,N/A
270,1770462374350,IR pressed,HF_83_A,,true,true,Spacebar,1,N/A,1897,N/A,N/A,N/A
270,1770462377844,WR pressed,HF_83_A,,true,true,Yes,N/A,N/A,N/A,3494,N/A,N/A
270,1770462377845,gap_time,N/A,,true,true,GapTime_901,N/A,N/A,N/A,N/A,N/A,N/A
270,1770462378751,Sentence shown,LVL_129_P,true,,true,N/A,N/A,N/A,N/A,N/A,N/A,N/A
270,1770462380097,IR pressed,LVL_129_P,true,,true,Spacebar,1,N/A,1346,N/A,N/A,N/A
270,1770462380575,WR pressed,LVL_129_P,true,,true,Yes,N/A,1,N/A,478,N/A,N/A
270,1770462380576,gap_time,N/A,true,,true,GapTime_1018,N/A,N/A,N/A,N/A,N/A,N/A
270,1770462381602,Sentence shown,LVL_137_A,true,,true,N/A,N/A,N/A,N/A,N/A,N/A,N/A
270,1770462382752,IR pressed,LVL_137_A,true,,true,Spacebar,1,N/A,1150,N/A,N/A,N/A
270,1770462384586,WR pressed,LVL_137_A,true,,true,No,N/A,1,N/A,1834,N/A,N/A
270,1770462384586,gap_time,N/A,true,,true,GapTime_1217,N/A,N/A,N/A,N/A,N/A,N/A
270,1770462385815,Sentence shown,HF_73_A,,,,N/A,N/A,N/A,N/A,N/A,N/A,N/A
270,1770462389828,gap_time,N/A,,,,GapTime_1052,N/A,N/A,N/A,N/A,N/A,N/A
270,1770462390888,Sentence shown,HF_79_A,,,,N/A,N/A,N/A,N/A,N/A,N/A,N/A
270,1770462394897,gap_time,N/A,,,,GapTime_1012,N/A,N/A,N/A,N/A,N/A,N/A
270,1770462395915,Sentence shown,HF_73_A,,true,true,N/A,N/A,N/A,N/A,N/A,N/A,N/A
270,1770462397440,Validation IR pressed,HF_73_A,,true,true,Spacebar,1,N/A,1525,N/A,N/A,N/A
270,1770462397440,IR pressed,HF_73_A,,true,true,Spacebar,1,N/A,1525,N/A,N/A,N/A
270,1770462397906,WR pressed,HF_73_A,,true,true,Yes,N/A,N/A,N/A,466,N/A,N/A
270,1770462397907,gap_time,N/A,,true,true,GapTime_998,N/A,N/A,N/A,N/A,N/A,N/A
270,1770462398908,Sentence shown,HF_81_A,,,,N/A,N/A,N/A,N/A,N/A,N/A,N/A
270,1770462402913,gap_time,N/A,,,,GapTime_952,N/A,N/A,N/A,N/A,N/A,N/A
270,1770462403880,Sentence shown,LVH_151_A,true,,true,N/A,N/A,N/A,N/A,N/A,N/A,N/A
270,1770462405613,IR pressed,LVH_151_A,true,,true,Spacebar,1,N/A,1733,N/A,N/A,N/A
270,1770462407976,WR pressed,LVH_151_A,true,,true,Yes,N/A,1,N/A,2363,N/A,N/A
270,1770462407976,gap_time,N/A,true,,true,GapTime_735,N/A,N/A,N/A,N/A,N/A,N/A
270,1770462408720,Sentence shown,HF_77_A,,,,N/A,N/A,N/A,N/A,N/A,N/A,N/A
270,1770462412728,gap_time,N/A,,,,GapTime_1082,N/A,N/A,N/A,N/A,N/A,N/A
270,1770462413820,Sentence shown,LVH_177_P,true,,true,N/A,N/A,N/A,N/A,N/A,N/A,N/A
270,1770462415447,IR pressed,LVH_177_P,true,,true,Spacebar,1,N/A,1627,N/A,N/A,N/A
270,1770462417350,WR pressed,LVH_177_P,true,,true,Yes,N/A,1,N/A,1903,N/A,N/A
270,1770462417350,gap_time,N/A,true,,true,GapTime_1110,N/A,N/A,N/A,N/A,N/A,N/A
270,1770462418468,Sentence shown,HF_97_A,,,,N/A,N/A,N/A,N/A,N/A,N/A,N/A
270,1770462422473,gap_time,N/A,,,,GapTime_887,N/A,N/A,N/A,N/A,N/A,N/A
270,1770462423361,Sentence shown,HF_96_A,,,,N/A,N/A,N/A,N/A,N/A,N/A,N/A
270,1770462427376,gap_time,N/A,,,,GapTime_1212,N/A,N/A,N/A,N/A,N/A,N/A
270,1770462428598,Sentence shown,HF_69_A,,,,N/A,N/A,N/A,N/A,N/A,N/A,N/A
270,1770462432601,gap_time,N/A,,,,GapTime_1068,N/A,N/A,N/A,N/A,N/A,N/A
270,1770462433680,Sentence shown,LVL_133_A,true,,,N/A,N/A,N/A,N/A,N/A,N/A,N/A
270,1770462437683,gap_time,N/A,true,,,GapTime_1152,N/A,N/A,N/A,N/A,N/A,N/A
270,1770462438851,Sentence shown,HVL_136_A,true,,,N/A,N/A,N/A,N/A,N/A,N/A,N/A
270,1770462442863,gap_time,N/A,true,,,GapTime_1182,N/A,N/A,N/A,N/A,N/A,N/A
270,1770462444050,Sentence shown,HF_75_A,,,,N/A,N/A,N/A,N/A,N/A,N/A,N/A
270,1770462448055,gap_time,N/A,,,,GapTime_1011,N/A,N/A,N/A,N/A,N/A,N/A
270,1770462449069,Sentence shown,LVL_133_A,true,,true,N/A,N/A,N/A,N/A,N/A,N/A,N/A
270,1770462450659,IR pressed,LVL_133_A,true,,true,Spacebar,1,N/A,1590,N/A,N/A,N/A
270,1770462452649,WR pressed,LVL_133_A,true,,true,Yes,N/A,1,N/A,1990,N/A,N/A
270,1770462452650,gap_time,N/A,true,,true,GapTime_1024,N/A,N/A,N/A,N/A,N/A,N/A
270,1770462453682,Sentence shown,HVL_136_A,true,,true,N/A,N/A,N/A,N/A,N/A,N/A,N/A
270,1770462455255,IR pressed,HVL_136_A,true,,true,Spacebar,1,N/A,1573,N/A,N/A,N/A
270,1770462459314,WR pressed,HVL_136_A,true,,true,Yes,N/A,1,N/A,4059,N/A,N/A
270,1770462459314,gap_time,N/A,true,,true,GapTime_952,N/A,N/A,N/A,N/A,N/A,N/A
