participant_ID,Timestamp,Event,Stimulus,isTarget,isValidation,isRepeat,Button,Accuracy IR,Accuracy WR,Reaction_time_IR,Reaction_time_WR,CR_IR,CR_WR
286,1770481548220,Practice Sentence shown,HL_35_A,,,,N/A,N/A,N/A,N/A,N/A,N/A,N/A
286,1770481553724,Practice Sentence shown,HL_9_A,,,,N/A,N/A,N/A,N/A,N/A,N/A,N/A
286,1770481559226,Practice Sentence shown,HH_115_A,true,,,N/A,N/A,N/A,N/A,N/A,N/A,N/A
286,1770481564729,Practice Sentence shown,HL_40_A,,,,N/A,N/A,N/A,N/A,N/A,N/A,N/A
286,1770481570231,Practice Sentence shown,HH_132_A,true,,,N/A,N/A,N/A,N/A,N/A,N/A,N/A
286,1770481575733,Practice Sentence shown,HH_114_A,true,,,N/A,N/A,N/A,N/A,N/A,N/A,N/A
286,1770481581236,Practice Sentence shown,HL_13_A,,,,N/A,N/A,N/A,N/A,N/A,N/A,N/A
286,1770481586737,Practice Sentence shown,HH_115_P,true,,true,N/A,N/A,N/A,N/A,N/A,N/A,N/A
286,1770481590738,Practice Missed,HH_115_P,true,,true,None,0,N/A,N/A,N/A,N/A,N/A
286,1770481600669,Practice Sentence shown,HL_29_A,,,,N/A,N/A,N/A,N/A,N/A,N/A,N/A
286,1770481606172,Practice Sentence shown,HL_54_A,,,,N/A,N/A,N/A,N/A,N/A,N/A,N/A
286,1770481611674,Practice Sentence shown,HH_132_A,true,,true,N/A,N/A,N/A,N/A,N/A,N/A,N/A
286,1770481613287,Practice IR pressed,HH_132_A,true,,true,Spacebar,1,N/A,1613,N/A,N/A,N/A
286,1770481616926,Practice WR pressed,HH_132_A,true,,true,No,N/A,0,N/A,3638,N/A,N/A
286,1770481623435,Practice Sentence shown,HL_19_A,,,,N/A,N/A,N/A,N/A,N/A,N/A,N/A
286,1770481628938,Practice Sentence shown,HL_34_A,,,,N/A,N/A,N/A,N/A,N/A,N/A,N/A
286,1770481628986,Practice IR pressed,HL_34_A,,,,Spacebar,0,N/A,48,N/A,N/A,N/A
286,1770481636050,Practice Sentence shown,HH_114_P,true,,true,N/A,N/A,N/A,N/A,N/A,N/A,N/A
286,1770481640051,Practice Missed,HH_114_P,true,,true,None,0,N/A,N/A,N/A,N/A,N/A
286,1770481643090,Practice Sentence shown,HL_86_A,,,,N/A,N/A,N/A,N/A,N/A,N/A,N/A
286,1770481648593,Practice Sentence shown,HL_12_A,,,,N/A,N/A,N/A,N/A,N/A,N/A,N/A
286,1770481654095,Practice Sentence shown,HH_135_A,true,,,N/A,N/A,N/A,N/A,N/A,N/A,N/A
286,1770481659597,Practice Sentence shown,HH_136_A,true,,,N/A,N/A,N/A,N/A,N/A,N/A,N/A
286,1770481665100,Practice Sentence shown,HH_136_P,true,,true,N/A,N/A,N/A,N/A,N/A,N/A,N/A
286,1770481666482,Practice IR pressed,HH_136_P,true,,true,Spacebar,1,N/A,1382,N/A,N/A,N/A
286,1770481669406,Practice WR pressed,HH_136_P,true,,true,No,N/A,1,N/A,2924,N/A,N/A
286,1770481670908,Practice Sentence shown,HH_135_A,true,,true,N/A,N/A,N/A,N/A,N/A,N/A,N/A
286,1770481672224,Practice IR pressed,HH_135_A,true,,true,Spacebar,1,N/A,1316,N/A,N/A,N/A
286,1770481674554,Practice WR pressed,HH_135_A,true,,true,Yes,N/A,1,N/A,2329,N/A,N/A
286,1770481685647,Practice Sentence shown,HL_98_A,,,,N/A,N/A,N/A,N/A,N/A,N/A,N/A
286,1770481691149,Practice Sentence shown,HH_118_A,true,,,N/A,N/A,N/A,N/A,N/A,N/A,N/A
286,1770481696651,Practice Sentence shown,HL_36_A,,,,N/A,N/A,N/A,N/A,N/A,N/A,N/A
286,1770481702154,Practice Sentence shown,HH_101_A,true,,,N/A,N/A,N/A,N/A,N/A,N/A,N/A
286,1770481707656,Practice Sentence shown,HL_50_A,,,,N/A,N/A,N/A,N/A,N/A,N/A,N/A
286,1770481708848,Practice IR pressed,HL_50_A,,,,Spacebar,0,N/A,1192,N/A,N/A,N/A
286,1770481712674,Practice Sentence shown,HL_90_A,,,,N/A,N/A,N/A,N/A,N/A,N/A,N/A
286,1770481718177,Practice Sentence shown,HL_5_A,,,,N/A,N/A,N/A,N/A,N/A,N/A,N/A
286,1770481723679,Practice Sentence shown,HH_118_A,true,,true,N/A,N/A,N/A,N/A,N/A,N/A,N/A
286,1770481725464,Practice IR pressed,HH_118_A,true,,true,Spacebar,1,N/A,1785,N/A,N/A,N/A
286,1770481727966,Practice WR pressed,HH_118_A,true,,true,Yes,N/A,1,N/A,2502,N/A,N/A
286,1770481729468,Practice Sentence shown,HL_65_A,,,,N/A,N/A,N/A,N/A,N/A,N/A,N/A
286,1770481734970,Practice Sentence shown,HH_101_A,true,,true,N/A,N/A,N/A,N/A,N/A,N/A,N/A
286,1770481736552,Practice IR pressed,HH_101_A,true,,true,Spacebar,1,N/A,1582,N/A,N/A,N/A
286,1770481737571,Practice WR pressed,HH_101_A,true,,true,Yes,N/A,1,N/A,1019,N/A,N/A
286,1770481739074,Practice Sentence shown,HL_20_A,,,,N/A,N/A,N/A,N/A,N/A,N/A,N/A
286,1770481744577,Practice Sentence shown,HH_121_A,true,,,N/A,N/A,N/A,N/A,N/A,N/A,N/A
286,1770481750079,Practice Sentence shown,HH_127_A,true,,,N/A,N/A,N/A,N/A,N/A,N/A,N/A
286,1770481755581,Practice Sentence shown,HH_114_A,true,,,N/A,N/A,N/A,N/A,N/A,N/A,N/A
286,1770481759247,Practice IR pressed,HH_114_A,true,,,Spacebar,0,N/A,3666,N/A,N/A,N/A
286,1770481762786,Practice Sentence shown,HL_63_A,,,,N/A,N/A,N/A,N/A,N/A,N/A,N/A
286,1770481768288,Practice Sentence shown,HL_109_A,,,,N/A,N/A,N/A,N/A,N/A,N/A,N/A
286,1770481773791,Practice Sentence shown,HH_121_P,true,,true,N/A,N/A,N/A,N/A,N/A,N/A,N/A
286,1770481777791,Practice Missed,HH_121_P,true,,true,None,0,N/A,N/A,N/A,N/A,N/A
286,1770481780102,Practice Sentence shown,HH_127_P,true,,true,N/A,N/A,N/A,N/A,N/A,N/A,N/A
286,1770481782101,Practice IR pressed,HH_127_P,true,,true,Spacebar,1,N/A,1999,N/A,N/A,N/A
286,1770481783382,Practice WR pressed,HH_127_P,true,,true,No,N/A,1,N/A,1281,N/A,N/A
286,1770481784884,Practice Sentence shown,HL_22_A,,,,N/A,N/A,N/A,N/A,N/A,N/A,N/A
286,1770481786843,Practice IR pressed,HL_22_A,,,,Spacebar,0,N/A,1959,N/A,N/A,N/A
286,1770481788777,Practice Sentence shown,HH_114_P,true,,true,N/A,N/A,N/A,N/A,N/A,N/A,N/A
286,1770481791435,Practice IR pressed,HH_114_P,true,,true,Spacebar,1,N/A,2658,N/A,N/A,N/A
286,1770481793626,Practice WR pressed,HH_114_P,true,,true,No,N/A,1,N/A,2191,N/A,N/A
286,1770481807183,Sentence shown,HF_9_A,,,,N/A,N/A,N/A,N/A,N/A,N/A,N/A
286,1770481811184,gap_time,N/A,,,,GapTime_1119,N/A,N/A,N/A,N/A,N/A,N/A
286,1770481812304,Sentence shown,HF_21_A,,,,N/A,N/A,N/A,N/A,N/A,N/A,N/A
286,1770481816306,gap_time,N/A,,,,GapTime_1010,N/A,N/A,N/A,N/A,N/A,N/A
286,1770481817317,Sentence shown,HF_27_A,,,,N/A,N/A,N/A,N/A,N/A,N/A,N/A
286,1770481821318,gap_time,N/A,,,,GapTime_1261,N/A,N/A,N/A,N/A,N/A,N/A
286,1770481822580,Sentence shown,HF_21_A,,true,true,N/A,N/A,N/A,N/A,N/A,N/A,N/A
286,1770481825316,Validation IR pressed,HF_21_A,,true,true,Spacebar,1,N/A,2735,N/A,N/A,N/A
286,1770481825316,IR pressed,HF_21_A,,true,true,Spacebar,1,N/A,2735,N/A,N/A,N/A
286,1770481826192,WR pressed,HF_21_A,,true,true,Yes,N/A,N/A,N/A,876,N/A,N/A
286,1770481826193,gap_time,N/A,,true,true,GapTime_925,N/A,N/A,N/A,N/A,N/A,N/A
286,1770481827119,Sentence shown,HF_14_A,,,,N/A,N/A,N/A,N/A,N/A,N/A,N/A
286,1770481831121,gap_time,N/A,,,,GapTime_1238,N/A,N/A,N/A,N/A,N/A,N/A
286,1770481832360,Sentence shown,HF_27_A,,true,true,N/A,N/A,N/A,N/A,N/A,N/A,N/A
286,1770481833710,Validation IR pressed,HF_27_A,,true,true,Spacebar,1,N/A,1350,N/A,N/A,N/A
286,1770481833710,IR pressed,HF_27_A,,true,true,Spacebar,1,N/A,1350,N/A,N/A,N/A
286,1770481834597,WR pressed,HF_27_A,,true,true,No,N/A,N/A,N/A,887,N/A,N/A
286,1770481834597,gap_time,N/A,,true,true,GapTime_1102,N/A,N/A,N/A,N/A,N/A,N/A
286,1770481835701,Sentence shown,HF_14_A,,true,true,N/A,N/A,N/A,N/A,N/A,N/A,N/A
286,1770481836827,Validation IR pressed,HF_14_A,,true,true,Spacebar,1,N/A,1126,N/A,N/A,N/A
286,1770481836827,IR pressed,HF_14_A,,true,true,Spacebar,1,N/A,1126,N/A,N/A,N/A
286,1770481837385,WR pressed,HF_14_A,,true,true,Yes,N/A,N/A,N/A,557,N/A,N/A
286,1770481837385,gap_time,N/A,,true,true,GapTime_1146,N/A,N/A,N/A,N/A,N/A,N/A
286,1770481838532,Sentence shown,HF_31_A,,,,N/A,N/A,N/A,N/A,N/A,N/A,N/A
286,1770481842533,gap_time,N/A,,,,GapTime_1152,N/A,N/A,N/A,N/A,N/A,N/A
286,1770481843687,Sentence shown,HF_18_A,,,,N/A,N/A,N/A,N/A,N/A,N/A,N/A
286,1770481847688,gap_time,N/A,,,,GapTime_752,N/A,N/A,N/A,N/A,N/A,N/A
286,1770481848441,Sentence shown,HF_1_A,,,,N/A,N/A,N/A,N/A,N/A,N/A,N/A
286,1770481852442,gap_time,N/A,,,,GapTime_1110,N/A,N/A,N/A,N/A,N/A,N/A
286,1770481853554,Sentence shown,HF_17_A,,,,N/A,N/A,N/A,N/A,N/A,N/A,N/A
286,1770481857555,gap_time,N/A,,,,GapTime_1276,N/A,N/A,N/A,N/A,N/A,N/A
286,1770481858833,Sentence shown,LVH_116_A,true,,,N/A,N/A,N/A,N/A,N/A,N/A,N/A
286,1770481862834,gap_time,N/A,true,,,GapTime_1145,N/A,N/A,N/A,N/A,N/A,N/A
286,1770481863980,Sentence shown,HF_26_A,,,,N/A,N/A,N/A,N/A,N/A,N/A,N/A
286,1770481867982,gap_time,N/A,,,,GapTime_1270,N/A,N/A,N/A,N/A,N/A,N/A
286,1770481869253,Sentence shown,HF_17_A,,true,true,N/A,N/A,N/A,N/A,N/A,N/A,N/A
286,1770481870727,Validation IR pressed,HF_17_A,,true,true,Spacebar,1,N/A,1474,N/A,N/A,N/A
286,1770481870727,IR pressed,HF_17_A,,true,true,Spacebar,1,N/A,1474,N/A,N/A,N/A
286,1770481872201,WR pressed,HF_17_A,,true,true,Yes,N/A,N/A,N/A,1473,N/A,N/A
286,1770481872201,gap_time,N/A,,true,true,GapTime_843,N/A,N/A,N/A,N/A,N/A,N/A
286,1770481873046,Sentence shown,LVL_130_A,true,,,N/A,N/A,N/A,N/A,N/A,N/A,N/A
286,1770481877047,gap_time,N/A,true,,,GapTime_1063,N/A,N/A,N/A,N/A,N/A,N/A
286,1770481878112,Sentence shown,HF_7_A,,,,N/A,N/A,N/A,N/A,N/A,N/A,N/A
286,1770481882112,gap_time,N/A,,,,GapTime_1122,N/A,N/A,N/A,N/A,N/A,N/A
286,1770481883236,Sentence shown,LVH_116_P,true,,true,N/A,N/A,N/A,N/A,N/A,N/A,N/A
286,1770481887237,gap_time,N/A,true,,true,GapTime_1149,N/A,N/A,N/A,N/A,N/A,N/A
286,1770481888388,Sentence shown,HF_30_A,,,,N/A,N/A,N/A,N/A,N/A,N/A,N/A
286,1770481891296,Validation Wrong IR pressed,HF_30_A,,,,Spacebar,0,N/A,2908,N/A,N/A,N/A
286,1770481891296,IR pressed,HF_30_A,,,,Spacebar,0,N/A,2908,N/A,N/A,N/A
286,1770481892294,WR pressed,HF_30_A,,,,No,N/A,N/A,N/A,998,N/A,N/A
286,1770481892294,gap_time,N/A,,,,GapTime_1216,N/A,N/A,N/A,N/A,N/A,N/A
286,1770481893511,Sentence shown,HH_150_P,true,,,N/A,N/A,N/A,N/A,N/A,N/A,N/A
286,1770481897513,gap_time,N/A,true,,,GapTime_1124,N/A,N/A,N/A,N/A,N/A,N/A
286,1770481898638,Sentence shown,HF_15_A,,,,N/A,N/A,N/A,N/A,N/A,N/A,N/A
286,1770481902639,gap_time,N/A,,,,GapTime_1202,N/A,N/A,N/A,N/A,N/A,N/A
286,1770481903842,Sentence shown,LVL_130_P,true,,true,N/A,N/A,N/A,N/A,N/A,N/A,N/A
286,1770481907844,gap_time,N/A,true,,true,GapTime_867,N/A,N/A,N/A,N/A,N/A,N/A
286,1770481908712,Sentence shown,HF_15_A,,true,true,N/A,N/A,N/A,N/A,N/A,N/A,N/A
286,1770481911080,Validation IR pressed,HF_15_A,,true,true,Spacebar,1,N/A,2368,N/A,N/A,N/A
286,1770481911080,IR pressed,HF_15_A,,true,true,Spacebar,1,N/A,2368,N/A,N/A,N/A
286,1770481911564,WR pressed,HF_15_A,,true,true,Yes,N/A,N/A,N/A,484,N/A,N/A
286,1770481911565,gap_time,N/A,,true,true,GapTime_1268,N/A,N/A,N/A,N/A,N/A,N/A
286,1770481912834,Sentence shown,HH_143_A,true,,,N/A,N/A,N/A,N/A,N/A,N/A,N/A
286,1770481916835,gap_time,N/A,true,,,GapTime_964,N/A,N/A,N/A,N/A,N/A,N/A
286,1770481917801,Sentence shown,LVL_142_P,true,,,N/A,N/A,N/A,N/A,N/A,N/A,N/A
286,1770481921802,gap_time,N/A,true,,,GapTime_1287,N/A,N/A,N/A,N/A,N/A,N/A
286,1770481923090,Sentence shown,HF_25_A,,,,N/A,N/A,N/A,N/A,N/A,N/A,N/A
286,1770481925264,Validation Wrong IR pressed,HF_25_A,,,,Spacebar,0,N/A,2174,N/A,N/A,N/A
286,1770481925264,IR pressed,HF_25_A,,,,Spacebar,0,N/A,2174,N/A,N/A,N/A
286,1770481926324,WR pressed,HF_25_A,,,,Yes,N/A,N/A,N/A,1060,N/A,N/A
286,1770481926324,gap_time,N/A,,,,GapTime_1272,N/A,N/A,N/A,N/A,N/A,N/A
286,1770481927598,Sentence shown,HF_13_A,,,,N/A,N/A,N/A,N/A,N/A,N/A,N/A
286,1770481929602,Validation Wrong IR pressed,HF_13_A,,,,Spacebar,0,N/A,2004,N/A,N/A,N/A
286,1770481929602,IR pressed,HF_13_A,,,,Spacebar,0,N/A,2004,N/A,N/A,N/A
286,1770481930501,WR pressed,HF_13_A,,,,Yes,N/A,N/A,N/A,899,N/A,N/A
286,1770481930502,gap_time,N/A,,,,GapTime_855,N/A,N/A,N/A,N/A,N/A,N/A
286,1770481931358,Sentence shown,HH_150_P,true,,true,N/A,N/A,N/A,N/A,N/A,N/A,N/A
286,1770481935360,gap_time,N/A,true,,true,GapTime_1181,N/A,N/A,N/A,N/A,N/A,N/A
286,1770481936542,Sentence shown,HH_164_P,true,,,N/A,N/A,N/A,N/A,N/A,N/A,N/A
286,1770481940543,gap_time,N/A,true,,,GapTime_1191,N/A,N/A,N/A,N/A,N/A,N/A
286,1770481941736,Sentence shown,HF_2_A,,,,N/A,N/A,N/A,N/A,N/A,N/A,N/A
286,1770481945737,gap_time,N/A,,,,GapTime_842,N/A,N/A,N/A,N/A,N/A,N/A
286,1770481946580,Sentence shown,HF_2_A,,true,true,N/A,N/A,N/A,N/A,N/A,N/A,N/A
286,1770481947708,Validation IR pressed,HF_2_A,,true,true,Spacebar,1,N/A,1128,N/A,N/A,N/A
286,1770481947708,IR pressed,HF_2_A,,true,true,Spacebar,1,N/A,1128,N/A,N/A,N/A
286,1770481948378,WR pressed,HF_2_A,,true,true,Yes,N/A,N/A,N/A,670,N/A,N/A
286,1770481948378,gap_time,N/A,,true,true,GapTime_705,N/A,N/A,N/A,N/A,N/A,N/A
286,1770481949085,Sentence shown,HH_143_P,true,,true,N/A,N/A,N/A,N/A,N/A,N/A,N/A
286,1770481951146,IR pressed,HH_143_P,true,,true,Spacebar,1,N/A,2061,N/A,N/A,N/A
286,1770481952025,WR pressed,HH_143_P,true,,true,Yes,N/A,0,N/A,879,N/A,N/A
286,1770481952026,gap_time,N/A,true,,true,GapTime_861,N/A,N/A,N/A,N/A,N/A,N/A
286,1770481952889,Sentence shown,LVH_155_A,true,,,N/A,N/A,N/A,N/A,N/A,N/A,N/A
286,1770481956890,gap_time,N/A,true,,,GapTime_973,N/A,N/A,N/A,N/A,N/A,N/A
286,1770481957864,Sentence shown,HH_177_A,true,,,N/A,N/A,N/A,N/A,N/A,N/A,N/A
286,1770481961866,gap_time,N/A,true,,,GapTime_937,N/A,N/A,N/A,N/A,N/A,N/A
286,1770481962804,Sentence shown,HF_33_A,,,,N/A,N/A,N/A,N/A,N/A,N/A,N/A
286,1770481966805,gap_time,N/A,,,,GapTime_789,N/A,N/A,N/A,N/A,N/A,N/A
286,1770481967595,Sentence shown,LVL_142_A,true,,true,N/A,N/A,N/A,N/A,N/A,N/A,N/A
286,1770481969483,IR pressed,LVL_142_A,true,,true,Spacebar,1,N/A,1888,N/A,N/A,N/A
286,1770481970728,WR pressed,LVL_142_A,true,,true,No,N/A,1,N/A,1245,N/A,N/A
286,1770481970728,gap_time,N/A,true,,true,GapTime_824,N/A,N/A,N/A,N/A,N/A,N/A
286,1770481971554,Sentence shown,HF_28_A,,,,N/A,N/A,N/A,N/A,N/A,N/A,N/A
286,1770481975555,gap_time,N/A,,,,GapTime_1280,N/A,N/A,N/A,N/A,N/A,N/A
286,1770481976836,Sentence shown,HF_16_A,,,,N/A,N/A,N/A,N/A,N/A,N/A,N/A
286,1770481980837,gap_time,N/A,,,,GapTime_1248,N/A,N/A,N/A,N/A,N/A,N/A
286,1770481982086,Sentence shown,HF_16_A,,true,true,N/A,N/A,N/A,N/A,N/A,N/A,N/A
286,1770481983261,Validation IR pressed,HF_16_A,,true,true,Spacebar,1,N/A,1175,N/A,N/A,N/A
286,1770481983261,IR pressed,HF_16_A,,true,true,Spacebar,1,N/A,1175,N/A,N/A,N/A
286,1770481983731,WR pressed,HF_16_A,,true,true,Yes,N/A,N/A,N/A,470,N/A,N/A
286,1770481983732,gap_time,N/A,,true,true,GapTime_1064,N/A,N/A,N/A,N/A,N/A,N/A
286,1770481984798,Sentence shown,LVH_129_P,true,,,N/A,N/A,N/A,N/A,N/A,N/A,N/A
286,1770481986791,Validation Wrong IR pressed,LVH_129_P,true,,,Spacebar,0,N/A,1993,N/A,N/A,N/A
286,1770481986791,IR pressed,LVH_129_P,true,,,Spacebar,0,N/A,1993,N/A,N/A,N/A
286,1770481987660,WR pressed,LVH_129_P,true,,,No,N/A,1,N/A,869,N/A,N/A
286,1770481987660,gap_time,N/A,true,,,GapTime_903,N/A,N/A,N/A,N/A,N/A,N/A
286,1770481988565,Sentence shown,HH_164_A,true,,true,N/A,N/A,N/A,N/A,N/A,N/A,N/A
286,1770481992566,gap_time,N/A,true,,true,GapTime_828,N/A,N/A,N/A,N/A,N/A,N/A
286,1770481993395,Sentence shown,LVH_155_A,true,,true,N/A,N/A,N/A,N/A,N/A,N/A,N/A
286,1770481994833,IR pressed,LVH_155_A,true,,true,Spacebar,1,N/A,1438,N/A,N/A,N/A
286,1770481995505,WR pressed,LVH_155_A,true,,true,Yes,N/A,1,N/A,672,N/A,N/A
286,1770481995506,gap_time,N/A,true,,true,GapTime_810,N/A,N/A,N/A,N/A,N/A,N/A
286,1770481996317,Sentence shown,HF_8_A,,,,N/A,N/A,N/A,N/A,N/A,N/A,N/A
286,1770481997909,Validation Wrong IR pressed,HF_8_A,,,,Spacebar,0,N/A,1592,N/A,N/A,N/A
286,1770481997909,IR pressed,HF_8_A,,,,Spacebar,0,N/A,1592,N/A,N/A,N/A
286,1770481998307,WR pressed,HF_8_A,,,,Yes,N/A,N/A,N/A,398,N/A,N/A
286,1770481998308,gap_time,N/A,,,,GapTime_1187,N/A,N/A,N/A,N/A,N/A,N/A
286,1770481999496,Sentence shown,HH_177_A,true,,true,N/A,N/A,N/A,N/A,N/A,N/A,N/A
286,1770482001331,IR pressed,HH_177_A,true,,true,Spacebar,1,N/A,1835,N/A,N/A,N/A
286,1770482002387,WR pressed,HH_177_A,true,,true,No,N/A,0,N/A,1056,N/A,N/A
286,1770482002388,gap_time,N/A,true,,true,GapTime_1289,N/A,N/A,N/A,N/A,N/A,N/A
286,1770482003678,Sentence shown,HF_29_A,,,,N/A,N/A,N/A,N/A,N/A,N/A,N/A
286,1770482005214,Validation Wrong IR pressed,HF_29_A,,,,Spacebar,0,N/A,1535,N/A,N/A,N/A
286,1770482005214,IR pressed,HF_29_A,,,,Spacebar,0,N/A,1535,N/A,N/A,N/A
286,1770482005613,WR pressed,HF_29_A,,,,Yes,N/A,N/A,N/A,399,N/A,N/A
286,1770482005614,gap_time,N/A,,,,GapTime_928,N/A,N/A,N/A,N/A,N/A,N/A
286,1770482006543,Sentence shown,HF_8_A,,true,true,N/A,N/A,N/A,N/A,N/A,N/A,N/A
286,1770482007685,Validation IR pressed,HF_8_A,,true,true,Spacebar,1,N/A,1142,N/A,N/A,N/A
286,1770482007685,IR pressed,HF_8_A,,true,true,Spacebar,1,N/A,1142,N/A,N/A,N/A
286,1770482008011,WR pressed,HF_8_A,,true,true,Yes,N/A,N/A,N/A,326,N/A,N/A
286,1770482008012,gap_time,N/A,,true,true,GapTime_1127,N/A,N/A,N/A,N/A,N/A,N/A
286,1770482009141,Sentence shown,HF_12_A,,,,N/A,N/A,N/A,N/A,N/A,N/A,N/A
286,1770482013142,gap_time,N/A,,,,GapTime_909,N/A,N/A,N/A,N/A,N/A,N/A
286,1770482014053,Sentence shown,LVL_137_A,true,,,N/A,N/A,N/A,N/A,N/A,N/A,N/A
286,1770482018054,gap_time,N/A,true,,,GapTime_918,N/A,N/A,N/A,N/A,N/A,N/A
286,1770482018973,Sentence shown,HVL_119_A,true,,,N/A,N/A,N/A,N/A,N/A,N/A,N/A
286,1770482022974,gap_time,N/A,true,,,GapTime_1023,N/A,N/A,N/A,N/A,N/A,N/A
286,1770482023998,Sentence shown,HF_23_A,,,,N/A,N/A,N/A,N/A,N/A,N/A,N/A
286,1770482027999,gap_time,N/A,,,,GapTime_741,N/A,N/A,N/A,N/A,N/A,N/A
286,1770482028741,Sentence shown,HF_20_A,,,,N/A,N/A,N/A,N/A,N/A,N/A,N/A
286,1770482030564,Validation Wrong IR pressed,HF_20_A,,,,Spacebar,0,N/A,1823,N/A,N/A,N/A
286,1770482030564,IR pressed,HF_20_A,,,,Spacebar,0,N/A,1823,N/A,N/A,N/A
286,1770482031255,WR pressed,HF_20_A,,,,Yes,N/A,N/A,N/A,691,N/A,N/A
286,1770482031256,gap_time,N/A,,,,GapTime_883,N/A,N/A,N/A,N/A,N/A,N/A
286,1770482032139,Sentence shown,LVH_129_A,true,,true,N/A,N/A,N/A,N/A,N/A,N/A,N/A
286,1770482033297,IR pressed,LVH_129_A,true,,true,Spacebar,1,N/A,1158,N/A,N/A,N/A
286,1770482033775,WR pressed,LVH_129_A,true,,true,Yes,N/A,0,N/A,478,N/A,N/A
286,1770482033776,gap_time,N/A,true,,true,GapTime_1217,N/A,N/A,N/A,N/A,N/A,N/A
286,1770482034994,Sentence shown,HF_5_A,,,,N/A,N/A,N/A,N/A,N/A,N/A,N/A
286,1770482037248,Validation Wrong IR pressed,HF_5_A,,,,Spacebar,0,N/A,2254,N/A,N/A,N/A
286,1770482037248,IR pressed,HF_5_A,,,,Spacebar,0,N/A,2254,N/A,N/A,N/A
286,1770482037722,WR pressed,HF_5_A,,,,Yes,N/A,N/A,N/A,474,N/A,N/A
286,1770482037723,gap_time,N/A,,,,GapTime_1163,N/A,N/A,N/A,N/A,N/A,N/A
286,1770482038887,Sentence shown,HVL_131_P,true,,,N/A,N/A,N/A,N/A,N/A,N/A,N/A
286,1770482042888,gap_time,N/A,true,,,GapTime_1012,N/A,N/A,N/A,N/A,N/A,N/A
286,1770482043901,Sentence shown,HF_24_A,,,,N/A,N/A,N/A,N/A,N/A,N/A,N/A
286,1770482047901,gap_time,N/A,,,,GapTime_843,N/A,N/A,N/A,N/A,N/A,N/A
286,1770482048746,Sentence shown,LVL_137_A,true,,true,N/A,N/A,N/A,N/A,N/A,N/A,N/A
286,1770482052747,gap_time,N/A,true,,true,GapTime_1242,N/A,N/A,N/A,N/A,N/A,N/A
286,1770482053990,Sentence shown,LVH_157_P,true,,,N/A,N/A,N/A,N/A,N/A,N/A,N/A
286,1770482057991,gap_time,N/A,true,,,GapTime_887,N/A,N/A,N/A,N/A,N/A,N/A
286,1770482058879,Sentence shown,HF_32_A,,,,N/A,N/A,N/A,N/A,N/A,N/A,N/A
286,1770482062880,gap_time,N/A,,,,GapTime_1221,N/A,N/A,N/A,N/A,N/A,N/A
286,1770482064102,Sentence shown,HVL_119_A,true,,true,N/A,N/A,N/A,N/A,N/A,N/A,N/A
286,1770482065415,IR pressed,HVL_119_A,true,,true,Spacebar,1,N/A,1313,N/A,N/A,N/A
286,1770482066129,WR pressed,HVL_119_A,true,,true,Yes,N/A,1,N/A,714,N/A,N/A
286,1770482066129,gap_time,N/A,true,,true,GapTime_995,N/A,N/A,N/A,N/A,N/A,N/A
286,1770482067126,Sentence shown,HF_11_A,,,,N/A,N/A,N/A,N/A,N/A,N/A,N/A
286,1770482069084,Validation Wrong IR pressed,HF_11_A,,,,Spacebar,0,N/A,1958,N/A,N/A,N/A
286,1770482069084,IR pressed,HF_11_A,,,,Spacebar,0,N/A,1958,N/A,N/A,N/A
286,1770482069451,WR pressed,HF_11_A,,,,Yes,N/A,N/A,N/A,367,N/A,N/A
286,1770482069451,gap_time,N/A,,,,GapTime_791,N/A,N/A,N/A,N/A,N/A,N/A
286,1770482070244,Sentence shown,HF_4_A,,,,N/A,N/A,N/A,N/A,N/A,N/A,N/A
286,1770482074245,gap_time,N/A,,,,GapTime_1243,N/A,N/A,N/A,N/A,N/A,N/A
286,1770482075489,Sentence shown,HVL_161_A,true,,,N/A,N/A,N/A,N/A,N/A,N/A,N/A
286,1770482079490,gap_time,N/A,true,,,GapTime_1095,N/A,N/A,N/A,N/A,N/A,N/A
286,1770482080587,Sentence shown,HVL_131_P,true,,true,N/A,N/A,N/A,N/A,N/A,N/A,N/A
286,1770482084587,gap_time,N/A,true,,true,GapTime_833,N/A,N/A,N/A,N/A,N/A,N/A
286,1770482085422,Sentence shown,HF_19_A,,,,N/A,N/A,N/A,N/A,N/A,N/A,N/A
286,1770482089423,gap_time,N/A,,,,GapTime_945,N/A,N/A,N/A,N/A,N/A,N/A
286,1770482090370,Sentence shown,LVL_125_P,true,,,N/A,N/A,N/A,N/A,N/A,N/A,N/A
286,1770482094371,gap_time,N/A,true,,,GapTime_1075,N/A,N/A,N/A,N/A,N/A,N/A
286,1770482095447,Sentence shown,HF_10_A,,,,N/A,N/A,N/A,N/A,N/A,N/A,N/A
286,1770482099448,gap_time,N/A,,,,GapTime_938,N/A,N/A,N/A,N/A,N/A,N/A
286,1770482100388,Sentence shown,LVH_157_P,true,,true,N/A,N/A,N/A,N/A,N/A,N/A,N/A
286,1770482101783,IR pressed,LVH_157_P,true,,true,Spacebar,1,N/A,1395,N/A,N/A,N/A
286,1770482102470,WR pressed,LVH_157_P,true,,true,Yes,N/A,1,N/A,687,N/A,N/A
286,1770482102471,gap_time,N/A,true,,true,GapTime_932,N/A,N/A,N/A,N/A,N/A,N/A
286,1770482103404,Sentence shown,HF_6_A,,,,N/A,N/A,N/A,N/A,N/A,N/A,N/A
286,1770482107405,gap_time,N/A,,,,GapTime_963,N/A,N/A,N/A,N/A,N/A,N/A
286,1770482108369,Sentence shown,HF_10_A,,true,true,N/A,N/A,N/A,N/A,N/A,N/A,N/A
286,1770482109792,Validation IR pressed,HF_10_A,,true,true,Spacebar,1,N/A,1423,N/A,N/A,N/A
286,1770482109792,IR pressed,HF_10_A,,true,true,Spacebar,1,N/A,1423,N/A,N/A,N/A
286,1770482110578,WR pressed,HF_10_A,,true,true,Yes,N/A,N/A,N/A,786,N/A,N/A
286,1770482110579,gap_time,N/A,,true,true,GapTime_843,N/A,N/A,N/A,N/A,N/A,N/A
286,1770482111424,Sentence shown,HF_6_A,,true,true,N/A,N/A,N/A,N/A,N/A,N/A,N/A
286,1770482112789,Validation IR pressed,HF_6_A,,true,true,Spacebar,1,N/A,1365,N/A,N/A,N/A
286,1770482112789,IR pressed,HF_6_A,,true,true,Spacebar,1,N/A,1365,N/A,N/A,N/A
286,1770482113396,WR pressed,HF_6_A,,true,true,Yes,N/A,N/A,N/A,607,N/A,N/A
286,1770482113397,gap_time,N/A,,true,true,GapTime_1221,N/A,N/A,N/A,N/A,N/A,N/A
286,1770482114619,Sentence shown,HVL_143_P,true,,,N/A,N/A,N/A,N/A,N/A,N/A,N/A
286,1770482118620,gap_time,N/A,true,,,GapTime_1081,N/A,N/A,N/A,N/A,N/A,N/A
286,1770482119703,Sentence shown,HVL_161_P,true,,true,N/A,N/A,N/A,N/A,N/A,N/A,N/A
286,1770482123704,gap_time,N/A,true,,true,GapTime_1272,N/A,N/A,N/A,N/A,N/A,N/A
286,1770482124977,Sentence shown,HF_22_A,,,,N/A,N/A,N/A,N/A,N/A,N/A,N/A
286,1770482128978,gap_time,N/A,,,,GapTime_1014,N/A,N/A,N/A,N/A,N/A,N/A
286,1770482129994,Sentence shown,LVL_125_P,true,,true,N/A,N/A,N/A,N/A,N/A,N/A,N/A
286,1770482132511,IR pressed,LVL_125_P,true,,true,Spacebar,1,N/A,2517,N/A,N/A,N/A
286,1770482133800,WR pressed,LVL_125_P,true,,true,Yes,N/A,1,N/A,1289,N/A,N/A
286,1770482133801,gap_time,N/A,true,,true,GapTime_1003,N/A,N/A,N/A,N/A,N/A,N/A
286,1770482134805,Sentence shown,HVL_143_A,true,,true,N/A,N/A,N/A,N/A,N/A,N/A,N/A
286,1770482136626,IR pressed,HVL_143_A,true,,true,Spacebar,1,N/A,1821,N/A,N/A,N/A
286,1770482137447,WR pressed,HVL_143_A,true,,true,No,N/A,1,N/A,821,N/A,N/A
286,1770482137447,gap_time,N/A,true,,true,GapTime_1009,N/A,N/A,N/A,N/A,N/A,N/A
286,1770482138458,Rest Phase started,N/A,true,,true,Rest,N/A,N/A,N/A,N/A,N/A,N/A
286,1770482176319,Sentence shown,HF_47_A,,,,N/A,N/A,N/A,N/A,N/A,N/A,N/A
286,1770482180320,gap_time,N/A,,,,GapTime_1164,N/A,N/A,N/A,N/A,N/A,N/A
286,1770482181485,Sentence shown,HF_47_A,,true,true,N/A,N/A,N/A,N/A,N/A,N/A,N/A
286,1770482182249,Validation IR pressed,HF_47_A,,true,true,Spacebar,1,N/A,764,N/A,N/A,N/A
286,1770482182249,IR pressed,HF_47_A,,true,true,Spacebar,1,N/A,764,N/A,N/A,N/A
286,1770482182825,WR pressed,HF_47_A,,true,true,Yes,N/A,N/A,N/A,576,N/A,N/A
286,1770482182826,gap_time,N/A,,true,true,GapTime_1160,N/A,N/A,N/A,N/A,N/A,N/A
286,1770482183987,Sentence shown,HF_40_A,,,,N/A,N/A,N/A,N/A,N/A,N/A,N/A
286,1770482187988,gap_time,N/A,,,,GapTime_1106,N/A,N/A,N/A,N/A,N/A,N/A
286,1770482189096,Sentence shown,LVL_141_A,true,,,N/A,N/A,N/A,N/A,N/A,N/A,N/A
286,1770482193097,gap_time,N/A,true,,,GapTime_1237,N/A,N/A,N/A,N/A,N/A,N/A
286,1770482194336,Sentence shown,HF_54_A,,,,N/A,N/A,N/A,N/A,N/A,N/A,N/A
286,1770482198337,gap_time,N/A,,,,GapTime_752,N/A,N/A,N/A,N/A,N/A,N/A
286,1770482199090,Sentence shown,HF_36_A,,,,N/A,N/A,N/A,N/A,N/A,N/A,N/A
286,1770482203091,gap_time,N/A,,,,GapTime_1197,N/A,N/A,N/A,N/A,N/A,N/A
286,1770482204290,Sentence shown,HF_42_A,,,,N/A,N/A,N/A,N/A,N/A,N/A,N/A
286,1770482208291,gap_time,N/A,,,,GapTime_885,N/A,N/A,N/A,N/A,N/A,N/A
286,1770482209177,Sentence shown,HF_37_A,,,,N/A,N/A,N/A,N/A,N/A,N/A,N/A
286,1770482213178,gap_time,N/A,,,,GapTime_1129,N/A,N/A,N/A,N/A,N/A,N/A
286,1770482214309,Sentence shown,HH_146_A,true,,,N/A,N/A,N/A,N/A,N/A,N/A,N/A
286,1770482218310,gap_time,N/A,true,,,GapTime_819,N/A,N/A,N/A,N/A,N/A,N/A
286,1770482219130,Sentence shown,LVH_119_A,true,,,N/A,N/A,N/A,N/A,N/A,N/A,N/A
286,1770482223131,gap_time,N/A,true,,,GapTime_952,N/A,N/A,N/A,N/A,N/A,N/A
286,1770482224085,Sentence shown,LVL_141_A,true,,true,N/A,N/A,N/A,N/A,N/A,N/A,N/A
286,1770482228086,gap_time,N/A,true,,true,GapTime_767,N/A,N/A,N/A,N/A,N/A,N/A
286,1770482228854,Sentence shown,HF_51_A,,,,N/A,N/A,N/A,N/A,N/A,N/A,N/A
286,1770482232855,gap_time,N/A,,,,GapTime_1027,N/A,N/A,N/A,N/A,N/A,N/A
286,1770482233883,Sentence shown,HF_65_A,,,,N/A,N/A,N/A,N/A,N/A,N/A,N/A
286,1770482237884,gap_time,N/A,,,,GapTime_866,N/A,N/A,N/A,N/A,N/A,N/A
286,1770482238752,Sentence shown,HF_57_A,,,,N/A,N/A,N/A,N/A,N/A,N/A,N/A
286,1770482242753,gap_time,N/A,,,,GapTime_754,N/A,N/A,N/A,N/A,N/A,N/A
286,1770482243508,Sentence shown,HF_51_A,,true,true,N/A,N/A,N/A,N/A,N/A,N/A,N/A
286,1770482244676,Validation IR pressed,HF_51_A,,true,true,Spacebar,1,N/A,1168,N/A,N/A,N/A
286,1770482244676,IR pressed,HF_51_A,,true,true,Spacebar,1,N/A,1168,N/A,N/A,N/A
286,1770482245434,WR pressed,HF_51_A,,true,true,Yes,N/A,N/A,N/A,758,N/A,N/A
286,1770482245434,gap_time,N/A,,true,true,GapTime_1206,N/A,N/A,N/A,N/A,N/A,N/A
286,1770482246641,Sentence shown,HF_65_A,,true,true,N/A,N/A,N/A,N/A,N/A,N/A,N/A
286,1770482248148,Validation IR pressed,HF_65_A,,true,true,Spacebar,1,N/A,1507,N/A,N/A,N/A
286,1770482248148,IR pressed,HF_65_A,,true,true,Spacebar,1,N/A,1507,N/A,N/A,N/A
286,1770482249509,WR pressed,HF_65_A,,true,true,Yes,N/A,N/A,N/A,1361,N/A,N/A
286,1770482249510,gap_time,N/A,,true,true,GapTime_1151,N/A,N/A,N/A,N/A,N/A,N/A
286,1770482250662,Sentence shown,HVL_102_P,true,,,N/A,N/A,N/A,N/A,N/A,N/A,N/A
286,1770482254663,gap_time,N/A,true,,,GapTime_1216,N/A,N/A,N/A,N/A,N/A,N/A
286,1770482255880,Sentence shown,LVH_118_A,true,,,N/A,N/A,N/A,N/A,N/A,N/A,N/A
286,1770482259881,gap_time,N/A,true,,,GapTime_1196,N/A,N/A,N/A,N/A,N/A,N/A
286,1770482261078,Sentence shown,LVH_119_A,true,,true,N/A,N/A,N/A,N/A,N/A,N/A,N/A
286,1770482262454,IR pressed,LVH_119_A,true,,true,Spacebar,1,N/A,1376,N/A,N/A,N/A
286,1770482263116,WR pressed,LVH_119_A,true,,true,Yes,N/A,1,N/A,662,N/A,N/A
286,1770482263117,gap_time,N/A,true,,true,GapTime_865,N/A,N/A,N/A,N/A,N/A,N/A
286,1770482263983,Sentence shown,HH_146_A,true,,true,N/A,N/A,N/A,N/A,N/A,N/A,N/A
286,1770482267984,gap_time,N/A,true,,true,GapTime_1120,N/A,N/A,N/A,N/A,N/A,N/A
286,1770482269106,Sentence shown,HF_52_A,,,,N/A,N/A,N/A,N/A,N/A,N/A,N/A
286,1770482273107,gap_time,N/A,,,,GapTime_1198,N/A,N/A,N/A,N/A,N/A,N/A
286,1770482274306,Sentence shown,HF_45_A,,,,N/A,N/A,N/A,N/A,N/A,N/A,N/A
286,1770482278307,gap_time,N/A,,,,GapTime_799,N/A,N/A,N/A,N/A,N/A,N/A
286,1770482279107,Sentence shown,HH_173_P,true,,,N/A,N/A,N/A,N/A,N/A,N/A,N/A
286,1770482283108,gap_time,N/A,true,,,GapTime_1275,N/A,N/A,N/A,N/A,N/A,N/A
286,1770482284385,Sentence shown,HVL_102_A,true,,true,N/A,N/A,N/A,N/A,N/A,N/A,N/A
286,1770482287977,IR pressed,HVL_102_A,true,,true,Spacebar,1,N/A,3592,N/A,N/A,N/A
286,1770482289167,WR pressed,HVL_102_A,true,,true,No,N/A,1,N/A,1190,N/A,N/A
286,1770482289168,gap_time,N/A,true,,true,GapTime_725,N/A,N/A,N/A,N/A,N/A,N/A
286,1770482289894,Sentence shown,HF_41_A,,,,N/A,N/A,N/A,N/A,N/A,N/A,N/A
286,1770482293895,gap_time,N/A,,,,GapTime_1239,N/A,N/A,N/A,N/A,N/A,N/A
286,1770482295135,Sentence shown,HVL_118_A,true,,,N/A,N/A,N/A,N/A,N/A,N/A,N/A
286,1770482299136,gap_time,N/A,true,,,GapTime_888,N/A,N/A,N/A,N/A,N/A,N/A
286,1770482300025,Sentence shown,HF_55_A,,,,N/A,N/A,N/A,N/A,N/A,N/A,N/A
286,1770482304026,gap_time,N/A,,,,GapTime_1160,N/A,N/A,N/A,N/A,N/A,N/A
286,1770482305187,Sentence shown,HF_55_A,,true,true,N/A,N/A,N/A,N/A,N/A,N/A,N/A
286,1770482306467,Validation IR pressed,HF_55_A,,true,true,Spacebar,1,N/A,1280,N/A,N/A,N/A
286,1770482306467,IR pressed,HF_55_A,,true,true,Spacebar,1,N/A,1280,N/A,N/A,N/A
286,1770482306925,WR pressed,HF_55_A,,true,true,Yes,N/A,N/A,N/A,458,N/A,N/A
286,1770482306925,gap_time,N/A,,true,true,GapTime_877,N/A,N/A,N/A,N/A,N/A,N/A
286,1770482307804,Sentence shown,HH_174_A,true,,,N/A,N/A,N/A,N/A,N/A,N/A,N/A
286,1770482311805,gap_time,N/A,true,,,GapTime_997,N/A,N/A,N/A,N/A,N/A,N/A
286,1770482312803,Sentence shown,LVH_118_P,true,,true,N/A,N/A,N/A,N/A,N/A,N/A,N/A
286,1770482316804,gap_time,N/A,true,,true,GapTime_1135,N/A,N/A,N/A,N/A,N/A,N/A
286,1770482317941,Sentence shown,HF_59_A,,,,N/A,N/A,N/A,N/A,N/A,N/A,N/A
286,1770482321942,gap_time,N/A,,,,GapTime_1187,N/A,N/A,N/A,N/A,N/A,N/A
286,1770482323130,Sentence shown,HH_173_P,true,,true,N/A,N/A,N/A,N/A,N/A,N/A,N/A
286,1770482327131,gap_time,N/A,true,,true,GapTime_1008,N/A,N/A,N/A,N/A,N/A,N/A
286,1770482328141,Sentence shown,LVH_170_P,true,,,N/A,N/A,N/A,N/A,N/A,N/A,N/A
286,1770482332141,gap_time,N/A,true,,,GapTime_872,N/A,N/A,N/A,N/A,N/A,N/A
286,1770482333015,Sentence shown,HF_35_A,,,,N/A,N/A,N/A,N/A,N/A,N/A,N/A
286,1770482334691,Validation Wrong IR pressed,HF_35_A,,,,Spacebar,0,N/A,1676,N/A,N/A,N/A
286,1770482334691,IR pressed,HF_35_A,,,,Spacebar,0,N/A,1676,N/A,N/A,N/A
286,1770482335779,WR pressed,HF_35_A,,,,No,N/A,N/A,N/A,1087,N/A,N/A
286,1770482335779,gap_time,N/A,,,,GapTime_719,N/A,N/A,N/A,N/A,N/A,N/A
286,1770482336499,Sentence shown,HF_58_A,,,,N/A,N/A,N/A,N/A,N/A,N/A,N/A
286,1770482340501,gap_time,N/A,,,,GapTime_1293,N/A,N/A,N/A,N/A,N/A,N/A
286,1770482341796,Sentence shown,LVL_131_P,true,,,N/A,N/A,N/A,N/A,N/A,N/A,N/A
286,1770482345797,gap_time,N/A,true,,,GapTime_1134,N/A,N/A,N/A,N/A,N/A,N/A
286,1770482346932,Sentence shown,HVL_118_P,true,,true,N/A,N/A,N/A,N/A,N/A,N/A,N/A
286,1770482348495,IR pressed,HVL_118_P,true,,true,Spacebar,1,N/A,1563,N/A,N/A,N/A
286,1770482349587,WR pressed,HVL_118_P,true,,true,No,N/A,1,N/A,1092,N/A,N/A
286,1770482349587,gap_time,N/A,true,,true,GapTime_1166,N/A,N/A,N/A,N/A,N/A,N/A
286,1770482350754,Sentence shown,HH_174_P,true,,true,N/A,N/A,N/A,N/A,N/A,N/A,N/A
286,1770482354755,gap_time,N/A,true,,true,GapTime_872,N/A,N/A,N/A,N/A,N/A,N/A
286,1770482355628,Sentence shown,LVL_103_A,true,,,N/A,N/A,N/A,N/A,N/A,N/A,N/A
286,1770482359629,gap_time,N/A,true,,,GapTime_767,N/A,N/A,N/A,N/A,N/A,N/A
286,1770482360397,Sentence shown,HF_62_A,,,,N/A,N/A,N/A,N/A,N/A,N/A,N/A
286,1770482362593,Validation Wrong IR pressed,HF_62_A,,,,Spacebar,0,N/A,2196,N/A,N/A,N/A
286,1770482362593,IR pressed,HF_62_A,,,,Spacebar,0,N/A,2196,N/A,N/A,N/A
286,1770482364752,WR pressed,HF_62_A,,,,No,N/A,N/A,N/A,2159,N/A,N/A
286,1770482364752,gap_time,N/A,,,,GapTime_1274,N/A,N/A,N/A,N/A,N/A,N/A
286,1770482366027,Sentence shown,HF_62_A,,true,true,N/A,N/A,N/A,N/A,N/A,N/A,N/A
286,1770482367784,Validation IR pressed,HF_62_A,,true,true,Spacebar,1,N/A,1757,N/A,N/A,N/A
286,1770482367784,IR pressed,HF_62_A,,true,true,Spacebar,1,N/A,1757,N/A,N/A,N/A
286,1770482368617,WR pressed,HF_62_A,,true,true,No,N/A,N/A,N/A,833,N/A,N/A
286,1770482368617,gap_time,N/A,,true,true,GapTime_1257,N/A,N/A,N/A,N/A,N/A,N/A
286,1770482369875,Sentence shown,HH_172_P,true,,,N/A,N/A,N/A,N/A,N/A,N/A,N/A
286,1770482373876,gap_time,N/A,true,,,GapTime_899,N/A,N/A,N/A,N/A,N/A,N/A
286,1770482374777,Sentence shown,HVL_101_A,true,,,N/A,N/A,N/A,N/A,N/A,N/A,N/A
286,1770482378778,gap_time,N/A,true,,,GapTime_1004,N/A,N/A,N/A,N/A,N/A,N/A
286,1770482379784,Sentence shown,LVH_170_A,true,,true,N/A,N/A,N/A,N/A,N/A,N/A,N/A
286,1770482381283,IR pressed,LVH_170_A,true,,true,Spacebar,1,N/A,1499,N/A,N/A,N/A
286,1770482382982,WR pressed,LVH_170_A,true,,true,No,N/A,1,N/A,1699,N/A,N/A
286,1770482382983,gap_time,N/A,true,,true,GapTime_1063,N/A,N/A,N/A,N/A,N/A,N/A
286,1770482384048,Sentence shown,HF_63_A,,,,N/A,N/A,N/A,N/A,N/A,N/A,N/A
286,1770482388049,gap_time,N/A,,,,GapTime_820,N/A,N/A,N/A,N/A,N/A,N/A
286,1770482388870,Sentence shown,HF_34_A,,,,N/A,N/A,N/A,N/A,N/A,N/A,N/A
286,1770482392871,gap_time,N/A,,,,GapTime_713,N/A,N/A,N/A,N/A,N/A,N/A
286,1770482393585,Sentence shown,HF_34_A,,true,true,N/A,N/A,N/A,N/A,N/A,N/A,N/A
286,1770482394501,Validation IR pressed,HF_34_A,,true,true,Spacebar,1,N/A,916,N/A,N/A,N/A
286,1770482394501,IR pressed,HF_34_A,,true,true,Spacebar,1,N/A,916,N/A,N/A,N/A
286,1770482395149,WR pressed,HF_34_A,,true,true,Yes,N/A,N/A,N/A,648,N/A,N/A
286,1770482395150,gap_time,N/A,,true,true,GapTime_1241,N/A,N/A,N/A,N/A,N/A,N/A
286,1770482396392,Sentence shown,LVL_131_P,true,,true,N/A,N/A,N/A,N/A,N/A,N/A,N/A
286,1770482400394,gap_time,N/A,true,,true,GapTime_701,N/A,N/A,N/A,N/A,N/A,N/A
286,1770482401096,Sentence shown,HF_44_A,,,,N/A,N/A,N/A,N/A,N/A,N/A,N/A
286,1770482405097,gap_time,N/A,,,,GapTime_717,N/A,N/A,N/A,N/A,N/A,N/A
286,1770482405815,Sentence shown,LVL_103_P,true,,true,N/A,N/A,N/A,N/A,N/A,N/A,N/A
286,1770482407394,IR pressed,LVL_103_P,true,,true,Spacebar,1,N/A,1578,N/A,N/A,N/A
286,1770482408492,WR pressed,LVL_103_P,true,,true,No,N/A,1,N/A,1098,N/A,N/A
286,1770482408492,gap_time,N/A,true,,true,GapTime_1133,N/A,N/A,N/A,N/A,N/A,N/A
286,1770482409628,Sentence shown,HF_49_A,,,,N/A,N/A,N/A,N/A,N/A,N/A,N/A
286,1770482413629,gap_time,N/A,,,,GapTime_929,N/A,N/A,N/A,N/A,N/A,N/A
286,1770482414559,Sentence shown,HF_44_A,,true,true,N/A,N/A,N/A,N/A,N/A,N/A,N/A
286,1770482416134,Validation IR pressed,HF_44_A,,true,true,Spacebar,1,N/A,1574,N/A,N/A,N/A
286,1770482416134,IR pressed,HF_44_A,,true,true,Spacebar,1,N/A,1574,N/A,N/A,N/A
286,1770482416876,WR pressed,HF_44_A,,true,true,Yes,N/A,N/A,N/A,742,N/A,N/A
286,1770482416877,gap_time,N/A,,true,true,GapTime_817,N/A,N/A,N/A,N/A,N/A,N/A
286,1770482417695,Sentence shown,HF_61_A,,,,N/A,N/A,N/A,N/A,N/A,N/A,N/A
286,1770482421696,gap_time,N/A,,,,GapTime_1042,N/A,N/A,N/A,N/A,N/A,N/A
286,1770482422739,Sentence shown,HF_38_A,,,,N/A,N/A,N/A,N/A,N/A,N/A,N/A
286,1770482426741,gap_time,N/A,,,,GapTime_916,N/A,N/A,N/A,N/A,N/A,N/A
286,1770482427658,Sentence shown,HVL_101_A,true,,true,N/A,N/A,N/A,N/A,N/A,N/A,N/A
286,1770482431659,gap_time,N/A,true,,true,GapTime_855,N/A,N/A,N/A,N/A,N/A,N/A
286,1770482432516,Sentence shown,HH_172_A,true,,true,N/A,N/A,N/A,N/A,N/A,N/A,N/A
286,1770482434790,IR pressed,HH_172_A,true,,true,Spacebar,1,N/A,2273,N/A,N/A,N/A
286,1770482435716,WR pressed,HH_172_A,true,,true,No,N/A,1,N/A,926,N/A,N/A
286,1770482435717,gap_time,N/A,true,,true,GapTime_1029,N/A,N/A,N/A,N/A,N/A,N/A
286,1770482436747,Sentence shown,HF_64_A,,,,N/A,N/A,N/A,N/A,N/A,N/A,N/A
286,1770482440748,gap_time,N/A,,,,GapTime_925,N/A,N/A,N/A,N/A,N/A,N/A
286,1770482441675,Sentence shown,HF_53_A,,,,N/A,N/A,N/A,N/A,N/A,N/A,N/A
286,1770482445676,gap_time,N/A,,,,GapTime_941,N/A,N/A,N/A,N/A,N/A,N/A
286,1770482446618,Sentence shown,HF_60_A,,,,N/A,N/A,N/A,N/A,N/A,N/A,N/A
286,1770482450619,gap_time,N/A,,,,GapTime_1200,N/A,N/A,N/A,N/A,N/A,N/A
286,1770482451821,Sentence shown,HF_56_A,,,,N/A,N/A,N/A,N/A,N/A,N/A,N/A
286,1770482455822,gap_time,N/A,,,,GapTime_751,N/A,N/A,N/A,N/A,N/A,N/A
286,1770482456574,Sentence shown,HF_53_A,,true,true,N/A,N/A,N/A,N/A,N/A,N/A,N/A
286,1770482460575,Validation Missed,HF_53_A,,true,true,None,0,N/A,N/A,N/A,N/A,N/A
286,1770482460576,gap_time,N/A,,true,true,GapTime_818,N/A,N/A,N/A,N/A,N/A,N/A
286,1770482461395,Sentence shown,HF_43_A,,,,N/A,N/A,N/A,N/A,N/A,N/A,N/A
286,1770482465396,gap_time,N/A,,,,GapTime_942,N/A,N/A,N/A,N/A,N/A,N/A
286,1770482466339,Sentence shown,HVL_104_P,true,,,N/A,N/A,N/A,N/A,N/A,N/A,N/A
286,1770482470340,gap_time,N/A,true,,,GapTime_767,N/A,N/A,N/A,N/A,N/A,N/A
286,1770482471108,Sentence shown,HF_50_A,,,,N/A,N/A,N/A,N/A,N/A,N/A,N/A
286,1770482475109,gap_time,N/A,,,,GapTime_1049,N/A,N/A,N/A,N/A,N/A,N/A
286,1770482476160,Sentence shown,HF_39_A,,,,N/A,N/A,N/A,N/A,N/A,N/A,N/A
286,1770482480161,gap_time,N/A,,,,GapTime_1219,N/A,N/A,N/A,N/A,N/A,N/A
286,1770482481381,Sentence shown,HF_46_A,,,,N/A,N/A,N/A,N/A,N/A,N/A,N/A
286,1770482485382,gap_time,N/A,,,,GapTime_1054,N/A,N/A,N/A,N/A,N/A,N/A
286,1770482486437,Sentence shown,HF_46_A,,true,true,N/A,N/A,N/A,N/A,N/A,N/A,N/A
286,1770482487226,Validation IR pressed,HF_46_A,,true,true,Spacebar,1,N/A,789,N/A,N/A,N/A
286,1770482487226,IR pressed,HF_46_A,,true,true,Spacebar,1,N/A,789,N/A,N/A,N/A
286,1770482487830,WR pressed,HF_46_A,,true,true,Yes,N/A,N/A,N/A,604,N/A,N/A
286,1770482487830,gap_time,N/A,,true,true,GapTime_1085,N/A,N/A,N/A,N/A,N/A,N/A
286,1770482488917,Sentence shown,HF_48_A,,,,N/A,N/A,N/A,N/A,N/A,N/A,N/A
286,1770482492918,gap_time,N/A,,,,GapTime_802,N/A,N/A,N/A,N/A,N/A,N/A
286,1770482493721,Sentence shown,HF_39_A,,true,true,N/A,N/A,N/A,N/A,N/A,N/A,N/A
286,1770482494925,Validation IR pressed,HF_39_A,,true,true,Spacebar,1,N/A,1204,N/A,N/A,N/A
286,1770482494925,IR pressed,HF_39_A,,true,true,Spacebar,1,N/A,1204,N/A,N/A,N/A
286,1770482495498,WR pressed,HF_39_A,,true,true,Yes,N/A,N/A,N/A,572,N/A,N/A
286,1770482495498,gap_time,N/A,,true,true,GapTime_1239,N/A,N/A,N/A,N/A,N/A,N/A
286,1770482496738,Sentence shown,HVL_104_P,true,,true,N/A,N/A,N/A,N/A,N/A,N/A,N/A
286,1770482500739,gap_time,N/A,true,,true,GapTime_1258,N/A,N/A,N/A,N/A,N/A,N/A
286,1770482501998,Sentence shown,LVL_135_P,true,,,N/A,N/A,N/A,N/A,N/A,N/A,N/A
286,1770482506000,gap_time,N/A,true,,,GapTime_886,N/A,N/A,N/A,N/A,N/A,N/A
286,1770482506887,Sentence shown,LVH_105_P,true,,,N/A,N/A,N/A,N/A,N/A,N/A,N/A
286,1770482510888,gap_time,N/A,true,,,GapTime_1046,N/A,N/A,N/A,N/A,N/A,N/A
286,1770482511935,Sentence shown,LVL_135_A,true,,true,N/A,N/A,N/A,N/A,N/A,N/A,N/A
286,1770482513220,IR pressed,LVL_135_A,true,,true,Spacebar,1,N/A,1285,N/A,N/A,N/A
286,1770482514043,WR pressed,LVL_135_A,true,,true,No,N/A,1,N/A,823,N/A,N/A
286,1770482514044,gap_time,N/A,true,,true,GapTime_927,N/A,N/A,N/A,N/A,N/A,N/A
286,1770482514972,Sentence shown,LVH_105_P,true,,true,N/A,N/A,N/A,N/A,N/A,N/A,N/A
286,1770482516568,IR pressed,LVH_105_P,true,,true,Spacebar,1,N/A,1596,N/A,N/A,N/A
286,1770482517203,WR pressed,LVH_105_P,true,,true,Yes,N/A,1,N/A,635,N/A,N/A
286,1770482517203,gap_time,N/A,true,,true,GapTime_902,N/A,N/A,N/A,N/A,N/A,N/A
286,1770482518106,Rest Phase started,N/A,true,,true,Rest,N/A,N/A,N/A,N/A,N/A,N/A
286,1770482577583,Sentence shown,HF_76_A,,,,N/A,N/A,N/A,N/A,N/A,N/A,N/A
286,1770482581584,gap_time,N/A,,,,GapTime_1135,N/A,N/A,N/A,N/A,N/A,N/A
286,1770482582720,Sentence shown,HF_96_A,,,,N/A,N/A,N/A,N/A,N/A,N/A,N/A
286,1770482586721,gap_time,N/A,,,,GapTime_1172,N/A,N/A,N/A,N/A,N/A,N/A
286,1770482587894,Sentence shown,HF_76_A,,true,true,N/A,N/A,N/A,N/A,N/A,N/A,N/A
286,1770482589033,Validation IR pressed,HF_76_A,,true,true,Spacebar,1,N/A,1139,N/A,N/A,N/A
286,1770482589033,IR pressed,HF_76_A,,true,true,Spacebar,1,N/A,1139,N/A,N/A,N/A
286,1770482589485,WR pressed,HF_76_A,,true,true,Yes,N/A,N/A,N/A,452,N/A,N/A
286,1770482589485,gap_time,N/A,,true,true,GapTime_834,N/A,N/A,N/A,N/A,N/A,N/A
286,1770482590320,Sentence shown,HF_79_A,,,,N/A,N/A,N/A,N/A,N/A,N/A,N/A
286,1770482594321,gap_time,N/A,,,,GapTime_773,N/A,N/A,N/A,N/A,N/A,N/A
286,1770482595096,Sentence shown,HF_89_A,,,,N/A,N/A,N/A,N/A,N/A,N/A,N/A
286,1770482599096,gap_time,N/A,,,,GapTime_1278,N/A,N/A,N/A,N/A,N/A,N/A
286,1770482600376,Sentence shown,HF_95_A,,,,N/A,N/A,N/A,N/A,N/A,N/A,N/A
286,1770482604377,gap_time,N/A,,,,GapTime_722,N/A,N/A,N/A,N/A,N/A,N/A
286,1770482605100,Sentence shown,HF_66_A,,,,N/A,N/A,N/A,N/A,N/A,N/A,N/A
286,1770482609101,gap_time,N/A,,,,GapTime_817,N/A,N/A,N/A,N/A,N/A,N/A
286,1770482609920,Sentence shown,HF_67_A,,,,N/A,N/A,N/A,N/A,N/A,N/A,N/A
286,1770482613921,gap_time,N/A,,,,GapTime_982,N/A,N/A,N/A,N/A,N/A,N/A
286,1770482614904,Sentence shown,HF_66_A,,true,true,N/A,N/A,N/A,N/A,N/A,N/A,N/A
286,1770482616033,Validation IR pressed,HF_66_A,,true,true,Spacebar,1,N/A,1129,N/A,N/A,N/A
286,1770482616033,IR pressed,HF_66_A,,true,true,Spacebar,1,N/A,1129,N/A,N/A,N/A
286,1770482616634,WR pressed,HF_66_A,,true,true,Yes,N/A,N/A,N/A,601,N/A,N/A
286,1770482616635,gap_time,N/A,,true,true,GapTime_703,N/A,N/A,N/A,N/A,N/A,N/A
286,1770482617339,Sentence shown,HF_68_A,,,,N/A,N/A,N/A,N/A,N/A,N/A,N/A
286,1770482621340,gap_time,N/A,,,,GapTime_794,N/A,N/A,N/A,N/A,N/A,N/A
286,1770482622135,Sentence shown,HF_67_A,,true,true,N/A,N/A,N/A,N/A,N/A,N/A,N/A
286,1770482623306,Validation IR pressed,HF_67_A,,true,true,Spacebar,1,N/A,1171,N/A,N/A,N/A
286,1770482623306,IR pressed,HF_67_A,,true,true,Spacebar,1,N/A,1171,N/A,N/A,N/A
286,1770482623684,WR pressed,HF_67_A,,true,true,Yes,N/A,N/A,N/A,378,N/A,N/A
286,1770482623685,gap_time,N/A,,true,true,GapTime_1182,N/A,N/A,N/A,N/A,N/A,N/A
286,1770482624868,Sentence shown,HF_71_A,,,,N/A,N/A,N/A,N/A,N/A,N/A,N/A
286,1770482628869,gap_time,N/A,,,,GapTime_942,N/A,N/A,N/A,N/A,N/A,N/A
286,1770482629812,Sentence shown,HF_81_A,,,,N/A,N/A,N/A,N/A,N/A,N/A,N/A
286,1770482633813,gap_time,N/A,,,,GapTime_747,N/A,N/A,N/A,N/A,N/A,N/A
286,1770482634561,Sentence shown,HF_72_A,,,,N/A,N/A,N/A,N/A,N/A,N/A,N/A
286,1770482638562,gap_time,N/A,,,,GapTime_1114,N/A,N/A,N/A,N/A,N/A,N/A
286,1770482639678,Sentence shown,HF_83_A,,,,N/A,N/A,N/A,N/A,N/A,N/A,N/A
286,1770482643678,gap_time,N/A,,,,GapTime_708,N/A,N/A,N/A,N/A,N/A,N/A
286,1770482644387,Sentence shown,HVL_106_A,true,,,N/A,N/A,N/A,N/A,N/A,N/A,N/A
286,1770482648388,gap_time,N/A,true,,,GapTime_827,N/A,N/A,N/A,N/A,N/A,N/A
286,1770482649217,Sentence shown,HH_152_P,true,,,N/A,N/A,N/A,N/A,N/A,N/A,N/A
286,1770482653218,gap_time,N/A,true,,,GapTime_1112,N/A,N/A,N/A,N/A,N/A,N/A
286,1770482654332,Sentence shown,HF_86_A,,,,N/A,N/A,N/A,N/A,N/A,N/A,N/A
286,1770482658332,gap_time,N/A,,,,GapTime_950,N/A,N/A,N/A,N/A,N/A,N/A
286,1770482659284,Sentence shown,HF_91_A,,,,N/A,N/A,N/A,N/A,N/A,N/A,N/A
286,1770482663285,gap_time,N/A,,,,GapTime_995,N/A,N/A,N/A,N/A,N/A,N/A
286,1770482664281,Sentence shown,HF_74_A,,,,N/A,N/A,N/A,N/A,N/A,N/A,N/A
286,1770482668282,gap_time,N/A,,,,GapTime_894,N/A,N/A,N/A,N/A,N/A,N/A
286,1770482669177,Sentence shown,HF_86_A,,true,true,N/A,N/A,N/A,N/A,N/A,N/A,N/A
286,1770482671117,Validation IR pressed,HF_86_A,,true,true,Spacebar,1,N/A,1940,N/A,N/A,N/A
286,1770482671117,IR pressed,HF_86_A,,true,true,Spacebar,1,N/A,1940,N/A,N/A,N/A
286,1770482671886,WR pressed,HF_86_A,,true,true,Yes,N/A,N/A,N/A,769,N/A,N/A
286,1770482671887,gap_time,N/A,,true,true,GapTime_1132,N/A,N/A,N/A,N/A,N/A,N/A
286,1770482673020,Sentence shown,HVL_106_P,true,,true,N/A,N/A,N/A,N/A,N/A,N/A,N/A
286,1770482677021,gap_time,N/A,true,,true,GapTime_708,N/A,N/A,N/A,N/A,N/A,N/A
286,1770482677730,Sentence shown,HH_152_A,true,,true,N/A,N/A,N/A,N/A,N/A,N/A,N/A
286,1770482681731,gap_time,N/A,true,,true,GapTime_1249,N/A,N/A,N/A,N/A,N/A,N/A
286,1770482682982,Sentence shown,HF_93_A,,,,N/A,N/A,N/A,N/A,N/A,N/A,N/A
286,1770482686983,gap_time,N/A,,,,GapTime_869,N/A,N/A,N/A,N/A,N/A,N/A
286,1770482687853,Sentence shown,HF_92_A,,,,N/A,N/A,N/A,N/A,N/A,N/A,N/A
286,1770482691854,gap_time,N/A,,,,GapTime_957,N/A,N/A,N/A,N/A,N/A,N/A
286,1770482692813,Sentence shown,LVH_152_A,true,,,N/A,N/A,N/A,N/A,N/A,N/A,N/A
286,1770482696814,gap_time,N/A,true,,,GapTime_709,N/A,N/A,N/A,N/A,N/A,N/A
286,1770482697523,Sentence shown,HF_78_A,,,,N/A,N/A,N/A,N/A,N/A,N/A,N/A
286,1770482701524,gap_time,N/A,,,,GapTime_1232,N/A,N/A,N/A,N/A,N/A,N/A
286,1770482702758,Sentence shown,HF_78_A,,true,true,N/A,N/A,N/A,N/A,N/A,N/A,N/A
286,1770482703856,Validation IR pressed,HF_78_A,,true,true,Spacebar,1,N/A,1098,N/A,N/A,N/A
286,1770482703856,IR pressed,HF_78_A,,true,true,Spacebar,1,N/A,1098,N/A,N/A,N/A
286,1770482704412,WR pressed,HF_78_A,,true,true,Yes,N/A,N/A,N/A,556,N/A,N/A
286,1770482704413,gap_time,N/A,,true,true,GapTime_1150,N/A,N/A,N/A,N/A,N/A,N/A
286,1770482705564,Sentence shown,LVH_123_P,true,,,N/A,N/A,N/A,N/A,N/A,N/A,N/A
286,1770482709566,gap_time,N/A,true,,,GapTime_839,N/A,N/A,N/A,N/A,N/A,N/A
286,1770482710406,Sentence shown,LVL_145_A,true,,,N/A,N/A,N/A,N/A,N/A,N/A,N/A
286,1770482714407,gap_time,N/A,true,,,GapTime_719,N/A,N/A,N/A,N/A,N/A,N/A
286,1770482715127,Sentence shown,HF_88_A,,,,N/A,N/A,N/A,N/A,N/A,N/A,N/A
286,1770482719128,gap_time,N/A,,,,GapTime_712,N/A,N/A,N/A,N/A,N/A,N/A
286,1770482719841,Sentence shown,HF_75_A,,,,N/A,N/A,N/A,N/A,N/A,N/A,N/A
286,1770482723842,gap_time,N/A,,,,GapTime_939,N/A,N/A,N/A,N/A,N/A,N/A
286,1770482724783,Sentence shown,LVH_152_P,true,,true,N/A,N/A,N/A,N/A,N/A,N/A,N/A
286,1770482728784,gap_time,N/A,true,,true,GapTime_1061,N/A,N/A,N/A,N/A,N/A,N/A
286,1770482729846,Sentence shown,HF_94_A,,,,N/A,N/A,N/A,N/A,N/A,N/A,N/A
286,1770482733847,gap_time,N/A,,,,GapTime_765,N/A,N/A,N/A,N/A,N/A,N/A
286,1770482734613,Sentence shown,LVL_101_P,true,,,N/A,N/A,N/A,N/A,N/A,N/A,N/A
286,1770482738614,gap_time,N/A,true,,,GapTime_798,N/A,N/A,N/A,N/A,N/A,N/A
286,1770482739414,Sentence shown,HVL_151_P,true,,,N/A,N/A,N/A,N/A,N/A,N/A,N/A
286,1770482743415,gap_time,N/A,true,,,GapTime_877,N/A,N/A,N/A,N/A,N/A,N/A
286,1770482744293,Sentence shown,LVH_123_A,true,,true,N/A,N/A,N/A,N/A,N/A,N/A,N/A
286,1770482745229,IR pressed,LVH_123_A,true,,true,Spacebar,1,N/A,936,N/A,N/A,N/A
286,1770482746110,WR pressed,LVH_123_A,true,,true,No,N/A,1,N/A,881,N/A,N/A
286,1770482746111,gap_time,N/A,true,,true,GapTime_1093,N/A,N/A,N/A,N/A,N/A,N/A
286,1770482747205,Sentence shown,HF_87_A,,,,N/A,N/A,N/A,N/A,N/A,N/A,N/A
286,1770482751205,gap_time,N/A,,,,GapTime_711,N/A,N/A,N/A,N/A,N/A,N/A
286,1770482751918,Sentence shown,LVL_145_A,true,,true,N/A,N/A,N/A,N/A,N/A,N/A,N/A
286,1770482753828,IR pressed,LVL_145_A,true,,true,Spacebar,1,N/A,1910,N/A,N/A,N/A
286,1770482755581,WR pressed,LVL_145_A,true,,true,No,N/A,0,N/A,1753,N/A,N/A
286,1770482755581,gap_time,N/A,true,,true,GapTime_1035,N/A,N/A,N/A,N/A,N/A,N/A
286,1770482756618,Sentence shown,HF_97_A,,,,N/A,N/A,N/A,N/A,N/A,N/A,N/A
286,1770482760619,gap_time,N/A,,,,GapTime_871,N/A,N/A,N/A,N/A,N/A,N/A
286,1770482761491,Sentence shown,HF_97_A,,true,true,N/A,N/A,N/A,N/A,N/A,N/A,N/A
286,1770482762370,Validation IR pressed,HF_97_A,,true,true,Spacebar,1,N/A,878,N/A,N/A,N/A
286,1770482762370,IR pressed,HF_97_A,,true,true,Spacebar,1,N/A,878,N/A,N/A,N/A
286,1770482762667,WR pressed,HF_97_A,,true,true,Yes,N/A,N/A,N/A,297,N/A,N/A
286,1770482762668,gap_time,N/A,,true,true,GapTime_890,N/A,N/A,N/A,N/A,N/A,N/A
286,1770482763559,Sentence shown,LVL_102_A,true,,,N/A,N/A,N/A,N/A,N/A,N/A,N/A
286,1770482767560,gap_time,N/A,true,,,GapTime_998,N/A,N/A,N/A,N/A,N/A,N/A
286,1770482768559,Sentence shown,HF_82_A,,,,N/A,N/A,N/A,N/A,N/A,N/A,N/A
286,1770482772560,gap_time,N/A,,,,GapTime_829,N/A,N/A,N/A,N/A,N/A,N/A
286,1770482773391,Sentence shown,LVL_101_P,true,,true,N/A,N/A,N/A,N/A,N/A,N/A,N/A
286,1770482775209,IR pressed,LVL_101_P,true,,true,Spacebar,1,N/A,1818,N/A,N/A,N/A
286,1770482775615,WR pressed,LVL_101_P,true,,true,Yes,N/A,1,N/A,406,N/A,N/A
286,1770482775616,gap_time,N/A,true,,true,GapTime_967,N/A,N/A,N/A,N/A,N/A,N/A
286,1770482776584,Sentence shown,HF_73_A,,,,N/A,N/A,N/A,N/A,N/A,N/A,N/A
286,1770482780585,gap_time,N/A,,,,GapTime_717,N/A,N/A,N/A,N/A,N/A,N/A
286,1770482781303,Sentence shown,HF_85_A,,,,N/A,N/A,N/A,N/A,N/A,N/A,N/A
286,1770482785304,gap_time,N/A,,,,GapTime_861,N/A,N/A,N/A,N/A,N/A,N/A
286,1770482786167,Sentence shown,HVL_151_P,true,,true,N/A,N/A,N/A,N/A,N/A,N/A,N/A
286,1770482787770,IR pressed,HVL_151_P,true,,true,Spacebar,1,N/A,1603,N/A,N/A,N/A
286,1770482788415,WR pressed,HVL_151_P,true,,true,Yes,N/A,1,N/A,645,N/A,N/A
286,1770482788415,gap_time,N/A,true,,true,GapTime_1215,N/A,N/A,N/A,N/A,N/A,N/A
286,1770482789632,Sentence shown,HVL_163_A,true,,,N/A,N/A,N/A,N/A,N/A,N/A,N/A
286,1770482793633,gap_time,N/A,true,,,GapTime_883,N/A,N/A,N/A,N/A,N/A,N/A
286,1770482794517,Sentence shown,HH_154_A,true,,,N/A,N/A,N/A,N/A,N/A,N/A,N/A
286,1770482798519,gap_time,N/A,true,,,GapTime_956,N/A,N/A,N/A,N/A,N/A,N/A
286,1770482799476,Sentence shown,LVL_102_P,true,,true,N/A,N/A,N/A,N/A,N/A,N/A,N/A
286,1770482801986,IR pressed,LVL_102_P,true,,true,Spacebar,1,N/A,2510,N/A,N/A,N/A
286,1770482802667,WR pressed,LVL_102_P,true,,true,No,N/A,1,N/A,681,N/A,N/A
286,1770482802668,gap_time,N/A,true,,true,GapTime_1235,N/A,N/A,N/A,N/A,N/A,N/A
286,1770482803904,Sentence shown,LVL_124_P,true,,,N/A,N/A,N/A,N/A,N/A,N/A,N/A
286,1770482807905,gap_time,N/A,true,,,GapTime_787,N/A,N/A,N/A,N/A,N/A,N/A
286,1770482808693,Sentence shown,HF_84_A,,,,N/A,N/A,N/A,N/A,N/A,N/A,N/A
286,1770482812694,gap_time,N/A,,,,GapTime_725,N/A,N/A,N/A,N/A,N/A,N/A
286,1770482813421,Sentence shown,HF_70_A,,,,N/A,N/A,N/A,N/A,N/A,N/A,N/A
286,1770482814404,Validation Wrong IR pressed,HF_70_A,,,,Spacebar,0,N/A,983,N/A,N/A,N/A
286,1770482814404,IR pressed,HF_70_A,,,,Spacebar,0,N/A,983,N/A,N/A,N/A
286,1770482815485,WR pressed,HF_70_A,,,,No,N/A,N/A,N/A,1081,N/A,N/A
286,1770482815485,gap_time,N/A,,,,GapTime_763,N/A,N/A,N/A,N/A,N/A,N/A
286,1770482816249,Sentence shown,LVH_138_A,true,,,N/A,N/A,N/A,N/A,N/A,N/A,N/A
286,1770482820250,gap_time,N/A,true,,,GapTime_965,N/A,N/A,N/A,N/A,N/A,N/A
286,1770482821217,Sentence shown,HF_84_A,,true,true,N/A,N/A,N/A,N/A,N/A,N/A,N/A
286,1770482822317,Validation IR pressed,HF_84_A,,true,true,Spacebar,1,N/A,1100,N/A,N/A,N/A
286,1770482822317,IR pressed,HF_84_A,,true,true,Spacebar,1,N/A,1100,N/A,N/A,N/A
286,1770482822591,WR pressed,HF_84_A,,true,true,Yes,N/A,N/A,N/A,273,N/A,N/A
286,1770482822592,gap_time,N/A,,true,true,GapTime_1203,N/A,N/A,N/A,N/A,N/A,N/A
286,1770482823796,Sentence shown,HVL_163_A,true,,true,N/A,N/A,N/A,N/A,N/A,N/A,N/A
286,1770482825398,IR pressed,HVL_163_A,true,,true,Spacebar,1,N/A,1602,N/A,N/A,N/A
286,1770482825615,WR pressed,HVL_163_A,true,,true,Yes,N/A,1,N/A,217,N/A,N/A
286,1770482825615,gap_time,N/A,true,,true,GapTime_1167,N/A,N/A,N/A,N/A,N/A,N/A
286,1770482826784,Sentence shown,HH_154_P,true,,true,N/A,N/A,N/A,N/A,N/A,N/A,N/A
286,1770482828479,IR pressed,HH_154_P,true,,true,Spacebar,1,N/A,1695,N/A,N/A,N/A
286,1770482828663,WR pressed,HH_154_P,true,,true,Yes,N/A,0,N/A,184,N/A,N/A
286,1770482828663,gap_time,N/A,true,,true,GapTime_884,N/A,N/A,N/A,N/A,N/A,N/A
286,1770482829549,Sentence shown,HH_142_P,true,,,N/A,N/A,N/A,N/A,N/A,N/A,N/A
286,1770482833550,gap_time,N/A,true,,,GapTime_1070,N/A,N/A,N/A,N/A,N/A,N/A
286,1770482834621,Sentence shown,HVL_123_P,true,,,N/A,N/A,N/A,N/A,N/A,N/A,N/A
286,1770482838622,gap_time,N/A,true,,,GapTime_837,N/A,N/A,N/A,N/A,N/A,N/A
286,1770482839461,Sentence shown,HF_77_A,,,,N/A,N/A,N/A,N/A,N/A,N/A,N/A
286,1770482843462,gap_time,N/A,,,,GapTime_1188,N/A,N/A,N/A,N/A,N/A,N/A
286,1770482844652,Sentence shown,LVH_124_P,true,,,N/A,N/A,N/A,N/A,N/A,N/A,N/A
286,1770482848653,gap_time,N/A,true,,,GapTime_1243,N/A,N/A,N/A,N/A,N/A,N/A
286,1770482849897,Sentence shown,HF_77_A,,true,true,N/A,N/A,N/A,N/A,N/A,N/A,N/A
286,1770482851161,Validation IR pressed,HF_77_A,,true,true,Spacebar,1,N/A,1264,N/A,N/A,N/A
286,1770482851161,IR pressed,HF_77_A,,true,true,Spacebar,1,N/A,1264,N/A,N/A,N/A
286,1770482851493,WR pressed,HF_77_A,,true,true,Yes,N/A,N/A,N/A,332,N/A,N/A
286,1770482851493,gap_time,N/A,,true,true,GapTime_904,N/A,N/A,N/A,N/A,N/A,N/A
286,1770482852398,Sentence shown,LVL_124_A,true,,true,N/A,N/A,N/A,N/A,N/A,N/A,N/A
286,1770482856400,gap_time,N/A,true,,true,GapTime_977,N/A,N/A,N/A,N/A,N/A,N/A
286,1770482857378,Sentence shown,HF_90_A,,,,N/A,N/A,N/A,N/A,N/A,N/A,N/A
286,1770482859177,Validation Wrong IR pressed,HF_90_A,,,,Spacebar,0,N/A,1799,N/A,N/A,N/A
286,1770482859177,IR pressed,HF_90_A,,,,Spacebar,0,N/A,1799,N/A,N/A,N/A
286,1770482859569,WR pressed,HF_90_A,,,,Yes,N/A,N/A,N/A,392,N/A,N/A
286,1770482859569,gap_time,N/A,,,,GapTime_776,N/A,N/A,N/A,N/A,N/A,N/A
286,1770482860347,Sentence shown,HF_69_A,,,,N/A,N/A,N/A,N/A,N/A,N/A,N/A
286,1770482864348,gap_time,N/A,,,,GapTime_964,N/A,N/A,N/A,N/A,N/A,N/A
286,1770482865313,Sentence shown,HF_80_A,,,,N/A,N/A,N/A,N/A,N/A,N/A,N/A
286,1770482869314,gap_time,N/A,,,,GapTime_729,N/A,N/A,N/A,N/A,N/A,N/A
286,1770482870045,Sentence shown,HF_80_A,,true,true,N/A,N/A,N/A,N/A,N/A,N/A,N/A
286,1770482870971,Validation IR pressed,HF_80_A,,true,true,Spacebar,1,N/A,926,N/A,N/A,N/A
286,1770482870971,IR pressed,HF_80_A,,true,true,Spacebar,1,N/A,926,N/A,N/A,N/A
286,1770482871232,WR pressed,HF_80_A,,true,true,Yes,N/A,N/A,N/A,261,N/A,N/A
286,1770482871233,gap_time,N/A,,true,true,GapTime_1187,N/A,N/A,N/A,N/A,N/A,N/A
286,1770482872421,Sentence shown,HF_69_A,,true,true,N/A,N/A,N/A,N/A,N/A,N/A,N/A
286,1770482873941,Validation IR pressed,HF_69_A,,true,true,Spacebar,1,N/A,1520,N/A,N/A,N/A
286,1770482873941,IR pressed,HF_69_A,,true,true,Spacebar,1,N/A,1520,N/A,N/A,N/A
286,1770482874179,WR pressed,HF_69_A,,true,true,Yes,N/A,N/A,N/A,238,N/A,N/A
286,1770482874180,gap_time,N/A,,true,true,GapTime_1117,N/A,N/A,N/A,N/A,N/A,N/A
286,1770482875298,Sentence shown,HVL_123_A,true,,true,N/A,N/A,N/A,N/A,N/A,N/A,N/A
286,1770482876801,IR pressed,HVL_123_A,true,,true,Spacebar,1,N/A,1503,N/A,N/A,N/A
286,1770482877140,WR pressed,HVL_123_A,true,,true,No,N/A,1,N/A,339,N/A,N/A
286,1770482877141,gap_time,N/A,true,,true,GapTime_1150,N/A,N/A,N/A,N/A,N/A,N/A
286,1770482878292,Sentence shown,LVH_138_A,true,,true,N/A,N/A,N/A,N/A,N/A,N/A,N/A
286,1770482882293,gap_time,N/A,true,,true,GapTime_1111,N/A,N/A,N/A,N/A,N/A,N/A
286,1770482883405,Sentence shown,HH_142_P,true,,true,N/A,N/A,N/A,N/A,N/A,N/A,N/A
286,1770482884799,IR pressed,HH_142_P,true,,true,Spacebar,1,N/A,1394,N/A,N/A,N/A
286,1770482885103,WR pressed,HH_142_P,true,,true,Yes,N/A,1,N/A,304,N/A,N/A
286,1770482885104,gap_time,N/A,true,,true,GapTime_746,N/A,N/A,N/A,N/A,N/A,N/A
286,1770482885851,Sentence shown,HH_145_A,true,,,N/A,N/A,N/A,N/A,N/A,N/A,N/A
286,1770482889852,gap_time,N/A,true,,,GapTime_732,N/A,N/A,N/A,N/A,N/A,N/A
286,1770482890585,Sentence shown,LVH_124_P,true,,true,N/A,N/A,N/A,N/A,N/A,N/A,N/A
286,1770482891980,IR pressed,LVH_124_P,true,,true,Spacebar,1,N/A,1395,N/A,N/A,N/A
286,1770482892254,WR pressed,LVH_124_P,true,,true,No,N/A,0,N/A,274,N/A,N/A
286,1770482892255,gap_time,N/A,true,,true,GapTime_1209,N/A,N/A,N/A,N/A,N/A,N/A
286,1770482893465,Sentence shown,HH_145_A,true,,true,N/A,N/A,N/A,N/A,N/A,N/A,N/A
286,1770482894752,IR pressed,HH_145_A,true,,true,Spacebar,1,N/A,1287,N/A,N/A,N/A
286,1770482894995,WR pressed,HH_145_A,true,,true,Yes,N/A,1,N/A,243,N/A,N/A
286,1770482894996,gap_time,N/A,true,,true,GapTime_883,N/A,N/A,N/A,N/A,N/A,N/A
