participant_ID,Timestamp,Event,Stimulus,isTarget,isValidation,isRepeat,Button,Accuracy IR,Accuracy WR,Reaction_time_IR,Reaction_time_WR,CR_IR,CR_WR
309,1770533903887,Practice Sentence shown,HH_129_A,true,,,N/A,N/A,N/A,N/A,N/A,N/A,N/A
309,1770533909401,Practice Sentence shown,HL_32_A,,,,N/A,N/A,N/A,N/A,N/A,N/A,N/A
309,1770533914915,Practice Sentence shown,HL_6_A,,,,N/A,N/A,N/A,N/A,N/A,N/A,N/A
309,1770533920442,Practice Sentence shown,HL_7_A,,,,N/A,N/A,N/A,N/A,N/A,N/A,N/A
309,1770533925965,Practice Sentence shown,HL_4_A,,,,N/A,N/A,N/A,N/A,N/A,N/A,N/A
309,1770533931488,Practice Sentence shown,HL_19_A,,,,N/A,N/A,N/A,N/A,N/A,N/A,N/A
309,1770533937003,Practice Sentence shown,HH_135_A,true,,,N/A,N/A,N/A,N/A,N/A,N/A,N/A
309,1770533942522,Practice Sentence shown,HH_129_P,true,,true,N/A,N/A,N/A,N/A,N/A,N/A,N/A
309,1770533946534,Practice Missed,HH_129_P,true,,true,None,0,N/A,N/A,N/A,N/A,N/A
309,1770533949083,Practice Sentence shown,HH_134_A,true,,,N/A,N/A,N/A,N/A,N/A,N/A,N/A
309,1770533954601,Practice Sentence shown,HL_39_A,,,,N/A,N/A,N/A,N/A,N/A,N/A,N/A
309,1770533960130,Practice Sentence shown,HH_109_A,true,,,N/A,N/A,N/A,N/A,N/A,N/A,N/A
309,1770533965639,Practice Sentence shown,HL_57_A,,,,N/A,N/A,N/A,N/A,N/A,N/A,N/A
309,1770533971157,Practice Sentence shown,HH_134_P,true,,true,N/A,N/A,N/A,N/A,N/A,N/A,N/A
309,1770533972547,Practice IR pressed,HH_134_P,true,,true,Spacebar,1,N/A,1390,N/A,N/A,N/A
309,1770533974021,Practice WR pressed,HH_134_P,true,,true,No,N/A,1,N/A,1474,N/A,N/A
309,1770533975536,Practice Sentence shown,HL_59_A,,,,N/A,N/A,N/A,N/A,N/A,N/A,N/A
309,1770533981046,Practice Sentence shown,HH_135_P,true,,true,N/A,N/A,N/A,N/A,N/A,N/A,N/A
309,1770533985061,Practice Missed,HH_135_P,true,,true,None,0,N/A,N/A,N/A,N/A,N/A
309,1770533987879,Practice Sentence shown,HH_100_A,true,,,N/A,N/A,N/A,N/A,N/A,N/A,N/A
309,1770533991115,Practice IR pressed,HH_100_A,true,,,Spacebar,0,N/A,3236,N/A,N/A,N/A
309,1770533992386,Practice Sentence shown,HL_29_A,,,,N/A,N/A,N/A,N/A,N/A,N/A,N/A
309,1770533997901,Practice Sentence shown,HH_109_A,true,,true,N/A,N/A,N/A,N/A,N/A,N/A,N/A
309,1770533999282,Practice IR pressed,HH_109_A,true,,true,Spacebar,1,N/A,1381,N/A,N/A,N/A
309,1770534001075,Practice WR pressed,HH_109_A,true,,true,No,N/A,0,N/A,1793,N/A,N/A
309,1770534003342,Practice Sentence shown,HL_35_A,,,,N/A,N/A,N/A,N/A,N/A,N/A,N/A
309,1770534008866,Practice Sentence shown,HH_100_A,true,,true,N/A,N/A,N/A,N/A,N/A,N/A,N/A
309,1770534010924,Practice IR pressed,HH_100_A,true,,true,Spacebar,1,N/A,2058,N/A,N/A,N/A
309,1770534014971,Practice WR pressed,HH_100_A,true,,true,Yes,N/A,1,N/A,4047,N/A,N/A
309,1770534018858,Practice Sentence shown,HL_65_A,,,,N/A,N/A,N/A,N/A,N/A,N/A,N/A
309,1770534024375,Practice Sentence shown,HL_74_A,,,,N/A,N/A,N/A,N/A,N/A,N/A,N/A
309,1770534029907,Practice Sentence shown,HL_101_A,,,,N/A,N/A,N/A,N/A,N/A,N/A,N/A
309,1770534035429,Practice Sentence shown,HL_60_A,,,,N/A,N/A,N/A,N/A,N/A,N/A,N/A
309,1770534040945,Practice Sentence shown,HH_111_A,true,,,N/A,N/A,N/A,N/A,N/A,N/A,N/A
309,1770534046471,Practice Sentence shown,HL_70_A,,,,N/A,N/A,N/A,N/A,N/A,N/A,N/A
309,1770534051990,Practice Sentence shown,HL_99_A,,,,N/A,N/A,N/A,N/A,N/A,N/A,N/A
309,1770534057504,Practice Sentence shown,HL_107_A,,,,N/A,N/A,N/A,N/A,N/A,N/A,N/A
309,1770534063014,Practice Sentence shown,HH_122_A,true,,,N/A,N/A,N/A,N/A,N/A,N/A,N/A
309,1770534068527,Practice Sentence shown,HL_69_A,,,,N/A,N/A,N/A,N/A,N/A,N/A,N/A
309,1770534074043,Practice Sentence shown,HH_111_A,true,,true,N/A,N/A,N/A,N/A,N/A,N/A,N/A
309,1770534077344,Practice IR pressed,HH_111_A,true,,true,Spacebar,1,N/A,3301,N/A,N/A,N/A
309,1770534078948,Practice WR pressed,HH_111_A,true,,true,No,N/A,0,N/A,1604,N/A,N/A
309,1770534080363,Practice Sentence shown,HL_59_A,,,,N/A,N/A,N/A,N/A,N/A,N/A,N/A
309,1770534083011,Practice IR pressed,HL_59_A,,,,Spacebar,0,N/A,2648,N/A,N/A,N/A
309,1770534086384,Practice Sentence shown,HH_120_A,true,,,N/A,N/A,N/A,N/A,N/A,N/A,N/A
309,1770534091906,Practice Sentence shown,HL_96_A,,,,N/A,N/A,N/A,N/A,N/A,N/A,N/A
309,1770534097425,Practice Sentence shown,HH_122_P,true,,true,N/A,N/A,N/A,N/A,N/A,N/A,N/A
309,1770534101439,Practice Missed,HH_122_P,true,,true,None,0,N/A,N/A,N/A,N/A,N/A
309,1770534102052,Practice Sentence shown,HH_124_A,true,,,N/A,N/A,N/A,N/A,N/A,N/A,N/A
309,1770534107570,Practice Sentence shown,HH_135_A,true,,,N/A,N/A,N/A,N/A,N/A,N/A,N/A
309,1770534113094,Practice Sentence shown,HH_124_P,true,,true,N/A,N/A,N/A,N/A,N/A,N/A,N/A
309,1770534117106,Practice Missed,HH_124_P,true,,true,None,0,N/A,N/A,N/A,N/A,N/A
309,1770534119734,Practice Sentence shown,HH_135_P,true,,true,N/A,N/A,N/A,N/A,N/A,N/A,N/A
309,1770534123517,Practice IR pressed,HH_135_P,true,,true,Spacebar,1,N/A,3783,N/A,N/A,N/A
309,1770534125085,Practice WR pressed,HH_135_P,true,,true,No,N/A,1,N/A,1568,N/A,N/A
309,1770534126598,Practice Sentence shown,HH_120_A,true,,true,N/A,N/A,N/A,N/A,N/A,N/A,N/A
309,1770534130606,Practice Missed,HH_120_A,true,,true,None,0,N/A,N/A,N/A,N/A,N/A
309,1770534138027,Practice Sentence shown,HL_17_A,,,,N/A,N/A,N/A,N/A,N/A,N/A,N/A
309,1770534143554,Practice Sentence shown,HL_4_A,,,,N/A,N/A,N/A,N/A,N/A,N/A,N/A
309,1770534149072,Practice Sentence shown,HL_38_A,,,,N/A,N/A,N/A,N/A,N/A,N/A,N/A
309,1770534154586,Practice Sentence shown,HL_10_A,,,,N/A,N/A,N/A,N/A,N/A,N/A,N/A
309,1770534160109,Practice Sentence shown,HH_111_A,true,,,N/A,N/A,N/A,N/A,N/A,N/A,N/A
309,1770534165628,Practice Sentence shown,HL_55_A,,,,N/A,N/A,N/A,N/A,N/A,N/A,N/A
309,1770534171156,Practice Sentence shown,HL_96_A,,,,N/A,N/A,N/A,N/A,N/A,N/A,N/A
309,1770534176680,Practice Sentence shown,HL_64_A,,,,N/A,N/A,N/A,N/A,N/A,N/A,N/A
309,1770534182195,Practice Sentence shown,HH_111_A,true,,true,N/A,N/A,N/A,N/A,N/A,N/A,N/A
309,1770534186198,Practice Missed,HH_111_A,true,,true,None,0,N/A,N/A,N/A,N/A,N/A
309,1770534187774,Practice Sentence shown,HL_65_A,,,,N/A,N/A,N/A,N/A,N/A,N/A,N/A
309,1770534193290,Practice Sentence shown,HL_44_A,,,,N/A,N/A,N/A,N/A,N/A,N/A,N/A
309,1770534198811,Practice Sentence shown,HH_121_A,true,,,N/A,N/A,N/A,N/A,N/A,N/A,N/A
309,1770534204327,Practice Sentence shown,HH_131_A,true,,,N/A,N/A,N/A,N/A,N/A,N/A,N/A
309,1770534209846,Practice Sentence shown,HH_101_A,true,,,N/A,N/A,N/A,N/A,N/A,N/A,N/A
309,1770534215362,Practice Sentence shown,HL_74_A,,,,N/A,N/A,N/A,N/A,N/A,N/A,N/A
309,1770534220881,Practice Sentence shown,HH_126_A,true,,,N/A,N/A,N/A,N/A,N/A,N/A,N/A
309,1770534226394,Practice Sentence shown,HH_101_P,true,,true,N/A,N/A,N/A,N/A,N/A,N/A,N/A
309,1770534228426,Practice IR pressed,HH_101_P,true,,true,Spacebar,1,N/A,2032,N/A,N/A,N/A
309,1770534229629,Practice WR pressed,HH_101_P,true,,true,No,N/A,1,N/A,1203,N/A,N/A
309,1770534231140,Practice Sentence shown,HH_121_A,true,,true,N/A,N/A,N/A,N/A,N/A,N/A,N/A
309,1770534234219,Practice IR pressed,HH_121_A,true,,true,Spacebar,1,N/A,3079,N/A,N/A,N/A
309,1770534240133,Practice WR pressed,HH_121_A,true,,true,No,N/A,0,N/A,5914,N/A,N/A
309,1770534242573,Practice Sentence shown,HH_126_P,true,,true,N/A,N/A,N/A,N/A,N/A,N/A,N/A
309,1770534246572,Practice IR pressed,HH_126_P,true,,true,Spacebar,1,N/A,3999,N/A,N/A,N/A
309,1770534248501,Practice WR pressed,HH_126_P,true,,true,No,N/A,1,N/A,1929,N/A,N/A
309,1770534250006,Practice Sentence shown,HH_131_P,true,,true,N/A,N/A,N/A,N/A,N/A,N/A,N/A
309,1770534253780,Practice IR pressed,HH_131_P,true,,true,Spacebar,1,N/A,3774,N/A,N/A,N/A
309,1770534254886,Practice WR pressed,HH_131_P,true,,true,No,N/A,1,N/A,1106,N/A,N/A
309,1770534267602,Sentence shown,HF_5_A,,,,N/A,N/A,N/A,N/A,N/A,N/A,N/A
309,1770534271607,gap_time,N/A,,,,GapTime_1259,N/A,N/A,N/A,N/A,N/A,N/A
309,1770534272880,Sentence shown,HF_27_A,,,,N/A,N/A,N/A,N/A,N/A,N/A,N/A
309,1770534276890,gap_time,N/A,,,,GapTime_1136,N/A,N/A,N/A,N/A,N/A,N/A
309,1770534278043,Sentence shown,HF_17_A,,,,N/A,N/A,N/A,N/A,N/A,N/A,N/A
309,1770534282049,gap_time,N/A,,,,GapTime_849,N/A,N/A,N/A,N/A,N/A,N/A
309,1770534282911,Sentence shown,HF_24_A,,,,N/A,N/A,N/A,N/A,N/A,N/A,N/A
309,1770534286913,gap_time,N/A,,,,GapTime_1094,N/A,N/A,N/A,N/A,N/A,N/A
309,1770534288015,Sentence shown,HF_9_A,,,,N/A,N/A,N/A,N/A,N/A,N/A,N/A
309,1770534292029,gap_time,N/A,,,,GapTime_948,N/A,N/A,N/A,N/A,N/A,N/A
309,1770534292980,Sentence shown,HF_9_A,,true,true,N/A,N/A,N/A,N/A,N/A,N/A,N/A
309,1770534294763,Validation IR pressed,HF_9_A,,true,true,Spacebar,1,N/A,1782,N/A,N/A,N/A
309,1770534294763,IR pressed,HF_9_A,,true,true,Spacebar,1,N/A,1782,N/A,N/A,N/A
309,1770534295771,WR pressed,HF_9_A,,true,true,Yes,N/A,N/A,N/A,1008,N/A,N/A
309,1770534295771,gap_time,N/A,,true,true,GapTime_1099,N/A,N/A,N/A,N/A,N/A,N/A
309,1770534296874,Sentence shown,HF_24_A,,true,true,N/A,N/A,N/A,N/A,N/A,N/A,N/A
309,1770534300080,Validation IR pressed,HF_24_A,,true,true,Spacebar,1,N/A,3206,N/A,N/A,N/A
309,1770534300080,IR pressed,HF_24_A,,true,true,Spacebar,1,N/A,3206,N/A,N/A,N/A
309,1770534300561,WR pressed,HF_24_A,,true,true,Yes,N/A,N/A,N/A,481,N/A,N/A
309,1770534300562,gap_time,N/A,,true,true,GapTime_874,N/A,N/A,N/A,N/A,N/A,N/A
309,1770534301438,Sentence shown,HF_13_A,,,,N/A,N/A,N/A,N/A,N/A,N/A,N/A
309,1770534305441,gap_time,N/A,,,,GapTime_862,N/A,N/A,N/A,N/A,N/A,N/A
309,1770534306313,Sentence shown,HF_29_A,,,,N/A,N/A,N/A,N/A,N/A,N/A,N/A
309,1770534310319,gap_time,N/A,,,,GapTime_1096,N/A,N/A,N/A,N/A,N/A,N/A
309,1770534311421,Sentence shown,HF_13_A,,true,true,N/A,N/A,N/A,N/A,N/A,N/A,N/A
309,1770534314972,Validation IR pressed,HF_13_A,,true,true,Spacebar,1,N/A,3550,N/A,N/A,N/A
309,1770534314972,IR pressed,HF_13_A,,true,true,Spacebar,1,N/A,3550,N/A,N/A,N/A
309,1770534315794,WR pressed,HF_13_A,,true,true,Yes,N/A,N/A,N/A,822,N/A,N/A
309,1770534315795,gap_time,N/A,,true,true,GapTime_952,N/A,N/A,N/A,N/A,N/A,N/A
309,1770534316752,Sentence shown,HF_25_A,,,,N/A,N/A,N/A,N/A,N/A,N/A,N/A
309,1770534320765,gap_time,N/A,,,,GapTime_1028,N/A,N/A,N/A,N/A,N/A,N/A
309,1770534321802,Sentence shown,HF_6_A,,,,N/A,N/A,N/A,N/A,N/A,N/A,N/A
309,1770534325816,gap_time,N/A,,,,GapTime_967,N/A,N/A,N/A,N/A,N/A,N/A
309,1770534326791,Sentence shown,LVH_157_A,true,,,N/A,N/A,N/A,N/A,N/A,N/A,N/A
309,1770534330806,gap_time,N/A,true,,,GapTime_814,N/A,N/A,N/A,N/A,N/A,N/A
309,1770534331626,Sentence shown,LVH_103_A,true,,,N/A,N/A,N/A,N/A,N/A,N/A,N/A
309,1770534335632,gap_time,N/A,true,,,GapTime_1119,N/A,N/A,N/A,N/A,N/A,N/A
309,1770534336765,Sentence shown,HF_14_A,,,,N/A,N/A,N/A,N/A,N/A,N/A,N/A
309,1770534340766,gap_time,N/A,,,,GapTime_747,N/A,N/A,N/A,N/A,N/A,N/A
309,1770534341520,Sentence shown,HH_150_P,true,,,N/A,N/A,N/A,N/A,N/A,N/A,N/A
309,1770534345524,gap_time,N/A,true,,,GapTime_1257,N/A,N/A,N/A,N/A,N/A,N/A
309,1770534346787,Sentence shown,HF_33_A,,,,N/A,N/A,N/A,N/A,N/A,N/A,N/A
309,1770534350799,gap_time,N/A,,,,GapTime_1200,N/A,N/A,N/A,N/A,N/A,N/A
309,1770534352007,Sentence shown,HF_33_A,,true,true,N/A,N/A,N/A,N/A,N/A,N/A,N/A
309,1770534353096,Validation IR pressed,HF_33_A,,true,true,Spacebar,1,N/A,1089,N/A,N/A,N/A
309,1770534353096,IR pressed,HF_33_A,,true,true,Spacebar,1,N/A,1089,N/A,N/A,N/A
309,1770534353419,WR pressed,HF_33_A,,true,true,Yes,N/A,N/A,N/A,323,N/A,N/A
309,1770534353419,gap_time,N/A,,true,true,GapTime_1051,N/A,N/A,N/A,N/A,N/A,N/A
309,1770534354476,Sentence shown,HF_14_A,,true,true,N/A,N/A,N/A,N/A,N/A,N/A,N/A
309,1770534356632,Validation IR pressed,HF_14_A,,true,true,Spacebar,1,N/A,2156,N/A,N/A,N/A
309,1770534356632,IR pressed,HF_14_A,,true,true,Spacebar,1,N/A,2156,N/A,N/A,N/A
309,1770534356930,WR pressed,HF_14_A,,true,true,Yes,N/A,N/A,N/A,298,N/A,N/A
309,1770534356930,gap_time,N/A,,true,true,GapTime_994,N/A,N/A,N/A,N/A,N/A,N/A
309,1770534357931,Sentence shown,HH_141_A,true,,,N/A,N/A,N/A,N/A,N/A,N/A,N/A
309,1770534361945,gap_time,N/A,true,,,GapTime_909,N/A,N/A,N/A,N/A,N/A,N/A
309,1770534362859,Sentence shown,HF_11_A,,,,N/A,N/A,N/A,N/A,N/A,N/A,N/A
309,1770534366863,gap_time,N/A,,,,GapTime_1183,N/A,N/A,N/A,N/A,N/A,N/A
309,1770534368056,Sentence shown,LVH_157_A,true,,true,N/A,N/A,N/A,N/A,N/A,N/A,N/A
309,1770534372058,gap_time,N/A,true,,true,GapTime_1236,N/A,N/A,N/A,N/A,N/A,N/A
309,1770534373307,Sentence shown,LVH_103_P,true,,true,N/A,N/A,N/A,N/A,N/A,N/A,N/A
309,1770534377313,gap_time,N/A,true,,true,GapTime_952,N/A,N/A,N/A,N/A,N/A,N/A
309,1770534378276,Sentence shown,HF_31_A,,,,N/A,N/A,N/A,N/A,N/A,N/A,N/A
309,1770534382288,gap_time,N/A,,,,GapTime_984,N/A,N/A,N/A,N/A,N/A,N/A
309,1770534383279,Sentence shown,HF_28_A,,,,N/A,N/A,N/A,N/A,N/A,N/A,N/A
309,1770534387294,gap_time,N/A,,,,GapTime_1258,N/A,N/A,N/A,N/A,N/A,N/A
309,1770534388555,Sentence shown,HVL_135_A,true,,,N/A,N/A,N/A,N/A,N/A,N/A,N/A
309,1770534392569,gap_time,N/A,true,,,GapTime_827,N/A,N/A,N/A,N/A,N/A,N/A
309,1770534393405,Sentence shown,HF_31_A,,true,true,N/A,N/A,N/A,N/A,N/A,N/A,N/A
309,1770534395454,Validation IR pressed,HF_31_A,,true,true,Spacebar,1,N/A,2049,N/A,N/A,N/A
309,1770534395454,IR pressed,HF_31_A,,true,true,Spacebar,1,N/A,2049,N/A,N/A,N/A
309,1770534395770,WR pressed,HF_31_A,,true,true,Yes,N/A,N/A,N/A,316,N/A,N/A
309,1770534395771,gap_time,N/A,,true,true,GapTime_879,N/A,N/A,N/A,N/A,N/A,N/A
309,1770534396663,Sentence shown,HH_150_P,true,,true,N/A,N/A,N/A,N/A,N/A,N/A,N/A
309,1770534400674,gap_time,N/A,true,,true,GapTime_1076,N/A,N/A,N/A,N/A,N/A,N/A
309,1770534401759,Sentence shown,HF_22_A,,,,N/A,N/A,N/A,N/A,N/A,N/A,N/A
309,1770534405763,gap_time,N/A,,,,GapTime_1176,N/A,N/A,N/A,N/A,N/A,N/A
309,1770534406942,Sentence shown,HF_12_A,,,,N/A,N/A,N/A,N/A,N/A,N/A,N/A
309,1770534410943,gap_time,N/A,,,,GapTime_1086,N/A,N/A,N/A,N/A,N/A,N/A
309,1770534412046,Sentence shown,HF_19_A,,,,N/A,N/A,N/A,N/A,N/A,N/A,N/A
309,1770534416049,gap_time,N/A,,,,GapTime_1126,N/A,N/A,N/A,N/A,N/A,N/A
309,1770534417184,Sentence shown,HH_141_A,true,,true,N/A,N/A,N/A,N/A,N/A,N/A,N/A
309,1770534419946,IR pressed,HH_141_A,true,,true,Spacebar,1,N/A,2762,N/A,N/A,N/A
309,1770534420538,WR pressed,HH_141_A,true,,true,Yes,N/A,1,N/A,592,N/A,N/A
309,1770534420539,gap_time,N/A,true,,true,GapTime_1039,N/A,N/A,N/A,N/A,N/A,N/A
309,1770534421580,Sentence shown,HF_21_A,,,,N/A,N/A,N/A,N/A,N/A,N/A,N/A
309,1770534425591,gap_time,N/A,,,,GapTime_964,N/A,N/A,N/A,N/A,N/A,N/A
309,1770534426568,Sentence shown,HF_7_A,,,,N/A,N/A,N/A,N/A,N/A,N/A,N/A
309,1770534430576,gap_time,N/A,,,,GapTime_789,N/A,N/A,N/A,N/A,N/A,N/A
309,1770534431378,Sentence shown,HVL_135_A,true,,true,N/A,N/A,N/A,N/A,N/A,N/A,N/A
309,1770534432896,IR pressed,HVL_135_A,true,,true,Spacebar,1,N/A,1518,N/A,N/A,N/A
309,1770534433107,WR pressed,HVL_135_A,true,,true,Yes,N/A,1,N/A,211,N/A,N/A
309,1770534433107,gap_time,N/A,true,,true,GapTime_1255,N/A,N/A,N/A,N/A,N/A,N/A
309,1770534434368,Sentence shown,LVL_124_P,true,,,N/A,N/A,N/A,N/A,N/A,N/A,N/A
309,1770534438378,gap_time,N/A,true,,,GapTime_1016,N/A,N/A,N/A,N/A,N/A,N/A
309,1770534439400,Sentence shown,HH_166_A,true,,,N/A,N/A,N/A,N/A,N/A,N/A,N/A
309,1770534443403,gap_time,N/A,true,,,GapTime_830,N/A,N/A,N/A,N/A,N/A,N/A
309,1770534444240,Sentence shown,HH_158_P,true,,,N/A,N/A,N/A,N/A,N/A,N/A,N/A
309,1770534448240,gap_time,N/A,true,,,GapTime_1128,N/A,N/A,N/A,N/A,N/A,N/A
309,1770534449374,Sentence shown,HF_4_A,,,,N/A,N/A,N/A,N/A,N/A,N/A,N/A
309,1770534453388,gap_time,N/A,,,,GapTime_1234,N/A,N/A,N/A,N/A,N/A,N/A
309,1770534454633,Sentence shown,HF_15_A,,,,N/A,N/A,N/A,N/A,N/A,N/A,N/A
309,1770534458635,gap_time,N/A,,,,GapTime_984,N/A,N/A,N/A,N/A,N/A,N/A
309,1770534459631,Sentence shown,LVL_115_A,true,,,N/A,N/A,N/A,N/A,N/A,N/A,N/A
309,1770534463638,gap_time,N/A,true,,,GapTime_1151,N/A,N/A,N/A,N/A,N/A,N/A
309,1770534464799,Sentence shown,LVL_124_P,true,,true,N/A,N/A,N/A,N/A,N/A,N/A,N/A
309,1770534466077,IR pressed,LVL_124_P,true,,true,Spacebar,1,N/A,1278,N/A,N/A,N/A
309,1770534466365,WR pressed,LVL_124_P,true,,true,Yes,N/A,1,N/A,288,N/A,N/A
309,1770534466365,gap_time,N/A,true,,true,GapTime_1078,N/A,N/A,N/A,N/A,N/A,N/A
309,1770534467447,Sentence shown,LVL_126_P,true,,,N/A,N/A,N/A,N/A,N/A,N/A,N/A
309,1770534471459,gap_time,N/A,true,,,GapTime_1093,N/A,N/A,N/A,N/A,N/A,N/A
309,1770534472561,Sentence shown,HH_166_P,true,,true,N/A,N/A,N/A,N/A,N/A,N/A,N/A
309,1770534476567,gap_time,N/A,true,,true,GapTime_1086,N/A,N/A,N/A,N/A,N/A,N/A
309,1770534477658,Sentence shown,HF_10_A,,,,N/A,N/A,N/A,N/A,N/A,N/A,N/A
309,1770534481672,gap_time,N/A,,,,GapTime_1038,N/A,N/A,N/A,N/A,N/A,N/A
309,1770534482712,Sentence shown,HF_18_A,,,,N/A,N/A,N/A,N/A,N/A,N/A,N/A
309,1770534486723,gap_time,N/A,,,,GapTime_827,N/A,N/A,N/A,N/A,N/A,N/A
309,1770534487558,Sentence shown,HH_158_A,true,,true,N/A,N/A,N/A,N/A,N/A,N/A,N/A
309,1770534488952,IR pressed,HH_158_A,true,,true,Spacebar,1,N/A,1394,N/A,N/A,N/A
309,1770534489095,WR pressed,HH_158_A,true,,true,Yes,N/A,0,N/A,143,N/A,N/A
309,1770534489096,gap_time,N/A,true,,true,GapTime_1183,N/A,N/A,N/A,N/A,N/A,N/A
309,1770534490286,Sentence shown,HF_23_A,,,,N/A,N/A,N/A,N/A,N/A,N/A,N/A
309,1770534492668,Validation Wrong IR pressed,HF_23_A,,,,Spacebar,0,N/A,2382,N/A,N/A,N/A
309,1770534492668,IR pressed,HF_23_A,,,,Spacebar,0,N/A,2382,N/A,N/A,N/A
309,1770534492808,WR pressed,HF_23_A,,,,Yes,N/A,N/A,N/A,140,N/A,N/A
309,1770534492808,gap_time,N/A,,,,GapTime_746,N/A,N/A,N/A,N/A,N/A,N/A
309,1770534493561,Sentence shown,LVH_152_P,true,,,N/A,N/A,N/A,N/A,N/A,N/A,N/A
309,1770534497563,gap_time,N/A,true,,,GapTime_929,N/A,N/A,N/A,N/A,N/A,N/A
309,1770534498508,Sentence shown,LVL_115_A,true,,true,N/A,N/A,N/A,N/A,N/A,N/A,N/A
309,1770534502516,gap_time,N/A,true,,true,GapTime_946,N/A,N/A,N/A,N/A,N/A,N/A
309,1770534503476,Sentence shown,HF_2_A,,,,N/A,N/A,N/A,N/A,N/A,N/A,N/A
309,1770534507491,gap_time,N/A,,,,GapTime_795,N/A,N/A,N/A,N/A,N/A,N/A
309,1770534508295,Sentence shown,HF_20_A,,,,N/A,N/A,N/A,N/A,N/A,N/A,N/A
309,1770534512297,gap_time,N/A,,,,GapTime_844,N/A,N/A,N/A,N/A,N/A,N/A
309,1770534513150,Sentence shown,HF_2_A,,true,true,N/A,N/A,N/A,N/A,N/A,N/A,N/A
309,1770534514539,Validation IR pressed,HF_2_A,,true,true,Spacebar,1,N/A,1389,N/A,N/A,N/A
309,1770534514539,IR pressed,HF_2_A,,true,true,Spacebar,1,N/A,1389,N/A,N/A,N/A
309,1770534514692,WR pressed,HF_2_A,,true,true,Yes,N/A,N/A,N/A,152,N/A,N/A
309,1770534514692,gap_time,N/A,,true,true,GapTime_1126,N/A,N/A,N/A,N/A,N/A,N/A
309,1770534515830,Sentence shown,HF_20_A,,true,true,N/A,N/A,N/A,N/A,N/A,N/A,N/A
309,1770534519837,Validation Missed,HF_20_A,,true,true,None,0,N/A,N/A,N/A,N/A,N/A
309,1770534519838,gap_time,N/A,,true,true,GapTime_795,N/A,N/A,N/A,N/A,N/A,N/A
309,1770534520641,Sentence shown,HF_1_A,,,,N/A,N/A,N/A,N/A,N/A,N/A,N/A
309,1770534524652,gap_time,N/A,,,,GapTime_1250,N/A,N/A,N/A,N/A,N/A,N/A
309,1770534525912,Sentence shown,LVL_126_A,true,,true,N/A,N/A,N/A,N/A,N/A,N/A,N/A
309,1770534529927,gap_time,N/A,true,,true,GapTime_1062,N/A,N/A,N/A,N/A,N/A,N/A
309,1770534530998,Sentence shown,HVL_112_A,true,,,N/A,N/A,N/A,N/A,N/A,N/A,N/A
309,1770534535010,gap_time,N/A,true,,,GapTime_1038,N/A,N/A,N/A,N/A,N/A,N/A
309,1770534536065,Sentence shown,LVL_133_A,true,,,N/A,N/A,N/A,N/A,N/A,N/A,N/A
309,1770534540077,gap_time,N/A,true,,,GapTime_1177,N/A,N/A,N/A,N/A,N/A,N/A
309,1770534541257,Sentence shown,HF_26_A,,,,N/A,N/A,N/A,N/A,N/A,N/A,N/A
309,1770534545258,gap_time,N/A,,,,GapTime_804,N/A,N/A,N/A,N/A,N/A,N/A
309,1770534546079,Sentence shown,LVH_152_P,true,,true,N/A,N/A,N/A,N/A,N/A,N/A,N/A
309,1770534550093,gap_time,N/A,true,,true,GapTime_973,N/A,N/A,N/A,N/A,N/A,N/A
309,1770534551074,Sentence shown,HF_26_A,,true,true,N/A,N/A,N/A,N/A,N/A,N/A,N/A
309,1770534552931,Validation IR pressed,HF_26_A,,true,true,Spacebar,1,N/A,1857,N/A,N/A,N/A
309,1770534552931,IR pressed,HF_26_A,,true,true,Spacebar,1,N/A,1857,N/A,N/A,N/A
309,1770534553058,WR pressed,HF_26_A,,true,true,Yes,N/A,N/A,N/A,127,N/A,N/A
309,1770534553059,gap_time,N/A,,true,true,GapTime_1226,N/A,N/A,N/A,N/A,N/A,N/A
309,1770534554294,Sentence shown,HF_8_A,,,,N/A,N/A,N/A,N/A,N/A,N/A,N/A
309,1770534555661,Validation Wrong IR pressed,HF_8_A,,,,Spacebar,0,N/A,1367,N/A,N/A,N/A
309,1770534555661,IR pressed,HF_8_A,,,,Spacebar,0,N/A,1367,N/A,N/A,N/A
309,1770534555805,WR pressed,HF_8_A,,,,Yes,N/A,N/A,N/A,144,N/A,N/A
309,1770534555805,gap_time,N/A,,,,GapTime_1209,N/A,N/A,N/A,N/A,N/A,N/A
309,1770534557015,Sentence shown,HVL_112_P,true,,true,N/A,N/A,N/A,N/A,N/A,N/A,N/A
309,1770534561019,gap_time,N/A,true,,true,GapTime_918,N/A,N/A,N/A,N/A,N/A,N/A
309,1770534561950,Sentence shown,HF_32_A,,,,N/A,N/A,N/A,N/A,N/A,N/A,N/A
309,1770534563849,Validation Wrong IR pressed,HF_32_A,,,,Spacebar,0,N/A,1899,N/A,N/A,N/A
309,1770534563849,IR pressed,HF_32_A,,,,Spacebar,0,N/A,1899,N/A,N/A,N/A
309,1770534563973,WR pressed,HF_32_A,,,,Yes,N/A,N/A,N/A,124,N/A,N/A
309,1770534563974,gap_time,N/A,,,,GapTime_890,N/A,N/A,N/A,N/A,N/A,N/A
309,1770534564877,Sentence shown,HF_16_A,,,,N/A,N/A,N/A,N/A,N/A,N/A,N/A
309,1770534568879,gap_time,N/A,,,,GapTime_956,N/A,N/A,N/A,N/A,N/A,N/A
309,1770534569840,Sentence shown,HVL_102_P,true,,,N/A,N/A,N/A,N/A,N/A,N/A,N/A
309,1770534573855,gap_time,N/A,true,,,GapTime_1181,N/A,N/A,N/A,N/A,N/A,N/A
309,1770534575038,Sentence shown,HF_16_A,,true,true,N/A,N/A,N/A,N/A,N/A,N/A,N/A
309,1770534576251,Validation IR pressed,HF_16_A,,true,true,Spacebar,1,N/A,1213,N/A,N/A,N/A
309,1770534576251,IR pressed,HF_16_A,,true,true,Spacebar,1,N/A,1213,N/A,N/A,N/A
309,1770534576379,WR pressed,HF_16_A,,true,true,Yes,N/A,N/A,N/A,128,N/A,N/A
309,1770534576379,gap_time,N/A,,true,true,GapTime_818,N/A,N/A,N/A,N/A,N/A,N/A
309,1770534577213,Sentence shown,LVL_133_P,true,,true,N/A,N/A,N/A,N/A,N/A,N/A,N/A
309,1770534581229,gap_time,N/A,true,,true,GapTime_935,N/A,N/A,N/A,N/A,N/A,N/A
309,1770534582172,Sentence shown,HVL_118_P,true,,,N/A,N/A,N/A,N/A,N/A,N/A,N/A
309,1770534586188,gap_time,N/A,true,,,GapTime_986,N/A,N/A,N/A,N/A,N/A,N/A
309,1770534587179,Sentence shown,LVH_122_P,true,,,N/A,N/A,N/A,N/A,N/A,N/A,N/A
309,1770534591194,gap_time,N/A,true,,,GapTime_1215,N/A,N/A,N/A,N/A,N/A,N/A
309,1770534592417,Sentence shown,HF_30_A,,,,N/A,N/A,N/A,N/A,N/A,N/A,N/A
309,1770534596430,gap_time,N/A,,,,GapTime_1246,N/A,N/A,N/A,N/A,N/A,N/A
309,1770534597689,Sentence shown,HVL_102_A,true,,true,N/A,N/A,N/A,N/A,N/A,N/A,N/A
309,1770534601694,gap_time,N/A,true,,true,GapTime_1105,N/A,N/A,N/A,N/A,N/A,N/A
309,1770534602814,Sentence shown,HVL_118_P,true,,true,N/A,N/A,N/A,N/A,N/A,N/A,N/A
309,1770534606827,gap_time,N/A,true,,true,GapTime_773,N/A,N/A,N/A,N/A,N/A,N/A
309,1770534607611,Sentence shown,LVH_122_A,true,,true,N/A,N/A,N/A,N/A,N/A,N/A,N/A
309,1770534611623,gap_time,N/A,true,,true,GapTime_1110,N/A,N/A,N/A,N/A,N/A,N/A
309,1770534612743,Rest Phase started,N/A,true,,true,Rest,N/A,N/A,N/A,N/A,N/A,N/A
309,1770534615393,Sentence shown,HF_46_A,,,,N/A,N/A,N/A,N/A,N/A,N/A,N/A
309,1770534619395,gap_time,N/A,,,,GapTime_1254,N/A,N/A,N/A,N/A,N/A,N/A
309,1770534620655,Sentence shown,HF_36_A,,,,N/A,N/A,N/A,N/A,N/A,N/A,N/A
309,1770534624671,gap_time,N/A,,,,GapTime_1153,N/A,N/A,N/A,N/A,N/A,N/A
309,1770534625835,Sentence shown,HF_41_A,,,,N/A,N/A,N/A,N/A,N/A,N/A,N/A
309,1770534629842,gap_time,N/A,,,,GapTime_884,N/A,N/A,N/A,N/A,N/A,N/A
309,1770534630738,Sentence shown,HF_46_A,,true,true,N/A,N/A,N/A,N/A,N/A,N/A,N/A
309,1770534631843,Validation IR pressed,HF_46_A,,true,true,Spacebar,1,N/A,1105,N/A,N/A,N/A
309,1770534631843,IR pressed,HF_46_A,,true,true,Spacebar,1,N/A,1105,N/A,N/A,N/A
309,1770534631973,WR pressed,HF_46_A,,true,true,Yes,N/A,N/A,N/A,130,N/A,N/A
309,1770534631974,gap_time,N/A,,true,true,GapTime_829,N/A,N/A,N/A,N/A,N/A,N/A
309,1770534632818,Sentence shown,HF_36_A,,true,true,N/A,N/A,N/A,N/A,N/A,N/A,N/A
309,1770534636820,Validation Missed,HF_36_A,,true,true,None,0,N/A,N/A,N/A,N/A,N/A
309,1770534636820,gap_time,N/A,,true,true,GapTime_1191,N/A,N/A,N/A,N/A,N/A,N/A
309,1770534638021,Sentence shown,HF_35_A,,,,N/A,N/A,N/A,N/A,N/A,N/A,N/A
309,1770534642033,gap_time,N/A,,,,GapTime_1148,N/A,N/A,N/A,N/A,N/A,N/A
309,1770534643183,Sentence shown,HF_35_A,,true,true,N/A,N/A,N/A,N/A,N/A,N/A,N/A
309,1770534644001,Validation IR pressed,HF_35_A,,true,true,Spacebar,1,N/A,818,N/A,N/A,N/A
309,1770534644001,IR pressed,HF_35_A,,true,true,Spacebar,1,N/A,818,N/A,N/A,N/A
309,1770534644126,WR pressed,HF_35_A,,true,true,Yes,N/A,N/A,N/A,124,N/A,N/A
309,1770534644126,gap_time,N/A,,true,true,GapTime_1119,N/A,N/A,N/A,N/A,N/A,N/A
309,1770534645253,Sentence shown,HH_170_A,true,,,N/A,N/A,N/A,N/A,N/A,N/A,N/A
309,1770534649260,gap_time,N/A,true,,,GapTime_813,N/A,N/A,N/A,N/A,N/A,N/A
309,1770534650074,Sentence shown,HF_52_A,,,,N/A,N/A,N/A,N/A,N/A,N/A,N/A
309,1770534654075,gap_time,N/A,,,,GapTime_1065,N/A,N/A,N/A,N/A,N/A,N/A
309,1770534655146,Sentence shown,HF_40_A,,,,N/A,N/A,N/A,N/A,N/A,N/A,N/A
309,1770534659148,gap_time,N/A,,,,GapTime_900,N/A,N/A,N/A,N/A,N/A,N/A
309,1770534660060,Sentence shown,HF_38_A,,,,N/A,N/A,N/A,N/A,N/A,N/A,N/A
309,1770534664073,gap_time,N/A,,,,GapTime_769,N/A,N/A,N/A,N/A,N/A,N/A
309,1770534664845,Sentence shown,HH_170_P,true,,true,N/A,N/A,N/A,N/A,N/A,N/A,N/A
309,1770534668848,gap_time,N/A,true,,true,GapTime_1240,N/A,N/A,N/A,N/A,N/A,N/A
309,1770534670097,Sentence shown,HF_65_A,,,,N/A,N/A,N/A,N/A,N/A,N/A,N/A
309,1770534674101,gap_time,N/A,,,,GapTime_1044,N/A,N/A,N/A,N/A,N/A,N/A
309,1770534675161,Sentence shown,HF_65_A,,true,true,N/A,N/A,N/A,N/A,N/A,N/A,N/A
309,1770534679165,Validation Missed,HF_65_A,,true,true,None,0,N/A,N/A,N/A,N/A,N/A
309,1770534679165,gap_time,N/A,,true,true,GapTime_1200,N/A,N/A,N/A,N/A,N/A,N/A
309,1770534680380,Sentence shown,HH_181_P,true,,,N/A,N/A,N/A,N/A,N/A,N/A,N/A
309,1770534684381,gap_time,N/A,true,,,GapTime_931,N/A,N/A,N/A,N/A,N/A,N/A
309,1770534685328,Sentence shown,LVL_130_P,true,,,N/A,N/A,N/A,N/A,N/A,N/A,N/A
309,1770534689333,gap_time,N/A,true,,,GapTime_890,N/A,N/A,N/A,N/A,N/A,N/A
309,1770534690230,Sentence shown,LVH_155_P,true,,,N/A,N/A,N/A,N/A,N/A,N/A,N/A
309,1770534694233,gap_time,N/A,true,,,GapTime_845,N/A,N/A,N/A,N/A,N/A,N/A
309,1770534695083,Sentence shown,HF_48_A,,,,N/A,N/A,N/A,N/A,N/A,N/A,N/A
309,1770534699097,gap_time,N/A,,,,GapTime_712,N/A,N/A,N/A,N/A,N/A,N/A
309,1770534699823,Sentence shown,HF_63_A,,,,N/A,N/A,N/A,N/A,N/A,N/A,N/A
309,1770534703829,gap_time,N/A,,,,GapTime_845,N/A,N/A,N/A,N/A,N/A,N/A
309,1770534704677,Sentence shown,HF_60_A,,,,N/A,N/A,N/A,N/A,N/A,N/A,N/A
309,1770534708691,gap_time,N/A,,,,GapTime_1232,N/A,N/A,N/A,N/A,N/A,N/A
309,1770534709935,Sentence shown,HH_181_P,true,,true,N/A,N/A,N/A,N/A,N/A,N/A,N/A
309,1770534713952,gap_time,N/A,true,,true,GapTime_1010,N/A,N/A,N/A,N/A,N/A,N/A
309,1770534714974,Sentence shown,HVL_109_P,true,,,N/A,N/A,N/A,N/A,N/A,N/A,N/A
309,1770534718986,gap_time,N/A,true,,,GapTime_899,N/A,N/A,N/A,N/A,N/A,N/A
309,1770534719898,Sentence shown,LVL_130_P,true,,true,N/A,N/A,N/A,N/A,N/A,N/A,N/A
309,1770534723906,gap_time,N/A,true,,true,GapTime_737,N/A,N/A,N/A,N/A,N/A,N/A
309,1770534724647,Sentence shown,HF_54_A,,,,N/A,N/A,N/A,N/A,N/A,N/A,N/A
309,1770534728651,gap_time,N/A,,,,GapTime_996,N/A,N/A,N/A,N/A,N/A,N/A
309,1770534729661,Sentence shown,HF_59_A,,,,N/A,N/A,N/A,N/A,N/A,N/A,N/A
309,1770534733677,gap_time,N/A,,,,GapTime_762,N/A,N/A,N/A,N/A,N/A,N/A
309,1770534734451,Sentence shown,LVH_155_P,true,,true,N/A,N/A,N/A,N/A,N/A,N/A,N/A
309,1770534738464,gap_time,N/A,true,,true,GapTime_727,N/A,N/A,N/A,N/A,N/A,N/A
309,1770534739205,Sentence shown,HVL_121_P,true,,,N/A,N/A,N/A,N/A,N/A,N/A,N/A
309,1770534743208,gap_time,N/A,true,,,GapTime_1106,N/A,N/A,N/A,N/A,N/A,N/A
309,1770534744323,Sentence shown,HF_58_A,,,,N/A,N/A,N/A,N/A,N/A,N/A,N/A
309,1770534748332,gap_time,N/A,,,,GapTime_1275,N/A,N/A,N/A,N/A,N/A,N/A
309,1770534749623,Sentence shown,HF_64_A,,,,N/A,N/A,N/A,N/A,N/A,N/A,N/A
309,1770534753637,gap_time,N/A,,,,GapTime_1037,N/A,N/A,N/A,N/A,N/A,N/A
309,1770534754681,Sentence shown,HF_58_A,,true,true,N/A,N/A,N/A,N/A,N/A,N/A,N/A
309,1770534756297,Validation IR pressed,HF_58_A,,true,true,Spacebar,1,N/A,1615,N/A,N/A,N/A
309,1770534756297,IR pressed,HF_58_A,,true,true,Spacebar,1,N/A,1615,N/A,N/A,N/A
309,1770534758427,WR pressed,HF_58_A,,true,true,Yes,N/A,N/A,N/A,2130,N/A,N/A
309,1770534758427,gap_time,N/A,,true,true,GapTime_761,N/A,N/A,N/A,N/A,N/A,N/A
309,1770534759199,Sentence shown,HF_64_A,,true,true,N/A,N/A,N/A,N/A,N/A,N/A,N/A
309,1770534762314,Validation IR pressed,HF_64_A,,true,true,Spacebar,1,N/A,3115,N/A,N/A,N/A
309,1770534762314,IR pressed,HF_64_A,,true,true,Spacebar,1,N/A,3115,N/A,N/A,N/A
309,1770534763197,WR pressed,HF_64_A,,true,true,Yes,N/A,N/A,N/A,883,N/A,N/A
309,1770534763197,gap_time,N/A,,true,true,GapTime_1200,N/A,N/A,N/A,N/A,N/A,N/A
309,1770534764412,Sentence shown,HF_53_A,,,,N/A,N/A,N/A,N/A,N/A,N/A,N/A
309,1770534768417,gap_time,N/A,,,,GapTime_904,N/A,N/A,N/A,N/A,N/A,N/A
309,1770534769331,Sentence shown,HVL_109_A,true,,true,N/A,N/A,N/A,N/A,N/A,N/A,N/A
309,1770534771895,IR pressed,HVL_109_A,true,,true,Spacebar,1,N/A,2564,N/A,N/A,N/A
309,1770534772308,WR pressed,HVL_109_A,true,,true,Yes,N/A,0,N/A,413,N/A,N/A
309,1770534772308,gap_time,N/A,true,,true,GapTime_1158,N/A,N/A,N/A,N/A,N/A,N/A
309,1770534773477,Sentence shown,HF_61_A,,,,N/A,N/A,N/A,N/A,N/A,N/A,N/A
309,1770534777484,gap_time,N/A,,,,GapTime_858,N/A,N/A,N/A,N/A,N/A,N/A
309,1770534778352,Sentence shown,HF_37_A,,,,N/A,N/A,N/A,N/A,N/A,N/A,N/A
309,1770534782360,gap_time,N/A,,,,GapTime_795,N/A,N/A,N/A,N/A,N/A,N/A
309,1770534783164,Sentence shown,HF_39_A,,,,N/A,N/A,N/A,N/A,N/A,N/A,N/A
309,1770534787179,gap_time,N/A,,,,GapTime_846,N/A,N/A,N/A,N/A,N/A,N/A
309,1770534788027,Sentence shown,HVL_121_P,true,,true,N/A,N/A,N/A,N/A,N/A,N/A,N/A
309,1770534792032,gap_time,N/A,true,,true,GapTime_1204,N/A,N/A,N/A,N/A,N/A,N/A
309,1770534793252,Sentence shown,HF_57_A,,,,N/A,N/A,N/A,N/A,N/A,N/A,N/A
309,1770534797267,gap_time,N/A,,,,GapTime_864,N/A,N/A,N/A,N/A,N/A,N/A
309,1770534798146,Sentence shown,HF_39_A,,true,true,N/A,N/A,N/A,N/A,N/A,N/A,N/A
309,1770534799642,Validation IR pressed,HF_39_A,,true,true,Spacebar,1,N/A,1496,N/A,N/A,N/A
309,1770534799642,IR pressed,HF_39_A,,true,true,Spacebar,1,N/A,1496,N/A,N/A,N/A
309,1770534801147,WR pressed,HF_39_A,,true,true,Yes,N/A,N/A,N/A,1505,N/A,N/A
309,1770534801147,gap_time,N/A,,true,true,GapTime_880,N/A,N/A,N/A,N/A,N/A,N/A
309,1770534802039,Sentence shown,HF_45_A,,,,N/A,N/A,N/A,N/A,N/A,N/A,N/A
309,1770534806046,gap_time,N/A,,,,GapTime_876,N/A,N/A,N/A,N/A,N/A,N/A
309,1770534806938,Sentence shown,LVH_100_A,true,,,N/A,N/A,N/A,N/A,N/A,N/A,N/A
309,1770534810951,gap_time,N/A,true,,,GapTime_1196,N/A,N/A,N/A,N/A,N/A,N/A
309,1770534812153,Sentence shown,HVL_110_A,true,,,N/A,N/A,N/A,N/A,N/A,N/A,N/A
309,1770534816169,gap_time,N/A,true,,,GapTime_849,N/A,N/A,N/A,N/A,N/A,N/A
309,1770534817029,Sentence shown,HF_45_A,,true,true,N/A,N/A,N/A,N/A,N/A,N/A,N/A
309,1770534819703,Validation IR pressed,HF_45_A,,true,true,Spacebar,1,N/A,2674,N/A,N/A,N/A
309,1770534819703,IR pressed,HF_45_A,,true,true,Spacebar,1,N/A,2674,N/A,N/A,N/A
309,1770534820054,WR pressed,HF_45_A,,true,true,Yes,N/A,N/A,N/A,351,N/A,N/A
309,1770534820054,gap_time,N/A,,true,true,GapTime_845,N/A,N/A,N/A,N/A,N/A,N/A
309,1770534820904,Sentence shown,HF_43_A,,,,N/A,N/A,N/A,N/A,N/A,N/A,N/A
309,1770534824914,gap_time,N/A,,,,GapTime_917,N/A,N/A,N/A,N/A,N/A,N/A
309,1770534825833,Sentence shown,HVL_103_A,true,,,N/A,N/A,N/A,N/A,N/A,N/A,N/A
309,1770534829847,gap_time,N/A,true,,,GapTime_1258,N/A,N/A,N/A,N/A,N/A,N/A
309,1770534831116,Sentence shown,HF_49_A,,,,N/A,N/A,N/A,N/A,N/A,N/A,N/A
309,1770534835119,gap_time,N/A,,,,GapTime_961,N/A,N/A,N/A,N/A,N/A,N/A
309,1770534836091,Sentence shown,HF_43_A,,true,true,N/A,N/A,N/A,N/A,N/A,N/A,N/A
309,1770534840093,Validation Missed,HF_43_A,,true,true,None,0,N/A,N/A,N/A,N/A,N/A
309,1770534840094,gap_time,N/A,,true,true,GapTime_1160,N/A,N/A,N/A,N/A,N/A,N/A
309,1770534841256,Sentence shown,LVH_124_P,true,,,N/A,N/A,N/A,N/A,N/A,N/A,N/A
309,1770534845270,gap_time,N/A,true,,,GapTime_968,N/A,N/A,N/A,N/A,N/A,N/A
309,1770534846249,Sentence shown,LVH_100_A,true,,true,N/A,N/A,N/A,N/A,N/A,N/A,N/A
309,1770534850260,gap_time,N/A,true,,true,GapTime_777,N/A,N/A,N/A,N/A,N/A,N/A
309,1770534851047,Sentence shown,HH_177_A,true,,,N/A,N/A,N/A,N/A,N/A,N/A,N/A
309,1770534855058,gap_time,N/A,true,,,GapTime_814,N/A,N/A,N/A,N/A,N/A,N/A
309,1770534855878,Sentence shown,HF_62_A,,,,N/A,N/A,N/A,N/A,N/A,N/A,N/A
309,1770534859891,gap_time,N/A,,,,GapTime_1142,N/A,N/A,N/A,N/A,N/A,N/A
309,1770534861040,Sentence shown,HVL_110_A,true,,true,N/A,N/A,N/A,N/A,N/A,N/A,N/A
309,1770534865042,gap_time,N/A,true,,true,GapTime_743,N/A,N/A,N/A,N/A,N/A,N/A
309,1770534865799,Sentence shown,LVL_137_A,true,,,N/A,N/A,N/A,N/A,N/A,N/A,N/A
309,1770534869815,gap_time,N/A,true,,,GapTime_1045,N/A,N/A,N/A,N/A,N/A,N/A
309,1770534870870,Sentence shown,LVL_105_A,true,,,N/A,N/A,N/A,N/A,N/A,N/A,N/A
309,1770534874880,gap_time,N/A,true,,,GapTime_810,N/A,N/A,N/A,N/A,N/A,N/A
309,1770534875697,Sentence shown,HF_34_A,,,,N/A,N/A,N/A,N/A,N/A,N/A,N/A
309,1770534879698,gap_time,N/A,,,,GapTime_841,N/A,N/A,N/A,N/A,N/A,N/A
309,1770534880553,Sentence shown,HVL_103_P,true,,true,N/A,N/A,N/A,N/A,N/A,N/A,N/A
309,1770534884568,gap_time,N/A,true,,true,GapTime_719,N/A,N/A,N/A,N/A,N/A,N/A
309,1770534885292,Sentence shown,HF_56_A,,,,N/A,N/A,N/A,N/A,N/A,N/A,N/A
309,1770534889308,gap_time,N/A,,,,GapTime_1118,N/A,N/A,N/A,N/A,N/A,N/A
309,1770534890430,Sentence shown,LVH_141_A,true,,,N/A,N/A,N/A,N/A,N/A,N/A,N/A
309,1770534894434,gap_time,N/A,true,,,GapTime_1033,N/A,N/A,N/A,N/A,N/A,N/A
309,1770534895471,Sentence shown,HH_177_A,true,,true,N/A,N/A,N/A,N/A,N/A,N/A,N/A
309,1770534899480,gap_time,N/A,true,,true,GapTime_840,N/A,N/A,N/A,N/A,N/A,N/A
309,1770534900330,Sentence shown,LVH_124_A,true,,true,N/A,N/A,N/A,N/A,N/A,N/A,N/A
309,1770534904333,gap_time,N/A,true,,true,GapTime_946,N/A,N/A,N/A,N/A,N/A,N/A
309,1770534905293,Sentence shown,HH_140_P,true,,,N/A,N/A,N/A,N/A,N/A,N/A,N/A
309,1770534909308,gap_time,N/A,true,,,GapTime_878,N/A,N/A,N/A,N/A,N/A,N/A
309,1770534910188,Sentence shown,LVL_143_P,true,,,N/A,N/A,N/A,N/A,N/A,N/A,N/A
309,1770534914190,gap_time,N/A,true,,,GapTime_1196,N/A,N/A,N/A,N/A,N/A,N/A
309,1770534915402,Sentence shown,HF_44_A,,,,N/A,N/A,N/A,N/A,N/A,N/A,N/A
309,1770534919419,gap_time,N/A,,,,GapTime_807,N/A,N/A,N/A,N/A,N/A,N/A
309,1770534920240,Sentence shown,LVL_137_P,true,,true,N/A,N/A,N/A,N/A,N/A,N/A,N/A
309,1770534924242,gap_time,N/A,true,,true,GapTime_947,N/A,N/A,N/A,N/A,N/A,N/A
309,1770534925190,Sentence shown,HF_50_A,,,,N/A,N/A,N/A,N/A,N/A,N/A,N/A
309,1770534929194,gap_time,N/A,,,,GapTime_787,N/A,N/A,N/A,N/A,N/A,N/A
309,1770534929986,Sentence shown,LVL_105_A,true,,true,N/A,N/A,N/A,N/A,N/A,N/A,N/A
309,1770534933998,gap_time,N/A,true,,true,GapTime_1024,N/A,N/A,N/A,N/A,N/A,N/A
309,1770534935036,Sentence shown,LVH_141_P,true,,true,N/A,N/A,N/A,N/A,N/A,N/A,N/A
309,1770534939040,gap_time,N/A,true,,true,GapTime_1019,N/A,N/A,N/A,N/A,N/A,N/A
309,1770534940063,Sentence shown,HF_42_A,,,,N/A,N/A,N/A,N/A,N/A,N/A,N/A
309,1770534944070,gap_time,N/A,,,,GapTime_727,N/A,N/A,N/A,N/A,N/A,N/A
309,1770534944810,Sentence shown,HF_55_A,,,,N/A,N/A,N/A,N/A,N/A,N/A,N/A
309,1770534948811,gap_time,N/A,,,,GapTime_768,N/A,N/A,N/A,N/A,N/A,N/A
309,1770534949593,Sentence shown,HF_51_A,,,,N/A,N/A,N/A,N/A,N/A,N/A,N/A
309,1770534953600,gap_time,N/A,,,,GapTime_705,N/A,N/A,N/A,N/A,N/A,N/A
309,1770534954309,Sentence shown,HF_42_A,,true,true,N/A,N/A,N/A,N/A,N/A,N/A,N/A
309,1770534958310,Validation Missed,HF_42_A,,true,true,None,0,N/A,N/A,N/A,N/A,N/A
309,1770534958310,gap_time,N/A,,true,true,GapTime_795,N/A,N/A,N/A,N/A,N/A,N/A
309,1770534959115,Sentence shown,HH_140_A,true,,true,N/A,N/A,N/A,N/A,N/A,N/A,N/A
309,1770534963116,gap_time,N/A,true,,true,GapTime_1288,N/A,N/A,N/A,N/A,N/A,N/A
309,1770534964411,Sentence shown,HF_47_A,,,,N/A,N/A,N/A,N/A,N/A,N/A,N/A
309,1770534968413,gap_time,N/A,,,,GapTime_803,N/A,N/A,N/A,N/A,N/A,N/A
309,1770534969232,Sentence shown,LVL_143_A,true,,true,N/A,N/A,N/A,N/A,N/A,N/A,N/A
309,1770534973248,gap_time,N/A,true,,true,GapTime_1175,N/A,N/A,N/A,N/A,N/A,N/A
309,1770534974432,Rest Phase started,N/A,true,,true,Rest,N/A,N/A,N/A,N/A,N/A,N/A
309,1770534976881,Sentence shown,HF_70_A,,,,N/A,N/A,N/A,N/A,N/A,N/A,N/A
309,1770534980897,gap_time,N/A,,,,GapTime_934,N/A,N/A,N/A,N/A,N/A,N/A
309,1770534981835,Sentence shown,HF_80_A,,,,N/A,N/A,N/A,N/A,N/A,N/A,N/A
309,1770534985850,gap_time,N/A,,,,GapTime_1024,N/A,N/A,N/A,N/A,N/A,N/A
309,1770534986883,Sentence shown,HF_90_A,,,,N/A,N/A,N/A,N/A,N/A,N/A,N/A
309,1770534990886,gap_time,N/A,,,,GapTime_1068,N/A,N/A,N/A,N/A,N/A,N/A
309,1770534991964,Sentence shown,HF_90_A,,true,true,N/A,N/A,N/A,N/A,N/A,N/A,N/A
309,1770534993019,Validation IR pressed,HF_90_A,,true,true,Spacebar,1,N/A,1055,N/A,N/A,N/A
309,1770534993019,IR pressed,HF_90_A,,true,true,Spacebar,1,N/A,1055,N/A,N/A,N/A
309,1770534993653,WR pressed,HF_90_A,,true,true,Yes,N/A,N/A,N/A,634,N/A,N/A
309,1770534993654,gap_time,N/A,,true,true,GapTime_909,N/A,N/A,N/A,N/A,N/A,N/A
309,1770534994569,Sentence shown,HF_80_A,,true,true,N/A,N/A,N/A,N/A,N/A,N/A,N/A
309,1770534998577,Validation Missed,HF_80_A,,true,true,None,0,N/A,N/A,N/A,N/A,N/A
309,1770534998577,gap_time,N/A,,true,true,GapTime_874,N/A,N/A,N/A,N/A,N/A,N/A
309,1770534999455,Sentence shown,HF_77_A,,,,N/A,N/A,N/A,N/A,N/A,N/A,N/A
309,1770535003465,gap_time,N/A,,,,GapTime_989,N/A,N/A,N/A,N/A,N/A,N/A
309,1770535004469,Sentence shown,HF_83_A,,,,N/A,N/A,N/A,N/A,N/A,N/A,N/A
309,1770535008470,gap_time,N/A,,,,GapTime_756,N/A,N/A,N/A,N/A,N/A,N/A
309,1770535009233,Sentence shown,LVL_129_A,true,,,N/A,N/A,N/A,N/A,N/A,N/A,N/A
309,1770535013244,gap_time,N/A,true,,,GapTime_873,N/A,N/A,N/A,N/A,N/A,N/A
309,1770535014121,Sentence shown,HVL_120_P,true,,,N/A,N/A,N/A,N/A,N/A,N/A,N/A
309,1770535018128,gap_time,N/A,true,,,GapTime_957,N/A,N/A,N/A,N/A,N/A,N/A
309,1770535019091,Sentence shown,HF_69_A,,,,N/A,N/A,N/A,N/A,N/A,N/A,N/A
309,1770535023105,gap_time,N/A,,,,GapTime_902,N/A,N/A,N/A,N/A,N/A,N/A
309,1770535024017,Sentence shown,HF_69_A,,true,true,N/A,N/A,N/A,N/A,N/A,N/A,N/A
309,1770535025173,Validation IR pressed,HF_69_A,,true,true,Spacebar,1,N/A,1156,N/A,N/A,N/A
309,1770535025173,IR pressed,HF_69_A,,true,true,Spacebar,1,N/A,1156,N/A,N/A,N/A
309,1770535025362,WR pressed,HF_69_A,,true,true,Yes,N/A,N/A,N/A,189,N/A,N/A
309,1770535025362,gap_time,N/A,,true,true,GapTime_1019,N/A,N/A,N/A,N/A,N/A,N/A
309,1770535026395,Sentence shown,HF_88_A,,,,N/A,N/A,N/A,N/A,N/A,N/A,N/A
309,1770535030409,gap_time,N/A,,,,GapTime_719,N/A,N/A,N/A,N/A,N/A,N/A
309,1770535031138,Sentence shown,HH_161_A,true,,,N/A,N/A,N/A,N/A,N/A,N/A,N/A
309,1770535035142,gap_time,N/A,true,,,GapTime_1021,N/A,N/A,N/A,N/A,N/A,N/A
309,1770535036178,Sentence shown,LVL_129_P,true,,true,N/A,N/A,N/A,N/A,N/A,N/A,N/A
309,1770535040183,gap_time,N/A,true,,true,GapTime_808,N/A,N/A,N/A,N/A,N/A,N/A
309,1770535041002,Sentence shown,HF_91_A,,,,N/A,N/A,N/A,N/A,N/A,N/A,N/A
309,1770535045003,gap_time,N/A,,,,GapTime_818,N/A,N/A,N/A,N/A,N/A,N/A
309,1770535045838,Sentence shown,HVL_120_P,true,,true,N/A,N/A,N/A,N/A,N/A,N/A,N/A
309,1770535049844,gap_time,N/A,true,,true,GapTime_836,N/A,N/A,N/A,N/A,N/A,N/A
309,1770535050694,Sentence shown,HF_91_A,,true,true,N/A,N/A,N/A,N/A,N/A,N/A,N/A
309,1770535054695,Validation Missed,HF_91_A,,true,true,None,0,N/A,N/A,N/A,N/A,N/A
309,1770535054695,gap_time,N/A,,true,true,GapTime_1190,N/A,N/A,N/A,N/A,N/A,N/A
309,1770535055893,Sentence shown,HF_76_A,,,,N/A,N/A,N/A,N/A,N/A,N/A,N/A
309,1770535059895,gap_time,N/A,,,,GapTime_892,N/A,N/A,N/A,N/A,N/A,N/A
309,1770535060791,Sentence shown,LVL_108_A,true,,,N/A,N/A,N/A,N/A,N/A,N/A,N/A
309,1770535064792,gap_time,N/A,true,,,GapTime_1180,N/A,N/A,N/A,N/A,N/A,N/A
309,1770535065976,Sentence shown,HF_74_A,,,,N/A,N/A,N/A,N/A,N/A,N/A,N/A
309,1770535069977,gap_time,N/A,,,,GapTime_1233,N/A,N/A,N/A,N/A,N/A,N/A
309,1770535071221,Sentence shown,LVL_110_P,true,,,N/A,N/A,N/A,N/A,N/A,N/A,N/A
309,1770535075229,gap_time,N/A,true,,,GapTime_792,N/A,N/A,N/A,N/A,N/A,N/A
309,1770535076034,Sentence shown,LVH_109_P,true,,,N/A,N/A,N/A,N/A,N/A,N/A,N/A
309,1770535080044,gap_time,N/A,true,,,GapTime_916,N/A,N/A,N/A,N/A,N/A,N/A
309,1770535080963,Sentence shown,HF_74_A,,true,true,N/A,N/A,N/A,N/A,N/A,N/A,N/A
309,1770535084964,Validation Missed,HF_74_A,,true,true,None,0,N/A,N/A,N/A,N/A,N/A
309,1770535084965,gap_time,N/A,,true,true,GapTime_1183,N/A,N/A,N/A,N/A,N/A,N/A
309,1770535086156,Sentence shown,HH_161_A,true,,true,N/A,N/A,N/A,N/A,N/A,N/A,N/A
309,1770535090170,gap_time,N/A,true,,true,GapTime_924,N/A,N/A,N/A,N/A,N/A,N/A
309,1770535091106,Sentence shown,HF_87_A,,,,N/A,N/A,N/A,N/A,N/A,N/A,N/A
309,1770535095121,gap_time,N/A,,,,GapTime_701,N/A,N/A,N/A,N/A,N/A,N/A
309,1770535095828,Sentence shown,LVH_161_A,true,,,N/A,N/A,N/A,N/A,N/A,N/A,N/A
309,1770535099835,gap_time,N/A,true,,,GapTime_1216,N/A,N/A,N/A,N/A,N/A,N/A
309,1770535101058,Sentence shown,HF_94_A,,,,N/A,N/A,N/A,N/A,N/A,N/A,N/A
309,1770535105064,gap_time,N/A,,,,GapTime_885,N/A,N/A,N/A,N/A,N/A,N/A
309,1770535105959,Sentence shown,LVL_110_P,true,,true,N/A,N/A,N/A,N/A,N/A,N/A,N/A
309,1770535109966,gap_time,N/A,true,,true,GapTime_753,N/A,N/A,N/A,N/A,N/A,N/A
309,1770535110732,Sentence shown,HF_95_A,,,,N/A,N/A,N/A,N/A,N/A,N/A,N/A
309,1770535114741,gap_time,N/A,,,,GapTime_709,N/A,N/A,N/A,N/A,N/A,N/A
309,1770535115462,Sentence shown,LVL_108_A,true,,true,N/A,N/A,N/A,N/A,N/A,N/A,N/A
309,1770535119474,gap_time,N/A,true,,true,GapTime_715,N/A,N/A,N/A,N/A,N/A,N/A
309,1770535120193,Sentence shown,HVL_125_A,true,,,N/A,N/A,N/A,N/A,N/A,N/A,N/A
309,1770535124203,gap_time,N/A,true,,,GapTime_1003,N/A,N/A,N/A,N/A,N/A,N/A
309,1770535125209,Sentence shown,HF_68_A,,,,N/A,N/A,N/A,N/A,N/A,N/A,N/A
309,1770535129210,gap_time,N/A,,,,GapTime_1035,N/A,N/A,N/A,N/A,N/A,N/A
309,1770535130256,Sentence shown,HVL_100_A,true,,,N/A,N/A,N/A,N/A,N/A,N/A,N/A
309,1770535134261,gap_time,N/A,true,,,GapTime_1278,N/A,N/A,N/A,N/A,N/A,N/A
309,1770535135553,Sentence shown,LVH_109_A,true,,true,N/A,N/A,N/A,N/A,N/A,N/A,N/A
309,1770535139558,gap_time,N/A,true,,true,GapTime_1171,N/A,N/A,N/A,N/A,N/A,N/A
309,1770535140743,Sentence shown,LVH_133_P,true,,,N/A,N/A,N/A,N/A,N/A,N/A,N/A
309,1770535144757,gap_time,N/A,true,,,GapTime_1113,N/A,N/A,N/A,N/A,N/A,N/A
309,1770535145884,Sentence shown,HVL_150_P,true,,,N/A,N/A,N/A,N/A,N/A,N/A,N/A
309,1770535149896,gap_time,N/A,true,,,GapTime_857,N/A,N/A,N/A,N/A,N/A,N/A
309,1770535150758,Sentence shown,LVH_161_P,true,,true,N/A,N/A,N/A,N/A,N/A,N/A,N/A
309,1770535154764,gap_time,N/A,true,,true,GapTime_1182,N/A,N/A,N/A,N/A,N/A,N/A
309,1770535155956,Sentence shown,HF_75_A,,,,N/A,N/A,N/A,N/A,N/A,N/A,N/A
309,1770535159969,gap_time,N/A,,,,GapTime_816,N/A,N/A,N/A,N/A,N/A,N/A
309,1770535160798,Sentence shown,HF_85_A,,,,N/A,N/A,N/A,N/A,N/A,N/A,N/A
309,1770535164813,gap_time,N/A,,,,GapTime_1226,N/A,N/A,N/A,N/A,N/A,N/A
309,1770535166048,Sentence shown,HVL_100_A,true,,true,N/A,N/A,N/A,N/A,N/A,N/A,N/A
309,1770535170049,gap_time,N/A,true,,true,GapTime_1150,N/A,N/A,N/A,N/A,N/A,N/A
309,1770535171202,Sentence shown,HVL_125_P,true,,true,N/A,N/A,N/A,N/A,N/A,N/A,N/A
309,1770535175203,gap_time,N/A,true,,true,GapTime_1255,N/A,N/A,N/A,N/A,N/A,N/A
309,1770535176471,Sentence shown,HF_85_A,,true,true,N/A,N/A,N/A,N/A,N/A,N/A,N/A
309,1770535180484,Validation Missed,HF_85_A,,true,true,None,0,N/A,N/A,N/A,N/A,N/A
309,1770535180484,gap_time,N/A,,true,true,GapTime_996,N/A,N/A,N/A,N/A,N/A,N/A
309,1770535181486,Sentence shown,HF_79_A,,,,N/A,N/A,N/A,N/A,N/A,N/A,N/A
309,1770535185496,gap_time,N/A,,,,GapTime_1157,N/A,N/A,N/A,N/A,N/A,N/A
309,1770535186669,Sentence shown,HF_67_A,,,,N/A,N/A,N/A,N/A,N/A,N/A,N/A
309,1770535190685,gap_time,N/A,,,,GapTime_968,N/A,N/A,N/A,N/A,N/A,N/A
309,1770535191668,Sentence shown,HF_67_A,,true,true,N/A,N/A,N/A,N/A,N/A,N/A,N/A
309,1770535193153,Validation IR pressed,HF_67_A,,true,true,Spacebar,1,N/A,1485,N/A,N/A,N/A
309,1770535193153,IR pressed,HF_67_A,,true,true,Spacebar,1,N/A,1485,N/A,N/A,N/A
309,1770535193465,WR pressed,HF_67_A,,true,true,Yes,N/A,N/A,N/A,312,N/A,N/A
309,1770535193466,gap_time,N/A,,true,true,GapTime_1158,N/A,N/A,N/A,N/A,N/A,N/A
309,1770535194636,Sentence shown,HVL_150_A,true,,true,N/A,N/A,N/A,N/A,N/A,N/A,N/A
309,1770535198645,gap_time,N/A,true,,true,GapTime_1148,N/A,N/A,N/A,N/A,N/A,N/A
309,1770535199809,Sentence shown,HH_146_P,true,,,N/A,N/A,N/A,N/A,N/A,N/A,N/A
309,1770535203824,gap_time,N/A,true,,,GapTime_919,N/A,N/A,N/A,N/A,N/A,N/A
309,1770535204750,Sentence shown,LVH_133_P,true,,true,N/A,N/A,N/A,N/A,N/A,N/A,N/A
309,1770535207713,IR pressed,LVH_133_P,true,,true,Spacebar,1,N/A,2963,N/A,N/A,N/A
309,1770535209917,WR pressed,LVH_133_P,true,,true,No,N/A,0,N/A,2204,N/A,N/A
309,1770535209917,gap_time,N/A,true,,true,GapTime_901,N/A,N/A,N/A,N/A,N/A,N/A
309,1770535210828,Sentence shown,HF_89_A,,,,N/A,N/A,N/A,N/A,N/A,N/A,N/A
309,1770535214841,gap_time,N/A,,,,GapTime_1180,N/A,N/A,N/A,N/A,N/A,N/A
309,1770535216029,Sentence shown,LVH_137_A,true,,,N/A,N/A,N/A,N/A,N/A,N/A,N/A
309,1770535220031,gap_time,N/A,true,,,GapTime_752,N/A,N/A,N/A,N/A,N/A,N/A
309,1770535220785,Sentence shown,HF_97_A,,,,N/A,N/A,N/A,N/A,N/A,N/A,N/A
309,1770535224799,gap_time,N/A,,,,GapTime_828,N/A,N/A,N/A,N/A,N/A,N/A
309,1770535225632,Sentence shown,LVL_125_P,true,,,N/A,N/A,N/A,N/A,N/A,N/A,N/A
309,1770535229640,gap_time,N/A,true,,,GapTime_773,N/A,N/A,N/A,N/A,N/A,N/A
309,1770535230424,Sentence shown,HF_78_A,,,,N/A,N/A,N/A,N/A,N/A,N/A,N/A
309,1770535234432,gap_time,N/A,,,,GapTime_1108,N/A,N/A,N/A,N/A,N/A,N/A
309,1770535235556,Sentence shown,HF_96_A,,,,N/A,N/A,N/A,N/A,N/A,N/A,N/A
309,1770535239562,gap_time,N/A,,,,GapTime_1101,N/A,N/A,N/A,N/A,N/A,N/A
309,1770535240675,Sentence shown,LVH_137_A,true,,true,N/A,N/A,N/A,N/A,N/A,N/A,N/A
309,1770535244683,gap_time,N/A,true,,true,GapTime_1146,N/A,N/A,N/A,N/A,N/A,N/A
309,1770535245845,Sentence shown,HH_146_A,true,,true,N/A,N/A,N/A,N/A,N/A,N/A,N/A
309,1770535247061,IR pressed,HH_146_A,true,,true,Spacebar,1,N/A,1215,N/A,N/A,N/A
309,1770535247925,WR pressed,HH_146_A,true,,true,No,N/A,1,N/A,864,N/A,N/A
309,1770535247925,gap_time,N/A,true,,true,GapTime_1170,N/A,N/A,N/A,N/A,N/A,N/A
309,1770535249109,Sentence shown,HF_72_A,,,,N/A,N/A,N/A,N/A,N/A,N/A,N/A
309,1770535251512,Validation Wrong IR pressed,HF_72_A,,,,Spacebar,0,N/A,2403,N/A,N/A,N/A
309,1770535251512,IR pressed,HF_72_A,,,,Spacebar,0,N/A,2403,N/A,N/A,N/A
309,1770535251707,WR pressed,HF_72_A,,,,Yes,N/A,N/A,N/A,195,N/A,N/A
309,1770535251707,gap_time,N/A,,,,GapTime_984,N/A,N/A,N/A,N/A,N/A,N/A
309,1770535252692,Sentence shown,HF_72_A,,true,true,N/A,N/A,N/A,N/A,N/A,N/A,N/A
309,1770535253605,Validation IR pressed,HF_72_A,,true,true,Spacebar,1,N/A,913,N/A,N/A,N/A
309,1770535253605,IR pressed,HF_72_A,,true,true,Spacebar,1,N/A,913,N/A,N/A,N/A
309,1770535253815,WR pressed,HF_72_A,,true,true,Yes,N/A,N/A,N/A,210,N/A,N/A
309,1770535253815,gap_time,N/A,,true,true,GapTime_888,N/A,N/A,N/A,N/A,N/A,N/A
309,1770535254715,Sentence shown,HH_185_A,true,,,N/A,N/A,N/A,N/A,N/A,N/A,N/A
309,1770535258719,gap_time,N/A,true,,,GapTime_860,N/A,N/A,N/A,N/A,N/A,N/A
309,1770535259582,Sentence shown,HF_73_A,,,,N/A,N/A,N/A,N/A,N/A,N/A,N/A
309,1770535262153,Validation Wrong IR pressed,HF_73_A,,,,Spacebar,0,N/A,2571,N/A,N/A,N/A
309,1770535262153,IR pressed,HF_73_A,,,,Spacebar,0,N/A,2571,N/A,N/A,N/A
309,1770535262452,WR pressed,HF_73_A,,,,Yes,N/A,N/A,N/A,299,N/A,N/A
309,1770535262453,gap_time,N/A,,,,GapTime_1142,N/A,N/A,N/A,N/A,N/A,N/A
309,1770535263602,Sentence shown,LVL_125_A,true,,true,N/A,N/A,N/A,N/A,N/A,N/A,N/A
309,1770535267608,gap_time,N/A,true,,true,GapTime_1033,N/A,N/A,N/A,N/A,N/A,N/A
309,1770535268655,Sentence shown,HF_73_A,,true,true,N/A,N/A,N/A,N/A,N/A,N/A,N/A
309,1770535270181,Validation IR pressed,HF_73_A,,true,true,Spacebar,1,N/A,1525,N/A,N/A,N/A
309,1770535270181,IR pressed,HF_73_A,,true,true,Spacebar,1,N/A,1525,N/A,N/A,N/A
309,1770535270443,WR pressed,HF_73_A,,true,true,Yes,N/A,N/A,N/A,262,N/A,N/A
309,1770535270443,gap_time,N/A,,true,true,GapTime_1042,N/A,N/A,N/A,N/A,N/A,N/A
309,1770535271490,Sentence shown,HF_66_A,,,,N/A,N/A,N/A,N/A,N/A,N/A,N/A
309,1770535275493,gap_time,N/A,,,,GapTime_1266,N/A,N/A,N/A,N/A,N/A,N/A
309,1770535276764,Sentence shown,HF_84_A,,,,N/A,N/A,N/A,N/A,N/A,N/A,N/A
309,1770535280766,gap_time,N/A,,,,GapTime_724,N/A,N/A,N/A,N/A,N/A,N/A
309,1770535281501,Sentence shown,HF_71_A,,,,N/A,N/A,N/A,N/A,N/A,N/A,N/A
309,1770535285515,gap_time,N/A,,,,GapTime_833,N/A,N/A,N/A,N/A,N/A,N/A
309,1770535286363,Sentence shown,HH_185_P,true,,true,N/A,N/A,N/A,N/A,N/A,N/A,N/A
309,1770535288402,IR pressed,HH_185_P,true,,true,Spacebar,1,N/A,2038,N/A,N/A,N/A
309,1770535289177,WR pressed,HH_185_P,true,,true,No,N/A,1,N/A,775,N/A,N/A
309,1770535289178,gap_time,N/A,true,,true,GapTime_718,N/A,N/A,N/A,N/A,N/A,N/A
309,1770535289909,Sentence shown,HF_82_A,,,,N/A,N/A,N/A,N/A,N/A,N/A,N/A
309,1770535293918,gap_time,N/A,,,,GapTime_1122,N/A,N/A,N/A,N/A,N/A,N/A
309,1770535295049,Sentence shown,HF_93_A,,,,N/A,N/A,N/A,N/A,N/A,N/A,N/A
309,1770535299054,gap_time,N/A,,,,GapTime_761,N/A,N/A,N/A,N/A,N/A,N/A
309,1770535299820,Sentence shown,HF_81_A,,,,N/A,N/A,N/A,N/A,N/A,N/A,N/A
309,1770535303821,gap_time,N/A,,,,GapTime_826,N/A,N/A,N/A,N/A,N/A,N/A
309,1770535304654,Sentence shown,HF_86_A,,,,N/A,N/A,N/A,N/A,N/A,N/A,N/A
309,1770535308655,gap_time,N/A,,,,GapTime_1273,N/A,N/A,N/A,N/A,N/A,N/A
309,1770535309931,Sentence shown,HF_92_A,,,,N/A,N/A,N/A,N/A,N/A,N/A,N/A
309,1770535313945,gap_time,N/A,,,,GapTime_821,N/A,N/A,N/A,N/A,N/A,N/A
309,1770535314774,Sentence shown,HH_147_P,true,,,N/A,N/A,N/A,N/A,N/A,N/A,N/A
309,1770535318776,gap_time,N/A,true,,,GapTime_899,N/A,N/A,N/A,N/A,N/A,N/A
309,1770535319683,Sentence shown,HH_147_P,true,,true,N/A,N/A,N/A,N/A,N/A,N/A,N/A
309,1770535320876,IR pressed,HH_147_P,true,,true,Spacebar,1,N/A,1193,N/A,N/A,N/A
309,1770535321849,WR pressed,HH_147_P,true,,true,Yes,N/A,1,N/A,973,N/A,N/A
309,1770535321849,gap_time,N/A,true,,true,GapTime_1012,N/A,N/A,N/A,N/A,N/A,N/A
309,1770535322874,Sentence shown,HF_92_A,,true,true,N/A,N/A,N/A,N/A,N/A,N/A,N/A
309,1770535324643,Validation IR pressed,HF_92_A,,true,true,Spacebar,1,N/A,1769,N/A,N/A,N/A
309,1770535324643,IR pressed,HF_92_A,,true,true,Spacebar,1,N/A,1769,N/A,N/A,N/A
309,1770535324829,WR pressed,HF_92_A,,true,true,Yes,N/A,N/A,N/A,186,N/A,N/A
309,1770535324829,gap_time,N/A,,true,true,GapTime_1167,N/A,N/A,N/A,N/A,N/A,N/A
