participant_ID,Timestamp,Event,Stimulus,isTarget,isValidation,isRepeat,Button,Accuracy IR,Accuracy WR,Reaction_time_IR,Reaction_time_WR,CR_IR,CR_WR
327,1770551041123,Practice Sentence shown,HL_72_A,,,,N/A,N/A,N/A,N/A,N/A,N/A,N/A
327,1770551042625,Practice IR pressed,HL_72_A,,,,Spacebar,0,N/A,1502,N/A,N/A,N/A
327,1770551047927,Practice Sentence shown,HH_132_A,true,,,N/A,N/A,N/A,N/A,N/A,N/A,N/A
327,1770551053437,Practice Sentence shown,HH_135_A,true,,,N/A,N/A,N/A,N/A,N/A,N/A,N/A
327,1770551058952,Practice Sentence shown,HL_77_A,,,,N/A,N/A,N/A,N/A,N/A,N/A,N/A
327,1770551064458,Practice Sentence shown,HL_25_A,,,,N/A,N/A,N/A,N/A,N/A,N/A,N/A
327,1770551069966,Practice Sentence shown,HL_17_A,,,,N/A,N/A,N/A,N/A,N/A,N/A,N/A
327,1770551075481,Practice Sentence shown,HL_80_A,,,,N/A,N/A,N/A,N/A,N/A,N/A,N/A
327,1770551080987,Practice Sentence shown,HH_135_P,true,,true,N/A,N/A,N/A,N/A,N/A,N/A,N/A
327,1770551082226,Practice IR pressed,HH_135_P,true,,true,Spacebar,1,N/A,1238,N/A,N/A,N/A
327,1770551085397,Practice WR pressed,HH_135_P,true,,true,Yes,N/A,0,N/A,3171,N/A,N/A
327,1770551092259,Practice Sentence shown,HL_50_A,,,,N/A,N/A,N/A,N/A,N/A,N/A,N/A
327,1770551094557,Practice IR pressed,HL_50_A,,,,Spacebar,0,N/A,2298,N/A,N/A,N/A
327,1770551096891,Practice Sentence shown,HH_132_P,true,,true,N/A,N/A,N/A,N/A,N/A,N/A,N/A
327,1770551099043,Practice IR pressed,HH_132_P,true,,true,Spacebar,1,N/A,2151,N/A,N/A,N/A
327,1770551102983,Practice WR pressed,HH_132_P,true,,true,Yes,N/A,0,N/A,3940,N/A,N/A
327,1770551107117,Practice Sentence shown,N/A,,,,N/A,N/A,N/A,N/A,N/A,N/A,N/A
327,1770551112632,Practice Sentence shown,HL_63_A,,,,N/A,N/A,N/A,N/A,N/A,N/A,N/A
327,1770551114424,Practice IR pressed,HL_63_A,,,,Spacebar,0,N/A,1792,N/A,N/A,N/A
327,1770551115577,Practice Sentence shown,HH_115_A,true,,,N/A,N/A,N/A,N/A,N/A,N/A,N/A
327,1770551121092,Practice Sentence shown,HL_110_A,,,,N/A,N/A,N/A,N/A,N/A,N/A,N/A
327,1770551126601,Practice Sentence shown,HH_119_A,true,,,N/A,N/A,N/A,N/A,N/A,N/A,N/A
327,1770551132114,Practice Sentence shown,HL_84_A,,,,N/A,N/A,N/A,N/A,N/A,N/A,N/A
327,1770551137619,Practice Sentence shown,HH_115_A,true,,true,N/A,N/A,N/A,N/A,N/A,N/A,N/A
327,1770551139557,Practice IR pressed,HH_115_A,true,,true,Spacebar,1,N/A,1938,N/A,N/A,N/A
327,1770551143033,Practice WR pressed,HH_115_A,true,,true,Yes,N/A,1,N/A,3476,N/A,N/A
327,1770551144542,Practice Sentence shown,HH_111_A,true,,,N/A,N/A,N/A,N/A,N/A,N/A,N/A
327,1770551150056,Practice Sentence shown,HH_111_P,true,,true,N/A,N/A,N/A,N/A,N/A,N/A,N/A
327,1770551152066,Practice IR pressed,HH_111_P,true,,true,Spacebar,1,N/A,2010,N/A,N/A,N/A
327,1770551153800,Practice WR pressed,HH_111_P,true,,true,No,N/A,1,N/A,1734,N/A,N/A
327,1770551155306,Practice Sentence shown,HH_119_A,true,,true,N/A,N/A,N/A,N/A,N/A,N/A,N/A
327,1770551156721,Practice IR pressed,HH_119_A,true,,true,Spacebar,1,N/A,1415,N/A,N/A,N/A
327,1770551159946,Practice WR pressed,HH_119_A,true,,true,Yes,N/A,1,N/A,3224,N/A,N/A
327,1770551171543,Sentence shown,HF_22_A,,,,N/A,N/A,N/A,N/A,N/A,N/A,N/A
327,1770551175545,gap_time,N/A,,,,GapTime_775,N/A,N/A,N/A,N/A,N/A,N/A
327,1770551176328,Sentence shown,LVL_110_P,true,,,N/A,N/A,N/A,N/A,N/A,N/A,N/A
327,1770551180336,gap_time,N/A,true,,,GapTime_896,N/A,N/A,N/A,N/A,N/A,N/A
327,1770551181235,Sentence shown,HF_22_A,,true,true,N/A,N/A,N/A,N/A,N/A,N/A,N/A
327,1770551182649,Validation IR pressed,HF_22_A,,true,true,Spacebar,1,N/A,1414,N/A,N/A,N/A
327,1770551182649,IR pressed,HF_22_A,,true,true,Spacebar,1,N/A,1414,N/A,N/A,N/A
327,1770551185519,WR pressed,HF_22_A,,true,true,Yes,N/A,N/A,N/A,2870,N/A,N/A
327,1770551185519,gap_time,N/A,,true,true,GapTime_1245,N/A,N/A,N/A,N/A,N/A,N/A
327,1770551186766,Sentence shown,HF_24_A,,,,N/A,N/A,N/A,N/A,N/A,N/A,N/A
327,1770551190768,gap_time,N/A,,,,GapTime_1222,N/A,N/A,N/A,N/A,N/A,N/A
327,1770551191999,Sentence shown,HF_33_A,,,,N/A,N/A,N/A,N/A,N/A,N/A,N/A
327,1770551196000,gap_time,N/A,,,,GapTime_1112,N/A,N/A,N/A,N/A,N/A,N/A
327,1770551197115,Sentence shown,HF_14_A,,,,N/A,N/A,N/A,N/A,N/A,N/A,N/A
327,1770551201116,gap_time,N/A,,,,GapTime_1193,N/A,N/A,N/A,N/A,N/A,N/A
327,1770551202314,Sentence shown,HF_24_A,,true,true,N/A,N/A,N/A,N/A,N/A,N/A,N/A
327,1770551204241,Validation IR pressed,HF_24_A,,true,true,Spacebar,1,N/A,1927,N/A,N/A,N/A
327,1770551204241,IR pressed,HF_24_A,,true,true,Spacebar,1,N/A,1927,N/A,N/A,N/A
327,1770551206730,WR pressed,HF_24_A,,true,true,Yes,N/A,N/A,N/A,2489,N/A,N/A
327,1770551206730,gap_time,N/A,,true,true,GapTime_1153,N/A,N/A,N/A,N/A,N/A,N/A
327,1770551207888,Sentence shown,HF_30_A,,,,N/A,N/A,N/A,N/A,N/A,N/A,N/A
327,1770551211897,gap_time,N/A,,,,GapTime_1245,N/A,N/A,N/A,N/A,N/A,N/A
327,1770551213146,Sentence shown,HF_30_A,,true,true,N/A,N/A,N/A,N/A,N/A,N/A,N/A
327,1770551214473,Validation IR pressed,HF_30_A,,true,true,Spacebar,1,N/A,1327,N/A,N/A,N/A
327,1770551214473,IR pressed,HF_30_A,,true,true,Spacebar,1,N/A,1327,N/A,N/A,N/A
327,1770551215553,WR pressed,HF_30_A,,true,true,Yes,N/A,N/A,N/A,1080,N/A,N/A
327,1770551215554,gap_time,N/A,,true,true,GapTime_1227,N/A,N/A,N/A,N/A,N/A,N/A
327,1770551216789,Sentence shown,HF_16_A,,,,N/A,N/A,N/A,N/A,N/A,N/A,N/A
327,1770551220791,gap_time,N/A,,,,GapTime_721,N/A,N/A,N/A,N/A,N/A,N/A
327,1770551221514,Sentence shown,LVL_110_P,true,,true,N/A,N/A,N/A,N/A,N/A,N/A,N/A
327,1770551224119,IR pressed,LVL_110_P,true,,true,Spacebar,1,N/A,2605,N/A,N/A,N/A
327,1770551225544,WR pressed,LVL_110_P,true,,true,No,N/A,0,N/A,1425,N/A,N/A
327,1770551225545,gap_time,N/A,true,,true,GapTime_1158,N/A,N/A,N/A,N/A,N/A,N/A
327,1770551226721,Sentence shown,HF_16_A,,true,true,N/A,N/A,N/A,N/A,N/A,N/A,N/A
327,1770551228039,Validation IR pressed,HF_16_A,,true,true,Spacebar,1,N/A,1318,N/A,N/A,N/A
327,1770551228039,IR pressed,HF_16_A,,true,true,Spacebar,1,N/A,1318,N/A,N/A,N/A
327,1770551228442,WR pressed,HF_16_A,,true,true,Yes,N/A,N/A,N/A,403,N/A,N/A
327,1770551228442,gap_time,N/A,,true,true,GapTime_1186,N/A,N/A,N/A,N/A,N/A,N/A
327,1770551229633,Sentence shown,HF_7_A,,,,N/A,N/A,N/A,N/A,N/A,N/A,N/A
327,1770551233634,gap_time,N/A,,,,GapTime_786,N/A,N/A,N/A,N/A,N/A,N/A
327,1770551234423,Sentence shown,HF_27_A,,,,N/A,N/A,N/A,N/A,N/A,N/A,N/A
327,1770551238425,gap_time,N/A,,,,GapTime_942,N/A,N/A,N/A,N/A,N/A,N/A
327,1770551239368,Sentence shown,HF_13_A,,,,N/A,N/A,N/A,N/A,N/A,N/A,N/A
327,1770551243374,gap_time,N/A,,,,GapTime_942,N/A,N/A,N/A,N/A,N/A,N/A
327,1770551244323,Sentence shown,HF_1_A,,,,N/A,N/A,N/A,N/A,N/A,N/A,N/A
327,1770551246832,Validation Wrong IR pressed,HF_1_A,,,,Spacebar,0,N/A,2509,N/A,N/A,N/A
327,1770551246832,IR pressed,HF_1_A,,,,Spacebar,0,N/A,2509,N/A,N/A,N/A
327,1770551250512,WR pressed,HF_1_A,,,,No,N/A,N/A,N/A,3680,N/A,N/A
327,1770551250513,gap_time,N/A,,,,GapTime_917,N/A,N/A,N/A,N/A,N/A,N/A
327,1770551251436,Sentence shown,HF_27_A,,true,true,N/A,N/A,N/A,N/A,N/A,N/A,N/A
327,1770551252834,Validation IR pressed,HF_27_A,,true,true,Spacebar,1,N/A,1398,N/A,N/A,N/A
327,1770551252834,IR pressed,HF_27_A,,true,true,Spacebar,1,N/A,1398,N/A,N/A,N/A
327,1770551254396,WR pressed,HF_27_A,,true,true,Yes,N/A,N/A,N/A,1562,N/A,N/A
327,1770551254396,gap_time,N/A,,true,true,GapTime_1043,N/A,N/A,N/A,N/A,N/A,N/A
327,1770551255445,Sentence shown,HF_19_A,,,,N/A,N/A,N/A,N/A,N/A,N/A,N/A
327,1770551259446,gap_time,N/A,,,,GapTime_920,N/A,N/A,N/A,N/A,N/A,N/A
327,1770551260369,Sentence shown,HF_1_A,,true,true,N/A,N/A,N/A,N/A,N/A,N/A,N/A
327,1770551262213,Validation IR pressed,HF_1_A,,true,true,Spacebar,1,N/A,1844,N/A,N/A,N/A
327,1770551262213,IR pressed,HF_1_A,,true,true,Spacebar,1,N/A,1844,N/A,N/A,N/A
327,1770551264179,WR pressed,HF_1_A,,true,true,Yes,N/A,N/A,N/A,1966,N/A,N/A
327,1770551264180,gap_time,N/A,,true,true,GapTime_1233,N/A,N/A,N/A,N/A,N/A,N/A
327,1770551265419,Sentence shown,HF_25_A,,,,N/A,N/A,N/A,N/A,N/A,N/A,N/A
327,1770551269428,gap_time,N/A,,,,GapTime_978,N/A,N/A,N/A,N/A,N/A,N/A
327,1770551270410,Sentence shown,HF_26_A,,,,N/A,N/A,N/A,N/A,N/A,N/A,N/A
327,1770551274411,gap_time,N/A,,,,GapTime_897,N/A,N/A,N/A,N/A,N/A,N/A
327,1770551275318,Sentence shown,LVH_123_P,true,,,N/A,N/A,N/A,N/A,N/A,N/A,N/A
327,1770551279320,gap_time,N/A,true,,,GapTime_765,N/A,N/A,N/A,N/A,N/A,N/A
327,1770551280093,Sentence shown,HVL_111_A,true,,,N/A,N/A,N/A,N/A,N/A,N/A,N/A
327,1770551284093,gap_time,N/A,true,,,GapTime_1084,N/A,N/A,N/A,N/A,N/A,N/A
327,1770551285184,Sentence shown,LVL_121_P,true,,,N/A,N/A,N/A,N/A,N/A,N/A,N/A
327,1770551289187,gap_time,N/A,true,,,GapTime_916,N/A,N/A,N/A,N/A,N/A,N/A
327,1770551290108,Sentence shown,HF_5_A,,,,N/A,N/A,N/A,N/A,N/A,N/A,N/A
327,1770551294118,gap_time,N/A,,,,GapTime_1273,N/A,N/A,N/A,N/A,N/A,N/A
327,1770551295398,Sentence shown,HF_11_A,,,,N/A,N/A,N/A,N/A,N/A,N/A,N/A
327,1770551298105,Validation Wrong IR pressed,HF_11_A,,,,Spacebar,0,N/A,2707,N/A,N/A,N/A
327,1770551298105,IR pressed,HF_11_A,,,,Spacebar,0,N/A,2707,N/A,N/A,N/A
327,1770551300910,WR pressed,HF_11_A,,,,No,N/A,N/A,N/A,2805,N/A,N/A
327,1770551300911,gap_time,N/A,,,,GapTime_1090,N/A,N/A,N/A,N/A,N/A,N/A
327,1770551302004,Sentence shown,LVH_104_P,true,,,N/A,N/A,N/A,N/A,N/A,N/A,N/A
327,1770551306005,gap_time,N/A,true,,,GapTime_1247,N/A,N/A,N/A,N/A,N/A,N/A
327,1770551307262,Sentence shown,HF_8_A,,,,N/A,N/A,N/A,N/A,N/A,N/A,N/A
327,1770551310108,Validation Wrong IR pressed,HF_8_A,,,,Spacebar,0,N/A,2846,N/A,N/A,N/A
327,1770551310108,IR pressed,HF_8_A,,,,Spacebar,0,N/A,2846,N/A,N/A,N/A
327,1770551310665,WR pressed,HF_8_A,,,,No,N/A,N/A,N/A,557,N/A,N/A
327,1770551310666,gap_time,N/A,,,,GapTime_1245,N/A,N/A,N/A,N/A,N/A,N/A
327,1770551311921,Sentence shown,LVH_123_A,true,,true,N/A,N/A,N/A,N/A,N/A,N/A,N/A
327,1770551314060,IR pressed,LVH_123_A,true,,true,Spacebar,1,N/A,2139,N/A,N/A,N/A
327,1770551315531,WR pressed,LVH_123_A,true,,true,Yes,N/A,0,N/A,1471,N/A,N/A
327,1770551315532,gap_time,N/A,true,,true,GapTime_1224,N/A,N/A,N/A,N/A,N/A,N/A
327,1770551316760,Sentence shown,HVL_111_A,true,,true,N/A,N/A,N/A,N/A,N/A,N/A,N/A
327,1770551318670,IR pressed,HVL_111_A,true,,true,Spacebar,1,N/A,1910,N/A,N/A,N/A
327,1770551319556,WR pressed,HVL_111_A,true,,true,Yes,N/A,1,N/A,886,N/A,N/A
327,1770551319556,gap_time,N/A,true,,true,GapTime_1242,N/A,N/A,N/A,N/A,N/A,N/A
327,1770551320804,Sentence shown,HF_21_A,,,,N/A,N/A,N/A,N/A,N/A,N/A,N/A
327,1770551323753,Validation Wrong IR pressed,HF_21_A,,,,Spacebar,0,N/A,2949,N/A,N/A,N/A
327,1770551323753,IR pressed,HF_21_A,,,,Spacebar,0,N/A,2949,N/A,N/A,N/A
327,1770551324365,WR pressed,HF_21_A,,,,No,N/A,N/A,N/A,612,N/A,N/A
327,1770551324366,gap_time,N/A,,,,GapTime_1099,N/A,N/A,N/A,N/A,N/A,N/A
327,1770551325471,Sentence shown,HF_21_A,,true,true,N/A,N/A,N/A,N/A,N/A,N/A,N/A
327,1770551326711,Validation IR pressed,HF_21_A,,true,true,Spacebar,1,N/A,1240,N/A,N/A,N/A
327,1770551326711,IR pressed,HF_21_A,,true,true,Spacebar,1,N/A,1240,N/A,N/A,N/A
327,1770551326954,WR pressed,HF_21_A,,true,true,Yes,N/A,N/A,N/A,242,N/A,N/A
327,1770551326954,gap_time,N/A,,true,true,GapTime_1260,N/A,N/A,N/A,N/A,N/A,N/A
327,1770551328216,Sentence shown,HF_32_A,,,,N/A,N/A,N/A,N/A,N/A,N/A,N/A
327,1770551332226,gap_time,N/A,,,,GapTime_764,N/A,N/A,N/A,N/A,N/A,N/A
327,1770551332999,Sentence shown,LVL_121_A,true,,true,N/A,N/A,N/A,N/A,N/A,N/A,N/A
327,1770551335134,IR pressed,LVL_121_A,true,,true,Spacebar,1,N/A,2135,N/A,N/A,N/A
327,1770551335921,WR pressed,LVL_121_A,true,,true,Yes,N/A,0,N/A,787,N/A,N/A
327,1770551335921,gap_time,N/A,true,,true,GapTime_707,N/A,N/A,N/A,N/A,N/A,N/A
327,1770551336635,Sentence shown,HF_20_A,,,,N/A,N/A,N/A,N/A,N/A,N/A,N/A
327,1770551340643,gap_time,N/A,,,,GapTime_1179,N/A,N/A,N/A,N/A,N/A,N/A
327,1770551341825,Sentence shown,HF_29_A,,,,N/A,N/A,N/A,N/A,N/A,N/A,N/A
327,1770551345834,gap_time,N/A,,,,GapTime_1081,N/A,N/A,N/A,N/A,N/A,N/A
327,1770551346924,Sentence shown,LVH_104_P,true,,true,N/A,N/A,N/A,N/A,N/A,N/A,N/A
327,1770551349250,IR pressed,LVH_104_P,true,,true,Spacebar,1,N/A,2326,N/A,N/A,N/A
327,1770551349941,WR pressed,LVH_104_P,true,,true,Yes,N/A,1,N/A,691,N/A,N/A
327,1770551349942,gap_time,N/A,true,,true,GapTime_1087,N/A,N/A,N/A,N/A,N/A,N/A
327,1770551351032,Sentence shown,HF_12_A,,,,N/A,N/A,N/A,N/A,N/A,N/A,N/A
327,1770551352767,Validation Wrong IR pressed,HF_12_A,,,,Spacebar,0,N/A,1735,N/A,N/A,N/A
327,1770551352767,IR pressed,HF_12_A,,,,Spacebar,0,N/A,1735,N/A,N/A,N/A
327,1770551353198,WR pressed,HF_12_A,,,,No,N/A,N/A,N/A,431,N/A,N/A
327,1770551353198,gap_time,N/A,,,,GapTime_750,N/A,N/A,N/A,N/A,N/A,N/A
327,1770551353954,Sentence shown,HF_29_A,,true,true,N/A,N/A,N/A,N/A,N/A,N/A,N/A
327,1770551355213,Validation IR pressed,HF_29_A,,true,true,Spacebar,1,N/A,1259,N/A,N/A,N/A
327,1770551355213,IR pressed,HF_29_A,,true,true,Spacebar,1,N/A,1259,N/A,N/A,N/A
327,1770551355534,WR pressed,HF_29_A,,true,true,Yes,N/A,N/A,N/A,321,N/A,N/A
327,1770551355534,gap_time,N/A,,true,true,GapTime_729,N/A,N/A,N/A,N/A,N/A,N/A
327,1770551356267,Sentence shown,HVL_116_P,true,,,N/A,N/A,N/A,N/A,N/A,N/A,N/A
327,1770551360276,gap_time,N/A,true,,,GapTime_1131,N/A,N/A,N/A,N/A,N/A,N/A
327,1770551361415,Sentence shown,LVL_116_A,true,,,N/A,N/A,N/A,N/A,N/A,N/A,N/A
327,1770551365424,gap_time,N/A,true,,,GapTime_1013,N/A,N/A,N/A,N/A,N/A,N/A
327,1770551366438,Sentence shown,HH_174_P,true,,,N/A,N/A,N/A,N/A,N/A,N/A,N/A
327,1770551370441,gap_time,N/A,true,,,GapTime_1248,N/A,N/A,N/A,N/A,N/A,N/A
327,1770551371697,Sentence shown,HH_181_P,true,,,N/A,N/A,N/A,N/A,N/A,N/A,N/A
327,1770551375706,gap_time,N/A,true,,,GapTime_1078,N/A,N/A,N/A,N/A,N/A,N/A
327,1770551376788,Sentence shown,HF_18_A,,,,N/A,N/A,N/A,N/A,N/A,N/A,N/A
327,1770551380798,gap_time,N/A,,,,GapTime_874,N/A,N/A,N/A,N/A,N/A,N/A
327,1770551381679,Sentence shown,HF_28_A,,,,N/A,N/A,N/A,N/A,N/A,N/A,N/A
327,1770551384446,Validation Wrong IR pressed,HF_28_A,,,,Spacebar,0,N/A,2767,N/A,N/A,N/A
327,1770551384446,IR pressed,HF_28_A,,,,Spacebar,0,N/A,2767,N/A,N/A,N/A
327,1770551385820,WR pressed,HF_28_A,,,,No,N/A,N/A,N/A,1374,N/A,N/A
327,1770551385821,gap_time,N/A,,,,GapTime_1132,N/A,N/A,N/A,N/A,N/A,N/A
327,1770551386962,Sentence shown,LVH_140_A,true,,,N/A,N/A,N/A,N/A,N/A,N/A,N/A
327,1770551390971,gap_time,N/A,true,,,GapTime_920,N/A,N/A,N/A,N/A,N/A,N/A
327,1770551391895,Sentence shown,HVL_116_A,true,,true,N/A,N/A,N/A,N/A,N/A,N/A,N/A
327,1770551393751,IR pressed,HVL_116_A,true,,true,Spacebar,1,N/A,1856,N/A,N/A,N/A
327,1770551395862,WR pressed,HVL_116_A,true,,true,No,N/A,1,N/A,2111,N/A,N/A
327,1770551395863,gap_time,N/A,true,,true,GapTime_848,N/A,N/A,N/A,N/A,N/A,N/A
327,1770551396720,Sentence shown,HF_9_A,,,,N/A,N/A,N/A,N/A,N/A,N/A,N/A
327,1770551398881,Validation Wrong IR pressed,HF_9_A,,,,Spacebar,0,N/A,2161,N/A,N/A,N/A
327,1770551398881,IR pressed,HF_9_A,,,,Spacebar,0,N/A,2161,N/A,N/A,N/A
327,1770551400304,WR pressed,HF_9_A,,,,No,N/A,N/A,N/A,1423,N/A,N/A
327,1770551400304,gap_time,N/A,,,,GapTime_739,N/A,N/A,N/A,N/A,N/A,N/A
327,1770551401046,Sentence shown,HF_17_A,,,,N/A,N/A,N/A,N/A,N/A,N/A,N/A
327,1770551403461,Validation Wrong IR pressed,HF_17_A,,,,Spacebar,0,N/A,2415,N/A,N/A,N/A
327,1770551403461,IR pressed,HF_17_A,,,,Spacebar,0,N/A,2415,N/A,N/A,N/A
327,1770551404873,WR pressed,HF_17_A,,,,No,N/A,N/A,N/A,1412,N/A,N/A
327,1770551404873,gap_time,N/A,,,,GapTime_906,N/A,N/A,N/A,N/A,N/A,N/A
327,1770551405786,Sentence shown,HH_181_A,true,,true,N/A,N/A,N/A,N/A,N/A,N/A,N/A
327,1770551407121,IR pressed,HH_181_A,true,,true,Spacebar,1,N/A,1335,N/A,N/A,N/A
327,1770551407304,WR pressed,HH_181_A,true,,true,Yes,N/A,0,N/A,183,N/A,N/A
327,1770551407305,gap_time,N/A,true,,true,GapTime_1201,N/A,N/A,N/A,N/A,N/A,N/A
327,1770551408515,Sentence shown,HH_174_P,true,,true,N/A,N/A,N/A,N/A,N/A,N/A,N/A
327,1770551410361,IR pressed,HH_174_P,true,,true,Spacebar,1,N/A,1846,N/A,N/A,N/A
327,1770551410994,WR pressed,HH_174_P,true,,true,Yes,N/A,1,N/A,633,N/A,N/A
327,1770551410994,gap_time,N/A,true,,true,GapTime_1292,N/A,N/A,N/A,N/A,N/A,N/A
327,1770551412291,Sentence shown,LVL_116_A,true,,true,N/A,N/A,N/A,N/A,N/A,N/A,N/A
327,1770551414709,IR pressed,LVL_116_A,true,,true,Spacebar,1,N/A,2418,N/A,N/A,N/A
327,1770551416358,WR pressed,LVL_116_A,true,,true,Yes,N/A,1,N/A,1649,N/A,N/A
327,1770551416359,gap_time,N/A,true,,true,GapTime_881,N/A,N/A,N/A,N/A,N/A,N/A
327,1770551417241,Sentence shown,HVL_102_P,true,,,N/A,N/A,N/A,N/A,N/A,N/A,N/A
327,1770551420707,Validation Wrong IR pressed,HVL_102_P,true,,,Spacebar,0,N/A,3466,N/A,N/A,N/A
327,1770551420707,IR pressed,HVL_102_P,true,,,Spacebar,0,N/A,3466,N/A,N/A,N/A
327,1770551421320,WR pressed,HVL_102_P,true,,,No,N/A,0,N/A,613,N/A,N/A
327,1770551421320,gap_time,N/A,true,,,GapTime_857,N/A,N/A,N/A,N/A,N/A,N/A
327,1770551422183,Sentence shown,HF_23_A,,,,N/A,N/A,N/A,N/A,N/A,N/A,N/A
327,1770551424646,Validation Wrong IR pressed,HF_23_A,,,,Spacebar,0,N/A,2463,N/A,N/A,N/A
327,1770551424646,IR pressed,HF_23_A,,,,Spacebar,0,N/A,2463,N/A,N/A,N/A
327,1770551428864,WR pressed,HF_23_A,,,,No,N/A,N/A,N/A,4217,N/A,N/A
327,1770551428865,gap_time,N/A,,,,GapTime_707,N/A,N/A,N/A,N/A,N/A,N/A
327,1770551429578,Sentence shown,HF_6_A,,,,N/A,N/A,N/A,N/A,N/A,N/A,N/A
327,1770551433579,gap_time,N/A,,,,GapTime_1051,N/A,N/A,N/A,N/A,N/A,N/A
327,1770551434634,Sentence shown,LVH_137_A,true,,,N/A,N/A,N/A,N/A,N/A,N/A,N/A
327,1770551438636,gap_time,N/A,true,,,GapTime_1128,N/A,N/A,N/A,N/A,N/A,N/A
327,1770551439770,Sentence shown,HF_23_A,,true,true,N/A,N/A,N/A,N/A,N/A,N/A,N/A
327,1770551442216,Validation IR pressed,HF_23_A,,true,true,Spacebar,1,N/A,2446,N/A,N/A,N/A
327,1770551442216,IR pressed,HF_23_A,,true,true,Spacebar,1,N/A,2446,N/A,N/A,N/A
327,1770551443088,WR pressed,HF_23_A,,true,true,Yes,N/A,N/A,N/A,871,N/A,N/A
327,1770551443088,gap_time,N/A,,true,true,GapTime_1167,N/A,N/A,N/A,N/A,N/A,N/A
327,1770551444260,Sentence shown,HVL_122_A,true,,,N/A,N/A,N/A,N/A,N/A,N/A,N/A
327,1770551448268,gap_time,N/A,true,,,GapTime_795,N/A,N/A,N/A,N/A,N/A,N/A
327,1770551449068,Sentence shown,LVH_140_A,true,,true,N/A,N/A,N/A,N/A,N/A,N/A,N/A
327,1770551450276,IR pressed,LVH_140_A,true,,true,Spacebar,1,N/A,1208,N/A,N/A,N/A
327,1770551450796,WR pressed,LVH_140_A,true,,true,Yes,N/A,1,N/A,520,N/A,N/A
327,1770551450797,gap_time,N/A,true,,true,GapTime_1213,N/A,N/A,N/A,N/A,N/A,N/A
327,1770551452013,Sentence shown,HF_15_A,,,,N/A,N/A,N/A,N/A,N/A,N/A,N/A
327,1770551456022,gap_time,N/A,,,,GapTime_1002,N/A,N/A,N/A,N/A,N/A,N/A
327,1770551457037,Sentence shown,HH_147_A,true,,,N/A,N/A,N/A,N/A,N/A,N/A,N/A
327,1770551461046,gap_time,N/A,true,,,GapTime_701,N/A,N/A,N/A,N/A,N/A,N/A
327,1770551461753,Sentence shown,HF_4_A,,,,N/A,N/A,N/A,N/A,N/A,N/A,N/A
327,1770551465755,gap_time,N/A,,,,GapTime_714,N/A,N/A,N/A,N/A,N/A,N/A
327,1770551466470,Sentence shown,HVL_102_P,true,,true,N/A,N/A,N/A,N/A,N/A,N/A,N/A
327,1770551467973,IR pressed,HVL_102_P,true,,true,Spacebar,1,N/A,1503,N/A,N/A,N/A
327,1770551468731,WR pressed,HVL_102_P,true,,true,Yes,N/A,1,N/A,758,N/A,N/A
327,1770551468732,gap_time,N/A,true,,true,GapTime_802,N/A,N/A,N/A,N/A,N/A,N/A
327,1770551469540,Sentence shown,LVH_137_P,true,,true,N/A,N/A,N/A,N/A,N/A,N/A,N/A
327,1770551473311,IR pressed,LVH_137_P,true,,true,Spacebar,1,N/A,3771,N/A,N/A,N/A
327,1770551475213,WR pressed,LVH_137_P,true,,true,No,N/A,1,N/A,1902,N/A,N/A
327,1770551475214,gap_time,N/A,true,,true,GapTime_1046,N/A,N/A,N/A,N/A,N/A,N/A
327,1770551476262,Sentence shown,HF_2_A,,,,N/A,N/A,N/A,N/A,N/A,N/A,N/A
327,1770551480269,gap_time,N/A,,,,GapTime_1172,N/A,N/A,N/A,N/A,N/A,N/A
327,1770551481444,Sentence shown,HVL_122_P,true,,true,N/A,N/A,N/A,N/A,N/A,N/A,N/A
327,1770551483270,IR pressed,HVL_122_P,true,,true,Spacebar,1,N/A,1826,N/A,N/A,N/A
327,1770551483494,WR pressed,HVL_122_P,true,,true,Yes,N/A,0,N/A,224,N/A,N/A
327,1770551483495,gap_time,N/A,true,,true,GapTime_911,N/A,N/A,N/A,N/A,N/A,N/A
327,1770551484414,Sentence shown,HF_2_A,,true,true,N/A,N/A,N/A,N/A,N/A,N/A,N/A
327,1770551485547,Validation IR pressed,HF_2_A,,true,true,Spacebar,1,N/A,1133,N/A,N/A,N/A
327,1770551485547,IR pressed,HF_2_A,,true,true,Spacebar,1,N/A,1133,N/A,N/A,N/A
327,1770551485716,WR pressed,HF_2_A,,true,true,Yes,N/A,N/A,N/A,169,N/A,N/A
327,1770551485717,gap_time,N/A,,true,true,GapTime_1241,N/A,N/A,N/A,N/A,N/A,N/A
327,1770551486968,Sentence shown,LVL_141_A,true,,,N/A,N/A,N/A,N/A,N/A,N/A,N/A
327,1770551490977,gap_time,N/A,true,,,GapTime_1142,N/A,N/A,N/A,N/A,N/A,N/A
327,1770551492124,Sentence shown,HH_141_A,true,,,N/A,N/A,N/A,N/A,N/A,N/A,N/A
327,1770551496125,gap_time,N/A,true,,,GapTime_984,N/A,N/A,N/A,N/A,N/A,N/A
327,1770551497116,Sentence shown,HF_10_A,,,,N/A,N/A,N/A,N/A,N/A,N/A,N/A
327,1770551501125,gap_time,N/A,,,,GapTime_949,N/A,N/A,N/A,N/A,N/A,N/A
327,1770551502082,Sentence shown,HF_31_A,,,,N/A,N/A,N/A,N/A,N/A,N/A,N/A
327,1770551506083,gap_time,N/A,,,,GapTime_1236,N/A,N/A,N/A,N/A,N/A,N/A
327,1770551507322,Sentence shown,HH_147_P,true,,true,N/A,N/A,N/A,N/A,N/A,N/A,N/A
327,1770551510215,IR pressed,HH_147_P,true,,true,Spacebar,1,N/A,2893,N/A,N/A,N/A
327,1770551513986,WR pressed,HH_147_P,true,,true,No,N/A,1,N/A,3771,N/A,N/A
327,1770551513987,gap_time,N/A,true,,true,GapTime_1168,N/A,N/A,N/A,N/A,N/A,N/A
327,1770551515159,Sentence shown,LVL_141_P,true,,true,N/A,N/A,N/A,N/A,N/A,N/A,N/A
327,1770551516973,IR pressed,LVL_141_P,true,,true,Spacebar,1,N/A,1814,N/A,N/A,N/A
327,1770551517733,WR pressed,LVL_141_P,true,,true,No,N/A,1,N/A,760,N/A,N/A
327,1770551517733,gap_time,N/A,true,,true,GapTime_755,N/A,N/A,N/A,N/A,N/A,N/A
327,1770551518496,Sentence shown,HH_141_A,true,,true,N/A,N/A,N/A,N/A,N/A,N/A,N/A
327,1770551522504,gap_time,N/A,true,,true,GapTime_720,N/A,N/A,N/A,N/A,N/A,N/A
327,1770551523227,Rest Phase started,N/A,true,,true,Rest,N/A,N/A,N/A,N/A,N/A,N/A
327,1770551574441,Sentence shown,HF_36_A,,,,N/A,N/A,N/A,N/A,N/A,N/A,N/A
327,1770551578455,gap_time,N/A,,,,GapTime_933,N/A,N/A,N/A,N/A,N/A,N/A
327,1770551579395,Sentence shown,HF_37_A,,,,N/A,N/A,N/A,N/A,N/A,N/A,N/A
327,1770551583404,gap_time,N/A,,,,GapTime_746,N/A,N/A,N/A,N/A,N/A,N/A
327,1770551584153,Sentence shown,HH_178_P,true,,,N/A,N/A,N/A,N/A,N/A,N/A,N/A
327,1770551588154,gap_time,N/A,true,,,GapTime_833,N/A,N/A,N/A,N/A,N/A,N/A
327,1770551588994,Sentence shown,HF_37_A,,true,true,N/A,N/A,N/A,N/A,N/A,N/A,N/A
327,1770551591337,Validation IR pressed,HF_37_A,,true,true,Spacebar,1,N/A,2343,N/A,N/A,N/A
327,1770551591337,IR pressed,HF_37_A,,true,true,Spacebar,1,N/A,2343,N/A,N/A,N/A
327,1770551593464,WR pressed,HF_37_A,,true,true,Yes,N/A,N/A,N/A,2127,N/A,N/A
327,1770551593465,gap_time,N/A,,true,true,GapTime_789,N/A,N/A,N/A,N/A,N/A,N/A
327,1770551594261,Sentence shown,HF_40_A,,,,N/A,N/A,N/A,N/A,N/A,N/A,N/A
327,1770551598270,gap_time,N/A,,,,GapTime_799,N/A,N/A,N/A,N/A,N/A,N/A
327,1770551599077,Sentence shown,HF_39_A,,,,N/A,N/A,N/A,N/A,N/A,N/A,N/A
327,1770551603078,gap_time,N/A,,,,GapTime_1115,N/A,N/A,N/A,N/A,N/A,N/A
327,1770551604201,Sentence shown,LVH_153_P,true,,,N/A,N/A,N/A,N/A,N/A,N/A,N/A
327,1770551608202,gap_time,N/A,true,,,GapTime_1213,N/A,N/A,N/A,N/A,N/A,N/A
327,1770551609416,Sentence shown,HF_40_A,,true,true,N/A,N/A,N/A,N/A,N/A,N/A,N/A
327,1770551611606,Validation IR pressed,HF_40_A,,true,true,Spacebar,1,N/A,2190,N/A,N/A,N/A
327,1770551611606,IR pressed,HF_40_A,,true,true,Spacebar,1,N/A,2190,N/A,N/A,N/A
327,1770551611947,WR pressed,HF_40_A,,true,true,Yes,N/A,N/A,N/A,341,N/A,N/A
327,1770551611948,gap_time,N/A,,true,true,GapTime_881,N/A,N/A,N/A,N/A,N/A,N/A
327,1770551612836,Sentence shown,LVL_129_P,true,,,N/A,N/A,N/A,N/A,N/A,N/A,N/A
327,1770551616837,gap_time,N/A,true,,,GapTime_1215,N/A,N/A,N/A,N/A,N/A,N/A
327,1770551618059,Sentence shown,HF_62_A,,,,N/A,N/A,N/A,N/A,N/A,N/A,N/A
327,1770551620459,Validation Wrong IR pressed,HF_62_A,,,,Spacebar,0,N/A,2400,N/A,N/A,N/A
327,1770551620459,IR pressed,HF_62_A,,,,Spacebar,0,N/A,2400,N/A,N/A,N/A
327,1770551620972,WR pressed,HF_62_A,,,,No,N/A,N/A,N/A,513,N/A,N/A
327,1770551620972,gap_time,N/A,,,,GapTime_784,N/A,N/A,N/A,N/A,N/A,N/A
327,1770551621762,Sentence shown,HH_178_P,true,,true,N/A,N/A,N/A,N/A,N/A,N/A,N/A
327,1770551623306,IR pressed,HH_178_P,true,,true,Spacebar,1,N/A,1544,N/A,N/A,N/A
327,1770551623857,WR pressed,HH_178_P,true,,true,Yes,N/A,1,N/A,551,N/A,N/A
327,1770551623858,gap_time,N/A,true,,true,GapTime_880,N/A,N/A,N/A,N/A,N/A,N/A
327,1770551624748,Sentence shown,HF_54_A,,,,N/A,N/A,N/A,N/A,N/A,N/A,N/A
327,1770551628749,gap_time,N/A,,,,GapTime_983,N/A,N/A,N/A,N/A,N/A,N/A
327,1770551629739,Sentence shown,HF_49_A,,,,N/A,N/A,N/A,N/A,N/A,N/A,N/A
327,1770551633102,Validation Wrong IR pressed,HF_49_A,,,,Spacebar,0,N/A,3362,N/A,N/A,N/A
327,1770551633102,IR pressed,HF_49_A,,,,Spacebar,0,N/A,3362,N/A,N/A,N/A
327,1770551633279,WR pressed,HF_49_A,,,,No,N/A,N/A,N/A,177,N/A,N/A
327,1770551633280,gap_time,N/A,,,,GapTime_907,N/A,N/A,N/A,N/A,N/A,N/A
327,1770551634191,Sentence shown,HF_56_A,,,,N/A,N/A,N/A,N/A,N/A,N/A,N/A
327,1770551638199,gap_time,N/A,,,,GapTime_817,N/A,N/A,N/A,N/A,N/A,N/A
327,1770551639022,Sentence shown,HF_56_A,,true,true,N/A,N/A,N/A,N/A,N/A,N/A,N/A
327,1770551640550,Validation IR pressed,HF_56_A,,true,true,Spacebar,1,N/A,1528,N/A,N/A,N/A
327,1770551640550,IR pressed,HF_56_A,,true,true,Spacebar,1,N/A,1528,N/A,N/A,N/A
327,1770551641232,WR pressed,HF_56_A,,true,true,Yes,N/A,N/A,N/A,682,N/A,N/A
327,1770551641232,gap_time,N/A,,true,true,GapTime_1216,N/A,N/A,N/A,N/A,N/A,N/A
327,1770551642450,Sentence shown,HF_59_A,,,,N/A,N/A,N/A,N/A,N/A,N/A,N/A
327,1770551646451,gap_time,N/A,,,,GapTime_991,N/A,N/A,N/A,N/A,N/A,N/A
327,1770551647449,Sentence shown,LVH_149_A,true,,,N/A,N/A,N/A,N/A,N/A,N/A,N/A
327,1770551651458,gap_time,N/A,true,,,GapTime_1176,N/A,N/A,N/A,N/A,N/A,N/A
327,1770551652640,Sentence shown,LVL_129_A,true,,true,N/A,N/A,N/A,N/A,N/A,N/A,N/A
327,1770551655741,IR pressed,LVL_129_A,true,,true,Spacebar,1,N/A,3101,N/A,N/A,N/A
327,1770551656118,WR pressed,LVL_129_A,true,,true,No,N/A,1,N/A,377,N/A,N/A
327,1770551656118,gap_time,N/A,true,,true,GapTime_947,N/A,N/A,N/A,N/A,N/A,N/A
327,1770551657074,Sentence shown,LVH_153_A,true,,true,N/A,N/A,N/A,N/A,N/A,N/A,N/A
327,1770551659317,IR pressed,LVH_153_A,true,,true,Spacebar,1,N/A,2243,N/A,N/A,N/A
327,1770551660785,WR pressed,LVH_153_A,true,,true,No,N/A,1,N/A,1468,N/A,N/A
327,1770551660786,gap_time,N/A,true,,true,GapTime_1131,N/A,N/A,N/A,N/A,N/A,N/A
327,1770551661922,Sentence shown,HF_50_A,,,,N/A,N/A,N/A,N/A,N/A,N/A,N/A
327,1770551665925,gap_time,N/A,,,,GapTime_715,N/A,N/A,N/A,N/A,N/A,N/A
327,1770551666648,Sentence shown,HVL_135_P,true,,,N/A,N/A,N/A,N/A,N/A,N/A,N/A
327,1770551670649,gap_time,N/A,true,,,GapTime_1089,N/A,N/A,N/A,N/A,N/A,N/A
327,1770551671748,Sentence shown,HF_50_A,,true,true,N/A,N/A,N/A,N/A,N/A,N/A,N/A
327,1770551673067,Validation IR pressed,HF_50_A,,true,true,Spacebar,1,N/A,1319,N/A,N/A,N/A
327,1770551673067,IR pressed,HF_50_A,,true,true,Spacebar,1,N/A,1319,N/A,N/A,N/A
327,1770551673158,WR pressed,HF_50_A,,true,true,Yes,N/A,N/A,N/A,91,N/A,N/A
327,1770551673159,gap_time,N/A,,true,true,GapTime_1031,N/A,N/A,N/A,N/A,N/A,N/A
327,1770551674193,Sentence shown,HF_57_A,,,,N/A,N/A,N/A,N/A,N/A,N/A,N/A
327,1770551678203,gap_time,N/A,,,,GapTime_1070,N/A,N/A,N/A,N/A,N/A,N/A
327,1770551679276,Sentence shown,HVL_104_A,true,,,N/A,N/A,N/A,N/A,N/A,N/A,N/A
327,1770551683277,gap_time,N/A,true,,,GapTime_1237,N/A,N/A,N/A,N/A,N/A,N/A
327,1770551684516,Sentence shown,HF_57_A,,true,true,N/A,N/A,N/A,N/A,N/A,N/A,N/A
327,1770551685886,Validation IR pressed,HF_57_A,,true,true,Spacebar,1,N/A,1370,N/A,N/A,N/A
327,1770551685886,IR pressed,HF_57_A,,true,true,Spacebar,1,N/A,1370,N/A,N/A,N/A
327,1770551685951,WR pressed,HF_57_A,,true,true,Yes,N/A,N/A,N/A,65,N/A,N/A
327,1770551685952,gap_time,N/A,,true,true,GapTime_1074,N/A,N/A,N/A,N/A,N/A,N/A
327,1770551687029,Sentence shown,HH_167_P,true,,,N/A,N/A,N/A,N/A,N/A,N/A,N/A
327,1770551691038,gap_time,N/A,true,,,GapTime_1194,N/A,N/A,N/A,N/A,N/A,N/A
327,1770551692236,Sentence shown,LVH_149_A,true,,true,N/A,N/A,N/A,N/A,N/A,N/A,N/A
327,1770551694077,IR pressed,LVH_149_A,true,,true,Spacebar,1,N/A,1841,N/A,N/A,N/A
327,1770551694327,WR pressed,LVH_149_A,true,,true,Yes,N/A,1,N/A,250,N/A,N/A
327,1770551694327,gap_time,N/A,true,,true,GapTime_1221,N/A,N/A,N/A,N/A,N/A,N/A
327,1770551695555,Sentence shown,HF_55_A,,,,N/A,N/A,N/A,N/A,N/A,N/A,N/A
327,1770551699556,gap_time,N/A,,,,GapTime_716,N/A,N/A,N/A,N/A,N/A,N/A
327,1770551700281,Sentence shown,HF_44_A,,,,N/A,N/A,N/A,N/A,N/A,N/A,N/A
327,1770551704282,gap_time,N/A,,,,GapTime_1122,N/A,N/A,N/A,N/A,N/A,N/A
327,1770551705413,Sentence shown,HF_64_A,,,,N/A,N/A,N/A,N/A,N/A,N/A,N/A
327,1770551709414,gap_time,N/A,,,,GapTime_1174,N/A,N/A,N/A,N/A,N/A,N/A
327,1770551710591,Sentence shown,LVH_157_P,true,,,N/A,N/A,N/A,N/A,N/A,N/A,N/A
327,1770551714596,gap_time,N/A,true,,,GapTime_755,N/A,N/A,N/A,N/A,N/A,N/A
327,1770551715353,Sentence shown,HVL_135_A,true,,true,N/A,N/A,N/A,N/A,N/A,N/A,N/A
327,1770551717079,IR pressed,HVL_135_A,true,,true,Spacebar,1,N/A,1726,N/A,N/A,N/A
327,1770551717544,WR pressed,HVL_135_A,true,,true,Yes,N/A,0,N/A,465,N/A,N/A
327,1770551717544,gap_time,N/A,true,,true,GapTime_1030,N/A,N/A,N/A,N/A,N/A,N/A
327,1770551718582,Sentence shown,HVL_104_P,true,,true,N/A,N/A,N/A,N/A,N/A,N/A,N/A
327,1770551720808,IR pressed,HVL_104_P,true,,true,Spacebar,1,N/A,2226,N/A,N/A,N/A
327,1770551721560,WR pressed,HVL_104_P,true,,true,Yes,N/A,0,N/A,752,N/A,N/A
327,1770551721561,gap_time,N/A,true,,true,GapTime_1074,N/A,N/A,N/A,N/A,N/A,N/A
327,1770551722641,Sentence shown,HF_42_A,,,,N/A,N/A,N/A,N/A,N/A,N/A,N/A
327,1770551726642,gap_time,N/A,,,,GapTime_842,N/A,N/A,N/A,N/A,N/A,N/A
327,1770551727490,Sentence shown,HH_167_A,true,,true,N/A,N/A,N/A,N/A,N/A,N/A,N/A
327,1770551730107,IR pressed,HH_167_A,true,,true,Spacebar,1,N/A,2617,N/A,N/A,N/A
327,1770551730359,WR pressed,HH_167_A,true,,true,Yes,N/A,0,N/A,252,N/A,N/A
327,1770551730360,gap_time,N/A,true,,true,GapTime_1274,N/A,N/A,N/A,N/A,N/A,N/A
327,1770551731642,Sentence shown,LVL_142_A,true,,,N/A,N/A,N/A,N/A,N/A,N/A,N/A
327,1770551735652,gap_time,N/A,true,,,GapTime_731,N/A,N/A,N/A,N/A,N/A,N/A
327,1770551736391,Sentence shown,HF_42_A,,true,true,N/A,N/A,N/A,N/A,N/A,N/A,N/A
327,1770551738041,Validation IR pressed,HF_42_A,,true,true,Spacebar,1,N/A,1650,N/A,N/A,N/A
327,1770551738041,IR pressed,HF_42_A,,true,true,Spacebar,1,N/A,1650,N/A,N/A,N/A
327,1770551738274,WR pressed,HF_42_A,,true,true,Yes,N/A,N/A,N/A,233,N/A,N/A
327,1770551738274,gap_time,N/A,,true,true,GapTime_744,N/A,N/A,N/A,N/A,N/A,N/A
327,1770551739025,Sentence shown,HF_46_A,,,,N/A,N/A,N/A,N/A,N/A,N/A,N/A
327,1770551743029,gap_time,N/A,,,,GapTime_869,N/A,N/A,N/A,N/A,N/A,N/A
327,1770551743904,Sentence shown,HF_48_A,,,,N/A,N/A,N/A,N/A,N/A,N/A,N/A
327,1770551747905,gap_time,N/A,,,,GapTime_872,N/A,N/A,N/A,N/A,N/A,N/A
327,1770551748778,Sentence shown,HF_45_A,,,,N/A,N/A,N/A,N/A,N/A,N/A,N/A
327,1770551752778,gap_time,N/A,,,,GapTime_882,N/A,N/A,N/A,N/A,N/A,N/A
327,1770551753669,Sentence shown,HF_46_A,,true,true,N/A,N/A,N/A,N/A,N/A,N/A,N/A
327,1770551754881,Validation IR pressed,HF_46_A,,true,true,Spacebar,1,N/A,1212,N/A,N/A,N/A
327,1770551754881,IR pressed,HF_46_A,,true,true,Spacebar,1,N/A,1212,N/A,N/A,N/A
327,1770551755004,WR pressed,HF_46_A,,true,true,Yes,N/A,N/A,N/A,123,N/A,N/A
327,1770551755005,gap_time,N/A,,true,true,GapTime_804,N/A,N/A,N/A,N/A,N/A,N/A
327,1770551755815,Sentence shown,LVH_157_P,true,,true,N/A,N/A,N/A,N/A,N/A,N/A,N/A
327,1770551757226,IR pressed,LVH_157_P,true,,true,Spacebar,1,N/A,1411,N/A,N/A,N/A
327,1770551757401,WR pressed,LVH_157_P,true,,true,Yes,N/A,1,N/A,175,N/A,N/A
327,1770551757401,gap_time,N/A,true,,true,GapTime_1087,N/A,N/A,N/A,N/A,N/A,N/A
327,1770551758494,Sentence shown,HF_61_A,,,,N/A,N/A,N/A,N/A,N/A,N/A,N/A
327,1770551762503,gap_time,N/A,,,,GapTime_881,N/A,N/A,N/A,N/A,N/A,N/A
327,1770551763393,Sentence shown,HF_41_A,,,,N/A,N/A,N/A,N/A,N/A,N/A,N/A
327,1770551767395,gap_time,N/A,,,,GapTime_1135,N/A,N/A,N/A,N/A,N/A,N/A
327,1770551768534,Sentence shown,HF_61_A,,true,true,N/A,N/A,N/A,N/A,N/A,N/A,N/A
327,1770551771299,Validation IR pressed,HF_61_A,,true,true,Spacebar,1,N/A,2765,N/A,N/A,N/A
327,1770551771299,IR pressed,HF_61_A,,true,true,Spacebar,1,N/A,2765,N/A,N/A,N/A
327,1770551772106,WR pressed,HF_61_A,,true,true,No,N/A,N/A,N/A,807,N/A,N/A
327,1770551772106,gap_time,N/A,,true,true,GapTime_867,N/A,N/A,N/A,N/A,N/A,N/A
327,1770551772976,Sentence shown,HF_52_A,,,,N/A,N/A,N/A,N/A,N/A,N/A,N/A
327,1770551776978,gap_time,N/A,,,,GapTime_861,N/A,N/A,N/A,N/A,N/A,N/A
327,1770551777843,Sentence shown,HVL_114_P,true,,,N/A,N/A,N/A,N/A,N/A,N/A,N/A
327,1770551781853,gap_time,N/A,true,,,GapTime_1219,N/A,N/A,N/A,N/A,N/A,N/A
327,1770551783075,Sentence shown,HF_41_A,,true,true,N/A,N/A,N/A,N/A,N/A,N/A,N/A
327,1770551786468,Validation IR pressed,HF_41_A,,true,true,Spacebar,1,N/A,3393,N/A,N/A,N/A
327,1770551786468,IR pressed,HF_41_A,,true,true,Spacebar,1,N/A,3393,N/A,N/A,N/A
327,1770551788580,WR pressed,HF_41_A,,true,true,No,N/A,N/A,N/A,2112,N/A,N/A
327,1770551788581,gap_time,N/A,,true,true,GapTime_1272,N/A,N/A,N/A,N/A,N/A,N/A
327,1770551789855,Sentence shown,LVL_142_P,true,,true,N/A,N/A,N/A,N/A,N/A,N/A,N/A
327,1770551793017,IR pressed,LVL_142_P,true,,true,Spacebar,1,N/A,3162,N/A,N/A,N/A
327,1770551795561,WR pressed,LVL_142_P,true,,true,No,N/A,1,N/A,2544,N/A,N/A
327,1770551795561,gap_time,N/A,true,,true,GapTime_1150,N/A,N/A,N/A,N/A,N/A,N/A
327,1770551796719,Sentence shown,LVL_104_P,true,,,N/A,N/A,N/A,N/A,N/A,N/A,N/A
327,1770551800727,gap_time,N/A,true,,,GapTime_1232,N/A,N/A,N/A,N/A,N/A,N/A
327,1770551801967,Sentence shown,HF_35_A,,,,N/A,N/A,N/A,N/A,N/A,N/A,N/A
327,1770551805976,gap_time,N/A,,,,GapTime_1289,N/A,N/A,N/A,N/A,N/A,N/A
327,1770551807274,Sentence shown,HF_34_A,,,,N/A,N/A,N/A,N/A,N/A,N/A,N/A
327,1770551811283,gap_time,N/A,,,,GapTime_1138,N/A,N/A,N/A,N/A,N/A,N/A
327,1770551812423,Sentence shown,HH_149_A,true,,,N/A,N/A,N/A,N/A,N/A,N/A,N/A
327,1770551816424,gap_time,N/A,true,,,GapTime_1099,N/A,N/A,N/A,N/A,N/A,N/A
327,1770551817530,Sentence shown,LVL_135_A,true,,,N/A,N/A,N/A,N/A,N/A,N/A,N/A
327,1770551821531,gap_time,N/A,true,,,GapTime_1021,N/A,N/A,N/A,N/A,N/A,N/A
327,1770551822554,Sentence shown,HF_60_A,,,,N/A,N/A,N/A,N/A,N/A,N/A,N/A
327,1770551826557,gap_time,N/A,,,,GapTime_1080,N/A,N/A,N/A,N/A,N/A,N/A
327,1770551827646,Sentence shown,HF_60_A,,true,true,N/A,N/A,N/A,N/A,N/A,N/A,N/A
327,1770551828599,Validation IR pressed,HF_60_A,,true,true,Spacebar,1,N/A,953,N/A,N/A,N/A
327,1770551828599,IR pressed,HF_60_A,,true,true,Spacebar,1,N/A,953,N/A,N/A,N/A
327,1770551829962,WR pressed,HF_60_A,,true,true,Yes,N/A,N/A,N/A,1363,N/A,N/A
327,1770551829963,gap_time,N/A,,true,true,GapTime_1243,N/A,N/A,N/A,N/A,N/A,N/A
327,1770551831215,Sentence shown,HF_43_A,,,,N/A,N/A,N/A,N/A,N/A,N/A,N/A
327,1770551835224,gap_time,N/A,,,,GapTime_933,N/A,N/A,N/A,N/A,N/A,N/A
327,1770551836164,Sentence shown,HVL_114_P,true,,true,N/A,N/A,N/A,N/A,N/A,N/A,N/A
327,1770551837855,IR pressed,HVL_114_P,true,,true,Spacebar,1,N/A,1690,N/A,N/A,N/A
327,1770551838236,WR pressed,HVL_114_P,true,,true,Yes,N/A,1,N/A,381,N/A,N/A
327,1770551838237,gap_time,N/A,true,,true,GapTime_751,N/A,N/A,N/A,N/A,N/A,N/A
327,1770551838992,Sentence shown,LVL_104_P,true,,true,N/A,N/A,N/A,N/A,N/A,N/A,N/A
327,1770551840483,IR pressed,LVL_104_P,true,,true,Spacebar,1,N/A,1491,N/A,N/A,N/A
327,1770551840725,WR pressed,LVL_104_P,true,,true,Yes,N/A,1,N/A,242,N/A,N/A
327,1770551840726,gap_time,N/A,true,,true,GapTime_724,N/A,N/A,N/A,N/A,N/A,N/A
327,1770551841456,Sentence shown,HF_47_A,,,,N/A,N/A,N/A,N/A,N/A,N/A,N/A
327,1770551845464,gap_time,N/A,,,,GapTime_1076,N/A,N/A,N/A,N/A,N/A,N/A
327,1770551846546,Sentence shown,HF_51_A,,,,N/A,N/A,N/A,N/A,N/A,N/A,N/A
327,1770551850555,gap_time,N/A,,,,GapTime_1189,N/A,N/A,N/A,N/A,N/A,N/A
327,1770551851753,Sentence shown,HVL_154_A,true,,,N/A,N/A,N/A,N/A,N/A,N/A,N/A
327,1770551855755,gap_time,N/A,true,,,GapTime_1055,N/A,N/A,N/A,N/A,N/A,N/A
327,1770551856811,Sentence shown,HF_38_A,,,,N/A,N/A,N/A,N/A,N/A,N/A,N/A
327,1770551860812,gap_time,N/A,,,,GapTime_768,N/A,N/A,N/A,N/A,N/A,N/A
327,1770551861590,Sentence shown,HH_149_A,true,,true,N/A,N/A,N/A,N/A,N/A,N/A,N/A
327,1770551863274,IR pressed,HH_149_A,true,,true,Spacebar,1,N/A,1684,N/A,N/A,N/A
327,1770551863543,WR pressed,HH_149_A,true,,true,Yes,N/A,1,N/A,269,N/A,N/A
327,1770551863543,gap_time,N/A,true,,true,GapTime_747,N/A,N/A,N/A,N/A,N/A,N/A
327,1770551864298,Sentence shown,LVH_139_A,true,,,N/A,N/A,N/A,N/A,N/A,N/A,N/A
327,1770551868307,gap_time,N/A,true,,,GapTime_1107,N/A,N/A,N/A,N/A,N/A,N/A
327,1770551869421,Sentence shown,LVL_135_A,true,,true,N/A,N/A,N/A,N/A,N/A,N/A,N/A
327,1770551873431,gap_time,N/A,true,,true,GapTime_1091,N/A,N/A,N/A,N/A,N/A,N/A
327,1770551874528,Sentence shown,HF_63_A,,,,N/A,N/A,N/A,N/A,N/A,N/A,N/A
327,1770551878531,gap_time,N/A,,,,GapTime_1189,N/A,N/A,N/A,N/A,N/A,N/A
327,1770551879730,Sentence shown,HH_137_A,true,,,N/A,N/A,N/A,N/A,N/A,N/A,N/A
327,1770551883738,gap_time,N/A,true,,,GapTime_1148,N/A,N/A,N/A,N/A,N/A,N/A
327,1770551884894,Sentence shown,HF_53_A,,,,N/A,N/A,N/A,N/A,N/A,N/A,N/A
327,1770551888904,gap_time,N/A,,,,GapTime_723,N/A,N/A,N/A,N/A,N/A,N/A
327,1770551889636,Sentence shown,HF_58_A,,,,N/A,N/A,N/A,N/A,N/A,N/A,N/A
327,1770551893648,gap_time,N/A,,,,GapTime_1201,N/A,N/A,N/A,N/A,N/A,N/A
327,1770551894852,Sentence shown,HVL_154_A,true,,true,N/A,N/A,N/A,N/A,N/A,N/A,N/A
327,1770551896520,IR pressed,HVL_154_A,true,,true,Spacebar,1,N/A,1668,N/A,N/A,N/A
327,1770551896764,WR pressed,HVL_154_A,true,,true,Yes,N/A,1,N/A,244,N/A,N/A
327,1770551896765,gap_time,N/A,true,,true,GapTime_953,N/A,N/A,N/A,N/A,N/A,N/A
327,1770551897722,Sentence shown,HF_65_A,,,,N/A,N/A,N/A,N/A,N/A,N/A,N/A
327,1770551901723,gap_time,N/A,,,,GapTime_1249,N/A,N/A,N/A,N/A,N/A,N/A
327,1770551902980,Sentence shown,LVH_139_P,true,,true,N/A,N/A,N/A,N/A,N/A,N/A,N/A
327,1770551905285,IR pressed,LVH_139_P,true,,true,Spacebar,1,N/A,2305,N/A,N/A,N/A
327,1770551906228,WR pressed,LVH_139_P,true,,true,No,N/A,1,N/A,943,N/A,N/A
327,1770551906229,gap_time,N/A,true,,true,GapTime_718,N/A,N/A,N/A,N/A,N/A,N/A
327,1770551906955,Sentence shown,HH_137_P,true,,true,N/A,N/A,N/A,N/A,N/A,N/A,N/A
327,1770551909789,IR pressed,HH_137_P,true,,true,Spacebar,1,N/A,2834,N/A,N/A,N/A
327,1770551911708,WR pressed,HH_137_P,true,,true,No,N/A,1,N/A,1919,N/A,N/A
327,1770551911709,gap_time,N/A,true,,true,GapTime_824,N/A,N/A,N/A,N/A,N/A,N/A
327,1770551912537,Rest Phase started,N/A,true,,true,Rest,N/A,N/A,N/A,N/A,N/A,N/A
327,1770551937630,Sentence shown,HVL_129_P,true,,,N/A,N/A,N/A,N/A,N/A,N/A,N/A
327,1770551941635,gap_time,N/A,true,,,GapTime_1277,N/A,N/A,N/A,N/A,N/A,N/A
327,1770551942917,Sentence shown,HF_96_A,,,,N/A,N/A,N/A,N/A,N/A,N/A,N/A
327,1770551946925,gap_time,N/A,,,,GapTime_848,N/A,N/A,N/A,N/A,N/A,N/A
327,1770551947774,Sentence shown,HF_95_A,,,,N/A,N/A,N/A,N/A,N/A,N/A,N/A
327,1770551951776,gap_time,N/A,,,,GapTime_907,N/A,N/A,N/A,N/A,N/A,N/A
327,1770551952691,Sentence shown,HF_95_A,,true,true,N/A,N/A,N/A,N/A,N/A,N/A,N/A
327,1770551953721,Validation IR pressed,HF_95_A,,true,true,Spacebar,1,N/A,1030,N/A,N/A,N/A
327,1770551953721,IR pressed,HF_95_A,,true,true,Spacebar,1,N/A,1030,N/A,N/A,N/A
327,1770551953915,WR pressed,HF_95_A,,true,true,Yes,N/A,N/A,N/A,194,N/A,N/A
327,1770551953915,gap_time,N/A,,true,true,GapTime_780,N/A,N/A,N/A,N/A,N/A,N/A
327,1770551954697,Sentence shown,LVL_103_P,true,,,N/A,N/A,N/A,N/A,N/A,N/A,N/A
327,1770551958706,gap_time,N/A,true,,,GapTime_996,N/A,N/A,N/A,N/A,N/A,N/A
327,1770551959704,Sentence shown,HF_97_A,,,,N/A,N/A,N/A,N/A,N/A,N/A,N/A
327,1770551963707,gap_time,N/A,,,,GapTime_1187,N/A,N/A,N/A,N/A,N/A,N/A
327,1770551964902,Sentence shown,HF_97_A,,true,true,N/A,N/A,N/A,N/A,N/A,N/A,N/A
327,1770551966650,Validation IR pressed,HF_97_A,,true,true,Spacebar,1,N/A,1747,N/A,N/A,N/A
327,1770551966650,IR pressed,HF_97_A,,true,true,Spacebar,1,N/A,1747,N/A,N/A,N/A
327,1770551967953,WR pressed,HF_97_A,,true,true,Yes,N/A,N/A,N/A,1303,N/A,N/A
327,1770551967953,gap_time,N/A,,true,true,GapTime_1084,N/A,N/A,N/A,N/A,N/A,N/A
327,1770551969045,Sentence shown,HF_87_A,,,,N/A,N/A,N/A,N/A,N/A,N/A,N/A
327,1770551973055,gap_time,N/A,,,,GapTime_893,N/A,N/A,N/A,N/A,N/A,N/A
327,1770551973954,Sentence shown,HF_87_A,,true,true,N/A,N/A,N/A,N/A,N/A,N/A,N/A
327,1770551975013,Validation IR pressed,HF_87_A,,true,true,Spacebar,1,N/A,1059,N/A,N/A,N/A
327,1770551975013,IR pressed,HF_87_A,,true,true,Spacebar,1,N/A,1059,N/A,N/A,N/A
327,1770551975310,WR pressed,HF_87_A,,true,true,Yes,N/A,N/A,N/A,296,N/A,N/A
327,1770551975310,gap_time,N/A,,true,true,GapTime_1074,N/A,N/A,N/A,N/A,N/A,N/A
327,1770551976391,Sentence shown,HVL_129_A,true,,true,N/A,N/A,N/A,N/A,N/A,N/A,N/A
327,1770551979630,IR pressed,HVL_129_A,true,,true,Spacebar,1,N/A,3239,N/A,N/A,N/A
327,1770551980662,WR pressed,HVL_129_A,true,,true,No,N/A,1,N/A,1032,N/A,N/A
327,1770551980663,gap_time,N/A,true,,true,GapTime_1067,N/A,N/A,N/A,N/A,N/A,N/A
327,1770551981732,Sentence shown,LVH_136_A,true,,,N/A,N/A,N/A,N/A,N/A,N/A,N/A
327,1770551985740,gap_time,N/A,true,,,GapTime_765,N/A,N/A,N/A,N/A,N/A,N/A
327,1770551986507,Sentence shown,HH_139_P,true,,,N/A,N/A,N/A,N/A,N/A,N/A,N/A
327,1770551990515,gap_time,N/A,true,,,GapTime_729,N/A,N/A,N/A,N/A,N/A,N/A
327,1770551991248,Sentence shown,HF_76_A,,,,N/A,N/A,N/A,N/A,N/A,N/A,N/A
327,1770551995248,gap_time,N/A,,,,GapTime_854,N/A,N/A,N/A,N/A,N/A,N/A
327,1770551996105,Sentence shown,HF_74_A,,,,N/A,N/A,N/A,N/A,N/A,N/A,N/A
327,1770552000107,gap_time,N/A,,,,GapTime_834,N/A,N/A,N/A,N/A,N/A,N/A
327,1770552000947,Sentence shown,LVL_103_A,true,,true,N/A,N/A,N/A,N/A,N/A,N/A,N/A
327,1770552004948,gap_time,N/A,true,,true,GapTime_1039,N/A,N/A,N/A,N/A,N/A,N/A
327,1770552005997,Sentence shown,HF_66_A,,,,N/A,N/A,N/A,N/A,N/A,N/A,N/A
327,1770552010005,gap_time,N/A,,,,GapTime_867,N/A,N/A,N/A,N/A,N/A,N/A
327,1770552010879,Sentence shown,HF_70_A,,,,N/A,N/A,N/A,N/A,N/A,N/A,N/A
327,1770552014880,gap_time,N/A,,,,GapTime_1288,N/A,N/A,N/A,N/A,N/A,N/A
327,1770552016170,Sentence shown,HF_70_A,,true,true,N/A,N/A,N/A,N/A,N/A,N/A,N/A
327,1770552017057,Validation IR pressed,HF_70_A,,true,true,Spacebar,1,N/A,886,N/A,N/A,N/A
327,1770552017057,IR pressed,HF_70_A,,true,true,Spacebar,1,N/A,886,N/A,N/A,N/A
327,1770552017408,WR pressed,HF_70_A,,true,true,Yes,N/A,N/A,N/A,351,N/A,N/A
327,1770552017409,gap_time,N/A,,true,true,GapTime_802,N/A,N/A,N/A,N/A,N/A,N/A
327,1770552018217,Sentence shown,HF_79_A,,,,N/A,N/A,N/A,N/A,N/A,N/A,N/A
327,1770552022226,gap_time,N/A,,,,GapTime_1063,N/A,N/A,N/A,N/A,N/A,N/A
327,1770552023291,Sentence shown,HH_139_A,true,,true,N/A,N/A,N/A,N/A,N/A,N/A,N/A
327,1770552024794,IR pressed,HH_139_A,true,,true,Spacebar,1,N/A,1503,N/A,N/A,N/A
327,1770552025046,WR pressed,HH_139_A,true,,true,No,N/A,1,N/A,252,N/A,N/A
327,1770552025046,gap_time,N/A,true,,true,GapTime_759,N/A,N/A,N/A,N/A,N/A,N/A
327,1770552025811,Sentence shown,HF_79_A,,true,true,N/A,N/A,N/A,N/A,N/A,N/A,N/A
327,1770552026868,Validation IR pressed,HF_79_A,,true,true,Spacebar,1,N/A,1057,N/A,N/A,N/A
327,1770552026868,IR pressed,HF_79_A,,true,true,Spacebar,1,N/A,1057,N/A,N/A,N/A
327,1770552027111,WR pressed,HF_79_A,,true,true,Yes,N/A,N/A,N/A,243,N/A,N/A
327,1770552027111,gap_time,N/A,,true,true,GapTime_949,N/A,N/A,N/A,N/A,N/A,N/A
327,1770552028066,Sentence shown,HF_91_A,,,,N/A,N/A,N/A,N/A,N/A,N/A,N/A
327,1770552032075,gap_time,N/A,,,,GapTime_878,N/A,N/A,N/A,N/A,N/A,N/A
327,1770552032957,Sentence shown,LVH_136_A,true,,true,N/A,N/A,N/A,N/A,N/A,N/A,N/A
327,1770552034107,IR pressed,LVH_136_A,true,,true,Spacebar,1,N/A,1150,N/A,N/A,N/A
327,1770552034412,WR pressed,LVH_136_A,true,,true,Yes,N/A,1,N/A,305,N/A,N/A
327,1770552034413,gap_time,N/A,true,,true,GapTime_1160,N/A,N/A,N/A,N/A,N/A,N/A
327,1770552035578,Sentence shown,HF_91_A,,true,true,N/A,N/A,N/A,N/A,N/A,N/A,N/A
327,1770552036578,Validation IR pressed,HF_91_A,,true,true,Spacebar,1,N/A,999,N/A,N/A,N/A
327,1770552036578,IR pressed,HF_91_A,,true,true,Spacebar,1,N/A,999,N/A,N/A,N/A
327,1770552036726,WR pressed,HF_91_A,,true,true,Yes,N/A,N/A,N/A,148,N/A,N/A
327,1770552036727,gap_time,N/A,,true,true,GapTime_1020,N/A,N/A,N/A,N/A,N/A,N/A
327,1770552037748,Sentence shown,HF_75_A,,,,N/A,N/A,N/A,N/A,N/A,N/A,N/A
327,1770552041749,gap_time,N/A,,,,GapTime_758,N/A,N/A,N/A,N/A,N/A,N/A
327,1770552042516,Sentence shown,LVL_124_A,true,,,N/A,N/A,N/A,N/A,N/A,N/A,N/A
327,1770552046524,gap_time,N/A,true,,,GapTime_1120,N/A,N/A,N/A,N/A,N/A,N/A
327,1770552047647,Sentence shown,HF_89_A,,,,N/A,N/A,N/A,N/A,N/A,N/A,N/A
327,1770552051649,gap_time,N/A,,,,GapTime_732,N/A,N/A,N/A,N/A,N/A,N/A
327,1770552052389,Sentence shown,HF_81_A,,,,N/A,N/A,N/A,N/A,N/A,N/A,N/A
327,1770552056390,gap_time,N/A,,,,GapTime_817,N/A,N/A,N/A,N/A,N/A,N/A
327,1770552057214,Sentence shown,HH_140_A,true,,,N/A,N/A,N/A,N/A,N/A,N/A,N/A
327,1770552061215,gap_time,N/A,true,,,GapTime_833,N/A,N/A,N/A,N/A,N/A,N/A
327,1770552062055,Sentence shown,LVL_124_A,true,,true,N/A,N/A,N/A,N/A,N/A,N/A,N/A
327,1770552063532,IR pressed,LVL_124_A,true,,true,Spacebar,1,N/A,1477,N/A,N/A,N/A
327,1770552063766,WR pressed,LVL_124_A,true,,true,Yes,N/A,1,N/A,234,N/A,N/A
327,1770552063768,gap_time,N/A,true,,true,GapTime_1226,N/A,N/A,N/A,N/A,N/A,N/A
327,1770552065000,Sentence shown,HF_81_A,,true,true,N/A,N/A,N/A,N/A,N/A,N/A,N/A
327,1770552066242,Validation IR pressed,HF_81_A,,true,true,Spacebar,1,N/A,1242,N/A,N/A,N/A
327,1770552066242,IR pressed,HF_81_A,,true,true,Spacebar,1,N/A,1242,N/A,N/A,N/A
327,1770552066539,WR pressed,HF_81_A,,true,true,Yes,N/A,N/A,N/A,297,N/A,N/A
327,1770552066540,gap_time,N/A,,true,true,GapTime_856,N/A,N/A,N/A,N/A,N/A,N/A
327,1770552067405,Sentence shown,HVL_110_A,true,,,N/A,N/A,N/A,N/A,N/A,N/A,N/A
327,1770552071413,gap_time,N/A,true,,,GapTime_1110,N/A,N/A,N/A,N/A,N/A,N/A
327,1770552072528,Sentence shown,LVL_106_P,true,,,N/A,N/A,N/A,N/A,N/A,N/A,N/A
327,1770552076529,gap_time,N/A,true,,,GapTime_860,N/A,N/A,N/A,N/A,N/A,N/A
327,1770552077395,Sentence shown,HF_84_A,,,,N/A,N/A,N/A,N/A,N/A,N/A,N/A
327,1770552081396,gap_time,N/A,,,,GapTime_891,N/A,N/A,N/A,N/A,N/A,N/A
327,1770552082293,Sentence shown,LVH_118_P,true,,,N/A,N/A,N/A,N/A,N/A,N/A,N/A
327,1770552086295,gap_time,N/A,true,,,GapTime_1043,N/A,N/A,N/A,N/A,N/A,N/A
327,1770552087343,Sentence shown,LVH_100_A,true,,,N/A,N/A,N/A,N/A,N/A,N/A,N/A
327,1770552091345,gap_time,N/A,true,,,GapTime_1222,N/A,N/A,N/A,N/A,N/A,N/A
327,1770552092568,Sentence shown,HF_83_A,,,,N/A,N/A,N/A,N/A,N/A,N/A,N/A
327,1770552096569,gap_time,N/A,,,,GapTime_1196,N/A,N/A,N/A,N/A,N/A,N/A
327,1770552097766,Sentence shown,HF_93_A,,,,N/A,N/A,N/A,N/A,N/A,N/A,N/A
327,1770552101768,gap_time,N/A,,,,GapTime_707,N/A,N/A,N/A,N/A,N/A,N/A
327,1770552102483,Sentence shown,HVL_110_A,true,,true,N/A,N/A,N/A,N/A,N/A,N/A,N/A
327,1770552104451,IR pressed,HVL_110_A,true,,true,Spacebar,1,N/A,1968,N/A,N/A,N/A
327,1770552104966,WR pressed,HVL_110_A,true,,true,Yes,N/A,1,N/A,515,N/A,N/A
327,1770552104966,gap_time,N/A,true,,true,GapTime_848,N/A,N/A,N/A,N/A,N/A,N/A
327,1770552105819,Sentence shown,HH_140_P,true,,true,N/A,N/A,N/A,N/A,N/A,N/A,N/A
327,1770552107690,IR pressed,HH_140_P,true,,true,Spacebar,1,N/A,1871,N/A,N/A,N/A
327,1770552108215,WR pressed,HH_140_P,true,,true,No,N/A,1,N/A,525,N/A,N/A
327,1770552108215,gap_time,N/A,true,,true,GapTime_1018,N/A,N/A,N/A,N/A,N/A,N/A
327,1770552109239,Sentence shown,HF_80_A,,,,N/A,N/A,N/A,N/A,N/A,N/A,N/A
327,1770552113239,gap_time,N/A,,,,GapTime_1103,N/A,N/A,N/A,N/A,N/A,N/A
327,1770552114345,Sentence shown,LVL_106_P,true,,true,N/A,N/A,N/A,N/A,N/A,N/A,N/A
327,1770552117354,IR pressed,LVL_106_P,true,,true,Spacebar,1,N/A,3009,N/A,N/A,N/A
327,1770552120127,WR pressed,LVL_106_P,true,,true,Yes,N/A,1,N/A,2773,N/A,N/A
327,1770552120128,gap_time,N/A,true,,true,GapTime_1218,N/A,N/A,N/A,N/A,N/A,N/A
327,1770552121349,Sentence shown,HF_73_A,,,,N/A,N/A,N/A,N/A,N/A,N/A,N/A
327,1770552125351,gap_time,N/A,,,,GapTime_917,N/A,N/A,N/A,N/A,N/A,N/A
327,1770552126275,Sentence shown,HF_78_A,,,,N/A,N/A,N/A,N/A,N/A,N/A,N/A
327,1770552130284,gap_time,N/A,,,,GapTime_1244,N/A,N/A,N/A,N/A,N/A,N/A
327,1770552131532,Sentence shown,LVH_118_P,true,,true,N/A,N/A,N/A,N/A,N/A,N/A,N/A
327,1770552133824,IR pressed,LVH_118_P,true,,true,Spacebar,1,N/A,2292,N/A,N/A,N/A
327,1770552135111,WR pressed,LVH_118_P,true,,true,No,N/A,0,N/A,1287,N/A,N/A
327,1770552135112,gap_time,N/A,true,,true,GapTime_1097,N/A,N/A,N/A,N/A,N/A,N/A
327,1770552136216,Sentence shown,HF_78_A,,true,true,N/A,N/A,N/A,N/A,N/A,N/A,N/A
327,1770552137238,Validation IR pressed,HF_78_A,,true,true,Spacebar,1,N/A,1022,N/A,N/A,N/A
327,1770552137238,IR pressed,HF_78_A,,true,true,Spacebar,1,N/A,1022,N/A,N/A,N/A
327,1770552137443,WR pressed,HF_78_A,,true,true,Yes,N/A,N/A,N/A,205,N/A,N/A
327,1770552137443,gap_time,N/A,,true,true,GapTime_923,N/A,N/A,N/A,N/A,N/A,N/A
327,1770552138370,Sentence shown,HF_73_A,,true,true,N/A,N/A,N/A,N/A,N/A,N/A,N/A
327,1770552139319,Validation IR pressed,HF_73_A,,true,true,Spacebar,1,N/A,949,N/A,N/A,N/A
327,1770552139319,IR pressed,HF_73_A,,true,true,Spacebar,1,N/A,949,N/A,N/A,N/A
327,1770552139460,WR pressed,HF_73_A,,true,true,Yes,N/A,N/A,N/A,141,N/A,N/A
327,1770552139460,gap_time,N/A,,true,true,GapTime_1205,N/A,N/A,N/A,N/A,N/A,N/A
327,1770552140674,Sentence shown,LVH_100_P,true,,true,N/A,N/A,N/A,N/A,N/A,N/A,N/A
327,1770552141902,IR pressed,LVH_100_P,true,,true,Spacebar,1,N/A,1228,N/A,N/A,N/A
327,1770552142042,WR pressed,LVH_100_P,true,,true,Yes,N/A,0,N/A,140,N/A,N/A
327,1770552142043,gap_time,N/A,true,,true,GapTime_915,N/A,N/A,N/A,N/A,N/A,N/A
327,1770552142962,Sentence shown,HF_77_A,,,,N/A,N/A,N/A,N/A,N/A,N/A,N/A
327,1770552146962,gap_time,N/A,,,,GapTime_924,N/A,N/A,N/A,N/A,N/A,N/A
327,1770552147895,Sentence shown,HH_138_P,true,,,N/A,N/A,N/A,N/A,N/A,N/A,N/A
327,1770552151904,gap_time,N/A,true,,,GapTime_991,N/A,N/A,N/A,N/A,N/A,N/A
327,1770552152902,Sentence shown,HF_90_A,,,,N/A,N/A,N/A,N/A,N/A,N/A,N/A
327,1770552156904,gap_time,N/A,,,,GapTime_1284,N/A,N/A,N/A,N/A,N/A,N/A
327,1770552158193,Sentence shown,HF_77_A,,true,true,N/A,N/A,N/A,N/A,N/A,N/A,N/A
327,1770552159318,Validation IR pressed,HF_77_A,,true,true,Spacebar,1,N/A,1125,N/A,N/A,N/A
327,1770552159318,IR pressed,HF_77_A,,true,true,Spacebar,1,N/A,1125,N/A,N/A,N/A
327,1770552159354,WR pressed,HF_77_A,,true,true,Yes,N/A,N/A,N/A,36,N/A,N/A
327,1770552159355,gap_time,N/A,,true,true,GapTime_827,N/A,N/A,N/A,N/A,N/A,N/A
327,1770552160190,Sentence shown,HF_67_A,,,,N/A,N/A,N/A,N/A,N/A,N/A,N/A
327,1770552164191,gap_time,N/A,,,,GapTime_1267,N/A,N/A,N/A,N/A,N/A,N/A
327,1770552165463,Sentence shown,HF_92_A,,,,N/A,N/A,N/A,N/A,N/A,N/A,N/A
327,1770552169464,gap_time,N/A,,,,GapTime_905,N/A,N/A,N/A,N/A,N/A,N/A
327,1770552170372,Sentence shown,HH_138_P,true,,true,N/A,N/A,N/A,N/A,N/A,N/A,N/A
327,1770552172201,IR pressed,HH_138_P,true,,true,Spacebar,1,N/A,1829,N/A,N/A,N/A
327,1770552172630,WR pressed,HH_138_P,true,,true,Yes,N/A,1,N/A,429,N/A,N/A
327,1770552172630,gap_time,N/A,true,,true,GapTime_743,N/A,N/A,N/A,N/A,N/A,N/A
327,1770552173374,Sentence shown,HVL_139_P,true,,,N/A,N/A,N/A,N/A,N/A,N/A,N/A
327,1770552177377,gap_time,N/A,true,,,GapTime_920,N/A,N/A,N/A,N/A,N/A,N/A
327,1770552178299,Sentence shown,LVH_152_P,true,,,N/A,N/A,N/A,N/A,N/A,N/A,N/A
327,1770552182308,gap_time,N/A,true,,,GapTime_991,N/A,N/A,N/A,N/A,N/A,N/A
327,1770552183307,Sentence shown,HF_85_A,,,,N/A,N/A,N/A,N/A,N/A,N/A,N/A
327,1770552187316,gap_time,N/A,,,,GapTime_796,N/A,N/A,N/A,N/A,N/A,N/A
327,1770552188115,Sentence shown,HF_82_A,,,,N/A,N/A,N/A,N/A,N/A,N/A,N/A
327,1770552192117,gap_time,N/A,,,,GapTime_931,N/A,N/A,N/A,N/A,N/A,N/A
327,1770552193057,Sentence shown,HF_72_A,,,,N/A,N/A,N/A,N/A,N/A,N/A,N/A
327,1770552197065,gap_time,N/A,,,,GapTime_896,N/A,N/A,N/A,N/A,N/A,N/A
327,1770552197965,Sentence shown,HVL_139_P,true,,true,N/A,N/A,N/A,N/A,N/A,N/A,N/A
327,1770552198934,IR pressed,HVL_139_P,true,,true,Spacebar,1,N/A,969,N/A,N/A,N/A
327,1770552199205,WR pressed,HVL_139_P,true,,true,Yes,N/A,1,N/A,271,N/A,N/A
327,1770552199205,gap_time,N/A,true,,true,GapTime_771,N/A,N/A,N/A,N/A,N/A,N/A
327,1770552199978,Sentence shown,LVH_152_A,true,,true,N/A,N/A,N/A,N/A,N/A,N/A,N/A
327,1770552200908,IR pressed,LVH_152_A,true,,true,Spacebar,1,N/A,930,N/A,N/A,N/A
327,1770552201146,WR pressed,LVH_152_A,true,,true,Yes,N/A,0,N/A,238,N/A,N/A
327,1770552201147,gap_time,N/A,true,,true,GapTime_836,N/A,N/A,N/A,N/A,N/A,N/A
327,1770552201991,Sentence shown,HF_94_A,,,,N/A,N/A,N/A,N/A,N/A,N/A,N/A
327,1770552205991,gap_time,N/A,,,,GapTime_859,N/A,N/A,N/A,N/A,N/A,N/A
327,1770552206857,Sentence shown,HF_71_A,,,,N/A,N/A,N/A,N/A,N/A,N/A,N/A
327,1770552210857,gap_time,N/A,,,,GapTime_852,N/A,N/A,N/A,N/A,N/A,N/A
327,1770552211715,Sentence shown,HF_86_A,,,,N/A,N/A,N/A,N/A,N/A,N/A,N/A
327,1770552215724,gap_time,N/A,,,,GapTime_1110,N/A,N/A,N/A,N/A,N/A,N/A
327,1770552216839,Sentence shown,HF_69_A,,,,N/A,N/A,N/A,N/A,N/A,N/A,N/A
327,1770552220848,gap_time,N/A,,,,GapTime_1073,N/A,N/A,N/A,N/A,N/A,N/A
327,1770552221930,Sentence shown,HF_68_A,,,,N/A,N/A,N/A,N/A,N/A,N/A,N/A
327,1770552225939,gap_time,N/A,,,,GapTime_851,N/A,N/A,N/A,N/A,N/A,N/A
327,1770552226796,Sentence shown,HF_88_A,,,,N/A,N/A,N/A,N/A,N/A,N/A,N/A
327,1770552230797,gap_time,N/A,,,,GapTime_1125,N/A,N/A,N/A,N/A,N/A,N/A
327,1770552231928,Sentence shown,HH_173_A,true,,,N/A,N/A,N/A,N/A,N/A,N/A,N/A
327,1770552235930,gap_time,N/A,true,,,GapTime_1280,N/A,N/A,N/A,N/A,N/A,N/A
327,1770552237211,Sentence shown,HVL_112_A,true,,,N/A,N/A,N/A,N/A,N/A,N/A,N/A
327,1770552241212,gap_time,N/A,true,,,GapTime_1255,N/A,N/A,N/A,N/A,N/A,N/A
327,1770552242468,Sentence shown,LVL_100_A,true,,,N/A,N/A,N/A,N/A,N/A,N/A,N/A
327,1770552246469,gap_time,N/A,true,,,GapTime_1176,N/A,N/A,N/A,N/A,N/A,N/A
327,1770552247651,Sentence shown,HH_173_A,true,,true,N/A,N/A,N/A,N/A,N/A,N/A,N/A
327,1770552248888,IR pressed,HH_173_A,true,,true,Spacebar,1,N/A,1236,N/A,N/A,N/A
327,1770552249089,WR pressed,HH_173_A,true,,true,Yes,N/A,1,N/A,201,N/A,N/A
327,1770552249090,gap_time,N/A,true,,true,GapTime_841,N/A,N/A,N/A,N/A,N/A,N/A
327,1770552249939,Sentence shown,HVL_112_P,true,,true,N/A,N/A,N/A,N/A,N/A,N/A,N/A
327,1770552251839,IR pressed,HVL_112_P,true,,true,Spacebar,1,N/A,1899,N/A,N/A,N/A
327,1770552253476,WR pressed,HVL_112_P,true,,true,No,N/A,1,N/A,1637,N/A,N/A
327,1770552253476,gap_time,N/A,true,,true,GapTime_1011,N/A,N/A,N/A,N/A,N/A,N/A
327,1770552254489,Sentence shown,LVL_100_P,true,,true,N/A,N/A,N/A,N/A,N/A,N/A,N/A
327,1770552257043,IR pressed,LVL_100_P,true,,true,Spacebar,1,N/A,2554,N/A,N/A,N/A
327,1770552257350,WR pressed,LVL_100_P,true,,true,Yes,N/A,0,N/A,307,N/A,N/A
327,1770552257351,gap_time,N/A,true,,true,GapTime_1158,N/A,N/A,N/A,N/A,N/A,N/A
