participant_ID,Timestamp,Event,Stimulus,isTarget,isValidation,isRepeat,Button,Accuracy IR,Accuracy WR,Reaction_time_IR,Reaction_time_WR,CR_IR,CR_WR
340,1770556801215,Practice Sentence shown,HH_124_A,true,,,N/A,N/A,N/A,N/A,N/A,N/A,N/A
340,1770556806718,Practice Sentence shown,HL_70_A,,,,N/A,N/A,N/A,N/A,N/A,N/A,N/A
340,1770556812221,Practice Sentence shown,HH_131_A,true,,,N/A,N/A,N/A,N/A,N/A,N/A,N/A
340,1770556817724,Practice Sentence shown,HH_102_A,true,,,N/A,N/A,N/A,N/A,N/A,N/A,N/A
340,1770556823227,Practice Sentence shown,HL_114_A,,,,N/A,N/A,N/A,N/A,N/A,N/A,N/A
340,1770556828729,Practice Sentence shown,HL_86_A,,,,N/A,N/A,N/A,N/A,N/A,N/A,N/A
340,1770556834231,Practice Sentence shown,HH_124_P,true,,true,N/A,N/A,N/A,N/A,N/A,N/A,N/A
340,1770556838232,Practice Missed,HH_124_P,true,,true,None,0,N/A,N/A,N/A,N/A,N/A
340,1770556845096,Practice Sentence shown,HL_91_A,,,,N/A,N/A,N/A,N/A,N/A,N/A,N/A
340,1770556847926,Practice IR pressed,HL_91_A,,,,Spacebar,0,N/A,2830,N/A,N/A,N/A
340,1770556850395,Practice Sentence shown,HL_73_A,,,,N/A,N/A,N/A,N/A,N/A,N/A,N/A
340,1770556855897,Practice Sentence shown,HH_131_A,true,,true,N/A,N/A,N/A,N/A,N/A,N/A,N/A
340,1770556857187,Practice IR pressed,HH_131_A,true,,true,Spacebar,1,N/A,1290,N/A,N/A,N/A
340,1770556858963,Practice WR pressed,HH_131_A,true,,true,Yes,N/A,1,N/A,1776,N/A,N/A
340,1770556860465,Practice Sentence shown,HH_119_A,true,,,N/A,N/A,N/A,N/A,N/A,N/A,N/A
340,1770556865967,Practice Sentence shown,HL_65_A,,,,N/A,N/A,N/A,N/A,N/A,N/A,N/A
340,1770556871469,Practice Sentence shown,HH_102_P,true,,true,N/A,N/A,N/A,N/A,N/A,N/A,N/A
340,1770556872970,Practice IR pressed,HH_102_P,true,,true,Spacebar,1,N/A,1501,N/A,N/A,N/A
340,1770556877743,Practice WR pressed,HH_102_P,true,,true,Yes,N/A,0,N/A,4773,N/A,N/A
340,1770556880282,Practice Sentence shown,HL_38_A,,,,N/A,N/A,N/A,N/A,N/A,N/A,N/A
340,1770556883375,Practice IR pressed,HL_38_A,,,,Spacebar,0,N/A,3092,N/A,N/A,N/A
340,1770556885916,Practice Sentence shown,HH_103_A,true,,,N/A,N/A,N/A,N/A,N/A,N/A,N/A
340,1770556889253,Practice IR pressed,HH_103_A,true,,,Spacebar,0,N/A,3337,N/A,N/A,N/A
340,1770556890770,Practice Sentence shown,HL_66_A,,,,N/A,N/A,N/A,N/A,N/A,N/A,N/A
340,1770556896273,Practice Sentence shown,HH_119_A,true,,true,N/A,N/A,N/A,N/A,N/A,N/A,N/A
340,1770556898069,Practice IR pressed,HH_119_A,true,,true,Spacebar,1,N/A,1796,N/A,N/A,N/A
340,1770556899200,Practice WR pressed,HH_119_A,true,,true,No,N/A,0,N/A,1131,N/A,N/A
340,1770556901621,Practice Sentence shown,HL_81_A,,,,N/A,N/A,N/A,N/A,N/A,N/A,N/A
340,1770556907124,Practice Sentence shown,HL_103_A,,,,N/A,N/A,N/A,N/A,N/A,N/A,N/A
340,1770556912626,Practice Sentence shown,HH_103_P,true,,true,N/A,N/A,N/A,N/A,N/A,N/A,N/A
340,1770556914268,Practice IR pressed,HH_103_P,true,,true,Spacebar,1,N/A,1641,N/A,N/A,N/A
340,1770556915066,Practice WR pressed,HH_103_P,true,,true,Yes,N/A,0,N/A,798,N/A,N/A
340,1770557019589,Practice Sentence shown,HL_18_A,,,,N/A,N/A,N/A,N/A,N/A,N/A,N/A
340,1770557025091,Practice Sentence shown,HH_100_A,true,,,N/A,N/A,N/A,N/A,N/A,N/A,N/A
340,1770557030594,Practice Sentence shown,HH_107_A,true,,,N/A,N/A,N/A,N/A,N/A,N/A,N/A
340,1770557036097,Practice Sentence shown,HH_114_A,true,,,N/A,N/A,N/A,N/A,N/A,N/A,N/A
340,1770557041599,Practice Sentence shown,HL_112_A,,,,N/A,N/A,N/A,N/A,N/A,N/A,N/A
340,1770557047102,Practice Sentence shown,HH_111_A,true,,,N/A,N/A,N/A,N/A,N/A,N/A,N/A
340,1770557052605,Practice Sentence shown,HH_113_A,true,,,N/A,N/A,N/A,N/A,N/A,N/A,N/A
340,1770557058107,Practice Sentence shown,HL_88_A,,,,N/A,N/A,N/A,N/A,N/A,N/A,N/A
340,1770557063610,Practice Sentence shown,HH_107_P,true,,true,N/A,N/A,N/A,N/A,N/A,N/A,N/A
340,1770557066502,Practice IR pressed,HH_107_P,true,,true,Spacebar,1,N/A,2892,N/A,N/A,N/A
340,1770557067798,Practice WR pressed,HH_107_P,true,,true,No,N/A,1,N/A,1296,N/A,N/A
340,1770557069299,Practice Sentence shown,HH_114_P,true,,true,N/A,N/A,N/A,N/A,N/A,N/A,N/A
340,1770557071399,Practice IR pressed,HH_114_P,true,,true,Spacebar,1,N/A,2100,N/A,N/A,N/A
340,1770557072230,Practice WR pressed,HH_114_P,true,,true,No,N/A,1,N/A,831,N/A,N/A
340,1770557073732,Practice Sentence shown,HL_76_A,,,,N/A,N/A,N/A,N/A,N/A,N/A,N/A
340,1770557079235,Practice Sentence shown,HH_100_A,true,,true,N/A,N/A,N/A,N/A,N/A,N/A,N/A
340,1770557082434,Practice IR pressed,HH_100_A,true,,true,Spacebar,1,N/A,3198,N/A,N/A,N/A
340,1770557085325,Practice WR pressed,HH_100_A,true,,true,No,N/A,0,N/A,2892,N/A,N/A
340,1770557088379,Practice Sentence shown,HL_29_A,,,,N/A,N/A,N/A,N/A,N/A,N/A,N/A
340,1770557093881,Practice Sentence shown,HH_111_P,true,,true,N/A,N/A,N/A,N/A,N/A,N/A,N/A
340,1770557097882,Practice Missed,HH_111_P,true,,true,None,0,N/A,N/A,N/A,N/A,N/A
340,1770557099913,Practice Sentence shown,HH_113_A,true,,true,N/A,N/A,N/A,N/A,N/A,N/A,N/A
340,1770557102114,Practice IR pressed,HH_113_A,true,,true,Spacebar,1,N/A,2201,N/A,N/A,N/A
340,1770557103208,Practice WR pressed,HH_113_A,true,,true,No,N/A,0,N/A,1094,N/A,N/A
340,1770557105027,Practice Sentence shown,HL_37_A,,,,N/A,N/A,N/A,N/A,N/A,N/A,N/A
340,1770557110529,Practice Sentence shown,HL_110_A,,,,N/A,N/A,N/A,N/A,N/A,N/A,N/A
340,1770557116031,Practice Sentence shown,HL_82_A,,,,N/A,N/A,N/A,N/A,N/A,N/A,N/A
340,1770557121534,Practice Sentence shown,HL_95_A,,,,N/A,N/A,N/A,N/A,N/A,N/A,N/A
340,1770557127036,Practice Sentence shown,HL_32_A,,,,N/A,N/A,N/A,N/A,N/A,N/A,N/A
340,1770557176283,Sentence shown,HF_18_A,,,,N/A,N/A,N/A,N/A,N/A,N/A,N/A
340,1770557180285,gap_time,N/A,,,,GapTime_1205,N/A,N/A,N/A,N/A,N/A,N/A
340,1770557181492,Sentence shown,LVH_118_P,true,,,N/A,N/A,N/A,N/A,N/A,N/A,N/A
340,1770557185493,gap_time,N/A,true,,,GapTime_941,N/A,N/A,N/A,N/A,N/A,N/A
340,1770557186436,Sentence shown,HF_18_A,,true,true,N/A,N/A,N/A,N/A,N/A,N/A,N/A
340,1770557187892,Validation IR pressed,HF_18_A,,true,true,Spacebar,1,N/A,1456,N/A,N/A,N/A
340,1770557187892,IR pressed,HF_18_A,,true,true,Spacebar,1,N/A,1456,N/A,N/A,N/A
340,1770557188794,WR pressed,HF_18_A,,true,true,Yes,N/A,N/A,N/A,902,N/A,N/A
340,1770557188795,gap_time,N/A,,true,true,GapTime_817,N/A,N/A,N/A,N/A,N/A,N/A
340,1770557189614,Sentence shown,HF_12_A,,,,N/A,N/A,N/A,N/A,N/A,N/A,N/A
340,1770557193615,gap_time,N/A,,,,GapTime_956,N/A,N/A,N/A,N/A,N/A,N/A
340,1770557194573,Sentence shown,HF_12_A,,true,true,N/A,N/A,N/A,N/A,N/A,N/A,N/A
340,1770557196026,Validation IR pressed,HF_12_A,,true,true,Spacebar,1,N/A,1453,N/A,N/A,N/A
340,1770557196026,IR pressed,HF_12_A,,true,true,Spacebar,1,N/A,1453,N/A,N/A,N/A
340,1770557196789,WR pressed,HF_12_A,,true,true,Yes,N/A,N/A,N/A,763,N/A,N/A
340,1770557196790,gap_time,N/A,,true,true,GapTime_1138,N/A,N/A,N/A,N/A,N/A,N/A
340,1770557197930,Sentence shown,HF_1_A,,,,N/A,N/A,N/A,N/A,N/A,N/A,N/A
340,1770557201931,gap_time,N/A,,,,GapTime_846,N/A,N/A,N/A,N/A,N/A,N/A
340,1770557202779,Sentence shown,HF_27_A,,,,N/A,N/A,N/A,N/A,N/A,N/A,N/A
340,1770557206780,gap_time,N/A,,,,GapTime_1255,N/A,N/A,N/A,N/A,N/A,N/A
340,1770557208036,Sentence shown,HF_2_A,,,,N/A,N/A,N/A,N/A,N/A,N/A,N/A
340,1770557212037,gap_time,N/A,,,,GapTime_1206,N/A,N/A,N/A,N/A,N/A,N/A
340,1770557213245,Sentence shown,LVH_146_A,true,,,N/A,N/A,N/A,N/A,N/A,N/A,N/A
340,1770557217246,gap_time,N/A,true,,,GapTime_997,N/A,N/A,N/A,N/A,N/A,N/A
340,1770557218245,Sentence shown,HF_2_A,,true,true,N/A,N/A,N/A,N/A,N/A,N/A,N/A
340,1770557219631,Validation IR pressed,HF_2_A,,true,true,Spacebar,1,N/A,1386,N/A,N/A,N/A
340,1770557219631,IR pressed,HF_2_A,,true,true,Spacebar,1,N/A,1386,N/A,N/A,N/A
340,1770557220773,WR pressed,HF_2_A,,true,true,Yes,N/A,N/A,N/A,1142,N/A,N/A
340,1770557220774,gap_time,N/A,,true,true,GapTime_809,N/A,N/A,N/A,N/A,N/A,N/A
340,1770557221585,Sentence shown,HF_4_A,,,,N/A,N/A,N/A,N/A,N/A,N/A,N/A
340,1770557225586,gap_time,N/A,,,,GapTime_1198,N/A,N/A,N/A,N/A,N/A,N/A
340,1770557226785,Sentence shown,LVH_118_A,true,,true,N/A,N/A,N/A,N/A,N/A,N/A,N/A
340,1770557228447,IR pressed,LVH_118_A,true,,true,Spacebar,1,N/A,1662,N/A,N/A,N/A
340,1770557229929,WR pressed,LVH_118_A,true,,true,No,N/A,1,N/A,1482,N/A,N/A
340,1770557229930,gap_time,N/A,true,,true,GapTime_761,N/A,N/A,N/A,N/A,N/A,N/A
340,1770557230692,Sentence shown,HF_4_A,,true,true,N/A,N/A,N/A,N/A,N/A,N/A,N/A
340,1770557232715,Validation IR pressed,HF_4_A,,true,true,Spacebar,1,N/A,2023,N/A,N/A,N/A
340,1770557232715,IR pressed,HF_4_A,,true,true,Spacebar,1,N/A,2023,N/A,N/A,N/A
340,1770557234493,WR pressed,HF_4_A,,true,true,Yes,N/A,N/A,N/A,1778,N/A,N/A
340,1770557234493,gap_time,N/A,,true,true,GapTime_752,N/A,N/A,N/A,N/A,N/A,N/A
340,1770557235247,Sentence shown,HH_145_A,true,,,N/A,N/A,N/A,N/A,N/A,N/A,N/A
340,1770557239248,gap_time,N/A,true,,,GapTime_855,N/A,N/A,N/A,N/A,N/A,N/A
340,1770557240105,Sentence shown,HF_10_A,,,,N/A,N/A,N/A,N/A,N/A,N/A,N/A
340,1770557244106,gap_time,N/A,,,,GapTime_1267,N/A,N/A,N/A,N/A,N/A,N/A
340,1770557245375,Sentence shown,HVL_101_A,true,,,N/A,N/A,N/A,N/A,N/A,N/A,N/A
340,1770557249376,gap_time,N/A,true,,,GapTime_729,N/A,N/A,N/A,N/A,N/A,N/A
340,1770557250107,Sentence shown,LVL_124_A,true,,,N/A,N/A,N/A,N/A,N/A,N/A,N/A
340,1770557254108,gap_time,N/A,true,,,GapTime_1103,N/A,N/A,N/A,N/A,N/A,N/A
340,1770557255213,Sentence shown,LVL_143_P,true,,,N/A,N/A,N/A,N/A,N/A,N/A,N/A
340,1770557259214,gap_time,N/A,true,,,GapTime_779,N/A,N/A,N/A,N/A,N/A,N/A
340,1770557259994,Sentence shown,HF_8_A,,,,N/A,N/A,N/A,N/A,N/A,N/A,N/A
340,1770557263995,gap_time,N/A,,,,GapTime_1242,N/A,N/A,N/A,N/A,N/A,N/A
340,1770557265239,Sentence shown,LVH_146_A,true,,true,N/A,N/A,N/A,N/A,N/A,N/A,N/A
340,1770557266825,IR pressed,LVH_146_A,true,,true,Spacebar,1,N/A,1586,N/A,N/A,N/A
340,1770557268011,WR pressed,LVH_146_A,true,,true,Yes,N/A,1,N/A,1186,N/A,N/A
340,1770557268011,gap_time,N/A,true,,true,GapTime_1276,N/A,N/A,N/A,N/A,N/A,N/A
340,1770557269289,Sentence shown,HF_23_A,,,,N/A,N/A,N/A,N/A,N/A,N/A,N/A
340,1770557273291,gap_time,N/A,,,,GapTime_1125,N/A,N/A,N/A,N/A,N/A,N/A
340,1770557274418,Sentence shown,HF_23_A,,true,true,N/A,N/A,N/A,N/A,N/A,N/A,N/A
340,1770557276148,Validation IR pressed,HF_23_A,,true,true,Spacebar,1,N/A,1730,N/A,N/A,N/A
340,1770557276148,IR pressed,HF_23_A,,true,true,Spacebar,1,N/A,1730,N/A,N/A,N/A
340,1770557277162,WR pressed,HF_23_A,,true,true,Yes,N/A,N/A,N/A,1014,N/A,N/A
340,1770557277162,gap_time,N/A,,true,true,GapTime_857,N/A,N/A,N/A,N/A,N/A,N/A
340,1770557278021,Sentence shown,HH_145_A,true,,true,N/A,N/A,N/A,N/A,N/A,N/A,N/A
340,1770557279938,IR pressed,HH_145_A,true,,true,Spacebar,1,N/A,1917,N/A,N/A,N/A
340,1770557283581,WR pressed,HH_145_A,true,,true,No,N/A,0,N/A,3643,N/A,N/A
340,1770557283581,gap_time,N/A,true,,true,GapTime_717,N/A,N/A,N/A,N/A,N/A,N/A
340,1770557284300,Sentence shown,HVL_157_P,true,,,N/A,N/A,N/A,N/A,N/A,N/A,N/A
340,1770557288301,gap_time,N/A,true,,,GapTime_1146,N/A,N/A,N/A,N/A,N/A,N/A
340,1770557289449,Sentence shown,HF_25_A,,,,N/A,N/A,N/A,N/A,N/A,N/A,N/A
340,1770557293450,gap_time,N/A,,,,GapTime_857,N/A,N/A,N/A,N/A,N/A,N/A
340,1770557294309,Sentence shown,HF_5_A,,,,N/A,N/A,N/A,N/A,N/A,N/A,N/A
340,1770557295718,Validation Wrong IR pressed,HF_5_A,,,,Spacebar,0,N/A,1409,N/A,N/A,N/A
340,1770557295718,IR pressed,HF_5_A,,,,Spacebar,0,N/A,1409,N/A,N/A,N/A
340,1770557297622,WR pressed,HF_5_A,,,,No,N/A,N/A,N/A,1904,N/A,N/A
340,1770557297623,gap_time,N/A,,,,GapTime_1030,N/A,N/A,N/A,N/A,N/A,N/A
340,1770557298653,Sentence shown,HF_25_A,,true,true,N/A,N/A,N/A,N/A,N/A,N/A,N/A
340,1770557300204,Validation IR pressed,HF_25_A,,true,true,Spacebar,1,N/A,1550,N/A,N/A,N/A
340,1770557300204,IR pressed,HF_25_A,,true,true,Spacebar,1,N/A,1550,N/A,N/A,N/A
340,1770557300994,WR pressed,HF_25_A,,true,true,Yes,N/A,N/A,N/A,790,N/A,N/A
340,1770557300994,gap_time,N/A,,true,true,GapTime_1112,N/A,N/A,N/A,N/A,N/A,N/A
340,1770557302108,Sentence shown,HVL_101_A,true,,true,N/A,N/A,N/A,N/A,N/A,N/A,N/A
340,1770557303576,IR pressed,HVL_101_A,true,,true,Spacebar,1,N/A,1468,N/A,N/A,N/A
340,1770557304236,WR pressed,HVL_101_A,true,,true,Yes,N/A,1,N/A,660,N/A,N/A
340,1770557304236,gap_time,N/A,true,,true,GapTime_727,N/A,N/A,N/A,N/A,N/A,N/A
340,1770557304965,Sentence shown,HF_20_A,,,,N/A,N/A,N/A,N/A,N/A,N/A,N/A
340,1770557308966,gap_time,N/A,,,,GapTime_801,N/A,N/A,N/A,N/A,N/A,N/A
340,1770557309769,Sentence shown,LVL_124_P,true,,true,N/A,N/A,N/A,N/A,N/A,N/A,N/A
340,1770557311182,IR pressed,LVL_124_P,true,,true,Spacebar,1,N/A,1413,N/A,N/A,N/A
340,1770557313559,WR pressed,LVL_124_P,true,,true,No,N/A,1,N/A,2377,N/A,N/A
340,1770557313560,gap_time,N/A,true,,true,GapTime_869,N/A,N/A,N/A,N/A,N/A,N/A
340,1770557314430,Sentence shown,LVL_129_A,true,,,N/A,N/A,N/A,N/A,N/A,N/A,N/A
340,1770557318432,gap_time,N/A,true,,,GapTime_1247,N/A,N/A,N/A,N/A,N/A,N/A
340,1770557319681,Sentence shown,LVL_143_A,true,,true,N/A,N/A,N/A,N/A,N/A,N/A,N/A
340,1770557321346,IR pressed,LVL_143_A,true,,true,Spacebar,1,N/A,1665,N/A,N/A,N/A
340,1770557323760,WR pressed,LVL_143_A,true,,true,No,N/A,1,N/A,2414,N/A,N/A
340,1770557323760,gap_time,N/A,true,,true,GapTime_1015,N/A,N/A,N/A,N/A,N/A,N/A
340,1770557324777,Sentence shown,HF_16_A,,,,N/A,N/A,N/A,N/A,N/A,N/A,N/A
340,1770557326600,Validation Wrong IR pressed,HF_16_A,,,,Spacebar,0,N/A,1823,N/A,N/A,N/A
340,1770557326600,IR pressed,HF_16_A,,,,Spacebar,0,N/A,1823,N/A,N/A,N/A
340,1770557327857,WR pressed,HF_16_A,,,,No,N/A,N/A,N/A,1257,N/A,N/A
340,1770557327857,gap_time,N/A,,,,GapTime_1083,N/A,N/A,N/A,N/A,N/A,N/A
340,1770557328942,Sentence shown,HVL_157_A,true,,true,N/A,N/A,N/A,N/A,N/A,N/A,N/A
340,1770557331430,IR pressed,HVL_157_A,true,,true,Spacebar,1,N/A,2488,N/A,N/A,N/A
340,1770557332881,WR pressed,HVL_157_A,true,,true,Yes,N/A,0,N/A,1451,N/A,N/A
340,1770557332882,gap_time,N/A,true,,true,GapTime_1073,N/A,N/A,N/A,N/A,N/A,N/A
340,1770557333956,Sentence shown,HF_9_A,,,,N/A,N/A,N/A,N/A,N/A,N/A,N/A
340,1770557337957,gap_time,N/A,,,,GapTime_869,N/A,N/A,N/A,N/A,N/A,N/A
340,1770557338828,Sentence shown,HVL_116_A,true,,,N/A,N/A,N/A,N/A,N/A,N/A,N/A
340,1770557342829,gap_time,N/A,true,,,GapTime_1113,N/A,N/A,N/A,N/A,N/A,N/A
340,1770557343944,Sentence shown,HF_30_A,,,,N/A,N/A,N/A,N/A,N/A,N/A,N/A
340,1770557347946,gap_time,N/A,,,,GapTime_832,N/A,N/A,N/A,N/A,N/A,N/A
340,1770557348780,Sentence shown,HF_28_A,,,,N/A,N/A,N/A,N/A,N/A,N/A,N/A
340,1770557352781,gap_time,N/A,,,,GapTime_720,N/A,N/A,N/A,N/A,N/A,N/A
340,1770557353503,Sentence shown,HF_15_A,,,,N/A,N/A,N/A,N/A,N/A,N/A,N/A
340,1770557357504,gap_time,N/A,,,,GapTime_879,N/A,N/A,N/A,N/A,N/A,N/A
340,1770557358384,Sentence shown,HF_7_A,,,,N/A,N/A,N/A,N/A,N/A,N/A,N/A
340,1770557362385,gap_time,N/A,,,,GapTime_1198,N/A,N/A,N/A,N/A,N/A,N/A
340,1770557363585,Sentence shown,LVL_129_A,true,,true,N/A,N/A,N/A,N/A,N/A,N/A,N/A
340,1770557364902,IR pressed,LVL_129_A,true,,true,Spacebar,1,N/A,1317,N/A,N/A,N/A
340,1770557365708,WR pressed,LVL_129_A,true,,true,Yes,N/A,1,N/A,805,N/A,N/A
340,1770557365708,gap_time,N/A,true,,true,GapTime_1282,N/A,N/A,N/A,N/A,N/A,N/A
340,1770557366992,Sentence shown,HF_32_A,,,,N/A,N/A,N/A,N/A,N/A,N/A,N/A
340,1770557368710,Validation Wrong IR pressed,HF_32_A,,,,Spacebar,0,N/A,1718,N/A,N/A,N/A
340,1770557368710,IR pressed,HF_32_A,,,,Spacebar,0,N/A,1718,N/A,N/A,N/A
340,1770557369424,WR pressed,HF_32_A,,,,Yes,N/A,N/A,N/A,714,N/A,N/A
340,1770557369425,gap_time,N/A,,,,GapTime_1103,N/A,N/A,N/A,N/A,N/A,N/A
340,1770557370529,Sentence shown,HF_11_A,,,,N/A,N/A,N/A,N/A,N/A,N/A,N/A
340,1770557373053,Validation Wrong IR pressed,HF_11_A,,,,Spacebar,0,N/A,2524,N/A,N/A,N/A
340,1770557373053,IR pressed,HF_11_A,,,,Spacebar,0,N/A,2524,N/A,N/A,N/A
340,1770557373969,WR pressed,HF_11_A,,,,No,N/A,N/A,N/A,916,N/A,N/A
340,1770557373970,gap_time,N/A,,,,GapTime_796,N/A,N/A,N/A,N/A,N/A,N/A
340,1770557374768,Sentence shown,HH_140_P,true,,,N/A,N/A,N/A,N/A,N/A,N/A,N/A
340,1770557378769,gap_time,N/A,true,,,GapTime_1027,N/A,N/A,N/A,N/A,N/A,N/A
340,1770557379797,Sentence shown,HVL_116_P,true,,true,N/A,N/A,N/A,N/A,N/A,N/A,N/A
340,1770557381286,IR pressed,HVL_116_P,true,,true,Spacebar,1,N/A,1489,N/A,N/A,N/A
340,1770557382048,WR pressed,HVL_116_P,true,,true,No,N/A,1,N/A,762,N/A,N/A
340,1770557382049,gap_time,N/A,true,,true,GapTime_934,N/A,N/A,N/A,N/A,N/A,N/A
340,1770557382984,Sentence shown,LVH_116_P,true,,,N/A,N/A,N/A,N/A,N/A,N/A,N/A
340,1770557386985,gap_time,N/A,true,,,GapTime_1196,N/A,N/A,N/A,N/A,N/A,N/A
340,1770557388183,Sentence shown,LVL_115_P,true,,,N/A,N/A,N/A,N/A,N/A,N/A,N/A
340,1770557392184,gap_time,N/A,true,,,GapTime_1042,N/A,N/A,N/A,N/A,N/A,N/A
340,1770557393228,Sentence shown,HH_175_P,true,,,N/A,N/A,N/A,N/A,N/A,N/A,N/A
340,1770557397229,gap_time,N/A,true,,,GapTime_922,N/A,N/A,N/A,N/A,N/A,N/A
340,1770557398153,Sentence shown,HF_31_A,,,,N/A,N/A,N/A,N/A,N/A,N/A,N/A
340,1770557402154,gap_time,N/A,,,,GapTime_809,N/A,N/A,N/A,N/A,N/A,N/A
340,1770557402965,Sentence shown,HF_19_A,,,,N/A,N/A,N/A,N/A,N/A,N/A,N/A
340,1770557406966,gap_time,N/A,,,,GapTime_856,N/A,N/A,N/A,N/A,N/A,N/A
340,1770557407824,Sentence shown,HF_22_A,,,,N/A,N/A,N/A,N/A,N/A,N/A,N/A
340,1770557411825,gap_time,N/A,,,,GapTime_765,N/A,N/A,N/A,N/A,N/A,N/A
340,1770557412592,Sentence shown,HH_140_P,true,,true,N/A,N/A,N/A,N/A,N/A,N/A,N/A
340,1770557414202,IR pressed,HH_140_P,true,,true,Spacebar,1,N/A,1610,N/A,N/A,N/A
340,1770557417036,WR pressed,HH_140_P,true,,true,Yes,N/A,1,N/A,2834,N/A,N/A
340,1770557417036,gap_time,N/A,true,,true,GapTime_724,N/A,N/A,N/A,N/A,N/A,N/A
340,1770557417761,Sentence shown,LVL_115_P,true,,true,N/A,N/A,N/A,N/A,N/A,N/A,N/A
340,1770557420753,IR pressed,LVL_115_P,true,,true,Spacebar,1,N/A,2992,N/A,N/A,N/A
340,1770557422132,WR pressed,LVL_115_P,true,,true,No,N/A,0,N/A,1379,N/A,N/A
340,1770557422133,gap_time,N/A,true,,true,GapTime_781,N/A,N/A,N/A,N/A,N/A,N/A
340,1770557422916,Sentence shown,HF_26_A,,,,N/A,N/A,N/A,N/A,N/A,N/A,N/A
340,1770557426733,Validation Wrong IR pressed,HF_26_A,,,,Spacebar,0,N/A,3816,N/A,N/A,N/A
340,1770557426733,IR pressed,HF_26_A,,,,Spacebar,0,N/A,3816,N/A,N/A,N/A
340,1770557430148,WR pressed,HF_26_A,,,,No,N/A,N/A,N/A,3415,N/A,N/A
340,1770557430149,gap_time,N/A,,,,GapTime_756,N/A,N/A,N/A,N/A,N/A,N/A
340,1770557430906,Sentence shown,LVH_116_P,true,,true,N/A,N/A,N/A,N/A,N/A,N/A,N/A
340,1770557432827,IR pressed,LVH_116_P,true,,true,Spacebar,1,N/A,1921,N/A,N/A,N/A
340,1770557435629,WR pressed,LVH_116_P,true,,true,Yes,N/A,1,N/A,2802,N/A,N/A
340,1770557435630,gap_time,N/A,true,,true,GapTime_854,N/A,N/A,N/A,N/A,N/A,N/A
340,1770557436485,Sentence shown,HF_17_A,,,,N/A,N/A,N/A,N/A,N/A,N/A,N/A
340,1770557439597,Validation Wrong IR pressed,HF_17_A,,,,Spacebar,0,N/A,3112,N/A,N/A,N/A
340,1770557439597,IR pressed,HF_17_A,,,,Spacebar,0,N/A,3112,N/A,N/A,N/A
340,1770557441203,WR pressed,HF_17_A,,,,No,N/A,N/A,N/A,1606,N/A,N/A
340,1770557441204,gap_time,N/A,,,,GapTime_1021,N/A,N/A,N/A,N/A,N/A,N/A
340,1770557442226,Sentence shown,HF_13_A,,,,N/A,N/A,N/A,N/A,N/A,N/A,N/A
340,1770557446227,gap_time,N/A,,,,GapTime_926,N/A,N/A,N/A,N/A,N/A,N/A
340,1770557447155,Sentence shown,HF_13_A,,true,true,N/A,N/A,N/A,N/A,N/A,N/A,N/A
340,1770557448367,Validation IR pressed,HF_13_A,,true,true,Spacebar,1,N/A,1212,N/A,N/A,N/A
340,1770557448367,IR pressed,HF_13_A,,true,true,Spacebar,1,N/A,1212,N/A,N/A,N/A
340,1770557449067,WR pressed,HF_13_A,,true,true,Yes,N/A,N/A,N/A,700,N/A,N/A
340,1770557449068,gap_time,N/A,,true,true,GapTime_1194,N/A,N/A,N/A,N/A,N/A,N/A
340,1770557450264,Sentence shown,HF_29_A,,,,N/A,N/A,N/A,N/A,N/A,N/A,N/A
340,1770557454265,gap_time,N/A,,,,GapTime_1091,N/A,N/A,N/A,N/A,N/A,N/A
340,1770557455358,Sentence shown,HF_29_A,,true,true,N/A,N/A,N/A,N/A,N/A,N/A,N/A
340,1770557456526,Validation IR pressed,HF_29_A,,true,true,Spacebar,1,N/A,1168,N/A,N/A,N/A
340,1770557456526,IR pressed,HF_29_A,,true,true,Spacebar,1,N/A,1168,N/A,N/A,N/A
340,1770557456922,WR pressed,HF_29_A,,true,true,Yes,N/A,N/A,N/A,396,N/A,N/A
340,1770557456923,gap_time,N/A,,true,true,GapTime_785,N/A,N/A,N/A,N/A,N/A,N/A
340,1770557457710,Sentence shown,HH_175_A,true,,true,N/A,N/A,N/A,N/A,N/A,N/A,N/A
340,1770557459898,IR pressed,HH_175_A,true,,true,Spacebar,1,N/A,2188,N/A,N/A,N/A
340,1770557460594,WR pressed,HH_175_A,true,,true,No,N/A,1,N/A,696,N/A,N/A
340,1770557460595,gap_time,N/A,true,,true,GapTime_1164,N/A,N/A,N/A,N/A,N/A,N/A
340,1770557461761,Sentence shown,HF_24_A,,,,N/A,N/A,N/A,N/A,N/A,N/A,N/A
340,1770557465763,gap_time,N/A,,,,GapTime_1199,N/A,N/A,N/A,N/A,N/A,N/A
340,1770557466963,Sentence shown,HF_6_A,,,,N/A,N/A,N/A,N/A,N/A,N/A,N/A
340,1770557469989,Validation Wrong IR pressed,HF_6_A,,,,Spacebar,0,N/A,3026,N/A,N/A,N/A
340,1770557469989,IR pressed,HF_6_A,,,,Spacebar,0,N/A,3026,N/A,N/A,N/A
340,1770557470985,WR pressed,HF_6_A,,,,No,N/A,N/A,N/A,996,N/A,N/A
340,1770557470986,gap_time,N/A,,,,GapTime_1290,N/A,N/A,N/A,N/A,N/A,N/A
340,1770557472277,Sentence shown,HF_14_A,,,,N/A,N/A,N/A,N/A,N/A,N/A,N/A
340,1770557476279,gap_time,N/A,,,,GapTime_1042,N/A,N/A,N/A,N/A,N/A,N/A
340,1770557477322,Sentence shown,HF_14_A,,true,true,N/A,N/A,N/A,N/A,N/A,N/A,N/A
340,1770557478593,Validation IR pressed,HF_14_A,,true,true,Spacebar,1,N/A,1271,N/A,N/A,N/A
340,1770557478593,IR pressed,HF_14_A,,true,true,Spacebar,1,N/A,1271,N/A,N/A,N/A
340,1770557479589,WR pressed,HF_14_A,,true,true,Yes,N/A,N/A,N/A,996,N/A,N/A
340,1770557479590,gap_time,N/A,,true,true,GapTime_1272,N/A,N/A,N/A,N/A,N/A,N/A
340,1770557480863,Sentence shown,HVL_100_P,true,,,N/A,N/A,N/A,N/A,N/A,N/A,N/A
340,1770557484864,gap_time,N/A,true,,,GapTime_1024,N/A,N/A,N/A,N/A,N/A,N/A
340,1770557485889,Sentence shown,LVH_124_A,true,,,N/A,N/A,N/A,N/A,N/A,N/A,N/A
340,1770557489891,gap_time,N/A,true,,,GapTime_945,N/A,N/A,N/A,N/A,N/A,N/A
340,1770557490836,Sentence shown,HH_172_A,true,,,N/A,N/A,N/A,N/A,N/A,N/A,N/A
340,1770557494837,gap_time,N/A,true,,,GapTime_1172,N/A,N/A,N/A,N/A,N/A,N/A
340,1770557496011,Sentence shown,HF_21_A,,,,N/A,N/A,N/A,N/A,N/A,N/A,N/A
340,1770557500011,gap_time,N/A,,,,GapTime_948,N/A,N/A,N/A,N/A,N/A,N/A
340,1770557500960,Sentence shown,HF_33_A,,,,N/A,N/A,N/A,N/A,N/A,N/A,N/A
340,1770557504961,gap_time,N/A,,,,GapTime_865,N/A,N/A,N/A,N/A,N/A,N/A
340,1770557505828,Sentence shown,HVL_100_P,true,,true,N/A,N/A,N/A,N/A,N/A,N/A,N/A
340,1770557507633,IR pressed,HVL_100_P,true,,true,Spacebar,1,N/A,1805,N/A,N/A,N/A
340,1770557509397,WR pressed,HVL_100_P,true,,true,Yes,N/A,1,N/A,1764,N/A,N/A
340,1770557509398,gap_time,N/A,true,,true,GapTime_834,N/A,N/A,N/A,N/A,N/A,N/A
340,1770557510233,Sentence shown,HF_21_A,,true,true,N/A,N/A,N/A,N/A,N/A,N/A,N/A
340,1770557511664,Validation IR pressed,HF_21_A,,true,true,Spacebar,1,N/A,1431,N/A,N/A,N/A
340,1770557511664,IR pressed,HF_21_A,,true,true,Spacebar,1,N/A,1431,N/A,N/A,N/A
340,1770557512274,WR pressed,HF_21_A,,true,true,Yes,N/A,N/A,N/A,609,N/A,N/A
340,1770557512274,gap_time,N/A,,true,true,GapTime_952,N/A,N/A,N/A,N/A,N/A,N/A
340,1770557513228,Sentence shown,LVH_124_P,true,,true,N/A,N/A,N/A,N/A,N/A,N/A,N/A
340,1770557514693,IR pressed,LVH_124_P,true,,true,Spacebar,1,N/A,1465,N/A,N/A,N/A
340,1770557515118,WR pressed,LVH_124_P,true,,true,No,N/A,1,N/A,425,N/A,N/A
340,1770557515119,gap_time,N/A,true,,true,GapTime_1266,N/A,N/A,N/A,N/A,N/A,N/A
340,1770557516386,Sentence shown,HH_172_P,true,,true,N/A,N/A,N/A,N/A,N/A,N/A,N/A
340,1770557518008,IR pressed,HH_172_P,true,,true,Spacebar,1,N/A,1622,N/A,N/A,N/A
340,1770557518412,WR pressed,HH_172_P,true,,true,No,N/A,1,N/A,404,N/A,N/A
340,1770557518412,gap_time,N/A,true,,true,GapTime_713,N/A,N/A,N/A,N/A,N/A,N/A
340,1770557519127,Rest Phase started,N/A,true,,true,Rest,N/A,N/A,N/A,N/A,N/A,N/A
340,1770558664629,Sentence shown,HF_44_A,,,,N/A,N/A,N/A,N/A,N/A,N/A,N/A
340,1770558668630,gap_time,N/A,,,,GapTime_790,N/A,N/A,N/A,N/A,N/A,N/A
340,1770558669422,Sentence shown,HF_47_A,,,,N/A,N/A,N/A,N/A,N/A,N/A,N/A
340,1770558673423,gap_time,N/A,,,,GapTime_1182,N/A,N/A,N/A,N/A,N/A,N/A
340,1770558674607,Sentence shown,HF_47_A,,true,true,N/A,N/A,N/A,N/A,N/A,N/A,N/A
340,1770558675771,Validation IR pressed,HF_47_A,,true,true,Spacebar,1,N/A,1164,N/A,N/A,N/A
340,1770558675771,IR pressed,HF_47_A,,true,true,Spacebar,1,N/A,1164,N/A,N/A,N/A
340,1770558676686,WR pressed,HF_47_A,,true,true,Yes,N/A,N/A,N/A,915,N/A,N/A
340,1770558676687,gap_time,N/A,,true,true,GapTime_1203,N/A,N/A,N/A,N/A,N/A,N/A
340,1770558677891,Sentence shown,HF_55_A,,,,N/A,N/A,N/A,N/A,N/A,N/A,N/A
340,1770558681892,gap_time,N/A,,,,GapTime_1050,N/A,N/A,N/A,N/A,N/A,N/A
340,1770558682944,Sentence shown,HF_42_A,,,,N/A,N/A,N/A,N/A,N/A,N/A,N/A
340,1770558686945,gap_time,N/A,,,,GapTime_881,N/A,N/A,N/A,N/A,N/A,N/A
340,1770558687828,Sentence shown,HF_42_A,,true,true,N/A,N/A,N/A,N/A,N/A,N/A,N/A
340,1770558688778,Validation IR pressed,HF_42_A,,true,true,Spacebar,1,N/A,950,N/A,N/A,N/A
340,1770558688778,IR pressed,HF_42_A,,true,true,Spacebar,1,N/A,950,N/A,N/A,N/A
340,1770558689448,WR pressed,HF_42_A,,true,true,Yes,N/A,N/A,N/A,670,N/A,N/A
340,1770558689449,gap_time,N/A,,true,true,GapTime_835,N/A,N/A,N/A,N/A,N/A,N/A
340,1770558690285,Sentence shown,HF_51_A,,,,N/A,N/A,N/A,N/A,N/A,N/A,N/A
340,1770558694286,gap_time,N/A,,,,GapTime_1174,N/A,N/A,N/A,N/A,N/A,N/A
340,1770558695461,Sentence shown,HF_34_A,,,,N/A,N/A,N/A,N/A,N/A,N/A,N/A
340,1770558699463,gap_time,N/A,,,,GapTime_935,N/A,N/A,N/A,N/A,N/A,N/A
340,1770558700399,Sentence shown,LVL_109_P,true,,,N/A,N/A,N/A,N/A,N/A,N/A,N/A
340,1770558704401,gap_time,N/A,true,,,GapTime_866,N/A,N/A,N/A,N/A,N/A,N/A
340,1770558705269,Sentence shown,HF_49_A,,,,N/A,N/A,N/A,N/A,N/A,N/A,N/A
340,1770558709270,gap_time,N/A,,,,GapTime_957,N/A,N/A,N/A,N/A,N/A,N/A
340,1770558710228,Sentence shown,HF_37_A,,,,N/A,N/A,N/A,N/A,N/A,N/A,N/A
340,1770558714230,gap_time,N/A,,,,GapTime_881,N/A,N/A,N/A,N/A,N/A,N/A
340,1770558715112,Sentence shown,HF_52_A,,,,N/A,N/A,N/A,N/A,N/A,N/A,N/A
340,1770558719114,gap_time,N/A,,,,GapTime_1191,N/A,N/A,N/A,N/A,N/A,N/A
340,1770558720307,Sentence shown,HF_49_A,,true,true,N/A,N/A,N/A,N/A,N/A,N/A,N/A
340,1770558721983,Validation IR pressed,HF_49_A,,true,true,Spacebar,1,N/A,1676,N/A,N/A,N/A
340,1770558721983,IR pressed,HF_49_A,,true,true,Spacebar,1,N/A,1676,N/A,N/A,N/A
340,1770558723247,WR pressed,HF_49_A,,true,true,Yes,N/A,N/A,N/A,1264,N/A,N/A
340,1770558723247,gap_time,N/A,,true,true,GapTime_782,N/A,N/A,N/A,N/A,N/A,N/A
340,1770558724031,Sentence shown,HF_40_A,,,,N/A,N/A,N/A,N/A,N/A,N/A,N/A
340,1770558728032,gap_time,N/A,,,,GapTime_1165,N/A,N/A,N/A,N/A,N/A,N/A
340,1770558729197,Sentence shown,HF_52_A,,true,true,N/A,N/A,N/A,N/A,N/A,N/A,N/A
340,1770558730310,Validation IR pressed,HF_52_A,,true,true,Spacebar,1,N/A,1113,N/A,N/A,N/A
340,1770558730310,IR pressed,HF_52_A,,true,true,Spacebar,1,N/A,1113,N/A,N/A,N/A
340,1770558730765,WR pressed,HF_52_A,,true,true,Yes,N/A,N/A,N/A,455,N/A,N/A
340,1770558730766,gap_time,N/A,,true,true,GapTime_815,N/A,N/A,N/A,N/A,N/A,N/A
340,1770558731583,Sentence shown,HF_65_A,,,,N/A,N/A,N/A,N/A,N/A,N/A,N/A
340,1770558735584,gap_time,N/A,,,,GapTime_722,N/A,N/A,N/A,N/A,N/A,N/A
340,1770558736307,Sentence shown,HF_65_A,,true,true,N/A,N/A,N/A,N/A,N/A,N/A,N/A
340,1770558737505,Validation IR pressed,HF_65_A,,true,true,Spacebar,1,N/A,1198,N/A,N/A,N/A
340,1770558737505,IR pressed,HF_65_A,,true,true,Spacebar,1,N/A,1198,N/A,N/A,N/A
340,1770558737901,WR pressed,HF_65_A,,true,true,Yes,N/A,N/A,N/A,396,N/A,N/A
340,1770558737902,gap_time,N/A,,true,true,GapTime_941,N/A,N/A,N/A,N/A,N/A,N/A
340,1770558738845,Sentence shown,HF_41_A,,,,N/A,N/A,N/A,N/A,N/A,N/A,N/A
340,1770558742846,gap_time,N/A,,,,GapTime_871,N/A,N/A,N/A,N/A,N/A,N/A
340,1770558743719,Sentence shown,LVL_109_A,true,,true,N/A,N/A,N/A,N/A,N/A,N/A,N/A
340,1770558747720,gap_time,N/A,true,,true,GapTime_850,N/A,N/A,N/A,N/A,N/A,N/A
340,1770558748572,Sentence shown,HVL_141_P,true,,,N/A,N/A,N/A,N/A,N/A,N/A,N/A
340,1770558752573,gap_time,N/A,true,,,GapTime_960,N/A,N/A,N/A,N/A,N/A,N/A
340,1770558753535,Sentence shown,HF_39_A,,,,N/A,N/A,N/A,N/A,N/A,N/A,N/A
340,1770558757536,gap_time,N/A,,,,GapTime_862,N/A,N/A,N/A,N/A,N/A,N/A
340,1770558758400,Sentence shown,HF_50_A,,,,N/A,N/A,N/A,N/A,N/A,N/A,N/A
340,1770558762400,gap_time,N/A,,,,GapTime_1105,N/A,N/A,N/A,N/A,N/A,N/A
340,1770558763507,Sentence shown,LVL_135_A,true,,,N/A,N/A,N/A,N/A,N/A,N/A,N/A
340,1770558767508,gap_time,N/A,true,,,GapTime_754,N/A,N/A,N/A,N/A,N/A,N/A
340,1770558768264,Sentence shown,HF_53_A,,,,N/A,N/A,N/A,N/A,N/A,N/A,N/A
340,1770558772265,gap_time,N/A,,,,GapTime_1058,N/A,N/A,N/A,N/A,N/A,N/A
340,1770558773325,Sentence shown,HH_153_P,true,,,N/A,N/A,N/A,N/A,N/A,N/A,N/A
340,1770558777326,gap_time,N/A,true,,,GapTime_1230,N/A,N/A,N/A,N/A,N/A,N/A
340,1770558778557,Sentence shown,HH_174_A,true,,,N/A,N/A,N/A,N/A,N/A,N/A,N/A
340,1770558782559,gap_time,N/A,true,,,GapTime_1122,N/A,N/A,N/A,N/A,N/A,N/A
340,1770558783682,Sentence shown,LVH_161_P,true,,,N/A,N/A,N/A,N/A,N/A,N/A,N/A
340,1770558787684,gap_time,N/A,true,,,GapTime_1033,N/A,N/A,N/A,N/A,N/A,N/A
340,1770558788718,Sentence shown,HVL_141_A,true,,true,N/A,N/A,N/A,N/A,N/A,N/A,N/A
340,1770558791404,IR pressed,HVL_141_A,true,,true,Spacebar,1,N/A,2686,N/A,N/A,N/A
340,1770558792444,WR pressed,HVL_141_A,true,,true,No,N/A,1,N/A,1040,N/A,N/A
340,1770558792445,gap_time,N/A,true,,true,GapTime_1163,N/A,N/A,N/A,N/A,N/A,N/A
340,1770558793609,Sentence shown,HF_35_A,,,,N/A,N/A,N/A,N/A,N/A,N/A,N/A
340,1770558797610,gap_time,N/A,,,,GapTime_914,N/A,N/A,N/A,N/A,N/A,N/A
340,1770558798525,Sentence shown,HF_54_A,,,,N/A,N/A,N/A,N/A,N/A,N/A,N/A
340,1770558802527,gap_time,N/A,,,,GapTime_1144,N/A,N/A,N/A,N/A,N/A,N/A
340,1770558803672,Sentence shown,HH_153_P,true,,true,N/A,N/A,N/A,N/A,N/A,N/A,N/A
340,1770558805276,IR pressed,HH_153_P,true,,true,Spacebar,1,N/A,1604,N/A,N/A,N/A
340,1770558810969,WR pressed,HH_153_P,true,,true,No,N/A,0,N/A,5693,N/A,N/A
340,1770558810970,gap_time,N/A,true,,true,GapTime_975,N/A,N/A,N/A,N/A,N/A,N/A
340,1770558811946,Sentence shown,LVL_135_P,true,,true,N/A,N/A,N/A,N/A,N/A,N/A,N/A
340,1770558813631,IR pressed,LVL_135_P,true,,true,Spacebar,1,N/A,1685,N/A,N/A,N/A
340,1770558816580,WR pressed,LVL_135_P,true,,true,No,N/A,1,N/A,2949,N/A,N/A
340,1770558816581,gap_time,N/A,true,,true,GapTime_965,N/A,N/A,N/A,N/A,N/A,N/A
340,1770558817547,Sentence shown,HF_57_A,,,,N/A,N/A,N/A,N/A,N/A,N/A,N/A
340,1770558821548,gap_time,N/A,,,,GapTime_841,N/A,N/A,N/A,N/A,N/A,N/A
340,1770558822391,Sentence shown,LVH_172_P,true,,,N/A,N/A,N/A,N/A,N/A,N/A,N/A
340,1770558826393,gap_time,N/A,true,,,GapTime_878,N/A,N/A,N/A,N/A,N/A,N/A
340,1770558827272,Sentence shown,LVH_139_A,true,,,N/A,N/A,N/A,N/A,N/A,N/A,N/A
340,1770558831273,gap_time,N/A,true,,,GapTime_1238,N/A,N/A,N/A,N/A,N/A,N/A
340,1770558832513,Sentence shown,HH_174_A,true,,true,N/A,N/A,N/A,N/A,N/A,N/A,N/A
340,1770558833792,IR pressed,HH_174_A,true,,true,Spacebar,1,N/A,1279,N/A,N/A,N/A
340,1770558834650,WR pressed,HH_174_A,true,,true,No,N/A,0,N/A,858,N/A,N/A
340,1770558834651,gap_time,N/A,true,,true,GapTime_834,N/A,N/A,N/A,N/A,N/A,N/A
340,1770558835487,Sentence shown,HF_59_A,,,,N/A,N/A,N/A,N/A,N/A,N/A,N/A
340,1770558839488,gap_time,N/A,,,,GapTime_1000,N/A,N/A,N/A,N/A,N/A,N/A
340,1770558840490,Sentence shown,LVH_161_A,true,,true,N/A,N/A,N/A,N/A,N/A,N/A,N/A
340,1770558841818,IR pressed,LVH_161_A,true,,true,Spacebar,1,N/A,1328,N/A,N/A,N/A
340,1770558843430,WR pressed,LVH_161_A,true,,true,No,N/A,1,N/A,1612,N/A,N/A
340,1770558843431,gap_time,N/A,true,,true,GapTime_1194,N/A,N/A,N/A,N/A,N/A,N/A
340,1770558844626,Sentence shown,HF_64_A,,,,N/A,N/A,N/A,N/A,N/A,N/A,N/A
340,1770558848627,gap_time,N/A,,,,GapTime_789,N/A,N/A,N/A,N/A,N/A,N/A
340,1770558849418,Sentence shown,LVH_172_P,true,,true,N/A,N/A,N/A,N/A,N/A,N/A,N/A
340,1770558850693,IR pressed,LVH_172_P,true,,true,Spacebar,1,N/A,1275,N/A,N/A,N/A
340,1770558851318,WR pressed,LVH_172_P,true,,true,Yes,N/A,1,N/A,625,N/A,N/A
340,1770558851318,gap_time,N/A,true,,true,GapTime_704,N/A,N/A,N/A,N/A,N/A,N/A
340,1770558852024,Sentence shown,HF_63_A,,,,N/A,N/A,N/A,N/A,N/A,N/A,N/A
340,1770558856025,gap_time,N/A,,,,GapTime_1279,N/A,N/A,N/A,N/A,N/A,N/A
340,1770558857305,Sentence shown,HF_58_A,,,,N/A,N/A,N/A,N/A,N/A,N/A,N/A
340,1770558861307,gap_time,N/A,,,,GapTime_1236,N/A,N/A,N/A,N/A,N/A,N/A
340,1770558862544,Sentence shown,HH_155_P,true,,,N/A,N/A,N/A,N/A,N/A,N/A,N/A
340,1770558866545,gap_time,N/A,true,,,GapTime_1273,N/A,N/A,N/A,N/A,N/A,N/A
340,1770558867819,Sentence shown,LVH_139_A,true,,true,N/A,N/A,N/A,N/A,N/A,N/A,N/A
340,1770558869005,IR pressed,LVH_139_A,true,,true,Spacebar,1,N/A,1186,N/A,N/A,N/A
340,1770558869940,WR pressed,LVH_139_A,true,,true,Yes,N/A,1,N/A,935,N/A,N/A
340,1770558869941,gap_time,N/A,true,,true,GapTime_962,N/A,N/A,N/A,N/A,N/A,N/A
340,1770558870905,Sentence shown,HF_58_A,,true,true,N/A,N/A,N/A,N/A,N/A,N/A,N/A
340,1770558872138,Validation IR pressed,HF_58_A,,true,true,Spacebar,1,N/A,1233,N/A,N/A,N/A
340,1770558872138,IR pressed,HF_58_A,,true,true,Spacebar,1,N/A,1233,N/A,N/A,N/A
340,1770558872831,WR pressed,HF_58_A,,true,true,Yes,N/A,N/A,N/A,693,N/A,N/A
340,1770558872832,gap_time,N/A,,true,true,GapTime_1143,N/A,N/A,N/A,N/A,N/A,N/A
340,1770558873977,Sentence shown,HVL_109_A,true,,,N/A,N/A,N/A,N/A,N/A,N/A,N/A
340,1770558877978,gap_time,N/A,true,,,GapTime_1143,N/A,N/A,N/A,N/A,N/A,N/A
340,1770558879123,Sentence shown,LVH_107_A,true,,,N/A,N/A,N/A,N/A,N/A,N/A,N/A
340,1770558881683,Validation Wrong IR pressed,LVH_107_A,true,,,Spacebar,0,N/A,2559,N/A,N/A,N/A
340,1770558881683,IR pressed,LVH_107_A,true,,,Spacebar,0,N/A,2559,N/A,N/A,N/A
340,1770558883135,WR pressed,LVH_107_A,true,,,Yes,N/A,0,N/A,1452,N/A,N/A
340,1770558883135,gap_time,N/A,true,,,GapTime_754,N/A,N/A,N/A,N/A,N/A,N/A
340,1770558883891,Sentence shown,HVL_143_P,true,,,N/A,N/A,N/A,N/A,N/A,N/A,N/A
340,1770558887892,gap_time,N/A,true,,,GapTime_899,N/A,N/A,N/A,N/A,N/A,N/A
340,1770558888792,Sentence shown,HF_60_A,,,,N/A,N/A,N/A,N/A,N/A,N/A,N/A
340,1770558892793,gap_time,N/A,,,,GapTime_1101,N/A,N/A,N/A,N/A,N/A,N/A
340,1770558893896,Sentence shown,HF_38_A,,,,N/A,N/A,N/A,N/A,N/A,N/A,N/A
340,1770558897897,gap_time,N/A,,,,GapTime_895,N/A,N/A,N/A,N/A,N/A,N/A
340,1770558898794,Sentence shown,HVL_109_A,true,,true,N/A,N/A,N/A,N/A,N/A,N/A,N/A
340,1770558900329,IR pressed,HVL_109_A,true,,true,Spacebar,1,N/A,1535,N/A,N/A,N/A
340,1770558901065,WR pressed,HVL_109_A,true,,true,Yes,N/A,1,N/A,736,N/A,N/A
340,1770558901065,gap_time,N/A,true,,true,GapTime_903,N/A,N/A,N/A,N/A,N/A,N/A
340,1770558901970,Sentence shown,HF_38_A,,true,true,N/A,N/A,N/A,N/A,N/A,N/A,N/A
340,1770558903224,Validation IR pressed,HF_38_A,,true,true,Spacebar,1,N/A,1254,N/A,N/A,N/A
340,1770558903224,IR pressed,HF_38_A,,true,true,Spacebar,1,N/A,1254,N/A,N/A,N/A
340,1770558903825,WR pressed,HF_38_A,,true,true,Yes,N/A,N/A,N/A,601,N/A,N/A
340,1770558903826,gap_time,N/A,,true,true,GapTime_869,N/A,N/A,N/A,N/A,N/A,N/A
340,1770558904697,Sentence shown,LVL_128_P,true,,,N/A,N/A,N/A,N/A,N/A,N/A,N/A
340,1770558908698,gap_time,N/A,true,,,GapTime_891,N/A,N/A,N/A,N/A,N/A,N/A
340,1770558909590,Sentence shown,HH_155_A,true,,true,N/A,N/A,N/A,N/A,N/A,N/A,N/A
340,1770558911019,IR pressed,HH_155_A,true,,true,Spacebar,1,N/A,1429,N/A,N/A,N/A
340,1770558911726,WR pressed,HH_155_A,true,,true,No,N/A,1,N/A,707,N/A,N/A
340,1770558911727,gap_time,N/A,true,,true,GapTime_845,N/A,N/A,N/A,N/A,N/A,N/A
340,1770558912574,Sentence shown,HF_48_A,,,,N/A,N/A,N/A,N/A,N/A,N/A,N/A
340,1770558916575,gap_time,N/A,,,,GapTime_1184,N/A,N/A,N/A,N/A,N/A,N/A
340,1770558917760,Sentence shown,HF_45_A,,,,N/A,N/A,N/A,N/A,N/A,N/A,N/A
340,1770558921762,gap_time,N/A,,,,GapTime_1276,N/A,N/A,N/A,N/A,N/A,N/A
340,1770558923039,Sentence shown,HVL_143_P,true,,true,N/A,N/A,N/A,N/A,N/A,N/A,N/A
340,1770558924691,IR pressed,HVL_143_P,true,,true,Spacebar,1,N/A,1652,N/A,N/A,N/A
340,1770558926577,WR pressed,HVL_143_P,true,,true,Yes,N/A,1,N/A,1886,N/A,N/A
340,1770558926578,gap_time,N/A,true,,true,GapTime_1106,N/A,N/A,N/A,N/A,N/A,N/A
340,1770558927686,Sentence shown,HF_43_A,,,,N/A,N/A,N/A,N/A,N/A,N/A,N/A
340,1770558931687,gap_time,N/A,,,,GapTime_738,N/A,N/A,N/A,N/A,N/A,N/A
340,1770558932427,Sentence shown,LVH_107_P,true,,true,N/A,N/A,N/A,N/A,N/A,N/A,N/A
340,1770558934788,IR pressed,LVH_107_P,true,,true,Spacebar,1,N/A,2361,N/A,N/A,N/A
340,1770558935697,WR pressed,LVH_107_P,true,,true,No,N/A,1,N/A,909,N/A,N/A
340,1770558935697,gap_time,N/A,true,,true,GapTime_991,N/A,N/A,N/A,N/A,N/A,N/A
340,1770558936690,Sentence shown,HVL_131_A,true,,,N/A,N/A,N/A,N/A,N/A,N/A,N/A
340,1770558940691,gap_time,N/A,true,,,GapTime_852,N/A,N/A,N/A,N/A,N/A,N/A
340,1770558941544,Sentence shown,HF_43_A,,true,true,N/A,N/A,N/A,N/A,N/A,N/A,N/A
340,1770558943157,Validation IR pressed,HF_43_A,,true,true,Spacebar,1,N/A,1613,N/A,N/A,N/A
340,1770558943157,IR pressed,HF_43_A,,true,true,Spacebar,1,N/A,1613,N/A,N/A,N/A
340,1770558944210,WR pressed,HF_43_A,,true,true,Yes,N/A,N/A,N/A,1053,N/A,N/A
340,1770558944211,gap_time,N/A,,true,true,GapTime_706,N/A,N/A,N/A,N/A,N/A,N/A
340,1770558944918,Sentence shown,LVL_121_A,true,,,N/A,N/A,N/A,N/A,N/A,N/A,N/A
340,1770558948919,gap_time,N/A,true,,,GapTime_779,N/A,N/A,N/A,N/A,N/A,N/A
340,1770558949700,Sentence shown,HF_36_A,,,,N/A,N/A,N/A,N/A,N/A,N/A,N/A
340,1770558953701,gap_time,N/A,,,,GapTime_794,N/A,N/A,N/A,N/A,N/A,N/A
340,1770558954497,Sentence shown,HH_161_A,true,,,N/A,N/A,N/A,N/A,N/A,N/A,N/A
340,1770558958498,gap_time,N/A,true,,,GapTime_1274,N/A,N/A,N/A,N/A,N/A,N/A
340,1770558959774,Sentence shown,LVL_128_P,true,,true,N/A,N/A,N/A,N/A,N/A,N/A,N/A
340,1770558961378,IR pressed,LVL_128_P,true,,true,Spacebar,1,N/A,1604,N/A,N/A,N/A
340,1770558962255,WR pressed,LVL_128_P,true,,true,Yes,N/A,1,N/A,877,N/A,N/A
340,1770558962256,gap_time,N/A,true,,true,GapTime_1229,N/A,N/A,N/A,N/A,N/A,N/A
340,1770558963486,Sentence shown,HF_36_A,,true,true,N/A,N/A,N/A,N/A,N/A,N/A,N/A
340,1770558964750,Validation IR pressed,HF_36_A,,true,true,Spacebar,1,N/A,1264,N/A,N/A,N/A
340,1770558964750,IR pressed,HF_36_A,,true,true,Spacebar,1,N/A,1264,N/A,N/A,N/A
340,1770558965392,WR pressed,HF_36_A,,true,true,Yes,N/A,N/A,N/A,642,N/A,N/A
340,1770558965392,gap_time,N/A,,true,true,GapTime_1124,N/A,N/A,N/A,N/A,N/A,N/A
340,1770558966518,Sentence shown,HF_56_A,,,,N/A,N/A,N/A,N/A,N/A,N/A,N/A
340,1770558970519,gap_time,N/A,,,,GapTime_744,N/A,N/A,N/A,N/A,N/A,N/A
340,1770558971265,Sentence shown,HF_62_A,,,,N/A,N/A,N/A,N/A,N/A,N/A,N/A
340,1770558975266,gap_time,N/A,,,,GapTime_993,N/A,N/A,N/A,N/A,N/A,N/A
340,1770558976260,Sentence shown,LVL_121_A,true,,true,N/A,N/A,N/A,N/A,N/A,N/A,N/A
340,1770558977618,IR pressed,LVL_121_A,true,,true,Spacebar,1,N/A,1358,N/A,N/A,N/A
340,1770558978439,WR pressed,LVL_121_A,true,,true,Yes,N/A,1,N/A,821,N/A,N/A
340,1770558978439,gap_time,N/A,true,,true,GapTime_960,N/A,N/A,N/A,N/A,N/A,N/A
340,1770558979401,Sentence shown,HF_46_A,,,,N/A,N/A,N/A,N/A,N/A,N/A,N/A
340,1770558983402,gap_time,N/A,,,,GapTime_742,N/A,N/A,N/A,N/A,N/A,N/A
340,1770558984145,Sentence shown,HF_61_A,,,,N/A,N/A,N/A,N/A,N/A,N/A,N/A
340,1770558988147,gap_time,N/A,,,,GapTime_1008,N/A,N/A,N/A,N/A,N/A,N/A
340,1770558989156,Sentence shown,HVL_131_P,true,,true,N/A,N/A,N/A,N/A,N/A,N/A,N/A
340,1770558991074,IR pressed,HVL_131_P,true,,true,Spacebar,1,N/A,1918,N/A,N/A,N/A
340,1770558992172,WR pressed,HVL_131_P,true,,true,No,N/A,1,N/A,1098,N/A,N/A
340,1770558992172,gap_time,N/A,true,,true,GapTime_700,N/A,N/A,N/A,N/A,N/A,N/A
340,1770558992874,Sentence shown,HF_61_A,,true,true,N/A,N/A,N/A,N/A,N/A,N/A,N/A
340,1770558994590,Validation IR pressed,HF_61_A,,true,true,Spacebar,1,N/A,1716,N/A,N/A,N/A
340,1770558994590,IR pressed,HF_61_A,,true,true,Spacebar,1,N/A,1716,N/A,N/A,N/A
340,1770558995003,WR pressed,HF_61_A,,true,true,Yes,N/A,N/A,N/A,413,N/A,N/A
340,1770558995004,gap_time,N/A,,true,true,GapTime_860,N/A,N/A,N/A,N/A,N/A,N/A
340,1770558995866,Sentence shown,HH_161_P,true,,true,N/A,N/A,N/A,N/A,N/A,N/A,N/A
340,1770558997573,IR pressed,HH_161_P,true,,true,Spacebar,1,N/A,1707,N/A,N/A,N/A
340,1770558997951,WR pressed,HH_161_P,true,,true,No,N/A,1,N/A,378,N/A,N/A
340,1770558997951,gap_time,N/A,true,,true,GapTime_880,N/A,N/A,N/A,N/A,N/A,N/A
340,1770558998833,Rest Phase started,N/A,true,,true,Rest,N/A,N/A,N/A,N/A,N/A,N/A
340,1770559209205,Sentence shown,HH_167_P,true,,,N/A,N/A,N/A,N/A,N/A,N/A,N/A
340,1770559213206,gap_time,N/A,true,,,GapTime_1298,N/A,N/A,N/A,N/A,N/A,N/A
340,1770559214506,Sentence shown,LVH_129_A,true,,,N/A,N/A,N/A,N/A,N/A,N/A,N/A
340,1770559218507,gap_time,N/A,true,,,GapTime_884,N/A,N/A,N/A,N/A,N/A,N/A
340,1770559219393,Sentence shown,HF_66_A,,,,N/A,N/A,N/A,N/A,N/A,N/A,N/A
340,1770559223394,gap_time,N/A,,,,GapTime_779,N/A,N/A,N/A,N/A,N/A,N/A
340,1770559224175,Sentence shown,HF_69_A,,,,N/A,N/A,N/A,N/A,N/A,N/A,N/A
340,1770559228176,gap_time,N/A,,,,GapTime_1277,N/A,N/A,N/A,N/A,N/A,N/A
340,1770559229454,Sentence shown,HF_66_A,,true,true,N/A,N/A,N/A,N/A,N/A,N/A,N/A
340,1770559230923,Validation IR pressed,HF_66_A,,true,true,Spacebar,1,N/A,1469,N/A,N/A,N/A
340,1770559230923,IR pressed,HF_66_A,,true,true,Spacebar,1,N/A,1469,N/A,N/A,N/A
340,1770559232663,WR pressed,HF_66_A,,true,true,Yes,N/A,N/A,N/A,1740,N/A,N/A
340,1770559232664,gap_time,N/A,,true,true,GapTime_1091,N/A,N/A,N/A,N/A,N/A,N/A
340,1770559233756,Sentence shown,HH_167_A,true,,true,N/A,N/A,N/A,N/A,N/A,N/A,N/A
340,1770559235548,IR pressed,HH_167_A,true,,true,Spacebar,1,N/A,1792,N/A,N/A,N/A
340,1770559237718,WR pressed,HH_167_A,true,,true,Yes,N/A,0,N/A,2170,N/A,N/A
340,1770559237718,gap_time,N/A,true,,true,GapTime_880,N/A,N/A,N/A,N/A,N/A,N/A
340,1770559238600,Sentence shown,HF_87_A,,,,N/A,N/A,N/A,N/A,N/A,N/A,N/A
340,1770559242601,gap_time,N/A,,,,GapTime_904,N/A,N/A,N/A,N/A,N/A,N/A
340,1770559243507,Sentence shown,LVH_129_A,true,,true,N/A,N/A,N/A,N/A,N/A,N/A,N/A
340,1770559245447,IR pressed,LVH_129_A,true,,true,Spacebar,1,N/A,1940,N/A,N/A,N/A
340,1770559248308,WR pressed,LVH_129_A,true,,true,No,N/A,0,N/A,2861,N/A,N/A
340,1770559248309,gap_time,N/A,true,,true,GapTime_754,N/A,N/A,N/A,N/A,N/A,N/A
340,1770559249064,Sentence shown,LVH_136_P,true,,,N/A,N/A,N/A,N/A,N/A,N/A,N/A
340,1770559253065,gap_time,N/A,true,,,GapTime_1188,N/A,N/A,N/A,N/A,N/A,N/A
340,1770559254254,Sentence shown,LVH_105_A,true,,,N/A,N/A,N/A,N/A,N/A,N/A,N/A
340,1770559258255,gap_time,N/A,true,,,GapTime_1125,N/A,N/A,N/A,N/A,N/A,N/A
340,1770559259382,Sentence shown,HF_70_A,,,,N/A,N/A,N/A,N/A,N/A,N/A,N/A
340,1770559263383,gap_time,N/A,,,,GapTime_1167,N/A,N/A,N/A,N/A,N/A,N/A
340,1770559264551,Sentence shown,LVL_122_A,true,,,N/A,N/A,N/A,N/A,N/A,N/A,N/A
340,1770559268552,gap_time,N/A,true,,,GapTime_1141,N/A,N/A,N/A,N/A,N/A,N/A
340,1770559269695,Sentence shown,HF_82_A,,,,N/A,N/A,N/A,N/A,N/A,N/A,N/A
340,1770559273696,gap_time,N/A,,,,GapTime_771,N/A,N/A,N/A,N/A,N/A,N/A
340,1770559274468,Sentence shown,HF_79_A,,,,N/A,N/A,N/A,N/A,N/A,N/A,N/A
340,1770559278469,gap_time,N/A,,,,GapTime_925,N/A,N/A,N/A,N/A,N/A,N/A
340,1770559279395,Sentence shown,LVH_136_A,true,,true,N/A,N/A,N/A,N/A,N/A,N/A,N/A
340,1770559280585,IR pressed,LVH_136_A,true,,true,Spacebar,1,N/A,1190,N/A,N/A,N/A
340,1770559281490,WR pressed,LVH_136_A,true,,true,No,N/A,1,N/A,904,N/A,N/A
340,1770559281490,gap_time,N/A,true,,true,GapTime_758,N/A,N/A,N/A,N/A,N/A,N/A
340,1770559282250,Sentence shown,HF_85_A,,,,N/A,N/A,N/A,N/A,N/A,N/A,N/A
340,1770559286251,gap_time,N/A,,,,GapTime_1168,N/A,N/A,N/A,N/A,N/A,N/A
340,1770559287420,Sentence shown,HF_85_A,,true,true,N/A,N/A,N/A,N/A,N/A,N/A,N/A
340,1770559288306,Validation IR pressed,HF_85_A,,true,true,Spacebar,1,N/A,886,N/A,N/A,N/A
340,1770559288306,IR pressed,HF_85_A,,true,true,Spacebar,1,N/A,886,N/A,N/A,N/A
340,1770559288987,WR pressed,HF_85_A,,true,true,Yes,N/A,N/A,N/A,681,N/A,N/A
340,1770559288988,gap_time,N/A,,true,true,GapTime_802,N/A,N/A,N/A,N/A,N/A,N/A
340,1770559289791,Sentence shown,HF_75_A,,,,N/A,N/A,N/A,N/A,N/A,N/A,N/A
340,1770559293792,gap_time,N/A,,,,GapTime_970,N/A,N/A,N/A,N/A,N/A,N/A
340,1770559294763,Sentence shown,LVL_122_A,true,,true,N/A,N/A,N/A,N/A,N/A,N/A,N/A
340,1770559296649,IR pressed,LVL_122_A,true,,true,Spacebar,1,N/A,1886,N/A,N/A,N/A
340,1770559297775,WR pressed,LVL_122_A,true,,true,No,N/A,0,N/A,1125,N/A,N/A
340,1770559297775,gap_time,N/A,true,,true,GapTime_1081,N/A,N/A,N/A,N/A,N/A,N/A
340,1770559298858,Sentence shown,HF_86_A,,,,N/A,N/A,N/A,N/A,N/A,N/A,N/A
340,1770559302859,gap_time,N/A,,,,GapTime_998,N/A,N/A,N/A,N/A,N/A,N/A
340,1770559303858,Sentence shown,LVH_105_P,true,,true,N/A,N/A,N/A,N/A,N/A,N/A,N/A
340,1770559305642,IR pressed,LVH_105_P,true,,true,Spacebar,1,N/A,1783,N/A,N/A,N/A
340,1770559306690,WR pressed,LVH_105_P,true,,true,No,N/A,1,N/A,1048,N/A,N/A
340,1770559306691,gap_time,N/A,true,,true,GapTime_1192,N/A,N/A,N/A,N/A,N/A,N/A
340,1770559307884,Sentence shown,HF_95_A,,,,N/A,N/A,N/A,N/A,N/A,N/A,N/A
340,1770559311884,gap_time,N/A,,,,GapTime_772,N/A,N/A,N/A,N/A,N/A,N/A
340,1770559312658,Sentence shown,HF_92_A,,,,N/A,N/A,N/A,N/A,N/A,N/A,N/A
340,1770559316659,gap_time,N/A,,,,GapTime_777,N/A,N/A,N/A,N/A,N/A,N/A
340,1770559317436,Sentence shown,HF_92_A,,true,true,N/A,N/A,N/A,N/A,N/A,N/A,N/A
340,1770559318400,Validation IR pressed,HF_92_A,,true,true,Spacebar,1,N/A,964,N/A,N/A,N/A
340,1770559318400,IR pressed,HF_92_A,,true,true,Spacebar,1,N/A,964,N/A,N/A,N/A
340,1770559318882,WR pressed,HF_92_A,,true,true,Yes,N/A,N/A,N/A,482,N/A,N/A
340,1770559318883,gap_time,N/A,,true,true,GapTime_1196,N/A,N/A,N/A,N/A,N/A,N/A
340,1770559320080,Sentence shown,HF_84_A,,,,N/A,N/A,N/A,N/A,N/A,N/A,N/A
340,1770559324081,gap_time,N/A,,,,GapTime_1173,N/A,N/A,N/A,N/A,N/A,N/A
340,1770559325255,Sentence shown,LVH_103_P,true,,,N/A,N/A,N/A,N/A,N/A,N/A,N/A
340,1770559329256,gap_time,N/A,true,,,GapTime_1177,N/A,N/A,N/A,N/A,N/A,N/A
340,1770559330434,Sentence shown,HH_179_A,true,,,N/A,N/A,N/A,N/A,N/A,N/A,N/A
340,1770559334435,gap_time,N/A,true,,,GapTime_912,N/A,N/A,N/A,N/A,N/A,N/A
340,1770559335349,Sentence shown,HH_149_P,true,,,N/A,N/A,N/A,N/A,N/A,N/A,N/A
340,1770559339350,gap_time,N/A,true,,,GapTime_1228,N/A,N/A,N/A,N/A,N/A,N/A
340,1770559340580,Sentence shown,HF_83_A,,,,N/A,N/A,N/A,N/A,N/A,N/A,N/A
340,1770559344581,gap_time,N/A,,,,GapTime_992,N/A,N/A,N/A,N/A,N/A,N/A
340,1770559345574,Sentence shown,HF_68_A,,,,N/A,N/A,N/A,N/A,N/A,N/A,N/A
340,1770559349575,gap_time,N/A,,,,GapTime_796,N/A,N/A,N/A,N/A,N/A,N/A
340,1770559350372,Sentence shown,HF_77_A,,,,N/A,N/A,N/A,N/A,N/A,N/A,N/A
340,1770559354374,gap_time,N/A,,,,GapTime_1196,N/A,N/A,N/A,N/A,N/A,N/A
340,1770559355571,Sentence shown,HF_83_A,,true,true,N/A,N/A,N/A,N/A,N/A,N/A,N/A
340,1770559357089,Validation IR pressed,HF_83_A,,true,true,Spacebar,1,N/A,1518,N/A,N/A,N/A
340,1770559357089,IR pressed,HF_83_A,,true,true,Spacebar,1,N/A,1518,N/A,N/A,N/A
340,1770559357828,WR pressed,HF_83_A,,true,true,Yes,N/A,N/A,N/A,739,N/A,N/A
340,1770559357828,gap_time,N/A,,true,true,GapTime_778,N/A,N/A,N/A,N/A,N/A,N/A
340,1770559358608,Sentence shown,LVH_103_P,true,,true,N/A,N/A,N/A,N/A,N/A,N/A,N/A
340,1770559359922,IR pressed,LVH_103_P,true,,true,Spacebar,1,N/A,1314,N/A,N/A,N/A
340,1770559360307,WR pressed,LVH_103_P,true,,true,Yes,N/A,1,N/A,385,N/A,N/A
340,1770559360307,gap_time,N/A,true,,true,GapTime_931,N/A,N/A,N/A,N/A,N/A,N/A
340,1770559361239,Sentence shown,HH_179_P,true,,true,N/A,N/A,N/A,N/A,N/A,N/A,N/A
340,1770559362821,IR pressed,HH_179_P,true,,true,Spacebar,1,N/A,1582,N/A,N/A,N/A
340,1770559363835,WR pressed,HH_179_P,true,,true,No,N/A,1,N/A,1014,N/A,N/A
340,1770559363835,gap_time,N/A,true,,true,GapTime_891,N/A,N/A,N/A,N/A,N/A,N/A
340,1770559364727,Sentence shown,HF_72_A,,,,N/A,N/A,N/A,N/A,N/A,N/A,N/A
340,1770559368728,gap_time,N/A,,,,GapTime_723,N/A,N/A,N/A,N/A,N/A,N/A
340,1770559369453,Sentence shown,HH_149_P,true,,true,N/A,N/A,N/A,N/A,N/A,N/A,N/A
340,1770559371174,IR pressed,HH_149_P,true,,true,Spacebar,1,N/A,1721,N/A,N/A,N/A
340,1770559371969,WR pressed,HH_149_P,true,,true,Yes,N/A,1,N/A,795,N/A,N/A
340,1770559371969,gap_time,N/A,true,,true,GapTime_966,N/A,N/A,N/A,N/A,N/A,N/A
340,1770559372937,Sentence shown,HF_72_A,,true,true,N/A,N/A,N/A,N/A,N/A,N/A,N/A
340,1770559374223,Validation IR pressed,HF_72_A,,true,true,Spacebar,1,N/A,1286,N/A,N/A,N/A
340,1770559374223,IR pressed,HF_72_A,,true,true,Spacebar,1,N/A,1286,N/A,N/A,N/A
340,1770559375659,WR pressed,HF_72_A,,true,true,Yes,N/A,N/A,N/A,1436,N/A,N/A
340,1770559375659,gap_time,N/A,,true,true,GapTime_1048,N/A,N/A,N/A,N/A,N/A,N/A
340,1770559376709,Sentence shown,HVL_110_P,true,,,N/A,N/A,N/A,N/A,N/A,N/A,N/A
340,1770559380710,gap_time,N/A,true,,,GapTime_1061,N/A,N/A,N/A,N/A,N/A,N/A
340,1770559381772,Sentence shown,HF_67_A,,,,N/A,N/A,N/A,N/A,N/A,N/A,N/A
340,1770559385773,gap_time,N/A,,,,GapTime_1043,N/A,N/A,N/A,N/A,N/A,N/A
340,1770559386818,Sentence shown,HF_73_A,,,,N/A,N/A,N/A,N/A,N/A,N/A,N/A
340,1770559390819,gap_time,N/A,,,,GapTime_1126,N/A,N/A,N/A,N/A,N/A,N/A
340,1770559391946,Sentence shown,HVL_151_A,true,,,N/A,N/A,N/A,N/A,N/A,N/A,N/A
340,1770559395947,gap_time,N/A,true,,,GapTime_1219,N/A,N/A,N/A,N/A,N/A,N/A
340,1770559397168,Sentence shown,HVL_122_A,true,,,N/A,N/A,N/A,N/A,N/A,N/A,N/A
340,1770559401169,gap_time,N/A,true,,,GapTime_1060,N/A,N/A,N/A,N/A,N/A,N/A
340,1770559402230,Sentence shown,HVL_110_P,true,,true,N/A,N/A,N/A,N/A,N/A,N/A,N/A
340,1770559403875,IR pressed,HVL_110_P,true,,true,Spacebar,1,N/A,1645,N/A,N/A,N/A
340,1770559405535,WR pressed,HVL_110_P,true,,true,Yes,N/A,1,N/A,1660,N/A,N/A
340,1770559405536,gap_time,N/A,true,,true,GapTime_986,N/A,N/A,N/A,N/A,N/A,N/A
340,1770559406523,Sentence shown,HF_74_A,,,,N/A,N/A,N/A,N/A,N/A,N/A,N/A
340,1770559410524,gap_time,N/A,,,,GapTime_892,N/A,N/A,N/A,N/A,N/A,N/A
340,1770559411417,Sentence shown,HF_88_A,,,,N/A,N/A,N/A,N/A,N/A,N/A,N/A
340,1770559415418,gap_time,N/A,,,,GapTime_1250,N/A,N/A,N/A,N/A,N/A,N/A
340,1770559416670,Sentence shown,HH_142_A,true,,,N/A,N/A,N/A,N/A,N/A,N/A,N/A
340,1770559420671,gap_time,N/A,true,,,GapTime_1149,N/A,N/A,N/A,N/A,N/A,N/A
340,1770559421821,Sentence shown,HF_89_A,,,,N/A,N/A,N/A,N/A,N/A,N/A,N/A
340,1770559425822,gap_time,N/A,,,,GapTime_784,N/A,N/A,N/A,N/A,N/A,N/A
340,1770559426608,Sentence shown,HF_81_A,,,,N/A,N/A,N/A,N/A,N/A,N/A,N/A
340,1770559430609,gap_time,N/A,,,,GapTime_1284,N/A,N/A,N/A,N/A,N/A,N/A
340,1770559431894,Sentence shown,HF_94_A,,,,N/A,N/A,N/A,N/A,N/A,N/A,N/A
340,1770559435895,gap_time,N/A,,,,GapTime_816,N/A,N/A,N/A,N/A,N/A,N/A
340,1770559436713,Sentence shown,HF_89_A,,true,true,N/A,N/A,N/A,N/A,N/A,N/A,N/A
340,1770559438023,Validation IR pressed,HF_89_A,,true,true,Spacebar,1,N/A,1310,N/A,N/A,N/A
340,1770559438023,IR pressed,HF_89_A,,true,true,Spacebar,1,N/A,1310,N/A,N/A,N/A
340,1770559438927,WR pressed,HF_89_A,,true,true,Yes,N/A,N/A,N/A,904,N/A,N/A
340,1770559438928,gap_time,N/A,,true,true,GapTime_722,N/A,N/A,N/A,N/A,N/A,N/A
340,1770559439651,Sentence shown,HVL_122_P,true,,true,N/A,N/A,N/A,N/A,N/A,N/A,N/A
340,1770559441164,IR pressed,HVL_122_P,true,,true,Spacebar,1,N/A,1513,N/A,N/A,N/A
340,1770559443345,WR pressed,HVL_122_P,true,,true,Yes,N/A,0,N/A,2181,N/A,N/A
340,1770559443346,gap_time,N/A,true,,true,GapTime_802,N/A,N/A,N/A,N/A,N/A,N/A
340,1770559444148,Sentence shown,HVL_151_A,true,,true,N/A,N/A,N/A,N/A,N/A,N/A,N/A
340,1770559445867,IR pressed,HVL_151_A,true,,true,Spacebar,1,N/A,1719,N/A,N/A,N/A
340,1770559447126,WR pressed,HVL_151_A,true,,true,No,N/A,0,N/A,1259,N/A,N/A
340,1770559447126,gap_time,N/A,true,,true,GapTime_1127,N/A,N/A,N/A,N/A,N/A,N/A
340,1770559448254,Sentence shown,LVL_119_A,true,,,N/A,N/A,N/A,N/A,N/A,N/A,N/A
340,1770559452255,gap_time,N/A,true,,,GapTime_1056,N/A,N/A,N/A,N/A,N/A,N/A
340,1770559453313,Sentence shown,HF_71_A,,,,N/A,N/A,N/A,N/A,N/A,N/A,N/A
340,1770559457314,gap_time,N/A,,,,GapTime_1066,N/A,N/A,N/A,N/A,N/A,N/A
340,1770559458381,Sentence shown,HF_71_A,,true,true,N/A,N/A,N/A,N/A,N/A,N/A,N/A
340,1770559459688,Validation IR pressed,HF_71_A,,true,true,Spacebar,1,N/A,1307,N/A,N/A,N/A
340,1770559459688,IR pressed,HF_71_A,,true,true,Spacebar,1,N/A,1307,N/A,N/A,N/A
340,1770559460104,WR pressed,HF_71_A,,true,true,Yes,N/A,N/A,N/A,416,N/A,N/A
340,1770559460105,gap_time,N/A,,true,true,GapTime_1102,N/A,N/A,N/A,N/A,N/A,N/A
340,1770559461208,Sentence shown,HVL_111_P,true,,,N/A,N/A,N/A,N/A,N/A,N/A,N/A
340,1770559465209,gap_time,N/A,true,,,GapTime_898,N/A,N/A,N/A,N/A,N/A,N/A
340,1770559466109,Sentence shown,HH_142_A,true,,true,N/A,N/A,N/A,N/A,N/A,N/A,N/A
340,1770559467628,IR pressed,HH_142_A,true,,true,Spacebar,1,N/A,1519,N/A,N/A,N/A
340,1770559468563,WR pressed,HH_142_A,true,,true,Yes,N/A,1,N/A,935,N/A,N/A
340,1770559468564,gap_time,N/A,true,,true,GapTime_1165,N/A,N/A,N/A,N/A,N/A,N/A
340,1770559469731,Sentence shown,HF_76_A,,,,N/A,N/A,N/A,N/A,N/A,N/A,N/A
340,1770559473732,gap_time,N/A,,,,GapTime_859,N/A,N/A,N/A,N/A,N/A,N/A
340,1770559474592,Sentence shown,HF_91_A,,,,N/A,N/A,N/A,N/A,N/A,N/A,N/A
340,1770559478592,gap_time,N/A,,,,GapTime_1143,N/A,N/A,N/A,N/A,N/A,N/A
340,1770559479737,Sentence shown,HF_78_A,,,,N/A,N/A,N/A,N/A,N/A,N/A,N/A
340,1770559483737,gap_time,N/A,,,,GapTime_1142,N/A,N/A,N/A,N/A,N/A,N/A
340,1770559484881,Sentence shown,HF_91_A,,true,true,N/A,N/A,N/A,N/A,N/A,N/A,N/A
340,1770559486347,Validation IR pressed,HF_91_A,,true,true,Spacebar,1,N/A,1466,N/A,N/A,N/A
340,1770559486347,IR pressed,HF_91_A,,true,true,Spacebar,1,N/A,1466,N/A,N/A,N/A
340,1770559486767,WR pressed,HF_91_A,,true,true,Yes,N/A,N/A,N/A,420,N/A,N/A
340,1770559486768,gap_time,N/A,,true,true,GapTime_1081,N/A,N/A,N/A,N/A,N/A,N/A
340,1770559487850,Sentence shown,HF_80_A,,,,N/A,N/A,N/A,N/A,N/A,N/A,N/A
340,1770559491851,gap_time,N/A,,,,GapTime_1265,N/A,N/A,N/A,N/A,N/A,N/A
340,1770559493117,Sentence shown,HF_97_A,,,,N/A,N/A,N/A,N/A,N/A,N/A,N/A
340,1770559497117,gap_time,N/A,,,,GapTime_1025,N/A,N/A,N/A,N/A,N/A,N/A
340,1770559498144,Sentence shown,HF_80_A,,true,true,N/A,N/A,N/A,N/A,N/A,N/A,N/A
340,1770559499562,Validation IR pressed,HF_80_A,,true,true,Spacebar,1,N/A,1418,N/A,N/A,N/A
340,1770559499562,IR pressed,HF_80_A,,true,true,Spacebar,1,N/A,1418,N/A,N/A,N/A
340,1770559500728,WR pressed,HF_80_A,,true,true,Yes,N/A,N/A,N/A,1166,N/A,N/A
340,1770559500728,gap_time,N/A,,true,true,GapTime_1234,N/A,N/A,N/A,N/A,N/A,N/A
340,1770559501964,Sentence shown,HVL_111_A,true,,true,N/A,N/A,N/A,N/A,N/A,N/A,N/A
340,1770559503268,IR pressed,HVL_111_A,true,,true,Spacebar,1,N/A,1304,N/A,N/A,N/A
340,1770559503949,WR pressed,HVL_111_A,true,,true,No,N/A,1,N/A,681,N/A,N/A
340,1770559503950,gap_time,N/A,true,,true,GapTime_1203,N/A,N/A,N/A,N/A,N/A,N/A
340,1770559505154,Sentence shown,LVL_119_P,true,,true,N/A,N/A,N/A,N/A,N/A,N/A,N/A
340,1770559506967,IR pressed,LVL_119_P,true,,true,Spacebar,1,N/A,1813,N/A,N/A,N/A
340,1770559507500,WR pressed,LVL_119_P,true,,true,No,N/A,1,N/A,533,N/A,N/A
340,1770559507500,gap_time,N/A,true,,true,GapTime_715,N/A,N/A,N/A,N/A,N/A,N/A
340,1770559508217,Sentence shown,HF_90_A,,,,N/A,N/A,N/A,N/A,N/A,N/A,N/A
340,1770559512218,gap_time,N/A,,,,GapTime_1143,N/A,N/A,N/A,N/A,N/A,N/A
340,1770559513362,Sentence shown,HF_93_A,,,,N/A,N/A,N/A,N/A,N/A,N/A,N/A
340,1770559517364,gap_time,N/A,,,,GapTime_1286,N/A,N/A,N/A,N/A,N/A,N/A
340,1770559518651,Sentence shown,LVL_131_P,true,,,N/A,N/A,N/A,N/A,N/A,N/A,N/A
340,1770559522652,gap_time,N/A,true,,,GapTime_1114,N/A,N/A,N/A,N/A,N/A,N/A
340,1770559523767,Sentence shown,HF_93_A,,true,true,N/A,N/A,N/A,N/A,N/A,N/A,N/A
340,1770559525310,Validation IR pressed,HF_93_A,,true,true,Spacebar,1,N/A,1543,N/A,N/A,N/A
340,1770559525310,IR pressed,HF_93_A,,true,true,Spacebar,1,N/A,1543,N/A,N/A,N/A
340,1770559525916,WR pressed,HF_93_A,,true,true,Yes,N/A,N/A,N/A,606,N/A,N/A
340,1770559525917,gap_time,N/A,,true,true,GapTime_882,N/A,N/A,N/A,N/A,N/A,N/A
340,1770559526800,Sentence shown,HF_96_A,,,,N/A,N/A,N/A,N/A,N/A,N/A,N/A
340,1770559530801,gap_time,N/A,,,,GapTime_1014,N/A,N/A,N/A,N/A,N/A,N/A
340,1770559531817,Sentence shown,LVL_110_P,true,,,N/A,N/A,N/A,N/A,N/A,N/A,N/A
340,1770559535818,gap_time,N/A,true,,,GapTime_1042,N/A,N/A,N/A,N/A,N/A,N/A
340,1770559536861,Sentence shown,LVL_131_P,true,,true,N/A,N/A,N/A,N/A,N/A,N/A,N/A
340,1770559538341,IR pressed,LVL_131_P,true,,true,Spacebar,1,N/A,1480,N/A,N/A,N/A
340,1770559538955,WR pressed,LVL_131_P,true,,true,Yes,N/A,1,N/A,614,N/A,N/A
340,1770559538956,gap_time,N/A,true,,true,GapTime_1087,N/A,N/A,N/A,N/A,N/A,N/A
340,1770559540044,Sentence shown,LVL_110_A,true,,true,N/A,N/A,N/A,N/A,N/A,N/A,N/A
340,1770559541613,IR pressed,LVL_110_A,true,,true,Spacebar,1,N/A,1569,N/A,N/A,N/A
340,1770559542441,WR pressed,LVL_110_A,true,,true,No,N/A,1,N/A,828,N/A,N/A
340,1770559542441,gap_time,N/A,true,,true,GapTime_1022,N/A,N/A,N/A,N/A,N/A,N/A
