participant_ID,Timestamp,Event,Stimulus,isTarget,isValidation,isRepeat,Button,Accuracy IR,Accuracy WR,Reaction_time_IR,Reaction_time_WR,CR_IR,CR_WR
355,1770563802035,Practice Sentence shown,HL_15_A,,,,N/A,N/A,N/A,N/A,N/A,N/A,N/A
355,1770563807539,Practice Sentence shown,HL_45_A,,,,N/A,N/A,N/A,N/A,N/A,N/A,N/A
355,1770563811528,Practice IR pressed,HL_45_A,,,,Spacebar,0,N/A,3989,N/A,N/A,N/A
355,1770563818238,Practice Sentence shown,HH_113_A,true,,,N/A,N/A,N/A,N/A,N/A,N/A,N/A
355,1770563823743,Practice Sentence shown,HL_30_A,,,,N/A,N/A,N/A,N/A,N/A,N/A,N/A
355,1770563829248,Practice Sentence shown,HL_27_A,,,,N/A,N/A,N/A,N/A,N/A,N/A,N/A
355,1770563834751,Practice Sentence shown,HL_61_A,,,,N/A,N/A,N/A,N/A,N/A,N/A,N/A
355,1770563840255,Practice Sentence shown,HH_103_A,true,,,N/A,N/A,N/A,N/A,N/A,N/A,N/A
355,1770563845760,Practice Sentence shown,HL_19_A,,,,N/A,N/A,N/A,N/A,N/A,N/A,N/A
355,1770563851265,Practice Sentence shown,HH_113_P,true,,true,N/A,N/A,N/A,N/A,N/A,N/A,N/A
355,1770563855266,Practice Missed,HH_113_P,true,,true,None,0,N/A,N/A,N/A,N/A,N/A
355,1770563860131,Practice Sentence shown,HH_135_A,true,,,N/A,N/A,N/A,N/A,N/A,N/A,N/A
355,1770563865635,Practice Sentence shown,HH_104_A,true,,,N/A,N/A,N/A,N/A,N/A,N/A,N/A
355,1770563871139,Practice Sentence shown,HL_57_A,,,,N/A,N/A,N/A,N/A,N/A,N/A,N/A
355,1770563876643,Practice Sentence shown,HL_50_A,,,,N/A,N/A,N/A,N/A,N/A,N/A,N/A
355,1770563878459,Practice IR pressed,HL_50_A,,,,Spacebar,0,N/A,1816,N/A,N/A,N/A
355,1770563879950,Practice Sentence shown,HL_36_A,,,,N/A,N/A,N/A,N/A,N/A,N/A,N/A
355,1770563881108,Practice IR pressed,HL_36_A,,,,Spacebar,0,N/A,1158,N/A,N/A,N/A
355,1770563882764,Practice Sentence shown,HH_103_P,true,,true,N/A,N/A,N/A,N/A,N/A,N/A,N/A
355,1770563884245,Practice IR pressed,HH_103_P,true,,true,Spacebar,1,N/A,1481,N/A,N/A,N/A
355,1770563887211,Practice WR pressed,HH_103_P,true,,true,Yes,N/A,0,N/A,2966,N/A,N/A
355,1770563890046,Practice Sentence shown,HH_104_P,true,,true,N/A,N/A,N/A,N/A,N/A,N/A,N/A
355,1770563893184,Practice IR pressed,HH_104_P,true,,true,Spacebar,1,N/A,3138,N/A,N/A,N/A
355,1770563895129,Practice WR pressed,HH_104_P,true,,true,No,N/A,1,N/A,1945,N/A,N/A
355,1770563896632,Practice Sentence shown,HH_135_A,true,,true,N/A,N/A,N/A,N/A,N/A,N/A,N/A
355,1770563899284,Practice IR pressed,HH_135_A,true,,true,Spacebar,1,N/A,2651,N/A,N/A,N/A
355,1770563900984,Practice WR pressed,HH_135_A,true,,true,Yes,N/A,1,N/A,1700,N/A,N/A
355,1770563902487,Practice Sentence shown,HH_127_A,true,,,N/A,N/A,N/A,N/A,N/A,N/A,N/A
355,1770563907991,Practice Sentence shown,HL_34_A,,,,N/A,N/A,N/A,N/A,N/A,N/A,N/A
355,1770563913496,Practice Sentence shown,HH_127_A,true,,true,N/A,N/A,N/A,N/A,N/A,N/A,N/A
355,1770563914807,Practice IR pressed,HH_127_A,true,,true,Spacebar,1,N/A,1310,N/A,N/A,N/A
355,1770563918761,Practice WR pressed,HH_127_A,true,,true,No,N/A,0,N/A,3954,N/A,N/A
355,1770563931010,Practice Sentence shown,HL_24_A,,,,N/A,N/A,N/A,N/A,N/A,N/A,N/A
355,1770563936514,Practice Sentence shown,HL_63_A,,,,N/A,N/A,N/A,N/A,N/A,N/A,N/A
355,1770563942018,Practice Sentence shown,HL_99_A,,,,N/A,N/A,N/A,N/A,N/A,N/A,N/A
355,1770563947522,Practice Sentence shown,HL_36_A,,,,N/A,N/A,N/A,N/A,N/A,N/A,N/A
355,1770563953027,Practice Sentence shown,HL_86_A,,,,N/A,N/A,N/A,N/A,N/A,N/A,N/A
355,1770563958532,Practice Sentence shown,HH_118_A,true,,,N/A,N/A,N/A,N/A,N/A,N/A,N/A
355,1770563964036,Practice Sentence shown,HH_111_A,true,,,N/A,N/A,N/A,N/A,N/A,N/A,N/A
355,1770563969539,Practice Sentence shown,HH_114_A,true,,,N/A,N/A,N/A,N/A,N/A,N/A,N/A
355,1770563975044,Practice Sentence shown,HL_14_A,,,,N/A,N/A,N/A,N/A,N/A,N/A,N/A
355,1770563980548,Practice Sentence shown,HL_26_A,,,,N/A,N/A,N/A,N/A,N/A,N/A,N/A
355,1770563986053,Practice Sentence shown,HL_53_A,,,,N/A,N/A,N/A,N/A,N/A,N/A,N/A
355,1770563991557,Practice Sentence shown,HH_118_P,true,,true,N/A,N/A,N/A,N/A,N/A,N/A,N/A
355,1770563995560,Practice Missed,HH_118_P,true,,true,None,0,N/A,N/A,N/A,N/A,N/A
355,1770563998138,Practice Sentence shown,HH_111_A,true,,true,N/A,N/A,N/A,N/A,N/A,N/A,N/A
355,1770563999539,Practice IR pressed,HH_111_A,true,,true,Spacebar,1,N/A,1401,N/A,N/A,N/A
355,1770564001042,Practice WR pressed,HH_111_A,true,,true,Yes,N/A,1,N/A,1503,N/A,N/A
355,1770564002544,Practice Sentence shown,HH_124_A,true,,,N/A,N/A,N/A,N/A,N/A,N/A,N/A
355,1770564008049,Practice Sentence shown,HL_5_A,,,,N/A,N/A,N/A,N/A,N/A,N/A,N/A
355,1770564013554,Practice Sentence shown,HL_94_A,,,,N/A,N/A,N/A,N/A,N/A,N/A,N/A
355,1770564015471,Practice IR pressed,HL_94_A,,,,Spacebar,0,N/A,1917,N/A,N/A,N/A
355,1770564016954,Practice Sentence shown,HH_114_A,true,,true,N/A,N/A,N/A,N/A,N/A,N/A,N/A
355,1770564018084,Practice IR pressed,HH_114_A,true,,true,Spacebar,1,N/A,1130,N/A,N/A,N/A
355,1770564019668,Practice WR pressed,HH_114_A,true,,true,No,N/A,0,N/A,1584,N/A,N/A
355,1770564021546,Practice Sentence shown,HH_123_A,true,,,N/A,N/A,N/A,N/A,N/A,N/A,N/A
355,1770564027050,Practice Sentence shown,HH_124_P,true,,true,N/A,N/A,N/A,N/A,N/A,N/A,N/A
355,1770564028644,Practice IR pressed,HH_124_P,true,,true,Spacebar,1,N/A,1594,N/A,N/A,N/A
355,1770564030422,Practice WR pressed,HH_124_P,true,,true,No,N/A,1,N/A,1778,N/A,N/A
355,1770564031925,Practice Sentence shown,HH_123_P,true,,true,N/A,N/A,N/A,N/A,N/A,N/A,N/A
355,1770564035927,Practice Missed,HH_123_P,true,,true,None,0,N/A,N/A,N/A,N/A,N/A
355,1770564106990,Practice Sentence shown,HL_36_A,,,,N/A,N/A,N/A,N/A,N/A,N/A,N/A
355,1770564112494,Practice Sentence shown,HH_132_A,true,,,N/A,N/A,N/A,N/A,N/A,N/A,N/A
355,1770564117998,Practice Sentence shown,HH_136_A,true,,,N/A,N/A,N/A,N/A,N/A,N/A,N/A
355,1770564123503,Practice Sentence shown,HL_6_A,,,,N/A,N/A,N/A,N/A,N/A,N/A,N/A
355,1770564129007,Practice Sentence shown,HH_101_A,true,,,N/A,N/A,N/A,N/A,N/A,N/A,N/A
355,1770564134512,Practice Sentence shown,HL_84_A,,,,N/A,N/A,N/A,N/A,N/A,N/A,N/A
355,1770564140017,Practice Sentence shown,HH_136_A,true,,true,N/A,N/A,N/A,N/A,N/A,N/A,N/A
355,1770564141542,Practice IR pressed,HH_136_A,true,,true,Spacebar,1,N/A,1525,N/A,N/A,N/A
355,1770564145924,Practice WR pressed,HH_136_A,true,,true,Yes,N/A,1,N/A,4382,N/A,N/A
355,1770564147426,Practice Sentence shown,HL_42_A,,,,N/A,N/A,N/A,N/A,N/A,N/A,N/A
355,1770564152931,Practice Sentence shown,HL_1_A,,,,N/A,N/A,N/A,N/A,N/A,N/A,N/A
355,1770564158436,Practice Sentence shown,HH_132_P,true,,true,N/A,N/A,N/A,N/A,N/A,N/A,N/A
355,1770564160286,Practice IR pressed,HH_132_P,true,,true,Spacebar,1,N/A,1850,N/A,N/A,N/A
355,1770564164394,Practice WR pressed,HH_132_P,true,,true,No,N/A,1,N/A,4108,N/A,N/A
355,1770564165897,Practice Sentence shown,HH_101_P,true,,true,N/A,N/A,N/A,N/A,N/A,N/A,N/A
355,1770564168253,Practice IR pressed,HH_101_P,true,,true,Spacebar,1,N/A,2356,N/A,N/A,N/A
355,1770564170621,Practice WR pressed,HH_101_P,true,,true,No,N/A,1,N/A,2368,N/A,N/A
355,1770564172128,Practice Sentence shown,HL_31_A,,,,N/A,N/A,N/A,N/A,N/A,N/A,N/A
355,1770564177646,Practice Sentence shown,HL_51_A,,,,N/A,N/A,N/A,N/A,N/A,N/A,N/A
355,1770564183159,Practice Sentence shown,HL_41_A,,,,N/A,N/A,N/A,N/A,N/A,N/A,N/A
355,1770564188670,Practice Sentence shown,HH_108_A,true,,,N/A,N/A,N/A,N/A,N/A,N/A,N/A
355,1770564194179,Practice Sentence shown,HL_37_A,,,,N/A,N/A,N/A,N/A,N/A,N/A,N/A
355,1770564199687,Practice Sentence shown,HH_103_A,true,,,N/A,N/A,N/A,N/A,N/A,N/A,N/A
355,1770564205193,Practice Sentence shown,HL_40_A,,,,N/A,N/A,N/A,N/A,N/A,N/A,N/A
355,1770564210699,Practice Sentence shown,HH_108_P,true,,true,N/A,N/A,N/A,N/A,N/A,N/A,N/A
355,1770564212799,Practice IR pressed,HH_108_P,true,,true,Spacebar,1,N/A,2100,N/A,N/A,N/A
355,1770564215316,Practice WR pressed,HH_108_P,true,,true,No,N/A,1,N/A,2517,N/A,N/A
355,1770564216819,Practice Sentence shown,HH_103_A,true,,true,N/A,N/A,N/A,N/A,N/A,N/A,N/A
355,1770564218954,Practice IR pressed,HH_103_A,true,,true,Spacebar,1,N/A,2135,N/A,N/A,N/A
355,1770564219878,Practice WR pressed,HH_103_A,true,,true,Yes,N/A,1,N/A,924,N/A,N/A
355,1770564273396,Sentence shown,HF_30_A,,,,N/A,N/A,N/A,N/A,N/A,N/A,N/A
355,1770564277399,gap_time,N/A,,,,GapTime_904,N/A,N/A,N/A,N/A,N/A,N/A
355,1770564278305,Sentence shown,HF_22_A,,,,N/A,N/A,N/A,N/A,N/A,N/A,N/A
355,1770564282307,gap_time,N/A,,,,GapTime_1115,N/A,N/A,N/A,N/A,N/A,N/A
355,1770564283424,Sentence shown,HVL_119_A,true,,,N/A,N/A,N/A,N/A,N/A,N/A,N/A
355,1770564287427,gap_time,N/A,true,,,GapTime_1051,N/A,N/A,N/A,N/A,N/A,N/A
355,1770564288480,Sentence shown,HF_4_A,,,,N/A,N/A,N/A,N/A,N/A,N/A,N/A
355,1770564292482,gap_time,N/A,,,,GapTime_754,N/A,N/A,N/A,N/A,N/A,N/A
355,1770564293239,Sentence shown,HF_22_A,,true,true,N/A,N/A,N/A,N/A,N/A,N/A,N/A
355,1770564295089,Validation IR pressed,HF_22_A,,true,true,Spacebar,1,N/A,1850,N/A,N/A,N/A
355,1770564295089,IR pressed,HF_22_A,,true,true,Spacebar,1,N/A,1850,N/A,N/A,N/A
355,1770564297055,WR pressed,HF_22_A,,true,true,Yes,N/A,N/A,N/A,1966,N/A,N/A
355,1770564297055,gap_time,N/A,,true,true,GapTime_1174,N/A,N/A,N/A,N/A,N/A,N/A
355,1770564298232,Sentence shown,HF_12_A,,,,N/A,N/A,N/A,N/A,N/A,N/A,N/A
355,1770564302234,gap_time,N/A,,,,GapTime_717,N/A,N/A,N/A,N/A,N/A,N/A
355,1770564302953,Sentence shown,HVL_144_A,true,,,N/A,N/A,N/A,N/A,N/A,N/A,N/A
355,1770564306955,gap_time,N/A,true,,,GapTime_974,N/A,N/A,N/A,N/A,N/A,N/A
355,1770564307932,Sentence shown,HF_6_A,,,,N/A,N/A,N/A,N/A,N/A,N/A,N/A
355,1770564311934,gap_time,N/A,,,,GapTime_834,N/A,N/A,N/A,N/A,N/A,N/A
355,1770564312771,Sentence shown,HF_12_A,,true,true,N/A,N/A,N/A,N/A,N/A,N/A,N/A
355,1770564314490,Validation IR pressed,HF_12_A,,true,true,Spacebar,1,N/A,1719,N/A,N/A,N/A
355,1770564314490,IR pressed,HF_12_A,,true,true,Spacebar,1,N/A,1719,N/A,N/A,N/A
355,1770564316744,WR pressed,HF_12_A,,true,true,Yes,N/A,N/A,N/A,2253,N/A,N/A
355,1770564316744,gap_time,N/A,,true,true,GapTime_1148,N/A,N/A,N/A,N/A,N/A,N/A
355,1770564317895,Sentence shown,HVL_103_P,true,,,N/A,N/A,N/A,N/A,N/A,N/A,N/A
355,1770564321897,gap_time,N/A,true,,,GapTime_805,N/A,N/A,N/A,N/A,N/A,N/A
355,1770564322705,Sentence shown,HF_20_A,,,,N/A,N/A,N/A,N/A,N/A,N/A,N/A
355,1770564326707,gap_time,N/A,,,,GapTime_1276,N/A,N/A,N/A,N/A,N/A,N/A
355,1770564327986,Sentence shown,HVL_119_A,true,,true,N/A,N/A,N/A,N/A,N/A,N/A,N/A
355,1770564329938,IR pressed,HVL_119_A,true,,true,Spacebar,1,N/A,1952,N/A,N/A,N/A
355,1770564331263,WR pressed,HVL_119_A,true,,true,Yes,N/A,1,N/A,1325,N/A,N/A
355,1770564331263,gap_time,N/A,true,,true,GapTime_1227,N/A,N/A,N/A,N/A,N/A,N/A
355,1770564332492,Sentence shown,HF_31_A,,,,N/A,N/A,N/A,N/A,N/A,N/A,N/A
355,1770564336494,gap_time,N/A,,,,GapTime_1251,N/A,N/A,N/A,N/A,N/A,N/A
355,1770564337747,Sentence shown,HVL_144_P,true,,true,N/A,N/A,N/A,N/A,N/A,N/A,N/A
355,1770564340265,IR pressed,HVL_144_P,true,,true,Spacebar,1,N/A,2518,N/A,N/A,N/A
355,1770564342507,WR pressed,HVL_144_P,true,,true,No,N/A,1,N/A,2242,N/A,N/A
355,1770564342508,gap_time,N/A,true,,true,GapTime_897,N/A,N/A,N/A,N/A,N/A,N/A
355,1770564343407,Sentence shown,HF_23_A,,,,N/A,N/A,N/A,N/A,N/A,N/A,N/A
355,1770564347409,gap_time,N/A,,,,GapTime_1230,N/A,N/A,N/A,N/A,N/A,N/A
355,1770564348641,Sentence shown,HH_139_A,true,,,N/A,N/A,N/A,N/A,N/A,N/A,N/A
355,1770564352643,gap_time,N/A,true,,,GapTime_1039,N/A,N/A,N/A,N/A,N/A,N/A
355,1770564353684,Sentence shown,HF_29_A,,,,N/A,N/A,N/A,N/A,N/A,N/A,N/A
355,1770564357686,gap_time,N/A,,,,GapTime_1073,N/A,N/A,N/A,N/A,N/A,N/A
355,1770564358762,Sentence shown,HF_23_A,,true,true,N/A,N/A,N/A,N/A,N/A,N/A,N/A
355,1770564360652,Validation IR pressed,HF_23_A,,true,true,Spacebar,1,N/A,1890,N/A,N/A,N/A
355,1770564360652,IR pressed,HF_23_A,,true,true,Spacebar,1,N/A,1890,N/A,N/A,N/A
355,1770564366260,WR pressed,HF_23_A,,true,true,No,N/A,N/A,N/A,5608,N/A,N/A
355,1770564366261,gap_time,N/A,,true,true,GapTime_1076,N/A,N/A,N/A,N/A,N/A,N/A
355,1770564367339,Sentence shown,HF_9_A,,,,N/A,N/A,N/A,N/A,N/A,N/A,N/A
355,1770564371341,gap_time,N/A,,,,GapTime_1058,N/A,N/A,N/A,N/A,N/A,N/A
355,1770564372401,Sentence shown,HF_29_A,,true,true,N/A,N/A,N/A,N/A,N/A,N/A,N/A
355,1770564374557,Validation IR pressed,HF_29_A,,true,true,Spacebar,1,N/A,2156,N/A,N/A,N/A
355,1770564374557,IR pressed,HF_29_A,,true,true,Spacebar,1,N/A,2156,N/A,N/A,N/A
355,1770564375021,WR pressed,HF_29_A,,true,true,Yes,N/A,N/A,N/A,464,N/A,N/A
355,1770564375022,gap_time,N/A,,true,true,GapTime_995,N/A,N/A,N/A,N/A,N/A,N/A
355,1770564376019,Sentence shown,HF_9_A,,true,true,N/A,N/A,N/A,N/A,N/A,N/A,N/A
355,1770564379010,Validation IR pressed,HF_9_A,,true,true,Spacebar,1,N/A,2991,N/A,N/A,N/A
355,1770564379010,IR pressed,HF_9_A,,true,true,Spacebar,1,N/A,2991,N/A,N/A,N/A
355,1770564382024,WR pressed,HF_9_A,,true,true,Yes,N/A,N/A,N/A,3014,N/A,N/A
355,1770564382024,gap_time,N/A,,true,true,GapTime_888,N/A,N/A,N/A,N/A,N/A,N/A
355,1770564382915,Sentence shown,HVL_103_P,true,,true,N/A,N/A,N/A,N/A,N/A,N/A,N/A
355,1770564384195,IR pressed,HVL_103_P,true,,true,Spacebar,1,N/A,1280,N/A,N/A,N/A
355,1770564384602,WR pressed,HVL_103_P,true,,true,Yes,N/A,1,N/A,407,N/A,N/A
355,1770564384603,gap_time,N/A,true,,true,GapTime_772,N/A,N/A,N/A,N/A,N/A,N/A
355,1770564385377,Sentence shown,HH_145_A,true,,,N/A,N/A,N/A,N/A,N/A,N/A,N/A
355,1770564389380,gap_time,N/A,true,,,GapTime_876,N/A,N/A,N/A,N/A,N/A,N/A
355,1770564390258,Sentence shown,HF_28_A,,,,N/A,N/A,N/A,N/A,N/A,N/A,N/A
355,1770564394260,gap_time,N/A,,,,GapTime_704,N/A,N/A,N/A,N/A,N/A,N/A
355,1770564394967,Sentence shown,HF_28_A,,true,true,N/A,N/A,N/A,N/A,N/A,N/A,N/A
355,1770564396455,Validation IR pressed,HF_28_A,,true,true,Spacebar,1,N/A,1488,N/A,N/A,N/A
355,1770564396455,IR pressed,HF_28_A,,true,true,Spacebar,1,N/A,1488,N/A,N/A,N/A
355,1770564396789,WR pressed,HF_28_A,,true,true,Yes,N/A,N/A,N/A,334,N/A,N/A
355,1770564396789,gap_time,N/A,,true,true,GapTime_764,N/A,N/A,N/A,N/A,N/A,N/A
355,1770564397555,Sentence shown,LVH_107_P,true,,,N/A,N/A,N/A,N/A,N/A,N/A,N/A
355,1770564401557,gap_time,N/A,true,,,GapTime_1033,N/A,N/A,N/A,N/A,N/A,N/A
355,1770564402593,Sentence shown,HH_139_A,true,,true,N/A,N/A,N/A,N/A,N/A,N/A,N/A
355,1770564404294,IR pressed,HH_139_A,true,,true,Spacebar,1,N/A,1701,N/A,N/A,N/A
355,1770564405931,WR pressed,HH_139_A,true,,true,Yes,N/A,1,N/A,1637,N/A,N/A
355,1770564405932,gap_time,N/A,true,,true,GapTime_701,N/A,N/A,N/A,N/A,N/A,N/A
355,1770564406636,Sentence shown,HF_16_A,,,,N/A,N/A,N/A,N/A,N/A,N/A,N/A
355,1770564410638,gap_time,N/A,,,,GapTime_950,N/A,N/A,N/A,N/A,N/A,N/A
355,1770564411590,Sentence shown,HF_16_A,,true,true,N/A,N/A,N/A,N/A,N/A,N/A,N/A
355,1770564413090,Validation IR pressed,HF_16_A,,true,true,Spacebar,1,N/A,1500,N/A,N/A,N/A
355,1770564413090,IR pressed,HF_16_A,,true,true,Spacebar,1,N/A,1500,N/A,N/A,N/A
355,1770564419948,WR pressed,HF_16_A,,true,true,Yes,N/A,N/A,N/A,6858,N/A,N/A
355,1770564419948,gap_time,N/A,,true,true,GapTime_880,N/A,N/A,N/A,N/A,N/A,N/A
355,1770564420830,Sentence shown,LVH_119_A,true,,,N/A,N/A,N/A,N/A,N/A,N/A,N/A
355,1770564424833,gap_time,N/A,true,,,GapTime_787,N/A,N/A,N/A,N/A,N/A,N/A
355,1770564425622,Sentence shown,HF_2_A,,,,N/A,N/A,N/A,N/A,N/A,N/A,N/A
355,1770564429624,gap_time,N/A,,,,GapTime_1275,N/A,N/A,N/A,N/A,N/A,N/A
355,1770564430901,Sentence shown,HF_17_A,,,,N/A,N/A,N/A,N/A,N/A,N/A,N/A
355,1770564434904,gap_time,N/A,,,,GapTime_713,N/A,N/A,N/A,N/A,N/A,N/A
355,1770564435618,Sentence shown,HH_145_P,true,,true,N/A,N/A,N/A,N/A,N/A,N/A,N/A
355,1770564437961,IR pressed,HH_145_P,true,,true,Spacebar,1,N/A,2342,N/A,N/A,N/A
355,1770564440485,WR pressed,HH_145_P,true,,true,No,N/A,1,N/A,2524,N/A,N/A
355,1770564440486,gap_time,N/A,true,,true,GapTime_1103,N/A,N/A,N/A,N/A,N/A,N/A
355,1770564441591,Sentence shown,HF_5_A,,,,N/A,N/A,N/A,N/A,N/A,N/A,N/A
355,1770564445594,gap_time,N/A,,,,GapTime_1046,N/A,N/A,N/A,N/A,N/A,N/A
355,1770564446642,Sentence shown,HF_25_A,,,,N/A,N/A,N/A,N/A,N/A,N/A,N/A
355,1770564450644,gap_time,N/A,,,,GapTime_1040,N/A,N/A,N/A,N/A,N/A,N/A
355,1770564451687,Sentence shown,LVH_107_A,true,,true,N/A,N/A,N/A,N/A,N/A,N/A,N/A
355,1770564454340,IR pressed,LVH_107_A,true,,true,Spacebar,1,N/A,2652,N/A,N/A,N/A
355,1770564454788,WR pressed,LVH_107_A,true,,true,No,N/A,1,N/A,448,N/A,N/A
355,1770564454789,gap_time,N/A,true,,true,GapTime_750,N/A,N/A,N/A,N/A,N/A,N/A
355,1770564455540,Sentence shown,HF_1_A,,,,N/A,N/A,N/A,N/A,N/A,N/A,N/A
355,1770564459542,gap_time,N/A,,,,GapTime_733,N/A,N/A,N/A,N/A,N/A,N/A
355,1770564460277,Sentence shown,HF_32_A,,,,N/A,N/A,N/A,N/A,N/A,N/A,N/A
355,1770564464279,gap_time,N/A,,,,GapTime_894,N/A,N/A,N/A,N/A,N/A,N/A
355,1770564465175,Sentence shown,LVH_161_P,true,,,N/A,N/A,N/A,N/A,N/A,N/A,N/A
355,1770564469177,gap_time,N/A,true,,,GapTime_1163,N/A,N/A,N/A,N/A,N/A,N/A
355,1770564470342,Sentence shown,LVH_119_P,true,,true,N/A,N/A,N/A,N/A,N/A,N/A,N/A
355,1770564471970,IR pressed,LVH_119_P,true,,true,Spacebar,1,N/A,1628,N/A,N/A,N/A
355,1770564473215,WR pressed,LVH_119_P,true,,true,No,N/A,1,N/A,1245,N/A,N/A
355,1770564473215,gap_time,N/A,true,,true,GapTime_742,N/A,N/A,N/A,N/A,N/A,N/A
355,1770564473960,Sentence shown,HVL_122_P,true,,,N/A,N/A,N/A,N/A,N/A,N/A,N/A
355,1770564477962,gap_time,N/A,true,,,GapTime_1235,N/A,N/A,N/A,N/A,N/A,N/A
355,1770564479199,Sentence shown,HF_10_A,,,,N/A,N/A,N/A,N/A,N/A,N/A,N/A
355,1770564481436,Validation Wrong IR pressed,HF_10_A,,,,Spacebar,0,N/A,2236,N/A,N/A,N/A
355,1770564481436,IR pressed,HF_10_A,,,,Spacebar,0,N/A,2236,N/A,N/A,N/A
355,1770564482329,WR pressed,HF_10_A,,,,Yes,N/A,N/A,N/A,892,N/A,N/A
355,1770564482329,gap_time,N/A,,,,GapTime_820,N/A,N/A,N/A,N/A,N/A,N/A
355,1770564483152,Sentence shown,HF_33_A,,,,N/A,N/A,N/A,N/A,N/A,N/A,N/A
355,1770564487154,gap_time,N/A,,,,GapTime_702,N/A,N/A,N/A,N/A,N/A,N/A
355,1770564487858,Sentence shown,HF_8_A,,,,N/A,N/A,N/A,N/A,N/A,N/A,N/A
355,1770564490491,Validation Wrong IR pressed,HF_8_A,,,,Spacebar,0,N/A,2633,N/A,N/A,N/A
355,1770564490491,IR pressed,HF_8_A,,,,Spacebar,0,N/A,2633,N/A,N/A,N/A
355,1770564493964,WR pressed,HF_8_A,,,,No,N/A,N/A,N/A,3473,N/A,N/A
355,1770564493964,gap_time,N/A,,,,GapTime_728,N/A,N/A,N/A,N/A,N/A,N/A
355,1770564494694,Sentence shown,HH_166_P,true,,,N/A,N/A,N/A,N/A,N/A,N/A,N/A
355,1770564498697,gap_time,N/A,true,,,GapTime_1057,N/A,N/A,N/A,N/A,N/A,N/A
355,1770564499756,Sentence shown,HF_14_A,,,,N/A,N/A,N/A,N/A,N/A,N/A,N/A
355,1770564503758,gap_time,N/A,,,,GapTime_1209,N/A,N/A,N/A,N/A,N/A,N/A
355,1770564504969,Sentence shown,HF_8_A,,true,true,N/A,N/A,N/A,N/A,N/A,N/A,N/A
355,1770564506214,Validation IR pressed,HF_8_A,,true,true,Spacebar,1,N/A,1245,N/A,N/A,N/A
355,1770564506214,IR pressed,HF_8_A,,true,true,Spacebar,1,N/A,1245,N/A,N/A,N/A
355,1770564506687,WR pressed,HF_8_A,,true,true,Yes,N/A,N/A,N/A,473,N/A,N/A
355,1770564506688,gap_time,N/A,,true,true,GapTime_818,N/A,N/A,N/A,N/A,N/A,N/A
355,1770564507508,Sentence shown,LVH_137_A,true,,,N/A,N/A,N/A,N/A,N/A,N/A,N/A
355,1770564511510,gap_time,N/A,true,,,GapTime_786,N/A,N/A,N/A,N/A,N/A,N/A
355,1770564512299,Sentence shown,LVH_161_P,true,,true,N/A,N/A,N/A,N/A,N/A,N/A,N/A
355,1770564513882,IR pressed,LVH_161_P,true,,true,Spacebar,1,N/A,1583,N/A,N/A,N/A
355,1770564514627,WR pressed,LVH_161_P,true,,true,Yes,N/A,1,N/A,745,N/A,N/A
355,1770564514628,gap_time,N/A,true,,true,GapTime_876,N/A,N/A,N/A,N/A,N/A,N/A
355,1770564515506,Sentence shown,HF_19_A,,,,N/A,N/A,N/A,N/A,N/A,N/A,N/A
355,1770564519508,gap_time,N/A,,,,GapTime_997,N/A,N/A,N/A,N/A,N/A,N/A
355,1770564520507,Sentence shown,HVL_122_A,true,,true,N/A,N/A,N/A,N/A,N/A,N/A,N/A
355,1770564522278,IR pressed,HVL_122_A,true,,true,Spacebar,1,N/A,1771,N/A,N/A,N/A
355,1770564523094,WR pressed,HVL_122_A,true,,true,No,N/A,1,N/A,816,N/A,N/A
355,1770564523094,gap_time,N/A,true,,true,GapTime_749,N/A,N/A,N/A,N/A,N/A,N/A
355,1770564523846,Sentence shown,HF_7_A,,,,N/A,N/A,N/A,N/A,N/A,N/A,N/A
355,1770564527848,gap_time,N/A,,,,GapTime_1047,N/A,N/A,N/A,N/A,N/A,N/A
355,1770564528897,Sentence shown,HF_21_A,,,,N/A,N/A,N/A,N/A,N/A,N/A,N/A
355,1770564532899,gap_time,N/A,,,,GapTime_1019,N/A,N/A,N/A,N/A,N/A,N/A
355,1770564533921,Sentence shown,HF_15_A,,,,N/A,N/A,N/A,N/A,N/A,N/A,N/A
355,1770564535747,Validation Wrong IR pressed,HF_15_A,,,,Spacebar,0,N/A,1826,N/A,N/A,N/A
355,1770564535747,IR pressed,HF_15_A,,,,Spacebar,0,N/A,1826,N/A,N/A,N/A
355,1770564538627,WR pressed,HF_15_A,,,,No,N/A,N/A,N/A,2880,N/A,N/A
355,1770564538628,gap_time,N/A,,,,GapTime_854,N/A,N/A,N/A,N/A,N/A,N/A
355,1770564539484,Sentence shown,HF_18_A,,,,N/A,N/A,N/A,N/A,N/A,N/A,N/A
355,1770564543486,gap_time,N/A,,,,GapTime_709,N/A,N/A,N/A,N/A,N/A,N/A
355,1770564544198,Sentence shown,HH_166_A,true,,true,N/A,N/A,N/A,N/A,N/A,N/A,N/A
355,1770564545862,IR pressed,HH_166_A,true,,true,Spacebar,1,N/A,1664,N/A,N/A,N/A
355,1770564548172,WR pressed,HH_166_A,true,,true,Yes,N/A,0,N/A,2310,N/A,N/A
355,1770564548172,gap_time,N/A,true,,true,GapTime_1157,N/A,N/A,N/A,N/A,N/A,N/A
355,1770564549332,Sentence shown,LVH_137_A,true,,true,N/A,N/A,N/A,N/A,N/A,N/A,N/A
355,1770564553057,IR pressed,LVH_137_A,true,,true,Spacebar,1,N/A,3725,N/A,N/A,N/A
355,1770564554548,WR pressed,LVH_137_A,true,,true,Yes,N/A,1,N/A,1490,N/A,N/A
355,1770564554548,gap_time,N/A,true,,true,GapTime_1240,N/A,N/A,N/A,N/A,N/A,N/A
355,1770564555790,Sentence shown,HF_27_A,,,,N/A,N/A,N/A,N/A,N/A,N/A,N/A
355,1770564559793,gap_time,N/A,,,,GapTime_1258,N/A,N/A,N/A,N/A,N/A,N/A
355,1770564561054,Sentence shown,LVL_104_A,true,,,N/A,N/A,N/A,N/A,N/A,N/A,N/A
355,1770564565056,gap_time,N/A,true,,,GapTime_845,N/A,N/A,N/A,N/A,N/A,N/A
355,1770564565904,Sentence shown,HF_26_A,,,,N/A,N/A,N/A,N/A,N/A,N/A,N/A
355,1770564569906,gap_time,N/A,,,,GapTime_953,N/A,N/A,N/A,N/A,N/A,N/A
355,1770564570860,Sentence shown,HH_161_P,true,,,N/A,N/A,N/A,N/A,N/A,N/A,N/A
355,1770564574862,gap_time,N/A,true,,,GapTime_1244,N/A,N/A,N/A,N/A,N/A,N/A
355,1770564576108,Sentence shown,HF_26_A,,true,true,N/A,N/A,N/A,N/A,N/A,N/A,N/A
355,1770564577821,Validation IR pressed,HF_26_A,,true,true,Spacebar,1,N/A,1713,N/A,N/A,N/A
355,1770564577821,IR pressed,HF_26_A,,true,true,Spacebar,1,N/A,1713,N/A,N/A,N/A
355,1770564578332,WR pressed,HF_26_A,,true,true,Yes,N/A,N/A,N/A,511,N/A,N/A
355,1770564578333,gap_time,N/A,,true,true,GapTime_802,N/A,N/A,N/A,N/A,N/A,N/A
355,1770564579137,Sentence shown,HF_11_A,,,,N/A,N/A,N/A,N/A,N/A,N/A,N/A
355,1770564583139,gap_time,N/A,,,,GapTime_941,N/A,N/A,N/A,N/A,N/A,N/A
355,1770564584082,Sentence shown,LVL_112_P,true,,,N/A,N/A,N/A,N/A,N/A,N/A,N/A
355,1770564588084,gap_time,N/A,true,,,GapTime_984,N/A,N/A,N/A,N/A,N/A,N/A
355,1770564589071,Sentence shown,LVL_104_A,true,,true,N/A,N/A,N/A,N/A,N/A,N/A,N/A
355,1770564590947,IR pressed,LVL_104_A,true,,true,Spacebar,1,N/A,1876,N/A,N/A,N/A
355,1770564591678,WR pressed,LVL_104_A,true,,true,Yes,N/A,1,N/A,731,N/A,N/A
355,1770564591678,gap_time,N/A,true,,true,GapTime_999,N/A,N/A,N/A,N/A,N/A,N/A
355,1770564592680,Sentence shown,LVL_120_P,true,,,N/A,N/A,N/A,N/A,N/A,N/A,N/A
355,1770564596682,gap_time,N/A,true,,,GapTime_742,N/A,N/A,N/A,N/A,N/A,N/A
355,1770564597426,Sentence shown,HF_24_A,,,,N/A,N/A,N/A,N/A,N/A,N/A,N/A
355,1770564601429,gap_time,N/A,,,,GapTime_947,N/A,N/A,N/A,N/A,N/A,N/A
355,1770564602378,Sentence shown,HF_13_A,,,,N/A,N/A,N/A,N/A,N/A,N/A,N/A
355,1770564606380,gap_time,N/A,,,,GapTime_911,N/A,N/A,N/A,N/A,N/A,N/A
355,1770564607293,Sentence shown,LVL_131_A,true,,,N/A,N/A,N/A,N/A,N/A,N/A,N/A
355,1770564611294,gap_time,N/A,true,,,GapTime_1298,N/A,N/A,N/A,N/A,N/A,N/A
355,1770564612595,Sentence shown,HF_13_A,,true,true,N/A,N/A,N/A,N/A,N/A,N/A,N/A
355,1770564613852,Validation IR pressed,HF_13_A,,true,true,Spacebar,1,N/A,1257,N/A,N/A,N/A
355,1770564613852,IR pressed,HF_13_A,,true,true,Spacebar,1,N/A,1257,N/A,N/A,N/A
355,1770564614533,WR pressed,HF_13_A,,true,true,Yes,N/A,N/A,N/A,681,N/A,N/A
355,1770564614533,gap_time,N/A,,true,true,GapTime_1085,N/A,N/A,N/A,N/A,N/A,N/A
355,1770564615621,Sentence shown,HH_161_P,true,,true,N/A,N/A,N/A,N/A,N/A,N/A,N/A
355,1770564616858,IR pressed,HH_161_P,true,,true,Spacebar,1,N/A,1237,N/A,N/A,N/A
355,1770564617214,WR pressed,HH_161_P,true,,true,Yes,N/A,1,N/A,356,N/A,N/A
355,1770564617215,gap_time,N/A,true,,true,GapTime_1115,N/A,N/A,N/A,N/A,N/A,N/A
355,1770564618332,Sentence shown,LVL_112_P,true,,true,N/A,N/A,N/A,N/A,N/A,N/A,N/A
355,1770564619727,IR pressed,LVL_112_P,true,,true,Spacebar,1,N/A,1395,N/A,N/A,N/A
355,1770564620170,WR pressed,LVL_112_P,true,,true,Yes,N/A,1,N/A,442,N/A,N/A
355,1770564620170,gap_time,N/A,true,,true,GapTime_783,N/A,N/A,N/A,N/A,N/A,N/A
355,1770564620956,Sentence shown,LVL_120_A,true,,true,N/A,N/A,N/A,N/A,N/A,N/A,N/A
355,1770564622919,IR pressed,LVL_120_A,true,,true,Spacebar,1,N/A,1963,N/A,N/A,N/A
355,1770564623204,WR pressed,LVL_120_A,true,,true,Yes,N/A,0,N/A,285,N/A,N/A
355,1770564623205,gap_time,N/A,true,,true,GapTime_785,N/A,N/A,N/A,N/A,N/A,N/A
355,1770564623992,Sentence shown,LVL_131_P,true,,true,N/A,N/A,N/A,N/A,N/A,N/A,N/A
355,1770564625529,IR pressed,LVL_131_P,true,,true,Spacebar,1,N/A,1537,N/A,N/A,N/A
355,1770564625911,WR pressed,LVL_131_P,true,,true,No,N/A,1,N/A,382,N/A,N/A
355,1770564625911,gap_time,N/A,true,,true,GapTime_1175,N/A,N/A,N/A,N/A,N/A,N/A
355,1770564627089,Rest Phase started,N/A,true,,true,Rest,N/A,N/A,N/A,N/A,N/A,N/A
355,1770564654870,Sentence shown,HF_34_A,,,,N/A,N/A,N/A,N/A,N/A,N/A,N/A
355,1770564658872,gap_time,N/A,,,,GapTime_1074,N/A,N/A,N/A,N/A,N/A,N/A
355,1770564659949,Sentence shown,HF_34_A,,true,true,N/A,N/A,N/A,N/A,N/A,N/A,N/A
355,1770564661393,Validation IR pressed,HF_34_A,,true,true,Spacebar,1,N/A,1444,N/A,N/A,N/A
355,1770564661394,IR pressed,HF_34_A,,true,true,Spacebar,1,N/A,1444,N/A,N/A,N/A
355,1770564661711,WR pressed,HF_34_A,,true,true,Yes,N/A,N/A,N/A,317,N/A,N/A
355,1770564661711,gap_time,N/A,,true,true,GapTime_865,N/A,N/A,N/A,N/A,N/A,N/A
355,1770564662579,Sentence shown,HF_57_A,,,,N/A,N/A,N/A,N/A,N/A,N/A,N/A
355,1770564666581,gap_time,N/A,,,,GapTime_716,N/A,N/A,N/A,N/A,N/A,N/A
355,1770564667299,Sentence shown,HF_57_A,,true,true,N/A,N/A,N/A,N/A,N/A,N/A,N/A
355,1770564668569,Validation IR pressed,HF_57_A,,true,true,Spacebar,1,N/A,1270,N/A,N/A,N/A
355,1770564668569,IR pressed,HF_57_A,,true,true,Spacebar,1,N/A,1270,N/A,N/A,N/A
355,1770564669078,WR pressed,HF_57_A,,true,true,Yes,N/A,N/A,N/A,509,N/A,N/A
355,1770564669079,gap_time,N/A,,true,true,GapTime_1171,N/A,N/A,N/A,N/A,N/A,N/A
355,1770564670252,Sentence shown,HF_45_A,,,,N/A,N/A,N/A,N/A,N/A,N/A,N/A
355,1770564674254,gap_time,N/A,,,,GapTime_972,N/A,N/A,N/A,N/A,N/A,N/A
355,1770564675228,Sentence shown,HF_51_A,,,,N/A,N/A,N/A,N/A,N/A,N/A,N/A
355,1770564679230,gap_time,N/A,,,,GapTime_1271,N/A,N/A,N/A,N/A,N/A,N/A
355,1770564680504,Sentence shown,HF_45_A,,true,true,N/A,N/A,N/A,N/A,N/A,N/A,N/A
355,1770564681821,Validation IR pressed,HF_45_A,,true,true,Spacebar,1,N/A,1317,N/A,N/A,N/A
355,1770564681821,IR pressed,HF_45_A,,true,true,Spacebar,1,N/A,1317,N/A,N/A,N/A
355,1770564682105,WR pressed,HF_45_A,,true,true,Yes,N/A,N/A,N/A,284,N/A,N/A
355,1770564682105,gap_time,N/A,,true,true,GapTime_878,N/A,N/A,N/A,N/A,N/A,N/A
355,1770564682986,Sentence shown,HF_43_A,,,,N/A,N/A,N/A,N/A,N/A,N/A,N/A
355,1770564686988,gap_time,N/A,,,,GapTime_868,N/A,N/A,N/A,N/A,N/A,N/A
355,1770564687859,Sentence shown,HF_35_A,,,,N/A,N/A,N/A,N/A,N/A,N/A,N/A
355,1770564691861,gap_time,N/A,,,,GapTime_899,N/A,N/A,N/A,N/A,N/A,N/A
355,1770564692762,Sentence shown,HVL_126_A,true,,,N/A,N/A,N/A,N/A,N/A,N/A,N/A
355,1770564696764,gap_time,N/A,true,,,GapTime_1098,N/A,N/A,N/A,N/A,N/A,N/A
355,1770564697864,Sentence shown,HF_59_A,,,,N/A,N/A,N/A,N/A,N/A,N/A,N/A
355,1770564701867,gap_time,N/A,,,,GapTime_1130,N/A,N/A,N/A,N/A,N/A,N/A
355,1770564702999,Sentence shown,HF_47_A,,,,N/A,N/A,N/A,N/A,N/A,N/A,N/A
355,1770564707001,gap_time,N/A,,,,GapTime_951,N/A,N/A,N/A,N/A,N/A,N/A
355,1770564707954,Sentence shown,HF_37_A,,,,N/A,N/A,N/A,N/A,N/A,N/A,N/A
355,1770564711957,gap_time,N/A,,,,GapTime_1279,N/A,N/A,N/A,N/A,N/A,N/A
355,1770564713238,Sentence shown,HH_186_A,true,,,N/A,N/A,N/A,N/A,N/A,N/A,N/A
355,1770564717240,gap_time,N/A,true,,,GapTime_1290,N/A,N/A,N/A,N/A,N/A,N/A
355,1770564718532,Sentence shown,HF_53_A,,,,N/A,N/A,N/A,N/A,N/A,N/A,N/A
355,1770564722534,gap_time,N/A,,,,GapTime_1215,N/A,N/A,N/A,N/A,N/A,N/A
355,1770564723751,Sentence shown,HF_53_A,,true,true,N/A,N/A,N/A,N/A,N/A,N/A,N/A
355,1770564724810,Validation IR pressed,HF_53_A,,true,true,Spacebar,1,N/A,1059,N/A,N/A,N/A
355,1770564724810,IR pressed,HF_53_A,,true,true,Spacebar,1,N/A,1059,N/A,N/A,N/A
355,1770564725107,WR pressed,HF_53_A,,true,true,Yes,N/A,N/A,N/A,297,N/A,N/A
355,1770564725108,gap_time,N/A,,true,true,GapTime_957,N/A,N/A,N/A,N/A,N/A,N/A
355,1770564726067,Sentence shown,HF_44_A,,,,N/A,N/A,N/A,N/A,N/A,N/A,N/A
355,1770564730069,gap_time,N/A,,,,GapTime_810,N/A,N/A,N/A,N/A,N/A,N/A
355,1770564730881,Sentence shown,LVH_136_A,true,,,N/A,N/A,N/A,N/A,N/A,N/A,N/A
355,1770564734884,gap_time,N/A,true,,,GapTime_1243,N/A,N/A,N/A,N/A,N/A,N/A
355,1770564736129,Sentence shown,HVL_126_A,true,,true,N/A,N/A,N/A,N/A,N/A,N/A,N/A
355,1770564737927,IR pressed,HVL_126_A,true,,true,Spacebar,1,N/A,1798,N/A,N/A,N/A
355,1770564738410,WR pressed,HVL_126_A,true,,true,Yes,N/A,1,N/A,483,N/A,N/A
355,1770564738411,gap_time,N/A,true,,true,GapTime_703,N/A,N/A,N/A,N/A,N/A,N/A
355,1770564739116,Sentence shown,HF_50_A,,,,N/A,N/A,N/A,N/A,N/A,N/A,N/A
355,1770564743118,gap_time,N/A,,,,GapTime_780,N/A,N/A,N/A,N/A,N/A,N/A
355,1770564743900,Sentence shown,HF_50_A,,true,true,N/A,N/A,N/A,N/A,N/A,N/A,N/A
355,1770564745515,Validation IR pressed,HF_50_A,,true,true,Spacebar,1,N/A,1614,N/A,N/A,N/A
355,1770564745515,IR pressed,HF_50_A,,true,true,Spacebar,1,N/A,1614,N/A,N/A,N/A
355,1770564746247,WR pressed,HF_50_A,,true,true,Yes,N/A,N/A,N/A,732,N/A,N/A
355,1770564746248,gap_time,N/A,,true,true,GapTime_738,N/A,N/A,N/A,N/A,N/A,N/A
355,1770564746988,Sentence shown,HH_183_P,true,,,N/A,N/A,N/A,N/A,N/A,N/A,N/A
355,1770564750991,gap_time,N/A,true,,,GapTime_1185,N/A,N/A,N/A,N/A,N/A,N/A
355,1770564752178,Sentence shown,HH_186_P,true,,true,N/A,N/A,N/A,N/A,N/A,N/A,N/A
355,1770564753719,IR pressed,HH_186_P,true,,true,Spacebar,1,N/A,1541,N/A,N/A,N/A
355,1770564754175,WR pressed,HH_186_P,true,,true,No,N/A,1,N/A,456,N/A,N/A
355,1770564754175,gap_time,N/A,true,,true,GapTime_1263,N/A,N/A,N/A,N/A,N/A,N/A
355,1770564755441,Sentence shown,HF_48_A,,,,N/A,N/A,N/A,N/A,N/A,N/A,N/A
355,1770564759443,gap_time,N/A,,,,GapTime_1119,N/A,N/A,N/A,N/A,N/A,N/A
355,1770564760564,Sentence shown,HF_58_A,,,,N/A,N/A,N/A,N/A,N/A,N/A,N/A
355,1770564764566,gap_time,N/A,,,,GapTime_1233,N/A,N/A,N/A,N/A,N/A,N/A
355,1770564765801,Sentence shown,HF_38_A,,,,N/A,N/A,N/A,N/A,N/A,N/A,N/A
355,1770564769802,gap_time,N/A,,,,GapTime_822,N/A,N/A,N/A,N/A,N/A,N/A
355,1770564770626,Sentence shown,HVL_152_P,true,,,N/A,N/A,N/A,N/A,N/A,N/A,N/A
355,1770564774628,gap_time,N/A,true,,,GapTime_1011,N/A,N/A,N/A,N/A,N/A,N/A
355,1770564775641,Sentence shown,HF_38_A,,true,true,N/A,N/A,N/A,N/A,N/A,N/A,N/A
355,1770564777186,Validation IR pressed,HF_38_A,,true,true,Spacebar,1,N/A,1545,N/A,N/A,N/A
355,1770564777186,IR pressed,HF_38_A,,true,true,Spacebar,1,N/A,1545,N/A,N/A,N/A
355,1770564777695,WR pressed,HF_38_A,,true,true,Yes,N/A,N/A,N/A,509,N/A,N/A
355,1770564777695,gap_time,N/A,,true,true,GapTime_932,N/A,N/A,N/A,N/A,N/A,N/A
355,1770564778630,Sentence shown,LVH_136_A,true,,true,N/A,N/A,N/A,N/A,N/A,N/A,N/A
355,1770564780144,IR pressed,LVH_136_A,true,,true,Spacebar,1,N/A,1514,N/A,N/A,N/A
355,1770564780543,WR pressed,LVH_136_A,true,,true,Yes,N/A,1,N/A,399,N/A,N/A
355,1770564780544,gap_time,N/A,true,,true,GapTime_1231,N/A,N/A,N/A,N/A,N/A,N/A
355,1770564781777,Sentence shown,LVH_141_P,true,,,N/A,N/A,N/A,N/A,N/A,N/A,N/A
355,1770564785779,gap_time,N/A,true,,,GapTime_1026,N/A,N/A,N/A,N/A,N/A,N/A
355,1770564786808,Sentence shown,LVL_142_P,true,,,N/A,N/A,N/A,N/A,N/A,N/A,N/A
355,1770564790809,gap_time,N/A,true,,,GapTime_1218,N/A,N/A,N/A,N/A,N/A,N/A
355,1770564792030,Sentence shown,HH_183_P,true,,true,N/A,N/A,N/A,N/A,N/A,N/A,N/A
355,1770564793452,IR pressed,HH_183_P,true,,true,Spacebar,1,N/A,1422,N/A,N/A,N/A
355,1770564794924,WR pressed,HH_183_P,true,,true,Yes,N/A,1,N/A,1472,N/A,N/A
355,1770564794925,gap_time,N/A,true,,true,GapTime_714,N/A,N/A,N/A,N/A,N/A,N/A
355,1770564795641,Sentence shown,HF_41_A,,,,N/A,N/A,N/A,N/A,N/A,N/A,N/A
355,1770564799644,gap_time,N/A,,,,GapTime_1022,N/A,N/A,N/A,N/A,N/A,N/A
355,1770564800667,Sentence shown,HF_52_A,,,,N/A,N/A,N/A,N/A,N/A,N/A,N/A
355,1770564804670,gap_time,N/A,,,,GapTime_834,N/A,N/A,N/A,N/A,N/A,N/A
355,1770564805507,Sentence shown,HVL_152_P,true,,true,N/A,N/A,N/A,N/A,N/A,N/A,N/A
355,1770564807869,IR pressed,HVL_152_P,true,,true,Spacebar,1,N/A,2362,N/A,N/A,N/A
355,1770564809139,WR pressed,HVL_152_P,true,,true,No,N/A,0,N/A,1270,N/A,N/A
355,1770564809140,gap_time,N/A,true,,true,GapTime_851,N/A,N/A,N/A,N/A,N/A,N/A
355,1770564809993,Sentence shown,HF_39_A,,,,N/A,N/A,N/A,N/A,N/A,N/A,N/A
355,1770564813995,gap_time,N/A,,,,GapTime_798,N/A,N/A,N/A,N/A,N/A,N/A
355,1770564814796,Sentence shown,HF_39_A,,true,true,N/A,N/A,N/A,N/A,N/A,N/A,N/A
355,1770564815835,Validation IR pressed,HF_39_A,,true,true,Spacebar,1,N/A,1039,N/A,N/A,N/A
355,1770564815835,IR pressed,HF_39_A,,true,true,Spacebar,1,N/A,1039,N/A,N/A,N/A
355,1770564816113,WR pressed,HF_39_A,,true,true,Yes,N/A,N/A,N/A,278,N/A,N/A
355,1770564816113,gap_time,N/A,,true,true,GapTime_939,N/A,N/A,N/A,N/A,N/A,N/A
355,1770564817054,Sentence shown,LVH_141_P,true,,true,N/A,N/A,N/A,N/A,N/A,N/A,N/A
355,1770564818771,IR pressed,LVH_141_P,true,,true,Spacebar,1,N/A,1717,N/A,N/A,N/A
355,1770564819121,WR pressed,LVH_141_P,true,,true,Yes,N/A,1,N/A,350,N/A,N/A
355,1770564819121,gap_time,N/A,true,,true,GapTime_970,N/A,N/A,N/A,N/A,N/A,N/A
355,1770564820094,Sentence shown,HVL_105_A,true,,,N/A,N/A,N/A,N/A,N/A,N/A,N/A
355,1770564824096,gap_time,N/A,true,,,GapTime_1158,N/A,N/A,N/A,N/A,N/A,N/A
355,1770564825256,Sentence shown,HF_63_A,,,,N/A,N/A,N/A,N/A,N/A,N/A,N/A
355,1770564829258,gap_time,N/A,,,,GapTime_1219,N/A,N/A,N/A,N/A,N/A,N/A
355,1770564830479,Sentence shown,LVL_148_P,true,,,N/A,N/A,N/A,N/A,N/A,N/A,N/A
355,1770564834481,gap_time,N/A,true,,,GapTime_843,N/A,N/A,N/A,N/A,N/A,N/A
355,1770564835326,Sentence shown,LVL_142_P,true,,true,N/A,N/A,N/A,N/A,N/A,N/A,N/A
355,1770564836930,IR pressed,LVL_142_P,true,,true,Spacebar,1,N/A,1604,N/A,N/A,N/A
355,1770564838008,WR pressed,LVL_142_P,true,,true,Yes,N/A,1,N/A,1078,N/A,N/A
355,1770564838008,gap_time,N/A,true,,true,GapTime_1061,N/A,N/A,N/A,N/A,N/A,N/A
355,1770564839071,Sentence shown,HH_137_P,true,,,N/A,N/A,N/A,N/A,N/A,N/A,N/A
355,1770564843074,gap_time,N/A,true,,,GapTime_1101,N/A,N/A,N/A,N/A,N/A,N/A
355,1770564844177,Sentence shown,LVL_103_A,true,,,N/A,N/A,N/A,N/A,N/A,N/A,N/A
355,1770564848179,gap_time,N/A,true,,,GapTime_800,N/A,N/A,N/A,N/A,N/A,N/A
355,1770564848981,Sentence shown,LVL_130_A,true,,,N/A,N/A,N/A,N/A,N/A,N/A,N/A
355,1770564852983,gap_time,N/A,true,,,GapTime_1017,N/A,N/A,N/A,N/A,N/A,N/A
355,1770564854003,Sentence shown,LVH_130_A,true,,,N/A,N/A,N/A,N/A,N/A,N/A,N/A
355,1770564858005,gap_time,N/A,true,,,GapTime_1183,N/A,N/A,N/A,N/A,N/A,N/A
355,1770564859190,Sentence shown,HF_60_A,,,,N/A,N/A,N/A,N/A,N/A,N/A,N/A
355,1770564863193,gap_time,N/A,,,,GapTime_1008,N/A,N/A,N/A,N/A,N/A,N/A
355,1770564864203,Sentence shown,HVL_105_P,true,,true,N/A,N/A,N/A,N/A,N/A,N/A,N/A
355,1770564866231,IR pressed,HVL_105_P,true,,true,Spacebar,1,N/A,2028,N/A,N/A,N/A
355,1770564866758,WR pressed,HVL_105_P,true,,true,No,N/A,1,N/A,527,N/A,N/A
355,1770564866758,gap_time,N/A,true,,true,GapTime_1235,N/A,N/A,N/A,N/A,N/A,N/A
355,1770564867995,Sentence shown,HF_54_A,,,,N/A,N/A,N/A,N/A,N/A,N/A,N/A
355,1770564871997,gap_time,N/A,,,,GapTime_1157,N/A,N/A,N/A,N/A,N/A,N/A
355,1770564873156,Sentence shown,HH_137_A,true,,true,N/A,N/A,N/A,N/A,N/A,N/A,N/A
355,1770564877158,gap_time,N/A,true,,true,GapTime_1129,N/A,N/A,N/A,N/A,N/A,N/A
355,1770564878290,Sentence shown,HF_56_A,,,,N/A,N/A,N/A,N/A,N/A,N/A,N/A
355,1770564882292,gap_time,N/A,,,,GapTime_916,N/A,N/A,N/A,N/A,N/A,N/A
355,1770564883210,Sentence shown,LVL_103_P,true,,true,N/A,N/A,N/A,N/A,N/A,N/A,N/A
355,1770564884766,IR pressed,LVL_103_P,true,,true,Spacebar,1,N/A,1556,N/A,N/A,N/A
355,1770564885465,WR pressed,LVL_103_P,true,,true,No,N/A,1,N/A,699,N/A,N/A
355,1770564885466,gap_time,N/A,true,,true,GapTime_739,N/A,N/A,N/A,N/A,N/A,N/A
355,1770564886207,Sentence shown,LVL_148_A,true,,true,N/A,N/A,N/A,N/A,N/A,N/A,N/A
355,1770564888182,IR pressed,LVL_148_A,true,,true,Spacebar,1,N/A,1975,N/A,N/A,N/A
355,1770564888643,WR pressed,LVL_148_A,true,,true,No,N/A,1,N/A,461,N/A,N/A
355,1770564888643,gap_time,N/A,true,,true,GapTime_843,N/A,N/A,N/A,N/A,N/A,N/A
355,1770564889489,Sentence shown,HF_55_A,,,,N/A,N/A,N/A,N/A,N/A,N/A,N/A
355,1770564893491,gap_time,N/A,,,,GapTime_1213,N/A,N/A,N/A,N/A,N/A,N/A
355,1770564894705,Sentence shown,HF_36_A,,,,N/A,N/A,N/A,N/A,N/A,N/A,N/A
355,1770564898707,gap_time,N/A,,,,GapTime_1256,N/A,N/A,N/A,N/A,N/A,N/A
355,1770564899966,Sentence shown,LVL_130_A,true,,true,N/A,N/A,N/A,N/A,N/A,N/A,N/A
355,1770564901587,IR pressed,LVL_130_A,true,,true,Spacebar,1,N/A,1621,N/A,N/A,N/A
355,1770564902101,WR pressed,LVL_130_A,true,,true,Yes,N/A,1,N/A,514,N/A,N/A
355,1770564902102,gap_time,N/A,true,,true,GapTime_1018,N/A,N/A,N/A,N/A,N/A,N/A
355,1770564903122,Sentence shown,HF_36_A,,true,true,N/A,N/A,N/A,N/A,N/A,N/A,N/A
355,1770564904166,Validation IR pressed,HF_36_A,,true,true,Spacebar,1,N/A,1044,N/A,N/A,N/A
355,1770564904166,IR pressed,HF_36_A,,true,true,Spacebar,1,N/A,1044,N/A,N/A,N/A
355,1770564904424,WR pressed,HF_36_A,,true,true,Yes,N/A,N/A,N/A,258,N/A,N/A
355,1770564904424,gap_time,N/A,,true,true,GapTime_907,N/A,N/A,N/A,N/A,N/A,N/A
355,1770564905333,Sentence shown,LVH_130_P,true,,true,N/A,N/A,N/A,N/A,N/A,N/A,N/A
355,1770564909335,gap_time,N/A,true,,true,GapTime_1021,N/A,N/A,N/A,N/A,N/A,N/A
355,1770564910359,Sentence shown,HF_64_A,,,,N/A,N/A,N/A,N/A,N/A,N/A,N/A
355,1770564914361,gap_time,N/A,,,,GapTime_1130,N/A,N/A,N/A,N/A,N/A,N/A
355,1770564915493,Sentence shown,HVL_100_P,true,,,N/A,N/A,N/A,N/A,N/A,N/A,N/A
355,1770564919495,gap_time,N/A,true,,,GapTime_1066,N/A,N/A,N/A,N/A,N/A,N/A
355,1770564920564,Sentence shown,HF_62_A,,,,N/A,N/A,N/A,N/A,N/A,N/A,N/A
355,1770564924567,gap_time,N/A,,,,GapTime_1093,N/A,N/A,N/A,N/A,N/A,N/A
355,1770564925662,Sentence shown,HH_171_A,true,,,N/A,N/A,N/A,N/A,N/A,N/A,N/A
355,1770564929664,gap_time,N/A,true,,,GapTime_949,N/A,N/A,N/A,N/A,N/A,N/A
355,1770564930615,Sentence shown,HF_62_A,,true,true,N/A,N/A,N/A,N/A,N/A,N/A,N/A
355,1770564931853,Validation IR pressed,HF_62_A,,true,true,Spacebar,1,N/A,1238,N/A,N/A,N/A
355,1770564931853,IR pressed,HF_62_A,,true,true,Spacebar,1,N/A,1238,N/A,N/A,N/A
355,1770564932177,WR pressed,HF_62_A,,true,true,Yes,N/A,N/A,N/A,324,N/A,N/A
355,1770564932177,gap_time,N/A,,true,true,GapTime_1287,N/A,N/A,N/A,N/A,N/A,N/A
355,1770564933467,Sentence shown,HF_42_A,,,,N/A,N/A,N/A,N/A,N/A,N/A,N/A
355,1770564937469,gap_time,N/A,,,,GapTime_721,N/A,N/A,N/A,N/A,N/A,N/A
355,1770564938193,Sentence shown,HF_49_A,,,,N/A,N/A,N/A,N/A,N/A,N/A,N/A
355,1770564942195,gap_time,N/A,,,,GapTime_950,N/A,N/A,N/A,N/A,N/A,N/A
355,1770564943148,Sentence shown,HF_46_A,,,,N/A,N/A,N/A,N/A,N/A,N/A,N/A
355,1770564947150,gap_time,N/A,,,,GapTime_867,N/A,N/A,N/A,N/A,N/A,N/A
355,1770564948019,Sentence shown,HF_61_A,,,,N/A,N/A,N/A,N/A,N/A,N/A,N/A
355,1770564952021,gap_time,N/A,,,,GapTime_1161,N/A,N/A,N/A,N/A,N/A,N/A
355,1770564953184,Sentence shown,HH_171_A,true,,true,N/A,N/A,N/A,N/A,N/A,N/A,N/A
355,1770564954837,IR pressed,HH_171_A,true,,true,Spacebar,1,N/A,1653,N/A,N/A,N/A
355,1770564955396,WR pressed,HH_171_A,true,,true,Yes,N/A,1,N/A,559,N/A,N/A
355,1770564955397,gap_time,N/A,true,,true,GapTime_1186,N/A,N/A,N/A,N/A,N/A,N/A
355,1770564956585,Sentence shown,HF_65_A,,,,N/A,N/A,N/A,N/A,N/A,N/A,N/A
355,1770564960587,gap_time,N/A,,,,GapTime_961,N/A,N/A,N/A,N/A,N/A,N/A
355,1770564961550,Sentence shown,HVL_100_A,true,,true,N/A,N/A,N/A,N/A,N/A,N/A,N/A
355,1770564962993,IR pressed,HVL_100_A,true,,true,Spacebar,1,N/A,1443,N/A,N/A,N/A
355,1770564964810,WR pressed,HVL_100_A,true,,true,No,N/A,1,N/A,1817,N/A,N/A
355,1770564964811,gap_time,N/A,true,,true,GapTime_945,N/A,N/A,N/A,N/A,N/A,N/A
355,1770564965758,Sentence shown,LVH_181_P,true,,,N/A,N/A,N/A,N/A,N/A,N/A,N/A
355,1770564969760,gap_time,N/A,true,,,GapTime_1138,N/A,N/A,N/A,N/A,N/A,N/A
355,1770564970900,Sentence shown,HF_65_A,,true,true,N/A,N/A,N/A,N/A,N/A,N/A,N/A
355,1770564972116,Validation IR pressed,HF_65_A,,true,true,Spacebar,1,N/A,1216,N/A,N/A,N/A
355,1770564972116,IR pressed,HF_65_A,,true,true,Spacebar,1,N/A,1216,N/A,N/A,N/A
355,1770564972932,WR pressed,HF_65_A,,true,true,Yes,N/A,N/A,N/A,816,N/A,N/A
355,1770564972932,gap_time,N/A,,true,true,GapTime_1172,N/A,N/A,N/A,N/A,N/A,N/A
355,1770564974106,Sentence shown,HF_40_A,,,,N/A,N/A,N/A,N/A,N/A,N/A,N/A
355,1770564976528,Validation Wrong IR pressed,HF_40_A,,,,Spacebar,0,N/A,2422,N/A,N/A,N/A
355,1770564976528,IR pressed,HF_40_A,,,,Spacebar,0,N/A,2422,N/A,N/A,N/A
355,1770564976811,WR pressed,HF_40_A,,,,Yes,N/A,N/A,N/A,283,N/A,N/A
355,1770564976811,gap_time,N/A,,,,GapTime_818,N/A,N/A,N/A,N/A,N/A,N/A
355,1770564977631,Sentence shown,LVH_181_A,true,,true,N/A,N/A,N/A,N/A,N/A,N/A,N/A
355,1770564979837,IR pressed,LVH_181_A,true,,true,Spacebar,1,N/A,2206,N/A,N/A,N/A
355,1770564980952,WR pressed,LVH_181_A,true,,true,No,N/A,1,N/A,1115,N/A,N/A
355,1770564980952,gap_time,N/A,true,,true,GapTime_917,N/A,N/A,N/A,N/A,N/A,N/A
355,1770564981872,Rest Phase started,N/A,true,,true,Rest,N/A,N/A,N/A,N/A,N/A,N/A
355,1770565038400,Sentence shown,LVL_123_P,true,,,N/A,N/A,N/A,N/A,N/A,N/A,N/A
355,1770565042402,gap_time,N/A,true,,,GapTime_798,N/A,N/A,N/A,N/A,N/A,N/A
355,1770565043203,Sentence shown,HF_95_A,,,,N/A,N/A,N/A,N/A,N/A,N/A,N/A
355,1770565047206,gap_time,N/A,,,,GapTime_730,N/A,N/A,N/A,N/A,N/A,N/A
355,1770565047938,Sentence shown,HF_68_A,,,,N/A,N/A,N/A,N/A,N/A,N/A,N/A
355,1770565051940,gap_time,N/A,,,,GapTime_811,N/A,N/A,N/A,N/A,N/A,N/A
355,1770565052753,Sentence shown,HF_76_A,,,,N/A,N/A,N/A,N/A,N/A,N/A,N/A
355,1770565056755,gap_time,N/A,,,,GapTime_1236,N/A,N/A,N/A,N/A,N/A,N/A
355,1770565057994,Sentence shown,HF_95_A,,true,true,N/A,N/A,N/A,N/A,N/A,N/A,N/A
355,1770565059413,Validation IR pressed,HF_95_A,,true,true,Spacebar,1,N/A,1419,N/A,N/A,N/A
355,1770565059413,IR pressed,HF_95_A,,true,true,Spacebar,1,N/A,1419,N/A,N/A,N/A
355,1770565060741,WR pressed,HF_95_A,,true,true,Yes,N/A,N/A,N/A,1328,N/A,N/A
355,1770565060741,gap_time,N/A,,true,true,GapTime_1115,N/A,N/A,N/A,N/A,N/A,N/A
355,1770565061859,Sentence shown,LVL_109_P,true,,,N/A,N/A,N/A,N/A,N/A,N/A,N/A
355,1770565065861,gap_time,N/A,true,,,GapTime_865,N/A,N/A,N/A,N/A,N/A,N/A
355,1770565066728,Sentence shown,HF_85_A,,,,N/A,N/A,N/A,N/A,N/A,N/A,N/A
355,1770565070730,gap_time,N/A,,,,GapTime_857,N/A,N/A,N/A,N/A,N/A,N/A
355,1770565071590,Sentence shown,HF_76_A,,true,true,N/A,N/A,N/A,N/A,N/A,N/A,N/A
355,1770565072883,Validation IR pressed,HF_76_A,,true,true,Spacebar,1,N/A,1293,N/A,N/A,N/A
355,1770565072883,IR pressed,HF_76_A,,true,true,Spacebar,1,N/A,1293,N/A,N/A,N/A
355,1770565074136,WR pressed,HF_76_A,,true,true,Yes,N/A,N/A,N/A,1253,N/A,N/A
355,1770565074136,gap_time,N/A,,true,true,GapTime_959,N/A,N/A,N/A,N/A,N/A,N/A
355,1770565075098,Sentence shown,HH_170_P,true,,,N/A,N/A,N/A,N/A,N/A,N/A,N/A
355,1770565079100,gap_time,N/A,true,,,GapTime_1107,N/A,N/A,N/A,N/A,N/A,N/A
355,1770565080208,Sentence shown,HF_73_A,,,,N/A,N/A,N/A,N/A,N/A,N/A,N/A
355,1770565084210,gap_time,N/A,,,,GapTime_955,N/A,N/A,N/A,N/A,N/A,N/A
355,1770565085167,Sentence shown,LVL_123_P,true,,true,N/A,N/A,N/A,N/A,N/A,N/A,N/A
355,1770565086332,IR pressed,LVL_123_P,true,,true,Spacebar,1,N/A,1165,N/A,N/A,N/A
355,1770565087678,WR pressed,LVL_123_P,true,,true,Yes,N/A,1,N/A,1346,N/A,N/A
355,1770565087678,gap_time,N/A,true,,true,GapTime_1022,N/A,N/A,N/A,N/A,N/A,N/A
355,1770565088703,Sentence shown,HF_90_A,,,,N/A,N/A,N/A,N/A,N/A,N/A,N/A
355,1770565092705,gap_time,N/A,,,,GapTime_899,N/A,N/A,N/A,N/A,N/A,N/A
355,1770565093606,Sentence shown,LVL_109_A,true,,true,N/A,N/A,N/A,N/A,N/A,N/A,N/A
355,1770565094862,IR pressed,LVL_109_A,true,,true,Spacebar,1,N/A,1256,N/A,N/A,N/A
355,1770565096660,WR pressed,LVL_109_A,true,,true,Yes,N/A,0,N/A,1798,N/A,N/A
355,1770565096660,gap_time,N/A,true,,true,GapTime_1220,N/A,N/A,N/A,N/A,N/A,N/A
355,1770565097882,Sentence shown,HF_87_A,,,,N/A,N/A,N/A,N/A,N/A,N/A,N/A
355,1770565101884,gap_time,N/A,,,,GapTime_889,N/A,N/A,N/A,N/A,N/A,N/A
355,1770565102776,Sentence shown,HH_170_A,true,,true,N/A,N/A,N/A,N/A,N/A,N/A,N/A
355,1770565106777,gap_time,N/A,true,,true,GapTime_878,N/A,N/A,N/A,N/A,N/A,N/A
355,1770565107658,Sentence shown,HF_88_A,,,,N/A,N/A,N/A,N/A,N/A,N/A,N/A
355,1770565111660,gap_time,N/A,,,,GapTime_812,N/A,N/A,N/A,N/A,N/A,N/A
355,1770565112475,Sentence shown,HF_88_A,,true,true,N/A,N/A,N/A,N/A,N/A,N/A,N/A
355,1770565113544,Validation IR pressed,HF_88_A,,true,true,Spacebar,1,N/A,1069,N/A,N/A,N/A
355,1770565113544,IR pressed,HF_88_A,,true,true,Spacebar,1,N/A,1069,N/A,N/A,N/A
355,1770565114195,WR pressed,HF_88_A,,true,true,Yes,N/A,N/A,N/A,651,N/A,N/A
355,1770565114195,gap_time,N/A,,true,true,GapTime_716,N/A,N/A,N/A,N/A,N/A,N/A
355,1770565114913,Sentence shown,HF_75_A,,,,N/A,N/A,N/A,N/A,N/A,N/A,N/A
355,1770565118916,gap_time,N/A,,,,GapTime_1065,N/A,N/A,N/A,N/A,N/A,N/A
355,1770565119983,Sentence shown,LVH_118_A,true,,,N/A,N/A,N/A,N/A,N/A,N/A,N/A
355,1770565123985,gap_time,N/A,true,,,GapTime_1226,N/A,N/A,N/A,N/A,N/A,N/A
355,1770565125214,Sentence shown,LVH_156_P,true,,,N/A,N/A,N/A,N/A,N/A,N/A,N/A
355,1770565129216,gap_time,N/A,true,,,GapTime_966,N/A,N/A,N/A,N/A,N/A,N/A
355,1770565130184,Sentence shown,HF_75_A,,true,true,N/A,N/A,N/A,N/A,N/A,N/A,N/A
355,1770565131196,Validation IR pressed,HF_75_A,,true,true,Spacebar,1,N/A,1012,N/A,N/A,N/A
355,1770565131196,IR pressed,HF_75_A,,true,true,Spacebar,1,N/A,1012,N/A,N/A,N/A
355,1770565131543,WR pressed,HF_75_A,,true,true,Yes,N/A,N/A,N/A,347,N/A,N/A
355,1770565131543,gap_time,N/A,,true,true,GapTime_762,N/A,N/A,N/A,N/A,N/A,N/A
355,1770565132308,Sentence shown,LVH_124_P,true,,,N/A,N/A,N/A,N/A,N/A,N/A,N/A
355,1770565136309,gap_time,N/A,true,,,GapTime_919,N/A,N/A,N/A,N/A,N/A,N/A
355,1770565137230,Sentence shown,HH_154_P,true,,,N/A,N/A,N/A,N/A,N/A,N/A,N/A
355,1770565141232,gap_time,N/A,true,,,GapTime_737,N/A,N/A,N/A,N/A,N/A,N/A
355,1770565141971,Sentence shown,HF_83_A,,,,N/A,N/A,N/A,N/A,N/A,N/A,N/A
355,1770565145972,gap_time,N/A,,,,GapTime_873,N/A,N/A,N/A,N/A,N/A,N/A
355,1770565146848,Sentence shown,HF_89_A,,,,N/A,N/A,N/A,N/A,N/A,N/A,N/A
355,1770565150849,gap_time,N/A,,,,GapTime_1202,N/A,N/A,N/A,N/A,N/A,N/A
355,1770565152053,Sentence shown,HF_77_A,,,,N/A,N/A,N/A,N/A,N/A,N/A,N/A
355,1770565156056,gap_time,N/A,,,,GapTime_1208,N/A,N/A,N/A,N/A,N/A,N/A
355,1770565157266,Sentence shown,LVL_138_A,true,,,N/A,N/A,N/A,N/A,N/A,N/A,N/A
355,1770565161268,gap_time,N/A,true,,,GapTime_1057,N/A,N/A,N/A,N/A,N/A,N/A
355,1770565162327,Sentence shown,HF_89_A,,true,true,N/A,N/A,N/A,N/A,N/A,N/A,N/A
355,1770565163453,Validation IR pressed,HF_89_A,,true,true,Spacebar,1,N/A,1125,N/A,N/A,N/A
355,1770565163453,IR pressed,HF_89_A,,true,true,Spacebar,1,N/A,1125,N/A,N/A,N/A
355,1770565163724,WR pressed,HF_89_A,,true,true,Yes,N/A,N/A,N/A,271,N/A,N/A
355,1770565163724,gap_time,N/A,,true,true,GapTime_1182,N/A,N/A,N/A,N/A,N/A,N/A
355,1770565164908,Sentence shown,LVH_118_A,true,,true,N/A,N/A,N/A,N/A,N/A,N/A,N/A
355,1770565168910,gap_time,N/A,true,,true,GapTime_852,N/A,N/A,N/A,N/A,N/A,N/A
355,1770565169765,Sentence shown,HF_94_A,,,,N/A,N/A,N/A,N/A,N/A,N/A,N/A
355,1770565173767,gap_time,N/A,,,,GapTime_1098,N/A,N/A,N/A,N/A,N/A,N/A
355,1770565174867,Sentence shown,LVH_156_A,true,,true,N/A,N/A,N/A,N/A,N/A,N/A,N/A
355,1770565176520,IR pressed,LVH_156_A,true,,true,Spacebar,1,N/A,1653,N/A,N/A,N/A
355,1770565177161,WR pressed,LVH_156_A,true,,true,No,N/A,1,N/A,641,N/A,N/A
355,1770565177162,gap_time,N/A,true,,true,GapTime_1242,N/A,N/A,N/A,N/A,N/A,N/A
355,1770565178406,Sentence shown,HH_155_A,true,,,N/A,N/A,N/A,N/A,N/A,N/A,N/A
355,1770565182408,gap_time,N/A,true,,,GapTime_1195,N/A,N/A,N/A,N/A,N/A,N/A
355,1770565183605,Sentence shown,LVH_124_P,true,,true,N/A,N/A,N/A,N/A,N/A,N/A,N/A
355,1770565184720,IR pressed,LVH_124_P,true,,true,Spacebar,1,N/A,1115,N/A,N/A,N/A
355,1770565185104,WR pressed,LVH_124_P,true,,true,Yes,N/A,1,N/A,384,N/A,N/A
355,1770565185104,gap_time,N/A,true,,true,GapTime_1092,N/A,N/A,N/A,N/A,N/A,N/A
355,1770565186199,Sentence shown,HF_74_A,,,,N/A,N/A,N/A,N/A,N/A,N/A,N/A
355,1770565190201,gap_time,N/A,,,,GapTime_902,N/A,N/A,N/A,N/A,N/A,N/A
355,1770565191105,Sentence shown,HH_154_P,true,,true,N/A,N/A,N/A,N/A,N/A,N/A,N/A
355,1770565192336,IR pressed,HH_154_P,true,,true,Spacebar,1,N/A,1231,N/A,N/A,N/A
355,1770565192537,WR pressed,HH_154_P,true,,true,Yes,N/A,1,N/A,201,N/A,N/A
355,1770565192537,gap_time,N/A,true,,true,GapTime_1179,N/A,N/A,N/A,N/A,N/A,N/A
355,1770565193718,Sentence shown,HF_91_A,,,,N/A,N/A,N/A,N/A,N/A,N/A,N/A
355,1770565197720,gap_time,N/A,,,,GapTime_1070,N/A,N/A,N/A,N/A,N/A,N/A
355,1770565198792,Sentence shown,LVL_138_A,true,,true,N/A,N/A,N/A,N/A,N/A,N/A,N/A
355,1770565199816,IR pressed,LVL_138_A,true,,true,Spacebar,1,N/A,1024,N/A,N/A,N/A
355,1770565200035,WR pressed,LVL_138_A,true,,true,Yes,N/A,1,N/A,219,N/A,N/A
355,1770565200035,gap_time,N/A,true,,true,GapTime_1005,N/A,N/A,N/A,N/A,N/A,N/A
355,1770565201043,Sentence shown,HVL_109_P,true,,,N/A,N/A,N/A,N/A,N/A,N/A,N/A
355,1770565202535,Validation Wrong IR pressed,HVL_109_P,true,,,Spacebar,0,N/A,1492,N/A,N/A,N/A
355,1770565202535,IR pressed,HVL_109_P,true,,,Spacebar,0,N/A,1492,N/A,N/A,N/A
355,1770565203035,WR pressed,HVL_109_P,true,,,No,N/A,1,N/A,500,N/A,N/A
355,1770565203035,gap_time,N/A,true,,,GapTime_766,N/A,N/A,N/A,N/A,N/A,N/A
355,1770565203804,Sentence shown,HVL_111_A,true,,,N/A,N/A,N/A,N/A,N/A,N/A,N/A
355,1770565207805,gap_time,N/A,true,,,GapTime_1026,N/A,N/A,N/A,N/A,N/A,N/A
355,1770565208833,Sentence shown,HF_81_A,,,,N/A,N/A,N/A,N/A,N/A,N/A,N/A
355,1770565212835,gap_time,N/A,,,,GapTime_1257,N/A,N/A,N/A,N/A,N/A,N/A
355,1770565214095,Sentence shown,HF_70_A,,,,N/A,N/A,N/A,N/A,N/A,N/A,N/A
355,1770565218097,gap_time,N/A,,,,GapTime_1256,N/A,N/A,N/A,N/A,N/A,N/A
355,1770565219356,Sentence shown,HH_155_P,true,,true,N/A,N/A,N/A,N/A,N/A,N/A,N/A
355,1770565220649,IR pressed,HH_155_P,true,,true,Spacebar,1,N/A,1293,N/A,N/A,N/A
355,1770565221203,WR pressed,HH_155_P,true,,true,No,N/A,1,N/A,554,N/A,N/A
355,1770565221204,gap_time,N/A,true,,true,GapTime_805,N/A,N/A,N/A,N/A,N/A,N/A
355,1770565222011,Sentence shown,HF_80_A,,,,N/A,N/A,N/A,N/A,N/A,N/A,N/A
355,1770565226013,gap_time,N/A,,,,GapTime_789,N/A,N/A,N/A,N/A,N/A,N/A
355,1770565226805,Sentence shown,HF_70_A,,true,true,N/A,N/A,N/A,N/A,N/A,N/A,N/A
355,1770565228295,Validation IR pressed,HF_70_A,,true,true,Spacebar,1,N/A,1490,N/A,N/A,N/A
355,1770565228295,IR pressed,HF_70_A,,true,true,Spacebar,1,N/A,1490,N/A,N/A,N/A
355,1770565228744,WR pressed,HF_70_A,,true,true,Yes,N/A,N/A,N/A,449,N/A,N/A
355,1770565228744,gap_time,N/A,,true,true,GapTime_907,N/A,N/A,N/A,N/A,N/A,N/A
355,1770565229653,Sentence shown,HF_84_A,,,,N/A,N/A,N/A,N/A,N/A,N/A,N/A
355,1770565233656,gap_time,N/A,,,,GapTime_1188,N/A,N/A,N/A,N/A,N/A,N/A
355,1770565234846,Sentence shown,HVL_109_A,true,,true,N/A,N/A,N/A,N/A,N/A,N/A,N/A
355,1770565236616,IR pressed,HVL_109_A,true,,true,Spacebar,1,N/A,1770,N/A,N/A,N/A
355,1770565237750,WR pressed,HVL_109_A,true,,true,No,N/A,1,N/A,1134,N/A,N/A
355,1770565237750,gap_time,N/A,true,,true,GapTime_1223,N/A,N/A,N/A,N/A,N/A,N/A
355,1770565238975,Sentence shown,HF_84_A,,true,true,N/A,N/A,N/A,N/A,N/A,N/A,N/A
355,1770565240818,Validation IR pressed,HF_84_A,,true,true,Spacebar,1,N/A,1843,N/A,N/A,N/A
355,1770565240818,IR pressed,HF_84_A,,true,true,Spacebar,1,N/A,1843,N/A,N/A,N/A
355,1770565241412,WR pressed,HF_84_A,,true,true,Yes,N/A,N/A,N/A,594,N/A,N/A
355,1770565241413,gap_time,N/A,,true,true,GapTime_1207,N/A,N/A,N/A,N/A,N/A,N/A
355,1770565242622,Sentence shown,HF_79_A,,,,N/A,N/A,N/A,N/A,N/A,N/A,N/A
355,1770565246624,gap_time,N/A,,,,GapTime_1179,N/A,N/A,N/A,N/A,N/A,N/A
355,1770565247805,Sentence shown,HVL_111_P,true,,true,N/A,N/A,N/A,N/A,N/A,N/A,N/A
355,1770565249088,IR pressed,HVL_111_P,true,,true,Spacebar,1,N/A,1283,N/A,N/A,N/A
355,1770565249440,WR pressed,HVL_111_P,true,,true,Yes,N/A,0,N/A,352,N/A,N/A
355,1770565249440,gap_time,N/A,true,,true,GapTime_711,N/A,N/A,N/A,N/A,N/A,N/A
355,1770565250154,Sentence shown,HF_96_A,,,,N/A,N/A,N/A,N/A,N/A,N/A,N/A
355,1770565254156,gap_time,N/A,,,,GapTime_1027,N/A,N/A,N/A,N/A,N/A,N/A
355,1770565255185,Sentence shown,HF_71_A,,,,N/A,N/A,N/A,N/A,N/A,N/A,N/A
355,1770565259187,gap_time,N/A,,,,GapTime_870,N/A,N/A,N/A,N/A,N/A,N/A
355,1770565260060,Sentence shown,HF_92_A,,,,N/A,N/A,N/A,N/A,N/A,N/A,N/A
355,1770565264062,gap_time,N/A,,,,GapTime_805,N/A,N/A,N/A,N/A,N/A,N/A
355,1770565264870,Sentence shown,HF_96_A,,true,true,N/A,N/A,N/A,N/A,N/A,N/A,N/A
355,1770565266135,Validation IR pressed,HF_96_A,,true,true,Spacebar,1,N/A,1265,N/A,N/A,N/A
355,1770565266135,IR pressed,HF_96_A,,true,true,Spacebar,1,N/A,1265,N/A,N/A,N/A
355,1770565266368,WR pressed,HF_96_A,,true,true,Yes,N/A,N/A,N/A,233,N/A,N/A
355,1770565266369,gap_time,N/A,,true,true,GapTime_741,N/A,N/A,N/A,N/A,N/A,N/A
355,1770565267112,Sentence shown,HF_71_A,,true,true,N/A,N/A,N/A,N/A,N/A,N/A,N/A
355,1770565268268,Validation IR pressed,HF_71_A,,true,true,Spacebar,1,N/A,1156,N/A,N/A,N/A
355,1770565268268,IR pressed,HF_71_A,,true,true,Spacebar,1,N/A,1156,N/A,N/A,N/A
355,1770565268544,WR pressed,HF_71_A,,true,true,Yes,N/A,N/A,N/A,276,N/A,N/A
355,1770565268544,gap_time,N/A,,true,true,GapTime_1015,N/A,N/A,N/A,N/A,N/A,N/A
355,1770565269561,Sentence shown,LVH_102_A,true,,,N/A,N/A,N/A,N/A,N/A,N/A,N/A
355,1770565273564,gap_time,N/A,true,,,GapTime_1157,N/A,N/A,N/A,N/A,N/A,N/A
355,1770565274723,Sentence shown,HF_67_A,,,,N/A,N/A,N/A,N/A,N/A,N/A,N/A
355,1770565276103,Validation Wrong IR pressed,HF_67_A,,,,Spacebar,0,N/A,1380,N/A,N/A,N/A
355,1770565276103,IR pressed,HF_67_A,,,,Spacebar,0,N/A,1380,N/A,N/A,N/A
355,1770565276849,WR pressed,HF_67_A,,,,Yes,N/A,N/A,N/A,746,N/A,N/A
355,1770565276849,gap_time,N/A,,,,GapTime_823,N/A,N/A,N/A,N/A,N/A,N/A
355,1770565277675,Sentence shown,HF_82_A,,,,N/A,N/A,N/A,N/A,N/A,N/A,N/A
355,1770565281676,gap_time,N/A,,,,GapTime_819,N/A,N/A,N/A,N/A,N/A,N/A
355,1770565282498,Sentence shown,HF_66_A,,,,N/A,N/A,N/A,N/A,N/A,N/A,N/A
355,1770565286499,gap_time,N/A,,,,GapTime_1048,N/A,N/A,N/A,N/A,N/A,N/A
355,1770565287549,Sentence shown,HF_82_A,,true,true,N/A,N/A,N/A,N/A,N/A,N/A,N/A
355,1770565288809,Validation IR pressed,HF_82_A,,true,true,Spacebar,1,N/A,1260,N/A,N/A,N/A
355,1770565288809,IR pressed,HF_82_A,,true,true,Spacebar,1,N/A,1260,N/A,N/A,N/A
355,1770565289198,WR pressed,HF_82_A,,true,true,Yes,N/A,N/A,N/A,389,N/A,N/A
355,1770565289199,gap_time,N/A,,true,true,GapTime_755,N/A,N/A,N/A,N/A,N/A,N/A
355,1770565289956,Sentence shown,HF_69_A,,,,N/A,N/A,N/A,N/A,N/A,N/A,N/A
355,1770565293958,gap_time,N/A,,,,GapTime_788,N/A,N/A,N/A,N/A,N/A,N/A
355,1770565294748,Sentence shown,LVH_102_P,true,,true,N/A,N/A,N/A,N/A,N/A,N/A,N/A
355,1770565296066,IR pressed,LVH_102_P,true,,true,Spacebar,1,N/A,1318,N/A,N/A,N/A
355,1770565296479,WR pressed,LVH_102_P,true,,true,No,N/A,1,N/A,413,N/A,N/A
355,1770565296479,gap_time,N/A,true,,true,GapTime_1297,N/A,N/A,N/A,N/A,N/A,N/A
355,1770565297779,Sentence shown,HF_97_A,,,,N/A,N/A,N/A,N/A,N/A,N/A,N/A
355,1770565299558,Validation Wrong IR pressed,HF_97_A,,,,Spacebar,0,N/A,1779,N/A,N/A,N/A
355,1770565299558,IR pressed,HF_97_A,,,,Spacebar,0,N/A,1779,N/A,N/A,N/A
355,1770565299826,WR pressed,HF_97_A,,,,Yes,N/A,N/A,N/A,268,N/A,N/A
355,1770565299826,gap_time,N/A,,,,GapTime_1047,N/A,N/A,N/A,N/A,N/A,N/A
355,1770565300875,Sentence shown,HVL_101_P,true,,,N/A,N/A,N/A,N/A,N/A,N/A,N/A
355,1770565304877,gap_time,N/A,true,,,GapTime_1019,N/A,N/A,N/A,N/A,N/A,N/A
355,1770565305898,Sentence shown,LVL_110_A,true,,,N/A,N/A,N/A,N/A,N/A,N/A,N/A
355,1770565309900,gap_time,N/A,true,,,GapTime_1007,N/A,N/A,N/A,N/A,N/A,N/A
355,1770565310909,Sentence shown,HF_72_A,,,,N/A,N/A,N/A,N/A,N/A,N/A,N/A
355,1770565314911,gap_time,N/A,,,,GapTime_912,N/A,N/A,N/A,N/A,N/A,N/A
355,1770565315825,Sentence shown,HH_177_A,true,,,N/A,N/A,N/A,N/A,N/A,N/A,N/A
355,1770565319827,gap_time,N/A,true,,,GapTime_721,N/A,N/A,N/A,N/A,N/A,N/A
355,1770565320551,Sentence shown,HF_93_A,,,,N/A,N/A,N/A,N/A,N/A,N/A,N/A
355,1770565324553,gap_time,N/A,,,,GapTime_754,N/A,N/A,N/A,N/A,N/A,N/A
355,1770565325309,Sentence shown,HVL_101_P,true,,true,N/A,N/A,N/A,N/A,N/A,N/A,N/A
355,1770565326570,IR pressed,HVL_101_P,true,,true,Spacebar,1,N/A,1261,N/A,N/A,N/A
355,1770565328250,WR pressed,HVL_101_P,true,,true,Yes,N/A,1,N/A,1680,N/A,N/A
355,1770565328250,gap_time,N/A,true,,true,GapTime_1214,N/A,N/A,N/A,N/A,N/A,N/A
355,1770565329467,Sentence shown,HVL_102_A,true,,,N/A,N/A,N/A,N/A,N/A,N/A,N/A
355,1770565333469,gap_time,N/A,true,,,GapTime_897,N/A,N/A,N/A,N/A,N/A,N/A
355,1770565334369,Sentence shown,HF_86_A,,,,N/A,N/A,N/A,N/A,N/A,N/A,N/A
355,1770565335854,Validation Wrong IR pressed,HF_86_A,,,,Spacebar,0,N/A,1485,N/A,N/A,N/A
355,1770565335854,IR pressed,HF_86_A,,,,Spacebar,0,N/A,1485,N/A,N/A,N/A
355,1770565335995,WR pressed,HF_86_A,,,,Yes,N/A,N/A,N/A,141,N/A,N/A
355,1770565335996,gap_time,N/A,,,,GapTime_965,N/A,N/A,N/A,N/A,N/A,N/A
355,1770565336963,Sentence shown,HF_78_A,,,,N/A,N/A,N/A,N/A,N/A,N/A,N/A
355,1770565340966,gap_time,N/A,,,,GapTime_1237,N/A,N/A,N/A,N/A,N/A,N/A
355,1770565342205,Sentence shown,LVL_110_P,true,,true,N/A,N/A,N/A,N/A,N/A,N/A,N/A
355,1770565343449,IR pressed,LVL_110_P,true,,true,Spacebar,1,N/A,1244,N/A,N/A,N/A
355,1770565343852,WR pressed,LVL_110_P,true,,true,No,N/A,1,N/A,403,N/A,N/A
355,1770565343852,gap_time,N/A,true,,true,GapTime_824,N/A,N/A,N/A,N/A,N/A,N/A
355,1770565344678,Sentence shown,HH_177_A,true,,true,N/A,N/A,N/A,N/A,N/A,N/A,N/A
355,1770565346077,IR pressed,HH_177_A,true,,true,Spacebar,1,N/A,1399,N/A,N/A,N/A
355,1770565346412,WR pressed,HH_177_A,true,,true,Yes,N/A,1,N/A,335,N/A,N/A
355,1770565346412,gap_time,N/A,true,,true,GapTime_1249,N/A,N/A,N/A,N/A,N/A,N/A
355,1770565347664,Sentence shown,HVL_102_A,true,,true,N/A,N/A,N/A,N/A,N/A,N/A,N/A
355,1770565348883,IR pressed,HVL_102_A,true,,true,Spacebar,1,N/A,1219,N/A,N/A,N/A
355,1770565349181,WR pressed,HVL_102_A,true,,true,Yes,N/A,1,N/A,298,N/A,N/A
355,1770565349182,gap_time,N/A,true,,true,GapTime_753,N/A,N/A,N/A,N/A,N/A,N/A
