participant_ID,Timestamp,Event,Stimulus,isTarget,isValidation,isRepeat,Button,Accuracy IR,Accuracy WR,Reaction_time_IR,Reaction_time_WR,CR_IR,CR_WR
356,1770544080007,Practice Sentence shown,HL_9_A,,,,N/A,N/A,N/A,N/A,N/A,N/A,N/A
356,1770544085529,Practice Sentence shown,HH_130_A,true,,,N/A,N/A,N/A,N/A,N/A,N/A,N/A
356,1770544091038,Practice Sentence shown,HL_18_A,,,,N/A,N/A,N/A,N/A,N/A,N/A,N/A
356,1770544096565,Practice Sentence shown,HL_24_A,,,,N/A,N/A,N/A,N/A,N/A,N/A,N/A
356,1770544102076,Practice Sentence shown,HL_29_A,,,,N/A,N/A,N/A,N/A,N/A,N/A,N/A
356,1770544107592,Practice Sentence shown,HH_130_P,true,,true,N/A,N/A,N/A,N/A,N/A,N/A,N/A
356,1770544111603,Practice Missed,HH_130_P,true,,true,None,0,N/A,N/A,N/A,N/A,N/A
356,1770544118780,Practice Sentence shown,HL_7_A,,,,N/A,N/A,N/A,N/A,N/A,N/A,N/A
356,1770544124302,Practice Sentence shown,HL_8_A,,,,N/A,N/A,N/A,N/A,N/A,N/A,N/A
356,1770544129809,Practice Sentence shown,HL_6_A,,,,N/A,N/A,N/A,N/A,N/A,N/A,N/A
356,1770544135319,Practice Sentence shown,HH_123_A,true,,,N/A,N/A,N/A,N/A,N/A,N/A,N/A
356,1770544140827,Practice Sentence shown,HL_13_A,,,,N/A,N/A,N/A,N/A,N/A,N/A,N/A
356,1770544146355,Practice Sentence shown,HL_88_A,,,,N/A,N/A,N/A,N/A,N/A,N/A,N/A
356,1770544151868,Practice Sentence shown,HH_103_A,true,,,N/A,N/A,N/A,N/A,N/A,N/A,N/A
356,1770544157385,Practice Sentence shown,HH_123_P,true,,true,N/A,N/A,N/A,N/A,N/A,N/A,N/A
356,1770544159445,Practice IR pressed,HH_123_P,true,,true,Spacebar,1,N/A,2060,N/A,N/A,N/A
356,1770544161954,Practice WR pressed,HH_123_P,true,,true,No,N/A,1,N/A,2509,N/A,N/A
356,1770544163464,Practice Sentence shown,HL_22_A,,,,N/A,N/A,N/A,N/A,N/A,N/A,N/A
356,1770544168978,Practice Sentence shown,HH_108_A,true,,,N/A,N/A,N/A,N/A,N/A,N/A,N/A
356,1770544174505,Practice Sentence shown,HH_102_A,true,,,N/A,N/A,N/A,N/A,N/A,N/A,N/A
356,1770544180035,Practice Sentence shown,HH_102_P,true,,true,N/A,N/A,N/A,N/A,N/A,N/A,N/A
356,1770544184049,Practice Missed,HH_102_P,true,,true,None,0,N/A,N/A,N/A,N/A,N/A
356,1770544186979,Practice Sentence shown,HH_103_A,true,,true,N/A,N/A,N/A,N/A,N/A,N/A,N/A
356,1770544190076,Practice IR pressed,HH_103_A,true,,true,Spacebar,1,N/A,3097,N/A,N/A,N/A
356,1770544191459,Practice WR pressed,HH_103_A,true,,true,Yes,N/A,1,N/A,1383,N/A,N/A
356,1770544192965,Practice Sentence shown,HH_108_A,true,,true,N/A,N/A,N/A,N/A,N/A,N/A,N/A
356,1770544194408,Practice IR pressed,HH_108_A,true,,true,Spacebar,1,N/A,1443,N/A,N/A,N/A
356,1770544195277,Practice WR pressed,HH_108_A,true,,true,Yes,N/A,1,N/A,869,N/A,N/A
356,1770544262302,Sentence shown,HF_8_A,,,,N/A,N/A,N/A,N/A,N/A,N/A,N/A
356,1770544266310,gap_time,N/A,,,,GapTime_885,N/A,N/A,N/A,N/A,N/A,N/A
356,1770544267197,Sentence shown,HF_6_A,,,,N/A,N/A,N/A,N/A,N/A,N/A,N/A
356,1770544271201,gap_time,N/A,,,,GapTime_1241,N/A,N/A,N/A,N/A,N/A,N/A
356,1770544272457,Sentence shown,LVL_126_P,true,,,N/A,N/A,N/A,N/A,N/A,N/A,N/A
356,1770544276464,gap_time,N/A,true,,,GapTime_791,N/A,N/A,N/A,N/A,N/A,N/A
356,1770544277270,Sentence shown,HF_6_A,,true,true,N/A,N/A,N/A,N/A,N/A,N/A,N/A
356,1770544278499,Validation IR pressed,HF_6_A,,true,true,Spacebar,1,N/A,1229,N/A,N/A,N/A
356,1770544278499,IR pressed,HF_6_A,,true,true,Spacebar,1,N/A,1229,N/A,N/A,N/A
356,1770544280815,WR pressed,HF_6_A,,true,true,No,N/A,N/A,N/A,2316,N/A,N/A
356,1770544280815,gap_time,N/A,,true,true,GapTime_1221,N/A,N/A,N/A,N/A,N/A,N/A
356,1770544282048,Sentence shown,HF_26_A,,,,N/A,N/A,N/A,N/A,N/A,N/A,N/A
356,1770544286051,gap_time,N/A,,,,GapTime_784,N/A,N/A,N/A,N/A,N/A,N/A
356,1770544286839,Sentence shown,HF_5_A,,,,N/A,N/A,N/A,N/A,N/A,N/A,N/A
356,1770544290847,gap_time,N/A,,,,GapTime_1013,N/A,N/A,N/A,N/A,N/A,N/A
356,1770544291861,Sentence shown,HH_182_A,true,,,N/A,N/A,N/A,N/A,N/A,N/A,N/A
356,1770544295871,gap_time,N/A,true,,,GapTime_916,N/A,N/A,N/A,N/A,N/A,N/A
356,1770544296791,Sentence shown,HF_26_A,,true,true,N/A,N/A,N/A,N/A,N/A,N/A,N/A
356,1770544298187,Validation IR pressed,HF_26_A,,true,true,Spacebar,1,N/A,1396,N/A,N/A,N/A
356,1770544298187,IR pressed,HF_26_A,,true,true,Spacebar,1,N/A,1396,N/A,N/A,N/A
356,1770544300439,WR pressed,HF_26_A,,true,true,Yes,N/A,N/A,N/A,2252,N/A,N/A
356,1770544300439,gap_time,N/A,,true,true,GapTime_940,N/A,N/A,N/A,N/A,N/A,N/A
356,1770544301385,Sentence shown,HH_166_P,true,,,N/A,N/A,N/A,N/A,N/A,N/A,N/A
356,1770544305398,gap_time,N/A,true,,,GapTime_1288,N/A,N/A,N/A,N/A,N/A,N/A
356,1770544306696,Sentence shown,HF_14_A,,,,N/A,N/A,N/A,N/A,N/A,N/A,N/A
356,1770544310712,gap_time,N/A,,,,GapTime_1165,N/A,N/A,N/A,N/A,N/A,N/A
356,1770544311894,Sentence shown,HF_7_A,,,,N/A,N/A,N/A,N/A,N/A,N/A,N/A
356,1770544314970,Validation Wrong IR pressed,HF_7_A,,,,Spacebar,0,N/A,3076,N/A,N/A,N/A
356,1770544314970,IR pressed,HF_7_A,,,,Spacebar,0,N/A,3076,N/A,N/A,N/A
356,1770544318382,WR pressed,HF_7_A,,,,Yes,N/A,N/A,N/A,3412,N/A,N/A
356,1770544318383,gap_time,N/A,,,,GapTime_1253,N/A,N/A,N/A,N/A,N/A,N/A
356,1770544319648,Sentence shown,HF_14_A,,true,true,N/A,N/A,N/A,N/A,N/A,N/A,N/A
356,1770544320901,Validation IR pressed,HF_14_A,,true,true,Spacebar,1,N/A,1253,N/A,N/A,N/A
356,1770544320901,IR pressed,HF_14_A,,true,true,Spacebar,1,N/A,1253,N/A,N/A,N/A
356,1770544321208,WR pressed,HF_14_A,,true,true,Yes,N/A,N/A,N/A,307,N/A,N/A
356,1770544321209,gap_time,N/A,,true,true,GapTime_708,N/A,N/A,N/A,N/A,N/A,N/A
356,1770544321931,Sentence shown,LVL_126_P,true,,true,N/A,N/A,N/A,N/A,N/A,N/A,N/A
356,1770544324931,IR pressed,LVL_126_P,true,,true,Spacebar,1,N/A,2999,N/A,N/A,N/A
356,1770544325635,WR pressed,LVL_126_P,true,,true,No,N/A,0,N/A,704,N/A,N/A
356,1770544325635,gap_time,N/A,true,,true,GapTime_822,N/A,N/A,N/A,N/A,N/A,N/A
356,1770544326460,Sentence shown,LVL_106_P,true,,,N/A,N/A,N/A,N/A,N/A,N/A,N/A
356,1770544330476,gap_time,N/A,true,,,GapTime_1131,N/A,N/A,N/A,N/A,N/A,N/A
356,1770544331619,Sentence shown,HVL_164_A,true,,,N/A,N/A,N/A,N/A,N/A,N/A,N/A
356,1770544335629,gap_time,N/A,true,,,GapTime_1092,N/A,N/A,N/A,N/A,N/A,N/A
356,1770544336732,Sentence shown,HH_182_P,true,,true,N/A,N/A,N/A,N/A,N/A,N/A,N/A
356,1770544338299,IR pressed,HH_182_P,true,,true,Spacebar,1,N/A,1567,N/A,N/A,N/A
356,1770544339312,WR pressed,HH_182_P,true,,true,No,N/A,1,N/A,1013,N/A,N/A
356,1770544339312,gap_time,N/A,true,,true,GapTime_994,N/A,N/A,N/A,N/A,N/A,N/A
356,1770544340319,Sentence shown,HF_30_A,,,,N/A,N/A,N/A,N/A,N/A,N/A,N/A
356,1770544343648,Validation Wrong IR pressed,HF_30_A,,,,Spacebar,0,N/A,3329,N/A,N/A,N/A
356,1770544343648,IR pressed,HF_30_A,,,,Spacebar,0,N/A,3329,N/A,N/A,N/A
356,1770544345174,WR pressed,HF_30_A,,,,Yes,N/A,N/A,N/A,1526,N/A,N/A
356,1770544345174,gap_time,N/A,,,,GapTime_1263,N/A,N/A,N/A,N/A,N/A,N/A
356,1770544346444,Sentence shown,HH_137_A,true,,,N/A,N/A,N/A,N/A,N/A,N/A,N/A
356,1770544350458,gap_time,N/A,true,,,GapTime_953,N/A,N/A,N/A,N/A,N/A,N/A
356,1770544351422,Sentence shown,HF_30_A,,true,true,N/A,N/A,N/A,N/A,N/A,N/A,N/A
356,1770544352568,Validation IR pressed,HF_30_A,,true,true,Spacebar,1,N/A,1146,N/A,N/A,N/A
356,1770544352568,IR pressed,HF_30_A,,true,true,Spacebar,1,N/A,1146,N/A,N/A,N/A
356,1770544353477,WR pressed,HF_30_A,,true,true,Yes,N/A,N/A,N/A,909,N/A,N/A
356,1770544353478,gap_time,N/A,,true,true,GapTime_947,N/A,N/A,N/A,N/A,N/A,N/A
356,1770544354440,Sentence shown,HH_170_P,true,,,N/A,N/A,N/A,N/A,N/A,N/A,N/A
356,1770544358446,gap_time,N/A,true,,,GapTime_820,N/A,N/A,N/A,N/A,N/A,N/A
356,1770544359269,Sentence shown,HH_166_P,true,,true,N/A,N/A,N/A,N/A,N/A,N/A,N/A
356,1770544361078,IR pressed,HH_166_P,true,,true,Spacebar,1,N/A,1809,N/A,N/A,N/A
356,1770544362321,WR pressed,HH_166_P,true,,true,No,N/A,0,N/A,1243,N/A,N/A
356,1770544362321,gap_time,N/A,true,,true,GapTime_1179,N/A,N/A,N/A,N/A,N/A,N/A
356,1770544363502,Sentence shown,HVL_151_P,true,,,N/A,N/A,N/A,N/A,N/A,N/A,N/A
356,1770544367510,gap_time,N/A,true,,,GapTime_1179,N/A,N/A,N/A,N/A,N/A,N/A
356,1770544368691,Sentence shown,HF_28_A,,,,N/A,N/A,N/A,N/A,N/A,N/A,N/A
356,1770544372694,gap_time,N/A,,,,GapTime_1164,N/A,N/A,N/A,N/A,N/A,N/A
356,1770544373865,Sentence shown,LVL_106_A,true,,true,N/A,N/A,N/A,N/A,N/A,N/A,N/A
356,1770544376018,IR pressed,LVL_106_A,true,,true,Spacebar,1,N/A,2153,N/A,N/A,N/A
356,1770544376945,WR pressed,LVL_106_A,true,,true,No,N/A,1,N/A,927,N/A,N/A
356,1770544376945,gap_time,N/A,true,,true,GapTime_788,N/A,N/A,N/A,N/A,N/A,N/A
356,1770544377736,Sentence shown,HF_27_A,,,,N/A,N/A,N/A,N/A,N/A,N/A,N/A
356,1770544380069,Validation Wrong IR pressed,HF_27_A,,,,Spacebar,0,N/A,2333,N/A,N/A,N/A
356,1770544380069,IR pressed,HF_27_A,,,,Spacebar,0,N/A,2333,N/A,N/A,N/A
356,1770544380745,WR pressed,HF_27_A,,,,No,N/A,N/A,N/A,676,N/A,N/A
356,1770544380745,gap_time,N/A,,,,GapTime_1291,N/A,N/A,N/A,N/A,N/A,N/A
356,1770544382043,Sentence shown,HF_31_A,,,,N/A,N/A,N/A,N/A,N/A,N/A,N/A
356,1770544386057,gap_time,N/A,,,,GapTime_925,N/A,N/A,N/A,N/A,N/A,N/A
356,1770544386994,Sentence shown,HVL_164_A,true,,true,N/A,N/A,N/A,N/A,N/A,N/A,N/A
356,1770544388161,IR pressed,HVL_164_A,true,,true,Spacebar,1,N/A,1167,N/A,N/A,N/A
356,1770544388969,WR pressed,HVL_164_A,true,,true,No,N/A,0,N/A,808,N/A,N/A
356,1770544388969,gap_time,N/A,true,,true,GapTime_812,N/A,N/A,N/A,N/A,N/A,N/A
356,1770544389785,Sentence shown,HF_32_A,,,,N/A,N/A,N/A,N/A,N/A,N/A,N/A
356,1770544393800,gap_time,N/A,,,,GapTime_877,N/A,N/A,N/A,N/A,N/A,N/A
356,1770544394683,Sentence shown,HH_170_A,true,,true,N/A,N/A,N/A,N/A,N/A,N/A,N/A
356,1770544396174,IR pressed,HH_170_A,true,,true,Spacebar,1,N/A,1491,N/A,N/A,N/A
356,1770544396994,WR pressed,HH_170_A,true,,true,No,N/A,1,N/A,820,N/A,N/A
356,1770544396994,gap_time,N/A,true,,true,GapTime_1149,N/A,N/A,N/A,N/A,N/A,N/A
356,1770544398159,Sentence shown,HH_137_A,true,,true,N/A,N/A,N/A,N/A,N/A,N/A,N/A
356,1770544400230,IR pressed,HH_137_A,true,,true,Spacebar,1,N/A,2071,N/A,N/A,N/A
356,1770544401230,WR pressed,HH_137_A,true,,true,Yes,N/A,1,N/A,1000,N/A,N/A
356,1770544401231,gap_time,N/A,true,,true,GapTime_1295,N/A,N/A,N/A,N/A,N/A,N/A
356,1770544402532,Sentence shown,HVL_107_A,true,,,N/A,N/A,N/A,N/A,N/A,N/A,N/A
356,1770544406539,gap_time,N/A,true,,,GapTime_1124,N/A,N/A,N/A,N/A,N/A,N/A
356,1770544407669,Sentence shown,HVL_155_P,true,,,N/A,N/A,N/A,N/A,N/A,N/A,N/A
356,1770544411680,gap_time,N/A,true,,,GapTime_1136,N/A,N/A,N/A,N/A,N/A,N/A
356,1770544412828,Sentence shown,HF_23_A,,,,N/A,N/A,N/A,N/A,N/A,N/A,N/A
356,1770544416833,gap_time,N/A,,,,GapTime_974,N/A,N/A,N/A,N/A,N/A,N/A
356,1770544417816,Sentence shown,HF_23_A,,true,true,N/A,N/A,N/A,N/A,N/A,N/A,N/A
356,1770544418850,Validation IR pressed,HF_23_A,,true,true,Spacebar,1,N/A,1034,N/A,N/A,N/A
356,1770544418850,IR pressed,HF_23_A,,true,true,Spacebar,1,N/A,1034,N/A,N/A,N/A
356,1770544419688,WR pressed,HF_23_A,,true,true,Yes,N/A,N/A,N/A,837,N/A,N/A
356,1770544419688,gap_time,N/A,,true,true,GapTime_1114,N/A,N/A,N/A,N/A,N/A,N/A
356,1770544420807,Sentence shown,HVL_151_A,true,,true,N/A,N/A,N/A,N/A,N/A,N/A,N/A
356,1770544422087,IR pressed,HVL_151_A,true,,true,Spacebar,1,N/A,1280,N/A,N/A,N/A
356,1770544422959,WR pressed,HVL_151_A,true,,true,No,N/A,1,N/A,872,N/A,N/A
356,1770544422960,gap_time,N/A,true,,true,GapTime_1139,N/A,N/A,N/A,N/A,N/A,N/A
356,1770544424101,Sentence shown,LVL_144_A,true,,,N/A,N/A,N/A,N/A,N/A,N/A,N/A
356,1770544428118,gap_time,N/A,true,,,GapTime_1043,N/A,N/A,N/A,N/A,N/A,N/A
356,1770544429164,Sentence shown,HF_4_A,,,,N/A,N/A,N/A,N/A,N/A,N/A,N/A
356,1770544433175,gap_time,N/A,,,,GapTime_1078,N/A,N/A,N/A,N/A,N/A,N/A
356,1770544434263,Sentence shown,HVL_107_P,true,,true,N/A,N/A,N/A,N/A,N/A,N/A,N/A
356,1770544436126,IR pressed,HVL_107_P,true,,true,Spacebar,1,N/A,1863,N/A,N/A,N/A
356,1770544436986,WR pressed,HVL_107_P,true,,true,No,N/A,1,N/A,860,N/A,N/A
356,1770544436986,gap_time,N/A,true,,true,GapTime_741,N/A,N/A,N/A,N/A,N/A,N/A
356,1770544437731,Sentence shown,HF_4_A,,true,true,N/A,N/A,N/A,N/A,N/A,N/A,N/A
356,1770544439568,Validation IR pressed,HF_4_A,,true,true,Spacebar,1,N/A,1837,N/A,N/A,N/A
356,1770544439568,IR pressed,HF_4_A,,true,true,Spacebar,1,N/A,1837,N/A,N/A,N/A
356,1770544440266,WR pressed,HF_4_A,,true,true,Yes,N/A,N/A,N/A,698,N/A,N/A
356,1770544440266,gap_time,N/A,,true,true,GapTime_718,N/A,N/A,N/A,N/A,N/A,N/A
356,1770544440987,Sentence shown,LVH_156_P,true,,,N/A,N/A,N/A,N/A,N/A,N/A,N/A
356,1770544444996,gap_time,N/A,true,,,GapTime_1018,N/A,N/A,N/A,N/A,N/A,N/A
356,1770544446021,Sentence shown,LVL_147_A,true,,,N/A,N/A,N/A,N/A,N/A,N/A,N/A
356,1770544450023,gap_time,N/A,true,,,GapTime_787,N/A,N/A,N/A,N/A,N/A,N/A
356,1770544450820,Sentence shown,HF_11_A,,,,N/A,N/A,N/A,N/A,N/A,N/A,N/A
356,1770544454824,gap_time,N/A,,,,GapTime_1300,N/A,N/A,N/A,N/A,N/A,N/A
356,1770544456137,Sentence shown,HVL_155_P,true,,true,N/A,N/A,N/A,N/A,N/A,N/A,N/A
356,1770544457460,IR pressed,HVL_155_P,true,,true,Spacebar,1,N/A,1323,N/A,N/A,N/A
356,1770544458470,WR pressed,HVL_155_P,true,,true,No,N/A,0,N/A,1010,N/A,N/A
356,1770544458471,gap_time,N/A,true,,true,GapTime_854,N/A,N/A,N/A,N/A,N/A,N/A
356,1770544459327,Sentence shown,HF_25_A,,,,N/A,N/A,N/A,N/A,N/A,N/A,N/A
356,1770544463333,gap_time,N/A,,,,GapTime_1226,N/A,N/A,N/A,N/A,N/A,N/A
356,1770544464576,Sentence shown,HF_12_A,,,,N/A,N/A,N/A,N/A,N/A,N/A,N/A
356,1770544468582,gap_time,N/A,,,,GapTime_860,N/A,N/A,N/A,N/A,N/A,N/A
356,1770544469451,Sentence shown,LVH_156_P,true,,true,N/A,N/A,N/A,N/A,N/A,N/A,N/A
356,1770544470954,IR pressed,LVH_156_P,true,,true,Spacebar,1,N/A,1503,N/A,N/A,N/A
356,1770544474149,WR pressed,LVH_156_P,true,,true,Yes,N/A,1,N/A,3195,N/A,N/A
356,1770544474149,gap_time,N/A,true,,true,GapTime_1298,N/A,N/A,N/A,N/A,N/A,N/A
356,1770544475459,Sentence shown,LVL_144_P,true,,true,N/A,N/A,N/A,N/A,N/A,N/A,N/A
356,1770544476804,IR pressed,LVL_144_P,true,,true,Spacebar,1,N/A,1345,N/A,N/A,N/A
356,1770544477506,WR pressed,LVL_144_P,true,,true,No,N/A,1,N/A,702,N/A,N/A
356,1770544477507,gap_time,N/A,true,,true,GapTime_1273,N/A,N/A,N/A,N/A,N/A,N/A
356,1770544478787,Sentence shown,HF_13_A,,,,N/A,N/A,N/A,N/A,N/A,N/A,N/A
356,1770544480052,Validation Wrong IR pressed,HF_13_A,,,,Spacebar,0,N/A,1265,N/A,N/A,N/A
356,1770544480052,IR pressed,HF_13_A,,,,Spacebar,0,N/A,1265,N/A,N/A,N/A
356,1770544481089,WR pressed,HF_13_A,,,,No,N/A,N/A,N/A,1037,N/A,N/A
356,1770544481089,gap_time,N/A,,,,GapTime_1072,N/A,N/A,N/A,N/A,N/A,N/A
356,1770544482164,Sentence shown,LVH_155_A,true,,,N/A,N/A,N/A,N/A,N/A,N/A,N/A
356,1770544486172,gap_time,N/A,true,,,GapTime_863,N/A,N/A,N/A,N/A,N/A,N/A
356,1770544487042,Sentence shown,HF_2_A,,,,N/A,N/A,N/A,N/A,N/A,N/A,N/A
356,1770544491049,gap_time,N/A,,,,GapTime_788,N/A,N/A,N/A,N/A,N/A,N/A
356,1770544491838,Sentence shown,LVH_177_A,true,,,N/A,N/A,N/A,N/A,N/A,N/A,N/A
356,1770544495851,gap_time,N/A,true,,,GapTime_1050,N/A,N/A,N/A,N/A,N/A,N/A
356,1770544496909,Sentence shown,HF_2_A,,true,true,N/A,N/A,N/A,N/A,N/A,N/A,N/A
356,1770544498340,Validation IR pressed,HF_2_A,,true,true,Spacebar,1,N/A,1431,N/A,N/A,N/A
356,1770544498340,IR pressed,HF_2_A,,true,true,Spacebar,1,N/A,1431,N/A,N/A,N/A
356,1770544499648,WR pressed,HF_2_A,,true,true,Yes,N/A,N/A,N/A,1308,N/A,N/A
356,1770544499648,gap_time,N/A,,true,true,GapTime_960,N/A,N/A,N/A,N/A,N/A,N/A
356,1770544500615,Sentence shown,LVL_147_A,true,,true,N/A,N/A,N/A,N/A,N/A,N/A,N/A
356,1770544501720,IR pressed,LVL_147_A,true,,true,Spacebar,1,N/A,1105,N/A,N/A,N/A
356,1770544502510,WR pressed,LVL_147_A,true,,true,Yes,N/A,1,N/A,790,N/A,N/A
356,1770544502510,gap_time,N/A,true,,true,GapTime_1159,N/A,N/A,N/A,N/A,N/A,N/A
356,1770544503674,Sentence shown,HF_18_A,,,,N/A,N/A,N/A,N/A,N/A,N/A,N/A
356,1770544507688,gap_time,N/A,,,,GapTime_1042,N/A,N/A,N/A,N/A,N/A,N/A
356,1770544508746,Sentence shown,HF_19_A,,,,N/A,N/A,N/A,N/A,N/A,N/A,N/A
356,1770544512752,gap_time,N/A,,,,GapTime_1134,N/A,N/A,N/A,N/A,N/A,N/A
356,1770544513902,Sentence shown,HF_18_A,,true,true,N/A,N/A,N/A,N/A,N/A,N/A,N/A
356,1770544515265,Validation IR pressed,HF_18_A,,true,true,Spacebar,1,N/A,1363,N/A,N/A,N/A
356,1770544515265,IR pressed,HF_18_A,,true,true,Spacebar,1,N/A,1363,N/A,N/A,N/A
356,1770544516121,WR pressed,HF_18_A,,true,true,Yes,N/A,N/A,N/A,856,N/A,N/A
356,1770544516121,gap_time,N/A,,true,true,GapTime_869,N/A,N/A,N/A,N/A,N/A,N/A
356,1770544517005,Sentence shown,LVH_155_P,true,,true,N/A,N/A,N/A,N/A,N/A,N/A,N/A
356,1770544518059,IR pressed,LVH_155_P,true,,true,Spacebar,1,N/A,1054,N/A,N/A,N/A
356,1770544518668,WR pressed,LVH_155_P,true,,true,Yes,N/A,0,N/A,609,N/A,N/A
356,1770544518668,gap_time,N/A,true,,true,GapTime_1116,N/A,N/A,N/A,N/A,N/A,N/A
356,1770544519788,Sentence shown,HF_22_A,,,,N/A,N/A,N/A,N/A,N/A,N/A,N/A
356,1770544521564,Validation Wrong IR pressed,HF_22_A,,,,Spacebar,0,N/A,1776,N/A,N/A,N/A
356,1770544521564,IR pressed,HF_22_A,,,,Spacebar,0,N/A,1776,N/A,N/A,N/A
356,1770544522224,WR pressed,HF_22_A,,,,No,N/A,N/A,N/A,660,N/A,N/A
356,1770544522224,gap_time,N/A,,,,GapTime_1083,N/A,N/A,N/A,N/A,N/A,N/A
356,1770544523318,Sentence shown,HF_24_A,,,,N/A,N/A,N/A,N/A,N/A,N/A,N/A
356,1770544525435,Validation Wrong IR pressed,HF_24_A,,,,Spacebar,0,N/A,2116,N/A,N/A,N/A
356,1770544525435,IR pressed,HF_24_A,,,,Spacebar,0,N/A,2116,N/A,N/A,N/A
356,1770544526180,WR pressed,HF_24_A,,,,Yes,N/A,N/A,N/A,745,N/A,N/A
356,1770544526180,gap_time,N/A,,,,GapTime_1064,N/A,N/A,N/A,N/A,N/A,N/A
356,1770544527258,Sentence shown,HF_1_A,,,,N/A,N/A,N/A,N/A,N/A,N/A,N/A
356,1770544531271,gap_time,N/A,,,,GapTime_1219,N/A,N/A,N/A,N/A,N/A,N/A
356,1770544532504,Sentence shown,HF_1_A,,true,true,N/A,N/A,N/A,N/A,N/A,N/A,N/A
356,1770544533742,Validation IR pressed,HF_1_A,,true,true,Spacebar,1,N/A,1238,N/A,N/A,N/A
356,1770544533742,IR pressed,HF_1_A,,true,true,Spacebar,1,N/A,1238,N/A,N/A,N/A
356,1770544534259,WR pressed,HF_1_A,,true,true,Yes,N/A,N/A,N/A,517,N/A,N/A
356,1770544534259,gap_time,N/A,,true,true,GapTime_856,N/A,N/A,N/A,N/A,N/A,N/A
356,1770544535131,Sentence shown,LVH_177_A,true,,true,N/A,N/A,N/A,N/A,N/A,N/A,N/A
356,1770544536245,IR pressed,LVH_177_A,true,,true,Spacebar,1,N/A,1114,N/A,N/A,N/A
356,1770544536796,WR pressed,LVH_177_A,true,,true,No,N/A,0,N/A,551,N/A,N/A
356,1770544536797,gap_time,N/A,true,,true,GapTime_831,N/A,N/A,N/A,N/A,N/A,N/A
356,1770544537630,Sentence shown,HF_21_A,,,,N/A,N/A,N/A,N/A,N/A,N/A,N/A
356,1770544541639,gap_time,N/A,,,,GapTime_1131,N/A,N/A,N/A,N/A,N/A,N/A
356,1770544542783,Sentence shown,HF_16_A,,,,N/A,N/A,N/A,N/A,N/A,N/A,N/A
356,1770544544306,Validation Wrong IR pressed,HF_16_A,,,,Spacebar,0,N/A,1523,N/A,N/A,N/A
356,1770544544306,IR pressed,HF_16_A,,,,Spacebar,0,N/A,1523,N/A,N/A,N/A
356,1770544545645,WR pressed,HF_16_A,,,,No,N/A,N/A,N/A,1339,N/A,N/A
356,1770544545645,gap_time,N/A,,,,GapTime_1220,N/A,N/A,N/A,N/A,N/A,N/A
356,1770544546876,Sentence shown,HF_10_A,,,,N/A,N/A,N/A,N/A,N/A,N/A,N/A
356,1770544548753,Validation Wrong IR pressed,HF_10_A,,,,Spacebar,0,N/A,1877,N/A,N/A,N/A
356,1770544548753,IR pressed,HF_10_A,,,,Spacebar,0,N/A,1877,N/A,N/A,N/A
356,1770544549623,WR pressed,HF_10_A,,,,No,N/A,N/A,N/A,870,N/A,N/A
356,1770544549623,gap_time,N/A,,,,GapTime_725,N/A,N/A,N/A,N/A,N/A,N/A
356,1770544550356,Sentence shown,HF_15_A,,,,N/A,N/A,N/A,N/A,N/A,N/A,N/A
356,1770544554371,gap_time,N/A,,,,GapTime_1194,N/A,N/A,N/A,N/A,N/A,N/A
356,1770544555576,Sentence shown,HF_9_A,,,,N/A,N/A,N/A,N/A,N/A,N/A,N/A
356,1770544559578,gap_time,N/A,,,,GapTime_1164,N/A,N/A,N/A,N/A,N/A,N/A
356,1770544560744,Sentence shown,HF_29_A,,,,N/A,N/A,N/A,N/A,N/A,N/A,N/A
356,1770544564760,gap_time,N/A,,,,GapTime_1231,N/A,N/A,N/A,N/A,N/A,N/A
356,1770544565997,Sentence shown,HF_20_A,,,,N/A,N/A,N/A,N/A,N/A,N/A,N/A
356,1770544570007,gap_time,N/A,,,,GapTime_829,N/A,N/A,N/A,N/A,N/A,N/A
356,1770544570844,Sentence shown,HF_20_A,,true,true,N/A,N/A,N/A,N/A,N/A,N/A,N/A
356,1770544572214,Validation IR pressed,HF_20_A,,true,true,Spacebar,1,N/A,1370,N/A,N/A,N/A
356,1770544572214,IR pressed,HF_20_A,,true,true,Spacebar,1,N/A,1370,N/A,N/A,N/A
356,1770544572508,WR pressed,HF_20_A,,true,true,Yes,N/A,N/A,N/A,294,N/A,N/A
356,1770544572508,gap_time,N/A,,true,true,GapTime_1247,N/A,N/A,N/A,N/A,N/A,N/A
356,1770544573757,Sentence shown,HF_17_A,,,,N/A,N/A,N/A,N/A,N/A,N/A,N/A
356,1770544577763,gap_time,N/A,,,,GapTime_1135,N/A,N/A,N/A,N/A,N/A,N/A
356,1770544578902,Sentence shown,LVH_166_P,true,,,N/A,N/A,N/A,N/A,N/A,N/A,N/A
356,1770544582918,gap_time,N/A,true,,,GapTime_1110,N/A,N/A,N/A,N/A,N/A,N/A
356,1770544584041,Sentence shown,HF_33_A,,,,N/A,N/A,N/A,N/A,N/A,N/A,N/A
356,1770544588051,gap_time,N/A,,,,GapTime_773,N/A,N/A,N/A,N/A,N/A,N/A
356,1770544588836,Sentence shown,LVH_166_A,true,,true,N/A,N/A,N/A,N/A,N/A,N/A,N/A
356,1770544590688,IR pressed,LVH_166_A,true,,true,Spacebar,1,N/A,1852,N/A,N/A,N/A
356,1770544591457,WR pressed,LVH_166_A,true,,true,Yes,N/A,0,N/A,769,N/A,N/A
356,1770544591457,gap_time,N/A,true,,true,GapTime_986,N/A,N/A,N/A,N/A,N/A,N/A
356,1770544592444,Rest Phase started,N/A,true,,true,Rest,N/A,N/A,N/A,N/A,N/A,N/A
356,1770544688610,Sentence shown,HF_46_A,,,,N/A,N/A,N/A,N/A,N/A,N/A,N/A
356,1770544692626,gap_time,N/A,,,,GapTime_873,N/A,N/A,N/A,N/A,N/A,N/A
356,1770544693508,Sentence shown,HF_48_A,,,,N/A,N/A,N/A,N/A,N/A,N/A,N/A
356,1770544697524,gap_time,N/A,,,,GapTime_1128,N/A,N/A,N/A,N/A,N/A,N/A
356,1770544698663,Sentence shown,HF_46_A,,true,true,N/A,N/A,N/A,N/A,N/A,N/A,N/A
356,1770544700011,Validation IR pressed,HF_46_A,,true,true,Spacebar,1,N/A,1348,N/A,N/A,N/A
356,1770544700011,IR pressed,HF_46_A,,true,true,Spacebar,1,N/A,1348,N/A,N/A,N/A
356,1770544700577,WR pressed,HF_46_A,,true,true,Yes,N/A,N/A,N/A,566,N/A,N/A
356,1770544700578,gap_time,N/A,,true,true,GapTime_1224,N/A,N/A,N/A,N/A,N/A,N/A
356,1770544701816,Sentence shown,HVL_106_A,true,,,N/A,N/A,N/A,N/A,N/A,N/A,N/A
356,1770544705818,gap_time,N/A,true,,,GapTime_910,N/A,N/A,N/A,N/A,N/A,N/A
356,1770544706732,Sentence shown,HF_48_A,,true,true,N/A,N/A,N/A,N/A,N/A,N/A,N/A
356,1770544708052,Validation IR pressed,HF_48_A,,true,true,Spacebar,1,N/A,1320,N/A,N/A,N/A
356,1770544708052,IR pressed,HF_48_A,,true,true,Spacebar,1,N/A,1320,N/A,N/A,N/A
356,1770544708462,WR pressed,HF_48_A,,true,true,Yes,N/A,N/A,N/A,410,N/A,N/A
356,1770544708462,gap_time,N/A,,true,true,GapTime_1068,N/A,N/A,N/A,N/A,N/A,N/A
356,1770544709536,Sentence shown,HF_61_A,,,,N/A,N/A,N/A,N/A,N/A,N/A,N/A
356,1770544713544,gap_time,N/A,,,,GapTime_955,N/A,N/A,N/A,N/A,N/A,N/A
356,1770544714503,Sentence shown,HF_45_A,,,,N/A,N/A,N/A,N/A,N/A,N/A,N/A
356,1770544718511,gap_time,N/A,,,,GapTime_1049,N/A,N/A,N/A,N/A,N/A,N/A
356,1770544719577,Sentence shown,HF_45_A,,true,true,N/A,N/A,N/A,N/A,N/A,N/A,N/A
356,1770544720768,Validation IR pressed,HF_45_A,,true,true,Spacebar,1,N/A,1191,N/A,N/A,N/A
356,1770544720768,IR pressed,HF_45_A,,true,true,Spacebar,1,N/A,1191,N/A,N/A,N/A
356,1770544721330,WR pressed,HF_45_A,,true,true,Yes,N/A,N/A,N/A,562,N/A,N/A
356,1770544721331,gap_time,N/A,,true,true,GapTime_1211,N/A,N/A,N/A,N/A,N/A,N/A
356,1770544722546,Sentence shown,HF_65_A,,,,N/A,N/A,N/A,N/A,N/A,N/A,N/A
356,1770544726561,gap_time,N/A,,,,GapTime_1180,N/A,N/A,N/A,N/A,N/A,N/A
356,1770544727757,Sentence shown,HVL_106_A,true,,true,N/A,N/A,N/A,N/A,N/A,N/A,N/A
356,1770544729530,IR pressed,HVL_106_A,true,,true,Spacebar,1,N/A,1773,N/A,N/A,N/A
356,1770544730440,WR pressed,HVL_106_A,true,,true,Yes,N/A,1,N/A,910,N/A,N/A
356,1770544730440,gap_time,N/A,true,,true,GapTime_977,N/A,N/A,N/A,N/A,N/A,N/A
356,1770544731429,Sentence shown,HF_60_A,,,,N/A,N/A,N/A,N/A,N/A,N/A,N/A
356,1770544735440,gap_time,N/A,,,,GapTime_1267,N/A,N/A,N/A,N/A,N/A,N/A
356,1770544736720,Sentence shown,HF_52_A,,,,N/A,N/A,N/A,N/A,N/A,N/A,N/A
356,1770544740720,gap_time,N/A,,,,GapTime_1007,N/A,N/A,N/A,N/A,N/A,N/A
356,1770544741736,Sentence shown,HF_47_A,,,,N/A,N/A,N/A,N/A,N/A,N/A,N/A
356,1770544745743,gap_time,N/A,,,,GapTime_811,N/A,N/A,N/A,N/A,N/A,N/A
356,1770544746561,Sentence shown,LVH_106_P,true,,,N/A,N/A,N/A,N/A,N/A,N/A,N/A
356,1770544750576,gap_time,N/A,true,,,GapTime_1115,N/A,N/A,N/A,N/A,N/A,N/A
356,1770544751704,Sentence shown,HF_62_A,,,,N/A,N/A,N/A,N/A,N/A,N/A,N/A
356,1770544755709,gap_time,N/A,,,,GapTime_914,N/A,N/A,N/A,N/A,N/A,N/A
356,1770544756634,Sentence shown,HF_57_A,,,,N/A,N/A,N/A,N/A,N/A,N/A,N/A
356,1770544760636,gap_time,N/A,,,,GapTime_809,N/A,N/A,N/A,N/A,N/A,N/A
356,1770544761456,Sentence shown,HF_37_A,,,,N/A,N/A,N/A,N/A,N/A,N/A,N/A
356,1770544765467,gap_time,N/A,,,,GapTime_1143,N/A,N/A,N/A,N/A,N/A,N/A
356,1770544766615,Sentence shown,HF_43_A,,,,N/A,N/A,N/A,N/A,N/A,N/A,N/A
356,1770544770630,gap_time,N/A,,,,GapTime_1148,N/A,N/A,N/A,N/A,N/A,N/A
356,1770544771792,Sentence shown,HF_50_A,,,,N/A,N/A,N/A,N/A,N/A,N/A,N/A
356,1770544775794,gap_time,N/A,,,,GapTime_956,N/A,N/A,N/A,N/A,N/A,N/A
356,1770544776760,Sentence shown,HF_37_A,,true,true,N/A,N/A,N/A,N/A,N/A,N/A,N/A
356,1770544778547,Validation IR pressed,HF_37_A,,true,true,Spacebar,1,N/A,1787,N/A,N/A,N/A
356,1770544778547,IR pressed,HF_37_A,,true,true,Spacebar,1,N/A,1787,N/A,N/A,N/A
356,1770544779215,WR pressed,HF_37_A,,true,true,Yes,N/A,N/A,N/A,668,N/A,N/A
356,1770544779216,gap_time,N/A,,true,true,GapTime_790,N/A,N/A,N/A,N/A,N/A,N/A
356,1770544780021,Sentence shown,HF_58_A,,,,N/A,N/A,N/A,N/A,N/A,N/A,N/A
356,1770544784033,gap_time,N/A,,,,GapTime_1257,N/A,N/A,N/A,N/A,N/A,N/A
356,1770544785291,Sentence shown,HF_44_A,,,,N/A,N/A,N/A,N/A,N/A,N/A,N/A
356,1770544789297,gap_time,N/A,,,,GapTime_1182,N/A,N/A,N/A,N/A,N/A,N/A
356,1770544790497,Sentence shown,HF_58_A,,true,true,N/A,N/A,N/A,N/A,N/A,N/A,N/A
356,1770544791822,Validation IR pressed,HF_58_A,,true,true,Spacebar,1,N/A,1325,N/A,N/A,N/A
356,1770544791822,IR pressed,HF_58_A,,true,true,Spacebar,1,N/A,1325,N/A,N/A,N/A
356,1770544792374,WR pressed,HF_58_A,,true,true,Yes,N/A,N/A,N/A,552,N/A,N/A
356,1770544792374,gap_time,N/A,,true,true,GapTime_992,N/A,N/A,N/A,N/A,N/A,N/A
356,1770544793382,Sentence shown,LVH_106_P,true,,true,N/A,N/A,N/A,N/A,N/A,N/A,N/A
356,1770544795029,IR pressed,LVH_106_P,true,,true,Spacebar,1,N/A,1647,N/A,N/A,N/A
356,1770544797018,WR pressed,LVH_106_P,true,,true,Yes,N/A,1,N/A,1989,N/A,N/A
356,1770544797018,gap_time,N/A,true,,true,GapTime_945,N/A,N/A,N/A,N/A,N/A,N/A
356,1770544797967,Sentence shown,LVL_117_P,true,,,N/A,N/A,N/A,N/A,N/A,N/A,N/A
356,1770544801983,gap_time,N/A,true,,,GapTime_985,N/A,N/A,N/A,N/A,N/A,N/A
356,1770544802982,Sentence shown,LVL_110_A,true,,,N/A,N/A,N/A,N/A,N/A,N/A,N/A
356,1770544806995,gap_time,N/A,true,,,GapTime_1255,N/A,N/A,N/A,N/A,N/A,N/A
356,1770544808264,Sentence shown,HF_51_A,,,,N/A,N/A,N/A,N/A,N/A,N/A,N/A
356,1770544812276,gap_time,N/A,,,,GapTime_753,N/A,N/A,N/A,N/A,N/A,N/A
356,1770544813045,Sentence shown,HVL_128_A,true,,,N/A,N/A,N/A,N/A,N/A,N/A,N/A
356,1770544817055,gap_time,N/A,true,,,GapTime_1107,N/A,N/A,N/A,N/A,N/A,N/A
356,1770544818166,Sentence shown,HH_143_A,true,,,N/A,N/A,N/A,N/A,N/A,N/A,N/A
356,1770544822178,gap_time,N/A,true,,,GapTime_1003,N/A,N/A,N/A,N/A,N/A,N/A
356,1770544823192,Sentence shown,HF_55_A,,,,N/A,N/A,N/A,N/A,N/A,N/A,N/A
356,1770544827207,gap_time,N/A,,,,GapTime_1292,N/A,N/A,N/A,N/A,N/A,N/A
356,1770544828503,Sentence shown,LVL_117_P,true,,true,N/A,N/A,N/A,N/A,N/A,N/A,N/A
356,1770544830218,IR pressed,LVL_117_P,true,,true,Spacebar,1,N/A,1715,N/A,N/A,N/A
356,1770544830899,WR pressed,LVL_117_P,true,,true,Yes,N/A,1,N/A,681,N/A,N/A
356,1770544830900,gap_time,N/A,true,,true,GapTime_881,N/A,N/A,N/A,N/A,N/A,N/A
356,1770544831782,Sentence shown,HF_39_A,,,,N/A,N/A,N/A,N/A,N/A,N/A,N/A
356,1770544835784,gap_time,N/A,,,,GapTime_816,N/A,N/A,N/A,N/A,N/A,N/A
356,1770544836611,Sentence shown,HF_49_A,,,,N/A,N/A,N/A,N/A,N/A,N/A,N/A
356,1770544840612,gap_time,N/A,,,,GapTime_737,N/A,N/A,N/A,N/A,N/A,N/A
356,1770544841361,Sentence shown,LVL_110_P,true,,true,N/A,N/A,N/A,N/A,N/A,N/A,N/A
356,1770544844083,IR pressed,LVL_110_P,true,,true,Spacebar,1,N/A,2722,N/A,N/A,N/A
356,1770544844863,WR pressed,LVL_110_P,true,,true,No,N/A,1,N/A,780,N/A,N/A
356,1770544844863,gap_time,N/A,true,,true,GapTime_827,N/A,N/A,N/A,N/A,N/A,N/A
356,1770544845707,Sentence shown,HF_39_A,,true,true,N/A,N/A,N/A,N/A,N/A,N/A,N/A
356,1770544847065,Validation IR pressed,HF_39_A,,true,true,Spacebar,1,N/A,1358,N/A,N/A,N/A
356,1770544847065,IR pressed,HF_39_A,,true,true,Spacebar,1,N/A,1358,N/A,N/A,N/A
356,1770544847319,WR pressed,HF_39_A,,true,true,Yes,N/A,N/A,N/A,254,N/A,N/A
356,1770544847319,gap_time,N/A,,true,true,GapTime_979,N/A,N/A,N/A,N/A,N/A,N/A
356,1770544848312,Sentence shown,HH_153_P,true,,,N/A,N/A,N/A,N/A,N/A,N/A,N/A
356,1770544852319,gap_time,N/A,true,,,GapTime_978,N/A,N/A,N/A,N/A,N/A,N/A
356,1770544853306,Sentence shown,LVH_159_A,true,,,N/A,N/A,N/A,N/A,N/A,N/A,N/A
356,1770544857315,gap_time,N/A,true,,,GapTime_1118,N/A,N/A,N/A,N/A,N/A,N/A
356,1770544858442,Sentence shown,HVL_128_P,true,,true,N/A,N/A,N/A,N/A,N/A,N/A,N/A
356,1770544859822,IR pressed,HVL_128_P,true,,true,Spacebar,1,N/A,1380,N/A,N/A,N/A
356,1770544860242,WR pressed,HVL_128_P,true,,true,Yes,N/A,0,N/A,420,N/A,N/A
356,1770544860243,gap_time,N/A,true,,true,GapTime_933,N/A,N/A,N/A,N/A,N/A,N/A
356,1770544861176,Sentence shown,HF_40_A,,,,N/A,N/A,N/A,N/A,N/A,N/A,N/A
356,1770544864118,Validation Wrong IR pressed,HF_40_A,,,,Spacebar,0,N/A,2942,N/A,N/A,N/A
356,1770544864118,IR pressed,HF_40_A,,,,Spacebar,0,N/A,2942,N/A,N/A,N/A
356,1770544865142,WR pressed,HF_40_A,,,,No,N/A,N/A,N/A,1024,N/A,N/A
356,1770544865143,gap_time,N/A,,,,GapTime_797,N/A,N/A,N/A,N/A,N/A,N/A
356,1770544865940,Sentence shown,LVH_161_A,true,,,N/A,N/A,N/A,N/A,N/A,N/A,N/A
356,1770544869947,gap_time,N/A,true,,,GapTime_1244,N/A,N/A,N/A,N/A,N/A,N/A
356,1770544871202,Sentence shown,HH_143_A,true,,true,N/A,N/A,N/A,N/A,N/A,N/A,N/A
356,1770544872599,IR pressed,HH_143_A,true,,true,Spacebar,1,N/A,1397,N/A,N/A,N/A
356,1770544873120,WR pressed,HH_143_A,true,,true,Yes,N/A,1,N/A,521,N/A,N/A
356,1770544873120,gap_time,N/A,true,,true,GapTime_1246,N/A,N/A,N/A,N/A,N/A,N/A
356,1770544874373,Sentence shown,HF_35_A,,,,N/A,N/A,N/A,N/A,N/A,N/A,N/A
356,1770544878387,gap_time,N/A,,,,GapTime_1176,N/A,N/A,N/A,N/A,N/A,N/A
356,1770544879566,Sentence shown,HH_153_A,true,,true,N/A,N/A,N/A,N/A,N/A,N/A,N/A
356,1770544883573,gap_time,N/A,true,,true,GapTime_1063,N/A,N/A,N/A,N/A,N/A,N/A
356,1770544884653,Sentence shown,HF_35_A,,true,true,N/A,N/A,N/A,N/A,N/A,N/A,N/A
356,1770544885819,Validation IR pressed,HF_35_A,,true,true,Spacebar,1,N/A,1166,N/A,N/A,N/A
356,1770544885819,IR pressed,HF_35_A,,true,true,Spacebar,1,N/A,1166,N/A,N/A,N/A
356,1770544886134,WR pressed,HF_35_A,,true,true,Yes,N/A,N/A,N/A,315,N/A,N/A
356,1770544886134,gap_time,N/A,,true,true,GapTime_700,N/A,N/A,N/A,N/A,N/A,N/A
356,1770544886839,Sentence shown,HH_140_A,true,,,N/A,N/A,N/A,N/A,N/A,N/A,N/A
356,1770544890845,gap_time,N/A,true,,,GapTime_878,N/A,N/A,N/A,N/A,N/A,N/A
356,1770544891737,Sentence shown,LVL_102_P,true,,,N/A,N/A,N/A,N/A,N/A,N/A,N/A
356,1770544895742,gap_time,N/A,true,,,GapTime_751,N/A,N/A,N/A,N/A,N/A,N/A
356,1770544896500,Sentence shown,HF_38_A,,,,N/A,N/A,N/A,N/A,N/A,N/A,N/A
356,1770544897919,Validation Wrong IR pressed,HF_38_A,,,,Spacebar,0,N/A,1419,N/A,N/A,N/A
356,1770544897919,IR pressed,HF_38_A,,,,Spacebar,0,N/A,1419,N/A,N/A,N/A
356,1770544899079,WR pressed,HF_38_A,,,,No,N/A,N/A,N/A,1160,N/A,N/A
356,1770544899079,gap_time,N/A,,,,GapTime_1031,N/A,N/A,N/A,N/A,N/A,N/A
356,1770544900113,Sentence shown,HVL_121_P,true,,,N/A,N/A,N/A,N/A,N/A,N/A,N/A
356,1770544904127,gap_time,N/A,true,,,GapTime_1000,N/A,N/A,N/A,N/A,N/A,N/A
356,1770544905130,Sentence shown,LVH_159_P,true,,true,N/A,N/A,N/A,N/A,N/A,N/A,N/A
356,1770544906785,IR pressed,LVH_159_P,true,,true,Spacebar,1,N/A,1655,N/A,N/A,N/A
356,1770544907089,WR pressed,LVH_159_P,true,,true,No,N/A,1,N/A,304,N/A,N/A
356,1770544907089,gap_time,N/A,true,,true,GapTime_1245,N/A,N/A,N/A,N/A,N/A,N/A
356,1770544908342,Sentence shown,LVH_102_P,true,,,N/A,N/A,N/A,N/A,N/A,N/A,N/A
356,1770544912357,gap_time,N/A,true,,,GapTime_956,N/A,N/A,N/A,N/A,N/A,N/A
356,1770544913320,Sentence shown,HF_34_A,,,,N/A,N/A,N/A,N/A,N/A,N/A,N/A
356,1770544917333,gap_time,N/A,,,,GapTime_1236,N/A,N/A,N/A,N/A,N/A,N/A
356,1770544918583,Sentence shown,LVH_161_A,true,,true,N/A,N/A,N/A,N/A,N/A,N/A,N/A
356,1770544920980,IR pressed,LVH_161_A,true,,true,Spacebar,1,N/A,2397,N/A,N/A,N/A
356,1770544922172,WR pressed,LVH_161_A,true,,true,Yes,N/A,1,N/A,1192,N/A,N/A
356,1770544922173,gap_time,N/A,true,,true,GapTime_992,N/A,N/A,N/A,N/A,N/A,N/A
356,1770544923166,Sentence shown,HF_59_A,,,,N/A,N/A,N/A,N/A,N/A,N/A,N/A
356,1770544927180,gap_time,N/A,,,,GapTime_1008,N/A,N/A,N/A,N/A,N/A,N/A
356,1770544928198,Sentence shown,LVL_102_A,true,,true,N/A,N/A,N/A,N/A,N/A,N/A,N/A
356,1770544929844,IR pressed,LVL_102_A,true,,true,Spacebar,1,N/A,1646,N/A,N/A,N/A
356,1770544930616,WR pressed,LVL_102_A,true,,true,Yes,N/A,0,N/A,772,N/A,N/A
356,1770544930616,gap_time,N/A,true,,true,GapTime_919,N/A,N/A,N/A,N/A,N/A,N/A
356,1770544931539,Sentence shown,HF_56_A,,,,N/A,N/A,N/A,N/A,N/A,N/A,N/A
356,1770544935541,gap_time,N/A,,,,GapTime_863,N/A,N/A,N/A,N/A,N/A,N/A
356,1770544936418,Sentence shown,HF_59_A,,true,true,N/A,N/A,N/A,N/A,N/A,N/A,N/A
356,1770544940422,Validation Missed,HF_59_A,,true,true,None,0,N/A,N/A,N/A,N/A,N/A
356,1770544940422,gap_time,N/A,,true,true,GapTime_943,N/A,N/A,N/A,N/A,N/A,N/A
356,1770544941369,Sentence shown,HH_140_P,true,,true,N/A,N/A,N/A,N/A,N/A,N/A,N/A
356,1770544943610,IR pressed,HH_140_P,true,,true,Spacebar,1,N/A,2241,N/A,N/A,N/A
356,1770544944234,WR pressed,HH_140_P,true,,true,Yes,N/A,0,N/A,624,N/A,N/A
356,1770544944234,gap_time,N/A,true,,true,GapTime_739,N/A,N/A,N/A,N/A,N/A,N/A
356,1770544944983,Sentence shown,HF_36_A,,,,N/A,N/A,N/A,N/A,N/A,N/A,N/A
356,1770544948987,gap_time,N/A,,,,GapTime_951,N/A,N/A,N/A,N/A,N/A,N/A
356,1770544949949,Sentence shown,HF_36_A,,true,true,N/A,N/A,N/A,N/A,N/A,N/A,N/A
356,1770544951096,Validation IR pressed,HF_36_A,,true,true,Spacebar,1,N/A,1147,N/A,N/A,N/A
356,1770544951096,IR pressed,HF_36_A,,true,true,Spacebar,1,N/A,1147,N/A,N/A,N/A
356,1770544951527,WR pressed,HF_36_A,,true,true,Yes,N/A,N/A,N/A,431,N/A,N/A
356,1770544951527,gap_time,N/A,,true,true,GapTime_1027,N/A,N/A,N/A,N/A,N/A,N/A
356,1770544952557,Sentence shown,LVL_142_A,true,,,N/A,N/A,N/A,N/A,N/A,N/A,N/A
356,1770544956564,gap_time,N/A,true,,,GapTime_1071,N/A,N/A,N/A,N/A,N/A,N/A
356,1770544957651,Sentence shown,HVL_121_A,true,,true,N/A,N/A,N/A,N/A,N/A,N/A,N/A
356,1770544958773,IR pressed,HVL_121_A,true,,true,Spacebar,1,N/A,1122,N/A,N/A,N/A
356,1770544959329,WR pressed,HVL_121_A,true,,true,Yes,N/A,0,N/A,556,N/A,N/A
356,1770544959330,gap_time,N/A,true,,true,GapTime_1178,N/A,N/A,N/A,N/A,N/A,N/A
356,1770544960515,Sentence shown,LVH_102_A,true,,true,N/A,N/A,N/A,N/A,N/A,N/A,N/A
356,1770544961936,IR pressed,LVH_102_A,true,,true,Spacebar,1,N/A,1421,N/A,N/A,N/A
356,1770544963019,WR pressed,LVH_102_A,true,,true,No,N/A,1,N/A,1083,N/A,N/A
356,1770544963019,gap_time,N/A,true,,true,GapTime_892,N/A,N/A,N/A,N/A,N/A,N/A
356,1770544963916,Sentence shown,HF_42_A,,,,N/A,N/A,N/A,N/A,N/A,N/A,N/A
356,1770544967928,gap_time,N/A,,,,GapTime_723,N/A,N/A,N/A,N/A,N/A,N/A
356,1770544968664,Sentence shown,HF_63_A,,,,N/A,N/A,N/A,N/A,N/A,N/A,N/A
356,1770544972669,gap_time,N/A,,,,GapTime_1073,N/A,N/A,N/A,N/A,N/A,N/A
356,1770544973755,Sentence shown,HF_64_A,,,,N/A,N/A,N/A,N/A,N/A,N/A,N/A
356,1770544977758,gap_time,N/A,,,,GapTime_1058,N/A,N/A,N/A,N/A,N/A,N/A
356,1770544978820,Sentence shown,LVL_142_A,true,,true,N/A,N/A,N/A,N/A,N/A,N/A,N/A
356,1770544980475,IR pressed,LVL_142_A,true,,true,Spacebar,1,N/A,1655,N/A,N/A,N/A
356,1770544981106,WR pressed,LVL_142_A,true,,true,Yes,N/A,1,N/A,631,N/A,N/A
356,1770544981106,gap_time,N/A,true,,true,GapTime_717,N/A,N/A,N/A,N/A,N/A,N/A
356,1770544981835,Sentence shown,HF_41_A,,,,N/A,N/A,N/A,N/A,N/A,N/A,N/A
356,1770544985843,gap_time,N/A,,,,GapTime_848,N/A,N/A,N/A,N/A,N/A,N/A
356,1770544986694,Sentence shown,HF_53_A,,,,N/A,N/A,N/A,N/A,N/A,N/A,N/A
356,1770544990706,gap_time,N/A,,,,GapTime_779,N/A,N/A,N/A,N/A,N/A,N/A
356,1770544991490,Sentence shown,HH_141_P,true,,,N/A,N/A,N/A,N/A,N/A,N/A,N/A
356,1770544995492,gap_time,N/A,true,,,GapTime_750,N/A,N/A,N/A,N/A,N/A,N/A
356,1770544996253,Sentence shown,HF_54_A,,,,N/A,N/A,N/A,N/A,N/A,N/A,N/A
356,1770545000258,gap_time,N/A,,,,GapTime_1020,N/A,N/A,N/A,N/A,N/A,N/A
356,1770545001286,Sentence shown,HF_54_A,,true,true,N/A,N/A,N/A,N/A,N/A,N/A,N/A
356,1770545002516,Validation IR pressed,HF_54_A,,true,true,Spacebar,1,N/A,1230,N/A,N/A,N/A
356,1770545002516,IR pressed,HF_54_A,,true,true,Spacebar,1,N/A,1230,N/A,N/A,N/A
356,1770545002973,WR pressed,HF_54_A,,true,true,Yes,N/A,N/A,N/A,457,N/A,N/A
356,1770545002973,gap_time,N/A,,true,true,GapTime_909,N/A,N/A,N/A,N/A,N/A,N/A
356,1770545003896,Sentence shown,HVL_101_P,true,,,N/A,N/A,N/A,N/A,N/A,N/A,N/A
356,1770545007904,gap_time,N/A,true,,,GapTime_1164,N/A,N/A,N/A,N/A,N/A,N/A
356,1770545009082,Sentence shown,HH_141_P,true,,true,N/A,N/A,N/A,N/A,N/A,N/A,N/A
356,1770545010789,IR pressed,HH_141_P,true,,true,Spacebar,1,N/A,1707,N/A,N/A,N/A
356,1770545013304,WR pressed,HH_141_P,true,,true,Yes,N/A,1,N/A,2515,N/A,N/A
356,1770545013304,gap_time,N/A,true,,true,GapTime_937,N/A,N/A,N/A,N/A,N/A,N/A
356,1770545014248,Sentence shown,HVL_101_P,true,,true,N/A,N/A,N/A,N/A,N/A,N/A,N/A
356,1770545017222,IR pressed,HVL_101_P,true,,true,Spacebar,1,N/A,2974,N/A,N/A,N/A
356,1770545018212,WR pressed,HVL_101_P,true,,true,No,N/A,0,N/A,990,N/A,N/A
356,1770545018212,gap_time,N/A,true,,true,GapTime_967,N/A,N/A,N/A,N/A,N/A,N/A
356,1770545019189,Rest Phase started,N/A,true,,true,Rest,N/A,N/A,N/A,N/A,N/A,N/A
356,1770545394603,Sentence shown,HF_68_A,,,,N/A,N/A,N/A,N/A,N/A,N/A,N/A
356,1770545398616,gap_time,N/A,,,,GapTime_827,N/A,N/A,N/A,N/A,N/A,N/A
356,1770545399456,Sentence shown,HH_174_A,true,,,N/A,N/A,N/A,N/A,N/A,N/A,N/A
356,1770545403473,gap_time,N/A,true,,,GapTime_828,N/A,N/A,N/A,N/A,N/A,N/A
356,1770545404318,Sentence shown,LVL_122_A,true,,,N/A,N/A,N/A,N/A,N/A,N/A,N/A
356,1770545408334,gap_time,N/A,true,,,GapTime_902,N/A,N/A,N/A,N/A,N/A,N/A
356,1770545409244,Sentence shown,HF_92_A,,,,N/A,N/A,N/A,N/A,N/A,N/A,N/A
356,1770545413246,gap_time,N/A,,,,GapTime_932,N/A,N/A,N/A,N/A,N/A,N/A
356,1770545414188,Sentence shown,HF_86_A,,,,N/A,N/A,N/A,N/A,N/A,N/A,N/A
356,1770545418203,gap_time,N/A,,,,GapTime_928,N/A,N/A,N/A,N/A,N/A,N/A
356,1770545419142,Sentence shown,HH_174_A,true,,true,N/A,N/A,N/A,N/A,N/A,N/A,N/A
356,1770545420654,IR pressed,HH_174_A,true,,true,Spacebar,1,N/A,1511,N/A,N/A,N/A
356,1770545421303,WR pressed,HH_174_A,true,,true,Yes,N/A,1,N/A,649,N/A,N/A
356,1770545421304,gap_time,N/A,true,,true,GapTime_792,N/A,N/A,N/A,N/A,N/A,N/A
356,1770545422102,Sentence shown,LVL_145_P,true,,,N/A,N/A,N/A,N/A,N/A,N/A,N/A
356,1770545426103,gap_time,N/A,true,,,GapTime_1078,N/A,N/A,N/A,N/A,N/A,N/A
356,1770545427184,Sentence shown,HF_78_A,,,,N/A,N/A,N/A,N/A,N/A,N/A,N/A
356,1770545429646,Validation Wrong IR pressed,HF_78_A,,,,Spacebar,0,N/A,2462,N/A,N/A,N/A
356,1770545429646,IR pressed,HF_78_A,,,,Spacebar,0,N/A,2462,N/A,N/A,N/A
356,1770545430108,WR pressed,HF_78_A,,,,No,N/A,N/A,N/A,462,N/A,N/A
356,1770545430108,gap_time,N/A,,,,GapTime_1073,N/A,N/A,N/A,N/A,N/A,N/A
356,1770545431190,Sentence shown,HF_72_A,,,,N/A,N/A,N/A,N/A,N/A,N/A,N/A
356,1770545432309,Validation Wrong IR pressed,HF_72_A,,,,Spacebar,0,N/A,1119,N/A,N/A,N/A
356,1770545432309,IR pressed,HF_72_A,,,,Spacebar,0,N/A,1119,N/A,N/A,N/A
356,1770545433246,WR pressed,HF_72_A,,,,No,N/A,N/A,N/A,937,N/A,N/A
356,1770545433247,gap_time,N/A,,,,GapTime_835,N/A,N/A,N/A,N/A,N/A,N/A
356,1770545434098,Sentence shown,HF_78_A,,true,true,N/A,N/A,N/A,N/A,N/A,N/A,N/A
356,1770545435689,Validation IR pressed,HF_78_A,,true,true,Spacebar,1,N/A,1591,N/A,N/A,N/A
356,1770545435689,IR pressed,HF_78_A,,true,true,Spacebar,1,N/A,1591,N/A,N/A,N/A
356,1770545436003,WR pressed,HF_78_A,,true,true,Yes,N/A,N/A,N/A,314,N/A,N/A
356,1770545436003,gap_time,N/A,,true,true,GapTime_752,N/A,N/A,N/A,N/A,N/A,N/A
356,1770545436760,Sentence shown,LVL_135_A,true,,,N/A,N/A,N/A,N/A,N/A,N/A,N/A
356,1770545440776,gap_time,N/A,true,,,GapTime_765,N/A,N/A,N/A,N/A,N/A,N/A
356,1770545441552,Sentence shown,LVL_122_P,true,,true,N/A,N/A,N/A,N/A,N/A,N/A,N/A
356,1770545444455,IR pressed,LVL_122_P,true,,true,Spacebar,1,N/A,2903,N/A,N/A,N/A
356,1770545444637,WR pressed,LVL_122_P,true,,true,Yes,N/A,0,N/A,182,N/A,N/A
356,1770545444637,gap_time,N/A,true,,true,GapTime_854,N/A,N/A,N/A,N/A,N/A,N/A
356,1770545445495,Sentence shown,HF_77_A,,,,N/A,N/A,N/A,N/A,N/A,N/A,N/A
356,1770545449498,gap_time,N/A,,,,GapTime_1068,N/A,N/A,N/A,N/A,N/A,N/A
356,1770545450571,Sentence shown,HF_69_A,,,,N/A,N/A,N/A,N/A,N/A,N/A,N/A
356,1770545454572,gap_time,N/A,,,,GapTime_864,N/A,N/A,N/A,N/A,N/A,N/A
356,1770545455439,Sentence shown,HF_84_A,,,,N/A,N/A,N/A,N/A,N/A,N/A,N/A
356,1770545459449,gap_time,N/A,,,,GapTime_1033,N/A,N/A,N/A,N/A,N/A,N/A
356,1770545460487,Sentence shown,LVL_145_P,true,,true,N/A,N/A,N/A,N/A,N/A,N/A,N/A
356,1770545462399,IR pressed,LVL_145_P,true,,true,Spacebar,1,N/A,1912,N/A,N/A,N/A
356,1770545463029,WR pressed,LVL_145_P,true,,true,Yes,N/A,1,N/A,630,N/A,N/A
356,1770545463029,gap_time,N/A,true,,true,GapTime_1085,N/A,N/A,N/A,N/A,N/A,N/A
356,1770545464125,Sentence shown,HF_84_A,,true,true,N/A,N/A,N/A,N/A,N/A,N/A,N/A
356,1770545466371,Validation IR pressed,HF_84_A,,true,true,Spacebar,1,N/A,2246,N/A,N/A,N/A
356,1770545466371,IR pressed,HF_84_A,,true,true,Spacebar,1,N/A,2246,N/A,N/A,N/A
356,1770545466821,WR pressed,HF_84_A,,true,true,No,N/A,N/A,N/A,450,N/A,N/A
356,1770545466821,gap_time,N/A,,true,true,GapTime_1236,N/A,N/A,N/A,N/A,N/A,N/A
356,1770545468068,Sentence shown,HF_97_A,,,,N/A,N/A,N/A,N/A,N/A,N/A,N/A
356,1770545472078,gap_time,N/A,,,,GapTime_1136,N/A,N/A,N/A,N/A,N/A,N/A
356,1770545473225,Sentence shown,HF_67_A,,,,N/A,N/A,N/A,N/A,N/A,N/A,N/A
356,1770545477239,gap_time,N/A,,,,GapTime_1065,N/A,N/A,N/A,N/A,N/A,N/A
356,1770545478313,Sentence shown,HF_97_A,,true,true,N/A,N/A,N/A,N/A,N/A,N/A,N/A
356,1770545479661,Validation IR pressed,HF_97_A,,true,true,Spacebar,1,N/A,1348,N/A,N/A,N/A
356,1770545479661,IR pressed,HF_97_A,,true,true,Spacebar,1,N/A,1348,N/A,N/A,N/A
356,1770545479855,WR pressed,HF_97_A,,true,true,Yes,N/A,N/A,N/A,194,N/A,N/A
356,1770545479855,gap_time,N/A,,true,true,GapTime_811,N/A,N/A,N/A,N/A,N/A,N/A
356,1770545480673,Sentence shown,LVL_135_A,true,,true,N/A,N/A,N/A,N/A,N/A,N/A,N/A
356,1770545481817,IR pressed,LVL_135_A,true,,true,Spacebar,1,N/A,1144,N/A,N/A,N/A
356,1770545482103,WR pressed,LVL_135_A,true,,true,Yes,N/A,1,N/A,285,N/A,N/A
356,1770545482103,gap_time,N/A,true,,true,GapTime_784,N/A,N/A,N/A,N/A,N/A,N/A
356,1770545482888,Sentence shown,HH_142_P,true,,,N/A,N/A,N/A,N/A,N/A,N/A,N/A
356,1770545486905,gap_time,N/A,true,,,GapTime_1061,N/A,N/A,N/A,N/A,N/A,N/A
356,1770545487970,Sentence shown,HF_75_A,,,,N/A,N/A,N/A,N/A,N/A,N/A,N/A
356,1770545491979,gap_time,N/A,,,,GapTime_893,N/A,N/A,N/A,N/A,N/A,N/A
356,1770545492881,Sentence shown,LVH_109_A,true,,,N/A,N/A,N/A,N/A,N/A,N/A,N/A
356,1770545496889,gap_time,N/A,true,,,GapTime_785,N/A,N/A,N/A,N/A,N/A,N/A
356,1770545497676,Sentence shown,HF_75_A,,true,true,N/A,N/A,N/A,N/A,N/A,N/A,N/A
356,1770545500778,Validation IR pressed,HF_75_A,,true,true,Spacebar,1,N/A,3102,N/A,N/A,N/A
356,1770545500778,IR pressed,HF_75_A,,true,true,Spacebar,1,N/A,3102,N/A,N/A,N/A
356,1770545501242,WR pressed,HF_75_A,,true,true,Yes,N/A,N/A,N/A,464,N/A,N/A
356,1770545501242,gap_time,N/A,,true,true,GapTime_947,N/A,N/A,N/A,N/A,N/A,N/A
356,1770545502203,Sentence shown,HF_93_A,,,,N/A,N/A,N/A,N/A,N/A,N/A,N/A
356,1770545506214,gap_time,N/A,,,,GapTime_1057,N/A,N/A,N/A,N/A,N/A,N/A
356,1770545507272,Sentence shown,HF_82_A,,,,N/A,N/A,N/A,N/A,N/A,N/A,N/A
356,1770545511278,gap_time,N/A,,,,GapTime_893,N/A,N/A,N/A,N/A,N/A,N/A
356,1770545512183,Sentence shown,LVL_128_P,true,,,N/A,N/A,N/A,N/A,N/A,N/A,N/A
356,1770545516187,gap_time,N/A,true,,,GapTime_1059,N/A,N/A,N/A,N/A,N/A,N/A
356,1770545517259,Sentence shown,HF_85_A,,,,N/A,N/A,N/A,N/A,N/A,N/A,N/A
356,1770545521269,gap_time,N/A,,,,GapTime_960,N/A,N/A,N/A,N/A,N/A,N/A
356,1770545522239,Sentence shown,HH_142_P,true,,true,N/A,N/A,N/A,N/A,N/A,N/A,N/A
356,1770545526065,IR pressed,HH_142_P,true,,true,Spacebar,1,N/A,3826,N/A,N/A,N/A
356,1770545526261,WR pressed,HH_142_P,true,,true,Yes,N/A,1,N/A,196,N/A,N/A
356,1770545526261,gap_time,N/A,true,,true,GapTime_1220,N/A,N/A,N/A,N/A,N/A,N/A
356,1770545527482,Sentence shown,HF_71_A,,,,N/A,N/A,N/A,N/A,N/A,N/A,N/A
356,1770545531495,gap_time,N/A,,,,GapTime_859,N/A,N/A,N/A,N/A,N/A,N/A
356,1770545532357,Sentence shown,HF_70_A,,,,N/A,N/A,N/A,N/A,N/A,N/A,N/A
356,1770545536366,gap_time,N/A,,,,GapTime_1028,N/A,N/A,N/A,N/A,N/A,N/A
356,1770545537406,Sentence shown,LVH_109_P,true,,true,N/A,N/A,N/A,N/A,N/A,N/A,N/A
356,1770545541417,gap_time,N/A,true,,true,GapTime_1173,N/A,N/A,N/A,N/A,N/A,N/A
356,1770545542596,Sentence shown,HF_74_A,,,,N/A,N/A,N/A,N/A,N/A,N/A,N/A
356,1770545546600,gap_time,N/A,,,,GapTime_726,N/A,N/A,N/A,N/A,N/A,N/A
356,1770545547333,Sentence shown,LVL_128_A,true,,true,N/A,N/A,N/A,N/A,N/A,N/A,N/A
356,1770545551342,gap_time,N/A,true,,true,GapTime_1192,N/A,N/A,N/A,N/A,N/A,N/A
356,1770545552540,Sentence shown,HVL_102_A,true,,,N/A,N/A,N/A,N/A,N/A,N/A,N/A
356,1770545554414,Validation Wrong IR pressed,HVL_102_A,true,,,Spacebar,0,N/A,1874,N/A,N/A,N/A
356,1770545554414,IR pressed,HVL_102_A,true,,,Spacebar,0,N/A,1874,N/A,N/A,N/A
356,1770545554664,WR pressed,HVL_102_A,true,,,No,N/A,1,N/A,250,N/A,N/A
356,1770545554664,gap_time,N/A,true,,,GapTime_1047,N/A,N/A,N/A,N/A,N/A,N/A
356,1770545555727,Sentence shown,HVL_120_P,true,,,N/A,N/A,N/A,N/A,N/A,N/A,N/A
356,1770545559739,gap_time,N/A,true,,,GapTime_1190,N/A,N/A,N/A,N/A,N/A,N/A
356,1770545560946,Sentence shown,HF_73_A,,,,N/A,N/A,N/A,N/A,N/A,N/A,N/A
356,1770545564950,gap_time,N/A,,,,GapTime_1277,N/A,N/A,N/A,N/A,N/A,N/A
356,1770545566239,Sentence shown,HF_90_A,,,,N/A,N/A,N/A,N/A,N/A,N/A,N/A
356,1770545568146,Validation Wrong IR pressed,HF_90_A,,,,Spacebar,0,N/A,1907,N/A,N/A,N/A
356,1770545568146,IR pressed,HF_90_A,,,,Spacebar,0,N/A,1907,N/A,N/A,N/A
356,1770545568273,WR pressed,HF_90_A,,,,No,N/A,N/A,N/A,127,N/A,N/A
356,1770545568274,gap_time,N/A,,,,GapTime_980,N/A,N/A,N/A,N/A,N/A,N/A
356,1770545569259,Sentence shown,HF_73_A,,true,true,N/A,N/A,N/A,N/A,N/A,N/A,N/A
356,1770545569982,Validation IR pressed,HF_73_A,,true,true,Spacebar,1,N/A,722,N/A,N/A,N/A
356,1770545569982,IR pressed,HF_73_A,,true,true,Spacebar,1,N/A,722,N/A,N/A,N/A
356,1770545570241,WR pressed,HF_73_A,,true,true,No,N/A,N/A,N/A,259,N/A,N/A
356,1770545570242,gap_time,N/A,,true,true,GapTime_835,N/A,N/A,N/A,N/A,N/A,N/A
356,1770545571084,Sentence shown,HF_91_A,,,,N/A,N/A,N/A,N/A,N/A,N/A,N/A
356,1770545575097,gap_time,N/A,,,,GapTime_917,N/A,N/A,N/A,N/A,N/A,N/A
356,1770545576021,Sentence shown,HVL_102_P,true,,true,N/A,N/A,N/A,N/A,N/A,N/A,N/A
356,1770545577680,IR pressed,HVL_102_P,true,,true,Spacebar,1,N/A,1659,N/A,N/A,N/A
356,1770545577766,WR pressed,HVL_102_P,true,,true,Yes,N/A,0,N/A,86,N/A,N/A
356,1770545577767,gap_time,N/A,true,,true,GapTime_1270,N/A,N/A,N/A,N/A,N/A,N/A
356,1770545579045,Sentence shown,HF_66_A,,,,N/A,N/A,N/A,N/A,N/A,N/A,N/A
356,1770545583047,gap_time,N/A,,,,GapTime_973,N/A,N/A,N/A,N/A,N/A,N/A
356,1770545584022,Sentence shown,HF_91_A,,true,true,N/A,N/A,N/A,N/A,N/A,N/A,N/A
356,1770545585084,Validation IR pressed,HF_91_A,,true,true,Spacebar,1,N/A,1061,N/A,N/A,N/A
356,1770545585084,IR pressed,HF_91_A,,true,true,Spacebar,1,N/A,1061,N/A,N/A,N/A
356,1770545585966,WR pressed,HF_91_A,,true,true,Yes,N/A,N/A,N/A,882,N/A,N/A
356,1770545585967,gap_time,N/A,,true,true,GapTime_880,N/A,N/A,N/A,N/A,N/A,N/A
356,1770545586858,Sentence shown,HVL_120_P,true,,true,N/A,N/A,N/A,N/A,N/A,N/A,N/A
356,1770545587660,IR pressed,HVL_120_P,true,,true,Spacebar,1,N/A,802,N/A,N/A,N/A
356,1770545587874,WR pressed,HVL_120_P,true,,true,Yes,N/A,1,N/A,214,N/A,N/A
356,1770545587875,gap_time,N/A,true,,true,GapTime_1226,N/A,N/A,N/A,N/A,N/A,N/A
356,1770545589112,Sentence shown,HF_96_A,,,,N/A,N/A,N/A,N/A,N/A,N/A,N/A
356,1770545593126,gap_time,N/A,,,,GapTime_917,N/A,N/A,N/A,N/A,N/A,N/A
356,1770545594050,Sentence shown,HH_159_P,true,,,N/A,N/A,N/A,N/A,N/A,N/A,N/A
356,1770545598061,gap_time,N/A,true,,,GapTime_1222,N/A,N/A,N/A,N/A,N/A,N/A
356,1770545599290,Sentence shown,HF_83_A,,,,N/A,N/A,N/A,N/A,N/A,N/A,N/A
356,1770545603293,gap_time,N/A,,,,GapTime_733,N/A,N/A,N/A,N/A,N/A,N/A
356,1770545604036,Sentence shown,HF_83_A,,true,true,N/A,N/A,N/A,N/A,N/A,N/A,N/A
356,1770545605047,Validation IR pressed,HF_83_A,,true,true,Spacebar,1,N/A,1011,N/A,N/A,N/A
356,1770545605047,IR pressed,HF_83_A,,true,true,Spacebar,1,N/A,1011,N/A,N/A,N/A
356,1770545605255,WR pressed,HF_83_A,,true,true,Yes,N/A,N/A,N/A,208,N/A,N/A
356,1770545605256,gap_time,N/A,,true,true,GapTime_1284,N/A,N/A,N/A,N/A,N/A,N/A
356,1770545606546,Sentence shown,HVL_123_A,true,,,N/A,N/A,N/A,N/A,N/A,N/A,N/A
356,1770545610560,gap_time,N/A,true,,,GapTime_1089,N/A,N/A,N/A,N/A,N/A,N/A
356,1770545611657,Sentence shown,HF_76_A,,,,N/A,N/A,N/A,N/A,N/A,N/A,N/A
356,1770545615662,gap_time,N/A,,,,GapTime_1244,N/A,N/A,N/A,N/A,N/A,N/A
356,1770545616911,Sentence shown,HF_76_A,,true,true,N/A,N/A,N/A,N/A,N/A,N/A,N/A
356,1770545617936,Validation IR pressed,HF_76_A,,true,true,Spacebar,1,N/A,1025,N/A,N/A,N/A
356,1770545617936,IR pressed,HF_76_A,,true,true,Spacebar,1,N/A,1025,N/A,N/A,N/A
356,1770545618218,WR pressed,HF_76_A,,true,true,Yes,N/A,N/A,N/A,282,N/A,N/A
356,1770545618218,gap_time,N/A,,true,true,GapTime_748,N/A,N/A,N/A,N/A,N/A,N/A
356,1770545618979,Sentence shown,LVH_107_P,true,,,N/A,N/A,N/A,N/A,N/A,N/A,N/A
356,1770545622985,gap_time,N/A,true,,,GapTime_1170,N/A,N/A,N/A,N/A,N/A,N/A
356,1770545624167,Sentence shown,HF_81_A,,,,N/A,N/A,N/A,N/A,N/A,N/A,N/A
356,1770545628177,gap_time,N/A,,,,GapTime_1060,N/A,N/A,N/A,N/A,N/A,N/A
356,1770545629251,Sentence shown,HF_79_A,,,,N/A,N/A,N/A,N/A,N/A,N/A,N/A
356,1770545633265,gap_time,N/A,,,,GapTime_741,N/A,N/A,N/A,N/A,N/A,N/A
356,1770545634014,Sentence shown,HF_79_A,,true,true,N/A,N/A,N/A,N/A,N/A,N/A,N/A
356,1770545635165,Validation IR pressed,HF_79_A,,true,true,Spacebar,1,N/A,1151,N/A,N/A,N/A
356,1770545635165,IR pressed,HF_79_A,,true,true,Spacebar,1,N/A,1151,N/A,N/A,N/A
356,1770545635633,WR pressed,HF_79_A,,true,true,Yes,N/A,N/A,N/A,468,N/A,N/A
356,1770545635633,gap_time,N/A,,true,true,GapTime_787,N/A,N/A,N/A,N/A,N/A,N/A
356,1770545636431,Sentence shown,HF_87_A,,,,N/A,N/A,N/A,N/A,N/A,N/A,N/A
356,1770545640435,gap_time,N/A,,,,GapTime_1281,N/A,N/A,N/A,N/A,N/A,N/A
356,1770545641721,Sentence shown,HH_159_A,true,,true,N/A,N/A,N/A,N/A,N/A,N/A,N/A
356,1770545643358,IR pressed,HH_159_A,true,,true,Spacebar,1,N/A,1637,N/A,N/A,N/A
356,1770545645093,WR pressed,HH_159_A,true,,true,No,N/A,1,N/A,1735,N/A,N/A
356,1770545645094,gap_time,N/A,true,,true,GapTime_895,N/A,N/A,N/A,N/A,N/A,N/A
356,1770545646006,Sentence shown,HF_80_A,,,,N/A,N/A,N/A,N/A,N/A,N/A,N/A
356,1770545650020,gap_time,N/A,,,,GapTime_938,N/A,N/A,N/A,N/A,N/A,N/A
356,1770545650963,Sentence shown,HF_80_A,,true,true,N/A,N/A,N/A,N/A,N/A,N/A,N/A
356,1770545652488,Validation IR pressed,HF_80_A,,true,true,Spacebar,1,N/A,1525,N/A,N/A,N/A
356,1770545652488,IR pressed,HF_80_A,,true,true,Spacebar,1,N/A,1525,N/A,N/A,N/A
356,1770545652867,WR pressed,HF_80_A,,true,true,Yes,N/A,N/A,N/A,378,N/A,N/A
356,1770545652867,gap_time,N/A,,true,true,GapTime_879,N/A,N/A,N/A,N/A,N/A,N/A
356,1770545653750,Sentence shown,HVL_123_A,true,,true,N/A,N/A,N/A,N/A,N/A,N/A,N/A
356,1770545654958,IR pressed,HVL_123_A,true,,true,Spacebar,1,N/A,1208,N/A,N/A,N/A
356,1770545655284,WR pressed,HVL_123_A,true,,true,Yes,N/A,1,N/A,326,N/A,N/A
356,1770545655285,gap_time,N/A,true,,true,GapTime_1032,N/A,N/A,N/A,N/A,N/A,N/A
356,1770545656328,Sentence shown,LVH_107_P,true,,true,N/A,N/A,N/A,N/A,N/A,N/A,N/A
356,1770545657295,IR pressed,LVH_107_P,true,,true,Spacebar,1,N/A,967,N/A,N/A,N/A
356,1770545657675,WR pressed,LVH_107_P,true,,true,Yes,N/A,1,N/A,379,N/A,N/A
356,1770545657675,gap_time,N/A,true,,true,GapTime_737,N/A,N/A,N/A,N/A,N/A,N/A
356,1770545658420,Sentence shown,LVH_141_P,true,,,N/A,N/A,N/A,N/A,N/A,N/A,N/A
356,1770545662436,gap_time,N/A,true,,,GapTime_922,N/A,N/A,N/A,N/A,N/A,N/A
356,1770545663373,Sentence shown,HF_89_A,,,,N/A,N/A,N/A,N/A,N/A,N/A,N/A
356,1770545667377,gap_time,N/A,,,,GapTime_1095,N/A,N/A,N/A,N/A,N/A,N/A
356,1770545668488,Sentence shown,HF_88_A,,,,N/A,N/A,N/A,N/A,N/A,N/A,N/A
356,1770545672500,gap_time,N/A,,,,GapTime_1128,N/A,N/A,N/A,N/A,N/A,N/A
356,1770545673644,Sentence shown,HF_94_A,,,,N/A,N/A,N/A,N/A,N/A,N/A,N/A
356,1770545677658,gap_time,N/A,,,,GapTime_1255,N/A,N/A,N/A,N/A,N/A,N/A
356,1770545678925,Sentence shown,LVH_164_A,true,,,N/A,N/A,N/A,N/A,N/A,N/A,N/A
356,1770545682931,gap_time,N/A,true,,,GapTime_1172,N/A,N/A,N/A,N/A,N/A,N/A
356,1770545684118,Sentence shown,HF_95_A,,,,N/A,N/A,N/A,N/A,N/A,N/A,N/A
356,1770545688119,gap_time,N/A,,,,GapTime_1103,N/A,N/A,N/A,N/A,N/A,N/A
356,1770545689227,Sentence shown,LVH_141_A,true,,true,N/A,N/A,N/A,N/A,N/A,N/A,N/A
356,1770545690696,IR pressed,LVH_141_A,true,,true,Spacebar,1,N/A,1469,N/A,N/A,N/A
356,1770545692025,WR pressed,LVH_141_A,true,,true,Yes,N/A,0,N/A,1329,N/A,N/A
356,1770545692025,gap_time,N/A,true,,true,GapTime_969,N/A,N/A,N/A,N/A,N/A,N/A
356,1770545692995,Sentence shown,HVL_144_P,true,,,N/A,N/A,N/A,N/A,N/A,N/A,N/A
356,1770545697012,gap_time,N/A,true,,,GapTime_1108,N/A,N/A,N/A,N/A,N/A,N/A
356,1770545698123,Sentence shown,HH_180_A,true,,,N/A,N/A,N/A,N/A,N/A,N/A,N/A
356,1770545702128,gap_time,N/A,true,,,GapTime_947,N/A,N/A,N/A,N/A,N/A,N/A
356,1770545703087,Sentence shown,LVH_164_A,true,,true,N/A,N/A,N/A,N/A,N/A,N/A,N/A
356,1770545707098,gap_time,N/A,true,,true,GapTime_1277,N/A,N/A,N/A,N/A,N/A,N/A
356,1770545708391,Sentence shown,HVL_144_A,true,,true,N/A,N/A,N/A,N/A,N/A,N/A,N/A
356,1770545709875,IR pressed,HVL_144_A,true,,true,Spacebar,1,N/A,1484,N/A,N/A,N/A
356,1770545710064,WR pressed,HVL_144_A,true,,true,Yes,N/A,0,N/A,189,N/A,N/A
356,1770545710064,gap_time,N/A,true,,true,GapTime_721,N/A,N/A,N/A,N/A,N/A,N/A
356,1770545710798,Sentence shown,HH_180_P,true,,true,N/A,N/A,N/A,N/A,N/A,N/A,N/A
356,1770545711851,IR pressed,HH_180_P,true,,true,Spacebar,1,N/A,1053,N/A,N/A,N/A
356,1770545712375,WR pressed,HH_180_P,true,,true,No,N/A,1,N/A,524,N/A,N/A
356,1770545712376,gap_time,N/A,true,,true,GapTime_1126,N/A,N/A,N/A,N/A,N/A,N/A
