participant_ID,Timestamp,Event,Stimulus,isTarget,isValidation,isRepeat,Button,Accuracy IR,Accuracy WR,Reaction_time_IR,Reaction_time_WR,CR_IR,CR_WR
362,1770566765741,Practice Sentence shown,HH_130_A,true,,,N/A,N/A,N/A,N/A,N/A,N/A,N/A
362,1770566771248,Practice Sentence shown,HL_31_A,,,,N/A,N/A,N/A,N/A,N/A,N/A,N/A
362,1770566776764,Practice Sentence shown,HL_56_A,,,,N/A,N/A,N/A,N/A,N/A,N/A,N/A
362,1770566782276,Practice Sentence shown,HL_59_A,,,,N/A,N/A,N/A,N/A,N/A,N/A,N/A
362,1770566787795,Practice Sentence shown,HL_2_A,,,,N/A,N/A,N/A,N/A,N/A,N/A,N/A
362,1770566788696,Practice IR pressed,HL_2_A,,,,Spacebar,0,N/A,901,N/A,N/A,N/A
362,1770566793726,Practice Sentence shown,HH_103_A,true,,,N/A,N/A,N/A,N/A,N/A,N/A,N/A
362,1770566799240,Practice Sentence shown,HH_108_A,true,,,N/A,N/A,N/A,N/A,N/A,N/A,N/A
362,1770566804747,Practice Sentence shown,HL_7_A,,,,N/A,N/A,N/A,N/A,N/A,N/A,N/A
362,1770566810278,Practice Sentence shown,HL_28_A,,,,N/A,N/A,N/A,N/A,N/A,N/A,N/A
362,1770566815792,Practice Sentence shown,HH_130_P,true,,true,N/A,N/A,N/A,N/A,N/A,N/A,N/A
362,1770566817895,Practice IR pressed,HH_130_P,true,,true,Spacebar,1,N/A,2103,N/A,N/A,N/A
362,1770566824012,Practice WR pressed,HH_130_P,true,,true,Yes,N/A,0,N/A,6117,N/A,N/A
362,1770566851371,Practice Sentence shown,HL_11_A,,,,N/A,N/A,N/A,N/A,N/A,N/A,N/A
362,1770566856882,Practice Sentence shown,HH_103_A,true,,true,N/A,N/A,N/A,N/A,N/A,N/A,N/A
362,1770566859428,Practice IR pressed,HH_103_A,true,,true,Spacebar,1,N/A,2546,N/A,N/A,N/A
362,1770566863446,Practice WR pressed,HH_103_A,true,,true,Yes,N/A,1,N/A,4018,N/A,N/A
362,1770566864954,Practice Sentence shown,HH_108_P,true,,true,N/A,N/A,N/A,N/A,N/A,N/A,N/A
362,1770566868956,Practice Missed,HH_108_P,true,,true,None,0,N/A,N/A,N/A,N/A,N/A
362,1770566872681,Practice Sentence shown,HL_1_A,,,,N/A,N/A,N/A,N/A,N/A,N/A,N/A
362,1770566878205,Practice Sentence shown,HL_92_A,,,,N/A,N/A,N/A,N/A,N/A,N/A,N/A
362,1770566883733,Practice Sentence shown,HL_113_A,,,,N/A,N/A,N/A,N/A,N/A,N/A,N/A
362,1770566889247,Practice Sentence shown,HH_117_A,true,,,N/A,N/A,N/A,N/A,N/A,N/A,N/A
362,1770566894753,Practice Sentence shown,HH_126_A,true,,,N/A,N/A,N/A,N/A,N/A,N/A,N/A
362,1770566900275,Practice Sentence shown,HH_126_P,true,,true,N/A,N/A,N/A,N/A,N/A,N/A,N/A
362,1770566901937,Practice IR pressed,HH_126_P,true,,true,Spacebar,1,N/A,1662,N/A,N/A,N/A
362,1770566903422,Practice WR pressed,HH_126_P,true,,true,No,N/A,1,N/A,1485,N/A,N/A
362,1770566904929,Practice Sentence shown,HH_117_A,true,,true,N/A,N/A,N/A,N/A,N/A,N/A,N/A
362,1770566906404,Practice IR pressed,HH_117_A,true,,true,Spacebar,1,N/A,1475,N/A,N/A,N/A
362,1770566909067,Practice WR pressed,HH_117_A,true,,true,Yes,N/A,1,N/A,2663,N/A,N/A
362,1770566915801,Sentence shown,HF_5_A,,,,N/A,N/A,N/A,N/A,N/A,N/A,N/A
362,1770566919817,gap_time,N/A,,,,GapTime_745,N/A,N/A,N/A,N/A,N/A,N/A
362,1770566920576,Sentence shown,HF_5_A,,true,true,N/A,N/A,N/A,N/A,N/A,N/A,N/A
362,1770566922261,Validation IR pressed,HF_5_A,,true,true,Spacebar,1,N/A,1685,N/A,N/A,N/A
362,1770566922261,IR pressed,HF_5_A,,true,true,Spacebar,1,N/A,1685,N/A,N/A,N/A
362,1770566929441,WR pressed,HF_5_A,,true,true,Yes,N/A,N/A,N/A,7180,N/A,N/A
362,1770566929441,gap_time,N/A,,true,true,GapTime_1067,N/A,N/A,N/A,N/A,N/A,N/A
362,1770566930518,Sentence shown,HF_4_A,,,,N/A,N/A,N/A,N/A,N/A,N/A,N/A
362,1770566934529,gap_time,N/A,,,,GapTime_1074,N/A,N/A,N/A,N/A,N/A,N/A
362,1770566935608,Sentence shown,HF_4_A,,true,true,N/A,N/A,N/A,N/A,N/A,N/A,N/A
362,1770566937376,Validation IR pressed,HF_4_A,,true,true,Spacebar,1,N/A,1768,N/A,N/A,N/A
362,1770566937376,IR pressed,HF_4_A,,true,true,Spacebar,1,N/A,1768,N/A,N/A,N/A
362,1770566938850,WR pressed,HF_4_A,,true,true,Yes,N/A,N/A,N/A,1473,N/A,N/A
362,1770566938850,gap_time,N/A,,true,true,GapTime_1042,N/A,N/A,N/A,N/A,N/A,N/A
362,1770566939895,Sentence shown,HF_10_A,,,,N/A,N/A,N/A,N/A,N/A,N/A,N/A
362,1770566943902,gap_time,N/A,,,,GapTime_1016,N/A,N/A,N/A,N/A,N/A,N/A
362,1770566944920,Sentence shown,HF_24_A,,,,N/A,N/A,N/A,N/A,N/A,N/A,N/A
362,1770566948937,gap_time,N/A,,,,GapTime_874,N/A,N/A,N/A,N/A,N/A,N/A
362,1770566949818,Sentence shown,HH_137_P,true,,,N/A,N/A,N/A,N/A,N/A,N/A,N/A
362,1770566953834,gap_time,N/A,true,,,GapTime_1087,N/A,N/A,N/A,N/A,N/A,N/A
362,1770566954928,Sentence shown,HH_143_P,true,,,N/A,N/A,N/A,N/A,N/A,N/A,N/A
362,1770566958944,gap_time,N/A,true,,,GapTime_866,N/A,N/A,N/A,N/A,N/A,N/A
362,1770566959812,Sentence shown,HF_7_A,,,,N/A,N/A,N/A,N/A,N/A,N/A,N/A
362,1770566963820,gap_time,N/A,,,,GapTime_798,N/A,N/A,N/A,N/A,N/A,N/A
362,1770566964620,Sentence shown,HF_17_A,,,,N/A,N/A,N/A,N/A,N/A,N/A,N/A
362,1770566968622,gap_time,N/A,,,,GapTime_1262,N/A,N/A,N/A,N/A,N/A,N/A
362,1770566969888,Sentence shown,HH_137_P,true,,true,N/A,N/A,N/A,N/A,N/A,N/A,N/A
362,1770566971602,IR pressed,HH_137_P,true,,true,Spacebar,1,N/A,1714,N/A,N/A,N/A
362,1770566974413,WR pressed,HH_137_P,true,,true,Yes,N/A,1,N/A,2811,N/A,N/A
362,1770566974414,gap_time,N/A,true,,true,GapTime_1239,N/A,N/A,N/A,N/A,N/A,N/A
362,1770566975660,Sentence shown,HF_22_A,,,,N/A,N/A,N/A,N/A,N/A,N/A,N/A
362,1770566979668,gap_time,N/A,,,,GapTime_1270,N/A,N/A,N/A,N/A,N/A,N/A
362,1770566980948,Sentence shown,HF_2_A,,,,N/A,N/A,N/A,N/A,N/A,N/A,N/A
362,1770566984963,gap_time,N/A,,,,GapTime_806,N/A,N/A,N/A,N/A,N/A,N/A
362,1770566985786,Sentence shown,HF_22_A,,true,true,N/A,N/A,N/A,N/A,N/A,N/A,N/A
362,1770566987609,Validation IR pressed,HF_22_A,,true,true,Spacebar,1,N/A,1823,N/A,N/A,N/A
362,1770566987609,IR pressed,HF_22_A,,true,true,Spacebar,1,N/A,1823,N/A,N/A,N/A
362,1770566988461,WR pressed,HF_22_A,,true,true,Yes,N/A,N/A,N/A,852,N/A,N/A
362,1770566988461,gap_time,N/A,,true,true,GapTime_1250,N/A,N/A,N/A,N/A,N/A,N/A
362,1770566989721,Sentence shown,HF_2_A,,true,true,N/A,N/A,N/A,N/A,N/A,N/A,N/A
362,1770566990761,Validation IR pressed,HF_2_A,,true,true,Spacebar,1,N/A,1040,N/A,N/A,N/A
362,1770566990761,IR pressed,HF_2_A,,true,true,Spacebar,1,N/A,1040,N/A,N/A,N/A
362,1770566991363,WR pressed,HF_2_A,,true,true,Yes,N/A,N/A,N/A,602,N/A,N/A
362,1770566991363,gap_time,N/A,,true,true,GapTime_1185,N/A,N/A,N/A,N/A,N/A,N/A
362,1770566992565,Sentence shown,LVH_116_A,true,,,N/A,N/A,N/A,N/A,N/A,N/A,N/A
362,1770566996573,gap_time,N/A,true,,,GapTime_746,N/A,N/A,N/A,N/A,N/A,N/A
362,1770566997333,Sentence shown,HF_8_A,,,,N/A,N/A,N/A,N/A,N/A,N/A,N/A
362,1770567001343,gap_time,N/A,,,,GapTime_1194,N/A,N/A,N/A,N/A,N/A,N/A
362,1770567002551,Sentence shown,HH_143_A,true,,true,N/A,N/A,N/A,N/A,N/A,N/A,N/A
362,1770567006554,gap_time,N/A,true,,true,GapTime_1286,N/A,N/A,N/A,N/A,N/A,N/A
362,1770567007843,Sentence shown,HF_28_A,,,,N/A,N/A,N/A,N/A,N/A,N/A,N/A
362,1770567011852,gap_time,N/A,,,,GapTime_962,N/A,N/A,N/A,N/A,N/A,N/A
362,1770567012822,Sentence shown,HF_8_A,,true,true,N/A,N/A,N/A,N/A,N/A,N/A,N/A
362,1770567014591,Validation IR pressed,HF_8_A,,true,true,Spacebar,1,N/A,1769,N/A,N/A,N/A
362,1770567014591,IR pressed,HF_8_A,,true,true,Spacebar,1,N/A,1769,N/A,N/A,N/A
362,1770567014956,WR pressed,HF_8_A,,true,true,Yes,N/A,N/A,N/A,365,N/A,N/A
362,1770567014956,gap_time,N/A,,true,true,GapTime_999,N/A,N/A,N/A,N/A,N/A,N/A
362,1770567015966,Sentence shown,HF_14_A,,,,N/A,N/A,N/A,N/A,N/A,N/A,N/A
362,1770567017460,Validation Wrong IR pressed,HF_14_A,,,,Spacebar,0,N/A,1494,N/A,N/A,N/A
362,1770567017460,IR pressed,HF_14_A,,,,Spacebar,0,N/A,1494,N/A,N/A,N/A
362,1770567017807,WR pressed,HF_14_A,,,,Yes,N/A,N/A,N/A,347,N/A,N/A
362,1770567017807,gap_time,N/A,,,,GapTime_1072,N/A,N/A,N/A,N/A,N/A,N/A
362,1770567018891,Sentence shown,HF_6_A,,,,N/A,N/A,N/A,N/A,N/A,N/A,N/A
362,1770567022896,gap_time,N/A,,,,GapTime_1173,N/A,N/A,N/A,N/A,N/A,N/A
362,1770567024078,Sentence shown,HF_1_A,,,,N/A,N/A,N/A,N/A,N/A,N/A,N/A
362,1770567026114,Validation Wrong IR pressed,HF_1_A,,,,Spacebar,0,N/A,2036,N/A,N/A,N/A
362,1770567026114,IR pressed,HF_1_A,,,,Spacebar,0,N/A,2036,N/A,N/A,N/A
362,1770567026379,WR pressed,HF_1_A,,,,Yes,N/A,N/A,N/A,265,N/A,N/A
362,1770567026379,gap_time,N/A,,,,GapTime_835,N/A,N/A,N/A,N/A,N/A,N/A
362,1770567027227,Sentence shown,HF_6_A,,true,true,N/A,N/A,N/A,N/A,N/A,N/A,N/A
362,1770567028485,Validation IR pressed,HF_6_A,,true,true,Spacebar,1,N/A,1258,N/A,N/A,N/A
362,1770567028485,IR pressed,HF_6_A,,true,true,Spacebar,1,N/A,1258,N/A,N/A,N/A
362,1770567029534,WR pressed,HF_6_A,,true,true,Yes,N/A,N/A,N/A,1049,N/A,N/A
362,1770567029534,gap_time,N/A,,true,true,GapTime_1091,N/A,N/A,N/A,N/A,N/A,N/A
362,1770567030634,Sentence shown,HF_32_A,,,,N/A,N/A,N/A,N/A,N/A,N/A,N/A
362,1770567034641,gap_time,N/A,,,,GapTime_1186,N/A,N/A,N/A,N/A,N/A,N/A
362,1770567035838,Sentence shown,LVH_116_A,true,,true,N/A,N/A,N/A,N/A,N/A,N/A,N/A
362,1770567037918,IR pressed,LVH_116_A,true,,true,Spacebar,1,N/A,2080,N/A,N/A,N/A
362,1770567038769,WR pressed,LVH_116_A,true,,true,Yes,N/A,1,N/A,851,N/A,N/A
362,1770567038769,gap_time,N/A,true,,true,GapTime_845,N/A,N/A,N/A,N/A,N/A,N/A
362,1770567039624,Sentence shown,HF_25_A,,,,N/A,N/A,N/A,N/A,N/A,N/A,N/A
362,1770567043630,gap_time,N/A,,,,GapTime_1191,N/A,N/A,N/A,N/A,N/A,N/A
362,1770567044830,Sentence shown,HF_25_A,,true,true,N/A,N/A,N/A,N/A,N/A,N/A,N/A
362,1770567045765,Validation IR pressed,HF_25_A,,true,true,Spacebar,1,N/A,935,N/A,N/A,N/A
362,1770567045765,IR pressed,HF_25_A,,true,true,Spacebar,1,N/A,935,N/A,N/A,N/A
362,1770567047357,WR pressed,HF_25_A,,true,true,Yes,N/A,N/A,N/A,1592,N/A,N/A
362,1770567047357,gap_time,N/A,,true,true,GapTime_948,N/A,N/A,N/A,N/A,N/A,N/A
362,1770567048315,Sentence shown,HF_31_A,,,,N/A,N/A,N/A,N/A,N/A,N/A,N/A
362,1770567049530,Validation Wrong IR pressed,HF_31_A,,,,Spacebar,0,N/A,1215,N/A,N/A,N/A
362,1770567049530,IR pressed,HF_31_A,,,,Spacebar,0,N/A,1215,N/A,N/A,N/A
362,1770567050197,WR pressed,HF_31_A,,,,Yes,N/A,N/A,N/A,667,N/A,N/A
362,1770567050197,gap_time,N/A,,,,GapTime_773,N/A,N/A,N/A,N/A,N/A,N/A
362,1770567050987,Sentence shown,LVH_118_P,true,,,N/A,N/A,N/A,N/A,N/A,N/A,N/A
362,1770567054992,gap_time,N/A,true,,,GapTime_947,N/A,N/A,N/A,N/A,N/A,N/A
362,1770567055952,Sentence shown,HF_12_A,,,,N/A,N/A,N/A,N/A,N/A,N/A,N/A
362,1770567057713,Validation Wrong IR pressed,HF_12_A,,,,Spacebar,0,N/A,1761,N/A,N/A,N/A
362,1770567057713,IR pressed,HF_12_A,,,,Spacebar,0,N/A,1761,N/A,N/A,N/A
362,1770567058762,WR pressed,HF_12_A,,,,No,N/A,N/A,N/A,1049,N/A,N/A
362,1770567058762,gap_time,N/A,,,,GapTime_1026,N/A,N/A,N/A,N/A,N/A,N/A
362,1770567059803,Sentence shown,HF_21_A,,,,N/A,N/A,N/A,N/A,N/A,N/A,N/A
362,1770567063808,gap_time,N/A,,,,GapTime_1271,N/A,N/A,N/A,N/A,N/A,N/A
362,1770567065081,Sentence shown,HF_19_A,,,,N/A,N/A,N/A,N/A,N/A,N/A,N/A
362,1770567069088,gap_time,N/A,,,,GapTime_1027,N/A,N/A,N/A,N/A,N/A,N/A
362,1770567070126,Sentence shown,LVL_149_P,true,,,N/A,N/A,N/A,N/A,N/A,N/A,N/A
362,1770567074131,gap_time,N/A,true,,,GapTime_1056,N/A,N/A,N/A,N/A,N/A,N/A
362,1770567075199,Sentence shown,LVH_118_P,true,,true,N/A,N/A,N/A,N/A,N/A,N/A,N/A
362,1770567079213,gap_time,N/A,true,,true,GapTime_1015,N/A,N/A,N/A,N/A,N/A,N/A
362,1770567080239,Sentence shown,LVH_103_A,true,,,N/A,N/A,N/A,N/A,N/A,N/A,N/A
362,1770567084242,gap_time,N/A,true,,,GapTime_1058,N/A,N/A,N/A,N/A,N/A,N/A
362,1770567085308,Sentence shown,HF_11_A,,,,N/A,N/A,N/A,N/A,N/A,N/A,N/A
362,1770567087211,Validation Wrong IR pressed,HF_11_A,,,,Spacebar,0,N/A,1903,N/A,N/A,N/A
362,1770567087211,IR pressed,HF_11_A,,,,Spacebar,0,N/A,1903,N/A,N/A,N/A
362,1770567087792,WR pressed,HF_11_A,,,,Yes,N/A,N/A,N/A,581,N/A,N/A
362,1770567087793,gap_time,N/A,,,,GapTime_1247,N/A,N/A,N/A,N/A,N/A,N/A
362,1770567089056,Sentence shown,HF_30_A,,,,N/A,N/A,N/A,N/A,N/A,N/A,N/A
362,1770567093063,gap_time,N/A,,,,GapTime_985,N/A,N/A,N/A,N/A,N/A,N/A
362,1770567094056,Sentence shown,HF_11_A,,true,true,N/A,N/A,N/A,N/A,N/A,N/A,N/A
362,1770567097139,Validation IR pressed,HF_11_A,,true,true,Spacebar,1,N/A,3083,N/A,N/A,N/A
362,1770567097139,IR pressed,HF_11_A,,true,true,Spacebar,1,N/A,3083,N/A,N/A,N/A
362,1770567098169,WR pressed,HF_11_A,,true,true,No,N/A,N/A,N/A,1030,N/A,N/A
362,1770567098169,gap_time,N/A,,true,true,GapTime_927,N/A,N/A,N/A,N/A,N/A,N/A
362,1770567099111,Sentence shown,LVL_129_A,true,,,N/A,N/A,N/A,N/A,N/A,N/A,N/A
362,1770567103117,gap_time,N/A,true,,,GapTime_1220,N/A,N/A,N/A,N/A,N/A,N/A
362,1770567104341,Sentence shown,HVL_144_P,true,,,N/A,N/A,N/A,N/A,N/A,N/A,N/A
362,1770567108342,gap_time,N/A,true,,,GapTime_924,N/A,N/A,N/A,N/A,N/A,N/A
362,1770567109272,Sentence shown,HF_26_A,,,,N/A,N/A,N/A,N/A,N/A,N/A,N/A
362,1770567113277,gap_time,N/A,,,,GapTime_1212,N/A,N/A,N/A,N/A,N/A,N/A
362,1770567114495,Sentence shown,LVL_149_A,true,,true,N/A,N/A,N/A,N/A,N/A,N/A,N/A
362,1770567115561,IR pressed,LVL_149_A,true,,true,Spacebar,1,N/A,1066,N/A,N/A,N/A
362,1770567118145,WR pressed,LVL_149_A,true,,true,Yes,N/A,0,N/A,2584,N/A,N/A
362,1770567118146,gap_time,N/A,true,,true,GapTime_715,N/A,N/A,N/A,N/A,N/A,N/A
362,1770567118872,Sentence shown,LVH_103_P,true,,true,N/A,N/A,N/A,N/A,N/A,N/A,N/A
362,1770567122876,gap_time,N/A,true,,true,GapTime_1089,N/A,N/A,N/A,N/A,N/A,N/A
362,1770567123967,Sentence shown,LVH_109_P,true,,,N/A,N/A,N/A,N/A,N/A,N/A,N/A
362,1770567127970,gap_time,N/A,true,,,GapTime_1055,N/A,N/A,N/A,N/A,N/A,N/A
362,1770567129037,Sentence shown,HF_20_A,,,,N/A,N/A,N/A,N/A,N/A,N/A,N/A
362,1770567133046,gap_time,N/A,,,,GapTime_1029,N/A,N/A,N/A,N/A,N/A,N/A
362,1770567134089,Sentence shown,HVL_128_A,true,,,N/A,N/A,N/A,N/A,N/A,N/A,N/A
362,1770567138095,gap_time,N/A,true,,,GapTime_1219,N/A,N/A,N/A,N/A,N/A,N/A
362,1770567139324,Sentence shown,HF_20_A,,true,true,N/A,N/A,N/A,N/A,N/A,N/A,N/A
362,1770567143324,Validation Missed,HF_20_A,,true,true,None,0,N/A,N/A,N/A,N/A,N/A
362,1770567143325,gap_time,N/A,,true,true,GapTime_1271,N/A,N/A,N/A,N/A,N/A,N/A
362,1770567144607,Sentence shown,HF_33_A,,,,N/A,N/A,N/A,N/A,N/A,N/A,N/A
362,1770567148612,gap_time,N/A,,,,GapTime_1297,N/A,N/A,N/A,N/A,N/A,N/A
362,1770567149916,Sentence shown,HF_33_A,,true,true,N/A,N/A,N/A,N/A,N/A,N/A,N/A
362,1770567150965,Validation IR pressed,HF_33_A,,true,true,Spacebar,1,N/A,1049,N/A,N/A,N/A
362,1770567150965,IR pressed,HF_33_A,,true,true,Spacebar,1,N/A,1049,N/A,N/A,N/A
362,1770567151258,WR pressed,HF_33_A,,true,true,Yes,N/A,N/A,N/A,293,N/A,N/A
362,1770567151258,gap_time,N/A,,true,true,GapTime_792,N/A,N/A,N/A,N/A,N/A,N/A
362,1770567152054,Sentence shown,HH_149_A,true,,,N/A,N/A,N/A,N/A,N/A,N/A,N/A
362,1770567156067,gap_time,N/A,true,,,GapTime_1064,N/A,N/A,N/A,N/A,N/A,N/A
362,1770567157144,Sentence shown,LVL_129_P,true,,true,N/A,N/A,N/A,N/A,N/A,N/A,N/A
362,1770567161151,gap_time,N/A,true,,true,GapTime_1097,N/A,N/A,N/A,N/A,N/A,N/A
362,1770567162263,Sentence shown,HVL_144_A,true,,true,N/A,N/A,N/A,N/A,N/A,N/A,N/A
362,1770567163803,IR pressed,HVL_144_A,true,,true,Spacebar,1,N/A,1540,N/A,N/A,N/A
362,1770567164694,WR pressed,HVL_144_A,true,,true,Yes,N/A,0,N/A,891,N/A,N/A
362,1770567164694,gap_time,N/A,true,,true,GapTime_1168,N/A,N/A,N/A,N/A,N/A,N/A
362,1770567165868,Sentence shown,LVL_111_A,true,,,N/A,N/A,N/A,N/A,N/A,N/A,N/A
362,1770567169872,gap_time,N/A,true,,,GapTime_701,N/A,N/A,N/A,N/A,N/A,N/A
362,1770567170574,Sentence shown,HH_158_A,true,,,N/A,N/A,N/A,N/A,N/A,N/A,N/A
362,1770567174584,gap_time,N/A,true,,,GapTime_1009,N/A,N/A,N/A,N/A,N/A,N/A
362,1770567175600,Sentence shown,HF_23_A,,,,N/A,N/A,N/A,N/A,N/A,N/A,N/A
362,1770567179600,gap_time,N/A,,,,GapTime_811,N/A,N/A,N/A,N/A,N/A,N/A
362,1770567180414,Sentence shown,LVH_109_A,true,,true,N/A,N/A,N/A,N/A,N/A,N/A,N/A
362,1770567181512,IR pressed,LVH_109_A,true,,true,Spacebar,1,N/A,1098,N/A,N/A,N/A
362,1770567182018,WR pressed,LVH_109_A,true,,true,Yes,N/A,0,N/A,506,N/A,N/A
362,1770567182018,gap_time,N/A,true,,true,GapTime_922,N/A,N/A,N/A,N/A,N/A,N/A
362,1770567182946,Sentence shown,LVL_115_P,true,,,N/A,N/A,N/A,N/A,N/A,N/A,N/A
362,1770567186948,gap_time,N/A,true,,,GapTime_831,N/A,N/A,N/A,N/A,N/A,N/A
362,1770567187788,Sentence shown,HF_16_A,,,,N/A,N/A,N/A,N/A,N/A,N/A,N/A
362,1770567190768,Validation Wrong IR pressed,HF_16_A,,,,Spacebar,0,N/A,2980,N/A,N/A,N/A
362,1770567190768,IR pressed,HF_16_A,,,,Spacebar,0,N/A,2980,N/A,N/A,N/A
362,1770567190903,WR pressed,HF_16_A,,,,Yes,N/A,N/A,N/A,135,N/A,N/A
362,1770567190903,gap_time,N/A,,,,GapTime_1236,N/A,N/A,N/A,N/A,N/A,N/A
362,1770567192156,Sentence shown,HVL_128_A,true,,true,N/A,N/A,N/A,N/A,N/A,N/A,N/A
362,1770567196172,gap_time,N/A,true,,true,GapTime_1219,N/A,N/A,N/A,N/A,N/A,N/A
362,1770567197399,Sentence shown,HF_18_A,,,,N/A,N/A,N/A,N/A,N/A,N/A,N/A
362,1770567201399,gap_time,N/A,,,,GapTime_1041,N/A,N/A,N/A,N/A,N/A,N/A
362,1770567202443,Sentence shown,HVL_120_P,true,,,N/A,N/A,N/A,N/A,N/A,N/A,N/A
362,1770567206448,gap_time,N/A,true,,,GapTime_946,N/A,N/A,N/A,N/A,N/A,N/A
362,1770567207403,Sentence shown,HH_149_A,true,,true,N/A,N/A,N/A,N/A,N/A,N/A,N/A
362,1770567208649,IR pressed,HH_149_A,true,,true,Spacebar,1,N/A,1246,N/A,N/A,N/A
362,1770567210678,WR pressed,HH_149_A,true,,true,Yes,N/A,1,N/A,2029,N/A,N/A
362,1770567210679,gap_time,N/A,true,,true,GapTime_743,N/A,N/A,N/A,N/A,N/A,N/A
362,1770567211432,Sentence shown,LVL_111_A,true,,true,N/A,N/A,N/A,N/A,N/A,N/A,N/A
362,1770567213666,IR pressed,LVL_111_A,true,,true,Spacebar,1,N/A,2234,N/A,N/A,N/A
362,1770567215320,WR pressed,LVL_111_A,true,,true,No,N/A,0,N/A,1654,N/A,N/A
362,1770567215321,gap_time,N/A,true,,true,GapTime_1012,N/A,N/A,N/A,N/A,N/A,N/A
362,1770567216339,Sentence shown,HF_9_A,,,,N/A,N/A,N/A,N/A,N/A,N/A,N/A
362,1770567217402,Validation Wrong IR pressed,HF_9_A,,,,Spacebar,0,N/A,1063,N/A,N/A,N/A
362,1770567217402,IR pressed,HF_9_A,,,,Spacebar,0,N/A,1063,N/A,N/A,N/A
362,1770567219099,WR pressed,HF_9_A,,,,No,N/A,N/A,N/A,1696,N/A,N/A
362,1770567219099,gap_time,N/A,,,,GapTime_724,N/A,N/A,N/A,N/A,N/A,N/A
362,1770567219839,Sentence shown,HVL_125_A,true,,,N/A,N/A,N/A,N/A,N/A,N/A,N/A
362,1770567223841,gap_time,N/A,true,,,GapTime_917,N/A,N/A,N/A,N/A,N/A,N/A
362,1770567224768,Sentence shown,HH_158_P,true,,true,N/A,N/A,N/A,N/A,N/A,N/A,N/A
362,1770567225958,IR pressed,HH_158_P,true,,true,Spacebar,1,N/A,1190,N/A,N/A,N/A
362,1770567227775,WR pressed,HH_158_P,true,,true,No,N/A,1,N/A,1817,N/A,N/A
362,1770567227776,gap_time,N/A,true,,true,GapTime_756,N/A,N/A,N/A,N/A,N/A,N/A
362,1770567228548,Sentence shown,HF_15_A,,,,N/A,N/A,N/A,N/A,N/A,N/A,N/A
362,1770567232558,gap_time,N/A,,,,GapTime_953,N/A,N/A,N/A,N/A,N/A,N/A
362,1770567233514,Sentence shown,HF_13_A,,,,N/A,N/A,N/A,N/A,N/A,N/A,N/A
362,1770567237518,gap_time,N/A,,,,GapTime_1300,N/A,N/A,N/A,N/A,N/A,N/A
362,1770567238824,Sentence shown,LVL_115_P,true,,true,N/A,N/A,N/A,N/A,N/A,N/A,N/A
362,1770567239909,IR pressed,LVL_115_P,true,,true,Spacebar,1,N/A,1085,N/A,N/A,N/A
362,1770567240771,WR pressed,LVL_115_P,true,,true,No,N/A,0,N/A,862,N/A,N/A
362,1770567240771,gap_time,N/A,true,,true,GapTime_736,N/A,N/A,N/A,N/A,N/A,N/A
362,1770567241512,Sentence shown,HVL_120_P,true,,true,N/A,N/A,N/A,N/A,N/A,N/A,N/A
362,1770567243115,IR pressed,HVL_120_P,true,,true,Spacebar,1,N/A,1603,N/A,N/A,N/A
362,1770567243839,WR pressed,HVL_120_P,true,,true,Yes,N/A,1,N/A,724,N/A,N/A
362,1770567243839,gap_time,N/A,true,,true,GapTime_1200,N/A,N/A,N/A,N/A,N/A,N/A
362,1770567245043,Sentence shown,HF_27_A,,,,N/A,N/A,N/A,N/A,N/A,N/A,N/A
362,1770567246312,Validation Wrong IR pressed,HF_27_A,,,,Spacebar,0,N/A,1269,N/A,N/A,N/A
362,1770567246312,IR pressed,HF_27_A,,,,Spacebar,0,N/A,1269,N/A,N/A,N/A
362,1770567247560,WR pressed,HF_27_A,,,,Yes,N/A,N/A,N/A,1248,N/A,N/A
362,1770567247561,gap_time,N/A,,,,GapTime_885,N/A,N/A,N/A,N/A,N/A,N/A
362,1770567248463,Sentence shown,HF_29_A,,,,N/A,N/A,N/A,N/A,N/A,N/A,N/A
362,1770567252471,gap_time,N/A,,,,GapTime_761,N/A,N/A,N/A,N/A,N/A,N/A
362,1770567253247,Sentence shown,HVL_125_P,true,,true,N/A,N/A,N/A,N/A,N/A,N/A,N/A
362,1770567255347,IR pressed,HVL_125_P,true,,true,Spacebar,1,N/A,2100,N/A,N/A,N/A
362,1770567256736,WR pressed,HVL_125_P,true,,true,No,N/A,1,N/A,1389,N/A,N/A
362,1770567256736,gap_time,N/A,true,,true,GapTime_835,N/A,N/A,N/A,N/A,N/A,N/A
362,1770567257586,Rest Phase started,N/A,true,,true,Rest,N/A,N/A,N/A,N/A,N/A,N/A
362,1770567508652,Sentence shown,HF_36_A,,,,N/A,N/A,N/A,N/A,N/A,N/A,N/A
362,1770567511238,Validation Wrong IR pressed,HF_36_A,,,,Spacebar,0,N/A,2586,N/A,N/A,N/A
362,1770567511238,IR pressed,HF_36_A,,,,Spacebar,0,N/A,2586,N/A,N/A,N/A
362,1770567513852,WR pressed,HF_36_A,,,,No,N/A,N/A,N/A,2614,N/A,N/A
362,1770567513852,gap_time,N/A,,,,GapTime_766,N/A,N/A,N/A,N/A,N/A,N/A
362,1770567514625,Sentence shown,HF_35_A,,,,N/A,N/A,N/A,N/A,N/A,N/A,N/A
362,1770567518626,gap_time,N/A,,,,GapTime_730,N/A,N/A,N/A,N/A,N/A,N/A
362,1770567519366,Sentence shown,HF_44_A,,,,N/A,N/A,N/A,N/A,N/A,N/A,N/A
362,1770567523374,gap_time,N/A,,,,GapTime_1189,N/A,N/A,N/A,N/A,N/A,N/A
362,1770567524569,Sentence shown,HF_36_A,,true,true,N/A,N/A,N/A,N/A,N/A,N/A,N/A
362,1770567528582,Validation Missed,HF_36_A,,true,true,None,0,N/A,N/A,N/A,N/A,N/A
362,1770567528582,gap_time,N/A,,true,true,GapTime_770,N/A,N/A,N/A,N/A,N/A,N/A
362,1770567529362,Sentence shown,HF_50_A,,,,N/A,N/A,N/A,N/A,N/A,N/A,N/A
362,1770567533367,gap_time,N/A,,,,GapTime_890,N/A,N/A,N/A,N/A,N/A,N/A
362,1770567534261,Sentence shown,HH_140_P,true,,,N/A,N/A,N/A,N/A,N/A,N/A,N/A
362,1770567538270,gap_time,N/A,true,,,GapTime_869,N/A,N/A,N/A,N/A,N/A,N/A
362,1770567539149,Sentence shown,HH_160_A,true,,,N/A,N/A,N/A,N/A,N/A,N/A,N/A
362,1770567543153,gap_time,N/A,true,,,GapTime_1294,N/A,N/A,N/A,N/A,N/A,N/A
362,1770567544457,Sentence shown,HF_34_A,,,,N/A,N/A,N/A,N/A,N/A,N/A,N/A
362,1770567548465,gap_time,N/A,,,,GapTime_937,N/A,N/A,N/A,N/A,N/A,N/A
362,1770567549405,Sentence shown,HVL_106_P,true,,,N/A,N/A,N/A,N/A,N/A,N/A,N/A
362,1770567553407,gap_time,N/A,true,,,GapTime_1191,N/A,N/A,N/A,N/A,N/A,N/A
362,1770567554599,Sentence shown,HVL_151_A,true,,,N/A,N/A,N/A,N/A,N/A,N/A,N/A
362,1770567558609,gap_time,N/A,true,,,GapTime_918,N/A,N/A,N/A,N/A,N/A,N/A
362,1770567559534,Sentence shown,HF_57_A,,,,N/A,N/A,N/A,N/A,N/A,N/A,N/A
362,1770567563549,gap_time,N/A,,,,GapTime_764,N/A,N/A,N/A,N/A,N/A,N/A
362,1770567564330,Sentence shown,HF_62_A,,,,N/A,N/A,N/A,N/A,N/A,N/A,N/A
362,1770567568341,gap_time,N/A,,,,GapTime_1284,N/A,N/A,N/A,N/A,N/A,N/A
362,1770567569629,Sentence shown,HH_160_P,true,,true,N/A,N/A,N/A,N/A,N/A,N/A,N/A
362,1770567571590,IR pressed,HH_160_P,true,,true,Spacebar,1,N/A,1961,N/A,N/A,N/A
362,1770567572347,WR pressed,HH_160_P,true,,true,No,N/A,1,N/A,757,N/A,N/A
362,1770567572347,gap_time,N/A,true,,true,GapTime_752,N/A,N/A,N/A,N/A,N/A,N/A
362,1770567573111,Sentence shown,HF_57_A,,true,true,N/A,N/A,N/A,N/A,N/A,N/A,N/A
362,1770567574416,Validation IR pressed,HF_57_A,,true,true,Spacebar,1,N/A,1305,N/A,N/A,N/A
362,1770567574416,IR pressed,HF_57_A,,true,true,Spacebar,1,N/A,1305,N/A,N/A,N/A
362,1770567575824,WR pressed,HF_57_A,,true,true,Yes,N/A,N/A,N/A,1408,N/A,N/A
362,1770567575824,gap_time,N/A,,true,true,GapTime_775,N/A,N/A,N/A,N/A,N/A,N/A
362,1770567576604,Sentence shown,HF_40_A,,,,N/A,N/A,N/A,N/A,N/A,N/A,N/A
362,1770567580618,gap_time,N/A,,,,GapTime_851,N/A,N/A,N/A,N/A,N/A,N/A
362,1770567581474,Sentence shown,HF_40_A,,true,true,N/A,N/A,N/A,N/A,N/A,N/A,N/A
362,1770567582648,Validation IR pressed,HF_40_A,,true,true,Spacebar,1,N/A,1173,N/A,N/A,N/A
362,1770567582648,IR pressed,HF_40_A,,true,true,Spacebar,1,N/A,1173,N/A,N/A,N/A
362,1770567582986,WR pressed,HF_40_A,,true,true,Yes,N/A,N/A,N/A,338,N/A,N/A
362,1770567582986,gap_time,N/A,,true,true,GapTime_777,N/A,N/A,N/A,N/A,N/A,N/A
362,1770567583764,Sentence shown,HVL_106_P,true,,true,N/A,N/A,N/A,N/A,N/A,N/A,N/A
362,1770567585026,IR pressed,HVL_106_P,true,,true,Spacebar,1,N/A,1262,N/A,N/A,N/A
362,1770567585627,WR pressed,HVL_106_P,true,,true,Yes,N/A,1,N/A,601,N/A,N/A
362,1770567585628,gap_time,N/A,true,,true,GapTime_734,N/A,N/A,N/A,N/A,N/A,N/A
362,1770567586369,Sentence shown,HH_140_A,true,,true,N/A,N/A,N/A,N/A,N/A,N/A,N/A
362,1770567587779,IR pressed,HH_140_A,true,,true,Spacebar,1,N/A,1410,N/A,N/A,N/A
362,1770567588195,WR pressed,HH_140_A,true,,true,No,N/A,1,N/A,416,N/A,N/A
362,1770567588196,gap_time,N/A,true,,true,GapTime_791,N/A,N/A,N/A,N/A,N/A,N/A
362,1770567589004,Sentence shown,HF_38_A,,,,N/A,N/A,N/A,N/A,N/A,N/A,N/A
362,1770567593010,gap_time,N/A,,,,GapTime_1043,N/A,N/A,N/A,N/A,N/A,N/A
362,1770567594059,Sentence shown,HH_141_A,true,,,N/A,N/A,N/A,N/A,N/A,N/A,N/A
362,1770567598067,gap_time,N/A,true,,,GapTime_952,N/A,N/A,N/A,N/A,N/A,N/A
362,1770567599025,Sentence shown,HVL_151_A,true,,true,N/A,N/A,N/A,N/A,N/A,N/A,N/A
362,1770567601519,IR pressed,HVL_151_A,true,,true,Spacebar,1,N/A,2494,N/A,N/A,N/A
362,1770567602004,WR pressed,HVL_151_A,true,,true,No,N/A,0,N/A,485,N/A,N/A
362,1770567602005,gap_time,N/A,true,,true,GapTime_1288,N/A,N/A,N/A,N/A,N/A,N/A
362,1770567603299,Sentence shown,HF_38_A,,true,true,N/A,N/A,N/A,N/A,N/A,N/A,N/A
362,1770567607301,Validation Missed,HF_38_A,,true,true,None,0,N/A,N/A,N/A,N/A,N/A
362,1770567607301,gap_time,N/A,,true,true,GapTime_944,N/A,N/A,N/A,N/A,N/A,N/A
362,1770567608253,Sentence shown,HVL_117_A,true,,,N/A,N/A,N/A,N/A,N/A,N/A,N/A
362,1770567612267,gap_time,N/A,true,,,GapTime_1106,N/A,N/A,N/A,N/A,N/A,N/A
362,1770567613387,Sentence shown,HF_47_A,,,,N/A,N/A,N/A,N/A,N/A,N/A,N/A
362,1770567617404,gap_time,N/A,,,,GapTime_881,N/A,N/A,N/A,N/A,N/A,N/A
362,1770567618296,Sentence shown,HF_43_A,,,,N/A,N/A,N/A,N/A,N/A,N/A,N/A
362,1770567622307,gap_time,N/A,,,,GapTime_1168,N/A,N/A,N/A,N/A,N/A,N/A
362,1770567623488,Sentence shown,HF_42_A,,,,N/A,N/A,N/A,N/A,N/A,N/A,N/A
362,1770567627491,gap_time,N/A,,,,GapTime_881,N/A,N/A,N/A,N/A,N/A,N/A
362,1770567628373,Sentence shown,HF_56_A,,,,N/A,N/A,N/A,N/A,N/A,N/A,N/A
362,1770567632377,gap_time,N/A,,,,GapTime_1295,N/A,N/A,N/A,N/A,N/A,N/A
362,1770567633682,Sentence shown,HVL_117_P,true,,true,N/A,N/A,N/A,N/A,N/A,N/A,N/A
362,1770567635289,IR pressed,HVL_117_P,true,,true,Spacebar,1,N/A,1607,N/A,N/A,N/A
362,1770567637076,WR pressed,HVL_117_P,true,,true,No,N/A,1,N/A,1787,N/A,N/A
362,1770567637076,gap_time,N/A,true,,true,GapTime_1146,N/A,N/A,N/A,N/A,N/A,N/A
362,1770567638236,Sentence shown,HF_49_A,,,,N/A,N/A,N/A,N/A,N/A,N/A,N/A
362,1770567642245,gap_time,N/A,,,,GapTime_905,N/A,N/A,N/A,N/A,N/A,N/A
362,1770567643156,Sentence shown,HF_49_A,,true,true,N/A,N/A,N/A,N/A,N/A,N/A,N/A
362,1770567644280,Validation IR pressed,HF_49_A,,true,true,Spacebar,1,N/A,1124,N/A,N/A,N/A
362,1770567644280,IR pressed,HF_49_A,,true,true,Spacebar,1,N/A,1124,N/A,N/A,N/A
362,1770567644559,WR pressed,HF_49_A,,true,true,Yes,N/A,N/A,N/A,279,N/A,N/A
362,1770567644559,gap_time,N/A,,true,true,GapTime_1231,N/A,N/A,N/A,N/A,N/A,N/A
362,1770567645794,Sentence shown,HF_56_A,,true,true,N/A,N/A,N/A,N/A,N/A,N/A,N/A
362,1770567647327,Validation IR pressed,HF_56_A,,true,true,Spacebar,1,N/A,1533,N/A,N/A,N/A
362,1770567647327,IR pressed,HF_56_A,,true,true,Spacebar,1,N/A,1533,N/A,N/A,N/A
362,1770567648679,WR pressed,HF_56_A,,true,true,Yes,N/A,N/A,N/A,1352,N/A,N/A
362,1770567648679,gap_time,N/A,,true,true,GapTime_1001,N/A,N/A,N/A,N/A,N/A,N/A
362,1770567649689,Sentence shown,LVH_170_P,true,,,N/A,N/A,N/A,N/A,N/A,N/A,N/A
362,1770567653705,gap_time,N/A,true,,,GapTime_1240,N/A,N/A,N/A,N/A,N/A,N/A
362,1770567654950,Sentence shown,HH_141_A,true,,true,N/A,N/A,N/A,N/A,N/A,N/A,N/A
362,1770567657045,IR pressed,HH_141_A,true,,true,Spacebar,1,N/A,2095,N/A,N/A,N/A
362,1770567658593,WR pressed,HH_141_A,true,,true,Yes,N/A,1,N/A,1548,N/A,N/A
362,1770567658594,gap_time,N/A,true,,true,GapTime_916,N/A,N/A,N/A,N/A,N/A,N/A
362,1770567659517,Sentence shown,LVL_105_P,true,,,N/A,N/A,N/A,N/A,N/A,N/A,N/A
362,1770567663533,gap_time,N/A,true,,,GapTime_1035,N/A,N/A,N/A,N/A,N/A,N/A
362,1770567664584,Sentence shown,HF_51_A,,,,N/A,N/A,N/A,N/A,N/A,N/A,N/A
362,1770567668591,gap_time,N/A,,,,GapTime_955,N/A,N/A,N/A,N/A,N/A,N/A
362,1770567669559,Sentence shown,HH_176_P,true,,,N/A,N/A,N/A,N/A,N/A,N/A,N/A
362,1770567673573,gap_time,N/A,true,,,GapTime_1212,N/A,N/A,N/A,N/A,N/A,N/A
362,1770567674788,Sentence shown,HF_46_A,,,,N/A,N/A,N/A,N/A,N/A,N/A,N/A
362,1770567678799,gap_time,N/A,,,,GapTime_942,N/A,N/A,N/A,N/A,N/A,N/A
362,1770567679752,Sentence shown,HF_46_A,,true,true,N/A,N/A,N/A,N/A,N/A,N/A,N/A
362,1770567680795,Validation IR pressed,HF_46_A,,true,true,Spacebar,1,N/A,1043,N/A,N/A,N/A
362,1770567680795,IR pressed,HF_46_A,,true,true,Spacebar,1,N/A,1043,N/A,N/A,N/A
362,1770567681056,WR pressed,HF_46_A,,true,true,Yes,N/A,N/A,N/A,261,N/A,N/A
362,1770567681056,gap_time,N/A,,true,true,GapTime_1130,N/A,N/A,N/A,N/A,N/A,N/A
362,1770567682197,Sentence shown,HF_55_A,,,,N/A,N/A,N/A,N/A,N/A,N/A,N/A
362,1770567686203,gap_time,N/A,,,,GapTime_1077,N/A,N/A,N/A,N/A,N/A,N/A
362,1770567687291,Sentence shown,LVL_104_A,true,,,N/A,N/A,N/A,N/A,N/A,N/A,N/A
362,1770567691294,gap_time,N/A,true,,,GapTime_1079,N/A,N/A,N/A,N/A,N/A,N/A
362,1770567692377,Sentence shown,LVH_170_P,true,,true,N/A,N/A,N/A,N/A,N/A,N/A,N/A
362,1770567694293,IR pressed,LVH_170_P,true,,true,Spacebar,1,N/A,1916,N/A,N/A,N/A
362,1770567695511,WR pressed,LVH_170_P,true,,true,No,N/A,0,N/A,1218,N/A,N/A
362,1770567695511,gap_time,N/A,true,,true,GapTime_1226,N/A,N/A,N/A,N/A,N/A,N/A
362,1770567696743,Sentence shown,LVH_137_A,true,,,N/A,N/A,N/A,N/A,N/A,N/A,N/A
362,1770567700752,gap_time,N/A,true,,,GapTime_755,N/A,N/A,N/A,N/A,N/A,N/A
362,1770567701514,Sentence shown,HF_61_A,,,,N/A,N/A,N/A,N/A,N/A,N/A,N/A
362,1770567705518,gap_time,N/A,,,,GapTime_832,N/A,N/A,N/A,N/A,N/A,N/A
362,1770567706351,Sentence shown,LVL_105_A,true,,true,N/A,N/A,N/A,N/A,N/A,N/A,N/A
362,1770567708576,IR pressed,LVL_105_A,true,,true,Spacebar,1,N/A,2225,N/A,N/A,N/A
362,1770567708887,WR pressed,LVL_105_A,true,,true,No,N/A,1,N/A,311,N/A,N/A
362,1770567708887,gap_time,N/A,true,,true,GapTime_778,N/A,N/A,N/A,N/A,N/A,N/A
362,1770567709672,Sentence shown,HVL_145_P,true,,,N/A,N/A,N/A,N/A,N/A,N/A,N/A
362,1770567713687,gap_time,N/A,true,,,GapTime_759,N/A,N/A,N/A,N/A,N/A,N/A
362,1770567714460,Sentence shown,HF_45_A,,,,N/A,N/A,N/A,N/A,N/A,N/A,N/A
362,1770567718465,gap_time,N/A,,,,GapTime_1061,N/A,N/A,N/A,N/A,N/A,N/A
362,1770567719539,Sentence shown,HH_176_P,true,,true,N/A,N/A,N/A,N/A,N/A,N/A,N/A
362,1770567721212,IR pressed,HH_176_P,true,,true,Spacebar,1,N/A,1673,N/A,N/A,N/A
362,1770567722365,WR pressed,HH_176_P,true,,true,Yes,N/A,1,N/A,1153,N/A,N/A
362,1770567722365,gap_time,N/A,true,,true,GapTime_1049,N/A,N/A,N/A,N/A,N/A,N/A
362,1770567723423,Sentence shown,LVH_149_A,true,,,N/A,N/A,N/A,N/A,N/A,N/A,N/A
362,1770567727433,gap_time,N/A,true,,,GapTime_750,N/A,N/A,N/A,N/A,N/A,N/A
362,1770567728192,Sentence shown,HF_65_A,,,,N/A,N/A,N/A,N/A,N/A,N/A,N/A
362,1770567732199,gap_time,N/A,,,,GapTime_1039,N/A,N/A,N/A,N/A,N/A,N/A
362,1770567733240,Sentence shown,HF_37_A,,,,N/A,N/A,N/A,N/A,N/A,N/A,N/A
362,1770567737249,gap_time,N/A,,,,GapTime_785,N/A,N/A,N/A,N/A,N/A,N/A
362,1770567738037,Sentence shown,LVL_104_A,true,,true,N/A,N/A,N/A,N/A,N/A,N/A,N/A
362,1770567742041,gap_time,N/A,true,,true,GapTime_1135,N/A,N/A,N/A,N/A,N/A,N/A
362,1770567743178,Sentence shown,HF_52_A,,,,N/A,N/A,N/A,N/A,N/A,N/A,N/A
362,1770567747181,gap_time,N/A,,,,GapTime_1232,N/A,N/A,N/A,N/A,N/A,N/A
362,1770567748426,Sentence shown,LVH_137_A,true,,true,N/A,N/A,N/A,N/A,N/A,N/A,N/A
362,1770567750365,IR pressed,LVH_137_A,true,,true,Spacebar,1,N/A,1939,N/A,N/A,N/A
362,1770567750735,WR pressed,LVH_137_A,true,,true,Yes,N/A,1,N/A,370,N/A,N/A
362,1770567750735,gap_time,N/A,true,,true,GapTime_736,N/A,N/A,N/A,N/A,N/A,N/A
362,1770567751483,Sentence shown,HVL_145_A,true,,true,N/A,N/A,N/A,N/A,N/A,N/A,N/A
362,1770567753325,IR pressed,HVL_145_A,true,,true,Spacebar,1,N/A,1842,N/A,N/A,N/A
362,1770567755363,WR pressed,HVL_145_A,true,,true,Yes,N/A,0,N/A,2038,N/A,N/A
362,1770567755364,gap_time,N/A,true,,true,GapTime_988,N/A,N/A,N/A,N/A,N/A,N/A
362,1770567756362,Sentence shown,LVH_159_P,true,,,N/A,N/A,N/A,N/A,N/A,N/A,N/A
362,1770567760364,gap_time,N/A,true,,,GapTime_1007,N/A,N/A,N/A,N/A,N/A,N/A
362,1770567761378,Sentence shown,LVL_108_A,true,,,N/A,N/A,N/A,N/A,N/A,N/A,N/A
362,1770567765387,gap_time,N/A,true,,,GapTime_1027,N/A,N/A,N/A,N/A,N/A,N/A
362,1770567766419,Sentence shown,HF_58_A,,,,N/A,N/A,N/A,N/A,N/A,N/A,N/A
362,1770567770423,gap_time,N/A,,,,GapTime_857,N/A,N/A,N/A,N/A,N/A,N/A
362,1770567771281,Sentence shown,LVH_149_P,true,,true,N/A,N/A,N/A,N/A,N/A,N/A,N/A
362,1770567775296,gap_time,N/A,true,,true,GapTime_1061,N/A,N/A,N/A,N/A,N/A,N/A
362,1770567776362,Sentence shown,HF_59_A,,,,N/A,N/A,N/A,N/A,N/A,N/A,N/A
362,1770567780365,gap_time,N/A,,,,GapTime_898,N/A,N/A,N/A,N/A,N/A,N/A
362,1770567781270,Sentence shown,LVL_120_P,true,,,N/A,N/A,N/A,N/A,N/A,N/A,N/A
362,1770567785280,gap_time,N/A,true,,,GapTime_847,N/A,N/A,N/A,N/A,N/A,N/A
362,1770567786132,Sentence shown,HF_39_A,,,,N/A,N/A,N/A,N/A,N/A,N/A,N/A
362,1770567790142,gap_time,N/A,,,,GapTime_975,N/A,N/A,N/A,N/A,N/A,N/A
362,1770567791127,Sentence shown,LVH_159_A,true,,true,N/A,N/A,N/A,N/A,N/A,N/A,N/A
362,1770567793553,IR pressed,LVH_159_A,true,,true,Spacebar,1,N/A,2426,N/A,N/A,N/A
362,1770567795159,WR pressed,LVH_159_A,true,,true,No,N/A,1,N/A,1606,N/A,N/A
362,1770567795159,gap_time,N/A,true,,true,GapTime_1100,N/A,N/A,N/A,N/A,N/A,N/A
362,1770567796276,Sentence shown,HF_64_A,,,,N/A,N/A,N/A,N/A,N/A,N/A,N/A
362,1770567800290,gap_time,N/A,,,,GapTime_947,N/A,N/A,N/A,N/A,N/A,N/A
362,1770567801243,Sentence shown,HF_48_A,,,,N/A,N/A,N/A,N/A,N/A,N/A,N/A
362,1770567805246,gap_time,N/A,,,,GapTime_1025,N/A,N/A,N/A,N/A,N/A,N/A
362,1770567806275,Sentence shown,HF_60_A,,,,N/A,N/A,N/A,N/A,N/A,N/A,N/A
362,1770567810276,gap_time,N/A,,,,GapTime_984,N/A,N/A,N/A,N/A,N/A,N/A
362,1770567811267,Sentence shown,LVL_108_P,true,,true,N/A,N/A,N/A,N/A,N/A,N/A,N/A
362,1770567814834,IR pressed,LVL_108_P,true,,true,Spacebar,1,N/A,3567,N/A,N/A,N/A
362,1770567815873,WR pressed,LVL_108_P,true,,true,No,N/A,1,N/A,1039,N/A,N/A
362,1770567815873,gap_time,N/A,true,,true,GapTime_912,N/A,N/A,N/A,N/A,N/A,N/A
362,1770567816789,Sentence shown,HF_60_A,,true,true,N/A,N/A,N/A,N/A,N/A,N/A,N/A
362,1770567818707,Validation IR pressed,HF_60_A,,true,true,Spacebar,1,N/A,1918,N/A,N/A,N/A
362,1770567818707,IR pressed,HF_60_A,,true,true,Spacebar,1,N/A,1918,N/A,N/A,N/A
362,1770567819487,WR pressed,HF_60_A,,true,true,Yes,N/A,N/A,N/A,780,N/A,N/A
362,1770567819487,gap_time,N/A,,true,true,GapTime_712,N/A,N/A,N/A,N/A,N/A,N/A
362,1770567820204,Sentence shown,HF_41_A,,,,N/A,N/A,N/A,N/A,N/A,N/A,N/A
362,1770567824209,gap_time,N/A,,,,GapTime_756,N/A,N/A,N/A,N/A,N/A,N/A
362,1770567824971,Sentence shown,HF_54_A,,,,N/A,N/A,N/A,N/A,N/A,N/A,N/A
362,1770567828974,gap_time,N/A,,,,GapTime_907,N/A,N/A,N/A,N/A,N/A,N/A
362,1770567829885,Sentence shown,HF_41_A,,true,true,N/A,N/A,N/A,N/A,N/A,N/A,N/A
362,1770567830872,Validation IR pressed,HF_41_A,,true,true,Spacebar,1,N/A,987,N/A,N/A,N/A
362,1770567830872,IR pressed,HF_41_A,,true,true,Spacebar,1,N/A,987,N/A,N/A,N/A
362,1770567832055,WR pressed,HF_41_A,,true,true,Yes,N/A,N/A,N/A,1183,N/A,N/A
362,1770567832055,gap_time,N/A,,true,true,GapTime_1208,N/A,N/A,N/A,N/A,N/A,N/A
362,1770567833270,Sentence shown,HF_53_A,,,,N/A,N/A,N/A,N/A,N/A,N/A,N/A
362,1770567837279,gap_time,N/A,,,,GapTime_1132,N/A,N/A,N/A,N/A,N/A,N/A
362,1770567838420,Sentence shown,HF_53_A,,true,true,N/A,N/A,N/A,N/A,N/A,N/A,N/A
362,1770567839599,Validation IR pressed,HF_53_A,,true,true,Spacebar,1,N/A,1179,N/A,N/A,N/A
362,1770567839599,IR pressed,HF_53_A,,true,true,Spacebar,1,N/A,1179,N/A,N/A,N/A
362,1770567840024,WR pressed,HF_53_A,,true,true,Yes,N/A,N/A,N/A,424,N/A,N/A
362,1770567840024,gap_time,N/A,,true,true,GapTime_1053,N/A,N/A,N/A,N/A,N/A,N/A
362,1770567841087,Sentence shown,LVL_120_P,true,,true,N/A,N/A,N/A,N/A,N/A,N/A,N/A
362,1770567844124,IR pressed,LVL_120_P,true,,true,Spacebar,1,N/A,3037,N/A,N/A,N/A
362,1770567844585,WR pressed,LVL_120_P,true,,true,Yes,N/A,1,N/A,461,N/A,N/A
362,1770567844585,gap_time,N/A,true,,true,GapTime_1160,N/A,N/A,N/A,N/A,N/A,N/A
362,1770567845747,Sentence shown,HF_63_A,,,,N/A,N/A,N/A,N/A,N/A,N/A,N/A
362,1770567849749,gap_time,N/A,,,,GapTime_1161,N/A,N/A,N/A,N/A,N/A,N/A
362,1770567850925,Rest Phase started,N/A,,,,Rest,N/A,N/A,N/A,N/A,N/A,N/A
362,1770567863391,Sentence shown,HF_91_A,,,,N/A,N/A,N/A,N/A,N/A,N/A,N/A
362,1770567867394,gap_time,N/A,,,,GapTime_1122,N/A,N/A,N/A,N/A,N/A,N/A
362,1770567868518,Sentence shown,HF_84_A,,,,N/A,N/A,N/A,N/A,N/A,N/A,N/A
362,1770567872531,gap_time,N/A,,,,GapTime_1206,N/A,N/A,N/A,N/A,N/A,N/A
362,1770567873744,Sentence shown,HF_66_A,,,,N/A,N/A,N/A,N/A,N/A,N/A,N/A
362,1770567877749,gap_time,N/A,,,,GapTime_1267,N/A,N/A,N/A,N/A,N/A,N/A
362,1770567879025,Sentence shown,HF_91_A,,true,true,N/A,N/A,N/A,N/A,N/A,N/A,N/A
362,1770567880206,Validation IR pressed,HF_91_A,,true,true,Spacebar,1,N/A,1180,N/A,N/A,N/A
362,1770567880206,IR pressed,HF_91_A,,true,true,Spacebar,1,N/A,1180,N/A,N/A,N/A
362,1770567880467,WR pressed,HF_91_A,,true,true,Yes,N/A,N/A,N/A,261,N/A,N/A
362,1770567880468,gap_time,N/A,,true,true,GapTime_796,N/A,N/A,N/A,N/A,N/A,N/A
362,1770567881275,Sentence shown,HF_84_A,,true,true,N/A,N/A,N/A,N/A,N/A,N/A,N/A
362,1770567884802,Validation IR pressed,HF_84_A,,true,true,Spacebar,1,N/A,3527,N/A,N/A,N/A
362,1770567884802,IR pressed,HF_84_A,,true,true,Spacebar,1,N/A,3527,N/A,N/A,N/A
362,1770567885257,WR pressed,HF_84_A,,true,true,Yes,N/A,N/A,N/A,455,N/A,N/A
362,1770567885258,gap_time,N/A,,true,true,GapTime_1009,N/A,N/A,N/A,N/A,N/A,N/A
362,1770567886272,Sentence shown,HF_76_A,,,,N/A,N/A,N/A,N/A,N/A,N/A,N/A
362,1770567890277,gap_time,N/A,,,,GapTime_706,N/A,N/A,N/A,N/A,N/A,N/A
362,1770567890989,Sentence shown,HF_87_A,,,,N/A,N/A,N/A,N/A,N/A,N/A,N/A
362,1770567894999,gap_time,N/A,,,,GapTime_785,N/A,N/A,N/A,N/A,N/A,N/A
362,1770567895789,Sentence shown,HH_156_P,true,,,N/A,N/A,N/A,N/A,N/A,N/A,N/A
362,1770567899805,gap_time,N/A,true,,,GapTime_791,N/A,N/A,N/A,N/A,N/A,N/A
362,1770567900613,Sentence shown,HF_85_A,,,,N/A,N/A,N/A,N/A,N/A,N/A,N/A
362,1770567904622,gap_time,N/A,,,,GapTime_741,N/A,N/A,N/A,N/A,N/A,N/A
362,1770567905369,Sentence shown,HF_75_A,,,,N/A,N/A,N/A,N/A,N/A,N/A,N/A
362,1770567909380,gap_time,N/A,,,,GapTime_1093,N/A,N/A,N/A,N/A,N/A,N/A
362,1770567910474,Sentence shown,LVH_102_A,true,,,N/A,N/A,N/A,N/A,N/A,N/A,N/A
362,1770567914480,gap_time,N/A,true,,,GapTime_861,N/A,N/A,N/A,N/A,N/A,N/A
362,1770567915344,Sentence shown,HF_75_A,,true,true,N/A,N/A,N/A,N/A,N/A,N/A,N/A
362,1770567916258,Validation IR pressed,HF_75_A,,true,true,Spacebar,1,N/A,914,N/A,N/A,N/A
362,1770567916258,IR pressed,HF_75_A,,true,true,Spacebar,1,N/A,914,N/A,N/A,N/A
362,1770567917408,WR pressed,HF_75_A,,true,true,Yes,N/A,N/A,N/A,1150,N/A,N/A
362,1770567917408,gap_time,N/A,,true,true,GapTime_881,N/A,N/A,N/A,N/A,N/A,N/A
362,1770567918294,Sentence shown,HF_90_A,,,,N/A,N/A,N/A,N/A,N/A,N/A,N/A
362,1770567922302,gap_time,N/A,,,,GapTime_942,N/A,N/A,N/A,N/A,N/A,N/A
362,1770567923246,Sentence shown,HF_89_A,,,,N/A,N/A,N/A,N/A,N/A,N/A,N/A
362,1770567927252,gap_time,N/A,,,,GapTime_1181,N/A,N/A,N/A,N/A,N/A,N/A
362,1770567928443,Sentence shown,HF_89_A,,true,true,N/A,N/A,N/A,N/A,N/A,N/A,N/A
362,1770567929497,Validation IR pressed,HF_89_A,,true,true,Spacebar,1,N/A,1054,N/A,N/A,N/A
362,1770567929497,IR pressed,HF_89_A,,true,true,Spacebar,1,N/A,1054,N/A,N/A,N/A
362,1770567929888,WR pressed,HF_89_A,,true,true,Yes,N/A,N/A,N/A,391,N/A,N/A
362,1770567929888,gap_time,N/A,,true,true,GapTime_1226,N/A,N/A,N/A,N/A,N/A,N/A
362,1770567931119,Sentence shown,HF_67_A,,,,N/A,N/A,N/A,N/A,N/A,N/A,N/A
362,1770567935125,gap_time,N/A,,,,GapTime_1057,N/A,N/A,N/A,N/A,N/A,N/A
362,1770567936193,Sentence shown,HF_67_A,,true,true,N/A,N/A,N/A,N/A,N/A,N/A,N/A
362,1770567937076,Validation IR pressed,HF_67_A,,true,true,Spacebar,1,N/A,883,N/A,N/A,N/A
362,1770567937076,IR pressed,HF_67_A,,true,true,Spacebar,1,N/A,883,N/A,N/A,N/A
362,1770567937357,WR pressed,HF_67_A,,true,true,Yes,N/A,N/A,N/A,281,N/A,N/A
362,1770567937357,gap_time,N/A,,true,true,GapTime_980,N/A,N/A,N/A,N/A,N/A,N/A
362,1770567938343,Sentence shown,HF_77_A,,,,N/A,N/A,N/A,N/A,N/A,N/A,N/A
362,1770567942344,gap_time,N/A,,,,GapTime_1236,N/A,N/A,N/A,N/A,N/A,N/A
362,1770567943582,Sentence shown,LVH_102_A,true,,true,N/A,N/A,N/A,N/A,N/A,N/A,N/A
362,1770567947586,gap_time,N/A,true,,true,GapTime_826,N/A,N/A,N/A,N/A,N/A,N/A
362,1770567948415,Sentence shown,HH_156_A,true,,true,N/A,N/A,N/A,N/A,N/A,N/A,N/A
362,1770567952423,gap_time,N/A,true,,true,GapTime_833,N/A,N/A,N/A,N/A,N/A,N/A
362,1770567953265,Sentence shown,HF_73_A,,,,N/A,N/A,N/A,N/A,N/A,N/A,N/A
362,1770567957275,gap_time,N/A,,,,GapTime_1298,N/A,N/A,N/A,N/A,N/A,N/A
362,1770567958583,Sentence shown,HF_68_A,,,,N/A,N/A,N/A,N/A,N/A,N/A,N/A
362,1770567962587,gap_time,N/A,,,,GapTime_966,N/A,N/A,N/A,N/A,N/A,N/A
362,1770567963566,Sentence shown,HF_96_A,,,,N/A,N/A,N/A,N/A,N/A,N/A,N/A
362,1770567967577,gap_time,N/A,,,,GapTime_1056,N/A,N/A,N/A,N/A,N/A,N/A
362,1770567968638,Sentence shown,HF_96_A,,true,true,N/A,N/A,N/A,N/A,N/A,N/A,N/A
362,1770567969186,Validation IR pressed,HF_96_A,,true,true,Spacebar,1,N/A,548,N/A,N/A,N/A
362,1770567969186,IR pressed,HF_96_A,,true,true,Spacebar,1,N/A,548,N/A,N/A,N/A
362,1770567969479,WR pressed,HF_96_A,,true,true,Yes,N/A,N/A,N/A,293,N/A,N/A
362,1770567969479,gap_time,N/A,,true,true,GapTime_722,N/A,N/A,N/A,N/A,N/A,N/A
362,1770567970217,Sentence shown,LVH_126_A,true,,,N/A,N/A,N/A,N/A,N/A,N/A,N/A
362,1770567974218,gap_time,N/A,true,,,GapTime_900,N/A,N/A,N/A,N/A,N/A,N/A
362,1770567975131,Sentence shown,HF_97_A,,,,N/A,N/A,N/A,N/A,N/A,N/A,N/A
362,1770567979136,gap_time,N/A,,,,GapTime_1164,N/A,N/A,N/A,N/A,N/A,N/A
362,1770567980305,Sentence shown,HF_88_A,,,,N/A,N/A,N/A,N/A,N/A,N/A,N/A
362,1770567984305,gap_time,N/A,,,,GapTime_753,N/A,N/A,N/A,N/A,N/A,N/A
362,1770567985059,Sentence shown,HF_82_A,,,,N/A,N/A,N/A,N/A,N/A,N/A,N/A
362,1770567989060,gap_time,N/A,,,,GapTime_1161,N/A,N/A,N/A,N/A,N/A,N/A
362,1770567990222,Sentence shown,LVH_168_P,true,,,N/A,N/A,N/A,N/A,N/A,N/A,N/A
362,1770567994223,gap_time,N/A,true,,,GapTime_1066,N/A,N/A,N/A,N/A,N/A,N/A
362,1770567995305,Sentence shown,LVH_126_P,true,,true,N/A,N/A,N/A,N/A,N/A,N/A,N/A
362,1770567996529,IR pressed,LVH_126_P,true,,true,Spacebar,1,N/A,1224,N/A,N/A,N/A
362,1770567996909,WR pressed,LVH_126_P,true,,true,No,N/A,1,N/A,380,N/A,N/A
362,1770567996910,gap_time,N/A,true,,true,GapTime_1287,N/A,N/A,N/A,N/A,N/A,N/A
362,1770567998209,Sentence shown,LVL_110_P,true,,,N/A,N/A,N/A,N/A,N/A,N/A,N/A
362,1770568002214,gap_time,N/A,true,,,GapTime_854,N/A,N/A,N/A,N/A,N/A,N/A
362,1770568003070,Sentence shown,LVL_114_A,true,,,N/A,N/A,N/A,N/A,N/A,N/A,N/A
362,1770568007078,gap_time,N/A,true,,,GapTime_708,N/A,N/A,N/A,N/A,N/A,N/A
362,1770568007790,Sentence shown,LVL_124_P,true,,,N/A,N/A,N/A,N/A,N/A,N/A,N/A
362,1770568011798,gap_time,N/A,true,,,GapTime_1171,N/A,N/A,N/A,N/A,N/A,N/A
362,1770568012970,Sentence shown,HF_95_A,,,,N/A,N/A,N/A,N/A,N/A,N/A,N/A
362,1770568016973,gap_time,N/A,,,,GapTime_1215,N/A,N/A,N/A,N/A,N/A,N/A
362,1770568018191,Sentence shown,LVL_122_A,true,,,N/A,N/A,N/A,N/A,N/A,N/A,N/A
362,1770568022191,gap_time,N/A,true,,,GapTime_1046,N/A,N/A,N/A,N/A,N/A,N/A
362,1770568023238,Sentence shown,HF_79_A,,,,N/A,N/A,N/A,N/A,N/A,N/A,N/A
362,1770568027239,gap_time,N/A,,,,GapTime_1107,N/A,N/A,N/A,N/A,N/A,N/A
362,1770568028347,Sentence shown,LVL_110_P,true,,true,N/A,N/A,N/A,N/A,N/A,N/A,N/A
362,1770568029859,IR pressed,LVL_110_P,true,,true,Spacebar,1,N/A,1512,N/A,N/A,N/A
362,1770568030797,WR pressed,LVL_110_P,true,,true,No,N/A,0,N/A,938,N/A,N/A
362,1770568030797,gap_time,N/A,true,,true,GapTime_816,N/A,N/A,N/A,N/A,N/A,N/A
362,1770568031614,Sentence shown,LVH_168_P,true,,true,N/A,N/A,N/A,N/A,N/A,N/A,N/A
362,1770568033053,IR pressed,LVH_168_P,true,,true,Spacebar,1,N/A,1439,N/A,N/A,N/A
362,1770568033557,WR pressed,LVH_168_P,true,,true,No,N/A,0,N/A,504,N/A,N/A
362,1770568033558,gap_time,N/A,true,,true,GapTime_943,N/A,N/A,N/A,N/A,N/A,N/A
362,1770568034501,Sentence shown,HF_78_A,,,,N/A,N/A,N/A,N/A,N/A,N/A,N/A
362,1770568038511,gap_time,N/A,,,,GapTime_871,N/A,N/A,N/A,N/A,N/A,N/A
362,1770568039394,Sentence shown,LVL_114_A,true,,true,N/A,N/A,N/A,N/A,N/A,N/A,N/A
362,1770568040969,IR pressed,LVL_114_A,true,,true,Spacebar,1,N/A,1575,N/A,N/A,N/A
362,1770568041219,WR pressed,LVL_114_A,true,,true,Yes,N/A,1,N/A,250,N/A,N/A
362,1770568041219,gap_time,N/A,true,,true,GapTime_745,N/A,N/A,N/A,N/A,N/A,N/A
362,1770568041970,Sentence shown,HF_86_A,,,,N/A,N/A,N/A,N/A,N/A,N/A,N/A
362,1770568045982,gap_time,N/A,,,,GapTime_845,N/A,N/A,N/A,N/A,N/A,N/A
362,1770568046837,Sentence shown,HVL_149_A,true,,,N/A,N/A,N/A,N/A,N/A,N/A,N/A
362,1770568048173,Validation Wrong IR pressed,HVL_149_A,true,,,Spacebar,0,N/A,1336,N/A,N/A,N/A
362,1770568048173,IR pressed,HVL_149_A,true,,,Spacebar,0,N/A,1336,N/A,N/A,N/A
362,1770568049868,WR pressed,HVL_149_A,true,,,Yes,N/A,0,N/A,1695,N/A,N/A
362,1770568049869,gap_time,N/A,true,,,GapTime_1180,N/A,N/A,N/A,N/A,N/A,N/A
362,1770568051064,Sentence shown,HF_69_A,,,,N/A,N/A,N/A,N/A,N/A,N/A,N/A
362,1770568055069,gap_time,N/A,,,,GapTime_1119,N/A,N/A,N/A,N/A,N/A,N/A
362,1770568056203,Sentence shown,LVL_124_A,true,,true,N/A,N/A,N/A,N/A,N/A,N/A,N/A
362,1770568060211,gap_time,N/A,true,,true,GapTime_1107,N/A,N/A,N/A,N/A,N/A,N/A
362,1770568061325,Sentence shown,LVL_122_P,true,,true,N/A,N/A,N/A,N/A,N/A,N/A,N/A
362,1770568065333,gap_time,N/A,true,,true,GapTime_727,N/A,N/A,N/A,N/A,N/A,N/A
362,1770568066072,Sentence shown,HH_159_P,true,,,N/A,N/A,N/A,N/A,N/A,N/A,N/A
362,1770568070073,gap_time,N/A,true,,,GapTime_979,N/A,N/A,N/A,N/A,N/A,N/A
362,1770568071056,Sentence shown,HF_74_A,,,,N/A,N/A,N/A,N/A,N/A,N/A,N/A
362,1770568075062,gap_time,N/A,,,,GapTime_1159,N/A,N/A,N/A,N/A,N/A,N/A
362,1770568076222,Sentence shown,HF_93_A,,,,N/A,N/A,N/A,N/A,N/A,N/A,N/A
362,1770568080234,gap_time,N/A,,,,GapTime_1020,N/A,N/A,N/A,N/A,N/A,N/A
362,1770568081266,Sentence shown,HVL_149_P,true,,true,N/A,N/A,N/A,N/A,N/A,N/A,N/A
362,1770568083567,IR pressed,HVL_149_P,true,,true,Spacebar,1,N/A,2301,N/A,N/A,N/A
362,1770568084170,WR pressed,HVL_149_P,true,,true,No,N/A,1,N/A,603,N/A,N/A
362,1770568084170,gap_time,N/A,true,,true,GapTime_1238,N/A,N/A,N/A,N/A,N/A,N/A
362,1770568085423,Sentence shown,HF_92_A,,,,N/A,N/A,N/A,N/A,N/A,N/A,N/A
362,1770568089439,gap_time,N/A,,,,GapTime_943,N/A,N/A,N/A,N/A,N/A,N/A
362,1770568090393,Sentence shown,HF_92_A,,true,true,N/A,N/A,N/A,N/A,N/A,N/A,N/A
362,1770568091082,Validation IR pressed,HF_92_A,,true,true,Spacebar,1,N/A,689,N/A,N/A,N/A
362,1770568091082,IR pressed,HF_92_A,,true,true,Spacebar,1,N/A,689,N/A,N/A,N/A
362,1770568091273,WR pressed,HF_92_A,,true,true,Yes,N/A,N/A,N/A,191,N/A,N/A
362,1770568091273,gap_time,N/A,,true,true,GapTime_847,N/A,N/A,N/A,N/A,N/A,N/A
362,1770568092133,Sentence shown,HH_142_A,true,,,N/A,N/A,N/A,N/A,N/A,N/A,N/A
362,1770568096143,gap_time,N/A,true,,,GapTime_891,N/A,N/A,N/A,N/A,N/A,N/A
362,1770568097050,Sentence shown,HF_70_A,,,,N/A,N/A,N/A,N/A,N/A,N/A,N/A
362,1770568100816,Validation Wrong IR pressed,HF_70_A,,,,Spacebar,0,N/A,3766,N/A,N/A,N/A
362,1770568100816,IR pressed,HF_70_A,,,,Spacebar,0,N/A,3766,N/A,N/A,N/A
362,1770568100946,WR pressed,HF_70_A,,,,Yes,N/A,N/A,N/A,130,N/A,N/A
362,1770568100946,gap_time,N/A,,,,GapTime_1053,N/A,N/A,N/A,N/A,N/A,N/A
362,1770568102009,Sentence shown,HH_159_P,true,,true,N/A,N/A,N/A,N/A,N/A,N/A,N/A
362,1770568104948,IR pressed,HH_159_P,true,,true,Spacebar,1,N/A,2939,N/A,N/A,N/A
362,1770568106109,WR pressed,HH_159_P,true,,true,No,N/A,0,N/A,1161,N/A,N/A
362,1770568106109,gap_time,N/A,true,,true,GapTime_854,N/A,N/A,N/A,N/A,N/A,N/A
362,1770568106964,Sentence shown,HF_72_A,,,,N/A,N/A,N/A,N/A,N/A,N/A,N/A
362,1770568108529,Validation Wrong IR pressed,HF_72_A,,,,Spacebar,0,N/A,1565,N/A,N/A,N/A
362,1770568108529,IR pressed,HF_72_A,,,,Spacebar,0,N/A,1565,N/A,N/A,N/A
362,1770568108991,WR pressed,HF_72_A,,,,Yes,N/A,N/A,N/A,462,N/A,N/A
362,1770568108991,gap_time,N/A,,,,GapTime_1136,N/A,N/A,N/A,N/A,N/A,N/A
362,1770568110136,Sentence shown,HF_72_A,,true,true,N/A,N/A,N/A,N/A,N/A,N/A,N/A
362,1770568110935,Validation IR pressed,HF_72_A,,true,true,Spacebar,1,N/A,799,N/A,N/A,N/A
362,1770568110935,IR pressed,HF_72_A,,true,true,Spacebar,1,N/A,799,N/A,N/A,N/A
362,1770568111069,WR pressed,HF_72_A,,true,true,Yes,N/A,N/A,N/A,134,N/A,N/A
362,1770568111069,gap_time,N/A,,true,true,GapTime_980,N/A,N/A,N/A,N/A,N/A,N/A
362,1770568112063,Sentence shown,HF_81_A,,,,N/A,N/A,N/A,N/A,N/A,N/A,N/A
362,1770568116064,gap_time,N/A,,,,GapTime_1293,N/A,N/A,N/A,N/A,N/A,N/A
362,1770568117368,Sentence shown,HF_81_A,,true,true,N/A,N/A,N/A,N/A,N/A,N/A,N/A
362,1770568118300,Validation IR pressed,HF_81_A,,true,true,Spacebar,1,N/A,932,N/A,N/A,N/A
362,1770568118300,IR pressed,HF_81_A,,true,true,Spacebar,1,N/A,932,N/A,N/A,N/A
362,1770568118743,WR pressed,HF_81_A,,true,true,Yes,N/A,N/A,N/A,443,N/A,N/A
362,1770568118743,gap_time,N/A,,true,true,GapTime_859,N/A,N/A,N/A,N/A,N/A,N/A
362,1770568119609,Sentence shown,HH_142_A,true,,true,N/A,N/A,N/A,N/A,N/A,N/A,N/A
362,1770568120725,IR pressed,HH_142_A,true,,true,Spacebar,1,N/A,1116,N/A,N/A,N/A
362,1770568120852,WR pressed,HH_142_A,true,,true,Yes,N/A,1,N/A,127,N/A,N/A
362,1770568120852,gap_time,N/A,true,,true,GapTime_753,N/A,N/A,N/A,N/A,N/A,N/A
362,1770568121613,Sentence shown,HVL_105_A,true,,,N/A,N/A,N/A,N/A,N/A,N/A,N/A
362,1770568125623,gap_time,N/A,true,,,GapTime_711,N/A,N/A,N/A,N/A,N/A,N/A
362,1770568126339,Sentence shown,HF_71_A,,,,N/A,N/A,N/A,N/A,N/A,N/A,N/A
362,1770568130342,gap_time,N/A,,,,GapTime_1049,N/A,N/A,N/A,N/A,N/A,N/A
362,1770568131395,Sentence shown,LVH_104_P,true,,,N/A,N/A,N/A,N/A,N/A,N/A,N/A
362,1770568135412,gap_time,N/A,true,,,GapTime_956,N/A,N/A,N/A,N/A,N/A,N/A
362,1770568136370,Sentence shown,HH_147_A,true,,,N/A,N/A,N/A,N/A,N/A,N/A,N/A
362,1770568140384,gap_time,N/A,true,,,GapTime_739,N/A,N/A,N/A,N/A,N/A,N/A
362,1770568141133,Sentence shown,HF_71_A,,true,true,N/A,N/A,N/A,N/A,N/A,N/A,N/A
362,1770568145135,Validation Missed,HF_71_A,,true,true,None,0,N/A,N/A,N/A,N/A,N/A
362,1770568145135,gap_time,N/A,,true,true,GapTime_778,N/A,N/A,N/A,N/A,N/A,N/A
362,1770568145921,Sentence shown,HF_94_A,,,,N/A,N/A,N/A,N/A,N/A,N/A,N/A
362,1770568149926,gap_time,N/A,,,,GapTime_1022,N/A,N/A,N/A,N/A,N/A,N/A
362,1770568150965,Sentence shown,HF_83_A,,,,N/A,N/A,N/A,N/A,N/A,N/A,N/A
362,1770568154970,gap_time,N/A,,,,GapTime_1298,N/A,N/A,N/A,N/A,N/A,N/A
362,1770568156279,Sentence shown,HF_80_A,,,,N/A,N/A,N/A,N/A,N/A,N/A,N/A
362,1770568160291,gap_time,N/A,,,,GapTime_995,N/A,N/A,N/A,N/A,N/A,N/A
362,1770568161295,Sentence shown,HVL_105_A,true,,true,N/A,N/A,N/A,N/A,N/A,N/A,N/A
362,1770568165304,gap_time,N/A,true,,true,GapTime_1286,N/A,N/A,N/A,N/A,N/A,N/A
362,1770568166605,Sentence shown,LVH_104_A,true,,true,N/A,N/A,N/A,N/A,N/A,N/A,N/A
362,1770568168142,IR pressed,LVH_104_A,true,,true,Spacebar,1,N/A,1537,N/A,N/A,N/A
362,1770568168821,WR pressed,LVH_104_A,true,,true,No,N/A,1,N/A,679,N/A,N/A
362,1770568168822,gap_time,N/A,true,,true,GapTime_1187,N/A,N/A,N/A,N/A,N/A,N/A
362,1770568170013,Sentence shown,HVL_119_P,true,,,N/A,N/A,N/A,N/A,N/A,N/A,N/A
362,1770568174022,gap_time,N/A,true,,,GapTime_1255,N/A,N/A,N/A,N/A,N/A,N/A
362,1770568175279,Sentence shown,HVL_153_P,true,,,N/A,N/A,N/A,N/A,N/A,N/A,N/A
362,1770568179292,gap_time,N/A,true,,,GapTime_750,N/A,N/A,N/A,N/A,N/A,N/A
362,1770568180058,Sentence shown,HH_147_P,true,,true,N/A,N/A,N/A,N/A,N/A,N/A,N/A
362,1770568184065,gap_time,N/A,true,,true,GapTime_1062,N/A,N/A,N/A,N/A,N/A,N/A
362,1770568185133,Sentence shown,HVL_119_P,true,,true,N/A,N/A,N/A,N/A,N/A,N/A,N/A
362,1770568186188,IR pressed,HVL_119_P,true,,true,Spacebar,1,N/A,1055,N/A,N/A,N/A
362,1770568186810,WR pressed,HVL_119_P,true,,true,No,N/A,0,N/A,622,N/A,N/A
362,1770568186810,gap_time,N/A,true,,true,GapTime_910,N/A,N/A,N/A,N/A,N/A,N/A
362,1770568187725,Sentence shown,HVL_153_A,true,,true,N/A,N/A,N/A,N/A,N/A,N/A,N/A
362,1770568191728,gap_time,N/A,true,,true,GapTime_996,N/A,N/A,N/A,N/A,N/A,N/A
