participant_ID,Timestamp,Event,Stimulus,isTarget,isValidation,isRepeat,Button,Accuracy IR,Accuracy WR,Reaction_time_IR,Reaction_time_WR,CR_IR,CR_WR
368,1770570304398,Practice Sentence shown,HL_38_A,,,,N/A,N/A,N/A,N/A,N/A,N/A,N/A
368,1770570309920,Practice Sentence shown,HL_72_A,,,,N/A,N/A,N/A,N/A,N/A,N/A,N/A
368,1770570315438,Practice Sentence shown,HH_102_A,true,,,N/A,N/A,N/A,N/A,N/A,N/A,N/A
368,1770570320951,Practice Sentence shown,HL_25_A,,,,N/A,N/A,N/A,N/A,N/A,N/A,N/A
368,1770570326463,Practice Sentence shown,HL_66_A,,,,N/A,N/A,N/A,N/A,N/A,N/A,N/A
368,1770570331983,Practice Sentence shown,HL_56_A,,,,N/A,N/A,N/A,N/A,N/A,N/A,N/A
368,1770570337515,Practice Sentence shown,HL_6_A,,,,N/A,N/A,N/A,N/A,N/A,N/A,N/A
368,1770570343025,Practice Sentence shown,HH_135_A,true,,,N/A,N/A,N/A,N/A,N/A,N/A,N/A
368,1770570348540,Practice Sentence shown,HH_119_A,true,,,N/A,N/A,N/A,N/A,N/A,N/A,N/A
368,1770570354063,Practice Sentence shown,HL_4_A,,,,N/A,N/A,N/A,N/A,N/A,N/A,N/A
368,1770570359576,Practice Sentence shown,HH_102_P,true,,true,N/A,N/A,N/A,N/A,N/A,N/A,N/A
368,1770570360924,Practice IR pressed,HH_102_P,true,,true,Spacebar,1,N/A,1348,N/A,N/A,N/A
368,1770570361141,Practice WR pressed,HH_102_P,true,,true,No,N/A,1,N/A,217,N/A,N/A
368,1770570362647,Practice Sentence shown,HL_42_A,,,,N/A,N/A,N/A,N/A,N/A,N/A,N/A
368,1770570368167,Practice Sentence shown,HL_59_A,,,,N/A,N/A,N/A,N/A,N/A,N/A,N/A
368,1770570369723,Practice IR pressed,HL_59_A,,,,Spacebar,0,N/A,1556,N/A,N/A,N/A
368,1770570371231,Practice Sentence shown,HH_108_A,true,,,N/A,N/A,N/A,N/A,N/A,N/A,N/A
368,1770570376749,Practice Sentence shown,HH_119_P,true,,true,N/A,N/A,N/A,N/A,N/A,N/A,N/A
368,1770570380764,Practice Missed,HH_119_P,true,,true,None,0,N/A,N/A,N/A,N/A,N/A
368,1770570383816,Practice Sentence shown,HL_34_A,,,,N/A,N/A,N/A,N/A,N/A,N/A,N/A
368,1770570389338,Practice Sentence shown,HH_135_A,true,,true,N/A,N/A,N/A,N/A,N/A,N/A,N/A
368,1770570390478,Practice IR pressed,HH_135_A,true,,true,Spacebar,1,N/A,1140,N/A,N/A,N/A
368,1770570390628,Practice WR pressed,HH_135_A,true,,true,Yes,N/A,1,N/A,150,N/A,N/A
368,1770570392134,Practice Sentence shown,HH_126_A,true,,,N/A,N/A,N/A,N/A,N/A,N/A,N/A
368,1770570397655,Practice Sentence shown,HH_108_P,true,,true,N/A,N/A,N/A,N/A,N/A,N/A,N/A
368,1770570398708,Practice IR pressed,HH_108_P,true,,true,Spacebar,1,N/A,1053,N/A,N/A,N/A
368,1770570398872,Practice WR pressed,HH_108_P,true,,true,No,N/A,1,N/A,164,N/A,N/A
368,1770570400375,Practice Sentence shown,HH_126_A,true,,true,N/A,N/A,N/A,N/A,N/A,N/A,N/A
368,1770570402350,Practice IR pressed,HH_126_A,true,,true,Spacebar,1,N/A,1975,N/A,N/A,N/A
368,1770570402802,Practice WR pressed,HH_126_A,true,,true,Yes,N/A,1,N/A,452,N/A,N/A
368,1770570407300,Sentence shown,HF_8_A,,,,N/A,N/A,N/A,N/A,N/A,N/A,N/A
368,1770570411307,gap_time,N/A,,,,GapTime_789,N/A,N/A,N/A,N/A,N/A,N/A
368,1770570412110,Sentence shown,HF_8_A,,true,true,N/A,N/A,N/A,N/A,N/A,N/A,N/A
368,1770570412839,Validation IR pressed,HF_8_A,,true,true,Spacebar,1,N/A,728,N/A,N/A,N/A
368,1770570412839,IR pressed,HF_8_A,,true,true,Spacebar,1,N/A,728,N/A,N/A,N/A
368,1770570412955,WR pressed,HF_8_A,,true,true,Yes,N/A,N/A,N/A,116,N/A,N/A
368,1770570412955,gap_time,N/A,,true,true,GapTime_1093,N/A,N/A,N/A,N/A,N/A,N/A
368,1770570414059,Sentence shown,HF_33_A,,,,N/A,N/A,N/A,N/A,N/A,N/A,N/A
368,1770570418078,gap_time,N/A,,,,GapTime_1130,N/A,N/A,N/A,N/A,N/A,N/A
368,1770570419224,Sentence shown,LVH_144_A,true,,,N/A,N/A,N/A,N/A,N/A,N/A,N/A
368,1770570423239,gap_time,N/A,true,,,GapTime_735,N/A,N/A,N/A,N/A,N/A,N/A
368,1770570423985,Sentence shown,HF_28_A,,,,N/A,N/A,N/A,N/A,N/A,N/A,N/A
368,1770570427987,gap_time,N/A,,,,GapTime_1031,N/A,N/A,N/A,N/A,N/A,N/A
368,1770570429024,Sentence shown,HF_16_A,,,,N/A,N/A,N/A,N/A,N/A,N/A,N/A
368,1770570433036,gap_time,N/A,,,,GapTime_930,N/A,N/A,N/A,N/A,N/A,N/A
368,1770570433968,Sentence shown,HF_16_A,,true,true,N/A,N/A,N/A,N/A,N/A,N/A,N/A
368,1770570434770,Validation IR pressed,HF_16_A,,true,true,Spacebar,1,N/A,802,N/A,N/A,N/A
368,1770570434770,IR pressed,HF_16_A,,true,true,Spacebar,1,N/A,802,N/A,N/A,N/A
368,1770570434915,WR pressed,HF_16_A,,true,true,Yes,N/A,N/A,N/A,145,N/A,N/A
368,1770570434916,gap_time,N/A,,true,true,GapTime_763,N/A,N/A,N/A,N/A,N/A,N/A
368,1770570435703,Sentence shown,HF_10_A,,,,N/A,N/A,N/A,N/A,N/A,N/A,N/A
368,1770570439720,gap_time,N/A,,,,GapTime_898,N/A,N/A,N/A,N/A,N/A,N/A
368,1770570440632,Sentence shown,HF_15_A,,,,N/A,N/A,N/A,N/A,N/A,N/A,N/A
368,1770570444638,gap_time,N/A,,,,GapTime_892,N/A,N/A,N/A,N/A,N/A,N/A
368,1770570445535,Sentence shown,HF_2_A,,,,N/A,N/A,N/A,N/A,N/A,N/A,N/A
368,1770570449537,gap_time,N/A,,,,GapTime_1066,N/A,N/A,N/A,N/A,N/A,N/A
368,1770570450605,Sentence shown,LVH_144_A,true,,true,N/A,N/A,N/A,N/A,N/A,N/A,N/A
368,1770570451736,IR pressed,LVH_144_A,true,,true,Spacebar,1,N/A,1131,N/A,N/A,N/A
368,1770570451914,WR pressed,LVH_144_A,true,,true,Yes,N/A,1,N/A,178,N/A,N/A
368,1770570451915,gap_time,N/A,true,,true,GapTime_1205,N/A,N/A,N/A,N/A,N/A,N/A
368,1770570453128,Sentence shown,LVL_113_P,true,,,N/A,N/A,N/A,N/A,N/A,N/A,N/A
368,1770570457142,gap_time,N/A,true,,,GapTime_938,N/A,N/A,N/A,N/A,N/A,N/A
368,1770570458082,Sentence shown,HH_170_P,true,,,N/A,N/A,N/A,N/A,N/A,N/A,N/A
368,1770570462085,gap_time,N/A,true,,,GapTime_1247,N/A,N/A,N/A,N/A,N/A,N/A
368,1770570463339,Sentence shown,HVL_158_A,true,,,N/A,N/A,N/A,N/A,N/A,N/A,N/A
368,1770570467340,gap_time,N/A,true,,,GapTime_1005,N/A,N/A,N/A,N/A,N/A,N/A
368,1770570468361,Sentence shown,HF_14_A,,,,N/A,N/A,N/A,N/A,N/A,N/A,N/A
368,1770570469755,Validation Wrong IR pressed,HF_14_A,,,,Spacebar,0,N/A,1394,N/A,N/A,N/A
368,1770570469755,IR pressed,HF_14_A,,,,Spacebar,0,N/A,1394,N/A,N/A,N/A
368,1770570469939,WR pressed,HF_14_A,,,,Yes,N/A,N/A,N/A,184,N/A,N/A
368,1770570469939,gap_time,N/A,,,,GapTime_1146,N/A,N/A,N/A,N/A,N/A,N/A
368,1770570471094,Sentence shown,HF_11_A,,,,N/A,N/A,N/A,N/A,N/A,N/A,N/A
368,1770570475108,gap_time,N/A,,,,GapTime_874,N/A,N/A,N/A,N/A,N/A,N/A
368,1770570475998,Sentence shown,HF_14_A,,true,true,N/A,N/A,N/A,N/A,N/A,N/A,N/A
368,1770570476913,Validation IR pressed,HF_14_A,,true,true,Spacebar,1,N/A,915,N/A,N/A,N/A
368,1770570476913,IR pressed,HF_14_A,,true,true,Spacebar,1,N/A,915,N/A,N/A,N/A
368,1770570477051,WR pressed,HF_14_A,,true,true,Yes,N/A,N/A,N/A,138,N/A,N/A
368,1770570477051,gap_time,N/A,,true,true,GapTime_770,N/A,N/A,N/A,N/A,N/A,N/A
368,1770570477832,Sentence shown,HF_11_A,,true,true,N/A,N/A,N/A,N/A,N/A,N/A,N/A
368,1770570478525,Validation IR pressed,HF_11_A,,true,true,Spacebar,1,N/A,693,N/A,N/A,N/A
368,1770570478525,IR pressed,HF_11_A,,true,true,Spacebar,1,N/A,693,N/A,N/A,N/A
368,1770570478919,WR pressed,HF_11_A,,true,true,Yes,N/A,N/A,N/A,394,N/A,N/A
368,1770570478919,gap_time,N/A,,true,true,GapTime_849,N/A,N/A,N/A,N/A,N/A,N/A
368,1770570479780,Sentence shown,HF_12_A,,,,N/A,N/A,N/A,N/A,N/A,N/A,N/A
368,1770570483795,gap_time,N/A,,,,GapTime_981,N/A,N/A,N/A,N/A,N/A,N/A
368,1770570484780,Sentence shown,LVL_113_P,true,,true,N/A,N/A,N/A,N/A,N/A,N/A,N/A
368,1770570485719,IR pressed,LVL_113_P,true,,true,Spacebar,1,N/A,939,N/A,N/A,N/A
368,1770570485889,WR pressed,LVL_113_P,true,,true,Yes,N/A,1,N/A,170,N/A,N/A
368,1770570485890,gap_time,N/A,true,,true,GapTime_873,N/A,N/A,N/A,N/A,N/A,N/A
368,1770570486779,Sentence shown,HH_170_A,true,,true,N/A,N/A,N/A,N/A,N/A,N/A,N/A
368,1770570487627,IR pressed,HH_170_A,true,,true,Spacebar,1,N/A,848,N/A,N/A,N/A
368,1770570487800,WR pressed,HH_170_A,true,,true,Yes,N/A,0,N/A,173,N/A,N/A
368,1770570487801,gap_time,N/A,true,,true,GapTime_1013,N/A,N/A,N/A,N/A,N/A,N/A
368,1770570488827,Sentence shown,HF_5_A,,,,N/A,N/A,N/A,N/A,N/A,N/A,N/A
368,1770570489629,Validation Wrong IR pressed,HF_5_A,,,,Spacebar,0,N/A,802,N/A,N/A,N/A
368,1770570489629,IR pressed,HF_5_A,,,,Spacebar,0,N/A,802,N/A,N/A,N/A
368,1770570489798,WR pressed,HF_5_A,,,,Yes,N/A,N/A,N/A,168,N/A,N/A
368,1770570489798,gap_time,N/A,,,,GapTime_1228,N/A,N/A,N/A,N/A,N/A,N/A
368,1770570491031,Sentence shown,HF_5_A,,true,true,N/A,N/A,N/A,N/A,N/A,N/A,N/A
368,1770570491780,Validation IR pressed,HF_5_A,,true,true,Spacebar,1,N/A,749,N/A,N/A,N/A
368,1770570491780,IR pressed,HF_5_A,,true,true,Spacebar,1,N/A,749,N/A,N/A,N/A
368,1770570491958,WR pressed,HF_5_A,,true,true,Yes,N/A,N/A,N/A,178,N/A,N/A
368,1770570491958,gap_time,N/A,,true,true,GapTime_1284,N/A,N/A,N/A,N/A,N/A,N/A
368,1770570493256,Sentence shown,HVL_158_A,true,,true,N/A,N/A,N/A,N/A,N/A,N/A,N/A
368,1770570497264,gap_time,N/A,true,,true,GapTime_1029,N/A,N/A,N/A,N/A,N/A,N/A
368,1770570498301,Sentence shown,HF_17_A,,,,N/A,N/A,N/A,N/A,N/A,N/A,N/A
368,1770570502304,gap_time,N/A,,,,GapTime_1147,N/A,N/A,N/A,N/A,N/A,N/A
368,1770570503454,Sentence shown,HF_31_A,,,,N/A,N/A,N/A,N/A,N/A,N/A,N/A
368,1770570507463,gap_time,N/A,,,,GapTime_1102,N/A,N/A,N/A,N/A,N/A,N/A
368,1770570508575,Sentence shown,HF_17_A,,true,true,N/A,N/A,N/A,N/A,N/A,N/A,N/A
368,1770570510889,Validation IR pressed,HF_17_A,,true,true,Spacebar,1,N/A,2314,N/A,N/A,N/A
368,1770570510889,IR pressed,HF_17_A,,true,true,Spacebar,1,N/A,2314,N/A,N/A,N/A
368,1770570511050,WR pressed,HF_17_A,,true,true,Yes,N/A,N/A,N/A,161,N/A,N/A
368,1770570511050,gap_time,N/A,,true,true,GapTime_1124,N/A,N/A,N/A,N/A,N/A,N/A
368,1770570512184,Sentence shown,LVL_126_P,true,,,N/A,N/A,N/A,N/A,N/A,N/A,N/A
368,1770570516185,gap_time,N/A,true,,,GapTime_1231,N/A,N/A,N/A,N/A,N/A,N/A
368,1770570517431,Sentence shown,HF_1_A,,,,N/A,N/A,N/A,N/A,N/A,N/A,N/A
368,1770570521441,gap_time,N/A,,,,GapTime_722,N/A,N/A,N/A,N/A,N/A,N/A
368,1770570522166,Sentence shown,HF_24_A,,,,N/A,N/A,N/A,N/A,N/A,N/A,N/A
368,1770570526175,gap_time,N/A,,,,GapTime_1137,N/A,N/A,N/A,N/A,N/A,N/A
368,1770570527325,Sentence shown,HF_1_A,,true,true,N/A,N/A,N/A,N/A,N/A,N/A,N/A
368,1770570528289,Validation IR pressed,HF_1_A,,true,true,Spacebar,1,N/A,964,N/A,N/A,N/A
368,1770570528289,IR pressed,HF_1_A,,true,true,Spacebar,1,N/A,964,N/A,N/A,N/A
368,1770570528449,WR pressed,HF_1_A,,true,true,Yes,N/A,N/A,N/A,160,N/A,N/A
368,1770570528449,gap_time,N/A,,true,true,GapTime_959,N/A,N/A,N/A,N/A,N/A,N/A
368,1770570529424,Sentence shown,HF_9_A,,,,N/A,N/A,N/A,N/A,N/A,N/A,N/A
368,1770570533429,gap_time,N/A,,,,GapTime_808,N/A,N/A,N/A,N/A,N/A,N/A
368,1770570534250,Sentence shown,HVL_104_P,true,,,N/A,N/A,N/A,N/A,N/A,N/A,N/A
368,1770570538255,gap_time,N/A,true,,,GapTime_1224,N/A,N/A,N/A,N/A,N/A,N/A
368,1770570539485,Sentence shown,HF_19_A,,,,N/A,N/A,N/A,N/A,N/A,N/A,N/A
368,1770570543496,gap_time,N/A,,,,GapTime_841,N/A,N/A,N/A,N/A,N/A,N/A
368,1770570544342,Sentence shown,LVL_126_A,true,,true,N/A,N/A,N/A,N/A,N/A,N/A,N/A
368,1770570545772,IR pressed,LVL_126_A,true,,true,Spacebar,1,N/A,1430,N/A,N/A,N/A
368,1770570545951,WR pressed,LVL_126_A,true,,true,Yes,N/A,0,N/A,179,N/A,N/A
368,1770570545952,gap_time,N/A,true,,true,GapTime_980,N/A,N/A,N/A,N/A,N/A,N/A
368,1770570546938,Sentence shown,HF_7_A,,,,N/A,N/A,N/A,N/A,N/A,N/A,N/A
368,1770570550942,gap_time,N/A,,,,GapTime_1028,N/A,N/A,N/A,N/A,N/A,N/A
368,1770570551978,Sentence shown,HF_7_A,,true,true,N/A,N/A,N/A,N/A,N/A,N/A,N/A
368,1770570552748,Validation IR pressed,HF_7_A,,true,true,Spacebar,1,N/A,770,N/A,N/A,N/A
368,1770570552748,IR pressed,HF_7_A,,true,true,Spacebar,1,N/A,770,N/A,N/A,N/A
368,1770570552908,WR pressed,HF_7_A,,true,true,Yes,N/A,N/A,N/A,160,N/A,N/A
368,1770570552908,gap_time,N/A,,true,true,GapTime_1113,N/A,N/A,N/A,N/A,N/A,N/A
368,1770570554036,Sentence shown,LVL_127_A,true,,,N/A,N/A,N/A,N/A,N/A,N/A,N/A
368,1770570558047,gap_time,N/A,true,,,GapTime_1074,N/A,N/A,N/A,N/A,N/A,N/A
368,1770570559127,Sentence shown,HF_6_A,,,,N/A,N/A,N/A,N/A,N/A,N/A,N/A
368,1770570563133,gap_time,N/A,,,,GapTime_999,N/A,N/A,N/A,N/A,N/A,N/A
368,1770570564148,Sentence shown,HVL_126_A,true,,,N/A,N/A,N/A,N/A,N/A,N/A,N/A
368,1770570568164,gap_time,N/A,true,,,GapTime_813,N/A,N/A,N/A,N/A,N/A,N/A
368,1770570568984,Sentence shown,HVL_103_P,true,,,N/A,N/A,N/A,N/A,N/A,N/A,N/A
368,1770570572999,gap_time,N/A,true,,,GapTime_895,N/A,N/A,N/A,N/A,N/A,N/A
368,1770570573896,Sentence shown,HVL_104_A,true,,true,N/A,N/A,N/A,N/A,N/A,N/A,N/A
368,1770570575643,IR pressed,HVL_104_A,true,,true,Spacebar,1,N/A,1747,N/A,N/A,N/A
368,1770570575865,WR pressed,HVL_104_A,true,,true,No,N/A,1,N/A,222,N/A,N/A
368,1770570575865,gap_time,N/A,true,,true,GapTime_1198,N/A,N/A,N/A,N/A,N/A,N/A
368,1770570577068,Sentence shown,HH_150_A,true,,,N/A,N/A,N/A,N/A,N/A,N/A,N/A
368,1770570581073,gap_time,N/A,true,,,GapTime_940,N/A,N/A,N/A,N/A,N/A,N/A
368,1770570582020,Sentence shown,HH_166_P,true,,,N/A,N/A,N/A,N/A,N/A,N/A,N/A
368,1770570586027,gap_time,N/A,true,,,GapTime_1144,N/A,N/A,N/A,N/A,N/A,N/A
368,1770570587179,Sentence shown,LVL_130_A,true,,,N/A,N/A,N/A,N/A,N/A,N/A,N/A
368,1770570591195,gap_time,N/A,true,,,GapTime_1016,N/A,N/A,N/A,N/A,N/A,N/A
368,1770570592225,Sentence shown,HF_22_A,,,,N/A,N/A,N/A,N/A,N/A,N/A,N/A
368,1770570596239,gap_time,N/A,,,,GapTime_789,N/A,N/A,N/A,N/A,N/A,N/A
368,1770570597038,Sentence shown,LVL_127_A,true,,true,N/A,N/A,N/A,N/A,N/A,N/A,N/A
368,1770570598450,IR pressed,LVL_127_A,true,,true,Spacebar,1,N/A,1412,N/A,N/A,N/A
368,1770570598633,WR pressed,LVL_127_A,true,,true,Yes,N/A,1,N/A,183,N/A,N/A
368,1770570598634,gap_time,N/A,true,,true,GapTime_1282,N/A,N/A,N/A,N/A,N/A,N/A
368,1770570599920,Sentence shown,HF_26_A,,,,N/A,N/A,N/A,N/A,N/A,N/A,N/A
368,1770570603935,gap_time,N/A,,,,GapTime_702,N/A,N/A,N/A,N/A,N/A,N/A
368,1770570604651,Sentence shown,HF_22_A,,true,true,N/A,N/A,N/A,N/A,N/A,N/A,N/A
368,1770570605893,Validation IR pressed,HF_22_A,,true,true,Spacebar,1,N/A,1242,N/A,N/A,N/A
368,1770570605893,IR pressed,HF_22_A,,true,true,Spacebar,1,N/A,1242,N/A,N/A,N/A
368,1770570606066,WR pressed,HF_22_A,,true,true,Yes,N/A,N/A,N/A,172,N/A,N/A
368,1770570606066,gap_time,N/A,,true,true,GapTime_1143,N/A,N/A,N/A,N/A,N/A,N/A
368,1770570607212,Sentence shown,LVH_166_P,true,,,N/A,N/A,N/A,N/A,N/A,N/A,N/A
368,1770570611223,gap_time,N/A,true,,,GapTime_876,N/A,N/A,N/A,N/A,N/A,N/A
368,1770570612102,Sentence shown,HVL_126_P,true,,true,N/A,N/A,N/A,N/A,N/A,N/A,N/A
368,1770570616105,gap_time,N/A,true,,true,GapTime_1277,N/A,N/A,N/A,N/A,N/A,N/A
368,1770570617393,Sentence shown,HVL_103_P,true,,true,N/A,N/A,N/A,N/A,N/A,N/A,N/A
368,1770570619786,IR pressed,HVL_103_P,true,,true,Spacebar,1,N/A,2393,N/A,N/A,N/A
368,1770570619974,WR pressed,HVL_103_P,true,,true,Yes,N/A,1,N/A,188,N/A,N/A
368,1770570619974,gap_time,N/A,true,,true,GapTime_998,N/A,N/A,N/A,N/A,N/A,N/A
368,1770570620984,Sentence shown,LVH_103_P,true,,,N/A,N/A,N/A,N/A,N/A,N/A,N/A
368,1770570624998,gap_time,N/A,true,,,GapTime_1287,N/A,N/A,N/A,N/A,N/A,N/A
368,1770570626288,Sentence shown,HF_27_A,,,,N/A,N/A,N/A,N/A,N/A,N/A,N/A
368,1770570630299,gap_time,N/A,,,,GapTime_1273,N/A,N/A,N/A,N/A,N/A,N/A
368,1770570631575,Sentence shown,HH_150_P,true,,true,N/A,N/A,N/A,N/A,N/A,N/A,N/A
368,1770570632818,IR pressed,HH_150_P,true,,true,Spacebar,1,N/A,1243,N/A,N/A,N/A
368,1770570633033,WR pressed,HH_150_P,true,,true,No,N/A,1,N/A,215,N/A,N/A
368,1770570633034,gap_time,N/A,true,,true,GapTime_1180,N/A,N/A,N/A,N/A,N/A,N/A
368,1770570634229,Sentence shown,HF_21_A,,,,N/A,N/A,N/A,N/A,N/A,N/A,N/A
368,1770570638233,gap_time,N/A,,,,GapTime_1124,N/A,N/A,N/A,N/A,N/A,N/A
368,1770570639364,Sentence shown,HH_166_P,true,,true,N/A,N/A,N/A,N/A,N/A,N/A,N/A
368,1770570640309,IR pressed,HH_166_P,true,,true,Spacebar,1,N/A,945,N/A,N/A,N/A
368,1770570640457,WR pressed,HH_166_P,true,,true,Yes,N/A,1,N/A,148,N/A,N/A
368,1770570640457,gap_time,N/A,true,,true,GapTime_743,N/A,N/A,N/A,N/A,N/A,N/A
368,1770570641203,Sentence shown,LVL_130_P,true,,true,N/A,N/A,N/A,N/A,N/A,N/A,N/A
368,1770570645205,gap_time,N/A,true,,true,GapTime_1016,N/A,N/A,N/A,N/A,N/A,N/A
368,1770570646225,Sentence shown,HF_23_A,,,,N/A,N/A,N/A,N/A,N/A,N/A,N/A
368,1770570650229,gap_time,N/A,,,,GapTime_919,N/A,N/A,N/A,N/A,N/A,N/A
368,1770570651167,Sentence shown,HF_32_A,,,,N/A,N/A,N/A,N/A,N/A,N/A,N/A
368,1770570655171,gap_time,N/A,,,,GapTime_701,N/A,N/A,N/A,N/A,N/A,N/A
368,1770570655889,Sentence shown,HF_30_A,,,,N/A,N/A,N/A,N/A,N/A,N/A,N/A
368,1770570659895,gap_time,N/A,,,,GapTime_1031,N/A,N/A,N/A,N/A,N/A,N/A
368,1770570660937,Sentence shown,LVH_103_A,true,,true,N/A,N/A,N/A,N/A,N/A,N/A,N/A
368,1770570663230,IR pressed,LVH_103_A,true,,true,Spacebar,1,N/A,2293,N/A,N/A,N/A
368,1770570663496,WR pressed,LVH_103_A,true,,true,No,N/A,1,N/A,266,N/A,N/A
368,1770570663496,gap_time,N/A,true,,true,GapTime_1106,N/A,N/A,N/A,N/A,N/A,N/A
368,1770570664611,Sentence shown,HF_25_A,,,,N/A,N/A,N/A,N/A,N/A,N/A,N/A
368,1770570668616,gap_time,N/A,,,,GapTime_771,N/A,N/A,N/A,N/A,N/A,N/A
368,1770570669389,Sentence shown,LVH_166_P,true,,true,N/A,N/A,N/A,N/A,N/A,N/A,N/A
368,1770570671102,IR pressed,LVH_166_P,true,,true,Spacebar,1,N/A,1713,N/A,N/A,N/A
368,1770570671368,WR pressed,LVH_166_P,true,,true,No,N/A,0,N/A,266,N/A,N/A
368,1770570671368,gap_time,N/A,true,,true,GapTime_1251,N/A,N/A,N/A,N/A,N/A,N/A
368,1770570672623,Sentence shown,HF_18_A,,,,N/A,N/A,N/A,N/A,N/A,N/A,N/A
368,1770570676628,gap_time,N/A,,,,GapTime_1145,N/A,N/A,N/A,N/A,N/A,N/A
368,1770570677781,Sentence shown,HF_4_A,,,,N/A,N/A,N/A,N/A,N/A,N/A,N/A
368,1770570681795,gap_time,N/A,,,,GapTime_971,N/A,N/A,N/A,N/A,N/A,N/A
368,1770570682780,Sentence shown,HH_159_A,true,,,N/A,N/A,N/A,N/A,N/A,N/A,N/A
368,1770570686796,gap_time,N/A,true,,,GapTime_1028,N/A,N/A,N/A,N/A,N/A,N/A
368,1770570687832,Sentence shown,HF_4_A,,true,true,N/A,N/A,N/A,N/A,N/A,N/A,N/A
368,1770570688679,Validation IR pressed,HF_4_A,,true,true,Spacebar,1,N/A,846,N/A,N/A,N/A
368,1770570688679,IR pressed,HF_4_A,,true,true,Spacebar,1,N/A,846,N/A,N/A,N/A
368,1770570688859,WR pressed,HF_4_A,,true,true,Yes,N/A,N/A,N/A,180,N/A,N/A
368,1770570688859,gap_time,N/A,,true,true,GapTime_883,N/A,N/A,N/A,N/A,N/A,N/A
368,1770570689749,Sentence shown,HF_20_A,,,,N/A,N/A,N/A,N/A,N/A,N/A,N/A
368,1770570693764,gap_time,N/A,,,,GapTime_980,N/A,N/A,N/A,N/A,N/A,N/A
368,1770570694749,Sentence shown,HF_29_A,,,,N/A,N/A,N/A,N/A,N/A,N/A,N/A
368,1770570698764,gap_time,N/A,,,,GapTime_1197,N/A,N/A,N/A,N/A,N/A,N/A
368,1770570699969,Sentence shown,LVH_100_A,true,,,N/A,N/A,N/A,N/A,N/A,N/A,N/A
368,1770570703973,gap_time,N/A,true,,,GapTime_1217,N/A,N/A,N/A,N/A,N/A,N/A
368,1770570705201,Sentence shown,HF_13_A,,,,N/A,N/A,N/A,N/A,N/A,N/A,N/A
368,1770570709217,gap_time,N/A,,,,GapTime_1177,N/A,N/A,N/A,N/A,N/A,N/A
368,1770570710405,Sentence shown,HH_159_A,true,,true,N/A,N/A,N/A,N/A,N/A,N/A,N/A
368,1770570712135,IR pressed,HH_159_A,true,,true,Spacebar,1,N/A,1730,N/A,N/A,N/A
368,1770570712480,WR pressed,HH_159_A,true,,true,Yes,N/A,1,N/A,345,N/A,N/A
368,1770570712480,gap_time,N/A,true,,true,GapTime_928,N/A,N/A,N/A,N/A,N/A,N/A
368,1770570713413,Sentence shown,LVH_100_P,true,,true,N/A,N/A,N/A,N/A,N/A,N/A,N/A
368,1770570717415,gap_time,N/A,true,,true,GapTime_931,N/A,N/A,N/A,N/A,N/A,N/A
368,1770570718348,Rest Phase started,N/A,true,,true,Rest,N/A,N/A,N/A,N/A,N/A,N/A
368,1770570721053,Sentence shown,HF_35_A,,,,N/A,N/A,N/A,N/A,N/A,N/A,N/A
368,1770570725063,gap_time,N/A,,,,GapTime_873,N/A,N/A,N/A,N/A,N/A,N/A
368,1770570725951,Sentence shown,LVL_136_A,true,,,N/A,N/A,N/A,N/A,N/A,N/A,N/A
368,1770570729968,gap_time,N/A,true,,,GapTime_1068,N/A,N/A,N/A,N/A,N/A,N/A
368,1770570731042,Sentence shown,HF_36_A,,,,N/A,N/A,N/A,N/A,N/A,N/A,N/A
368,1770570735045,gap_time,N/A,,,,GapTime_718,N/A,N/A,N/A,N/A,N/A,N/A
368,1770570735765,Sentence shown,HF_36_A,,true,true,N/A,N/A,N/A,N/A,N/A,N/A,N/A
368,1770570736796,Validation IR pressed,HF_36_A,,true,true,Spacebar,1,N/A,1031,N/A,N/A,N/A
368,1770570736796,IR pressed,HF_36_A,,true,true,Spacebar,1,N/A,1031,N/A,N/A,N/A
368,1770570736936,WR pressed,HF_36_A,,true,true,Yes,N/A,N/A,N/A,140,N/A,N/A
368,1770570736936,gap_time,N/A,,true,true,GapTime_861,N/A,N/A,N/A,N/A,N/A,N/A
368,1770570737817,Sentence shown,HF_35_A,,true,true,N/A,N/A,N/A,N/A,N/A,N/A,N/A
368,1770570738880,Validation IR pressed,HF_35_A,,true,true,Spacebar,1,N/A,1063,N/A,N/A,N/A
368,1770570738880,IR pressed,HF_35_A,,true,true,Spacebar,1,N/A,1063,N/A,N/A,N/A
368,1770570739050,WR pressed,HF_35_A,,true,true,Yes,N/A,N/A,N/A,170,N/A,N/A
368,1770570739051,gap_time,N/A,,true,true,GapTime_880,N/A,N/A,N/A,N/A,N/A,N/A
368,1770570739937,Sentence shown,HF_46_A,,,,N/A,N/A,N/A,N/A,N/A,N/A,N/A
368,1770570743953,gap_time,N/A,,,,GapTime_797,N/A,N/A,N/A,N/A,N/A,N/A
368,1770570744764,Sentence shown,HF_46_A,,true,true,N/A,N/A,N/A,N/A,N/A,N/A,N/A
368,1770570745456,Validation IR pressed,HF_46_A,,true,true,Spacebar,1,N/A,692,N/A,N/A,N/A
368,1770570745456,IR pressed,HF_46_A,,true,true,Spacebar,1,N/A,692,N/A,N/A,N/A
368,1770570745626,WR pressed,HF_46_A,,true,true,Yes,N/A,N/A,N/A,170,N/A,N/A
368,1770570745626,gap_time,N/A,,true,true,GapTime_717,N/A,N/A,N/A,N/A,N/A,N/A
368,1770570746348,Sentence shown,HF_38_A,,,,N/A,N/A,N/A,N/A,N/A,N/A,N/A
368,1770570750353,gap_time,N/A,,,,GapTime_1060,N/A,N/A,N/A,N/A,N/A,N/A
368,1770570751425,Sentence shown,LVL_136_A,true,,true,N/A,N/A,N/A,N/A,N/A,N/A,N/A
368,1770570752681,IR pressed,LVL_136_A,true,,true,Spacebar,1,N/A,1256,N/A,N/A,N/A
368,1770570752962,WR pressed,LVL_136_A,true,,true,Yes,N/A,1,N/A,281,N/A,N/A
368,1770570752962,gap_time,N/A,true,,true,GapTime_1063,N/A,N/A,N/A,N/A,N/A,N/A
368,1770570754030,Sentence shown,HF_58_A,,,,N/A,N/A,N/A,N/A,N/A,N/A,N/A
368,1770570758042,gap_time,N/A,,,,GapTime_930,N/A,N/A,N/A,N/A,N/A,N/A
368,1770570758979,Sentence shown,HH_169_P,true,,,N/A,N/A,N/A,N/A,N/A,N/A,N/A
368,1770570762992,gap_time,N/A,true,,,GapTime_914,N/A,N/A,N/A,N/A,N/A,N/A
368,1770570763917,Sentence shown,LVH_104_P,true,,,N/A,N/A,N/A,N/A,N/A,N/A,N/A
368,1770570767922,gap_time,N/A,true,,,GapTime_823,N/A,N/A,N/A,N/A,N/A,N/A
368,1770570768754,Sentence shown,HF_58_A,,true,true,N/A,N/A,N/A,N/A,N/A,N/A,N/A
368,1770570769635,Validation IR pressed,HF_58_A,,true,true,Spacebar,1,N/A,881,N/A,N/A,N/A
368,1770570769635,IR pressed,HF_58_A,,true,true,Spacebar,1,N/A,881,N/A,N/A,N/A
368,1770570769843,WR pressed,HF_58_A,,true,true,Yes,N/A,N/A,N/A,208,N/A,N/A
368,1770570769844,gap_time,N/A,,true,true,GapTime_1257,N/A,N/A,N/A,N/A,N/A,N/A
368,1770570771102,Sentence shown,HH_145_A,true,,,N/A,N/A,N/A,N/A,N/A,N/A,N/A
368,1770570775117,gap_time,N/A,true,,,GapTime_1126,N/A,N/A,N/A,N/A,N/A,N/A
368,1770570776253,Sentence shown,HF_47_A,,,,N/A,N/A,N/A,N/A,N/A,N/A,N/A
368,1770570780264,gap_time,N/A,,,,GapTime_820,N/A,N/A,N/A,N/A,N/A,N/A
368,1770570781100,Sentence shown,HF_61_A,,,,N/A,N/A,N/A,N/A,N/A,N/A,N/A
368,1770570785110,gap_time,N/A,,,,GapTime_1255,N/A,N/A,N/A,N/A,N/A,N/A
368,1770570786367,Sentence shown,HF_52_A,,,,N/A,N/A,N/A,N/A,N/A,N/A,N/A
368,1770570790384,gap_time,N/A,,,,GapTime_990,N/A,N/A,N/A,N/A,N/A,N/A
368,1770570791388,Sentence shown,HF_51_A,,,,N/A,N/A,N/A,N/A,N/A,N/A,N/A
368,1770570795397,gap_time,N/A,,,,GapTime_779,N/A,N/A,N/A,N/A,N/A,N/A
368,1770570796179,Sentence shown,HF_62_A,,,,N/A,N/A,N/A,N/A,N/A,N/A,N/A
368,1770570800193,gap_time,N/A,,,,GapTime_1000,N/A,N/A,N/A,N/A,N/A,N/A
368,1770570801199,Sentence shown,HF_52_A,,true,true,N/A,N/A,N/A,N/A,N/A,N/A,N/A
368,1770570802189,Validation IR pressed,HF_52_A,,true,true,Spacebar,1,N/A,990,N/A,N/A,N/A
368,1770570802189,IR pressed,HF_52_A,,true,true,Spacebar,1,N/A,990,N/A,N/A,N/A
368,1770570802341,WR pressed,HF_52_A,,true,true,Yes,N/A,N/A,N/A,152,N/A,N/A
368,1770570802341,gap_time,N/A,,true,true,GapTime_1096,N/A,N/A,N/A,N/A,N/A,N/A
368,1770570803443,Sentence shown,LVH_104_A,true,,true,N/A,N/A,N/A,N/A,N/A,N/A,N/A
368,1770570805461,IR pressed,LVH_104_A,true,,true,Spacebar,1,N/A,2018,N/A,N/A,N/A
368,1770570805607,WR pressed,LVH_104_A,true,,true,No,N/A,1,N/A,145,N/A,N/A
368,1770570805607,gap_time,N/A,true,,true,GapTime_924,N/A,N/A,N/A,N/A,N/A,N/A
368,1770570806532,Sentence shown,HH_169_A,true,,true,N/A,N/A,N/A,N/A,N/A,N/A,N/A
368,1770570807755,IR pressed,HH_169_A,true,,true,Spacebar,1,N/A,1223,N/A,N/A,N/A
368,1770570807940,WR pressed,HH_169_A,true,,true,No,N/A,1,N/A,185,N/A,N/A
368,1770570807940,gap_time,N/A,true,,true,GapTime_797,N/A,N/A,N/A,N/A,N/A,N/A
368,1770570808750,Sentence shown,LVL_110_A,true,,,N/A,N/A,N/A,N/A,N/A,N/A,N/A
368,1770570812765,gap_time,N/A,true,,,GapTime_1193,N/A,N/A,N/A,N/A,N/A,N/A
368,1770570813975,Sentence shown,HH_145_P,true,,true,N/A,N/A,N/A,N/A,N/A,N/A,N/A
368,1770570817993,gap_time,N/A,true,,true,GapTime_895,N/A,N/A,N/A,N/A,N/A,N/A
368,1770570818899,Sentence shown,HF_39_A,,,,N/A,N/A,N/A,N/A,N/A,N/A,N/A
368,1770570822911,gap_time,N/A,,,,GapTime_1064,N/A,N/A,N/A,N/A,N/A,N/A
368,1770570823983,Sentence shown,HF_43_A,,,,N/A,N/A,N/A,N/A,N/A,N/A,N/A
368,1770570827988,gap_time,N/A,,,,GapTime_773,N/A,N/A,N/A,N/A,N/A,N/A
368,1770570828764,Sentence shown,HF_65_A,,,,N/A,N/A,N/A,N/A,N/A,N/A,N/A
368,1770570832780,gap_time,N/A,,,,GapTime_1237,N/A,N/A,N/A,N/A,N/A,N/A
368,1770570834032,Sentence shown,HF_64_A,,,,N/A,N/A,N/A,N/A,N/A,N/A,N/A
368,1770570838040,gap_time,N/A,,,,GapTime_1131,N/A,N/A,N/A,N/A,N/A,N/A
368,1770570839178,Sentence shown,LVL_110_P,true,,true,N/A,N/A,N/A,N/A,N/A,N/A,N/A
368,1770570843180,gap_time,N/A,true,,true,GapTime_1098,N/A,N/A,N/A,N/A,N/A,N/A
368,1770570844295,Sentence shown,HVL_105_P,true,,,N/A,N/A,N/A,N/A,N/A,N/A,N/A
368,1770570848309,gap_time,N/A,true,,,GapTime_1040,N/A,N/A,N/A,N/A,N/A,N/A
368,1770570849350,Sentence shown,HF_55_A,,,,N/A,N/A,N/A,N/A,N/A,N/A,N/A
368,1770570853355,gap_time,N/A,,,,GapTime_937,N/A,N/A,N/A,N/A,N/A,N/A
368,1770570854298,Sentence shown,HF_49_A,,,,N/A,N/A,N/A,N/A,N/A,N/A,N/A
368,1770570858301,gap_time,N/A,,,,GapTime_1157,N/A,N/A,N/A,N/A,N/A,N/A
368,1770570859465,Sentence shown,HF_45_A,,,,N/A,N/A,N/A,N/A,N/A,N/A,N/A
368,1770570863470,gap_time,N/A,,,,GapTime_1240,N/A,N/A,N/A,N/A,N/A,N/A
368,1770570864717,Sentence shown,LVH_124_A,true,,,N/A,N/A,N/A,N/A,N/A,N/A,N/A
368,1770570868732,gap_time,N/A,true,,,GapTime_856,N/A,N/A,N/A,N/A,N/A,N/A
368,1770570869592,Sentence shown,LVH_101_P,true,,,N/A,N/A,N/A,N/A,N/A,N/A,N/A
368,1770570870935,Validation Wrong IR pressed,LVH_101_P,true,,,Spacebar,0,N/A,1343,N/A,N/A,N/A
368,1770570870935,IR pressed,LVH_101_P,true,,,Spacebar,0,N/A,1343,N/A,N/A,N/A
368,1770570871357,WR pressed,LVH_101_P,true,,,No,N/A,0,N/A,422,N/A,N/A
368,1770570871357,gap_time,N/A,true,,,GapTime_1230,N/A,N/A,N/A,N/A,N/A,N/A
368,1770570872596,Sentence shown,HVL_138_A,true,,,N/A,N/A,N/A,N/A,N/A,N/A,N/A
368,1770570876597,gap_time,N/A,true,,,GapTime_1210,N/A,N/A,N/A,N/A,N/A,N/A
368,1770570877818,Sentence shown,HVL_105_P,true,,true,N/A,N/A,N/A,N/A,N/A,N/A,N/A
368,1770570879217,IR pressed,HVL_105_P,true,,true,Spacebar,1,N/A,1399,N/A,N/A,N/A
368,1770570879437,WR pressed,HVL_105_P,true,,true,Yes,N/A,1,N/A,220,N/A,N/A
368,1770570879437,gap_time,N/A,true,,true,GapTime_1165,N/A,N/A,N/A,N/A,N/A,N/A
368,1770570880614,Sentence shown,HF_42_A,,,,N/A,N/A,N/A,N/A,N/A,N/A,N/A
368,1770570881512,Validation Wrong IR pressed,HF_42_A,,,,Spacebar,0,N/A,897,N/A,N/A,N/A
368,1770570881512,IR pressed,HF_42_A,,,,Spacebar,0,N/A,897,N/A,N/A,N/A
368,1770570881714,WR pressed,HF_42_A,,,,Yes,N/A,N/A,N/A,202,N/A,N/A
368,1770570881714,gap_time,N/A,,,,GapTime_1122,N/A,N/A,N/A,N/A,N/A,N/A
368,1770570882847,Sentence shown,HVL_120_A,true,,,N/A,N/A,N/A,N/A,N/A,N/A,N/A
368,1770570886860,gap_time,N/A,true,,,GapTime_722,N/A,N/A,N/A,N/A,N/A,N/A
368,1770570887583,Sentence shown,HF_42_A,,true,true,N/A,N/A,N/A,N/A,N/A,N/A,N/A
368,1770570888461,Validation IR pressed,HF_42_A,,true,true,Spacebar,1,N/A,878,N/A,N/A,N/A
368,1770570888461,IR pressed,HF_42_A,,true,true,Spacebar,1,N/A,878,N/A,N/A,N/A
368,1770570888601,WR pressed,HF_42_A,,true,true,Yes,N/A,N/A,N/A,140,N/A,N/A
368,1770570888602,gap_time,N/A,,true,true,GapTime_1147,N/A,N/A,N/A,N/A,N/A,N/A
368,1770570889766,Sentence shown,HF_40_A,,,,N/A,N/A,N/A,N/A,N/A,N/A,N/A
368,1770570891596,Validation Wrong IR pressed,HF_40_A,,,,Spacebar,0,N/A,1830,N/A,N/A,N/A
368,1770570891596,IR pressed,HF_40_A,,,,Spacebar,0,N/A,1830,N/A,N/A,N/A
368,1770570891787,WR pressed,HF_40_A,,,,Yes,N/A,N/A,N/A,191,N/A,N/A
368,1770570891787,gap_time,N/A,,,,GapTime_910,N/A,N/A,N/A,N/A,N/A,N/A
368,1770570892703,Sentence shown,HF_40_A,,true,true,N/A,N/A,N/A,N/A,N/A,N/A,N/A
368,1770570893480,Validation IR pressed,HF_40_A,,true,true,Spacebar,1,N/A,777,N/A,N/A,N/A
368,1770570893480,IR pressed,HF_40_A,,true,true,Spacebar,1,N/A,777,N/A,N/A,N/A
368,1770570893640,WR pressed,HF_40_A,,true,true,Yes,N/A,N/A,N/A,160,N/A,N/A
368,1770570893640,gap_time,N/A,,true,true,GapTime_967,N/A,N/A,N/A,N/A,N/A,N/A
368,1770570894615,Sentence shown,LVH_124_P,true,,true,N/A,N/A,N/A,N/A,N/A,N/A,N/A
368,1770570895501,IR pressed,LVH_124_P,true,,true,Spacebar,1,N/A,886,N/A,N/A,N/A
368,1770570895681,WR pressed,LVH_124_P,true,,true,No,N/A,1,N/A,180,N/A,N/A
368,1770570895681,gap_time,N/A,true,,true,GapTime_1169,N/A,N/A,N/A,N/A,N/A,N/A
368,1770570896863,Sentence shown,HF_41_A,,,,N/A,N/A,N/A,N/A,N/A,N/A,N/A
368,1770570900874,gap_time,N/A,,,,GapTime_753,N/A,N/A,N/A,N/A,N/A,N/A
368,1770570901635,Sentence shown,LVH_101_P,true,,true,N/A,N/A,N/A,N/A,N/A,N/A,N/A
368,1770570902630,IR pressed,LVH_101_P,true,,true,Spacebar,1,N/A,995,N/A,N/A,N/A
368,1770570902814,WR pressed,LVH_101_P,true,,true,Yes,N/A,1,N/A,184,N/A,N/A
368,1770570902815,gap_time,N/A,true,,true,GapTime_710,N/A,N/A,N/A,N/A,N/A,N/A
368,1770570903534,Sentence shown,HF_41_A,,true,true,N/A,N/A,N/A,N/A,N/A,N/A,N/A
368,1770570904774,Validation IR pressed,HF_41_A,,true,true,Spacebar,1,N/A,1240,N/A,N/A,N/A
368,1770570904774,IR pressed,HF_41_A,,true,true,Spacebar,1,N/A,1240,N/A,N/A,N/A
368,1770570905098,WR pressed,HF_41_A,,true,true,Yes,N/A,N/A,N/A,324,N/A,N/A
368,1770570905098,gap_time,N/A,,true,true,GapTime_1019,N/A,N/A,N/A,N/A,N/A,N/A
368,1770570906125,Sentence shown,HVL_138_A,true,,true,N/A,N/A,N/A,N/A,N/A,N/A,N/A
368,1770570910130,gap_time,N/A,true,,true,GapTime_1091,N/A,N/A,N/A,N/A,N/A,N/A
368,1770570911236,Sentence shown,HH_144_A,true,,,N/A,N/A,N/A,N/A,N/A,N/A,N/A
368,1770570915249,gap_time,N/A,true,,,GapTime_1091,N/A,N/A,N/A,N/A,N/A,N/A
368,1770570916344,Sentence shown,HF_34_A,,,,N/A,N/A,N/A,N/A,N/A,N/A,N/A
368,1770570920360,gap_time,N/A,,,,GapTime_940,N/A,N/A,N/A,N/A,N/A,N/A
368,1770570921313,Sentence shown,HF_60_A,,,,N/A,N/A,N/A,N/A,N/A,N/A,N/A
368,1770570925330,gap_time,N/A,,,,GapTime_871,N/A,N/A,N/A,N/A,N/A,N/A
368,1770570926206,Sentence shown,HVL_102_P,true,,,N/A,N/A,N/A,N/A,N/A,N/A,N/A
368,1770570930217,gap_time,N/A,true,,,GapTime_892,N/A,N/A,N/A,N/A,N/A,N/A
368,1770570931124,Sentence shown,HF_59_A,,,,N/A,N/A,N/A,N/A,N/A,N/A,N/A
368,1770570935135,gap_time,N/A,,,,GapTime_876,N/A,N/A,N/A,N/A,N/A,N/A
368,1770570936014,Sentence shown,HF_60_A,,true,true,N/A,N/A,N/A,N/A,N/A,N/A,N/A
368,1770570936889,Validation IR pressed,HF_60_A,,true,true,Spacebar,1,N/A,875,N/A,N/A,N/A
368,1770570936889,IR pressed,HF_60_A,,true,true,Spacebar,1,N/A,875,N/A,N/A,N/A
368,1770570937021,WR pressed,HF_60_A,,true,true,Yes,N/A,N/A,N/A,132,N/A,N/A
368,1770570937022,gap_time,N/A,,true,true,GapTime_726,N/A,N/A,N/A,N/A,N/A,N/A
368,1770570937764,Sentence shown,HVL_120_P,true,,true,N/A,N/A,N/A,N/A,N/A,N/A,N/A
368,1770570939038,IR pressed,HVL_120_P,true,,true,Spacebar,1,N/A,1274,N/A,N/A,N/A
368,1770570939233,WR pressed,HVL_120_P,true,,true,No,N/A,1,N/A,195,N/A,N/A
368,1770570939233,gap_time,N/A,true,,true,GapTime_1007,N/A,N/A,N/A,N/A,N/A,N/A
368,1770570940251,Sentence shown,LVL_112_P,true,,,N/A,N/A,N/A,N/A,N/A,N/A,N/A
368,1770570944264,gap_time,N/A,true,,,GapTime_937,N/A,N/A,N/A,N/A,N/A,N/A
368,1770570945203,Sentence shown,HF_50_A,,,,N/A,N/A,N/A,N/A,N/A,N/A,N/A
368,1770570949217,gap_time,N/A,,,,GapTime_1123,N/A,N/A,N/A,N/A,N/A,N/A
368,1770570950344,Sentence shown,HF_44_A,,,,N/A,N/A,N/A,N/A,N/A,N/A,N/A
368,1770570954360,gap_time,N/A,,,,GapTime_817,N/A,N/A,N/A,N/A,N/A,N/A
368,1770570955188,Sentence shown,HH_144_A,true,,true,N/A,N/A,N/A,N/A,N/A,N/A,N/A
368,1770570956194,IR pressed,HH_144_A,true,,true,Spacebar,1,N/A,1006,N/A,N/A,N/A
368,1770570956351,WR pressed,HH_144_A,true,,true,Yes,N/A,1,N/A,157,N/A,N/A
368,1770570956352,gap_time,N/A,true,,true,GapTime_949,N/A,N/A,N/A,N/A,N/A,N/A
368,1770570957308,Sentence shown,HF_50_A,,true,true,N/A,N/A,N/A,N/A,N/A,N/A,N/A
368,1770570958192,Validation IR pressed,HF_50_A,,true,true,Spacebar,1,N/A,884,N/A,N/A,N/A
368,1770570958192,IR pressed,HF_50_A,,true,true,Spacebar,1,N/A,884,N/A,N/A,N/A
368,1770570958356,WR pressed,HF_50_A,,true,true,Yes,N/A,N/A,N/A,164,N/A,N/A
368,1770570958356,gap_time,N/A,,true,true,GapTime_1170,N/A,N/A,N/A,N/A,N/A,N/A
368,1770570959546,Sentence shown,HVL_102_A,true,,true,N/A,N/A,N/A,N/A,N/A,N/A,N/A
368,1770570960750,IR pressed,HVL_102_A,true,,true,Spacebar,1,N/A,1204,N/A,N/A,N/A
368,1770570961481,WR pressed,HVL_102_A,true,,true,No,N/A,1,N/A,731,N/A,N/A
368,1770570961482,gap_time,N/A,true,,true,GapTime_1177,N/A,N/A,N/A,N/A,N/A,N/A
368,1770570962685,Sentence shown,HH_189_P,true,,,N/A,N/A,N/A,N/A,N/A,N/A,N/A
368,1770570966687,gap_time,N/A,true,,,GapTime_1040,N/A,N/A,N/A,N/A,N/A,N/A
368,1770570967740,Sentence shown,LVH_117_A,true,,,N/A,N/A,N/A,N/A,N/A,N/A,N/A
368,1770570971744,gap_time,N/A,true,,,GapTime_898,N/A,N/A,N/A,N/A,N/A,N/A
368,1770570972659,Sentence shown,HF_54_A,,,,N/A,N/A,N/A,N/A,N/A,N/A,N/A
368,1770570976670,gap_time,N/A,,,,GapTime_1089,N/A,N/A,N/A,N/A,N/A,N/A
368,1770570977773,Sentence shown,HF_48_A,,,,N/A,N/A,N/A,N/A,N/A,N/A,N/A
368,1770570981780,gap_time,N/A,,,,GapTime_1067,N/A,N/A,N/A,N/A,N/A,N/A
368,1770570982853,Sentence shown,HF_56_A,,,,N/A,N/A,N/A,N/A,N/A,N/A,N/A
368,1770570986865,gap_time,N/A,,,,GapTime_1249,N/A,N/A,N/A,N/A,N/A,N/A
368,1770570988129,Sentence shown,LVL_112_A,true,,true,N/A,N/A,N/A,N/A,N/A,N/A,N/A
368,1770570992142,gap_time,N/A,true,,true,GapTime_1158,N/A,N/A,N/A,N/A,N/A,N/A
368,1770570993304,Sentence shown,HF_63_A,,,,N/A,N/A,N/A,N/A,N/A,N/A,N/A
368,1770570997313,gap_time,N/A,,,,GapTime_1124,N/A,N/A,N/A,N/A,N/A,N/A
368,1770570998441,Sentence shown,LVH_117_A,true,,true,N/A,N/A,N/A,N/A,N/A,N/A,N/A
368,1770570999840,IR pressed,LVH_117_A,true,,true,Spacebar,1,N/A,1399,N/A,N/A,N/A
368,1770571000003,WR pressed,LVH_117_A,true,,true,Yes,N/A,1,N/A,162,N/A,N/A
368,1770571000003,gap_time,N/A,true,,true,GapTime_1202,N/A,N/A,N/A,N/A,N/A,N/A
368,1770571001219,Sentence shown,HF_53_A,,,,N/A,N/A,N/A,N/A,N/A,N/A,N/A
368,1770571005225,gap_time,N/A,,,,GapTime_844,N/A,N/A,N/A,N/A,N/A,N/A
368,1770571006085,Sentence shown,HH_189_P,true,,true,N/A,N/A,N/A,N/A,N/A,N/A,N/A
368,1770571007450,IR pressed,HH_189_P,true,,true,Spacebar,1,N/A,1365,N/A,N/A,N/A
368,1770571007606,WR pressed,HH_189_P,true,,true,Yes,N/A,1,N/A,155,N/A,N/A
368,1770571007606,gap_time,N/A,true,,true,GapTime_749,N/A,N/A,N/A,N/A,N/A,N/A
368,1770571008365,Sentence shown,LVL_134_P,true,,,N/A,N/A,N/A,N/A,N/A,N/A,N/A
368,1770571012380,gap_time,N/A,true,,,GapTime_800,N/A,N/A,N/A,N/A,N/A,N/A
368,1770571013184,Sentence shown,HF_37_A,,,,N/A,N/A,N/A,N/A,N/A,N/A,N/A
368,1770571017189,gap_time,N/A,,,,GapTime_847,N/A,N/A,N/A,N/A,N/A,N/A
368,1770571018042,Sentence shown,HF_57_A,,,,N/A,N/A,N/A,N/A,N/A,N/A,N/A
368,1770571022045,gap_time,N/A,,,,GapTime_866,N/A,N/A,N/A,N/A,N/A,N/A
368,1770571022925,Sentence shown,LVL_134_P,true,,true,N/A,N/A,N/A,N/A,N/A,N/A,N/A
368,1770571023873,IR pressed,LVL_134_P,true,,true,Spacebar,1,N/A,947,N/A,N/A,N/A
368,1770571024704,WR pressed,LVL_134_P,true,,true,Yes,N/A,1,N/A,831,N/A,N/A
368,1770571024704,gap_time,N/A,true,,true,GapTime_1213,N/A,N/A,N/A,N/A,N/A,N/A
368,1770571025921,Rest Phase started,N/A,true,,true,Rest,N/A,N/A,N/A,N/A,N/A,N/A
368,1770571027191,Sentence shown,HH_143_A,true,,,N/A,N/A,N/A,N/A,N/A,N/A,N/A
368,1770571031194,gap_time,N/A,true,,,GapTime_1082,N/A,N/A,N/A,N/A,N/A,N/A
368,1770571032284,Sentence shown,HF_85_A,,,,N/A,N/A,N/A,N/A,N/A,N/A,N/A
368,1770571036295,gap_time,N/A,,,,GapTime_1229,N/A,N/A,N/A,N/A,N/A,N/A
368,1770571037537,Sentence shown,HVL_122_A,true,,,N/A,N/A,N/A,N/A,N/A,N/A,N/A
368,1770571041543,gap_time,N/A,true,,,GapTime_1229,N/A,N/A,N/A,N/A,N/A,N/A
368,1770571042780,Sentence shown,HF_85_A,,true,true,N/A,N/A,N/A,N/A,N/A,N/A,N/A
368,1770571043635,Validation IR pressed,HF_85_A,,true,true,Spacebar,1,N/A,855,N/A,N/A,N/A
368,1770571043635,IR pressed,HF_85_A,,true,true,Spacebar,1,N/A,855,N/A,N/A,N/A
368,1770571043779,WR pressed,HF_85_A,,true,true,Yes,N/A,N/A,N/A,144,N/A,N/A
368,1770571043779,gap_time,N/A,,true,true,GapTime_704,N/A,N/A,N/A,N/A,N/A,N/A
368,1770571044494,Sentence shown,HF_70_A,,,,N/A,N/A,N/A,N/A,N/A,N/A,N/A
368,1770571048496,gap_time,N/A,,,,GapTime_917,N/A,N/A,N/A,N/A,N/A,N/A
368,1770571049424,Sentence shown,HH_143_A,true,,true,N/A,N/A,N/A,N/A,N/A,N/A,N/A
368,1770571050133,IR pressed,HH_143_A,true,,true,Spacebar,1,N/A,709,N/A,N/A,N/A
368,1770571050291,WR pressed,HH_143_A,true,,true,Yes,N/A,1,N/A,158,N/A,N/A
368,1770571050292,gap_time,N/A,true,,true,GapTime_943,N/A,N/A,N/A,N/A,N/A,N/A
368,1770571051240,Sentence shown,HF_69_A,,,,N/A,N/A,N/A,N/A,N/A,N/A,N/A
368,1770571055247,gap_time,N/A,,,,GapTime_1258,N/A,N/A,N/A,N/A,N/A,N/A
368,1770571056519,Sentence shown,HF_79_A,,,,N/A,N/A,N/A,N/A,N/A,N/A,N/A
368,1770571060521,gap_time,N/A,,,,GapTime_756,N/A,N/A,N/A,N/A,N/A,N/A
368,1770571061289,Sentence shown,HF_94_A,,,,N/A,N/A,N/A,N/A,N/A,N/A,N/A
368,1770571065290,gap_time,N/A,,,,GapTime_1248,N/A,N/A,N/A,N/A,N/A,N/A
368,1770571066546,Sentence shown,HF_68_A,,,,N/A,N/A,N/A,N/A,N/A,N/A,N/A
368,1770571070552,gap_time,N/A,,,,GapTime_757,N/A,N/A,N/A,N/A,N/A,N/A
368,1770571071321,Sentence shown,HVL_122_A,true,,true,N/A,N/A,N/A,N/A,N/A,N/A,N/A
368,1770571072641,IR pressed,HVL_122_A,true,,true,Spacebar,1,N/A,1320,N/A,N/A,N/A
368,1770571073760,WR pressed,HVL_122_A,true,,true,Yes,N/A,1,N/A,1119,N/A,N/A
368,1770571073760,gap_time,N/A,true,,true,GapTime_1072,N/A,N/A,N/A,N/A,N/A,N/A
368,1770571074842,Sentence shown,HF_83_A,,,,N/A,N/A,N/A,N/A,N/A,N/A,N/A
368,1770571078858,gap_time,N/A,,,,GapTime_994,N/A,N/A,N/A,N/A,N/A,N/A
368,1770571079862,Sentence shown,HF_90_A,,,,N/A,N/A,N/A,N/A,N/A,N/A,N/A
368,1770571083874,gap_time,N/A,,,,GapTime_738,N/A,N/A,N/A,N/A,N/A,N/A
368,1770571084616,Sentence shown,LVH_151_P,true,,,N/A,N/A,N/A,N/A,N/A,N/A,N/A
368,1770571088622,gap_time,N/A,true,,,GapTime_809,N/A,N/A,N/A,N/A,N/A,N/A
368,1770571089441,Sentence shown,HF_83_A,,true,true,N/A,N/A,N/A,N/A,N/A,N/A,N/A
368,1770571090513,Validation IR pressed,HF_83_A,,true,true,Spacebar,1,N/A,1072,N/A,N/A,N/A
368,1770571090513,IR pressed,HF_83_A,,true,true,Spacebar,1,N/A,1072,N/A,N/A,N/A
368,1770571090950,WR pressed,HF_83_A,,true,true,Yes,N/A,N/A,N/A,437,N/A,N/A
368,1770571090950,gap_time,N/A,,true,true,GapTime_1153,N/A,N/A,N/A,N/A,N/A,N/A
368,1770571092106,Sentence shown,HF_93_A,,,,N/A,N/A,N/A,N/A,N/A,N/A,N/A
368,1770571096107,gap_time,N/A,,,,GapTime_897,N/A,N/A,N/A,N/A,N/A,N/A
368,1770571097019,Sentence shown,HF_89_A,,,,N/A,N/A,N/A,N/A,N/A,N/A,N/A
368,1770571101029,gap_time,N/A,,,,GapTime_1144,N/A,N/A,N/A,N/A,N/A,N/A
368,1770571102186,Sentence shown,HF_91_A,,,,N/A,N/A,N/A,N/A,N/A,N/A,N/A
368,1770571106201,gap_time,N/A,,,,GapTime_887,N/A,N/A,N/A,N/A,N/A,N/A
368,1770571107093,Sentence shown,HF_89_A,,true,true,N/A,N/A,N/A,N/A,N/A,N/A,N/A
368,1770571107947,Validation IR pressed,HF_89_A,,true,true,Spacebar,1,N/A,854,N/A,N/A,N/A
368,1770571107947,IR pressed,HF_89_A,,true,true,Spacebar,1,N/A,854,N/A,N/A,N/A
368,1770571108099,WR pressed,HF_89_A,,true,true,Yes,N/A,N/A,N/A,152,N/A,N/A
368,1770571108099,gap_time,N/A,,true,true,GapTime_842,N/A,N/A,N/A,N/A,N/A,N/A
368,1770571108946,Sentence shown,LVH_151_A,true,,true,N/A,N/A,N/A,N/A,N/A,N/A,N/A
368,1770571110087,IR pressed,LVH_151_A,true,,true,Spacebar,1,N/A,1141,N/A,N/A,N/A
368,1770571110373,WR pressed,LVH_151_A,true,,true,No,N/A,1,N/A,286,N/A,N/A
368,1770571110374,gap_time,N/A,true,,true,GapTime_739,N/A,N/A,N/A,N/A,N/A,N/A
368,1770571111125,Sentence shown,HVL_128_P,true,,,N/A,N/A,N/A,N/A,N/A,N/A,N/A
368,1770571115139,gap_time,N/A,true,,,GapTime_1054,N/A,N/A,N/A,N/A,N/A,N/A
368,1770571116208,Sentence shown,HF_97_A,,,,N/A,N/A,N/A,N/A,N/A,N/A,N/A
368,1770571120218,gap_time,N/A,,,,GapTime_1292,N/A,N/A,N/A,N/A,N/A,N/A
368,1770571121522,Sentence shown,LVH_157_P,true,,,N/A,N/A,N/A,N/A,N/A,N/A,N/A
368,1770571125536,gap_time,N/A,true,,,GapTime_843,N/A,N/A,N/A,N/A,N/A,N/A
368,1770571126389,Sentence shown,HF_74_A,,,,N/A,N/A,N/A,N/A,N/A,N/A,N/A
368,1770571130405,gap_time,N/A,,,,GapTime_931,N/A,N/A,N/A,N/A,N/A,N/A
368,1770571131343,Sentence shown,HVL_100_P,true,,,N/A,N/A,N/A,N/A,N/A,N/A,N/A
368,1770571135345,gap_time,N/A,true,,,GapTime_1208,N/A,N/A,N/A,N/A,N/A,N/A
368,1770571136561,Sentence shown,LVL_144_P,true,,,N/A,N/A,N/A,N/A,N/A,N/A,N/A
368,1770571140581,gap_time,N/A,true,,,GapTime_1086,N/A,N/A,N/A,N/A,N/A,N/A
368,1770571141678,Sentence shown,LVL_100_A,true,,,N/A,N/A,N/A,N/A,N/A,N/A,N/A
368,1770571145685,gap_time,N/A,true,,,GapTime_1003,N/A,N/A,N/A,N/A,N/A,N/A
368,1770571146701,Sentence shown,LVH_102_A,true,,,N/A,N/A,N/A,N/A,N/A,N/A,N/A
368,1770571150717,gap_time,N/A,true,,,GapTime_874,N/A,N/A,N/A,N/A,N/A,N/A
368,1770571151605,Sentence shown,HVL_128_A,true,,true,N/A,N/A,N/A,N/A,N/A,N/A,N/A
368,1770571152761,IR pressed,HVL_128_A,true,,true,Spacebar,1,N/A,1156,N/A,N/A,N/A
368,1770571153355,WR pressed,HVL_128_A,true,,true,Yes,N/A,0,N/A,594,N/A,N/A
368,1770571153355,gap_time,N/A,true,,true,GapTime_1068,N/A,N/A,N/A,N/A,N/A,N/A
368,1770571154437,Sentence shown,HF_72_A,,,,N/A,N/A,N/A,N/A,N/A,N/A,N/A
368,1770571158449,gap_time,N/A,,,,GapTime_1196,N/A,N/A,N/A,N/A,N/A,N/A
368,1770571159667,Sentence shown,HF_86_A,,,,N/A,N/A,N/A,N/A,N/A,N/A,N/A
368,1770571163685,gap_time,N/A,,,,GapTime_714,N/A,N/A,N/A,N/A,N/A,N/A
368,1770571164409,Sentence shown,HF_86_A,,true,true,N/A,N/A,N/A,N/A,N/A,N/A,N/A
368,1770571165207,Validation IR pressed,HF_86_A,,true,true,Spacebar,1,N/A,798,N/A,N/A,N/A
368,1770571165207,IR pressed,HF_86_A,,true,true,Spacebar,1,N/A,798,N/A,N/A,N/A
368,1770571165359,WR pressed,HF_86_A,,true,true,Yes,N/A,N/A,N/A,152,N/A,N/A
368,1770571165359,gap_time,N/A,,true,true,GapTime_904,N/A,N/A,N/A,N/A,N/A,N/A
368,1770571166268,Sentence shown,LVH_157_P,true,,true,N/A,N/A,N/A,N/A,N/A,N/A,N/A
368,1770571167734,IR pressed,LVH_157_P,true,,true,Spacebar,1,N/A,1465,N/A,N/A,N/A
368,1770571167895,WR pressed,LVH_157_P,true,,true,Yes,N/A,1,N/A,161,N/A,N/A
368,1770571167896,gap_time,N/A,true,,true,GapTime_942,N/A,N/A,N/A,N/A,N/A,N/A
368,1770571168853,Sentence shown,LVH_136_A,true,,,N/A,N/A,N/A,N/A,N/A,N/A,N/A
368,1770571172865,gap_time,N/A,true,,,GapTime_816,N/A,N/A,N/A,N/A,N/A,N/A
368,1770571173706,Sentence shown,LVL_144_A,true,,true,N/A,N/A,N/A,N/A,N/A,N/A,N/A
368,1770571175188,IR pressed,LVL_144_A,true,,true,Spacebar,1,N/A,1482,N/A,N/A,N/A
368,1770571175360,WR pressed,LVL_144_A,true,,true,Yes,N/A,0,N/A,171,N/A,N/A
368,1770571175360,gap_time,N/A,true,,true,GapTime_737,N/A,N/A,N/A,N/A,N/A,N/A
368,1770571176106,Sentence shown,HVL_100_P,true,,true,N/A,N/A,N/A,N/A,N/A,N/A,N/A
368,1770571180112,gap_time,N/A,true,,true,GapTime_898,N/A,N/A,N/A,N/A,N/A,N/A
368,1770571181025,Sentence shown,HVL_116_A,true,,,N/A,N/A,N/A,N/A,N/A,N/A,N/A
368,1770571185040,gap_time,N/A,true,,,GapTime_1271,N/A,N/A,N/A,N/A,N/A,N/A
368,1770571186324,Sentence shown,HF_96_A,,,,N/A,N/A,N/A,N/A,N/A,N/A,N/A
368,1770571190330,gap_time,N/A,,,,GapTime_1133,N/A,N/A,N/A,N/A,N/A,N/A
368,1770571191466,Sentence shown,HF_87_A,,,,N/A,N/A,N/A,N/A,N/A,N/A,N/A
368,1770571195479,gap_time,N/A,,,,GapTime_772,N/A,N/A,N/A,N/A,N/A,N/A
368,1770571196264,Sentence shown,LVH_102_P,true,,true,N/A,N/A,N/A,N/A,N/A,N/A,N/A
368,1770571197968,IR pressed,LVH_102_P,true,,true,Spacebar,1,N/A,1704,N/A,N/A,N/A
368,1770571198254,WR pressed,LVH_102_P,true,,true,No,N/A,1,N/A,286,N/A,N/A
368,1770571198255,gap_time,N/A,true,,true,GapTime_1273,N/A,N/A,N/A,N/A,N/A,N/A
368,1770571199541,Sentence shown,LVL_100_A,true,,true,N/A,N/A,N/A,N/A,N/A,N/A,N/A
368,1770571201787,IR pressed,LVL_100_A,true,,true,Spacebar,1,N/A,2246,N/A,N/A,N/A
368,1770571201994,WR pressed,LVL_100_A,true,,true,No,N/A,0,N/A,207,N/A,N/A
368,1770571201994,gap_time,N/A,true,,true,GapTime_1140,N/A,N/A,N/A,N/A,N/A,N/A
368,1770571203146,Sentence shown,HF_67_A,,,,N/A,N/A,N/A,N/A,N/A,N/A,N/A
368,1770571207154,gap_time,N/A,,,,GapTime_1111,N/A,N/A,N/A,N/A,N/A,N/A
368,1770571208269,Sentence shown,HF_67_A,,true,true,N/A,N/A,N/A,N/A,N/A,N/A,N/A
368,1770571209087,Validation IR pressed,HF_67_A,,true,true,Spacebar,1,N/A,818,N/A,N/A,N/A
368,1770571209087,IR pressed,HF_67_A,,true,true,Spacebar,1,N/A,818,N/A,N/A,N/A
368,1770571209223,WR pressed,HF_67_A,,true,true,Yes,N/A,N/A,N/A,136,N/A,N/A
368,1770571209223,gap_time,N/A,,true,true,GapTime_1052,N/A,N/A,N/A,N/A,N/A,N/A
368,1770571210290,Sentence shown,HF_84_A,,,,N/A,N/A,N/A,N/A,N/A,N/A,N/A
368,1770571214294,gap_time,N/A,,,,GapTime_915,N/A,N/A,N/A,N/A,N/A,N/A
368,1770571215219,Sentence shown,HF_78_A,,,,N/A,N/A,N/A,N/A,N/A,N/A,N/A
368,1770571219222,gap_time,N/A,,,,GapTime_1049,N/A,N/A,N/A,N/A,N/A,N/A
368,1770571220274,Sentence shown,LVH_136_A,true,,true,N/A,N/A,N/A,N/A,N/A,N/A,N/A
368,1770571221457,IR pressed,LVH_136_A,true,,true,Spacebar,1,N/A,1183,N/A,N/A,N/A
368,1770571221707,WR pressed,LVH_136_A,true,,true,Yes,N/A,1,N/A,250,N/A,N/A
368,1770571221708,gap_time,N/A,true,,true,GapTime_1228,N/A,N/A,N/A,N/A,N/A,N/A
368,1770571222941,Sentence shown,HF_84_A,,true,true,N/A,N/A,N/A,N/A,N/A,N/A,N/A
368,1770571223705,Validation IR pressed,HF_84_A,,true,true,Spacebar,1,N/A,764,N/A,N/A,N/A
368,1770571223705,IR pressed,HF_84_A,,true,true,Spacebar,1,N/A,764,N/A,N/A,N/A
368,1770571223841,WR pressed,HF_84_A,,true,true,Yes,N/A,N/A,N/A,136,N/A,N/A
368,1770571223842,gap_time,N/A,,true,true,GapTime_1005,N/A,N/A,N/A,N/A,N/A,N/A
368,1770571224858,Sentence shown,LVL_101_A,true,,,N/A,N/A,N/A,N/A,N/A,N/A,N/A
368,1770571228873,gap_time,N/A,true,,,GapTime_1008,N/A,N/A,N/A,N/A,N/A,N/A
368,1770571229889,Sentence shown,HVL_116_P,true,,true,N/A,N/A,N/A,N/A,N/A,N/A,N/A
368,1770571230881,IR pressed,HVL_116_P,true,,true,Spacebar,1,N/A,992,N/A,N/A,N/A
368,1770571231215,WR pressed,HVL_116_P,true,,true,No,N/A,1,N/A,334,N/A,N/A
368,1770571231215,gap_time,N/A,true,,true,GapTime_1126,N/A,N/A,N/A,N/A,N/A,N/A
368,1770571232346,Sentence shown,HF_95_A,,,,N/A,N/A,N/A,N/A,N/A,N/A,N/A
368,1770571236349,gap_time,N/A,,,,GapTime_776,N/A,N/A,N/A,N/A,N/A,N/A
368,1770571237142,Sentence shown,HF_77_A,,,,N/A,N/A,N/A,N/A,N/A,N/A,N/A
368,1770571241155,gap_time,N/A,,,,GapTime_759,N/A,N/A,N/A,N/A,N/A,N/A
368,1770571241920,Sentence shown,HF_66_A,,,,N/A,N/A,N/A,N/A,N/A,N/A,N/A
368,1770571243084,Validation Wrong IR pressed,HF_66_A,,,,Spacebar,0,N/A,1164,N/A,N/A,N/A
368,1770571243084,IR pressed,HF_66_A,,,,Spacebar,0,N/A,1164,N/A,N/A,N/A
368,1770571243225,WR pressed,HF_66_A,,,,Yes,N/A,N/A,N/A,141,N/A,N/A
368,1770571243226,gap_time,N/A,,,,GapTime_1276,N/A,N/A,N/A,N/A,N/A,N/A
368,1770571244509,Sentence shown,HF_77_A,,true,true,N/A,N/A,N/A,N/A,N/A,N/A,N/A
368,1770571245266,Validation IR pressed,HF_77_A,,true,true,Spacebar,1,N/A,757,N/A,N/A,N/A
368,1770571245266,IR pressed,HF_77_A,,true,true,Spacebar,1,N/A,757,N/A,N/A,N/A
368,1770571245376,WR pressed,HF_77_A,,true,true,Yes,N/A,N/A,N/A,110,N/A,N/A
368,1770571245376,gap_time,N/A,,true,true,GapTime_757,N/A,N/A,N/A,N/A,N/A,N/A
368,1770571246146,Sentence shown,HH_142_P,true,,,N/A,N/A,N/A,N/A,N/A,N/A,N/A
368,1770571250148,gap_time,N/A,true,,,GapTime_1269,N/A,N/A,N/A,N/A,N/A,N/A
368,1770571251420,Sentence shown,HF_82_A,,,,N/A,N/A,N/A,N/A,N/A,N/A,N/A
368,1770571255429,gap_time,N/A,,,,GapTime_825,N/A,N/A,N/A,N/A,N/A,N/A
368,1770571256263,Sentence shown,HH_183_A,true,,,N/A,N/A,N/A,N/A,N/A,N/A,N/A
368,1770571260276,gap_time,N/A,true,,,GapTime_802,N/A,N/A,N/A,N/A,N/A,N/A
368,1770571261094,Sentence shown,HF_80_A,,,,N/A,N/A,N/A,N/A,N/A,N/A,N/A
368,1770571265108,gap_time,N/A,,,,GapTime_858,N/A,N/A,N/A,N/A,N/A,N/A
368,1770571265983,Sentence shown,LVL_101_P,true,,true,N/A,N/A,N/A,N/A,N/A,N/A,N/A
368,1770571269997,gap_time,N/A,true,,true,GapTime_833,N/A,N/A,N/A,N/A,N/A,N/A
368,1770571270842,Sentence shown,HF_73_A,,,,N/A,N/A,N/A,N/A,N/A,N/A,N/A
368,1770571274853,gap_time,N/A,,,,GapTime_757,N/A,N/A,N/A,N/A,N/A,N/A
368,1770571275619,Sentence shown,HF_71_A,,,,N/A,N/A,N/A,N/A,N/A,N/A,N/A
368,1770571279636,gap_time,N/A,,,,GapTime_1137,N/A,N/A,N/A,N/A,N/A,N/A
368,1770571280779,Sentence shown,HF_88_A,,,,N/A,N/A,N/A,N/A,N/A,N/A,N/A
368,1770571284796,gap_time,N/A,,,,GapTime_854,N/A,N/A,N/A,N/A,N/A,N/A
368,1770571285658,Sentence shown,HF_71_A,,true,true,N/A,N/A,N/A,N/A,N/A,N/A,N/A
368,1770571286380,Validation IR pressed,HF_71_A,,true,true,Spacebar,1,N/A,722,N/A,N/A,N/A
368,1770571286380,IR pressed,HF_71_A,,true,true,Spacebar,1,N/A,722,N/A,N/A,N/A
368,1770571286505,WR pressed,HF_71_A,,true,true,Yes,N/A,N/A,N/A,125,N/A,N/A
368,1770571286506,gap_time,N/A,,true,true,GapTime_1190,N/A,N/A,N/A,N/A,N/A,N/A
368,1770571287701,Sentence shown,HH_142_A,true,,true,N/A,N/A,N/A,N/A,N/A,N/A,N/A
368,1770571288900,IR pressed,HH_142_A,true,,true,Spacebar,1,N/A,1198,N/A,N/A,N/A
368,1770571289046,WR pressed,HH_142_A,true,,true,No,N/A,1,N/A,146,N/A,N/A
368,1770571289046,gap_time,N/A,true,,true,GapTime_878,N/A,N/A,N/A,N/A,N/A,N/A
368,1770571289939,Sentence shown,HH_182_P,true,,,N/A,N/A,N/A,N/A,N/A,N/A,N/A
368,1770571293951,gap_time,N/A,true,,,GapTime_952,N/A,N/A,N/A,N/A,N/A,N/A
368,1770571294905,Sentence shown,HF_92_A,,,,N/A,N/A,N/A,N/A,N/A,N/A,N/A
368,1770571298906,gap_time,N/A,,,,GapTime_1032,N/A,N/A,N/A,N/A,N/A,N/A
368,1770571299952,Sentence shown,HF_75_A,,,,N/A,N/A,N/A,N/A,N/A,N/A,N/A
368,1770571303958,gap_time,N/A,,,,GapTime_1230,N/A,N/A,N/A,N/A,N/A,N/A
368,1770571305201,Sentence shown,HF_92_A,,true,true,N/A,N/A,N/A,N/A,N/A,N/A,N/A
368,1770571306246,Validation IR pressed,HF_92_A,,true,true,Spacebar,1,N/A,1045,N/A,N/A,N/A
368,1770571306246,IR pressed,HF_92_A,,true,true,Spacebar,1,N/A,1045,N/A,N/A,N/A
368,1770571306377,WR pressed,HF_92_A,,true,true,Yes,N/A,N/A,N/A,131,N/A,N/A
368,1770571306377,gap_time,N/A,,true,true,GapTime_1105,N/A,N/A,N/A,N/A,N/A,N/A
368,1770571307485,Sentence shown,HH_183_P,true,,true,N/A,N/A,N/A,N/A,N/A,N/A,N/A
368,1770571308578,IR pressed,HH_183_P,true,,true,Spacebar,1,N/A,1093,N/A,N/A,N/A
368,1770571309842,WR pressed,HH_183_P,true,,true,No,N/A,1,N/A,1264,N/A,N/A
368,1770571309842,gap_time,N/A,true,,true,GapTime_1052,N/A,N/A,N/A,N/A,N/A,N/A
368,1770571310905,Sentence shown,HF_81_A,,,,N/A,N/A,N/A,N/A,N/A,N/A,N/A
368,1770571314919,gap_time,N/A,,,,GapTime_975,N/A,N/A,N/A,N/A,N/A,N/A
368,1770571315901,Sentence shown,HF_75_A,,true,true,N/A,N/A,N/A,N/A,N/A,N/A,N/A
368,1770571316721,Validation IR pressed,HF_75_A,,true,true,Spacebar,1,N/A,820,N/A,N/A,N/A
368,1770571316721,IR pressed,HF_75_A,,true,true,Spacebar,1,N/A,820,N/A,N/A,N/A
368,1770571316878,WR pressed,HF_75_A,,true,true,Yes,N/A,N/A,N/A,157,N/A,N/A
368,1770571316878,gap_time,N/A,,true,true,GapTime_1011,N/A,N/A,N/A,N/A,N/A,N/A
368,1770571317895,Sentence shown,HF_76_A,,,,N/A,N/A,N/A,N/A,N/A,N/A,N/A
368,1770571321905,gap_time,N/A,,,,GapTime_1074,N/A,N/A,N/A,N/A,N/A,N/A
368,1770571322989,Sentence shown,LVL_123_P,true,,,N/A,N/A,N/A,N/A,N/A,N/A,N/A
368,1770571326998,gap_time,N/A,true,,,GapTime_1243,N/A,N/A,N/A,N/A,N/A,N/A
368,1770571328255,Sentence shown,HH_182_P,true,,true,N/A,N/A,N/A,N/A,N/A,N/A,N/A
368,1770571329777,IR pressed,HH_182_P,true,,true,Spacebar,1,N/A,1522,N/A,N/A,N/A
368,1770571330537,WR pressed,HH_182_P,true,,true,Yes,N/A,1,N/A,760,N/A,N/A
368,1770571330537,gap_time,N/A,true,,true,GapTime_984,N/A,N/A,N/A,N/A,N/A,N/A
368,1770571331528,Sentence shown,LVL_123_P,true,,true,N/A,N/A,N/A,N/A,N/A,N/A,N/A
368,1770571332505,IR pressed,LVL_123_P,true,,true,Spacebar,1,N/A,977,N/A,N/A,N/A
368,1770571332679,WR pressed,LVL_123_P,true,,true,Yes,N/A,1,N/A,174,N/A,N/A
368,1770571332679,gap_time,N/A,true,,true,GapTime_1122,N/A,N/A,N/A,N/A,N/A,N/A
