participant_ID,Timestamp,Event,Stimulus,isTarget,isValidation,isRepeat,Button,Accuracy IR,Accuracy WR,Reaction_time_IR,Reaction_time_WR,CR_IR,CR_WR
370,1770570760074,Practice Sentence shown,HH_115_A,true,,,N/A,N/A,N/A,N/A,N/A,N/A,N/A
370,1770570765577,Practice Sentence shown,HL_102_A,,,,N/A,N/A,N/A,N/A,N/A,N/A,N/A
370,1770570771079,Practice Sentence shown,HL_96_A,,,,N/A,N/A,N/A,N/A,N/A,N/A,N/A
370,1770570776582,Practice Sentence shown,HH_106_A,true,,,N/A,N/A,N/A,N/A,N/A,N/A,N/A
370,1770570782085,Practice Sentence shown,HH_115_P,true,,true,N/A,N/A,N/A,N/A,N/A,N/A,N/A
370,1770570786085,Practice Missed,HH_115_P,true,,true,None,0,N/A,N/A,N/A,N/A,N/A
370,1770570792709,Practice Sentence shown,HH_116_A,true,,,N/A,N/A,N/A,N/A,N/A,N/A,N/A
370,1770570798212,Practice Sentence shown,HL_59_A,,,,N/A,N/A,N/A,N/A,N/A,N/A,N/A
370,1770570803714,Practice Sentence shown,HL_74_A,,,,N/A,N/A,N/A,N/A,N/A,N/A,N/A
370,1770570809217,Practice Sentence shown,HL_83_A,,,,N/A,N/A,N/A,N/A,N/A,N/A,N/A
370,1770570814720,Practice Sentence shown,HL_60_A,,,,N/A,N/A,N/A,N/A,N/A,N/A,N/A
370,1770570820223,Practice Sentence shown,HH_106_A,true,,true,N/A,N/A,N/A,N/A,N/A,N/A,N/A
370,1770570822133,Practice IR pressed,HH_106_A,true,,true,Spacebar,1,N/A,1910,N/A,N/A,N/A
370,1770570826814,Practice WR pressed,HH_106_A,true,,true,Yes,N/A,1,N/A,4681,N/A,N/A
370,1770570828315,Practice Sentence shown,HH_116_P,true,,true,N/A,N/A,N/A,N/A,N/A,N/A,N/A
370,1770570832316,Practice Missed,HH_116_P,true,,true,None,0,N/A,N/A,N/A,N/A,N/A
370,1770570838699,Practice Sentence shown,HH_129_A,true,,,N/A,N/A,N/A,N/A,N/A,N/A,N/A
370,1770570844202,Practice Sentence shown,HL_65_A,,,,N/A,N/A,N/A,N/A,N/A,N/A,N/A
370,1770570849704,Practice Sentence shown,HL_95_A,,,,N/A,N/A,N/A,N/A,N/A,N/A,N/A
370,1770570855207,Practice Sentence shown,HL_113_A,,,,N/A,N/A,N/A,N/A,N/A,N/A,N/A
370,1770570860710,Practice Sentence shown,HH_129_P,true,,true,N/A,N/A,N/A,N/A,N/A,N/A,N/A
370,1770570863383,Practice IR pressed,HH_129_P,true,,true,Spacebar,1,N/A,2673,N/A,N/A,N/A
370,1770570864643,Practice WR pressed,HH_129_P,true,,true,No,N/A,1,N/A,1259,N/A,N/A
370,1770570866144,Practice Sentence shown,HH_100_A,true,,,N/A,N/A,N/A,N/A,N/A,N/A,N/A
370,1770570871647,Practice Sentence shown,HL_105_A,,,,N/A,N/A,N/A,N/A,N/A,N/A,N/A
370,1770570877150,Practice Sentence shown,HH_100_A,true,,true,N/A,N/A,N/A,N/A,N/A,N/A,N/A
370,1770570879040,Practice IR pressed,HH_100_A,true,,true,Spacebar,1,N/A,1890,N/A,N/A,N/A
370,1770570880481,Practice WR pressed,HH_100_A,true,,true,Yes,N/A,1,N/A,1441,N/A,N/A
370,1770570889916,Sentence shown,HF_29_A,,,,N/A,N/A,N/A,N/A,N/A,N/A,N/A
370,1770570893917,gap_time,N/A,,,,GapTime_806,N/A,N/A,N/A,N/A,N/A,N/A
370,1770570894725,Sentence shown,HF_21_A,,,,N/A,N/A,N/A,N/A,N/A,N/A,N/A
370,1770570898727,gap_time,N/A,,,,GapTime_1053,N/A,N/A,N/A,N/A,N/A,N/A
370,1770570899781,Sentence shown,HF_29_A,,true,true,N/A,N/A,N/A,N/A,N/A,N/A,N/A
370,1770570901343,Validation IR pressed,HF_29_A,,true,true,Spacebar,1,N/A,1562,N/A,N/A,N/A
370,1770570901343,IR pressed,HF_29_A,,true,true,Spacebar,1,N/A,1562,N/A,N/A,N/A
370,1770570902183,WR pressed,HF_29_A,,true,true,Yes,N/A,N/A,N/A,840,N/A,N/A
370,1770570902184,gap_time,N/A,,true,true,GapTime_1065,N/A,N/A,N/A,N/A,N/A,N/A
370,1770570903251,Sentence shown,HF_30_A,,,,N/A,N/A,N/A,N/A,N/A,N/A,N/A
370,1770570907252,gap_time,N/A,,,,GapTime_703,N/A,N/A,N/A,N/A,N/A,N/A
370,1770570907957,Sentence shown,HF_4_A,,,,N/A,N/A,N/A,N/A,N/A,N/A,N/A
370,1770570910350,Validation Wrong IR pressed,HF_4_A,,,,Spacebar,0,N/A,2393,N/A,N/A,N/A
370,1770570910350,IR pressed,HF_4_A,,,,Spacebar,0,N/A,2393,N/A,N/A,N/A
370,1770570911309,WR pressed,HF_4_A,,,,No,N/A,N/A,N/A,959,N/A,N/A
370,1770570911309,gap_time,N/A,,,,GapTime_1238,N/A,N/A,N/A,N/A,N/A,N/A
370,1770570912549,Sentence shown,HF_6_A,,,,N/A,N/A,N/A,N/A,N/A,N/A,N/A
370,1770570916550,gap_time,N/A,,,,GapTime_719,N/A,N/A,N/A,N/A,N/A,N/A
370,1770570917270,Sentence shown,HF_14_A,,,,N/A,N/A,N/A,N/A,N/A,N/A,N/A
370,1770570921272,gap_time,N/A,,,,GapTime_1247,N/A,N/A,N/A,N/A,N/A,N/A
370,1770570922520,Sentence shown,HF_33_A,,,,N/A,N/A,N/A,N/A,N/A,N/A,N/A
370,1770570926522,gap_time,N/A,,,,GapTime_756,N/A,N/A,N/A,N/A,N/A,N/A
370,1770570927280,Sentence shown,HF_12_A,,,,N/A,N/A,N/A,N/A,N/A,N/A,N/A
370,1770570931281,gap_time,N/A,,,,GapTime_710,N/A,N/A,N/A,N/A,N/A,N/A
370,1770570931992,Sentence shown,LVL_104_A,true,,,N/A,N/A,N/A,N/A,N/A,N/A,N/A
370,1770570935994,gap_time,N/A,true,,,GapTime_807,N/A,N/A,N/A,N/A,N/A,N/A
370,1770570936802,Sentence shown,HF_10_A,,,,N/A,N/A,N/A,N/A,N/A,N/A,N/A
370,1770570940804,gap_time,N/A,,,,GapTime_1212,N/A,N/A,N/A,N/A,N/A,N/A
370,1770570942017,Sentence shown,HF_10_A,,true,true,N/A,N/A,N/A,N/A,N/A,N/A,N/A
370,1770570943684,Validation IR pressed,HF_10_A,,true,true,Spacebar,1,N/A,1666,N/A,N/A,N/A
370,1770570943684,IR pressed,HF_10_A,,true,true,Spacebar,1,N/A,1666,N/A,N/A,N/A
370,1770570948311,WR pressed,HF_10_A,,true,true,No,N/A,N/A,N/A,4627,N/A,N/A
370,1770570948312,gap_time,N/A,,true,true,GapTime_1102,N/A,N/A,N/A,N/A,N/A,N/A
370,1770570949415,Sentence shown,HVL_129_P,true,,,N/A,N/A,N/A,N/A,N/A,N/A,N/A
370,1770570953417,gap_time,N/A,true,,,GapTime_793,N/A,N/A,N/A,N/A,N/A,N/A
370,1770570954212,Sentence shown,LVH_106_P,true,,,N/A,N/A,N/A,N/A,N/A,N/A,N/A
370,1770570958213,gap_time,N/A,true,,,GapTime_1007,N/A,N/A,N/A,N/A,N/A,N/A
370,1770570959222,Sentence shown,HF_19_A,,,,N/A,N/A,N/A,N/A,N/A,N/A,N/A
370,1770570963223,gap_time,N/A,,,,GapTime_811,N/A,N/A,N/A,N/A,N/A,N/A
370,1770570964036,Sentence shown,HF_13_A,,,,N/A,N/A,N/A,N/A,N/A,N/A,N/A
370,1770570968037,gap_time,N/A,,,,GapTime_918,N/A,N/A,N/A,N/A,N/A,N/A
370,1770570968957,Sentence shown,LVL_104_A,true,,true,N/A,N/A,N/A,N/A,N/A,N/A,N/A
370,1770570971382,IR pressed,LVL_104_A,true,,true,Spacebar,1,N/A,2425,N/A,N/A,N/A
370,1770570972901,WR pressed,LVL_104_A,true,,true,Yes,N/A,1,N/A,1518,N/A,N/A
370,1770570972901,gap_time,N/A,true,,true,GapTime_1147,N/A,N/A,N/A,N/A,N/A,N/A
370,1770570974049,Sentence shown,HF_24_A,,,,N/A,N/A,N/A,N/A,N/A,N/A,N/A
370,1770570978050,gap_time,N/A,,,,GapTime_1258,N/A,N/A,N/A,N/A,N/A,N/A
370,1770570979310,Sentence shown,HVL_129_P,true,,true,N/A,N/A,N/A,N/A,N/A,N/A,N/A
370,1770570980820,IR pressed,HVL_129_P,true,,true,Spacebar,1,N/A,1510,N/A,N/A,N/A
370,1770570981920,WR pressed,HVL_129_P,true,,true,Yes,N/A,1,N/A,1100,N/A,N/A
370,1770570981920,gap_time,N/A,true,,true,GapTime_950,N/A,N/A,N/A,N/A,N/A,N/A
370,1770570982871,Sentence shown,HF_18_A,,,,N/A,N/A,N/A,N/A,N/A,N/A,N/A
370,1770570986873,gap_time,N/A,,,,GapTime_834,N/A,N/A,N/A,N/A,N/A,N/A
370,1770570987708,Sentence shown,HF_24_A,,true,true,N/A,N/A,N/A,N/A,N/A,N/A,N/A
370,1770570988675,Validation IR pressed,HF_24_A,,true,true,Spacebar,1,N/A,967,N/A,N/A,N/A
370,1770570988675,IR pressed,HF_24_A,,true,true,Spacebar,1,N/A,967,N/A,N/A,N/A
370,1770570990575,WR pressed,HF_24_A,,true,true,Yes,N/A,N/A,N/A,1900,N/A,N/A
370,1770570990575,gap_time,N/A,,true,true,GapTime_756,N/A,N/A,N/A,N/A,N/A,N/A
370,1770570991333,Sentence shown,HVL_106_A,true,,,N/A,N/A,N/A,N/A,N/A,N/A,N/A
370,1770570993174,Validation Wrong IR pressed,HVL_106_A,true,,,Spacebar,0,N/A,1841,N/A,N/A,N/A
370,1770570993174,IR pressed,HVL_106_A,true,,,Spacebar,0,N/A,1841,N/A,N/A,N/A
370,1770570993780,WR pressed,HVL_106_A,true,,,No,N/A,0,N/A,606,N/A,N/A
370,1770570993781,gap_time,N/A,true,,,GapTime_839,N/A,N/A,N/A,N/A,N/A,N/A
370,1770570994621,Sentence shown,LVH_106_A,true,,true,N/A,N/A,N/A,N/A,N/A,N/A,N/A
370,1770570995992,IR pressed,LVH_106_A,true,,true,Spacebar,1,N/A,1370,N/A,N/A,N/A
370,1770570996498,WR pressed,LVH_106_A,true,,true,No,N/A,1,N/A,506,N/A,N/A
370,1770570996498,gap_time,N/A,true,,true,GapTime_901,N/A,N/A,N/A,N/A,N/A,N/A
370,1770570997401,Sentence shown,HF_1_A,,,,N/A,N/A,N/A,N/A,N/A,N/A,N/A
370,1770570998408,Validation Wrong IR pressed,HF_1_A,,,,Spacebar,0,N/A,1007,N/A,N/A,N/A
370,1770570998408,IR pressed,HF_1_A,,,,Spacebar,0,N/A,1007,N/A,N/A,N/A
370,1770570998691,WR pressed,HF_1_A,,,,No,N/A,N/A,N/A,283,N/A,N/A
370,1770570998692,gap_time,N/A,,,,GapTime_1113,N/A,N/A,N/A,N/A,N/A,N/A
370,1770570999807,Sentence shown,HF_15_A,,,,N/A,N/A,N/A,N/A,N/A,N/A,N/A
370,1770571003808,gap_time,N/A,,,,GapTime_735,N/A,N/A,N/A,N/A,N/A,N/A
370,1770571004544,Sentence shown,HF_28_A,,,,N/A,N/A,N/A,N/A,N/A,N/A,N/A
370,1770571008546,gap_time,N/A,,,,GapTime_1287,N/A,N/A,N/A,N/A,N/A,N/A
370,1770571009834,Sentence shown,HF_1_A,,true,true,N/A,N/A,N/A,N/A,N/A,N/A,N/A
370,1770571010863,Validation IR pressed,HF_1_A,,true,true,Spacebar,1,N/A,1029,N/A,N/A,N/A
370,1770571010863,IR pressed,HF_1_A,,true,true,Spacebar,1,N/A,1029,N/A,N/A,N/A
370,1770571012724,WR pressed,HF_1_A,,true,true,No,N/A,N/A,N/A,1861,N/A,N/A
370,1770571012725,gap_time,N/A,,true,true,GapTime_1118,N/A,N/A,N/A,N/A,N/A,N/A
370,1770571013844,Sentence shown,LVL_116_P,true,,,N/A,N/A,N/A,N/A,N/A,N/A,N/A
370,1770571017846,gap_time,N/A,true,,,GapTime_894,N/A,N/A,N/A,N/A,N/A,N/A
370,1770571018741,Sentence shown,HVL_141_P,true,,,N/A,N/A,N/A,N/A,N/A,N/A,N/A
370,1770571022743,gap_time,N/A,true,,,GapTime_1112,N/A,N/A,N/A,N/A,N/A,N/A
370,1770571023856,Sentence shown,HH_173_P,true,,,N/A,N/A,N/A,N/A,N/A,N/A,N/A
370,1770571027858,gap_time,N/A,true,,,GapTime_768,N/A,N/A,N/A,N/A,N/A,N/A
370,1770571028628,Sentence shown,HF_26_A,,,,N/A,N/A,N/A,N/A,N/A,N/A,N/A
370,1770571032629,gap_time,N/A,,,,GapTime_884,N/A,N/A,N/A,N/A,N/A,N/A
370,1770571033515,Sentence shown,HVL_106_A,true,,true,N/A,N/A,N/A,N/A,N/A,N/A,N/A
370,1770571035464,IR pressed,HVL_106_A,true,,true,Spacebar,1,N/A,1948,N/A,N/A,N/A
370,1770571036259,WR pressed,HVL_106_A,true,,true,No,N/A,0,N/A,795,N/A,N/A
370,1770571036260,gap_time,N/A,true,,true,GapTime_1154,N/A,N/A,N/A,N/A,N/A,N/A
370,1770571037415,Sentence shown,HH_165_A,true,,,N/A,N/A,N/A,N/A,N/A,N/A,N/A
370,1770571039046,Validation Wrong IR pressed,HH_165_A,true,,,Spacebar,0,N/A,1631,N/A,N/A,N/A
370,1770571039046,IR pressed,HH_165_A,true,,,Spacebar,0,N/A,1631,N/A,N/A,N/A
370,1770571040328,WR pressed,HH_165_A,true,,,No,N/A,0,N/A,1282,N/A,N/A
370,1770571040329,gap_time,N/A,true,,,GapTime_999,N/A,N/A,N/A,N/A,N/A,N/A
370,1770571041329,Sentence shown,HF_9_A,,,,N/A,N/A,N/A,N/A,N/A,N/A,N/A
370,1770571042196,Validation Wrong IR pressed,HF_9_A,,,,Spacebar,0,N/A,867,N/A,N/A,N/A
370,1770571042196,IR pressed,HF_9_A,,,,Spacebar,0,N/A,867,N/A,N/A,N/A
370,1770571043042,WR pressed,HF_9_A,,,,No,N/A,N/A,N/A,846,N/A,N/A
370,1770571043043,gap_time,N/A,,,,GapTime_1048,N/A,N/A,N/A,N/A,N/A,N/A
370,1770571044092,Sentence shown,LVL_108_A,true,,,N/A,N/A,N/A,N/A,N/A,N/A,N/A
370,1770571048093,gap_time,N/A,true,,,GapTime_815,N/A,N/A,N/A,N/A,N/A,N/A
370,1770571048910,Sentence shown,LVL_116_A,true,,true,N/A,N/A,N/A,N/A,N/A,N/A,N/A
370,1770571052911,gap_time,N/A,true,,true,GapTime_1111,N/A,N/A,N/A,N/A,N/A,N/A
370,1770571054024,Sentence shown,HF_9_A,,true,true,N/A,N/A,N/A,N/A,N/A,N/A,N/A
370,1770571056380,Validation IR pressed,HF_9_A,,true,true,Spacebar,1,N/A,2356,N/A,N/A,N/A
370,1770571056380,IR pressed,HF_9_A,,true,true,Spacebar,1,N/A,2356,N/A,N/A,N/A
370,1770571058790,WR pressed,HF_9_A,,true,true,No,N/A,N/A,N/A,2410,N/A,N/A
370,1770571058791,gap_time,N/A,,true,true,GapTime_1169,N/A,N/A,N/A,N/A,N/A,N/A
370,1770571059961,Sentence shown,HF_20_A,,,,N/A,N/A,N/A,N/A,N/A,N/A,N/A
370,1770571063963,gap_time,N/A,,,,GapTime_1087,N/A,N/A,N/A,N/A,N/A,N/A
370,1770571065051,Sentence shown,HVL_141_A,true,,true,N/A,N/A,N/A,N/A,N/A,N/A,N/A
370,1770571069053,gap_time,N/A,true,,true,GapTime_1297,N/A,N/A,N/A,N/A,N/A,N/A
370,1770571070352,Sentence shown,LVH_144_A,true,,,N/A,N/A,N/A,N/A,N/A,N/A,N/A
370,1770571074353,gap_time,N/A,true,,,GapTime_815,N/A,N/A,N/A,N/A,N/A,N/A
370,1770571075169,Sentence shown,HF_22_A,,,,N/A,N/A,N/A,N/A,N/A,N/A,N/A
370,1770571079170,gap_time,N/A,,,,GapTime_889,N/A,N/A,N/A,N/A,N/A,N/A
370,1770571080061,Sentence shown,HH_173_P,true,,true,N/A,N/A,N/A,N/A,N/A,N/A,N/A
370,1770571081248,IR pressed,HH_173_P,true,,true,Spacebar,1,N/A,1187,N/A,N/A,N/A
370,1770571084218,WR pressed,HH_173_P,true,,true,Yes,N/A,1,N/A,2970,N/A,N/A
370,1770571084218,gap_time,N/A,true,,true,GapTime_810,N/A,N/A,N/A,N/A,N/A,N/A
370,1770571085029,Sentence shown,HF_17_A,,,,N/A,N/A,N/A,N/A,N/A,N/A,N/A
370,1770571089030,gap_time,N/A,,,,GapTime_1274,N/A,N/A,N/A,N/A,N/A,N/A
370,1770571090306,Sentence shown,HF_5_A,,,,N/A,N/A,N/A,N/A,N/A,N/A,N/A
370,1770571094307,gap_time,N/A,,,,GapTime_900,N/A,N/A,N/A,N/A,N/A,N/A
370,1770571095209,Sentence shown,HH_165_A,true,,true,N/A,N/A,N/A,N/A,N/A,N/A,N/A
370,1770571096745,IR pressed,HH_165_A,true,,true,Spacebar,1,N/A,1536,N/A,N/A,N/A
370,1770571097643,WR pressed,HH_165_A,true,,true,No,N/A,0,N/A,898,N/A,N/A
370,1770571097644,gap_time,N/A,true,,true,GapTime_868,N/A,N/A,N/A,N/A,N/A,N/A
370,1770571098514,Sentence shown,HF_16_A,,,,N/A,N/A,N/A,N/A,N/A,N/A,N/A
370,1770571102515,gap_time,N/A,,,,GapTime_786,N/A,N/A,N/A,N/A,N/A,N/A
370,1770571103303,Sentence shown,HF_8_A,,,,N/A,N/A,N/A,N/A,N/A,N/A,N/A
370,1770571104698,Validation Wrong IR pressed,HF_8_A,,,,Spacebar,0,N/A,1395,N/A,N/A,N/A
370,1770571104698,IR pressed,HF_8_A,,,,Spacebar,0,N/A,1395,N/A,N/A,N/A
370,1770571108029,WR pressed,HF_8_A,,,,No,N/A,N/A,N/A,3331,N/A,N/A
370,1770571108030,gap_time,N/A,,,,GapTime_886,N/A,N/A,N/A,N/A,N/A,N/A
370,1770571108918,Sentence shown,HF_16_A,,true,true,N/A,N/A,N/A,N/A,N/A,N/A,N/A
370,1770571111553,Validation IR pressed,HF_16_A,,true,true,Spacebar,1,N/A,2635,N/A,N/A,N/A
370,1770571111553,IR pressed,HF_16_A,,true,true,Spacebar,1,N/A,2635,N/A,N/A,N/A
370,1770571111993,WR pressed,HF_16_A,,true,true,Yes,N/A,N/A,N/A,440,N/A,N/A
370,1770571111993,gap_time,N/A,,true,true,GapTime_800,N/A,N/A,N/A,N/A,N/A,N/A
370,1770571112795,Sentence shown,HF_8_A,,true,true,N/A,N/A,N/A,N/A,N/A,N/A,N/A
370,1770571115290,Validation IR pressed,HF_8_A,,true,true,Spacebar,1,N/A,2495,N/A,N/A,N/A
370,1770571115290,IR pressed,HF_8_A,,true,true,Spacebar,1,N/A,2495,N/A,N/A,N/A
370,1770571115652,WR pressed,HF_8_A,,true,true,Yes,N/A,N/A,N/A,362,N/A,N/A
370,1770571115653,gap_time,N/A,,true,true,GapTime_1299,N/A,N/A,N/A,N/A,N/A,N/A
370,1770571116954,Sentence shown,LVH_144_A,true,,true,N/A,N/A,N/A,N/A,N/A,N/A,N/A
370,1770571118648,IR pressed,LVH_144_A,true,,true,Spacebar,1,N/A,1694,N/A,N/A,N/A
370,1770571119020,WR pressed,LVH_144_A,true,,true,No,N/A,0,N/A,372,N/A,N/A
370,1770571119021,gap_time,N/A,true,,true,GapTime_1280,N/A,N/A,N/A,N/A,N/A,N/A
370,1770571120302,Sentence shown,LVL_108_P,true,,true,N/A,N/A,N/A,N/A,N/A,N/A,N/A
370,1770571122045,IR pressed,LVL_108_P,true,,true,Spacebar,1,N/A,1743,N/A,N/A,N/A
370,1770571122217,WR pressed,LVL_108_P,true,,true,No,N/A,1,N/A,172,N/A,N/A
370,1770571122217,gap_time,N/A,true,,true,GapTime_976,N/A,N/A,N/A,N/A,N/A,N/A
370,1770571123195,Sentence shown,HH_139_A,true,,,N/A,N/A,N/A,N/A,N/A,N/A,N/A
370,1770571126973,Validation Wrong IR pressed,HH_139_A,true,,,Spacebar,0,N/A,3778,N/A,N/A,N/A
370,1770571126973,IR pressed,HH_139_A,true,,,Spacebar,0,N/A,3778,N/A,N/A,N/A
370,1770571127200,WR pressed,HH_139_A,true,,,No,N/A,1,N/A,227,N/A,N/A
370,1770571127200,gap_time,N/A,true,,,GapTime_977,N/A,N/A,N/A,N/A,N/A,N/A
370,1770571128179,Sentence shown,HF_27_A,,,,N/A,N/A,N/A,N/A,N/A,N/A,N/A
370,1770571132181,gap_time,N/A,,,,GapTime_1297,N/A,N/A,N/A,N/A,N/A,N/A
370,1770571133479,Sentence shown,HF_27_A,,true,true,N/A,N/A,N/A,N/A,N/A,N/A,N/A
370,1770571135847,Validation IR pressed,HF_27_A,,true,true,Spacebar,1,N/A,2368,N/A,N/A,N/A
370,1770571135847,IR pressed,HF_27_A,,true,true,Spacebar,1,N/A,2368,N/A,N/A,N/A
370,1770571136083,WR pressed,HF_27_A,,true,true,No,N/A,N/A,N/A,236,N/A,N/A
370,1770571136084,gap_time,N/A,,true,true,GapTime_1267,N/A,N/A,N/A,N/A,N/A,N/A
370,1770571137352,Sentence shown,LVH_100_P,true,,,N/A,N/A,N/A,N/A,N/A,N/A,N/A
370,1770571141353,gap_time,N/A,true,,,GapTime_1154,N/A,N/A,N/A,N/A,N/A,N/A
370,1770571142508,Sentence shown,HF_2_A,,,,N/A,N/A,N/A,N/A,N/A,N/A,N/A
370,1770571145899,Validation Wrong IR pressed,HF_2_A,,,,Spacebar,0,N/A,3391,N/A,N/A,N/A
370,1770571145899,IR pressed,HF_2_A,,,,Spacebar,0,N/A,3391,N/A,N/A,N/A
370,1770571146748,WR pressed,HF_2_A,,,,No,N/A,N/A,N/A,849,N/A,N/A
370,1770571146749,gap_time,N/A,,,,GapTime_1283,N/A,N/A,N/A,N/A,N/A,N/A
370,1770571148033,Sentence shown,HH_139_P,true,,true,N/A,N/A,N/A,N/A,N/A,N/A,N/A
370,1770571149582,IR pressed,HH_139_P,true,,true,Spacebar,1,N/A,1549,N/A,N/A,N/A
370,1770571149876,WR pressed,HH_139_P,true,,true,No,N/A,1,N/A,294,N/A,N/A
370,1770571149876,gap_time,N/A,true,,true,GapTime_1292,N/A,N/A,N/A,N/A,N/A,N/A
370,1770571151170,Sentence shown,HH_140_P,true,,,N/A,N/A,N/A,N/A,N/A,N/A,N/A
370,1770571155171,gap_time,N/A,true,,,GapTime_875,N/A,N/A,N/A,N/A,N/A,N/A
370,1770571156048,Sentence shown,HF_23_A,,,,N/A,N/A,N/A,N/A,N/A,N/A,N/A
370,1770571157197,Validation Wrong IR pressed,HF_23_A,,,,Spacebar,0,N/A,1149,N/A,N/A,N/A
370,1770571157197,IR pressed,HF_23_A,,,,Spacebar,0,N/A,1149,N/A,N/A,N/A
370,1770571157320,WR pressed,HF_23_A,,,,No,N/A,N/A,N/A,123,N/A,N/A
370,1770571157320,gap_time,N/A,,,,GapTime_1073,N/A,N/A,N/A,N/A,N/A,N/A
370,1770571158395,Sentence shown,LVL_107_P,true,,,N/A,N/A,N/A,N/A,N/A,N/A,N/A
370,1770571162396,gap_time,N/A,true,,,GapTime_884,N/A,N/A,N/A,N/A,N/A,N/A
370,1770571163280,Sentence shown,HVL_125_A,true,,,N/A,N/A,N/A,N/A,N/A,N/A,N/A
370,1770571167282,gap_time,N/A,true,,,GapTime_1224,N/A,N/A,N/A,N/A,N/A,N/A
370,1770571168507,Sentence shown,HF_25_A,,,,N/A,N/A,N/A,N/A,N/A,N/A,N/A
370,1770571172508,gap_time,N/A,,,,GapTime_1179,N/A,N/A,N/A,N/A,N/A,N/A
370,1770571173688,Sentence shown,HF_25_A,,true,true,N/A,N/A,N/A,N/A,N/A,N/A,N/A
370,1770571175584,Validation IR pressed,HF_25_A,,true,true,Spacebar,1,N/A,1896,N/A,N/A,N/A
370,1770571175584,IR pressed,HF_25_A,,true,true,Spacebar,1,N/A,1896,N/A,N/A,N/A
370,1770571175746,WR pressed,HF_25_A,,true,true,No,N/A,N/A,N/A,162,N/A,N/A
370,1770571175747,gap_time,N/A,,true,true,GapTime_841,N/A,N/A,N/A,N/A,N/A,N/A
370,1770571176589,Sentence shown,LVH_100_P,true,,true,N/A,N/A,N/A,N/A,N/A,N/A,N/A
370,1770571177766,IR pressed,LVH_100_P,true,,true,Spacebar,1,N/A,1177,N/A,N/A,N/A
370,1770571178195,WR pressed,LVH_100_P,true,,true,Yes,N/A,1,N/A,429,N/A,N/A
370,1770571178195,gap_time,N/A,true,,true,GapTime_1009,N/A,N/A,N/A,N/A,N/A,N/A
370,1770571179205,Sentence shown,HF_7_A,,,,N/A,N/A,N/A,N/A,N/A,N/A,N/A
370,1770571181298,Validation Wrong IR pressed,HF_7_A,,,,Spacebar,0,N/A,2093,N/A,N/A,N/A
370,1770571181298,IR pressed,HF_7_A,,,,Spacebar,0,N/A,2093,N/A,N/A,N/A
370,1770571181429,WR pressed,HF_7_A,,,,No,N/A,N/A,N/A,131,N/A,N/A
370,1770571181429,gap_time,N/A,,,,GapTime_953,N/A,N/A,N/A,N/A,N/A,N/A
370,1770571182383,Sentence shown,HF_11_A,,,,N/A,N/A,N/A,N/A,N/A,N/A,N/A
370,1770571183268,Validation Wrong IR pressed,HF_11_A,,,,Spacebar,0,N/A,885,N/A,N/A,N/A
370,1770571183268,IR pressed,HF_11_A,,,,Spacebar,0,N/A,885,N/A,N/A,N/A
370,1770571183420,WR pressed,HF_11_A,,,,No,N/A,N/A,N/A,152,N/A,N/A
370,1770571183421,gap_time,N/A,,,,GapTime_890,N/A,N/A,N/A,N/A,N/A,N/A
370,1770571184312,Sentence shown,LVL_107_P,true,,true,N/A,N/A,N/A,N/A,N/A,N/A,N/A
370,1770571185697,IR pressed,LVL_107_P,true,,true,Spacebar,1,N/A,1385,N/A,N/A,N/A
370,1770571185826,WR pressed,LVL_107_P,true,,true,Yes,N/A,1,N/A,129,N/A,N/A
370,1770571185826,gap_time,N/A,true,,true,GapTime_904,N/A,N/A,N/A,N/A,N/A,N/A
370,1770571186732,Sentence shown,HF_11_A,,true,true,N/A,N/A,N/A,N/A,N/A,N/A,N/A
370,1770571188287,Validation IR pressed,HF_11_A,,true,true,Spacebar,1,N/A,1555,N/A,N/A,N/A
370,1770571188287,IR pressed,HF_11_A,,true,true,Spacebar,1,N/A,1555,N/A,N/A,N/A
370,1770571188477,WR pressed,HF_11_A,,true,true,Yes,N/A,N/A,N/A,190,N/A,N/A
370,1770571188478,gap_time,N/A,,true,true,GapTime_968,N/A,N/A,N/A,N/A,N/A,N/A
370,1770571189447,Sentence shown,HH_140_A,true,,true,N/A,N/A,N/A,N/A,N/A,N/A,N/A
370,1770571191612,IR pressed,HH_140_A,true,,true,Spacebar,1,N/A,2165,N/A,N/A,N/A
370,1770571191922,WR pressed,HH_140_A,true,,true,No,N/A,1,N/A,310,N/A,N/A
370,1770571191923,gap_time,N/A,true,,true,GapTime_970,N/A,N/A,N/A,N/A,N/A,N/A
370,1770571192894,Sentence shown,LVH_130_A,true,,,N/A,N/A,N/A,N/A,N/A,N/A,N/A
370,1770571196895,gap_time,N/A,true,,,GapTime_1231,N/A,N/A,N/A,N/A,N/A,N/A
370,1770571198127,Sentence shown,HF_32_A,,,,N/A,N/A,N/A,N/A,N/A,N/A,N/A
370,1770571202128,gap_time,N/A,,,,GapTime_767,N/A,N/A,N/A,N/A,N/A,N/A
370,1770571202896,Sentence shown,HF_31_A,,,,N/A,N/A,N/A,N/A,N/A,N/A,N/A
370,1770571206896,gap_time,N/A,,,,GapTime_1131,N/A,N/A,N/A,N/A,N/A,N/A
370,1770571208029,Sentence shown,HVL_125_P,true,,true,N/A,N/A,N/A,N/A,N/A,N/A,N/A
370,1770571209651,IR pressed,HVL_125_P,true,,true,Spacebar,1,N/A,1622,N/A,N/A,N/A
370,1770571209824,WR pressed,HVL_125_P,true,,true,No,N/A,1,N/A,173,N/A,N/A
370,1770571209824,gap_time,N/A,true,,true,GapTime_1082,N/A,N/A,N/A,N/A,N/A,N/A
370,1770571210907,Sentence shown,LVH_130_P,true,,true,N/A,N/A,N/A,N/A,N/A,N/A,N/A
370,1770571212159,IR pressed,LVH_130_P,true,,true,Spacebar,1,N/A,1252,N/A,N/A,N/A
370,1770571212322,WR pressed,LVH_130_P,true,,true,No,N/A,1,N/A,163,N/A,N/A
370,1770571212322,gap_time,N/A,true,,true,GapTime_1174,N/A,N/A,N/A,N/A,N/A,N/A
370,1770571213497,Rest Phase started,N/A,true,,true,Rest,N/A,N/A,N/A,N/A,N/A,N/A
370,1770571907084,Sentence shown,HF_45_A,,,,N/A,N/A,N/A,N/A,N/A,N/A,N/A
370,1770571911085,gap_time,N/A,,,,GapTime_868,N/A,N/A,N/A,N/A,N/A,N/A
370,1770571911955,Sentence shown,HF_48_A,,,,N/A,N/A,N/A,N/A,N/A,N/A,N/A
370,1770571915956,gap_time,N/A,,,,GapTime_1114,N/A,N/A,N/A,N/A,N/A,N/A
370,1770571917072,Sentence shown,HF_45_A,,true,true,N/A,N/A,N/A,N/A,N/A,N/A,N/A
370,1770571918385,Validation IR pressed,HF_45_A,,true,true,Spacebar,1,N/A,1313,N/A,N/A,N/A
370,1770571918385,IR pressed,HF_45_A,,true,true,Spacebar,1,N/A,1313,N/A,N/A,N/A
370,1770571918863,WR pressed,HF_45_A,,true,true,Yes,N/A,N/A,N/A,478,N/A,N/A
370,1770571918864,gap_time,N/A,,true,true,GapTime_730,N/A,N/A,N/A,N/A,N/A,N/A
370,1770571919595,Sentence shown,LVL_118_P,true,,,N/A,N/A,N/A,N/A,N/A,N/A,N/A
370,1770571923596,gap_time,N/A,true,,,GapTime_1295,N/A,N/A,N/A,N/A,N/A,N/A
370,1770571924893,Sentence shown,HF_63_A,,,,N/A,N/A,N/A,N/A,N/A,N/A,N/A
370,1770571928894,gap_time,N/A,,,,GapTime_1113,N/A,N/A,N/A,N/A,N/A,N/A
370,1770571930009,Sentence shown,LVL_134_A,true,,,N/A,N/A,N/A,N/A,N/A,N/A,N/A
370,1770571934010,gap_time,N/A,true,,,GapTime_755,N/A,N/A,N/A,N/A,N/A,N/A
370,1770571934767,Sentence shown,HF_64_A,,,,N/A,N/A,N/A,N/A,N/A,N/A,N/A
370,1770571938768,gap_time,N/A,,,,GapTime_823,N/A,N/A,N/A,N/A,N/A,N/A
370,1770571939593,Sentence shown,HF_63_A,,true,true,N/A,N/A,N/A,N/A,N/A,N/A,N/A
370,1770571942844,Validation IR pressed,HF_63_A,,true,true,Spacebar,1,N/A,3251,N/A,N/A,N/A
370,1770571942844,IR pressed,HF_63_A,,true,true,Spacebar,1,N/A,3251,N/A,N/A,N/A
370,1770571942990,WR pressed,HF_63_A,,true,true,Yes,N/A,N/A,N/A,146,N/A,N/A
370,1770571942990,gap_time,N/A,,true,true,GapTime_1188,N/A,N/A,N/A,N/A,N/A,N/A
370,1770571944180,Sentence shown,HVL_154_A,true,,,N/A,N/A,N/A,N/A,N/A,N/A,N/A
370,1770571948182,gap_time,N/A,true,,,GapTime_1051,N/A,N/A,N/A,N/A,N/A,N/A
370,1770571949234,Sentence shown,HF_59_A,,,,N/A,N/A,N/A,N/A,N/A,N/A,N/A
370,1770571953236,gap_time,N/A,,,,GapTime_1250,N/A,N/A,N/A,N/A,N/A,N/A
370,1770571954487,Sentence shown,LVL_118_P,true,,true,N/A,N/A,N/A,N/A,N/A,N/A,N/A
370,1770571955680,IR pressed,LVL_118_P,true,,true,Spacebar,1,N/A,1193,N/A,N/A,N/A
370,1770571958617,WR pressed,LVL_118_P,true,,true,No,N/A,0,N/A,2937,N/A,N/A
370,1770571958617,gap_time,N/A,true,,true,GapTime_1167,N/A,N/A,N/A,N/A,N/A,N/A
370,1770571959786,Sentence shown,HF_59_A,,true,true,N/A,N/A,N/A,N/A,N/A,N/A,N/A
370,1770571961038,Validation IR pressed,HF_59_A,,true,true,Spacebar,1,N/A,1251,N/A,N/A,N/A
370,1770571961038,IR pressed,HF_59_A,,true,true,Spacebar,1,N/A,1251,N/A,N/A,N/A
370,1770571961444,WR pressed,HF_59_A,,true,true,Yes,N/A,N/A,N/A,406,N/A,N/A
370,1770571961444,gap_time,N/A,,true,true,GapTime_731,N/A,N/A,N/A,N/A,N/A,N/A
370,1770571962177,Sentence shown,HF_41_A,,,,N/A,N/A,N/A,N/A,N/A,N/A,N/A
370,1770571963785,Validation Wrong IR pressed,HF_41_A,,,,Spacebar,0,N/A,1608,N/A,N/A,N/A
370,1770571963785,IR pressed,HF_41_A,,,,Spacebar,0,N/A,1608,N/A,N/A,N/A
370,1770571963952,WR pressed,HF_41_A,,,,No,N/A,N/A,N/A,167,N/A,N/A
370,1770571963953,gap_time,N/A,,,,GapTime_1163,N/A,N/A,N/A,N/A,N/A,N/A
370,1770571965117,Sentence shown,HF_37_A,,,,N/A,N/A,N/A,N/A,N/A,N/A,N/A
370,1770571967203,Validation Wrong IR pressed,HF_37_A,,,,Spacebar,0,N/A,2086,N/A,N/A,N/A
370,1770571967203,IR pressed,HF_37_A,,,,Spacebar,0,N/A,2086,N/A,N/A,N/A
370,1770571967992,WR pressed,HF_37_A,,,,No,N/A,N/A,N/A,789,N/A,N/A
370,1770571967992,gap_time,N/A,,,,GapTime_735,N/A,N/A,N/A,N/A,N/A,N/A
370,1770571968729,Sentence shown,HF_60_A,,,,N/A,N/A,N/A,N/A,N/A,N/A,N/A
370,1770571972730,gap_time,N/A,,,,GapTime_1006,N/A,N/A,N/A,N/A,N/A,N/A
370,1770571973738,Sentence shown,HF_41_A,,true,true,N/A,N/A,N/A,N/A,N/A,N/A,N/A
370,1770571975915,Validation IR pressed,HF_41_A,,true,true,Spacebar,1,N/A,2176,N/A,N/A,N/A
370,1770571975915,IR pressed,HF_41_A,,true,true,Spacebar,1,N/A,2176,N/A,N/A,N/A
370,1770571976524,WR pressed,HF_41_A,,true,true,No,N/A,N/A,N/A,609,N/A,N/A
370,1770571976524,gap_time,N/A,,true,true,GapTime_1181,N/A,N/A,N/A,N/A,N/A,N/A
370,1770571977707,Sentence shown,HF_43_A,,,,N/A,N/A,N/A,N/A,N/A,N/A,N/A
370,1770571981708,gap_time,N/A,,,,GapTime_914,N/A,N/A,N/A,N/A,N/A,N/A
370,1770571982623,Sentence shown,HF_60_A,,true,true,N/A,N/A,N/A,N/A,N/A,N/A,N/A
370,1770571986624,Validation Missed,HF_60_A,,true,true,None,0,N/A,N/A,N/A,N/A,N/A
370,1770571986625,gap_time,N/A,,true,true,GapTime_812,N/A,N/A,N/A,N/A,N/A,N/A
370,1770571987438,Sentence shown,LVL_134_A,true,,true,N/A,N/A,N/A,N/A,N/A,N/A,N/A
370,1770571990139,IR pressed,LVL_134_A,true,,true,Spacebar,1,N/A,2701,N/A,N/A,N/A
370,1770571990489,WR pressed,LVL_134_A,true,,true,No,N/A,0,N/A,350,N/A,N/A
370,1770571990489,gap_time,N/A,true,,true,GapTime_718,N/A,N/A,N/A,N/A,N/A,N/A
370,1770571991209,Sentence shown,HVL_154_P,true,,true,N/A,N/A,N/A,N/A,N/A,N/A,N/A
370,1770571995210,gap_time,N/A,true,,true,GapTime_920,N/A,N/A,N/A,N/A,N/A,N/A
370,1770571996132,Sentence shown,HF_43_A,,true,true,N/A,N/A,N/A,N/A,N/A,N/A,N/A
370,1770571998395,Validation IR pressed,HF_43_A,,true,true,Spacebar,1,N/A,2262,N/A,N/A,N/A
370,1770571998395,IR pressed,HF_43_A,,true,true,Spacebar,1,N/A,2262,N/A,N/A,N/A
370,1770571998891,WR pressed,HF_43_A,,true,true,Yes,N/A,N/A,N/A,496,N/A,N/A
370,1770571998892,gap_time,N/A,,true,true,GapTime_919,N/A,N/A,N/A,N/A,N/A,N/A
370,1770571999812,Sentence shown,LVH_109_P,true,,,N/A,N/A,N/A,N/A,N/A,N/A,N/A
370,1770572003814,gap_time,N/A,true,,,GapTime_863,N/A,N/A,N/A,N/A,N/A,N/A
370,1770572004678,Sentence shown,HF_47_A,,,,N/A,N/A,N/A,N/A,N/A,N/A,N/A
370,1770572008679,gap_time,N/A,,,,GapTime_1034,N/A,N/A,N/A,N/A,N/A,N/A
370,1770572009715,Sentence shown,LVL_145_A,true,,,N/A,N/A,N/A,N/A,N/A,N/A,N/A
370,1770572013716,gap_time,N/A,true,,,GapTime_1169,N/A,N/A,N/A,N/A,N/A,N/A
370,1770572014886,Sentence shown,HF_46_A,,,,N/A,N/A,N/A,N/A,N/A,N/A,N/A
370,1770572018887,gap_time,N/A,,,,GapTime_810,N/A,N/A,N/A,N/A,N/A,N/A
370,1770572019699,Sentence shown,LVL_147_P,true,,,N/A,N/A,N/A,N/A,N/A,N/A,N/A
370,1770572023700,gap_time,N/A,true,,,GapTime_705,N/A,N/A,N/A,N/A,N/A,N/A
370,1770572024406,Sentence shown,HF_46_A,,true,true,N/A,N/A,N/A,N/A,N/A,N/A,N/A
370,1770572025517,Validation IR pressed,HF_46_A,,true,true,Spacebar,1,N/A,1111,N/A,N/A,N/A
370,1770572025517,IR pressed,HF_46_A,,true,true,Spacebar,1,N/A,1111,N/A,N/A,N/A
370,1770572025686,WR pressed,HF_46_A,,true,true,Yes,N/A,N/A,N/A,169,N/A,N/A
370,1770572025686,gap_time,N/A,,true,true,GapTime_964,N/A,N/A,N/A,N/A,N/A,N/A
370,1770572026652,Sentence shown,HF_42_A,,,,N/A,N/A,N/A,N/A,N/A,N/A,N/A
370,1770572030653,gap_time,N/A,,,,GapTime_722,N/A,N/A,N/A,N/A,N/A,N/A
370,1770572031376,Sentence shown,HF_53_A,,,,N/A,N/A,N/A,N/A,N/A,N/A,N/A
370,1770572035377,gap_time,N/A,,,,GapTime_930,N/A,N/A,N/A,N/A,N/A,N/A
370,1770572036309,Sentence shown,HVL_135_P,true,,,N/A,N/A,N/A,N/A,N/A,N/A,N/A
370,1770572040310,gap_time,N/A,true,,,GapTime_1180,N/A,N/A,N/A,N/A,N/A,N/A
370,1770572041491,Sentence shown,LVL_145_P,true,,true,N/A,N/A,N/A,N/A,N/A,N/A,N/A
370,1770572045492,gap_time,N/A,true,,true,GapTime_788,N/A,N/A,N/A,N/A,N/A,N/A
370,1770572046281,Sentence shown,LVH_109_P,true,,true,N/A,N/A,N/A,N/A,N/A,N/A,N/A
370,1770572048657,IR pressed,LVH_109_P,true,,true,Spacebar,1,N/A,2376,N/A,N/A,N/A
370,1770572048778,WR pressed,LVH_109_P,true,,true,No,N/A,0,N/A,121,N/A,N/A
370,1770572048779,gap_time,N/A,true,,true,GapTime_783,N/A,N/A,N/A,N/A,N/A,N/A
370,1770572049563,Sentence shown,HF_65_A,,,,N/A,N/A,N/A,N/A,N/A,N/A,N/A
370,1770572053564,gap_time,N/A,,,,GapTime_730,N/A,N/A,N/A,N/A,N/A,N/A
370,1770572054295,Sentence shown,HF_55_A,,,,N/A,N/A,N/A,N/A,N/A,N/A,N/A
370,1770572058296,gap_time,N/A,,,,GapTime_867,N/A,N/A,N/A,N/A,N/A,N/A
370,1770572059165,Sentence shown,HF_55_A,,true,true,N/A,N/A,N/A,N/A,N/A,N/A,N/A
370,1770572061259,Validation IR pressed,HF_55_A,,true,true,Spacebar,1,N/A,2094,N/A,N/A,N/A
370,1770572061259,IR pressed,HF_55_A,,true,true,Spacebar,1,N/A,2094,N/A,N/A,N/A
370,1770572061478,WR pressed,HF_55_A,,true,true,No,N/A,N/A,N/A,218,N/A,N/A
370,1770572061478,gap_time,N/A,,true,true,GapTime_847,N/A,N/A,N/A,N/A,N/A,N/A
370,1770572062327,Sentence shown,HF_65_A,,true,true,N/A,N/A,N/A,N/A,N/A,N/A,N/A
370,1770572066327,Validation Missed,HF_65_A,,true,true,None,0,N/A,N/A,N/A,N/A,N/A
370,1770572066328,gap_time,N/A,,true,true,GapTime_1206,N/A,N/A,N/A,N/A,N/A,N/A
370,1770572067534,Sentence shown,HH_148_A,true,,,N/A,N/A,N/A,N/A,N/A,N/A,N/A
370,1770572071536,gap_time,N/A,true,,,GapTime_1218,N/A,N/A,N/A,N/A,N/A,N/A
370,1770572072755,Sentence shown,HVL_144_P,true,,,N/A,N/A,N/A,N/A,N/A,N/A,N/A
370,1770572076756,gap_time,N/A,true,,,GapTime_1121,N/A,N/A,N/A,N/A,N/A,N/A
370,1770572077878,Sentence shown,LVL_147_A,true,,true,N/A,N/A,N/A,N/A,N/A,N/A,N/A
370,1770572081879,gap_time,N/A,true,,true,GapTime_1152,N/A,N/A,N/A,N/A,N/A,N/A
370,1770572083032,Sentence shown,LVH_123_A,true,,,N/A,N/A,N/A,N/A,N/A,N/A,N/A
370,1770572087033,gap_time,N/A,true,,,GapTime_848,N/A,N/A,N/A,N/A,N/A,N/A
370,1770572087882,Sentence shown,HF_62_A,,,,N/A,N/A,N/A,N/A,N/A,N/A,N/A
370,1770572091883,gap_time,N/A,,,,GapTime_922,N/A,N/A,N/A,N/A,N/A,N/A
370,1770572092807,Sentence shown,HVL_135_A,true,,true,N/A,N/A,N/A,N/A,N/A,N/A,N/A
370,1770572094159,IR pressed,HVL_135_A,true,,true,Spacebar,1,N/A,1352,N/A,N/A,N/A
370,1770572094511,WR pressed,HVL_135_A,true,,true,No,N/A,1,N/A,352,N/A,N/A
370,1770572094512,gap_time,N/A,true,,true,GapTime_806,N/A,N/A,N/A,N/A,N/A,N/A
370,1770572095319,Sentence shown,HF_50_A,,,,N/A,N/A,N/A,N/A,N/A,N/A,N/A
370,1770572099320,gap_time,N/A,,,,GapTime_1081,N/A,N/A,N/A,N/A,N/A,N/A
370,1770572100403,Sentence shown,HH_166_A,true,,,N/A,N/A,N/A,N/A,N/A,N/A,N/A
370,1770572104404,gap_time,N/A,true,,,GapTime_993,N/A,N/A,N/A,N/A,N/A,N/A
370,1770572105398,Sentence shown,HF_61_A,,,,N/A,N/A,N/A,N/A,N/A,N/A,N/A
370,1770572109400,gap_time,N/A,,,,GapTime_1036,N/A,N/A,N/A,N/A,N/A,N/A
370,1770572110438,Sentence shown,LVH_178_P,true,,,N/A,N/A,N/A,N/A,N/A,N/A,N/A
370,1770572114439,gap_time,N/A,true,,,GapTime_1277,N/A,N/A,N/A,N/A,N/A,N/A
370,1770572115718,Sentence shown,HVL_144_P,true,,true,N/A,N/A,N/A,N/A,N/A,N/A,N/A
370,1770572117221,IR pressed,HVL_144_P,true,,true,Spacebar,1,N/A,1503,N/A,N/A,N/A
370,1770572117700,WR pressed,HVL_144_P,true,,true,Yes,N/A,1,N/A,479,N/A,N/A
370,1770572117700,gap_time,N/A,true,,true,GapTime_868,N/A,N/A,N/A,N/A,N/A,N/A
370,1770572118570,Sentence shown,HH_148_P,true,,true,N/A,N/A,N/A,N/A,N/A,N/A,N/A
370,1770572121210,IR pressed,HH_148_P,true,,true,Spacebar,1,N/A,2640,N/A,N/A,N/A
370,1770572121600,WR pressed,HH_148_P,true,,true,No,N/A,1,N/A,390,N/A,N/A
370,1770572121600,gap_time,N/A,true,,true,GapTime_1106,N/A,N/A,N/A,N/A,N/A,N/A
370,1770572122707,Sentence shown,HF_56_A,,,,N/A,N/A,N/A,N/A,N/A,N/A,N/A
370,1770572126709,gap_time,N/A,,,,GapTime_951,N/A,N/A,N/A,N/A,N/A,N/A
370,1770572127661,Sentence shown,HF_52_A,,,,N/A,N/A,N/A,N/A,N/A,N/A,N/A
370,1770572129114,Validation Wrong IR pressed,HF_52_A,,,,Spacebar,0,N/A,1453,N/A,N/A,N/A
370,1770572129114,IR pressed,HF_52_A,,,,Spacebar,0,N/A,1453,N/A,N/A,N/A
370,1770572129351,WR pressed,HF_52_A,,,,No,N/A,N/A,N/A,237,N/A,N/A
370,1770572129351,gap_time,N/A,,,,GapTime_1155,N/A,N/A,N/A,N/A,N/A,N/A
370,1770572130508,Sentence shown,LVH_123_P,true,,true,N/A,N/A,N/A,N/A,N/A,N/A,N/A
370,1770572132062,IR pressed,LVH_123_P,true,,true,Spacebar,1,N/A,1553,N/A,N/A,N/A
370,1770572132227,WR pressed,LVH_123_P,true,,true,No,N/A,1,N/A,165,N/A,N/A
370,1770572132228,gap_time,N/A,true,,true,GapTime_1230,N/A,N/A,N/A,N/A,N/A,N/A
370,1770572133459,Sentence shown,HF_36_A,,,,N/A,N/A,N/A,N/A,N/A,N/A,N/A
370,1770572137460,gap_time,N/A,,,,GapTime_1282,N/A,N/A,N/A,N/A,N/A,N/A
370,1770572138744,Sentence shown,HH_166_A,true,,true,N/A,N/A,N/A,N/A,N/A,N/A,N/A
370,1770572139766,IR pressed,HH_166_A,true,,true,Spacebar,1,N/A,1021,N/A,N/A,N/A
370,1770572140394,WR pressed,HH_166_A,true,,true,Yes,N/A,1,N/A,628,N/A,N/A
370,1770572140395,gap_time,N/A,true,,true,GapTime_747,N/A,N/A,N/A,N/A,N/A,N/A
370,1770572141143,Sentence shown,HF_44_A,,,,N/A,N/A,N/A,N/A,N/A,N/A,N/A
370,1770572142622,Validation Wrong IR pressed,HF_44_A,,,,Spacebar,0,N/A,1479,N/A,N/A,N/A
370,1770572142622,IR pressed,HF_44_A,,,,Spacebar,0,N/A,1479,N/A,N/A,N/A
370,1770572142798,WR pressed,HF_44_A,,,,No,N/A,N/A,N/A,176,N/A,N/A
370,1770572142799,gap_time,N/A,,,,GapTime_1017,N/A,N/A,N/A,N/A,N/A,N/A
370,1770572143817,Sentence shown,HF_57_A,,,,N/A,N/A,N/A,N/A,N/A,N/A,N/A
370,1770572147819,gap_time,N/A,,,,GapTime_1135,N/A,N/A,N/A,N/A,N/A,N/A
370,1770572148955,Sentence shown,HF_39_A,,,,N/A,N/A,N/A,N/A,N/A,N/A,N/A
370,1770572152957,gap_time,N/A,,,,GapTime_836,N/A,N/A,N/A,N/A,N/A,N/A
370,1770572153794,Sentence shown,LVH_178_A,true,,true,N/A,N/A,N/A,N/A,N/A,N/A,N/A
370,1770572155702,IR pressed,LVH_178_A,true,,true,Spacebar,1,N/A,1908,N/A,N/A,N/A
370,1770572156308,WR pressed,LVH_178_A,true,,true,No,N/A,1,N/A,606,N/A,N/A
370,1770572156308,gap_time,N/A,true,,true,GapTime_973,N/A,N/A,N/A,N/A,N/A,N/A
370,1770572157283,Sentence shown,HH_163_P,true,,,N/A,N/A,N/A,N/A,N/A,N/A,N/A
370,1770572161284,gap_time,N/A,true,,,GapTime_1125,N/A,N/A,N/A,N/A,N/A,N/A
370,1770572162411,Sentence shown,HF_58_A,,,,N/A,N/A,N/A,N/A,N/A,N/A,N/A
370,1770572166412,gap_time,N/A,,,,GapTime_884,N/A,N/A,N/A,N/A,N/A,N/A
370,1770572167298,Sentence shown,LVH_116_A,true,,,N/A,N/A,N/A,N/A,N/A,N/A,N/A
370,1770572171299,gap_time,N/A,true,,,GapTime_837,N/A,N/A,N/A,N/A,N/A,N/A
370,1770572172138,Sentence shown,HF_35_A,,,,N/A,N/A,N/A,N/A,N/A,N/A,N/A
370,1770572176140,gap_time,N/A,,,,GapTime_1228,N/A,N/A,N/A,N/A,N/A,N/A
370,1770572177370,Sentence shown,HF_40_A,,,,N/A,N/A,N/A,N/A,N/A,N/A,N/A
370,1770572179009,Validation Wrong IR pressed,HF_40_A,,,,Spacebar,0,N/A,1639,N/A,N/A,N/A
370,1770572179009,IR pressed,HF_40_A,,,,Spacebar,0,N/A,1639,N/A,N/A,N/A
370,1770572179201,WR pressed,HF_40_A,,,,No,N/A,N/A,N/A,192,N/A,N/A
370,1770572179202,gap_time,N/A,,,,GapTime_1214,N/A,N/A,N/A,N/A,N/A,N/A
370,1770572180417,Sentence shown,HF_38_A,,,,N/A,N/A,N/A,N/A,N/A,N/A,N/A
370,1770572184418,gap_time,N/A,,,,GapTime_747,N/A,N/A,N/A,N/A,N/A,N/A
370,1770572185167,Sentence shown,HF_35_A,,true,true,N/A,N/A,N/A,N/A,N/A,N/A,N/A
370,1770572186434,Validation IR pressed,HF_35_A,,true,true,Spacebar,1,N/A,1267,N/A,N/A,N/A
370,1770572186434,IR pressed,HF_35_A,,true,true,Spacebar,1,N/A,1267,N/A,N/A,N/A
370,1770572186555,WR pressed,HF_35_A,,true,true,Yes,N/A,N/A,N/A,120,N/A,N/A
370,1770572186555,gap_time,N/A,,true,true,GapTime_1250,N/A,N/A,N/A,N/A,N/A,N/A
370,1770572187806,Sentence shown,HF_54_A,,,,N/A,N/A,N/A,N/A,N/A,N/A,N/A
370,1770572191808,gap_time,N/A,,,,GapTime_1271,N/A,N/A,N/A,N/A,N/A,N/A
370,1770572193079,Sentence shown,HF_49_A,,,,N/A,N/A,N/A,N/A,N/A,N/A,N/A
370,1770572194126,Validation Wrong IR pressed,HF_49_A,,,,Spacebar,0,N/A,1047,N/A,N/A,N/A
370,1770572194126,IR pressed,HF_49_A,,,,Spacebar,0,N/A,1047,N/A,N/A,N/A
370,1770572195434,WR pressed,HF_49_A,,,,No,N/A,N/A,N/A,1308,N/A,N/A
370,1770572195435,gap_time,N/A,,,,GapTime_746,N/A,N/A,N/A,N/A,N/A,N/A
370,1770572196182,Sentence shown,HH_163_P,true,,true,N/A,N/A,N/A,N/A,N/A,N/A,N/A
370,1770572198103,IR pressed,HH_163_P,true,,true,Spacebar,1,N/A,1921,N/A,N/A,N/A
370,1770572198391,WR pressed,HH_163_P,true,,true,Yes,N/A,1,N/A,288,N/A,N/A
370,1770572198392,gap_time,N/A,true,,true,GapTime_1162,N/A,N/A,N/A,N/A,N/A,N/A
370,1770572199556,Sentence shown,LVH_116_A,true,,true,N/A,N/A,N/A,N/A,N/A,N/A,N/A
370,1770572200882,IR pressed,LVH_116_A,true,,true,Spacebar,1,N/A,1326,N/A,N/A,N/A
370,1770572200999,WR pressed,LVH_116_A,true,,true,Yes,N/A,1,N/A,117,N/A,N/A
370,1770572200999,gap_time,N/A,true,,true,GapTime_1141,N/A,N/A,N/A,N/A,N/A,N/A
370,1770572202142,Sentence shown,HF_51_A,,,,N/A,N/A,N/A,N/A,N/A,N/A,N/A
370,1770572206143,gap_time,N/A,,,,GapTime_888,N/A,N/A,N/A,N/A,N/A,N/A
370,1770572207032,Sentence shown,HH_142_P,true,,,N/A,N/A,N/A,N/A,N/A,N/A,N/A
370,1770572211034,gap_time,N/A,true,,,GapTime_840,N/A,N/A,N/A,N/A,N/A,N/A
370,1770572211876,Sentence shown,HF_34_A,,,,N/A,N/A,N/A,N/A,N/A,N/A,N/A
370,1770572213822,Validation Wrong IR pressed,HF_34_A,,,,Spacebar,0,N/A,1946,N/A,N/A,N/A
370,1770572213822,IR pressed,HF_34_A,,,,Spacebar,0,N/A,1946,N/A,N/A,N/A
370,1770572213961,WR pressed,HF_34_A,,,,No,N/A,N/A,N/A,139,N/A,N/A
370,1770572213961,gap_time,N/A,,,,GapTime_1284,N/A,N/A,N/A,N/A,N/A,N/A
370,1770572215247,Sentence shown,HVL_138_A,true,,,N/A,N/A,N/A,N/A,N/A,N/A,N/A
370,1770572219248,gap_time,N/A,true,,,GapTime_702,N/A,N/A,N/A,N/A,N/A,N/A
370,1770572219952,Sentence shown,HH_142_A,true,,true,N/A,N/A,N/A,N/A,N/A,N/A,N/A
370,1770572223093,IR pressed,HH_142_A,true,,true,Spacebar,1,N/A,3141,N/A,N/A,N/A
370,1770572237681,WR pressed,HH_142_A,true,,true,No,N/A,1,N/A,14588,N/A,N/A
370,1770572237681,gap_time,N/A,true,,true,GapTime_968,N/A,N/A,N/A,N/A,N/A,N/A
370,1770572238650,Sentence shown,HVL_138_A,true,,true,N/A,N/A,N/A,N/A,N/A,N/A,N/A
370,1770572242652,gap_time,N/A,true,,true,GapTime_1162,N/A,N/A,N/A,N/A,N/A,N/A
370,1770572243815,Rest Phase started,N/A,true,,true,Rest,N/A,N/A,N/A,N/A,N/A,N/A
370,1770572524339,Sentence shown,HF_69_A,,,,N/A,N/A,N/A,N/A,N/A,N/A,N/A
370,1770572528340,gap_time,N/A,,,,GapTime_862,N/A,N/A,N/A,N/A,N/A,N/A
370,1770572529204,Sentence shown,HF_77_A,,,,N/A,N/A,N/A,N/A,N/A,N/A,N/A
370,1770572533205,gap_time,N/A,,,,GapTime_1212,N/A,N/A,N/A,N/A,N/A,N/A
370,1770572534419,Sentence shown,HF_85_A,,,,N/A,N/A,N/A,N/A,N/A,N/A,N/A
370,1770572538420,gap_time,N/A,,,,GapTime_1300,N/A,N/A,N/A,N/A,N/A,N/A
370,1770572539721,Sentence shown,HF_68_A,,,,N/A,N/A,N/A,N/A,N/A,N/A,N/A
370,1770572543723,gap_time,N/A,,,,GapTime_1227,N/A,N/A,N/A,N/A,N/A,N/A
370,1770572544951,Sentence shown,HF_80_A,,,,N/A,N/A,N/A,N/A,N/A,N/A,N/A
370,1770572548952,gap_time,N/A,,,,GapTime_945,N/A,N/A,N/A,N/A,N/A,N/A
370,1770572549899,Sentence shown,HF_80_A,,true,true,N/A,N/A,N/A,N/A,N/A,N/A,N/A
370,1770572552008,Validation IR pressed,HF_80_A,,true,true,Spacebar,1,N/A,2109,N/A,N/A,N/A
370,1770572552008,IR pressed,HF_80_A,,true,true,Spacebar,1,N/A,2109,N/A,N/A,N/A
370,1770572552939,WR pressed,HF_80_A,,true,true,Yes,N/A,N/A,N/A,931,N/A,N/A
370,1770572552940,gap_time,N/A,,true,true,GapTime_990,N/A,N/A,N/A,N/A,N/A,N/A
370,1770572553931,Sentence shown,HF_72_A,,,,N/A,N/A,N/A,N/A,N/A,N/A,N/A
370,1770572557933,gap_time,N/A,,,,GapTime_1126,N/A,N/A,N/A,N/A,N/A,N/A
370,1770572559060,Sentence shown,HF_91_A,,,,N/A,N/A,N/A,N/A,N/A,N/A,N/A
370,1770572563061,gap_time,N/A,,,,GapTime_1271,N/A,N/A,N/A,N/A,N/A,N/A
370,1770572564333,Sentence shown,HF_96_A,,,,N/A,N/A,N/A,N/A,N/A,N/A,N/A
370,1770572568335,gap_time,N/A,,,,GapTime_728,N/A,N/A,N/A,N/A,N/A,N/A
370,1770572569064,Sentence shown,HF_91_A,,true,true,N/A,N/A,N/A,N/A,N/A,N/A,N/A
370,1770572570843,Validation IR pressed,HF_91_A,,true,true,Spacebar,1,N/A,1779,N/A,N/A,N/A
370,1770572570843,IR pressed,HF_91_A,,true,true,Spacebar,1,N/A,1779,N/A,N/A,N/A
370,1770572571048,WR pressed,HF_91_A,,true,true,Yes,N/A,N/A,N/A,205,N/A,N/A
370,1770572571048,gap_time,N/A,,true,true,GapTime_936,N/A,N/A,N/A,N/A,N/A,N/A
370,1770572571986,Sentence shown,HF_74_A,,,,N/A,N/A,N/A,N/A,N/A,N/A,N/A
370,1770572575987,gap_time,N/A,,,,GapTime_1018,N/A,N/A,N/A,N/A,N/A,N/A
370,1770572577007,Sentence shown,HF_74_A,,true,true,N/A,N/A,N/A,N/A,N/A,N/A,N/A
370,1770572578096,Validation IR pressed,HF_74_A,,true,true,Spacebar,1,N/A,1088,N/A,N/A,N/A
370,1770572578096,IR pressed,HF_74_A,,true,true,Spacebar,1,N/A,1088,N/A,N/A,N/A
370,1770572578222,WR pressed,HF_74_A,,true,true,Yes,N/A,N/A,N/A,126,N/A,N/A
370,1770572578222,gap_time,N/A,,true,true,GapTime_961,N/A,N/A,N/A,N/A,N/A,N/A
370,1770572579185,Sentence shown,HF_81_A,,,,N/A,N/A,N/A,N/A,N/A,N/A,N/A
370,1770572583186,gap_time,N/A,,,,GapTime_1282,N/A,N/A,N/A,N/A,N/A,N/A
370,1770572584470,Sentence shown,HF_76_A,,,,N/A,N/A,N/A,N/A,N/A,N/A,N/A
370,1770572588471,gap_time,N/A,,,,GapTime_1054,N/A,N/A,N/A,N/A,N/A,N/A
370,1770572589527,Sentence shown,HF_76_A,,true,true,N/A,N/A,N/A,N/A,N/A,N/A,N/A
370,1770572590504,Validation IR pressed,HF_76_A,,true,true,Spacebar,1,N/A,977,N/A,N/A,N/A
370,1770572590504,IR pressed,HF_76_A,,true,true,Spacebar,1,N/A,977,N/A,N/A,N/A
370,1770572590593,WR pressed,HF_76_A,,true,true,Yes,N/A,N/A,N/A,89,N/A,N/A
370,1770572590594,gap_time,N/A,,true,true,GapTime_1260,N/A,N/A,N/A,N/A,N/A,N/A
370,1770572591856,Sentence shown,HF_81_A,,true,true,N/A,N/A,N/A,N/A,N/A,N/A,N/A
370,1770572592779,Validation IR pressed,HF_81_A,,true,true,Spacebar,1,N/A,923,N/A,N/A,N/A
370,1770572592779,IR pressed,HF_81_A,,true,true,Spacebar,1,N/A,923,N/A,N/A,N/A
370,1770572592822,WR pressed,HF_81_A,,true,true,Yes,N/A,N/A,N/A,43,N/A,N/A
370,1770572592822,gap_time,N/A,,true,true,GapTime_1074,N/A,N/A,N/A,N/A,N/A,N/A
370,1770572593898,Sentence shown,LVH_121_P,true,,,N/A,N/A,N/A,N/A,N/A,N/A,N/A
370,1770572597899,gap_time,N/A,true,,,GapTime_1163,N/A,N/A,N/A,N/A,N/A,N/A
370,1770572599063,Sentence shown,HH_149_P,true,,,N/A,N/A,N/A,N/A,N/A,N/A,N/A
370,1770572603064,gap_time,N/A,true,,,GapTime_1218,N/A,N/A,N/A,N/A,N/A,N/A
370,1770572604284,Sentence shown,HF_92_A,,,,N/A,N/A,N/A,N/A,N/A,N/A,N/A
370,1770572608285,gap_time,N/A,,,,GapTime_742,N/A,N/A,N/A,N/A,N/A,N/A
370,1770572609028,Sentence shown,HF_92_A,,true,true,N/A,N/A,N/A,N/A,N/A,N/A,N/A
370,1770572610223,Validation IR pressed,HF_92_A,,true,true,Spacebar,1,N/A,1194,N/A,N/A,N/A
370,1770572610223,IR pressed,HF_92_A,,true,true,Spacebar,1,N/A,1194,N/A,N/A,N/A
370,1770572610302,WR pressed,HF_92_A,,true,true,Yes,N/A,N/A,N/A,79,N/A,N/A
370,1770572610302,gap_time,N/A,,true,true,GapTime_924,N/A,N/A,N/A,N/A,N/A,N/A
370,1770572611228,Sentence shown,HF_89_A,,,,N/A,N/A,N/A,N/A,N/A,N/A,N/A
370,1770572615229,gap_time,N/A,,,,GapTime_849,N/A,N/A,N/A,N/A,N/A,N/A
370,1770572616079,Sentence shown,LVH_121_A,true,,true,N/A,N/A,N/A,N/A,N/A,N/A,N/A
370,1770572618638,IR pressed,LVH_121_A,true,,true,Spacebar,1,N/A,2559,N/A,N/A,N/A
370,1770572618838,WR pressed,LVH_121_A,true,,true,No,N/A,1,N/A,200,N/A,N/A
370,1770572618838,gap_time,N/A,true,,true,GapTime_1016,N/A,N/A,N/A,N/A,N/A,N/A
370,1770572619856,Sentence shown,HF_86_A,,,,N/A,N/A,N/A,N/A,N/A,N/A,N/A
370,1770572623856,gap_time,N/A,,,,GapTime_763,N/A,N/A,N/A,N/A,N/A,N/A
370,1770572624621,Sentence shown,HF_89_A,,true,true,N/A,N/A,N/A,N/A,N/A,N/A,N/A
370,1770572626058,Validation IR pressed,HF_89_A,,true,true,Spacebar,1,N/A,1437,N/A,N/A,N/A
370,1770572626058,IR pressed,HF_89_A,,true,true,Spacebar,1,N/A,1437,N/A,N/A,N/A
370,1770572626118,WR pressed,HF_89_A,,true,true,Yes,N/A,N/A,N/A,60,N/A,N/A
370,1770572626118,gap_time,N/A,,true,true,GapTime_1075,N/A,N/A,N/A,N/A,N/A,N/A
370,1770572627195,Sentence shown,HF_78_A,,,,N/A,N/A,N/A,N/A,N/A,N/A,N/A
370,1770572631196,gap_time,N/A,,,,GapTime_874,N/A,N/A,N/A,N/A,N/A,N/A
370,1770572632072,Sentence shown,HF_95_A,,,,N/A,N/A,N/A,N/A,N/A,N/A,N/A
370,1770572636073,gap_time,N/A,,,,GapTime_866,N/A,N/A,N/A,N/A,N/A,N/A
370,1770572636940,Sentence shown,HH_149_P,true,,true,N/A,N/A,N/A,N/A,N/A,N/A,N/A
370,1770572638237,IR pressed,HH_149_P,true,,true,Spacebar,1,N/A,1297,N/A,N/A,N/A
370,1770572638279,WR pressed,HH_149_P,true,,true,Yes,N/A,1,N/A,42,N/A,N/A
370,1770572638279,gap_time,N/A,true,,true,GapTime_822,N/A,N/A,N/A,N/A,N/A,N/A
370,1770572639103,Sentence shown,HF_75_A,,,,N/A,N/A,N/A,N/A,N/A,N/A,N/A
370,1770572643104,gap_time,N/A,,,,GapTime_1044,N/A,N/A,N/A,N/A,N/A,N/A
370,1770572644149,Sentence shown,HF_73_A,,,,N/A,N/A,N/A,N/A,N/A,N/A,N/A
370,1770572648151,gap_time,N/A,,,,GapTime_1105,N/A,N/A,N/A,N/A,N/A,N/A
370,1770572649257,Sentence shown,HF_79_A,,,,N/A,N/A,N/A,N/A,N/A,N/A,N/A
370,1770572653260,gap_time,N/A,,,,GapTime_728,N/A,N/A,N/A,N/A,N/A,N/A
370,1770572653989,Sentence shown,HF_71_A,,,,N/A,N/A,N/A,N/A,N/A,N/A,N/A
370,1770572657990,gap_time,N/A,,,,GapTime_868,N/A,N/A,N/A,N/A,N/A,N/A
370,1770572658859,Sentence shown,HF_67_A,,,,N/A,N/A,N/A,N/A,N/A,N/A,N/A
370,1770572662861,gap_time,N/A,,,,GapTime_1028,N/A,N/A,N/A,N/A,N/A,N/A
370,1770572663890,Sentence shown,HF_84_A,,,,N/A,N/A,N/A,N/A,N/A,N/A,N/A
370,1770572667891,gap_time,N/A,,,,GapTime_1042,N/A,N/A,N/A,N/A,N/A,N/A
370,1770572668935,Sentence shown,HF_93_A,,,,N/A,N/A,N/A,N/A,N/A,N/A,N/A
370,1770572672936,gap_time,N/A,,,,GapTime_1235,N/A,N/A,N/A,N/A,N/A,N/A
370,1770572674172,Sentence shown,HF_93_A,,true,true,N/A,N/A,N/A,N/A,N/A,N/A,N/A
370,1770572675622,Validation IR pressed,HF_93_A,,true,true,Spacebar,1,N/A,1450,N/A,N/A,N/A
370,1770572675622,IR pressed,HF_93_A,,true,true,Spacebar,1,N/A,1450,N/A,N/A,N/A
370,1770572675705,WR pressed,HF_93_A,,true,true,Yes,N/A,N/A,N/A,83,N/A,N/A
370,1770572675705,gap_time,N/A,,true,true,GapTime_968,N/A,N/A,N/A,N/A,N/A,N/A
370,1770572676675,Sentence shown,HF_70_A,,,,N/A,N/A,N/A,N/A,N/A,N/A,N/A
370,1770572680257,Validation Wrong IR pressed,HF_70_A,,,,Spacebar,0,N/A,3582,N/A,N/A,N/A
370,1770572680257,IR pressed,HF_70_A,,,,Spacebar,0,N/A,3582,N/A,N/A,N/A
370,1770572680339,WR pressed,HF_70_A,,,,No,N/A,N/A,N/A,82,N/A,N/A
370,1770572680340,gap_time,N/A,,,,GapTime_1005,N/A,N/A,N/A,N/A,N/A,N/A
370,1770572681346,Sentence shown,HF_82_A,,,,N/A,N/A,N/A,N/A,N/A,N/A,N/A
370,1770572685348,gap_time,N/A,,,,GapTime_897,N/A,N/A,N/A,N/A,N/A,N/A
370,1770572686246,Sentence shown,LVH_137_A,true,,,N/A,N/A,N/A,N/A,N/A,N/A,N/A
370,1770572690247,gap_time,N/A,true,,,GapTime_991,N/A,N/A,N/A,N/A,N/A,N/A
370,1770572691240,Sentence shown,LVL_131_P,true,,,N/A,N/A,N/A,N/A,N/A,N/A,N/A
370,1770572695241,gap_time,N/A,true,,,GapTime_1218,N/A,N/A,N/A,N/A,N/A,N/A
370,1770572696460,Sentence shown,HF_90_A,,,,N/A,N/A,N/A,N/A,N/A,N/A,N/A
370,1770572700462,gap_time,N/A,,,,GapTime_1233,N/A,N/A,N/A,N/A,N/A,N/A
370,1770572701696,Sentence shown,HVL_146_P,true,,,N/A,N/A,N/A,N/A,N/A,N/A,N/A
370,1770572705698,gap_time,N/A,true,,,GapTime_944,N/A,N/A,N/A,N/A,N/A,N/A
370,1770572706643,Sentence shown,HF_90_A,,true,true,N/A,N/A,N/A,N/A,N/A,N/A,N/A
370,1770572707786,Validation IR pressed,HF_90_A,,true,true,Spacebar,1,N/A,1143,N/A,N/A,N/A
370,1770572707786,IR pressed,HF_90_A,,true,true,Spacebar,1,N/A,1143,N/A,N/A,N/A
370,1770572708364,WR pressed,HF_90_A,,true,true,Yes,N/A,N/A,N/A,578,N/A,N/A
370,1770572708364,gap_time,N/A,,true,true,GapTime_1053,N/A,N/A,N/A,N/A,N/A,N/A
370,1770572709419,Sentence shown,HF_87_A,,,,N/A,N/A,N/A,N/A,N/A,N/A,N/A
370,1770572713421,gap_time,N/A,,,,GapTime_912,N/A,N/A,N/A,N/A,N/A,N/A
370,1770572714334,Sentence shown,HF_87_A,,true,true,N/A,N/A,N/A,N/A,N/A,N/A,N/A
370,1770572715345,Validation IR pressed,HF_87_A,,true,true,Spacebar,1,N/A,1011,N/A,N/A,N/A
370,1770572715345,IR pressed,HF_87_A,,true,true,Spacebar,1,N/A,1011,N/A,N/A,N/A
370,1770572715457,WR pressed,HF_87_A,,true,true,Yes,N/A,N/A,N/A,112,N/A,N/A
370,1770572715458,gap_time,N/A,,true,true,GapTime_1028,N/A,N/A,N/A,N/A,N/A,N/A
370,1770572716487,Sentence shown,LVH_172_P,true,,,N/A,N/A,N/A,N/A,N/A,N/A,N/A
370,1770572720488,gap_time,N/A,true,,,GapTime_1268,N/A,N/A,N/A,N/A,N/A,N/A
370,1770572721758,Sentence shown,LVL_124_A,true,,,N/A,N/A,N/A,N/A,N/A,N/A,N/A
370,1770572725759,gap_time,N/A,true,,,GapTime_758,N/A,N/A,N/A,N/A,N/A,N/A
370,1770572726518,Sentence shown,HVL_111_A,true,,,N/A,N/A,N/A,N/A,N/A,N/A,N/A
370,1770572730520,gap_time,N/A,true,,,GapTime_1285,N/A,N/A,N/A,N/A,N/A,N/A
370,1770572731806,Sentence shown,LVH_137_P,true,,true,N/A,N/A,N/A,N/A,N/A,N/A,N/A
370,1770572735808,gap_time,N/A,true,,true,GapTime_820,N/A,N/A,N/A,N/A,N/A,N/A
370,1770572736629,Sentence shown,HH_170_P,true,,,N/A,N/A,N/A,N/A,N/A,N/A,N/A
370,1770572740630,gap_time,N/A,true,,,GapTime_1249,N/A,N/A,N/A,N/A,N/A,N/A
370,1770572741881,Sentence shown,LVL_131_A,true,,true,N/A,N/A,N/A,N/A,N/A,N/A,N/A
370,1770572745882,gap_time,N/A,true,,true,GapTime_1256,N/A,N/A,N/A,N/A,N/A,N/A
370,1770572747140,Sentence shown,HH_156_A,true,,,N/A,N/A,N/A,N/A,N/A,N/A,N/A
370,1770572751141,gap_time,N/A,true,,,GapTime_879,N/A,N/A,N/A,N/A,N/A,N/A
370,1770572752022,Sentence shown,HF_97_A,,,,N/A,N/A,N/A,N/A,N/A,N/A,N/A
370,1770572756023,gap_time,N/A,,,,GapTime_763,N/A,N/A,N/A,N/A,N/A,N/A
370,1770572756788,Sentence shown,HVL_146_P,true,,true,N/A,N/A,N/A,N/A,N/A,N/A,N/A
370,1770572760789,gap_time,N/A,true,,true,GapTime_1042,N/A,N/A,N/A,N/A,N/A,N/A
370,1770572761833,Sentence shown,HF_83_A,,,,N/A,N/A,N/A,N/A,N/A,N/A,N/A
370,1770572765834,gap_time,N/A,,,,GapTime_1252,N/A,N/A,N/A,N/A,N/A,N/A
370,1770572767087,Sentence shown,LVL_124_A,true,,true,N/A,N/A,N/A,N/A,N/A,N/A,N/A
370,1770572771088,gap_time,N/A,true,,true,GapTime_1263,N/A,N/A,N/A,N/A,N/A,N/A
370,1770572772353,Sentence shown,LVH_172_P,true,,true,N/A,N/A,N/A,N/A,N/A,N/A,N/A
370,1770572773673,IR pressed,LVH_172_P,true,,true,Spacebar,1,N/A,1319,N/A,N/A,N/A
370,1770572773832,WR pressed,LVH_172_P,true,,true,Yes,N/A,1,N/A,159,N/A,N/A
370,1770572773833,gap_time,N/A,true,,true,GapTime_906,N/A,N/A,N/A,N/A,N/A,N/A
370,1770572774740,Sentence shown,HH_160_A,true,,,N/A,N/A,N/A,N/A,N/A,N/A,N/A
370,1770572778742,gap_time,N/A,true,,,GapTime_885,N/A,N/A,N/A,N/A,N/A,N/A
370,1770572779628,Sentence shown,HF_66_A,,,,N/A,N/A,N/A,N/A,N/A,N/A,N/A
370,1770572783629,gap_time,N/A,,,,GapTime_886,N/A,N/A,N/A,N/A,N/A,N/A
370,1770572784517,Sentence shown,HVL_111_A,true,,true,N/A,N/A,N/A,N/A,N/A,N/A,N/A
370,1770572785968,IR pressed,HVL_111_A,true,,true,Spacebar,1,N/A,1451,N/A,N/A,N/A
370,1770572786090,WR pressed,HVL_111_A,true,,true,Yes,N/A,1,N/A,122,N/A,N/A
370,1770572786091,gap_time,N/A,true,,true,GapTime_1244,N/A,N/A,N/A,N/A,N/A,N/A
370,1770572787336,Sentence shown,HF_88_A,,,,N/A,N/A,N/A,N/A,N/A,N/A,N/A
370,1770572788416,Validation Wrong IR pressed,HF_88_A,,,,Spacebar,0,N/A,1080,N/A,N/A,N/A
370,1770572788416,IR pressed,HF_88_A,,,,Spacebar,0,N/A,1080,N/A,N/A,N/A
370,1770572788558,WR pressed,HF_88_A,,,,No,N/A,N/A,N/A,142,N/A,N/A
370,1770572788558,gap_time,N/A,,,,GapTime_952,N/A,N/A,N/A,N/A,N/A,N/A
370,1770572789511,Sentence shown,HH_156_P,true,,true,N/A,N/A,N/A,N/A,N/A,N/A,N/A
370,1770572790883,IR pressed,HH_156_P,true,,true,Spacebar,1,N/A,1372,N/A,N/A,N/A
370,1770572791275,WR pressed,HH_156_P,true,,true,No,N/A,1,N/A,392,N/A,N/A
370,1770572791276,gap_time,N/A,true,,true,GapTime_1168,N/A,N/A,N/A,N/A,N/A,N/A
370,1770572792445,Sentence shown,HVL_151_A,true,,,N/A,N/A,N/A,N/A,N/A,N/A,N/A
370,1770572796446,gap_time,N/A,true,,,GapTime_1005,N/A,N/A,N/A,N/A,N/A,N/A
370,1770572797452,Sentence shown,HH_170_A,true,,true,N/A,N/A,N/A,N/A,N/A,N/A,N/A
370,1770572798715,IR pressed,HH_170_A,true,,true,Spacebar,1,N/A,1263,N/A,N/A,N/A
370,1770572799065,WR pressed,HH_170_A,true,,true,Yes,N/A,0,N/A,349,N/A,N/A
370,1770572799065,gap_time,N/A,true,,true,GapTime_1170,N/A,N/A,N/A,N/A,N/A,N/A
370,1770572800236,Sentence shown,LVH_138_A,true,,,N/A,N/A,N/A,N/A,N/A,N/A,N/A
370,1770572804238,gap_time,N/A,true,,,GapTime_1237,N/A,N/A,N/A,N/A,N/A,N/A
370,1770572805476,Sentence shown,HVL_104_P,true,,,N/A,N/A,N/A,N/A,N/A,N/A,N/A
370,1770572809445,Validation Wrong IR pressed,HVL_104_P,true,,,Spacebar,0,N/A,3969,N/A,N/A,N/A
370,1770572809445,IR pressed,HVL_104_P,true,,,Spacebar,0,N/A,3969,N/A,N/A,N/A
370,1770572809638,WR pressed,HVL_104_P,true,,,No,N/A,1,N/A,193,N/A,N/A
370,1770572809638,gap_time,N/A,true,,,GapTime_1075,N/A,N/A,N/A,N/A,N/A,N/A
370,1770572810714,Sentence shown,HF_94_A,,,,N/A,N/A,N/A,N/A,N/A,N/A,N/A
370,1770572814715,gap_time,N/A,,,,GapTime_803,N/A,N/A,N/A,N/A,N/A,N/A
370,1770572815520,Sentence shown,LVL_105_P,true,,,N/A,N/A,N/A,N/A,N/A,N/A,N/A
370,1770572819521,gap_time,N/A,true,,,GapTime_1024,N/A,N/A,N/A,N/A,N/A,N/A
370,1770572820546,Sentence shown,HH_160_A,true,,true,N/A,N/A,N/A,N/A,N/A,N/A,N/A
370,1770572821846,IR pressed,HH_160_A,true,,true,Spacebar,1,N/A,1300,N/A,N/A,N/A
370,1770572821975,WR pressed,HH_160_A,true,,true,Yes,N/A,1,N/A,128,N/A,N/A
370,1770572821975,gap_time,N/A,true,,true,GapTime_770,N/A,N/A,N/A,N/A,N/A,N/A
370,1770572822746,Sentence shown,LVL_112_A,true,,,N/A,N/A,N/A,N/A,N/A,N/A,N/A
370,1770572826748,gap_time,N/A,true,,,GapTime_1131,N/A,N/A,N/A,N/A,N/A,N/A
370,1770572827880,Sentence shown,HVL_151_P,true,,true,N/A,N/A,N/A,N/A,N/A,N/A,N/A
370,1770572829515,IR pressed,HVL_151_P,true,,true,Spacebar,1,N/A,1635,N/A,N/A,N/A
370,1770572829815,WR pressed,HVL_151_P,true,,true,No,N/A,1,N/A,300,N/A,N/A
370,1770572829815,gap_time,N/A,true,,true,GapTime_1036,N/A,N/A,N/A,N/A,N/A,N/A
370,1770572830853,Sentence shown,LVH_138_A,true,,true,N/A,N/A,N/A,N/A,N/A,N/A,N/A
370,1770572831726,IR pressed,LVH_138_A,true,,true,Spacebar,1,N/A,873,N/A,N/A,N/A
370,1770572832026,WR pressed,LVH_138_A,true,,true,Yes,N/A,1,N/A,300,N/A,N/A
370,1770572832026,gap_time,N/A,true,,true,GapTime_895,N/A,N/A,N/A,N/A,N/A,N/A
370,1770572832923,Sentence shown,HVL_104_A,true,,true,N/A,N/A,N/A,N/A,N/A,N/A,N/A
370,1770572834060,IR pressed,HVL_104_A,true,,true,Spacebar,1,N/A,1137,N/A,N/A,N/A
370,1770572834300,WR pressed,HVL_104_A,true,,true,Yes,N/A,0,N/A,240,N/A,N/A
370,1770572834301,gap_time,N/A,true,,true,GapTime_721,N/A,N/A,N/A,N/A,N/A,N/A
370,1770572835023,Sentence shown,LVL_105_P,true,,true,N/A,N/A,N/A,N/A,N/A,N/A,N/A
370,1770572839024,gap_time,N/A,true,,true,GapTime_1066,N/A,N/A,N/A,N/A,N/A,N/A
370,1770572840092,Sentence shown,LVL_112_P,true,,true,N/A,N/A,N/A,N/A,N/A,N/A,N/A
370,1770572841104,IR pressed,LVL_112_P,true,,true,Spacebar,1,N/A,1012,N/A,N/A,N/A
370,1770572841244,WR pressed,LVL_112_P,true,,true,Yes,N/A,0,N/A,140,N/A,N/A
370,1770572841244,gap_time,N/A,true,,true,GapTime_797,N/A,N/A,N/A,N/A,N/A,N/A
