participant_ID,Timestamp,Event,Stimulus,isTarget,isValidation,isRepeat,Button,Accuracy IR,Accuracy WR,Reaction_time_IR,Reaction_time_WR,CR_IR,CR_WR
374,1770573812257,Practice Sentence shown,HL_24_A,,,,N/A,N/A,N/A,N/A,N/A,N/A,N/A
374,1770573814265,Practice IR pressed,HL_24_A,,,,Spacebar,0,N/A,2008,N/A,N/A,N/A
374,1770573823704,Practice Sentence shown,HL_107_A,,,,N/A,N/A,N/A,N/A,N/A,N/A,N/A
374,1770573829209,Practice Sentence shown,HL_44_A,,,,N/A,N/A,N/A,N/A,N/A,N/A,N/A
374,1770573834713,Practice Sentence shown,HH_125_A,true,,,N/A,N/A,N/A,N/A,N/A,N/A,N/A
374,1770573840216,Practice Sentence shown,HH_124_A,true,,,N/A,N/A,N/A,N/A,N/A,N/A,N/A
374,1770573845720,Practice Sentence shown,HL_14_A,,,,N/A,N/A,N/A,N/A,N/A,N/A,N/A
374,1770573851224,Practice Sentence shown,HL_18_A,,,,N/A,N/A,N/A,N/A,N/A,N/A,N/A
374,1770573856729,Practice Sentence shown,HH_129_A,true,,,N/A,N/A,N/A,N/A,N/A,N/A,N/A
374,1770573862233,Practice Sentence shown,HH_125_P,true,,true,N/A,N/A,N/A,N/A,N/A,N/A,N/A
374,1770573863945,Practice IR pressed,HH_125_P,true,,true,Spacebar,1,N/A,1712,N/A,N/A,N/A
374,1770573870966,Practice WR pressed,HH_125_P,true,,true,No,N/A,1,N/A,7021,N/A,N/A
374,1770573872467,Practice Sentence shown,HH_115_A,true,,,N/A,N/A,N/A,N/A,N/A,N/A,N/A
374,1770573877972,Practice Sentence shown,HL_43_A,,,,N/A,N/A,N/A,N/A,N/A,N/A,N/A
374,1770573883476,Practice Sentence shown,HH_116_A,true,,,N/A,N/A,N/A,N/A,N/A,N/A,N/A
374,1770573888979,Practice Sentence shown,HL_55_A,,,,N/A,N/A,N/A,N/A,N/A,N/A,N/A
374,1770573894483,Practice Sentence shown,HH_124_P,true,,true,N/A,N/A,N/A,N/A,N/A,N/A,N/A
374,1770573896163,Practice IR pressed,HH_124_P,true,,true,Spacebar,1,N/A,1680,N/A,N/A,N/A
374,1770573897543,Practice WR pressed,HH_124_P,true,,true,Yes,N/A,0,N/A,1380,N/A,N/A
374,1770573900783,Practice Sentence shown,HH_115_A,true,,true,N/A,N/A,N/A,N/A,N/A,N/A,N/A
374,1770573902259,Practice IR pressed,HH_115_A,true,,true,Spacebar,1,N/A,1476,N/A,N/A,N/A
374,1770573903528,Practice WR pressed,HH_115_A,true,,true,Yes,N/A,1,N/A,1269,N/A,N/A
374,1770573905030,Practice Sentence shown,HL_4_A,,,,N/A,N/A,N/A,N/A,N/A,N/A,N/A
374,1770573910535,Practice Sentence shown,HH_129_P,true,,true,N/A,N/A,N/A,N/A,N/A,N/A,N/A
374,1770573912633,Practice IR pressed,HH_129_P,true,,true,Spacebar,1,N/A,2098,N/A,N/A,N/A
374,1770573913744,Practice WR pressed,HH_129_P,true,,true,No,N/A,1,N/A,1111,N/A,N/A
374,1770573915246,Practice Sentence shown,HL_15_A,,,,N/A,N/A,N/A,N/A,N/A,N/A,N/A
374,1770573920749,Practice Sentence shown,HH_116_A,true,,true,N/A,N/A,N/A,N/A,N/A,N/A,N/A
374,1770573922053,Practice IR pressed,HH_116_A,true,,true,Spacebar,1,N/A,1304,N/A,N/A,N/A
374,1770573923208,Practice WR pressed,HH_116_A,true,,true,Yes,N/A,1,N/A,1155,N/A,N/A
374,1770573924710,Practice Sentence shown,HL_27_A,,,,N/A,N/A,N/A,N/A,N/A,N/A,N/A
374,1770573948555,Sentence shown,HF_8_A,,,,N/A,N/A,N/A,N/A,N/A,N/A,N/A
374,1770573952557,gap_time,N/A,,,,GapTime_914,N/A,N/A,N/A,N/A,N/A,N/A
374,1770573953474,Sentence shown,LVL_142_A,true,,,N/A,N/A,N/A,N/A,N/A,N/A,N/A
374,1770573957476,gap_time,N/A,true,,,GapTime_762,N/A,N/A,N/A,N/A,N/A,N/A
374,1770573958241,Sentence shown,HF_24_A,,,,N/A,N/A,N/A,N/A,N/A,N/A,N/A
374,1770573962243,gap_time,N/A,,,,GapTime_999,N/A,N/A,N/A,N/A,N/A,N/A
374,1770573963244,Sentence shown,HH_188_P,true,,,N/A,N/A,N/A,N/A,N/A,N/A,N/A
374,1770573967246,gap_time,N/A,true,,,GapTime_1064,N/A,N/A,N/A,N/A,N/A,N/A
374,1770573968312,Sentence shown,HF_24_A,,true,true,N/A,N/A,N/A,N/A,N/A,N/A,N/A
374,1770573972313,Validation Missed,HF_24_A,,true,true,None,0,N/A,N/A,N/A,N/A,N/A
374,1770573972313,gap_time,N/A,,true,true,GapTime_842,N/A,N/A,N/A,N/A,N/A,N/A
374,1770573973157,Sentence shown,HF_25_A,,,,N/A,N/A,N/A,N/A,N/A,N/A,N/A
374,1770573977159,gap_time,N/A,,,,GapTime_931,N/A,N/A,N/A,N/A,N/A,N/A
374,1770573978092,Sentence shown,HF_25_A,,true,true,N/A,N/A,N/A,N/A,N/A,N/A,N/A
374,1770573979654,Validation IR pressed,HF_25_A,,true,true,Spacebar,1,N/A,1562,N/A,N/A,N/A
374,1770573979654,IR pressed,HF_25_A,,true,true,Spacebar,1,N/A,1562,N/A,N/A,N/A
374,1770573980791,WR pressed,HF_25_A,,true,true,Yes,N/A,N/A,N/A,1137,N/A,N/A
374,1770573980791,gap_time,N/A,,true,true,GapTime_801,N/A,N/A,N/A,N/A,N/A,N/A
374,1770573981594,Sentence shown,LVH_137_P,true,,,N/A,N/A,N/A,N/A,N/A,N/A,N/A
374,1770573985596,gap_time,N/A,true,,,GapTime_778,N/A,N/A,N/A,N/A,N/A,N/A
374,1770573986376,Sentence shown,HH_171_A,true,,,N/A,N/A,N/A,N/A,N/A,N/A,N/A
374,1770573990378,gap_time,N/A,true,,,GapTime_870,N/A,N/A,N/A,N/A,N/A,N/A
374,1770573991250,Sentence shown,HF_7_A,,,,N/A,N/A,N/A,N/A,N/A,N/A,N/A
374,1770573995252,gap_time,N/A,,,,GapTime_976,N/A,N/A,N/A,N/A,N/A,N/A
374,1770573996230,Sentence shown,LVL_142_P,true,,true,N/A,N/A,N/A,N/A,N/A,N/A,N/A
374,1770573998103,IR pressed,LVL_142_P,true,,true,Spacebar,1,N/A,1873,N/A,N/A,N/A
374,1770574000050,WR pressed,LVL_142_P,true,,true,No,N/A,1,N/A,1947,N/A,N/A
374,1770574000050,gap_time,N/A,true,,true,GapTime_786,N/A,N/A,N/A,N/A,N/A,N/A
374,1770574000838,Sentence shown,HVL_120_P,true,,,N/A,N/A,N/A,N/A,N/A,N/A,N/A
374,1770574004839,gap_time,N/A,true,,,GapTime_830,N/A,N/A,N/A,N/A,N/A,N/A
374,1770574005672,Sentence shown,HF_12_A,,,,N/A,N/A,N/A,N/A,N/A,N/A,N/A
374,1770574009673,gap_time,N/A,,,,GapTime_781,N/A,N/A,N/A,N/A,N/A,N/A
374,1770574010457,Sentence shown,HH_188_P,true,,true,N/A,N/A,N/A,N/A,N/A,N/A,N/A
374,1770574011555,IR pressed,HH_188_P,true,,true,Spacebar,1,N/A,1098,N/A,N/A,N/A
374,1770574012276,WR pressed,HH_188_P,true,,true,Yes,N/A,1,N/A,721,N/A,N/A
374,1770574012277,gap_time,N/A,true,,true,GapTime_1202,N/A,N/A,N/A,N/A,N/A,N/A
374,1770574013481,Sentence shown,HF_21_A,,,,N/A,N/A,N/A,N/A,N/A,N/A,N/A
374,1770574017484,gap_time,N/A,,,,GapTime_1184,N/A,N/A,N/A,N/A,N/A,N/A
374,1770574018669,Sentence shown,HF_21_A,,true,true,N/A,N/A,N/A,N/A,N/A,N/A,N/A
374,1770574019910,Validation IR pressed,HF_21_A,,true,true,Spacebar,1,N/A,1241,N/A,N/A,N/A
374,1770574019910,IR pressed,HF_21_A,,true,true,Spacebar,1,N/A,1241,N/A,N/A,N/A
374,1770574021260,WR pressed,HF_21_A,,true,true,Yes,N/A,N/A,N/A,1350,N/A,N/A
374,1770574021260,gap_time,N/A,,true,true,GapTime_1167,N/A,N/A,N/A,N/A,N/A,N/A
374,1770574022429,Sentence shown,HF_12_A,,true,true,N/A,N/A,N/A,N/A,N/A,N/A,N/A
374,1770574023525,Validation IR pressed,HF_12_A,,true,true,Spacebar,1,N/A,1096,N/A,N/A,N/A
374,1770574023525,IR pressed,HF_12_A,,true,true,Spacebar,1,N/A,1096,N/A,N/A,N/A
374,1770574024396,WR pressed,HF_12_A,,true,true,Yes,N/A,N/A,N/A,871,N/A,N/A
374,1770574024396,gap_time,N/A,,true,true,GapTime_826,N/A,N/A,N/A,N/A,N/A,N/A
374,1770574025225,Sentence shown,HF_2_A,,,,N/A,N/A,N/A,N/A,N/A,N/A,N/A
374,1770574029227,gap_time,N/A,,,,GapTime_827,N/A,N/A,N/A,N/A,N/A,N/A
374,1770574030056,Sentence shown,LVH_137_P,true,,true,N/A,N/A,N/A,N/A,N/A,N/A,N/A
374,1770574031971,IR pressed,LVH_137_P,true,,true,Spacebar,1,N/A,1915,N/A,N/A,N/A
374,1770574032646,WR pressed,LVH_137_P,true,,true,No,N/A,0,N/A,674,N/A,N/A
374,1770574032647,gap_time,N/A,true,,true,GapTime_782,N/A,N/A,N/A,N/A,N/A,N/A
374,1770574033431,Sentence shown,HH_171_A,true,,true,N/A,N/A,N/A,N/A,N/A,N/A,N/A
374,1770574037433,gap_time,N/A,true,,true,GapTime_849,N/A,N/A,N/A,N/A,N/A,N/A
374,1770574038284,Sentence shown,HF_2_A,,true,true,N/A,N/A,N/A,N/A,N/A,N/A,N/A
374,1770574039859,Validation IR pressed,HF_2_A,,true,true,Spacebar,1,N/A,1575,N/A,N/A,N/A
374,1770574039859,IR pressed,HF_2_A,,true,true,Spacebar,1,N/A,1575,N/A,N/A,N/A
374,1770574040849,WR pressed,HF_2_A,,true,true,Yes,N/A,N/A,N/A,990,N/A,N/A
374,1770574040849,gap_time,N/A,,true,true,GapTime_993,N/A,N/A,N/A,N/A,N/A,N/A
374,1770574041844,Sentence shown,HF_30_A,,,,N/A,N/A,N/A,N/A,N/A,N/A,N/A
374,1770574045846,gap_time,N/A,,,,GapTime_1102,N/A,N/A,N/A,N/A,N/A,N/A
374,1770574046949,Sentence shown,HF_30_A,,true,true,N/A,N/A,N/A,N/A,N/A,N/A,N/A
374,1770574047857,Validation IR pressed,HF_30_A,,true,true,Spacebar,1,N/A,908,N/A,N/A,N/A
374,1770574047857,IR pressed,HF_30_A,,true,true,Spacebar,1,N/A,908,N/A,N/A,N/A
374,1770574048622,WR pressed,HF_30_A,,true,true,Yes,N/A,N/A,N/A,765,N/A,N/A
374,1770574048623,gap_time,N/A,,true,true,GapTime_1199,N/A,N/A,N/A,N/A,N/A,N/A
374,1770574049824,Sentence shown,HF_15_A,,,,N/A,N/A,N/A,N/A,N/A,N/A,N/A
374,1770574051425,Validation Wrong IR pressed,HF_15_A,,,,Spacebar,0,N/A,1601,N/A,N/A,N/A
374,1770574051425,IR pressed,HF_15_A,,,,Spacebar,0,N/A,1601,N/A,N/A,N/A
374,1770574052759,WR pressed,HF_15_A,,,,No,N/A,N/A,N/A,1334,N/A,N/A
374,1770574052759,gap_time,N/A,,,,GapTime_921,N/A,N/A,N/A,N/A,N/A,N/A
374,1770574053682,Sentence shown,HVL_120_A,true,,true,N/A,N/A,N/A,N/A,N/A,N/A,N/A
374,1770574057683,gap_time,N/A,true,,true,GapTime_864,N/A,N/A,N/A,N/A,N/A,N/A
374,1770574058549,Sentence shown,HF_26_A,,,,N/A,N/A,N/A,N/A,N/A,N/A,N/A
374,1770574062550,gap_time,N/A,,,,GapTime_885,N/A,N/A,N/A,N/A,N/A,N/A
374,1770574063437,Sentence shown,HF_10_A,,,,N/A,N/A,N/A,N/A,N/A,N/A,N/A
374,1770574067439,gap_time,N/A,,,,GapTime_970,N/A,N/A,N/A,N/A,N/A,N/A
374,1770574068411,Sentence shown,HH_143_P,true,,,N/A,N/A,N/A,N/A,N/A,N/A,N/A
374,1770574072413,gap_time,N/A,true,,,GapTime_1068,N/A,N/A,N/A,N/A,N/A,N/A
374,1770574073483,Sentence shown,LVL_140_A,true,,,N/A,N/A,N/A,N/A,N/A,N/A,N/A
374,1770574077485,gap_time,N/A,true,,,GapTime_916,N/A,N/A,N/A,N/A,N/A,N/A
374,1770574078403,Sentence shown,HF_5_A,,,,N/A,N/A,N/A,N/A,N/A,N/A,N/A
374,1770574082405,gap_time,N/A,,,,GapTime_973,N/A,N/A,N/A,N/A,N/A,N/A
374,1770574083380,Sentence shown,HF_14_A,,,,N/A,N/A,N/A,N/A,N/A,N/A,N/A
374,1770574087382,gap_time,N/A,,,,GapTime_1226,N/A,N/A,N/A,N/A,N/A,N/A
374,1770574088610,Sentence shown,HH_143_A,true,,true,N/A,N/A,N/A,N/A,N/A,N/A,N/A
374,1770574091998,IR pressed,HH_143_A,true,,true,Spacebar,1,N/A,3388,N/A,N/A,N/A
374,1770574092853,WR pressed,HH_143_A,true,,true,No,N/A,1,N/A,855,N/A,N/A
374,1770574092853,gap_time,N/A,true,,true,GapTime_953,N/A,N/A,N/A,N/A,N/A,N/A
374,1770574093808,Sentence shown,HF_22_A,,,,N/A,N/A,N/A,N/A,N/A,N/A,N/A
374,1770574097810,gap_time,N/A,,,,GapTime_1141,N/A,N/A,N/A,N/A,N/A,N/A
374,1770574098952,Sentence shown,HF_29_A,,,,N/A,N/A,N/A,N/A,N/A,N/A,N/A
374,1770574102954,gap_time,N/A,,,,GapTime_973,N/A,N/A,N/A,N/A,N/A,N/A
374,1770574103929,Sentence shown,LVL_140_A,true,,true,N/A,N/A,N/A,N/A,N/A,N/A,N/A
374,1770574105351,IR pressed,LVL_140_A,true,,true,Spacebar,1,N/A,1421,N/A,N/A,N/A
374,1770574106070,WR pressed,LVL_140_A,true,,true,Yes,N/A,1,N/A,719,N/A,N/A
374,1770574106071,gap_time,N/A,true,,true,GapTime_1196,N/A,N/A,N/A,N/A,N/A,N/A
374,1770574107268,Sentence shown,HF_29_A,,true,true,N/A,N/A,N/A,N/A,N/A,N/A,N/A
374,1770574110097,Validation IR pressed,HF_29_A,,true,true,Spacebar,1,N/A,2829,N/A,N/A,N/A
374,1770574110097,IR pressed,HF_29_A,,true,true,Spacebar,1,N/A,2829,N/A,N/A,N/A
374,1770574110312,WR pressed,HF_29_A,,true,true,Yes,N/A,N/A,N/A,215,N/A,N/A
374,1770574110313,gap_time,N/A,,true,true,GapTime_1128,N/A,N/A,N/A,N/A,N/A,N/A
374,1770574111442,Sentence shown,HF_28_A,,,,N/A,N/A,N/A,N/A,N/A,N/A,N/A
374,1770574115444,gap_time,N/A,,,,GapTime_1284,N/A,N/A,N/A,N/A,N/A,N/A
374,1770574116730,Sentence shown,HF_31_A,,,,N/A,N/A,N/A,N/A,N/A,N/A,N/A
374,1770574120731,gap_time,N/A,,,,GapTime_942,N/A,N/A,N/A,N/A,N/A,N/A
374,1770574121676,Sentence shown,HF_28_A,,true,true,N/A,N/A,N/A,N/A,N/A,N/A,N/A
374,1770574125677,Validation Missed,HF_28_A,,true,true,None,0,N/A,N/A,N/A,N/A,N/A
374,1770574125677,gap_time,N/A,,true,true,GapTime_1179,N/A,N/A,N/A,N/A,N/A,N/A
374,1770574126858,Sentence shown,HF_4_A,,,,N/A,N/A,N/A,N/A,N/A,N/A,N/A
374,1770574128568,Validation Wrong IR pressed,HF_4_A,,,,Spacebar,0,N/A,1710,N/A,N/A,N/A
374,1770574128568,IR pressed,HF_4_A,,,,Spacebar,0,N/A,1710,N/A,N/A,N/A
374,1770574129452,WR pressed,HF_4_A,,,,Yes,N/A,N/A,N/A,884,N/A,N/A
374,1770574129452,gap_time,N/A,,,,GapTime_930,N/A,N/A,N/A,N/A,N/A,N/A
374,1770574130384,Sentence shown,HF_6_A,,,,N/A,N/A,N/A,N/A,N/A,N/A,N/A
374,1770574134386,gap_time,N/A,,,,GapTime_901,N/A,N/A,N/A,N/A,N/A,N/A
374,1770574135289,Sentence shown,HF_4_A,,true,true,N/A,N/A,N/A,N/A,N/A,N/A,N/A
374,1770574136115,Validation IR pressed,HF_4_A,,true,true,Spacebar,1,N/A,826,N/A,N/A,N/A
374,1770574136115,IR pressed,HF_4_A,,true,true,Spacebar,1,N/A,826,N/A,N/A,N/A
374,1770574136342,WR pressed,HF_4_A,,true,true,Yes,N/A,N/A,N/A,227,N/A,N/A
374,1770574136342,gap_time,N/A,,true,true,GapTime_1153,N/A,N/A,N/A,N/A,N/A,N/A
374,1770574137497,Sentence shown,LVH_157_A,true,,,N/A,N/A,N/A,N/A,N/A,N/A,N/A
374,1770574141498,gap_time,N/A,true,,,GapTime_926,N/A,N/A,N/A,N/A,N/A,N/A
374,1770574142425,Sentence shown,HF_9_A,,,,N/A,N/A,N/A,N/A,N/A,N/A,N/A
374,1770574146427,gap_time,N/A,,,,GapTime_1014,N/A,N/A,N/A,N/A,N/A,N/A
374,1770574147443,Sentence shown,HF_19_A,,,,N/A,N/A,N/A,N/A,N/A,N/A,N/A
374,1770574150125,Validation Wrong IR pressed,HF_19_A,,,,Spacebar,0,N/A,2682,N/A,N/A,N/A
374,1770574150125,IR pressed,HF_19_A,,,,Spacebar,0,N/A,2682,N/A,N/A,N/A
374,1770574150678,WR pressed,HF_19_A,,,,No,N/A,N/A,N/A,553,N/A,N/A
374,1770574150679,gap_time,N/A,,,,GapTime_1216,N/A,N/A,N/A,N/A,N/A,N/A
374,1770574151896,Sentence shown,HF_1_A,,,,N/A,N/A,N/A,N/A,N/A,N/A,N/A
374,1770574155898,gap_time,N/A,,,,GapTime_1262,N/A,N/A,N/A,N/A,N/A,N/A
374,1770574157161,Sentence shown,HF_19_A,,true,true,N/A,N/A,N/A,N/A,N/A,N/A,N/A
374,1770574159122,Validation IR pressed,HF_19_A,,true,true,Spacebar,1,N/A,1961,N/A,N/A,N/A
374,1770574159122,IR pressed,HF_19_A,,true,true,Spacebar,1,N/A,1961,N/A,N/A,N/A
374,1770574159947,WR pressed,HF_19_A,,true,true,Yes,N/A,N/A,N/A,825,N/A,N/A
374,1770574159948,gap_time,N/A,,true,true,GapTime_1074,N/A,N/A,N/A,N/A,N/A,N/A
374,1770574161024,Sentence shown,HH_165_A,true,,,N/A,N/A,N/A,N/A,N/A,N/A,N/A
374,1770574165026,gap_time,N/A,true,,,GapTime_902,N/A,N/A,N/A,N/A,N/A,N/A
374,1770574165930,Sentence shown,LVH_157_P,true,,true,N/A,N/A,N/A,N/A,N/A,N/A,N/A
374,1770574169931,gap_time,N/A,true,,true,GapTime_1298,N/A,N/A,N/A,N/A,N/A,N/A
374,1770574171231,Sentence shown,HF_16_A,,,,N/A,N/A,N/A,N/A,N/A,N/A,N/A
374,1770574172893,Validation Wrong IR pressed,HF_16_A,,,,Spacebar,0,N/A,1662,N/A,N/A,N/A
374,1770574172893,IR pressed,HF_16_A,,,,Spacebar,0,N/A,1662,N/A,N/A,N/A
374,1770574173659,WR pressed,HF_16_A,,,,Yes,N/A,N/A,N/A,766,N/A,N/A
374,1770574173659,gap_time,N/A,,,,GapTime_973,N/A,N/A,N/A,N/A,N/A,N/A
374,1770574174634,Sentence shown,HF_18_A,,,,N/A,N/A,N/A,N/A,N/A,N/A,N/A
374,1770574176478,Validation Wrong IR pressed,HF_18_A,,,,Spacebar,0,N/A,1844,N/A,N/A,N/A
374,1770574176478,IR pressed,HF_18_A,,,,Spacebar,0,N/A,1844,N/A,N/A,N/A
374,1770574177124,WR pressed,HF_18_A,,,,No,N/A,N/A,N/A,646,N/A,N/A
374,1770574177124,gap_time,N/A,,,,GapTime_1049,N/A,N/A,N/A,N/A,N/A,N/A
374,1770574178176,Sentence shown,LVL_114_P,true,,,N/A,N/A,N/A,N/A,N/A,N/A,N/A
374,1770574182178,gap_time,N/A,true,,,GapTime_1297,N/A,N/A,N/A,N/A,N/A,N/A
374,1770574183476,Sentence shown,HF_20_A,,,,N/A,N/A,N/A,N/A,N/A,N/A,N/A
374,1770574187477,gap_time,N/A,,,,GapTime_1083,N/A,N/A,N/A,N/A,N/A,N/A
374,1770574188562,Sentence shown,HH_165_P,true,,true,N/A,N/A,N/A,N/A,N/A,N/A,N/A
374,1770574192565,gap_time,N/A,true,,true,GapTime_1149,N/A,N/A,N/A,N/A,N/A,N/A
374,1770574193716,Sentence shown,HF_27_A,,,,N/A,N/A,N/A,N/A,N/A,N/A,N/A
374,1770574195693,Validation Wrong IR pressed,HF_27_A,,,,Spacebar,0,N/A,1977,N/A,N/A,N/A
374,1770574195693,IR pressed,HF_27_A,,,,Spacebar,0,N/A,1977,N/A,N/A,N/A
374,1770574196233,WR pressed,HF_27_A,,,,No,N/A,N/A,N/A,540,N/A,N/A
374,1770574196233,gap_time,N/A,,,,GapTime_1207,N/A,N/A,N/A,N/A,N/A,N/A
374,1770574197442,Sentence shown,HF_17_A,,,,N/A,N/A,N/A,N/A,N/A,N/A,N/A
374,1770574201444,gap_time,N/A,,,,GapTime_1200,N/A,N/A,N/A,N/A,N/A,N/A
374,1770574202646,Sentence shown,LVL_123_P,true,,,N/A,N/A,N/A,N/A,N/A,N/A,N/A
374,1770574206648,gap_time,N/A,true,,,GapTime_791,N/A,N/A,N/A,N/A,N/A,N/A
374,1770574207440,Sentence shown,HVL_100_A,true,,,N/A,N/A,N/A,N/A,N/A,N/A,N/A
374,1770574211441,gap_time,N/A,true,,,GapTime_905,N/A,N/A,N/A,N/A,N/A,N/A
374,1770574212348,Sentence shown,LVL_114_P,true,,true,N/A,N/A,N/A,N/A,N/A,N/A,N/A
374,1770574213542,IR pressed,LVL_114_P,true,,true,Spacebar,1,N/A,1194,N/A,N/A,N/A
374,1770574214309,WR pressed,LVL_114_P,true,,true,Yes,N/A,1,N/A,767,N/A,N/A
374,1770574214310,gap_time,N/A,true,,true,GapTime_1044,N/A,N/A,N/A,N/A,N/A,N/A
374,1770574215355,Sentence shown,LVH_117_A,true,,,N/A,N/A,N/A,N/A,N/A,N/A,N/A
374,1770574219356,gap_time,N/A,true,,,GapTime_1045,N/A,N/A,N/A,N/A,N/A,N/A
374,1770574220402,Sentence shown,HF_13_A,,,,N/A,N/A,N/A,N/A,N/A,N/A,N/A
374,1770574224404,gap_time,N/A,,,,GapTime_1157,N/A,N/A,N/A,N/A,N/A,N/A
374,1770574225563,Sentence shown,LVH_136_P,true,,,N/A,N/A,N/A,N/A,N/A,N/A,N/A
374,1770574229565,gap_time,N/A,true,,,GapTime_1106,N/A,N/A,N/A,N/A,N/A,N/A
374,1770574230673,Sentence shown,HF_23_A,,,,N/A,N/A,N/A,N/A,N/A,N/A,N/A
374,1770574234675,gap_time,N/A,,,,GapTime_1241,N/A,N/A,N/A,N/A,N/A,N/A
374,1770574235917,Sentence shown,HVL_100_P,true,,true,N/A,N/A,N/A,N/A,N/A,N/A,N/A
374,1770574239919,gap_time,N/A,true,,true,GapTime_873,N/A,N/A,N/A,N/A,N/A,N/A
374,1770574240794,Sentence shown,HVL_121_P,true,,,N/A,N/A,N/A,N/A,N/A,N/A,N/A
374,1770574244796,gap_time,N/A,true,,,GapTime_1271,N/A,N/A,N/A,N/A,N/A,N/A
374,1770574246069,Sentence shown,HVL_106_A,true,,,N/A,N/A,N/A,N/A,N/A,N/A,N/A
374,1770574250072,gap_time,N/A,true,,,GapTime_709,N/A,N/A,N/A,N/A,N/A,N/A
374,1770574250783,Sentence shown,LVL_123_A,true,,true,N/A,N/A,N/A,N/A,N/A,N/A,N/A
374,1770574254785,gap_time,N/A,true,,true,GapTime_1164,N/A,N/A,N/A,N/A,N/A,N/A
374,1770574255951,Sentence shown,HF_11_A,,,,N/A,N/A,N/A,N/A,N/A,N/A,N/A
374,1770574259953,gap_time,N/A,,,,GapTime_1228,N/A,N/A,N/A,N/A,N/A,N/A
374,1770574261183,Sentence shown,LVH_117_A,true,,true,N/A,N/A,N/A,N/A,N/A,N/A,N/A
374,1770574264378,IR pressed,LVH_117_A,true,,true,Spacebar,1,N/A,3195,N/A,N/A,N/A
374,1770574265172,WR pressed,LVH_117_A,true,,true,No,N/A,0,N/A,794,N/A,N/A
374,1770574265172,gap_time,N/A,true,,true,GapTime_779,N/A,N/A,N/A,N/A,N/A,N/A
374,1770574265953,Sentence shown,HF_33_A,,,,N/A,N/A,N/A,N/A,N/A,N/A,N/A
374,1770574268069,Validation Wrong IR pressed,HF_33_A,,,,Spacebar,0,N/A,2116,N/A,N/A,N/A
374,1770574268069,IR pressed,HF_33_A,,,,Spacebar,0,N/A,2116,N/A,N/A,N/A
374,1770574268563,WR pressed,HF_33_A,,,,No,N/A,N/A,N/A,494,N/A,N/A
374,1770574268563,gap_time,N/A,,,,GapTime_1240,N/A,N/A,N/A,N/A,N/A,N/A
374,1770574269804,Sentence shown,HF_32_A,,,,N/A,N/A,N/A,N/A,N/A,N/A,N/A
374,1770574273805,gap_time,N/A,,,,GapTime_811,N/A,N/A,N/A,N/A,N/A,N/A
374,1770574274618,Sentence shown,HVL_121_P,true,,true,N/A,N/A,N/A,N/A,N/A,N/A,N/A
374,1770574277114,IR pressed,HVL_121_P,true,,true,Spacebar,1,N/A,2496,N/A,N/A,N/A
374,1770574277770,WR pressed,HVL_121_P,true,,true,No,N/A,0,N/A,656,N/A,N/A
374,1770574277770,gap_time,N/A,true,,true,GapTime_928,N/A,N/A,N/A,N/A,N/A,N/A
374,1770574278700,Sentence shown,LVH_136_A,true,,true,N/A,N/A,N/A,N/A,N/A,N/A,N/A
374,1770574282701,gap_time,N/A,true,,true,GapTime_796,N/A,N/A,N/A,N/A,N/A,N/A
374,1770574283499,Sentence shown,HVL_106_A,true,,true,N/A,N/A,N/A,N/A,N/A,N/A,N/A
374,1770574287477,IR pressed,HVL_106_A,true,,true,Spacebar,1,N/A,3978,N/A,N/A,N/A
374,1770574288183,WR pressed,HVL_106_A,true,,true,Yes,N/A,1,N/A,706,N/A,N/A
374,1770574288183,gap_time,N/A,true,,true,GapTime_966,N/A,N/A,N/A,N/A,N/A,N/A
374,1770574289151,Rest Phase started,N/A,true,,true,Rest,N/A,N/A,N/A,N/A,N/A,N/A
374,1770574294225,Sentence shown,HF_40_A,,,,N/A,N/A,N/A,N/A,N/A,N/A,N/A
374,1770574298227,gap_time,N/A,,,,GapTime_1069,N/A,N/A,N/A,N/A,N/A,N/A
374,1770574299298,Sentence shown,HF_49_A,,,,N/A,N/A,N/A,N/A,N/A,N/A,N/A
374,1770574303300,gap_time,N/A,,,,GapTime_1103,N/A,N/A,N/A,N/A,N/A,N/A
374,1770574304405,Sentence shown,HF_47_A,,,,N/A,N/A,N/A,N/A,N/A,N/A,N/A
374,1770574308407,gap_time,N/A,,,,GapTime_732,N/A,N/A,N/A,N/A,N/A,N/A
374,1770574309140,Sentence shown,HH_149_P,true,,,N/A,N/A,N/A,N/A,N/A,N/A,N/A
374,1770574313142,gap_time,N/A,true,,,GapTime_1086,N/A,N/A,N/A,N/A,N/A,N/A
374,1770574314230,Sentence shown,HF_65_A,,,,N/A,N/A,N/A,N/A,N/A,N/A,N/A
374,1770574318232,gap_time,N/A,,,,GapTime_1234,N/A,N/A,N/A,N/A,N/A,N/A
374,1770574319468,Sentence shown,LVL_107_A,true,,,N/A,N/A,N/A,N/A,N/A,N/A,N/A
374,1770574323470,gap_time,N/A,true,,,GapTime_1033,N/A,N/A,N/A,N/A,N/A,N/A
374,1770574324505,Sentence shown,HVL_113_A,true,,,N/A,N/A,N/A,N/A,N/A,N/A,N/A
374,1770574328507,gap_time,N/A,true,,,GapTime_925,N/A,N/A,N/A,N/A,N/A,N/A
374,1770574329434,Sentence shown,HF_65_A,,true,true,N/A,N/A,N/A,N/A,N/A,N/A,N/A
374,1770574330769,Validation IR pressed,HF_65_A,,true,true,Spacebar,1,N/A,1335,N/A,N/A,N/A
374,1770574330769,IR pressed,HF_65_A,,true,true,Spacebar,1,N/A,1335,N/A,N/A,N/A
374,1770574331850,WR pressed,HF_65_A,,true,true,Yes,N/A,N/A,N/A,1081,N/A,N/A
374,1770574331850,gap_time,N/A,,true,true,GapTime_1030,N/A,N/A,N/A,N/A,N/A,N/A
374,1770574332883,Sentence shown,HF_63_A,,,,N/A,N/A,N/A,N/A,N/A,N/A,N/A
374,1770574336885,gap_time,N/A,,,,GapTime_987,N/A,N/A,N/A,N/A,N/A,N/A
374,1770574337873,Sentence shown,LVH_101_A,true,,,N/A,N/A,N/A,N/A,N/A,N/A,N/A
374,1770574341875,gap_time,N/A,true,,,GapTime_746,N/A,N/A,N/A,N/A,N/A,N/A
374,1770574342624,Sentence shown,HF_37_A,,,,N/A,N/A,N/A,N/A,N/A,N/A,N/A
374,1770574346626,gap_time,N/A,,,,GapTime_1043,N/A,N/A,N/A,N/A,N/A,N/A
374,1770574347671,Sentence shown,LVL_108_A,true,,,N/A,N/A,N/A,N/A,N/A,N/A,N/A
374,1770574351673,gap_time,N/A,true,,,GapTime_1088,N/A,N/A,N/A,N/A,N/A,N/A
374,1770574352763,Sentence shown,HH_149_A,true,,true,N/A,N/A,N/A,N/A,N/A,N/A,N/A
374,1770574356041,IR pressed,HH_149_A,true,,true,Spacebar,1,N/A,3278,N/A,N/A,N/A
374,1770574356775,WR pressed,HH_149_A,true,,true,No,N/A,1,N/A,734,N/A,N/A
374,1770574356775,gap_time,N/A,true,,true,GapTime_959,N/A,N/A,N/A,N/A,N/A,N/A
374,1770574357736,Sentence shown,LVL_116_P,true,,,N/A,N/A,N/A,N/A,N/A,N/A,N/A
374,1770574361738,gap_time,N/A,true,,,GapTime_840,N/A,N/A,N/A,N/A,N/A,N/A
374,1770574362581,Sentence shown,LVL_107_A,true,,true,N/A,N/A,N/A,N/A,N/A,N/A,N/A
374,1770574366583,gap_time,N/A,true,,true,GapTime_894,N/A,N/A,N/A,N/A,N/A,N/A
374,1770574367479,Sentence shown,HF_45_A,,,,N/A,N/A,N/A,N/A,N/A,N/A,N/A
374,1770574371481,gap_time,N/A,,,,GapTime_1012,N/A,N/A,N/A,N/A,N/A,N/A
374,1770574372496,Sentence shown,HF_59_A,,,,N/A,N/A,N/A,N/A,N/A,N/A,N/A
374,1770574376498,gap_time,N/A,,,,GapTime_789,N/A,N/A,N/A,N/A,N/A,N/A
374,1770574377289,Sentence shown,HF_59_A,,true,true,N/A,N/A,N/A,N/A,N/A,N/A,N/A
374,1770574378136,Validation IR pressed,HF_59_A,,true,true,Spacebar,1,N/A,847,N/A,N/A,N/A
374,1770574378136,IR pressed,HF_59_A,,true,true,Spacebar,1,N/A,847,N/A,N/A,N/A
374,1770574378903,WR pressed,HF_59_A,,true,true,Yes,N/A,N/A,N/A,767,N/A,N/A
374,1770574378903,gap_time,N/A,,true,true,GapTime_943,N/A,N/A,N/A,N/A,N/A,N/A
374,1770574379848,Sentence shown,HVL_113_A,true,,true,N/A,N/A,N/A,N/A,N/A,N/A,N/A
374,1770574383849,gap_time,N/A,true,,true,GapTime_720,N/A,N/A,N/A,N/A,N/A,N/A
374,1770574384571,Sentence shown,HF_46_A,,,,N/A,N/A,N/A,N/A,N/A,N/A,N/A
374,1770574388574,gap_time,N/A,,,,GapTime_755,N/A,N/A,N/A,N/A,N/A,N/A
374,1770574389330,Sentence shown,LVL_108_P,true,,true,N/A,N/A,N/A,N/A,N/A,N/A,N/A
374,1770574390584,IR pressed,LVL_108_P,true,,true,Spacebar,1,N/A,1254,N/A,N/A,N/A
374,1770574391439,WR pressed,LVL_108_P,true,,true,No,N/A,1,N/A,855,N/A,N/A
374,1770574391439,gap_time,N/A,true,,true,GapTime_1098,N/A,N/A,N/A,N/A,N/A,N/A
374,1770574392539,Sentence shown,HF_34_A,,,,N/A,N/A,N/A,N/A,N/A,N/A,N/A
374,1770574396541,gap_time,N/A,,,,GapTime_728,N/A,N/A,N/A,N/A,N/A,N/A
374,1770574397271,Sentence shown,LVH_101_P,true,,true,N/A,N/A,N/A,N/A,N/A,N/A,N/A
374,1770574398684,IR pressed,LVH_101_P,true,,true,Spacebar,1,N/A,1413,N/A,N/A,N/A
374,1770574399193,WR pressed,LVH_101_P,true,,true,No,N/A,1,N/A,509,N/A,N/A
374,1770574399194,gap_time,N/A,true,,true,GapTime_873,N/A,N/A,N/A,N/A,N/A,N/A
374,1770574400068,Sentence shown,HH_144_P,true,,,N/A,N/A,N/A,N/A,N/A,N/A,N/A
374,1770574404070,gap_time,N/A,true,,,GapTime_1203,N/A,N/A,N/A,N/A,N/A,N/A
374,1770574405274,Sentence shown,LVL_116_P,true,,true,N/A,N/A,N/A,N/A,N/A,N/A,N/A
374,1770574409277,gap_time,N/A,true,,true,GapTime_872,N/A,N/A,N/A,N/A,N/A,N/A
374,1770574410150,Sentence shown,HF_52_A,,,,N/A,N/A,N/A,N/A,N/A,N/A,N/A
374,1770574411740,Validation Wrong IR pressed,HF_52_A,,,,Spacebar,0,N/A,1590,N/A,N/A,N/A
374,1770574411740,IR pressed,HF_52_A,,,,Spacebar,0,N/A,1590,N/A,N/A,N/A
374,1770574412037,WR pressed,HF_52_A,,,,No,N/A,N/A,N/A,297,N/A,N/A
374,1770574412037,gap_time,N/A,,,,GapTime_794,N/A,N/A,N/A,N/A,N/A,N/A
374,1770574412833,Sentence shown,HF_39_A,,,,N/A,N/A,N/A,N/A,N/A,N/A,N/A
374,1770574416835,gap_time,N/A,,,,GapTime_1289,N/A,N/A,N/A,N/A,N/A,N/A
374,1770574418127,Sentence shown,LVL_121_P,true,,,N/A,N/A,N/A,N/A,N/A,N/A,N/A
374,1770574422129,gap_time,N/A,true,,,GapTime_1203,N/A,N/A,N/A,N/A,N/A,N/A
374,1770574423334,Sentence shown,HF_39_A,,true,true,N/A,N/A,N/A,N/A,N/A,N/A,N/A
374,1770574424408,Validation IR pressed,HF_39_A,,true,true,Spacebar,1,N/A,1074,N/A,N/A,N/A
374,1770574424408,IR pressed,HF_39_A,,true,true,Spacebar,1,N/A,1074,N/A,N/A,N/A
374,1770574425638,WR pressed,HF_39_A,,true,true,Yes,N/A,N/A,N/A,1230,N/A,N/A
374,1770574425638,gap_time,N/A,,true,true,GapTime_959,N/A,N/A,N/A,N/A,N/A,N/A
374,1770574426599,Sentence shown,HH_144_P,true,,true,N/A,N/A,N/A,N/A,N/A,N/A,N/A
374,1770574428357,IR pressed,HH_144_P,true,,true,Spacebar,1,N/A,1758,N/A,N/A,N/A
374,1770574428699,WR pressed,HH_144_P,true,,true,Yes,N/A,1,N/A,342,N/A,N/A
374,1770574428699,gap_time,N/A,true,,true,GapTime_1030,N/A,N/A,N/A,N/A,N/A,N/A
374,1770574429731,Sentence shown,HVL_157_P,true,,,N/A,N/A,N/A,N/A,N/A,N/A,N/A
374,1770574433732,gap_time,N/A,true,,,GapTime_1056,N/A,N/A,N/A,N/A,N/A,N/A
374,1770574434790,Sentence shown,HF_48_A,,,,N/A,N/A,N/A,N/A,N/A,N/A,N/A
374,1770574438791,gap_time,N/A,,,,GapTime_989,N/A,N/A,N/A,N/A,N/A,N/A
374,1770574439782,Sentence shown,HF_42_A,,,,N/A,N/A,N/A,N/A,N/A,N/A,N/A
374,1770574443784,gap_time,N/A,,,,GapTime_902,N/A,N/A,N/A,N/A,N/A,N/A
374,1770574444687,Sentence shown,HVL_136_A,true,,,N/A,N/A,N/A,N/A,N/A,N/A,N/A
374,1770574448689,gap_time,N/A,true,,,GapTime_1103,N/A,N/A,N/A,N/A,N/A,N/A
374,1770574449794,Sentence shown,HF_42_A,,true,true,N/A,N/A,N/A,N/A,N/A,N/A,N/A
374,1770574451363,Validation IR pressed,HF_42_A,,true,true,Spacebar,1,N/A,1569,N/A,N/A,N/A
374,1770574451363,IR pressed,HF_42_A,,true,true,Spacebar,1,N/A,1569,N/A,N/A,N/A
374,1770574451828,WR pressed,HF_42_A,,true,true,Yes,N/A,N/A,N/A,465,N/A,N/A
374,1770574451829,gap_time,N/A,,true,true,GapTime_869,N/A,N/A,N/A,N/A,N/A,N/A
374,1770574452699,Sentence shown,HH_163_A,true,,,N/A,N/A,N/A,N/A,N/A,N/A,N/A
374,1770574456700,gap_time,N/A,true,,,GapTime_1238,N/A,N/A,N/A,N/A,N/A,N/A
374,1770574457940,Sentence shown,HF_62_A,,,,N/A,N/A,N/A,N/A,N/A,N/A,N/A
374,1770574461942,gap_time,N/A,,,,GapTime_1070,N/A,N/A,N/A,N/A,N/A,N/A
374,1770574463014,Sentence shown,LVL_121_A,true,,true,N/A,N/A,N/A,N/A,N/A,N/A,N/A
374,1770574467015,gap_time,N/A,true,,true,GapTime_868,N/A,N/A,N/A,N/A,N/A,N/A
374,1770574467886,Sentence shown,HF_35_A,,,,N/A,N/A,N/A,N/A,N/A,N/A,N/A
374,1770574471889,gap_time,N/A,,,,GapTime_852,N/A,N/A,N/A,N/A,N/A,N/A
374,1770574472743,Sentence shown,HF_62_A,,true,true,N/A,N/A,N/A,N/A,N/A,N/A,N/A
374,1770574474315,Validation IR pressed,HF_62_A,,true,true,Spacebar,1,N/A,1572,N/A,N/A,N/A
374,1770574474315,IR pressed,HF_62_A,,true,true,Spacebar,1,N/A,1572,N/A,N/A,N/A
374,1770574474659,WR pressed,HF_62_A,,true,true,Yes,N/A,N/A,N/A,344,N/A,N/A
374,1770574474660,gap_time,N/A,,true,true,GapTime_1213,N/A,N/A,N/A,N/A,N/A,N/A
374,1770574475874,Sentence shown,HF_51_A,,,,N/A,N/A,N/A,N/A,N/A,N/A,N/A
374,1770574477780,Validation Wrong IR pressed,HF_51_A,,,,Spacebar,0,N/A,1906,N/A,N/A,N/A
374,1770574477780,IR pressed,HF_51_A,,,,Spacebar,0,N/A,1906,N/A,N/A,N/A
374,1770574478857,WR pressed,HF_51_A,,,,No,N/A,N/A,N/A,1077,N/A,N/A
374,1770574478858,gap_time,N/A,,,,GapTime_1133,N/A,N/A,N/A,N/A,N/A,N/A
374,1770574479993,Sentence shown,HVL_157_A,true,,true,N/A,N/A,N/A,N/A,N/A,N/A,N/A
374,1770574482760,IR pressed,HVL_157_A,true,,true,Spacebar,1,N/A,2767,N/A,N/A,N/A
374,1770574483494,WR pressed,HVL_157_A,true,,true,No,N/A,1,N/A,734,N/A,N/A
374,1770574483495,gap_time,N/A,true,,true,GapTime_1221,N/A,N/A,N/A,N/A,N/A,N/A
374,1770574484717,Sentence shown,HF_60_A,,,,N/A,N/A,N/A,N/A,N/A,N/A,N/A
374,1770574488719,gap_time,N/A,,,,GapTime_929,N/A,N/A,N/A,N/A,N/A,N/A
374,1770574489650,Sentence shown,HF_54_A,,,,N/A,N/A,N/A,N/A,N/A,N/A,N/A
374,1770574493652,gap_time,N/A,,,,GapTime_969,N/A,N/A,N/A,N/A,N/A,N/A
374,1770574494623,Sentence shown,HH_163_P,true,,true,N/A,N/A,N/A,N/A,N/A,N/A,N/A
374,1770574496422,IR pressed,HH_163_P,true,,true,Spacebar,1,N/A,1799,N/A,N/A,N/A
374,1770574496872,WR pressed,HH_163_P,true,,true,No,N/A,1,N/A,450,N/A,N/A
374,1770574496873,gap_time,N/A,true,,true,GapTime_1298,N/A,N/A,N/A,N/A,N/A,N/A
374,1770574498172,Sentence shown,HF_41_A,,,,N/A,N/A,N/A,N/A,N/A,N/A,N/A
374,1770574500037,Validation Wrong IR pressed,HF_41_A,,,,Spacebar,0,N/A,1865,N/A,N/A,N/A
374,1770574500037,IR pressed,HF_41_A,,,,Spacebar,0,N/A,1865,N/A,N/A,N/A
374,1770574500757,WR pressed,HF_41_A,,,,No,N/A,N/A,N/A,720,N/A,N/A
374,1770574500758,gap_time,N/A,,,,GapTime_1085,N/A,N/A,N/A,N/A,N/A,N/A
374,1770574501845,Sentence shown,HF_54_A,,true,true,N/A,N/A,N/A,N/A,N/A,N/A,N/A
374,1770574503007,Validation IR pressed,HF_54_A,,true,true,Spacebar,1,N/A,1162,N/A,N/A,N/A
374,1770574503007,IR pressed,HF_54_A,,true,true,Spacebar,1,N/A,1162,N/A,N/A,N/A
374,1770574503404,WR pressed,HF_54_A,,true,true,Yes,N/A,N/A,N/A,397,N/A,N/A
374,1770574503404,gap_time,N/A,,true,true,GapTime_1167,N/A,N/A,N/A,N/A,N/A,N/A
374,1770574504574,Sentence shown,HVL_136_P,true,,true,N/A,N/A,N/A,N/A,N/A,N/A,N/A
374,1770574508575,gap_time,N/A,true,,true,GapTime_991,N/A,N/A,N/A,N/A,N/A,N/A
374,1770574509568,Sentence shown,LVH_129_P,true,,,N/A,N/A,N/A,N/A,N/A,N/A,N/A
374,1770574513570,gap_time,N/A,true,,,GapTime_1061,N/A,N/A,N/A,N/A,N/A,N/A
374,1770574514633,Sentence shown,HH_164_A,true,,,N/A,N/A,N/A,N/A,N/A,N/A,N/A
374,1770574518635,gap_time,N/A,true,,,GapTime_953,N/A,N/A,N/A,N/A,N/A,N/A
374,1770574519590,Sentence shown,HF_64_A,,,,N/A,N/A,N/A,N/A,N/A,N/A,N/A
374,1770574521669,Validation Wrong IR pressed,HF_64_A,,,,Spacebar,0,N/A,2079,N/A,N/A,N/A
374,1770574521669,IR pressed,HF_64_A,,,,Spacebar,0,N/A,2079,N/A,N/A,N/A
374,1770574522004,WR pressed,HF_64_A,,,,No,N/A,N/A,N/A,335,N/A,N/A
374,1770574522005,gap_time,N/A,,,,GapTime_1218,N/A,N/A,N/A,N/A,N/A,N/A
374,1770574523225,Sentence shown,HF_38_A,,,,N/A,N/A,N/A,N/A,N/A,N/A,N/A
374,1770574524549,Validation Wrong IR pressed,HF_38_A,,,,Spacebar,0,N/A,1324,N/A,N/A,N/A
374,1770574524549,IR pressed,HF_38_A,,,,Spacebar,0,N/A,1324,N/A,N/A,N/A
374,1770574524728,WR pressed,HF_38_A,,,,No,N/A,N/A,N/A,179,N/A,N/A
374,1770574524728,gap_time,N/A,,,,GapTime_742,N/A,N/A,N/A,N/A,N/A,N/A
374,1770574525472,Sentence shown,HF_50_A,,,,N/A,N/A,N/A,N/A,N/A,N/A,N/A
374,1770574527698,Validation Wrong IR pressed,HF_50_A,,,,Spacebar,0,N/A,2226,N/A,N/A,N/A
374,1770574527698,IR pressed,HF_50_A,,,,Spacebar,0,N/A,2226,N/A,N/A,N/A
374,1770574527837,WR pressed,HF_50_A,,,,No,N/A,N/A,N/A,139,N/A,N/A
374,1770574527838,gap_time,N/A,,,,GapTime_784,N/A,N/A,N/A,N/A,N/A,N/A
374,1770574528624,Sentence shown,LVH_182_P,true,,,N/A,N/A,N/A,N/A,N/A,N/A,N/A
374,1770574532627,gap_time,N/A,true,,,GapTime_1263,N/A,N/A,N/A,N/A,N/A,N/A
374,1770574533892,Sentence shown,LVH_129_A,true,,true,N/A,N/A,N/A,N/A,N/A,N/A,N/A
374,1770574535468,IR pressed,LVH_129_A,true,,true,Spacebar,1,N/A,1576,N/A,N/A,N/A
374,1770574535768,WR pressed,LVH_129_A,true,,true,No,N/A,1,N/A,300,N/A,N/A
374,1770574535768,gap_time,N/A,true,,true,GapTime_764,N/A,N/A,N/A,N/A,N/A,N/A
374,1770574536534,Sentence shown,HH_164_A,true,,true,N/A,N/A,N/A,N/A,N/A,N/A,N/A
374,1770574538304,IR pressed,HH_164_A,true,,true,Spacebar,1,N/A,1770,N/A,N/A,N/A
374,1770574538603,WR pressed,HH_164_A,true,,true,No,N/A,0,N/A,299,N/A,N/A
374,1770574538603,gap_time,N/A,true,,true,GapTime_1054,N/A,N/A,N/A,N/A,N/A,N/A
374,1770574539660,Sentence shown,HF_56_A,,,,N/A,N/A,N/A,N/A,N/A,N/A,N/A
374,1770574543662,gap_time,N/A,,,,GapTime_1053,N/A,N/A,N/A,N/A,N/A,N/A
374,1770574544717,Sentence shown,LVH_171_A,true,,,N/A,N/A,N/A,N/A,N/A,N/A,N/A
374,1770574548719,gap_time,N/A,true,,,GapTime_808,N/A,N/A,N/A,N/A,N/A,N/A
374,1770574549529,Sentence shown,HF_56_A,,true,true,N/A,N/A,N/A,N/A,N/A,N/A,N/A
374,1770574550709,Validation IR pressed,HF_56_A,,true,true,Spacebar,1,N/A,1180,N/A,N/A,N/A
374,1770574550709,IR pressed,HF_56_A,,true,true,Spacebar,1,N/A,1180,N/A,N/A,N/A
374,1770574551294,WR pressed,HF_56_A,,true,true,Yes,N/A,N/A,N/A,585,N/A,N/A
374,1770574551294,gap_time,N/A,,true,true,GapTime_1041,N/A,N/A,N/A,N/A,N/A,N/A
374,1770574552338,Sentence shown,HF_43_A,,,,N/A,N/A,N/A,N/A,N/A,N/A,N/A
374,1770574553786,Validation Wrong IR pressed,HF_43_A,,,,Spacebar,0,N/A,1448,N/A,N/A,N/A
374,1770574553786,IR pressed,HF_43_A,,,,Spacebar,0,N/A,1448,N/A,N/A,N/A
374,1770574553978,WR pressed,HF_43_A,,,,No,N/A,N/A,N/A,192,N/A,N/A
374,1770574553978,gap_time,N/A,,,,GapTime_705,N/A,N/A,N/A,N/A,N/A,N/A
374,1770574554684,Sentence shown,HF_43_A,,true,true,N/A,N/A,N/A,N/A,N/A,N/A,N/A
374,1770574555342,Validation IR pressed,HF_43_A,,true,true,Spacebar,1,N/A,658,N/A,N/A,N/A
374,1770574555342,IR pressed,HF_43_A,,true,true,Spacebar,1,N/A,658,N/A,N/A,N/A
374,1770574555778,WR pressed,HF_43_A,,true,true,Yes,N/A,N/A,N/A,436,N/A,N/A
374,1770574555778,gap_time,N/A,,true,true,GapTime_1207,N/A,N/A,N/A,N/A,N/A,N/A
374,1770574556987,Sentence shown,HF_57_A,,,,N/A,N/A,N/A,N/A,N/A,N/A,N/A
374,1770574558388,Validation Wrong IR pressed,HF_57_A,,,,Spacebar,0,N/A,1401,N/A,N/A,N/A
374,1770574558388,IR pressed,HF_57_A,,,,Spacebar,0,N/A,1401,N/A,N/A,N/A
374,1770574558539,WR pressed,HF_57_A,,,,No,N/A,N/A,N/A,151,N/A,N/A
374,1770574558539,gap_time,N/A,,,,GapTime_1101,N/A,N/A,N/A,N/A,N/A,N/A
374,1770574559642,Sentence shown,LVH_182_P,true,,true,N/A,N/A,N/A,N/A,N/A,N/A,N/A
374,1770574560773,IR pressed,LVH_182_P,true,,true,Spacebar,1,N/A,1131,N/A,N/A,N/A
374,1770574560967,WR pressed,LVH_182_P,true,,true,Yes,N/A,1,N/A,194,N/A,N/A
374,1770574560968,gap_time,N/A,true,,true,GapTime_1186,N/A,N/A,N/A,N/A,N/A,N/A
374,1770574562155,Sentence shown,HF_57_A,,true,true,N/A,N/A,N/A,N/A,N/A,N/A,N/A
374,1770574563517,Validation IR pressed,HF_57_A,,true,true,Spacebar,1,N/A,1362,N/A,N/A,N/A
374,1770574563517,IR pressed,HF_57_A,,true,true,Spacebar,1,N/A,1362,N/A,N/A,N/A
374,1770574563711,WR pressed,HF_57_A,,true,true,Yes,N/A,N/A,N/A,194,N/A,N/A
374,1770574563711,gap_time,N/A,,true,true,GapTime_1265,N/A,N/A,N/A,N/A,N/A,N/A
374,1770574564978,Sentence shown,HVL_144_P,true,,,N/A,N/A,N/A,N/A,N/A,N/A,N/A
374,1770574568980,gap_time,N/A,true,,,GapTime_983,N/A,N/A,N/A,N/A,N/A,N/A
374,1770574569964,Sentence shown,HF_36_A,,,,N/A,N/A,N/A,N/A,N/A,N/A,N/A
374,1770574571497,Validation Wrong IR pressed,HF_36_A,,,,Spacebar,0,N/A,1533,N/A,N/A,N/A
374,1770574571497,IR pressed,HF_36_A,,,,Spacebar,0,N/A,1533,N/A,N/A,N/A
374,1770574571695,WR pressed,HF_36_A,,,,No,N/A,N/A,N/A,197,N/A,N/A
374,1770574571695,gap_time,N/A,,,,GapTime_914,N/A,N/A,N/A,N/A,N/A,N/A
374,1770574572611,Sentence shown,LVH_171_A,true,,true,N/A,N/A,N/A,N/A,N/A,N/A,N/A
374,1770574573571,IR pressed,LVH_171_A,true,,true,Spacebar,1,N/A,960,N/A,N/A,N/A
374,1770574573747,WR pressed,LVH_171_A,true,,true,Yes,N/A,1,N/A,176,N/A,N/A
374,1770574573747,gap_time,N/A,true,,true,GapTime_721,N/A,N/A,N/A,N/A,N/A,N/A
374,1770574574471,Sentence shown,HF_58_A,,,,N/A,N/A,N/A,N/A,N/A,N/A,N/A
374,1770574578473,gap_time,N/A,,,,GapTime_736,N/A,N/A,N/A,N/A,N/A,N/A
374,1770574579210,Sentence shown,HF_44_A,,,,N/A,N/A,N/A,N/A,N/A,N/A,N/A
374,1770574583212,gap_time,N/A,,,,GapTime_1068,N/A,N/A,N/A,N/A,N/A,N/A
374,1770574584282,Sentence shown,HF_58_A,,true,true,N/A,N/A,N/A,N/A,N/A,N/A,N/A
374,1770574585540,Validation IR pressed,HF_58_A,,true,true,Spacebar,1,N/A,1258,N/A,N/A,N/A
374,1770574585540,IR pressed,HF_58_A,,true,true,Spacebar,1,N/A,1258,N/A,N/A,N/A
374,1770574585687,WR pressed,HF_58_A,,true,true,Yes,N/A,N/A,N/A,147,N/A,N/A
374,1770574585687,gap_time,N/A,,true,true,GapTime_1080,N/A,N/A,N/A,N/A,N/A,N/A
374,1770574586769,Sentence shown,HF_55_A,,,,N/A,N/A,N/A,N/A,N/A,N/A,N/A
374,1770574588838,Validation Wrong IR pressed,HF_55_A,,,,Spacebar,0,N/A,2069,N/A,N/A,N/A
374,1770574588838,IR pressed,HF_55_A,,,,Spacebar,0,N/A,2069,N/A,N/A,N/A
374,1770574589049,WR pressed,HF_55_A,,,,No,N/A,N/A,N/A,211,N/A,N/A
374,1770574589049,gap_time,N/A,,,,GapTime_1185,N/A,N/A,N/A,N/A,N/A,N/A
374,1770574590237,Sentence shown,HF_61_A,,,,N/A,N/A,N/A,N/A,N/A,N/A,N/A
374,1770574594133,Validation Wrong IR pressed,HF_61_A,,,,Spacebar,0,N/A,3896,N/A,N/A,N/A
374,1770574594133,IR pressed,HF_61_A,,,,Spacebar,0,N/A,3896,N/A,N/A,N/A
374,1770574594240,WR pressed,HF_61_A,,,,No,N/A,N/A,N/A,107,N/A,N/A
374,1770574594241,gap_time,N/A,,,,GapTime_998,N/A,N/A,N/A,N/A,N/A,N/A
374,1770574595241,Sentence shown,HF_53_A,,,,N/A,N/A,N/A,N/A,N/A,N/A,N/A
374,1770574599242,gap_time,N/A,,,,GapTime_799,N/A,N/A,N/A,N/A,N/A,N/A
374,1770574600043,Sentence shown,HVL_144_P,true,,true,N/A,N/A,N/A,N/A,N/A,N/A,N/A
374,1770574604045,gap_time,N/A,true,,true,GapTime_1231,N/A,N/A,N/A,N/A,N/A,N/A
374,1770574605278,Rest Phase started,N/A,true,,true,Rest,N/A,N/A,N/A,N/A,N/A,N/A
374,1770574606819,Sentence shown,HF_78_A,,,,N/A,N/A,N/A,N/A,N/A,N/A,N/A
374,1770574610821,gap_time,N/A,,,,GapTime_733,N/A,N/A,N/A,N/A,N/A,N/A
374,1770574611556,Sentence shown,HF_71_A,,,,N/A,N/A,N/A,N/A,N/A,N/A,N/A
374,1770574615558,gap_time,N/A,,,,GapTime_1264,N/A,N/A,N/A,N/A,N/A,N/A
374,1770574616824,Sentence shown,HF_71_A,,true,true,N/A,N/A,N/A,N/A,N/A,N/A,N/A
374,1770574617906,Validation IR pressed,HF_71_A,,true,true,Spacebar,1,N/A,1082,N/A,N/A,N/A
374,1770574617906,IR pressed,HF_71_A,,true,true,Spacebar,1,N/A,1082,N/A,N/A,N/A
374,1770574618043,WR pressed,HF_71_A,,true,true,Yes,N/A,N/A,N/A,137,N/A,N/A
374,1770574618044,gap_time,N/A,,true,true,GapTime_1143,N/A,N/A,N/A,N/A,N/A,N/A
374,1770574619188,Sentence shown,HF_66_A,,,,N/A,N/A,N/A,N/A,N/A,N/A,N/A
374,1770574623190,gap_time,N/A,,,,GapTime_1108,N/A,N/A,N/A,N/A,N/A,N/A
374,1770574624300,Sentence shown,HF_78_A,,true,true,N/A,N/A,N/A,N/A,N/A,N/A,N/A
374,1770574625607,Validation IR pressed,HF_78_A,,true,true,Spacebar,1,N/A,1307,N/A,N/A,N/A
374,1770574625607,IR pressed,HF_78_A,,true,true,Spacebar,1,N/A,1307,N/A,N/A,N/A
374,1770574626072,WR pressed,HF_78_A,,true,true,No,N/A,N/A,N/A,465,N/A,N/A
374,1770574626073,gap_time,N/A,,true,true,GapTime_918,N/A,N/A,N/A,N/A,N/A,N/A
374,1770574626992,Sentence shown,HF_97_A,,,,N/A,N/A,N/A,N/A,N/A,N/A,N/A
374,1770574630994,gap_time,N/A,,,,GapTime_1240,N/A,N/A,N/A,N/A,N/A,N/A
374,1770574632236,Sentence shown,LVL_119_P,true,,,N/A,N/A,N/A,N/A,N/A,N/A,N/A
374,1770574636237,gap_time,N/A,true,,,GapTime_1117,N/A,N/A,N/A,N/A,N/A,N/A
374,1770574637357,Sentence shown,HF_81_A,,,,N/A,N/A,N/A,N/A,N/A,N/A,N/A
374,1770574641358,gap_time,N/A,,,,GapTime_921,N/A,N/A,N/A,N/A,N/A,N/A
374,1770574642280,Sentence shown,HF_67_A,,,,N/A,N/A,N/A,N/A,N/A,N/A,N/A
374,1770574646282,gap_time,N/A,,,,GapTime_1113,N/A,N/A,N/A,N/A,N/A,N/A
374,1770574647397,Sentence shown,HF_70_A,,,,N/A,N/A,N/A,N/A,N/A,N/A,N/A
374,1770574651398,gap_time,N/A,,,,GapTime_773,N/A,N/A,N/A,N/A,N/A,N/A
374,1770574652173,Sentence shown,HF_81_A,,true,true,N/A,N/A,N/A,N/A,N/A,N/A,N/A
374,1770574653380,Validation IR pressed,HF_81_A,,true,true,Spacebar,1,N/A,1207,N/A,N/A,N/A
374,1770574653380,IR pressed,HF_81_A,,true,true,Spacebar,1,N/A,1207,N/A,N/A,N/A
374,1770574653875,WR pressed,HF_81_A,,true,true,No,N/A,N/A,N/A,495,N/A,N/A
374,1770574653875,gap_time,N/A,,true,true,GapTime_947,N/A,N/A,N/A,N/A,N/A,N/A
374,1770574654825,Sentence shown,HH_152_P,true,,,N/A,N/A,N/A,N/A,N/A,N/A,N/A
374,1770574658827,gap_time,N/A,true,,,GapTime_862,N/A,N/A,N/A,N/A,N/A,N/A
374,1770574659691,Sentence shown,LVH_141_A,true,,,N/A,N/A,N/A,N/A,N/A,N/A,N/A
374,1770574663692,gap_time,N/A,true,,,GapTime_1025,N/A,N/A,N/A,N/A,N/A,N/A
374,1770574664719,Sentence shown,LVH_146_A,true,,,N/A,N/A,N/A,N/A,N/A,N/A,N/A
374,1770574668721,gap_time,N/A,true,,,GapTime_990,N/A,N/A,N/A,N/A,N/A,N/A
374,1770574669713,Sentence shown,HF_79_A,,,,N/A,N/A,N/A,N/A,N/A,N/A,N/A
374,1770574673716,gap_time,N/A,,,,GapTime_873,N/A,N/A,N/A,N/A,N/A,N/A
374,1770574674591,Sentence shown,LVL_119_A,true,,true,N/A,N/A,N/A,N/A,N/A,N/A,N/A
374,1770574676361,IR pressed,LVL_119_A,true,,true,Spacebar,1,N/A,1770,N/A,N/A,N/A
374,1770574676600,WR pressed,LVL_119_A,true,,true,No,N/A,1,N/A,239,N/A,N/A
374,1770574676600,gap_time,N/A,true,,true,GapTime_790,N/A,N/A,N/A,N/A,N/A,N/A
374,1770574677392,Sentence shown,HF_68_A,,,,N/A,N/A,N/A,N/A,N/A,N/A,N/A
374,1770574681394,gap_time,N/A,,,,GapTime_1046,N/A,N/A,N/A,N/A,N/A,N/A
374,1770574682442,Sentence shown,HH_152_A,true,,true,N/A,N/A,N/A,N/A,N/A,N/A,N/A
374,1770574686443,gap_time,N/A,true,,true,GapTime_824,N/A,N/A,N/A,N/A,N/A,N/A
374,1770574687269,Sentence shown,HF_94_A,,,,N/A,N/A,N/A,N/A,N/A,N/A,N/A
374,1770574691271,gap_time,N/A,,,,GapTime_939,N/A,N/A,N/A,N/A,N/A,N/A
374,1770574692213,Sentence shown,LVH_141_A,true,,true,N/A,N/A,N/A,N/A,N/A,N/A,N/A
374,1770574696215,gap_time,N/A,true,,true,GapTime_1172,N/A,N/A,N/A,N/A,N/A,N/A
374,1770574697389,Sentence shown,HVL_103_A,true,,,N/A,N/A,N/A,N/A,N/A,N/A,N/A
374,1770574701390,gap_time,N/A,true,,,GapTime_922,N/A,N/A,N/A,N/A,N/A,N/A
374,1770574702314,Sentence shown,HF_95_A,,,,N/A,N/A,N/A,N/A,N/A,N/A,N/A
374,1770574706315,gap_time,N/A,,,,GapTime_1066,N/A,N/A,N/A,N/A,N/A,N/A
374,1770574707383,Sentence shown,LVL_143_A,true,,,N/A,N/A,N/A,N/A,N/A,N/A,N/A
374,1770574711384,gap_time,N/A,true,,,GapTime_718,N/A,N/A,N/A,N/A,N/A,N/A
374,1770574712104,Sentence shown,HF_95_A,,true,true,N/A,N/A,N/A,N/A,N/A,N/A,N/A
374,1770574714640,Validation IR pressed,HF_95_A,,true,true,Spacebar,1,N/A,2536,N/A,N/A,N/A
374,1770574714640,IR pressed,HF_95_A,,true,true,Spacebar,1,N/A,2536,N/A,N/A,N/A
374,1770574715133,WR pressed,HF_95_A,,true,true,Yes,N/A,N/A,N/A,493,N/A,N/A
374,1770574715133,gap_time,N/A,,true,true,GapTime_1262,N/A,N/A,N/A,N/A,N/A,N/A
374,1770574716398,Sentence shown,LVH_146_P,true,,true,N/A,N/A,N/A,N/A,N/A,N/A,N/A
374,1770574718463,IR pressed,LVH_146_P,true,,true,Spacebar,1,N/A,2065,N/A,N/A,N/A
374,1770574718659,WR pressed,LVH_146_P,true,,true,No,N/A,1,N/A,196,N/A,N/A
374,1770574718659,gap_time,N/A,true,,true,GapTime_921,N/A,N/A,N/A,N/A,N/A,N/A
374,1770574719582,Sentence shown,HF_90_A,,,,N/A,N/A,N/A,N/A,N/A,N/A,N/A
374,1770574723584,gap_time,N/A,,,,GapTime_761,N/A,N/A,N/A,N/A,N/A,N/A
374,1770574724347,Sentence shown,HF_87_A,,,,N/A,N/A,N/A,N/A,N/A,N/A,N/A
374,1770574728349,gap_time,N/A,,,,GapTime_711,N/A,N/A,N/A,N/A,N/A,N/A
374,1770574729062,Sentence shown,HF_89_A,,,,N/A,N/A,N/A,N/A,N/A,N/A,N/A
374,1770574733064,gap_time,N/A,,,,GapTime_867,N/A,N/A,N/A,N/A,N/A,N/A
374,1770574733933,Sentence shown,HF_69_A,,,,N/A,N/A,N/A,N/A,N/A,N/A,N/A
374,1770574737935,gap_time,N/A,,,,GapTime_854,N/A,N/A,N/A,N/A,N/A,N/A
374,1770574738791,Sentence shown,HH_141_P,true,,,N/A,N/A,N/A,N/A,N/A,N/A,N/A
374,1770574742792,gap_time,N/A,true,,,GapTime_808,N/A,N/A,N/A,N/A,N/A,N/A
374,1770574743602,Sentence shown,HVL_103_P,true,,true,N/A,N/A,N/A,N/A,N/A,N/A,N/A
374,1770574746154,IR pressed,HVL_103_P,true,,true,Spacebar,1,N/A,2552,N/A,N/A,N/A
374,1770574747893,WR pressed,HVL_103_P,true,,true,No,N/A,1,N/A,1739,N/A,N/A
374,1770574747893,gap_time,N/A,true,,true,GapTime_785,N/A,N/A,N/A,N/A,N/A,N/A
374,1770574748680,Sentence shown,HH_146_A,true,,,N/A,N/A,N/A,N/A,N/A,N/A,N/A
374,1770574752681,gap_time,N/A,true,,,GapTime_1013,N/A,N/A,N/A,N/A,N/A,N/A
374,1770574753696,Sentence shown,LVL_143_P,true,,true,N/A,N/A,N/A,N/A,N/A,N/A,N/A
374,1770574757698,gap_time,N/A,true,,true,GapTime_1121,N/A,N/A,N/A,N/A,N/A,N/A
374,1770574758821,Sentence shown,HF_93_A,,,,N/A,N/A,N/A,N/A,N/A,N/A,N/A
374,1770574762823,gap_time,N/A,,,,GapTime_1155,N/A,N/A,N/A,N/A,N/A,N/A
374,1770574763980,Sentence shown,HF_72_A,,,,N/A,N/A,N/A,N/A,N/A,N/A,N/A
374,1770574767982,gap_time,N/A,,,,GapTime_1017,N/A,N/A,N/A,N/A,N/A,N/A
374,1770574769001,Sentence shown,HF_91_A,,,,N/A,N/A,N/A,N/A,N/A,N/A,N/A
374,1770574773004,gap_time,N/A,,,,GapTime_921,N/A,N/A,N/A,N/A,N/A,N/A
374,1770574773926,Sentence shown,HVL_112_P,true,,,N/A,N/A,N/A,N/A,N/A,N/A,N/A
374,1770574777928,gap_time,N/A,true,,,GapTime_820,N/A,N/A,N/A,N/A,N/A,N/A
374,1770574778750,Sentence shown,HF_91_A,,true,true,N/A,N/A,N/A,N/A,N/A,N/A,N/A
374,1770574780097,Validation IR pressed,HF_91_A,,true,true,Spacebar,1,N/A,1347,N/A,N/A,N/A
374,1770574780097,IR pressed,HF_91_A,,true,true,Spacebar,1,N/A,1347,N/A,N/A,N/A
374,1770574780651,WR pressed,HF_91_A,,true,true,Yes,N/A,N/A,N/A,554,N/A,N/A
374,1770574780651,gap_time,N/A,,true,true,GapTime_1002,N/A,N/A,N/A,N/A,N/A,N/A
374,1770574781656,Sentence shown,HF_88_A,,,,N/A,N/A,N/A,N/A,N/A,N/A,N/A
374,1770574785658,gap_time,N/A,,,,GapTime_1211,N/A,N/A,N/A,N/A,N/A,N/A
374,1770574786871,Sentence shown,HH_141_P,true,,true,N/A,N/A,N/A,N/A,N/A,N/A,N/A
374,1770574790873,gap_time,N/A,true,,true,GapTime_1108,N/A,N/A,N/A,N/A,N/A,N/A
374,1770574791983,Sentence shown,HVL_104_P,true,,,N/A,N/A,N/A,N/A,N/A,N/A,N/A
374,1770574795984,gap_time,N/A,true,,,GapTime_824,N/A,N/A,N/A,N/A,N/A,N/A
374,1770574796809,Sentence shown,HF_75_A,,,,N/A,N/A,N/A,N/A,N/A,N/A,N/A
374,1770574800811,gap_time,N/A,,,,GapTime_1009,N/A,N/A,N/A,N/A,N/A,N/A
374,1770574801822,Sentence shown,HH_146_P,true,,true,N/A,N/A,N/A,N/A,N/A,N/A,N/A
374,1770574804547,IR pressed,HH_146_P,true,,true,Spacebar,1,N/A,2725,N/A,N/A,N/A
374,1770574805341,WR pressed,HH_146_P,true,,true,No,N/A,1,N/A,794,N/A,N/A
374,1770574805342,gap_time,N/A,true,,true,GapTime_883,N/A,N/A,N/A,N/A,N/A,N/A
374,1770574806226,Sentence shown,HH_142_A,true,,,N/A,N/A,N/A,N/A,N/A,N/A,N/A
374,1770574810228,gap_time,N/A,true,,,GapTime_870,N/A,N/A,N/A,N/A,N/A,N/A
374,1770574811100,Sentence shown,HF_75_A,,true,true,N/A,N/A,N/A,N/A,N/A,N/A,N/A
374,1770574815101,Validation Missed,HF_75_A,,true,true,None,0,N/A,N/A,N/A,N/A,N/A
374,1770574815101,gap_time,N/A,,true,true,GapTime_715,N/A,N/A,N/A,N/A,N/A,N/A
374,1770574815819,Sentence shown,LVH_102_P,true,,,N/A,N/A,N/A,N/A,N/A,N/A,N/A
374,1770574819820,gap_time,N/A,true,,,GapTime_914,N/A,N/A,N/A,N/A,N/A,N/A
374,1770574820736,Sentence shown,HF_76_A,,,,N/A,N/A,N/A,N/A,N/A,N/A,N/A
374,1770574824738,gap_time,N/A,,,,GapTime_1097,N/A,N/A,N/A,N/A,N/A,N/A
374,1770574825837,Sentence shown,HVL_112_A,true,,true,N/A,N/A,N/A,N/A,N/A,N/A,N/A
374,1770574829838,gap_time,N/A,true,,true,GapTime_1050,N/A,N/A,N/A,N/A,N/A,N/A
374,1770574830890,Sentence shown,HF_92_A,,,,N/A,N/A,N/A,N/A,N/A,N/A,N/A
374,1770574834892,gap_time,N/A,,,,GapTime_1271,N/A,N/A,N/A,N/A,N/A,N/A
374,1770574836165,Sentence shown,HF_92_A,,true,true,N/A,N/A,N/A,N/A,N/A,N/A,N/A
374,1770574837110,Validation IR pressed,HF_92_A,,true,true,Spacebar,1,N/A,945,N/A,N/A,N/A
374,1770574837110,IR pressed,HF_92_A,,true,true,Spacebar,1,N/A,945,N/A,N/A,N/A
374,1770574837651,WR pressed,HF_92_A,,true,true,Yes,N/A,N/A,N/A,541,N/A,N/A
374,1770574837651,gap_time,N/A,,true,true,GapTime_1141,N/A,N/A,N/A,N/A,N/A,N/A
374,1770574838794,Sentence shown,LVL_131_P,true,,,N/A,N/A,N/A,N/A,N/A,N/A,N/A
374,1770574842797,gap_time,N/A,true,,,GapTime_845,N/A,N/A,N/A,N/A,N/A,N/A
374,1770574843644,Sentence shown,HF_84_A,,,,N/A,N/A,N/A,N/A,N/A,N/A,N/A
374,1770574845405,Validation Wrong IR pressed,HF_84_A,,,,Spacebar,0,N/A,1761,N/A,N/A,N/A
374,1770574845405,IR pressed,HF_84_A,,,,Spacebar,0,N/A,1761,N/A,N/A,N/A
374,1770574845590,WR pressed,HF_84_A,,,,No,N/A,N/A,N/A,185,N/A,N/A
374,1770574845590,gap_time,N/A,,,,GapTime_1140,N/A,N/A,N/A,N/A,N/A,N/A
374,1770574846732,Sentence shown,HVL_104_P,true,,true,N/A,N/A,N/A,N/A,N/A,N/A,N/A
374,1770574848003,IR pressed,HVL_104_P,true,,true,Spacebar,1,N/A,1271,N/A,N/A,N/A
374,1770574848150,WR pressed,HVL_104_P,true,,true,Yes,N/A,1,N/A,147,N/A,N/A
374,1770574848151,gap_time,N/A,true,,true,GapTime_813,N/A,N/A,N/A,N/A,N/A,N/A
374,1770574848966,Sentence shown,LVL_103_A,true,,,N/A,N/A,N/A,N/A,N/A,N/A,N/A
374,1770574852968,gap_time,N/A,true,,,GapTime_788,N/A,N/A,N/A,N/A,N/A,N/A
374,1770574853757,Sentence shown,HH_142_A,true,,true,N/A,N/A,N/A,N/A,N/A,N/A,N/A
374,1770574855008,IR pressed,HH_142_A,true,,true,Spacebar,1,N/A,1251,N/A,N/A,N/A
374,1770574855724,WR pressed,HH_142_A,true,,true,No,N/A,0,N/A,716,N/A,N/A
374,1770574855724,gap_time,N/A,true,,true,GapTime_827,N/A,N/A,N/A,N/A,N/A,N/A
374,1770574856553,Sentence shown,HF_96_A,,,,N/A,N/A,N/A,N/A,N/A,N/A,N/A
374,1770574860554,gap_time,N/A,,,,GapTime_1012,N/A,N/A,N/A,N/A,N/A,N/A
374,1770574861568,Sentence shown,HF_96_A,,true,true,N/A,N/A,N/A,N/A,N/A,N/A,N/A
374,1770574862433,Validation IR pressed,HF_96_A,,true,true,Spacebar,1,N/A,865,N/A,N/A,N/A
374,1770574862433,IR pressed,HF_96_A,,true,true,Spacebar,1,N/A,865,N/A,N/A,N/A
374,1770574862612,WR pressed,HF_96_A,,true,true,Yes,N/A,N/A,N/A,179,N/A,N/A
374,1770574862612,gap_time,N/A,,true,true,GapTime_921,N/A,N/A,N/A,N/A,N/A,N/A
374,1770574863536,Sentence shown,LVH_102_P,true,,true,N/A,N/A,N/A,N/A,N/A,N/A,N/A
374,1770574864982,IR pressed,LVH_102_P,true,,true,Spacebar,1,N/A,1446,N/A,N/A,N/A
374,1770574865129,WR pressed,LVH_102_P,true,,true,Yes,N/A,1,N/A,147,N/A,N/A
374,1770574865130,gap_time,N/A,true,,true,GapTime_1275,N/A,N/A,N/A,N/A,N/A,N/A
374,1770574866406,Sentence shown,LVH_107_P,true,,,N/A,N/A,N/A,N/A,N/A,N/A,N/A
374,1770574867621,Validation Wrong IR pressed,LVH_107_P,true,,,Spacebar,0,N/A,1215,N/A,N/A,N/A
374,1770574867621,IR pressed,LVH_107_P,true,,,Spacebar,0,N/A,1215,N/A,N/A,N/A
374,1770574867772,WR pressed,LVH_107_P,true,,,Yes,N/A,0,N/A,151,N/A,N/A
374,1770574867772,gap_time,N/A,true,,,GapTime_1265,N/A,N/A,N/A,N/A,N/A,N/A
374,1770574869039,Sentence shown,HF_83_A,,,,N/A,N/A,N/A,N/A,N/A,N/A,N/A
374,1770574873041,gap_time,N/A,,,,GapTime_1059,N/A,N/A,N/A,N/A,N/A,N/A
374,1770574874102,Sentence shown,HF_77_A,,,,N/A,N/A,N/A,N/A,N/A,N/A,N/A
374,1770574878104,gap_time,N/A,,,,GapTime_705,N/A,N/A,N/A,N/A,N/A,N/A
374,1770574878812,Sentence shown,HF_86_A,,,,N/A,N/A,N/A,N/A,N/A,N/A,N/A
374,1770574881750,Validation Wrong IR pressed,HF_86_A,,,,Spacebar,0,N/A,2938,N/A,N/A,N/A
374,1770574881750,IR pressed,HF_86_A,,,,Spacebar,0,N/A,2938,N/A,N/A,N/A
374,1770574881874,WR pressed,HF_86_A,,,,No,N/A,N/A,N/A,124,N/A,N/A
374,1770574881874,gap_time,N/A,,,,GapTime_886,N/A,N/A,N/A,N/A,N/A,N/A
374,1770574882762,Sentence shown,LVL_131_P,true,,true,N/A,N/A,N/A,N/A,N/A,N/A,N/A
374,1770574884059,IR pressed,LVL_131_P,true,,true,Spacebar,1,N/A,1297,N/A,N/A,N/A
374,1770574884224,WR pressed,LVL_131_P,true,,true,No,N/A,0,N/A,165,N/A,N/A
374,1770574884224,gap_time,N/A,true,,true,GapTime_957,N/A,N/A,N/A,N/A,N/A,N/A
374,1770574885183,Sentence shown,LVL_103_A,true,,true,N/A,N/A,N/A,N/A,N/A,N/A,N/A
374,1770574886009,IR pressed,LVL_103_A,true,,true,Spacebar,1,N/A,826,N/A,N/A,N/A
374,1770574886190,WR pressed,LVL_103_A,true,,true,Yes,N/A,1,N/A,181,N/A,N/A
374,1770574886190,gap_time,N/A,true,,true,GapTime_1042,N/A,N/A,N/A,N/A,N/A,N/A
374,1770574887234,Sentence shown,HF_73_A,,,,N/A,N/A,N/A,N/A,N/A,N/A,N/A
374,1770574891236,gap_time,N/A,,,,GapTime_1143,N/A,N/A,N/A,N/A,N/A,N/A
374,1770574892380,Sentence shown,LVH_107_A,true,,true,N/A,N/A,N/A,N/A,N/A,N/A,N/A
374,1770574893435,IR pressed,LVH_107_A,true,,true,Spacebar,1,N/A,1055,N/A,N/A,N/A
374,1770574893553,WR pressed,LVH_107_A,true,,true,Yes,N/A,0,N/A,118,N/A,N/A
374,1770574893554,gap_time,N/A,true,,true,GapTime_1198,N/A,N/A,N/A,N/A,N/A,N/A
374,1770574894753,Sentence shown,HF_85_A,,,,N/A,N/A,N/A,N/A,N/A,N/A,N/A
374,1770574898755,gap_time,N/A,,,,GapTime_1275,N/A,N/A,N/A,N/A,N/A,N/A
374,1770574900032,Sentence shown,HF_73_A,,true,true,N/A,N/A,N/A,N/A,N/A,N/A,N/A
374,1770574901173,Validation IR pressed,HF_73_A,,true,true,Spacebar,1,N/A,1141,N/A,N/A,N/A
374,1770574901173,IR pressed,HF_73_A,,true,true,Spacebar,1,N/A,1141,N/A,N/A,N/A
374,1770574901509,WR pressed,HF_73_A,,true,true,Yes,N/A,N/A,N/A,336,N/A,N/A
374,1770574901510,gap_time,N/A,,true,true,GapTime_1182,N/A,N/A,N/A,N/A,N/A,N/A
374,1770574902694,Sentence shown,HF_74_A,,,,N/A,N/A,N/A,N/A,N/A,N/A,N/A
374,1770574906696,gap_time,N/A,,,,GapTime_938,N/A,N/A,N/A,N/A,N/A,N/A
374,1770574907636,Sentence shown,HF_80_A,,,,N/A,N/A,N/A,N/A,N/A,N/A,N/A
374,1770574911639,gap_time,N/A,,,,GapTime_867,N/A,N/A,N/A,N/A,N/A,N/A
374,1770574912508,Sentence shown,HF_82_A,,,,N/A,N/A,N/A,N/A,N/A,N/A,N/A
374,1770574916510,gap_time,N/A,,,,GapTime_975,N/A,N/A,N/A,N/A,N/A,N/A
374,1770574917487,Sentence shown,HVL_101_A,true,,,N/A,N/A,N/A,N/A,N/A,N/A,N/A
374,1770574921488,gap_time,N/A,true,,,GapTime_1090,N/A,N/A,N/A,N/A,N/A,N/A
374,1770574922579,Sentence shown,HF_80_A,,true,true,N/A,N/A,N/A,N/A,N/A,N/A,N/A
374,1770574923478,Validation IR pressed,HF_80_A,,true,true,Spacebar,1,N/A,899,N/A,N/A,N/A
374,1770574923478,IR pressed,HF_80_A,,true,true,Spacebar,1,N/A,899,N/A,N/A,N/A
374,1770574923599,WR pressed,HF_80_A,,true,true,Yes,N/A,N/A,N/A,121,N/A,N/A
374,1770574923599,gap_time,N/A,,true,true,GapTime_803,N/A,N/A,N/A,N/A,N/A,N/A
374,1770574924404,Sentence shown,HVL_101_A,true,,true,N/A,N/A,N/A,N/A,N/A,N/A,N/A
374,1770574925474,IR pressed,HVL_101_A,true,,true,Spacebar,1,N/A,1070,N/A,N/A,N/A
374,1770574925549,WR pressed,HVL_101_A,true,,true,Yes,N/A,1,N/A,75,N/A,N/A
374,1770574925549,gap_time,N/A,true,,true,GapTime_1156,N/A,N/A,N/A,N/A,N/A,N/A
