participant_ID,Timestamp,Event,Stimulus,isTarget,isValidation,isRepeat,Button,Accuracy IR,Accuracy WR,Reaction_time_IR,Reaction_time_WR,CR_IR,CR_WR
380,1770636297222,Practice Sentence shown,HH_119_A,true,,,N/A,N/A,N/A,N/A,N/A,N/A,N/A
380,1770636302748,Practice Sentence shown,HH_113_A,true,,,N/A,N/A,N/A,N/A,N/A,N/A,N/A
380,1770636308260,Practice Sentence shown,HL_17_A,,,,N/A,N/A,N/A,N/A,N/A,N/A,N/A
380,1770636313778,Practice Sentence shown,HL_101_A,,,,N/A,N/A,N/A,N/A,N/A,N/A,N/A
380,1770636319288,Practice Sentence shown,HH_106_A,true,,,N/A,N/A,N/A,N/A,N/A,N/A,N/A
380,1770636324809,Practice Sentence shown,HH_113_P,true,,true,N/A,N/A,N/A,N/A,N/A,N/A,N/A
380,1770636326637,Practice IR pressed,HH_113_P,true,,true,Spacebar,1,N/A,1828,N/A,N/A,N/A
380,1770636330036,Practice WR pressed,HH_113_P,true,,true,No,N/A,1,N/A,3399,N/A,N/A
380,1770636331542,Practice Sentence shown,HL_79_A,,,,N/A,N/A,N/A,N/A,N/A,N/A,N/A
380,1770636337064,Practice Sentence shown,HH_119_P,true,,true,N/A,N/A,N/A,N/A,N/A,N/A,N/A
380,1770636338733,Practice IR pressed,HH_119_P,true,,true,Spacebar,1,N/A,1669,N/A,N/A,N/A
380,1770636340596,Practice WR pressed,HH_119_P,true,,true,No,N/A,1,N/A,1863,N/A,N/A
380,1770636342105,Practice Sentence shown,HL_60_A,,,,N/A,N/A,N/A,N/A,N/A,N/A,N/A
380,1770636347618,Practice Sentence shown,HL_104_A,,,,N/A,N/A,N/A,N/A,N/A,N/A,N/A
380,1770636353129,Practice Sentence shown,HL_31_A,,,,N/A,N/A,N/A,N/A,N/A,N/A,N/A
380,1770636358644,Practice Sentence shown,HH_106_A,true,,true,N/A,N/A,N/A,N/A,N/A,N/A,N/A
380,1770636360301,Practice IR pressed,HH_106_A,true,,true,Spacebar,1,N/A,1657,N/A,N/A,N/A
380,1770636361260,Practice WR pressed,HH_106_A,true,,true,Yes,N/A,1,N/A,959,N/A,N/A
380,1770636362776,Practice Sentence shown,HL_59_A,,,,N/A,N/A,N/A,N/A,N/A,N/A,N/A
380,1770636368292,Practice Sentence shown,HL_55_A,,,,N/A,N/A,N/A,N/A,N/A,N/A,N/A
380,1770636371444,Practice IR pressed,HL_55_A,,,,Spacebar,0,N/A,3152,N/A,N/A,N/A
380,1770636376892,Practice Sentence shown,HL_72_A,,,,N/A,N/A,N/A,N/A,N/A,N/A,N/A
380,1770636378219,Practice IR pressed,HL_72_A,,,,Spacebar,0,N/A,1327,N/A,N/A,N/A
380,1770636380516,Practice Sentence shown,HH_102_A,true,,,N/A,N/A,N/A,N/A,N/A,N/A,N/A
380,1770636386035,Practice Sentence shown,HL_93_A,,,,N/A,N/A,N/A,N/A,N/A,N/A,N/A
380,1770636391553,Practice Sentence shown,HH_115_A,true,,,N/A,N/A,N/A,N/A,N/A,N/A,N/A
380,1770636397065,Practice Sentence shown,HH_115_P,true,,true,N/A,N/A,N/A,N/A,N/A,N/A,N/A
380,1770636398620,Practice IR pressed,HH_115_P,true,,true,Spacebar,1,N/A,1555,N/A,N/A,N/A
380,1770636402268,Practice WR pressed,HH_115_P,true,,true,No,N/A,1,N/A,3648,N/A,N/A
380,1770636403775,Practice Sentence shown,HH_102_A,true,,true,N/A,N/A,N/A,N/A,N/A,N/A,N/A
380,1770636405563,Practice IR pressed,HH_102_A,true,,true,Spacebar,1,N/A,1788,N/A,N/A,N/A
380,1770636406539,Practice WR pressed,HH_102_A,true,,true,Yes,N/A,1,N/A,976,N/A,N/A
380,1770636430672,Sentence shown,HF_7_A,,,,N/A,N/A,N/A,N/A,N/A,N/A,N/A
380,1770636434687,gap_time,N/A,,,,GapTime_729,N/A,N/A,N/A,N/A,N/A,N/A
380,1770636435425,Sentence shown,HF_7_A,,true,true,N/A,N/A,N/A,N/A,N/A,N/A,N/A
380,1770636436651,Validation IR pressed,HF_7_A,,true,true,Spacebar,1,N/A,1226,N/A,N/A,N/A
380,1770636436651,IR pressed,HF_7_A,,true,true,Spacebar,1,N/A,1226,N/A,N/A,N/A
380,1770636437755,WR pressed,HF_7_A,,true,true,Yes,N/A,N/A,N/A,1104,N/A,N/A
380,1770636437755,gap_time,N/A,,true,true,GapTime_720,N/A,N/A,N/A,N/A,N/A,N/A
380,1770636438486,Sentence shown,HF_16_A,,,,N/A,N/A,N/A,N/A,N/A,N/A,N/A
380,1770636442498,gap_time,N/A,,,,GapTime_900,N/A,N/A,N/A,N/A,N/A,N/A
380,1770636443411,Sentence shown,HVL_135_P,true,,,N/A,N/A,N/A,N/A,N/A,N/A,N/A
380,1770636447414,gap_time,N/A,true,,,GapTime_982,N/A,N/A,N/A,N/A,N/A,N/A
380,1770636448406,Sentence shown,HF_20_A,,,,N/A,N/A,N/A,N/A,N/A,N/A,N/A
380,1770636452421,gap_time,N/A,,,,GapTime_1259,N/A,N/A,N/A,N/A,N/A,N/A
380,1770636453693,Sentence shown,HF_8_A,,,,N/A,N/A,N/A,N/A,N/A,N/A,N/A
380,1770636457703,gap_time,N/A,,,,GapTime_825,N/A,N/A,N/A,N/A,N/A,N/A
380,1770636458537,Sentence shown,HF_12_A,,,,N/A,N/A,N/A,N/A,N/A,N/A,N/A
380,1770636462552,gap_time,N/A,,,,GapTime_1195,N/A,N/A,N/A,N/A,N/A,N/A
380,1770636463759,Sentence shown,HF_20_A,,true,true,N/A,N/A,N/A,N/A,N/A,N/A,N/A
380,1770636464900,Validation IR pressed,HF_20_A,,true,true,Spacebar,1,N/A,1140,N/A,N/A,N/A
380,1770636464900,IR pressed,HF_20_A,,true,true,Spacebar,1,N/A,1140,N/A,N/A,N/A
380,1770636465555,WR pressed,HF_20_A,,true,true,Yes,N/A,N/A,N/A,655,N/A,N/A
380,1770636465555,gap_time,N/A,,true,true,GapTime_1165,N/A,N/A,N/A,N/A,N/A,N/A
380,1770636466724,Sentence shown,HF_12_A,,true,true,N/A,N/A,N/A,N/A,N/A,N/A,N/A
380,1770636468899,Validation IR pressed,HF_12_A,,true,true,Spacebar,1,N/A,2175,N/A,N/A,N/A
380,1770636468899,IR pressed,HF_12_A,,true,true,Spacebar,1,N/A,2175,N/A,N/A,N/A
380,1770636469387,WR pressed,HF_12_A,,true,true,Yes,N/A,N/A,N/A,488,N/A,N/A
380,1770636469387,gap_time,N/A,,true,true,GapTime_949,N/A,N/A,N/A,N/A,N/A,N/A
380,1770636470345,Sentence shown,HF_17_A,,,,N/A,N/A,N/A,N/A,N/A,N/A,N/A
380,1770636474355,gap_time,N/A,,,,GapTime_1001,N/A,N/A,N/A,N/A,N/A,N/A
380,1770636475363,Sentence shown,HF_26_A,,,,N/A,N/A,N/A,N/A,N/A,N/A,N/A
380,1770636479370,gap_time,N/A,,,,GapTime_1053,N/A,N/A,N/A,N/A,N/A,N/A
380,1770636480438,Sentence shown,HF_17_A,,true,true,N/A,N/A,N/A,N/A,N/A,N/A,N/A
380,1770636482523,Validation IR pressed,HF_17_A,,true,true,Spacebar,1,N/A,2085,N/A,N/A,N/A
380,1770636482523,IR pressed,HF_17_A,,true,true,Spacebar,1,N/A,2085,N/A,N/A,N/A
380,1770636483035,WR pressed,HF_17_A,,true,true,Yes,N/A,N/A,N/A,512,N/A,N/A
380,1770636483035,gap_time,N/A,,true,true,GapTime_1074,N/A,N/A,N/A,N/A,N/A,N/A
380,1770636484116,Sentence shown,HF_32_A,,,,N/A,N/A,N/A,N/A,N/A,N/A,N/A
380,1770636488127,gap_time,N/A,,,,GapTime_1204,N/A,N/A,N/A,N/A,N/A,N/A
380,1770636489337,Sentence shown,HF_6_A,,,,N/A,N/A,N/A,N/A,N/A,N/A,N/A
380,1770636493352,gap_time,N/A,,,,GapTime_900,N/A,N/A,N/A,N/A,N/A,N/A
380,1770636494263,Sentence shown,HVL_135_P,true,,true,N/A,N/A,N/A,N/A,N/A,N/A,N/A
380,1770636496235,IR pressed,HVL_135_P,true,,true,Spacebar,1,N/A,1972,N/A,N/A,N/A
380,1770636497683,WR pressed,HVL_135_P,true,,true,Yes,N/A,1,N/A,1447,N/A,N/A
380,1770636497683,gap_time,N/A,true,,true,GapTime_872,N/A,N/A,N/A,N/A,N/A,N/A
380,1770636498571,Sentence shown,HF_15_A,,,,N/A,N/A,N/A,N/A,N/A,N/A,N/A
380,1770636502576,gap_time,N/A,,,,GapTime_982,N/A,N/A,N/A,N/A,N/A,N/A
380,1770636503573,Sentence shown,HF_25_A,,,,N/A,N/A,N/A,N/A,N/A,N/A,N/A
380,1770636505082,Validation Wrong IR pressed,HF_25_A,,,,Spacebar,0,N/A,1509,N/A,N/A,N/A
380,1770636505082,IR pressed,HF_25_A,,,,Spacebar,0,N/A,1509,N/A,N/A,N/A
380,1770636505810,WR pressed,HF_25_A,,,,Yes,N/A,N/A,N/A,728,N/A,N/A
380,1770636505811,gap_time,N/A,,,,GapTime_724,N/A,N/A,N/A,N/A,N/A,N/A
380,1770636506541,Sentence shown,HF_25_A,,true,true,N/A,N/A,N/A,N/A,N/A,N/A,N/A
380,1770636510546,Validation Missed,HF_25_A,,true,true,None,0,N/A,N/A,N/A,N/A,N/A
380,1770636510546,gap_time,N/A,,true,true,GapTime_1155,N/A,N/A,N/A,N/A,N/A,N/A
380,1770636511704,Sentence shown,HF_15_A,,true,true,N/A,N/A,N/A,N/A,N/A,N/A,N/A
380,1770636515708,Validation Missed,HF_15_A,,true,true,None,0,N/A,N/A,N/A,N/A,N/A
380,1770636515709,gap_time,N/A,,true,true,GapTime_700,N/A,N/A,N/A,N/A,N/A,N/A
380,1770636516417,Sentence shown,LVL_105_A,true,,,N/A,N/A,N/A,N/A,N/A,N/A,N/A
380,1770636520433,gap_time,N/A,true,,,GapTime_1106,N/A,N/A,N/A,N/A,N/A,N/A
380,1770636521548,Sentence shown,HF_31_A,,,,N/A,N/A,N/A,N/A,N/A,N/A,N/A
380,1770636525551,gap_time,N/A,,,,GapTime_1189,N/A,N/A,N/A,N/A,N/A,N/A
380,1770636526743,Sentence shown,HF_24_A,,,,N/A,N/A,N/A,N/A,N/A,N/A,N/A
380,1770636530757,gap_time,N/A,,,,GapTime_1162,N/A,N/A,N/A,N/A,N/A,N/A
380,1770636531932,Sentence shown,HVL_164_P,true,,,N/A,N/A,N/A,N/A,N/A,N/A,N/A
380,1770636535944,gap_time,N/A,true,,,GapTime_1265,N/A,N/A,N/A,N/A,N/A,N/A
380,1770636537219,Sentence shown,LVL_139_P,true,,,N/A,N/A,N/A,N/A,N/A,N/A,N/A
380,1770636541221,gap_time,N/A,true,,,GapTime_1155,N/A,N/A,N/A,N/A,N/A,N/A
380,1770636542388,Sentence shown,HF_10_A,,,,N/A,N/A,N/A,N/A,N/A,N/A,N/A
380,1770636546399,gap_time,N/A,,,,GapTime_1291,N/A,N/A,N/A,N/A,N/A,N/A
380,1770636547704,Sentence shown,HF_21_A,,,,N/A,N/A,N/A,N/A,N/A,N/A,N/A
380,1770636551711,gap_time,N/A,,,,GapTime_1131,N/A,N/A,N/A,N/A,N/A,N/A
380,1770636552844,Sentence shown,HF_27_A,,,,N/A,N/A,N/A,N/A,N/A,N/A,N/A
380,1770636556853,gap_time,N/A,,,,GapTime_751,N/A,N/A,N/A,N/A,N/A,N/A
380,1770636557610,Sentence shown,LVL_105_A,true,,true,N/A,N/A,N/A,N/A,N/A,N/A,N/A
380,1770636558538,IR pressed,LVL_105_A,true,,true,Spacebar,1,N/A,928,N/A,N/A,N/A
380,1770636561714,WR pressed,LVL_105_A,true,,true,Yes,N/A,1,N/A,3176,N/A,N/A
380,1770636561714,gap_time,N/A,true,,true,GapTime_1011,N/A,N/A,N/A,N/A,N/A,N/A
380,1770636562737,Sentence shown,HF_23_A,,,,N/A,N/A,N/A,N/A,N/A,N/A,N/A
380,1770636566739,gap_time,N/A,,,,GapTime_930,N/A,N/A,N/A,N/A,N/A,N/A
380,1770636567681,Sentence shown,HF_19_A,,,,N/A,N/A,N/A,N/A,N/A,N/A,N/A
380,1770636571692,gap_time,N/A,,,,GapTime_1254,N/A,N/A,N/A,N/A,N/A,N/A
380,1770636572962,Sentence shown,HVL_164_A,true,,true,N/A,N/A,N/A,N/A,N/A,N/A,N/A
380,1770636574714,IR pressed,HVL_164_A,true,,true,Spacebar,1,N/A,1752,N/A,N/A,N/A
380,1770636575953,WR pressed,HVL_164_A,true,,true,No,N/A,1,N/A,1239,N/A,N/A
380,1770636575954,gap_time,N/A,true,,true,GapTime_755,N/A,N/A,N/A,N/A,N/A,N/A
380,1770636576713,Sentence shown,LVL_139_A,true,,true,N/A,N/A,N/A,N/A,N/A,N/A,N/A
380,1770636580058,IR pressed,LVL_139_A,true,,true,Spacebar,1,N/A,3345,N/A,N/A,N/A
380,1770636580906,WR pressed,LVL_139_A,true,,true,No,N/A,1,N/A,848,N/A,N/A
380,1770636580906,gap_time,N/A,true,,true,GapTime_1280,N/A,N/A,N/A,N/A,N/A,N/A
380,1770636582199,Sentence shown,HF_18_A,,,,N/A,N/A,N/A,N/A,N/A,N/A,N/A
380,1770636586201,gap_time,N/A,,,,GapTime_1251,N/A,N/A,N/A,N/A,N/A,N/A
380,1770636587455,Sentence shown,HH_145_P,true,,,N/A,N/A,N/A,N/A,N/A,N/A,N/A
380,1770636590970,Validation Wrong IR pressed,HH_145_P,true,,,Spacebar,0,N/A,3515,N/A,N/A,N/A
380,1770636590970,IR pressed,HH_145_P,true,,,Spacebar,0,N/A,3515,N/A,N/A,N/A
380,1770636591594,WR pressed,HH_145_P,true,,,No,N/A,1,N/A,624,N/A,N/A
380,1770636591594,gap_time,N/A,true,,,GapTime_1221,N/A,N/A,N/A,N/A,N/A,N/A
380,1770636592824,Sentence shown,HF_5_A,,,,N/A,N/A,N/A,N/A,N/A,N/A,N/A
380,1770636596831,gap_time,N/A,,,,GapTime_1223,N/A,N/A,N/A,N/A,N/A,N/A
380,1770636598068,Sentence shown,HF_18_A,,true,true,N/A,N/A,N/A,N/A,N/A,N/A,N/A
380,1770636599377,Validation IR pressed,HF_18_A,,true,true,Spacebar,1,N/A,1309,N/A,N/A,N/A
380,1770636599377,IR pressed,HF_18_A,,true,true,Spacebar,1,N/A,1309,N/A,N/A,N/A
380,1770636599818,WR pressed,HF_18_A,,true,true,Yes,N/A,N/A,N/A,440,N/A,N/A
380,1770636599818,gap_time,N/A,,true,true,GapTime_849,N/A,N/A,N/A,N/A,N/A,N/A
380,1770636600670,Sentence shown,LVL_103_A,true,,,N/A,N/A,N/A,N/A,N/A,N/A,N/A
380,1770636604674,gap_time,N/A,true,,,GapTime_1274,N/A,N/A,N/A,N/A,N/A,N/A
380,1770636605962,Sentence shown,HF_11_A,,,,N/A,N/A,N/A,N/A,N/A,N/A,N/A
380,1770636609977,gap_time,N/A,,,,GapTime_915,N/A,N/A,N/A,N/A,N/A,N/A
380,1770636610901,Sentence shown,HH_145_A,true,,true,N/A,N/A,N/A,N/A,N/A,N/A,N/A
380,1770636612458,IR pressed,HH_145_A,true,,true,Spacebar,1,N/A,1557,N/A,N/A,N/A
380,1770636613226,WR pressed,HH_145_A,true,,true,Yes,N/A,0,N/A,767,N/A,N/A
380,1770636613226,gap_time,N/A,true,,true,GapTime_865,N/A,N/A,N/A,N/A,N/A,N/A
380,1770636614107,Sentence shown,HF_4_A,,,,N/A,N/A,N/A,N/A,N/A,N/A,N/A
380,1770636618109,gap_time,N/A,,,,GapTime_987,N/A,N/A,N/A,N/A,N/A,N/A
380,1770636619112,Sentence shown,HF_13_A,,,,N/A,N/A,N/A,N/A,N/A,N/A,N/A
380,1770636623126,gap_time,N/A,,,,GapTime_1183,N/A,N/A,N/A,N/A,N/A,N/A
380,1770636624320,Sentence shown,LVL_103_P,true,,true,N/A,N/A,N/A,N/A,N/A,N/A,N/A
380,1770636625642,IR pressed,LVL_103_P,true,,true,Spacebar,1,N/A,1322,N/A,N/A,N/A
380,1770636626185,WR pressed,LVL_103_P,true,,true,Yes,N/A,0,N/A,543,N/A,N/A
380,1770636626185,gap_time,N/A,true,,true,GapTime_872,N/A,N/A,N/A,N/A,N/A,N/A
380,1770636627060,Sentence shown,HF_2_A,,,,N/A,N/A,N/A,N/A,N/A,N/A,N/A
380,1770636631064,gap_time,N/A,,,,GapTime_1192,N/A,N/A,N/A,N/A,N/A,N/A
380,1770636632273,Sentence shown,HF_29_A,,,,N/A,N/A,N/A,N/A,N/A,N/A,N/A
380,1770636636277,gap_time,N/A,,,,GapTime_788,N/A,N/A,N/A,N/A,N/A,N/A
380,1770636637079,Sentence shown,HF_2_A,,true,true,N/A,N/A,N/A,N/A,N/A,N/A,N/A
380,1770636638154,Validation IR pressed,HF_2_A,,true,true,Spacebar,1,N/A,1074,N/A,N/A,N/A
380,1770636638154,IR pressed,HF_2_A,,true,true,Spacebar,1,N/A,1074,N/A,N/A,N/A
380,1770636638993,WR pressed,HF_2_A,,true,true,Yes,N/A,N/A,N/A,839,N/A,N/A
380,1770636638993,gap_time,N/A,,true,true,GapTime_873,N/A,N/A,N/A,N/A,N/A,N/A
380,1770636639881,Sentence shown,HH_180_A,true,,,N/A,N/A,N/A,N/A,N/A,N/A,N/A
380,1770636643893,gap_time,N/A,true,,,GapTime_1189,N/A,N/A,N/A,N/A,N/A,N/A
380,1770636645089,Sentence shown,HF_9_A,,,,N/A,N/A,N/A,N/A,N/A,N/A,N/A
380,1770636649105,gap_time,N/A,,,,GapTime_923,N/A,N/A,N/A,N/A,N/A,N/A
380,1770636650032,Sentence shown,LVH_100_A,true,,,N/A,N/A,N/A,N/A,N/A,N/A,N/A
380,1770636652329,Validation Wrong IR pressed,LVH_100_A,true,,,Spacebar,0,N/A,2297,N/A,N/A,N/A
380,1770636652329,IR pressed,LVH_100_A,true,,,Spacebar,0,N/A,2297,N/A,N/A,N/A
380,1770636652728,WR pressed,LVH_100_A,true,,,No,N/A,1,N/A,399,N/A,N/A
380,1770636652728,gap_time,N/A,true,,,GapTime_1177,N/A,N/A,N/A,N/A,N/A,N/A
380,1770636653919,Sentence shown,HF_28_A,,,,N/A,N/A,N/A,N/A,N/A,N/A,N/A
380,1770636657926,gap_time,N/A,,,,GapTime_733,N/A,N/A,N/A,N/A,N/A,N/A
380,1770636658666,Sentence shown,HH_180_P,true,,true,N/A,N/A,N/A,N/A,N/A,N/A,N/A
380,1770636660257,IR pressed,HH_180_P,true,,true,Spacebar,1,N/A,1591,N/A,N/A,N/A
380,1770636660681,WR pressed,HH_180_P,true,,true,Yes,N/A,0,N/A,424,N/A,N/A
380,1770636660681,gap_time,N/A,true,,true,GapTime_1128,N/A,N/A,N/A,N/A,N/A,N/A
380,1770636661822,Sentence shown,HF_22_A,,,,N/A,N/A,N/A,N/A,N/A,N/A,N/A
380,1770636665836,gap_time,N/A,,,,GapTime_777,N/A,N/A,N/A,N/A,N/A,N/A
380,1770636666618,Sentence shown,HF_14_A,,,,N/A,N/A,N/A,N/A,N/A,N/A,N/A
380,1770636670377,Validation Wrong IR pressed,HF_14_A,,,,Spacebar,0,N/A,3759,N/A,N/A,N/A
380,1770636670377,IR pressed,HF_14_A,,,,Spacebar,0,N/A,3759,N/A,N/A,N/A
380,1770636670985,WR pressed,HF_14_A,,,,No,N/A,N/A,N/A,608,N/A,N/A
380,1770636670985,gap_time,N/A,,,,GapTime_879,N/A,N/A,N/A,N/A,N/A,N/A
380,1770636671869,Sentence shown,LVH_100_P,true,,true,N/A,N/A,N/A,N/A,N/A,N/A,N/A
380,1770636673432,IR pressed,LVH_100_P,true,,true,Spacebar,1,N/A,1563,N/A,N/A,N/A
380,1770636673857,WR pressed,LVH_100_P,true,,true,Yes,N/A,0,N/A,425,N/A,N/A
380,1770636673857,gap_time,N/A,true,,true,GapTime_732,N/A,N/A,N/A,N/A,N/A,N/A
380,1770636674598,Sentence shown,HVL_120_A,true,,,N/A,N/A,N/A,N/A,N/A,N/A,N/A
380,1770636678601,gap_time,N/A,true,,,GapTime_862,N/A,N/A,N/A,N/A,N/A,N/A
380,1770636679479,Sentence shown,HF_33_A,,,,N/A,N/A,N/A,N/A,N/A,N/A,N/A
380,1770636683484,gap_time,N/A,,,,GapTime_1287,N/A,N/A,N/A,N/A,N/A,N/A
380,1770636684786,Sentence shown,HH_153_A,true,,,N/A,N/A,N/A,N/A,N/A,N/A,N/A
380,1770636688795,gap_time,N/A,true,,,GapTime_720,N/A,N/A,N/A,N/A,N/A,N/A
380,1770636689521,Sentence shown,HVL_125_A,true,,,N/A,N/A,N/A,N/A,N/A,N/A,N/A
380,1770636693528,gap_time,N/A,true,,,GapTime_1103,N/A,N/A,N/A,N/A,N/A,N/A
380,1770636694642,Sentence shown,LVH_109_P,true,,,N/A,N/A,N/A,N/A,N/A,N/A,N/A
380,1770636698646,gap_time,N/A,true,,,GapTime_1083,N/A,N/A,N/A,N/A,N/A,N/A
380,1770636699732,Sentence shown,LVL_111_P,true,,,N/A,N/A,N/A,N/A,N/A,N/A,N/A
380,1770636703735,gap_time,N/A,true,,,GapTime_840,N/A,N/A,N/A,N/A,N/A,N/A
380,1770636704581,Sentence shown,HH_143_P,true,,,N/A,N/A,N/A,N/A,N/A,N/A,N/A
380,1770636708597,gap_time,N/A,true,,,GapTime_1237,N/A,N/A,N/A,N/A,N/A,N/A
380,1770636709847,Sentence shown,LVH_103_A,true,,,N/A,N/A,N/A,N/A,N/A,N/A,N/A
380,1770636713862,gap_time,N/A,true,,,GapTime_746,N/A,N/A,N/A,N/A,N/A,N/A
380,1770636714615,Sentence shown,HVL_120_P,true,,true,N/A,N/A,N/A,N/A,N/A,N/A,N/A
380,1770636718623,gap_time,N/A,true,,true,GapTime_994,N/A,N/A,N/A,N/A,N/A,N/A
380,1770636719631,Sentence shown,HF_1_A,,,,N/A,N/A,N/A,N/A,N/A,N/A,N/A
380,1770636723646,gap_time,N/A,,,,GapTime_975,N/A,N/A,N/A,N/A,N/A,N/A
380,1770636724635,Sentence shown,LVH_182_P,true,,,N/A,N/A,N/A,N/A,N/A,N/A,N/A
380,1770636728644,gap_time,N/A,true,,,GapTime_833,N/A,N/A,N/A,N/A,N/A,N/A
380,1770636729491,Sentence shown,HF_1_A,,true,true,N/A,N/A,N/A,N/A,N/A,N/A,N/A
380,1770636730744,Validation IR pressed,HF_1_A,,true,true,Spacebar,1,N/A,1253,N/A,N/A,N/A
380,1770636730744,IR pressed,HF_1_A,,true,true,Spacebar,1,N/A,1253,N/A,N/A,N/A
380,1770636731376,WR pressed,HF_1_A,,true,true,Yes,N/A,N/A,N/A,632,N/A,N/A
380,1770636731376,gap_time,N/A,,true,true,GapTime_717,N/A,N/A,N/A,N/A,N/A,N/A
380,1770636732095,Sentence shown,HH_153_A,true,,true,N/A,N/A,N/A,N/A,N/A,N/A,N/A
380,1770636733528,IR pressed,HH_153_A,true,,true,Spacebar,1,N/A,1433,N/A,N/A,N/A
380,1770636733992,WR pressed,HH_153_A,true,,true,Yes,N/A,1,N/A,464,N/A,N/A
380,1770636733992,gap_time,N/A,true,,true,GapTime_1040,N/A,N/A,N/A,N/A,N/A,N/A
380,1770636735047,Sentence shown,HF_30_A,,,,N/A,N/A,N/A,N/A,N/A,N/A,N/A
380,1770636738104,Validation Wrong IR pressed,HF_30_A,,,,Spacebar,0,N/A,3057,N/A,N/A,N/A
380,1770636738104,IR pressed,HF_30_A,,,,Spacebar,0,N/A,3057,N/A,N/A,N/A
380,1770636738608,WR pressed,HF_30_A,,,,No,N/A,N/A,N/A,504,N/A,N/A
380,1770636738608,gap_time,N/A,,,,GapTime_1106,N/A,N/A,N/A,N/A,N/A,N/A
380,1770636739717,Sentence shown,LVH_109_P,true,,true,N/A,N/A,N/A,N/A,N/A,N/A,N/A
380,1770636740864,IR pressed,LVH_109_P,true,,true,Spacebar,1,N/A,1147,N/A,N/A,N/A
380,1770636741304,WR pressed,LVH_109_P,true,,true,Yes,N/A,1,N/A,440,N/A,N/A
380,1770636741304,gap_time,N/A,true,,true,GapTime_1185,N/A,N/A,N/A,N/A,N/A,N/A
380,1770636742496,Sentence shown,HVL_125_A,true,,true,N/A,N/A,N/A,N/A,N/A,N/A,N/A
380,1770636744666,IR pressed,HVL_125_A,true,,true,Spacebar,1,N/A,2170,N/A,N/A,N/A
380,1770636745240,WR pressed,HVL_125_A,true,,true,Yes,N/A,1,N/A,574,N/A,N/A
380,1770636745240,gap_time,N/A,true,,true,GapTime_1015,N/A,N/A,N/A,N/A,N/A,N/A
380,1770636746260,Sentence shown,HF_30_A,,true,true,N/A,N/A,N/A,N/A,N/A,N/A,N/A
380,1770636748055,Validation IR pressed,HF_30_A,,true,true,Spacebar,1,N/A,1795,N/A,N/A,N/A
380,1770636748055,IR pressed,HF_30_A,,true,true,Spacebar,1,N/A,1795,N/A,N/A,N/A
380,1770636748424,WR pressed,HF_30_A,,true,true,Yes,N/A,N/A,N/A,369,N/A,N/A
380,1770636748424,gap_time,N/A,,true,true,GapTime_1003,N/A,N/A,N/A,N/A,N/A,N/A
380,1770636749429,Sentence shown,LVL_111_P,true,,true,N/A,N/A,N/A,N/A,N/A,N/A,N/A
380,1770636751640,IR pressed,LVL_111_P,true,,true,Spacebar,1,N/A,2211,N/A,N/A,N/A
380,1770636752128,WR pressed,LVL_111_P,true,,true,Yes,N/A,1,N/A,488,N/A,N/A
380,1770636752128,gap_time,N/A,true,,true,GapTime_904,N/A,N/A,N/A,N/A,N/A,N/A
380,1770636753046,Sentence shown,HH_143_P,true,,true,N/A,N/A,N/A,N/A,N/A,N/A,N/A
380,1770636754576,IR pressed,HH_143_P,true,,true,Spacebar,1,N/A,1530,N/A,N/A,N/A
380,1770636754936,WR pressed,HH_143_P,true,,true,Yes,N/A,1,N/A,360,N/A,N/A
380,1770636754936,gap_time,N/A,true,,true,GapTime_1258,N/A,N/A,N/A,N/A,N/A,N/A
380,1770636756203,Sentence shown,LVH_103_A,true,,true,N/A,N/A,N/A,N/A,N/A,N/A,N/A
380,1770636759024,IR pressed,LVH_103_A,true,,true,Spacebar,1,N/A,2821,N/A,N/A,N/A
380,1770636760791,WR pressed,LVH_103_A,true,,true,Yes,N/A,1,N/A,1767,N/A,N/A
380,1770636760792,gap_time,N/A,true,,true,GapTime_787,N/A,N/A,N/A,N/A,N/A,N/A
380,1770636761583,Sentence shown,LVH_182_A,true,,true,N/A,N/A,N/A,N/A,N/A,N/A,N/A
380,1770636763216,IR pressed,LVH_182_A,true,,true,Spacebar,1,N/A,1633,N/A,N/A,N/A
380,1770636763808,WR pressed,LVH_182_A,true,,true,No,N/A,1,N/A,592,N/A,N/A
380,1770636763808,gap_time,N/A,true,,true,GapTime_1282,N/A,N/A,N/A,N/A,N/A,N/A
380,1770636765097,Rest Phase started,N/A,true,,true,Rest,N/A,N/A,N/A,N/A,N/A,N/A
380,1770636785308,Sentence shown,HF_36_A,,,,N/A,N/A,N/A,N/A,N/A,N/A,N/A
380,1770636789314,gap_time,N/A,,,,GapTime_849,N/A,N/A,N/A,N/A,N/A,N/A
380,1770636790176,Sentence shown,HF_37_A,,,,N/A,N/A,N/A,N/A,N/A,N/A,N/A
380,1770636794180,gap_time,N/A,,,,GapTime_894,N/A,N/A,N/A,N/A,N/A,N/A
380,1770636795076,Sentence shown,HVL_103_A,true,,,N/A,N/A,N/A,N/A,N/A,N/A,N/A
380,1770636799080,gap_time,N/A,true,,,GapTime_954,N/A,N/A,N/A,N/A,N/A,N/A
380,1770636800038,Sentence shown,HF_36_A,,true,true,N/A,N/A,N/A,N/A,N/A,N/A,N/A
380,1770636801416,Validation IR pressed,HF_36_A,,true,true,Spacebar,1,N/A,1378,N/A,N/A,N/A
380,1770636801416,IR pressed,HF_36_A,,true,true,Spacebar,1,N/A,1378,N/A,N/A,N/A
380,1770636801935,WR pressed,HF_36_A,,true,true,Yes,N/A,N/A,N/A,519,N/A,N/A
380,1770636801936,gap_time,N/A,,true,true,GapTime_954,N/A,N/A,N/A,N/A,N/A,N/A
380,1770636802899,Sentence shown,HF_37_A,,true,true,N/A,N/A,N/A,N/A,N/A,N/A,N/A
380,1770636804879,Validation IR pressed,HF_37_A,,true,true,Spacebar,1,N/A,1980,N/A,N/A,N/A
380,1770636804879,IR pressed,HF_37_A,,true,true,Spacebar,1,N/A,1980,N/A,N/A,N/A
380,1770636805336,WR pressed,HF_37_A,,true,true,Yes,N/A,N/A,N/A,457,N/A,N/A
380,1770636805336,gap_time,N/A,,true,true,GapTime_913,N/A,N/A,N/A,N/A,N/A,N/A
380,1770636806262,Sentence shown,HF_56_A,,,,N/A,N/A,N/A,N/A,N/A,N/A,N/A
380,1770636810267,gap_time,N/A,,,,GapTime_1196,N/A,N/A,N/A,N/A,N/A,N/A
380,1770636811477,Sentence shown,HF_63_A,,,,N/A,N/A,N/A,N/A,N/A,N/A,N/A
380,1770636815490,gap_time,N/A,,,,GapTime_856,N/A,N/A,N/A,N/A,N/A,N/A
380,1770636816356,Sentence shown,HH_147_A,true,,,N/A,N/A,N/A,N/A,N/A,N/A,N/A
380,1770636820360,gap_time,N/A,true,,,GapTime_976,N/A,N/A,N/A,N/A,N/A,N/A
380,1770636821350,Sentence shown,HF_35_A,,,,N/A,N/A,N/A,N/A,N/A,N/A,N/A
380,1770636825355,gap_time,N/A,,,,GapTime_1099,N/A,N/A,N/A,N/A,N/A,N/A
380,1770636826470,Sentence shown,HF_63_A,,true,true,N/A,N/A,N/A,N/A,N/A,N/A,N/A
380,1770636830471,Validation IR pressed,HF_63_A,,true,true,Spacebar,1,N/A,4001,N/A,N/A,N/A
380,1770636830471,IR pressed,HF_63_A,,true,true,Spacebar,1,N/A,4001,N/A,N/A,N/A
380,1770636830903,WR pressed,HF_63_A,,true,true,Yes,N/A,N/A,N/A,432,N/A,N/A
380,1770636830903,gap_time,N/A,,true,true,GapTime_859,N/A,N/A,N/A,N/A,N/A,N/A
380,1770636831772,Sentence shown,HF_55_A,,,,N/A,N/A,N/A,N/A,N/A,N/A,N/A
380,1770636835782,gap_time,N/A,,,,GapTime_749,N/A,N/A,N/A,N/A,N/A,N/A
380,1770636836539,Sentence shown,HF_34_A,,,,N/A,N/A,N/A,N/A,N/A,N/A,N/A
380,1770636840544,gap_time,N/A,,,,GapTime_796,N/A,N/A,N/A,N/A,N/A,N/A
380,1770636841343,Sentence shown,HVL_103_A,true,,true,N/A,N/A,N/A,N/A,N/A,N/A,N/A
380,1770636845345,gap_time,N/A,true,,true,GapTime_1005,N/A,N/A,N/A,N/A,N/A,N/A
380,1770636846352,Sentence shown,HVL_114_A,true,,,N/A,N/A,N/A,N/A,N/A,N/A,N/A
380,1770636850365,gap_time,N/A,true,,,GapTime_884,N/A,N/A,N/A,N/A,N/A,N/A
380,1770636851258,Sentence shown,HF_42_A,,,,N/A,N/A,N/A,N/A,N/A,N/A,N/A
380,1770636855270,gap_time,N/A,,,,GapTime_1036,N/A,N/A,N/A,N/A,N/A,N/A
380,1770636856309,Sentence shown,HF_48_A,,,,N/A,N/A,N/A,N/A,N/A,N/A,N/A
380,1770636860317,gap_time,N/A,,,,GapTime_1266,N/A,N/A,N/A,N/A,N/A,N/A
380,1770636861588,Sentence shown,HH_147_P,true,,true,N/A,N/A,N/A,N/A,N/A,N/A,N/A
380,1770636862910,IR pressed,HH_147_P,true,,true,Spacebar,1,N/A,1322,N/A,N/A,N/A
380,1770636863391,WR pressed,HH_147_P,true,,true,No,N/A,1,N/A,481,N/A,N/A
380,1770636863391,gap_time,N/A,true,,true,GapTime_780,N/A,N/A,N/A,N/A,N/A,N/A
380,1770636864175,Sentence shown,HF_42_A,,true,true,N/A,N/A,N/A,N/A,N/A,N/A,N/A
380,1770636865767,Validation IR pressed,HF_42_A,,true,true,Spacebar,1,N/A,1592,N/A,N/A,N/A
380,1770636865767,IR pressed,HF_42_A,,true,true,Spacebar,1,N/A,1592,N/A,N/A,N/A
380,1770636866071,WR pressed,HF_42_A,,true,true,Yes,N/A,N/A,N/A,304,N/A,N/A
380,1770636866071,gap_time,N/A,,true,true,GapTime_801,N/A,N/A,N/A,N/A,N/A,N/A
380,1770636866881,Sentence shown,HF_65_A,,,,N/A,N/A,N/A,N/A,N/A,N/A,N/A
380,1770636870888,gap_time,N/A,,,,GapTime_1273,N/A,N/A,N/A,N/A,N/A,N/A
380,1770636872175,Sentence shown,HF_46_A,,,,N/A,N/A,N/A,N/A,N/A,N/A,N/A
380,1770636876184,gap_time,N/A,,,,GapTime_1028,N/A,N/A,N/A,N/A,N/A,N/A
380,1770636877222,Sentence shown,HF_45_A,,,,N/A,N/A,N/A,N/A,N/A,N/A,N/A
380,1770636881233,gap_time,N/A,,,,GapTime_719,N/A,N/A,N/A,N/A,N/A,N/A
380,1770636881958,Sentence shown,HF_65_A,,true,true,N/A,N/A,N/A,N/A,N/A,N/A,N/A
380,1770636883399,Validation IR pressed,HF_65_A,,true,true,Spacebar,1,N/A,1441,N/A,N/A,N/A
380,1770636883399,IR pressed,HF_65_A,,true,true,Spacebar,1,N/A,1441,N/A,N/A,N/A
380,1770636884646,WR pressed,HF_65_A,,true,true,No,N/A,N/A,N/A,1247,N/A,N/A
380,1770636884646,gap_time,N/A,,true,true,GapTime_1003,N/A,N/A,N/A,N/A,N/A,N/A
380,1770636885664,Sentence shown,HF_39_A,,,,N/A,N/A,N/A,N/A,N/A,N/A,N/A
380,1770636889679,gap_time,N/A,,,,GapTime_1159,N/A,N/A,N/A,N/A,N/A,N/A
380,1770636890846,Sentence shown,HF_45_A,,true,true,N/A,N/A,N/A,N/A,N/A,N/A,N/A
380,1770636892087,Validation IR pressed,HF_45_A,,true,true,Spacebar,1,N/A,1241,N/A,N/A,N/A
380,1770636892087,IR pressed,HF_45_A,,true,true,Spacebar,1,N/A,1241,N/A,N/A,N/A
380,1770636892478,WR pressed,HF_45_A,,true,true,No,N/A,N/A,N/A,391,N/A,N/A
380,1770636892479,gap_time,N/A,,true,true,GapTime_1286,N/A,N/A,N/A,N/A,N/A,N/A
380,1770636893780,Sentence shown,LVL_140_P,true,,,N/A,N/A,N/A,N/A,N/A,N/A,N/A
380,1770636897795,gap_time,N/A,true,,,GapTime_1060,N/A,N/A,N/A,N/A,N/A,N/A
380,1770636898862,Sentence shown,HVL_114_P,true,,true,N/A,N/A,N/A,N/A,N/A,N/A,N/A
380,1770636900335,IR pressed,HVL_114_P,true,,true,Spacebar,1,N/A,1473,N/A,N/A,N/A
380,1770636901062,WR pressed,HVL_114_P,true,,true,No,N/A,1,N/A,727,N/A,N/A
380,1770636901062,gap_time,N/A,true,,true,GapTime_711,N/A,N/A,N/A,N/A,N/A,N/A
380,1770636901784,Sentence shown,LVH_101_A,true,,,N/A,N/A,N/A,N/A,N/A,N/A,N/A
380,1770636905796,gap_time,N/A,true,,,GapTime_1047,N/A,N/A,N/A,N/A,N/A,N/A
380,1770636906847,Sentence shown,LVL_118_A,true,,,N/A,N/A,N/A,N/A,N/A,N/A,N/A
380,1770636910851,gap_time,N/A,true,,,GapTime_881,N/A,N/A,N/A,N/A,N/A,N/A
380,1770636911749,Sentence shown,HH_189_A,true,,,N/A,N/A,N/A,N/A,N/A,N/A,N/A
380,1770636915755,gap_time,N/A,true,,,GapTime_986,N/A,N/A,N/A,N/A,N/A,N/A
380,1770636916743,Sentence shown,LVL_100_A,true,,,N/A,N/A,N/A,N/A,N/A,N/A,N/A
380,1770636920750,gap_time,N/A,true,,,GapTime_781,N/A,N/A,N/A,N/A,N/A,N/A
380,1770636921534,Sentence shown,LVH_141_A,true,,,N/A,N/A,N/A,N/A,N/A,N/A,N/A
380,1770636925538,gap_time,N/A,true,,,GapTime_909,N/A,N/A,N/A,N/A,N/A,N/A
380,1770636926449,Sentence shown,HH_140_P,true,,,N/A,N/A,N/A,N/A,N/A,N/A,N/A
380,1770636930459,gap_time,N/A,true,,,GapTime_852,N/A,N/A,N/A,N/A,N/A,N/A
380,1770636931321,Sentence shown,HF_57_A,,,,N/A,N/A,N/A,N/A,N/A,N/A,N/A
380,1770636935329,gap_time,N/A,,,,GapTime_885,N/A,N/A,N/A,N/A,N/A,N/A
380,1770636936226,Sentence shown,LVL_140_P,true,,true,N/A,N/A,N/A,N/A,N/A,N/A,N/A
380,1770636940232,gap_time,N/A,true,,true,GapTime_1207,N/A,N/A,N/A,N/A,N/A,N/A
380,1770636941444,Sentence shown,HF_38_A,,,,N/A,N/A,N/A,N/A,N/A,N/A,N/A
380,1770636945451,gap_time,N/A,,,,GapTime_960,N/A,N/A,N/A,N/A,N/A,N/A
380,1770636946427,Sentence shown,LVH_101_P,true,,true,N/A,N/A,N/A,N/A,N/A,N/A,N/A
380,1770636948599,IR pressed,LVH_101_P,true,,true,Spacebar,1,N/A,2171,N/A,N/A,N/A
380,1770636949078,WR pressed,LVH_101_P,true,,true,No,N/A,1,N/A,479,N/A,N/A
380,1770636949078,gap_time,N/A,true,,true,GapTime_779,N/A,N/A,N/A,N/A,N/A,N/A
380,1770636949870,Sentence shown,HH_189_A,true,,true,N/A,N/A,N/A,N/A,N/A,N/A,N/A
380,1770636951838,IR pressed,HH_189_A,true,,true,Spacebar,1,N/A,1968,N/A,N/A,N/A
380,1770636952214,WR pressed,HH_189_A,true,,true,Yes,N/A,1,N/A,376,N/A,N/A
380,1770636952214,gap_time,N/A,true,,true,GapTime_787,N/A,N/A,N/A,N/A,N/A,N/A
380,1770636953013,Sentence shown,HF_38_A,,true,true,N/A,N/A,N/A,N/A,N/A,N/A,N/A
380,1770636954686,Validation IR pressed,HF_38_A,,true,true,Spacebar,1,N/A,1673,N/A,N/A,N/A
380,1770636954686,IR pressed,HF_38_A,,true,true,Spacebar,1,N/A,1673,N/A,N/A,N/A
380,1770636954974,WR pressed,HF_38_A,,true,true,Yes,N/A,N/A,N/A,288,N/A,N/A
380,1770636954974,gap_time,N/A,,true,true,GapTime_744,N/A,N/A,N/A,N/A,N/A,N/A
380,1770636955728,Sentence shown,HF_62_A,,,,N/A,N/A,N/A,N/A,N/A,N/A,N/A
380,1770636959732,gap_time,N/A,,,,GapTime_1008,N/A,N/A,N/A,N/A,N/A,N/A
380,1770636960755,Sentence shown,LVL_118_A,true,,true,N/A,N/A,N/A,N/A,N/A,N/A,N/A
380,1770636964763,gap_time,N/A,true,,true,GapTime_1292,N/A,N/A,N/A,N/A,N/A,N/A
380,1770636966065,Sentence shown,HF_59_A,,,,N/A,N/A,N/A,N/A,N/A,N/A,N/A
380,1770636970074,gap_time,N/A,,,,GapTime_1159,N/A,N/A,N/A,N/A,N/A,N/A
380,1770636971249,Sentence shown,LVL_100_P,true,,true,N/A,N/A,N/A,N/A,N/A,N/A,N/A
380,1770636972765,IR pressed,LVL_100_P,true,,true,Spacebar,1,N/A,1516,N/A,N/A,N/A
380,1770636973182,WR pressed,LVL_100_P,true,,true,No,N/A,1,N/A,417,N/A,N/A
380,1770636973182,gap_time,N/A,true,,true,GapTime_910,N/A,N/A,N/A,N/A,N/A,N/A
380,1770636974104,Sentence shown,HF_43_A,,,,N/A,N/A,N/A,N/A,N/A,N/A,N/A
380,1770636978118,gap_time,N/A,,,,GapTime_949,N/A,N/A,N/A,N/A,N/A,N/A
380,1770636979076,Sentence shown,LVH_141_A,true,,true,N/A,N/A,N/A,N/A,N/A,N/A,N/A
380,1770636980550,IR pressed,LVH_141_A,true,,true,Spacebar,1,N/A,1474,N/A,N/A,N/A
380,1770636981382,WR pressed,LVH_141_A,true,,true,Yes,N/A,1,N/A,832,N/A,N/A
380,1770636981382,gap_time,N/A,true,,true,GapTime_1003,N/A,N/A,N/A,N/A,N/A,N/A
380,1770636982387,Sentence shown,HF_40_A,,,,N/A,N/A,N/A,N/A,N/A,N/A,N/A
380,1770636986400,gap_time,N/A,,,,GapTime_1153,N/A,N/A,N/A,N/A,N/A,N/A
380,1770636987561,Sentence shown,HF_40_A,,true,true,N/A,N/A,N/A,N/A,N/A,N/A,N/A
380,1770636991565,Validation Missed,HF_40_A,,true,true,None,0,N/A,N/A,N/A,N/A,N/A
380,1770636991565,gap_time,N/A,,true,true,GapTime_792,N/A,N/A,N/A,N/A,N/A,N/A
380,1770636992366,Sentence shown,HH_140_A,true,,true,N/A,N/A,N/A,N/A,N/A,N/A,N/A
380,1770636993958,IR pressed,HH_140_A,true,,true,Spacebar,1,N/A,1592,N/A,N/A,N/A
380,1770636995413,WR pressed,HH_140_A,true,,true,No,N/A,1,N/A,1455,N/A,N/A
380,1770636995414,gap_time,N/A,true,,true,GapTime_1081,N/A,N/A,N/A,N/A,N/A,N/A
380,1770636996511,Sentence shown,HF_49_A,,,,N/A,N/A,N/A,N/A,N/A,N/A,N/A
380,1770637000516,gap_time,N/A,,,,GapTime_987,N/A,N/A,N/A,N/A,N/A,N/A
380,1770637001517,Sentence shown,HF_44_A,,,,N/A,N/A,N/A,N/A,N/A,N/A,N/A
380,1770637005520,gap_time,N/A,,,,GapTime_1230,N/A,N/A,N/A,N/A,N/A,N/A
380,1770637006763,Sentence shown,HF_44_A,,true,true,N/A,N/A,N/A,N/A,N/A,N/A,N/A
380,1770637008262,Validation IR pressed,HF_44_A,,true,true,Spacebar,1,N/A,1499,N/A,N/A,N/A
380,1770637008262,IR pressed,HF_44_A,,true,true,Spacebar,1,N/A,1499,N/A,N/A,N/A
380,1770637008677,WR pressed,HF_44_A,,true,true,Yes,N/A,N/A,N/A,415,N/A,N/A
380,1770637008678,gap_time,N/A,,true,true,GapTime_825,N/A,N/A,N/A,N/A,N/A,N/A
380,1770637009516,Sentence shown,HF_54_A,,,,N/A,N/A,N/A,N/A,N/A,N/A,N/A
380,1770637013528,gap_time,N/A,,,,GapTime_1215,N/A,N/A,N/A,N/A,N/A,N/A
380,1770637014755,Sentence shown,LVL_108_P,true,,,N/A,N/A,N/A,N/A,N/A,N/A,N/A
380,1770637018765,gap_time,N/A,true,,,GapTime_785,N/A,N/A,N/A,N/A,N/A,N/A
380,1770637019566,Sentence shown,HF_53_A,,,,N/A,N/A,N/A,N/A,N/A,N/A,N/A
380,1770637023570,gap_time,N/A,,,,GapTime_1201,N/A,N/A,N/A,N/A,N/A,N/A
380,1770637024778,Sentence shown,LVH_170_P,true,,,N/A,N/A,N/A,N/A,N/A,N/A,N/A
380,1770637028786,gap_time,N/A,true,,,GapTime_1043,N/A,N/A,N/A,N/A,N/A,N/A
380,1770637029838,Sentence shown,HF_41_A,,,,N/A,N/A,N/A,N/A,N/A,N/A,N/A
380,1770637033846,gap_time,N/A,,,,GapTime_1030,N/A,N/A,N/A,N/A,N/A,N/A
380,1770637034884,Sentence shown,HF_64_A,,,,N/A,N/A,N/A,N/A,N/A,N/A,N/A
380,1770637038898,gap_time,N/A,,,,GapTime_1236,N/A,N/A,N/A,N/A,N/A,N/A
380,1770637040138,Sentence shown,HF_52_A,,,,N/A,N/A,N/A,N/A,N/A,N/A,N/A
380,1770637044152,gap_time,N/A,,,,GapTime_770,N/A,N/A,N/A,N/A,N/A,N/A
380,1770637044938,Sentence shown,HVL_118_P,true,,,N/A,N/A,N/A,N/A,N/A,N/A,N/A
380,1770637048948,gap_time,N/A,true,,,GapTime_1156,N/A,N/A,N/A,N/A,N/A,N/A
380,1770637050110,Sentence shown,LVH_170_A,true,,true,N/A,N/A,N/A,N/A,N/A,N/A,N/A
380,1770637052309,IR pressed,LVH_170_A,true,,true,Spacebar,1,N/A,2199,N/A,N/A,N/A
380,1770637053013,WR pressed,LVH_170_A,true,,true,No,N/A,1,N/A,704,N/A,N/A
380,1770637053013,gap_time,N/A,true,,true,GapTime_1270,N/A,N/A,N/A,N/A,N/A,N/A
380,1770637054297,Sentence shown,HF_61_A,,,,N/A,N/A,N/A,N/A,N/A,N/A,N/A
380,1770637058303,gap_time,N/A,,,,GapTime_741,N/A,N/A,N/A,N/A,N/A,N/A
380,1770637059056,Sentence shown,LVL_108_A,true,,true,N/A,N/A,N/A,N/A,N/A,N/A,N/A
380,1770637060765,IR pressed,LVL_108_A,true,,true,Spacebar,1,N/A,1709,N/A,N/A,N/A
380,1770637061149,WR pressed,LVL_108_A,true,,true,No,N/A,1,N/A,384,N/A,N/A
380,1770637061149,gap_time,N/A,true,,true,GapTime_990,N/A,N/A,N/A,N/A,N/A,N/A
380,1770637062145,Sentence shown,HVL_117_P,true,,,N/A,N/A,N/A,N/A,N/A,N/A,N/A
380,1770637066148,gap_time,N/A,true,,,GapTime_812,N/A,N/A,N/A,N/A,N/A,N/A
380,1770637066966,Sentence shown,HH_172_P,true,,,N/A,N/A,N/A,N/A,N/A,N/A,N/A
380,1770637070973,gap_time,N/A,true,,,GapTime_1050,N/A,N/A,N/A,N/A,N/A,N/A
380,1770637072037,Sentence shown,HF_58_A,,,,N/A,N/A,N/A,N/A,N/A,N/A,N/A
380,1770637076039,gap_time,N/A,,,,GapTime_886,N/A,N/A,N/A,N/A,N/A,N/A
380,1770637076935,Sentence shown,HF_60_A,,,,N/A,N/A,N/A,N/A,N/A,N/A,N/A
380,1770637080952,gap_time,N/A,,,,GapTime_761,N/A,N/A,N/A,N/A,N/A,N/A
380,1770637081724,Sentence shown,HVL_118_P,true,,true,N/A,N/A,N/A,N/A,N/A,N/A,N/A
380,1770637083301,IR pressed,HVL_118_P,true,,true,Spacebar,1,N/A,1577,N/A,N/A,N/A
380,1770637083884,WR pressed,HVL_118_P,true,,true,Yes,N/A,1,N/A,583,N/A,N/A
380,1770637083885,gap_time,N/A,true,,true,GapTime_1160,N/A,N/A,N/A,N/A,N/A,N/A
380,1770637085047,Sentence shown,HF_51_A,,,,N/A,N/A,N/A,N/A,N/A,N/A,N/A
380,1770637089057,gap_time,N/A,,,,GapTime_1096,N/A,N/A,N/A,N/A,N/A,N/A
380,1770637090169,Sentence shown,HVL_117_A,true,,true,N/A,N/A,N/A,N/A,N/A,N/A,N/A
380,1770637092436,IR pressed,HVL_117_A,true,,true,Spacebar,1,N/A,2267,N/A,N/A,N/A
380,1770637092796,WR pressed,HVL_117_A,true,,true,No,N/A,1,N/A,360,N/A,N/A
380,1770637092796,gap_time,N/A,true,,true,GapTime_704,N/A,N/A,N/A,N/A,N/A,N/A
380,1770637093510,Sentence shown,LVH_178_P,true,,,N/A,N/A,N/A,N/A,N/A,N/A,N/A
380,1770637097524,gap_time,N/A,true,,,GapTime_887,N/A,N/A,N/A,N/A,N/A,N/A
380,1770637098419,Sentence shown,HF_47_A,,,,N/A,N/A,N/A,N/A,N/A,N/A,N/A
380,1770637102427,gap_time,N/A,,,,GapTime_922,N/A,N/A,N/A,N/A,N/A,N/A
380,1770637103355,Sentence shown,HF_50_A,,,,N/A,N/A,N/A,N/A,N/A,N/A,N/A
380,1770637105549,Validation Wrong IR pressed,HF_50_A,,,,Spacebar,0,N/A,2194,N/A,N/A,N/A
380,1770637105549,IR pressed,HF_50_A,,,,Spacebar,0,N/A,2194,N/A,N/A,N/A
380,1770637106124,WR pressed,HF_50_A,,,,Yes,N/A,N/A,N/A,575,N/A,N/A
380,1770637106125,gap_time,N/A,,,,GapTime_1018,N/A,N/A,N/A,N/A,N/A,N/A
380,1770637107153,Sentence shown,HF_47_A,,true,true,N/A,N/A,N/A,N/A,N/A,N/A,N/A
380,1770637108517,Validation IR pressed,HF_47_A,,true,true,Spacebar,1,N/A,1364,N/A,N/A,N/A
380,1770637108517,IR pressed,HF_47_A,,true,true,Spacebar,1,N/A,1364,N/A,N/A,N/A
380,1770637108844,WR pressed,HF_47_A,,true,true,Yes,N/A,N/A,N/A,327,N/A,N/A
380,1770637108845,gap_time,N/A,,true,true,GapTime_1163,N/A,N/A,N/A,N/A,N/A,N/A
380,1770637110018,Sentence shown,HH_172_P,true,,true,N/A,N/A,N/A,N/A,N/A,N/A,N/A
380,1770637111668,IR pressed,HH_172_P,true,,true,Spacebar,1,N/A,1650,N/A,N/A,N/A
380,1770637111940,WR pressed,HH_172_P,true,,true,Yes,N/A,1,N/A,272,N/A,N/A
380,1770637111941,gap_time,N/A,true,,true,GapTime_1240,N/A,N/A,N/A,N/A,N/A,N/A
380,1770637113191,Sentence shown,LVH_178_P,true,,true,N/A,N/A,N/A,N/A,N/A,N/A,N/A
380,1770637114956,IR pressed,LVH_178_P,true,,true,Spacebar,1,N/A,1765,N/A,N/A,N/A
380,1770637115204,WR pressed,LVH_178_P,true,,true,Yes,N/A,1,N/A,248,N/A,N/A
380,1770637115204,gap_time,N/A,true,,true,GapTime_1276,N/A,N/A,N/A,N/A,N/A,N/A
380,1770637116490,Rest Phase started,N/A,true,,true,Rest,N/A,N/A,N/A,N/A,N/A,N/A
380,1770637131147,Sentence shown,HF_80_A,,,,N/A,N/A,N/A,N/A,N/A,N/A,N/A
380,1770637135159,gap_time,N/A,,,,GapTime_1229,N/A,N/A,N/A,N/A,N/A,N/A
380,1770637136403,Sentence shown,HF_86_A,,,,N/A,N/A,N/A,N/A,N/A,N/A,N/A
380,1770637140412,gap_time,N/A,,,,GapTime_1014,N/A,N/A,N/A,N/A,N/A,N/A
380,1770637141435,Sentence shown,HF_86_A,,true,true,N/A,N/A,N/A,N/A,N/A,N/A,N/A
380,1770637142588,Validation IR pressed,HF_86_A,,true,true,Spacebar,1,N/A,1153,N/A,N/A,N/A
380,1770637142588,IR pressed,HF_86_A,,true,true,Spacebar,1,N/A,1153,N/A,N/A,N/A
380,1770637142900,WR pressed,HF_86_A,,true,true,Yes,N/A,N/A,N/A,312,N/A,N/A
380,1770637142900,gap_time,N/A,,true,true,GapTime_930,N/A,N/A,N/A,N/A,N/A,N/A
380,1770637143840,Sentence shown,HF_81_A,,,,N/A,N/A,N/A,N/A,N/A,N/A,N/A
380,1770637147852,gap_time,N/A,,,,GapTime_828,N/A,N/A,N/A,N/A,N/A,N/A
380,1770637148685,Sentence shown,HF_96_A,,,,N/A,N/A,N/A,N/A,N/A,N/A,N/A
380,1770637152688,gap_time,N/A,,,,GapTime_1073,N/A,N/A,N/A,N/A,N/A,N/A
380,1770637153771,Sentence shown,LVL_114_P,true,,,N/A,N/A,N/A,N/A,N/A,N/A,N/A
380,1770637157773,gap_time,N/A,true,,,GapTime_970,N/A,N/A,N/A,N/A,N/A,N/A
380,1770637158747,Sentence shown,HF_95_A,,,,N/A,N/A,N/A,N/A,N/A,N/A,N/A
380,1770637162755,gap_time,N/A,,,,GapTime_847,N/A,N/A,N/A,N/A,N/A,N/A
380,1770637163617,Sentence shown,LVL_106_P,true,,,N/A,N/A,N/A,N/A,N/A,N/A,N/A
380,1770637167623,gap_time,N/A,true,,,GapTime_1179,N/A,N/A,N/A,N/A,N/A,N/A
380,1770637168803,Sentence shown,HH_138_P,true,,,N/A,N/A,N/A,N/A,N/A,N/A,N/A
380,1770637172819,gap_time,N/A,true,,,GapTime_1130,N/A,N/A,N/A,N/A,N/A,N/A
380,1770637173954,Sentence shown,HF_83_A,,,,N/A,N/A,N/A,N/A,N/A,N/A,N/A
380,1770637177971,gap_time,N/A,,,,GapTime_764,N/A,N/A,N/A,N/A,N/A,N/A
380,1770637178744,Sentence shown,HF_83_A,,true,true,N/A,N/A,N/A,N/A,N/A,N/A,N/A
380,1770637179667,Validation IR pressed,HF_83_A,,true,true,Spacebar,1,N/A,923,N/A,N/A,N/A
380,1770637179667,IR pressed,HF_83_A,,true,true,Spacebar,1,N/A,923,N/A,N/A,N/A
380,1770637180259,WR pressed,HF_83_A,,true,true,Yes,N/A,N/A,N/A,592,N/A,N/A
380,1770637180259,gap_time,N/A,,true,true,GapTime_1160,N/A,N/A,N/A,N/A,N/A,N/A
380,1770637181422,Sentence shown,HVL_113_A,true,,,N/A,N/A,N/A,N/A,N/A,N/A,N/A
380,1770637185428,gap_time,N/A,true,,,GapTime_834,N/A,N/A,N/A,N/A,N/A,N/A
380,1770637186264,Sentence shown,HF_92_A,,,,N/A,N/A,N/A,N/A,N/A,N/A,N/A
380,1770637190272,gap_time,N/A,,,,GapTime_922,N/A,N/A,N/A,N/A,N/A,N/A
380,1770637191201,Sentence shown,LVL_106_P,true,,true,N/A,N/A,N/A,N/A,N/A,N/A,N/A
380,1770637193923,IR pressed,LVL_106_P,true,,true,Spacebar,1,N/A,2722,N/A,N/A,N/A
380,1770637195987,WR pressed,LVL_106_P,true,,true,Yes,N/A,1,N/A,2064,N/A,N/A
380,1770637195987,gap_time,N/A,true,,true,GapTime_1167,N/A,N/A,N/A,N/A,N/A,N/A
380,1770637197170,Sentence shown,LVL_114_A,true,,true,N/A,N/A,N/A,N/A,N/A,N/A,N/A
380,1770637198939,IR pressed,LVL_114_A,true,,true,Spacebar,1,N/A,1769,N/A,N/A,N/A
380,1770637199195,WR pressed,LVL_114_A,true,,true,No,N/A,1,N/A,256,N/A,N/A
380,1770637199196,gap_time,N/A,true,,true,GapTime_895,N/A,N/A,N/A,N/A,N/A,N/A
380,1770637200102,Sentence shown,LVL_135_A,true,,,N/A,N/A,N/A,N/A,N/A,N/A,N/A
380,1770637204105,gap_time,N/A,true,,,GapTime_831,N/A,N/A,N/A,N/A,N/A,N/A
380,1770637204951,Sentence shown,HF_76_A,,,,N/A,N/A,N/A,N/A,N/A,N/A,N/A
380,1770637208966,gap_time,N/A,,,,GapTime_929,N/A,N/A,N/A,N/A,N/A,N/A
380,1770637209907,Sentence shown,HH_138_A,true,,true,N/A,N/A,N/A,N/A,N/A,N/A,N/A
380,1770637213911,gap_time,N/A,true,,true,GapTime_985,N/A,N/A,N/A,N/A,N/A,N/A
380,1770637214898,Sentence shown,HF_68_A,,,,N/A,N/A,N/A,N/A,N/A,N/A,N/A
380,1770637218900,gap_time,N/A,,,,GapTime_1225,N/A,N/A,N/A,N/A,N/A,N/A
380,1770637220139,Sentence shown,HF_68_A,,true,true,N/A,N/A,N/A,N/A,N/A,N/A,N/A
380,1770637221227,Validation IR pressed,HF_68_A,,true,true,Spacebar,1,N/A,1088,N/A,N/A,N/A
380,1770637221227,IR pressed,HF_68_A,,true,true,Spacebar,1,N/A,1088,N/A,N/A,N/A
380,1770637221643,WR pressed,HF_68_A,,true,true,Yes,N/A,N/A,N/A,416,N/A,N/A
380,1770637221643,gap_time,N/A,,true,true,GapTime_771,N/A,N/A,N/A,N/A,N/A,N/A
380,1770637222428,Sentence shown,HF_84_A,,,,N/A,N/A,N/A,N/A,N/A,N/A,N/A
380,1770637226441,gap_time,N/A,,,,GapTime_1131,N/A,N/A,N/A,N/A,N/A,N/A
380,1770637227574,Sentence shown,HVL_131_P,true,,,N/A,N/A,N/A,N/A,N/A,N/A,N/A
380,1770637231577,gap_time,N/A,true,,,GapTime_1133,N/A,N/A,N/A,N/A,N/A,N/A
380,1770637232721,Sentence shown,LVL_135_P,true,,true,N/A,N/A,N/A,N/A,N/A,N/A,N/A
380,1770637233995,IR pressed,LVL_135_P,true,,true,Spacebar,1,N/A,1274,N/A,N/A,N/A
380,1770637234419,WR pressed,LVL_135_P,true,,true,No,N/A,1,N/A,424,N/A,N/A
380,1770637234419,gap_time,N/A,true,,true,GapTime_1152,N/A,N/A,N/A,N/A,N/A,N/A
380,1770637235574,Sentence shown,LVH_124_P,true,,,N/A,N/A,N/A,N/A,N/A,N/A,N/A
380,1770637239586,gap_time,N/A,true,,,GapTime_1063,N/A,N/A,N/A,N/A,N/A,N/A
380,1770637240654,Sentence shown,HVL_113_A,true,,true,N/A,N/A,N/A,N/A,N/A,N/A,N/A
380,1770637242242,IR pressed,HVL_113_A,true,,true,Spacebar,1,N/A,1588,N/A,N/A,N/A
380,1770637242627,WR pressed,HVL_113_A,true,,true,Yes,N/A,1,N/A,385,N/A,N/A
380,1770637242627,gap_time,N/A,true,,true,GapTime_1212,N/A,N/A,N/A,N/A,N/A,N/A
380,1770637243842,Sentence shown,HF_94_A,,,,N/A,N/A,N/A,N/A,N/A,N/A,N/A
380,1770637247850,gap_time,N/A,,,,GapTime_1126,N/A,N/A,N/A,N/A,N/A,N/A
380,1770637248982,Sentence shown,HH_137_P,true,,,N/A,N/A,N/A,N/A,N/A,N/A,N/A
380,1770637252983,gap_time,N/A,true,,,GapTime_898,N/A,N/A,N/A,N/A,N/A,N/A
380,1770637253897,Sentence shown,LVH_123_A,true,,,N/A,N/A,N/A,N/A,N/A,N/A,N/A
380,1770637257903,gap_time,N/A,true,,,GapTime_945,N/A,N/A,N/A,N/A,N/A,N/A
380,1770637258859,Sentence shown,HF_71_A,,,,N/A,N/A,N/A,N/A,N/A,N/A,N/A
380,1770637262868,gap_time,N/A,,,,GapTime_984,N/A,N/A,N/A,N/A,N/A,N/A
380,1770637263858,Sentence shown,LVH_105_P,true,,,N/A,N/A,N/A,N/A,N/A,N/A,N/A
380,1770637267865,gap_time,N/A,true,,,GapTime_766,N/A,N/A,N/A,N/A,N/A,N/A
380,1770637268635,Sentence shown,HVL_131_P,true,,true,N/A,N/A,N/A,N/A,N/A,N/A,N/A
380,1770637270499,IR pressed,HVL_131_P,true,,true,Spacebar,1,N/A,1864,N/A,N/A,N/A
380,1770637270906,WR pressed,HVL_131_P,true,,true,Yes,N/A,1,N/A,407,N/A,N/A
380,1770637270906,gap_time,N/A,true,,true,GapTime_1242,N/A,N/A,N/A,N/A,N/A,N/A
380,1770637272159,Sentence shown,HF_89_A,,,,N/A,N/A,N/A,N/A,N/A,N/A,N/A
380,1770637276166,gap_time,N/A,,,,GapTime_1014,N/A,N/A,N/A,N/A,N/A,N/A
380,1770637277184,Sentence shown,LVH_124_A,true,,true,N/A,N/A,N/A,N/A,N/A,N/A,N/A
380,1770637278650,IR pressed,LVH_124_A,true,,true,Spacebar,1,N/A,1466,N/A,N/A,N/A
380,1770637279074,WR pressed,LVH_124_A,true,,true,No,N/A,1,N/A,424,N/A,N/A
380,1770637279075,gap_time,N/A,true,,true,GapTime_780,N/A,N/A,N/A,N/A,N/A,N/A
380,1770637279866,Sentence shown,HF_79_A,,,,N/A,N/A,N/A,N/A,N/A,N/A,N/A
380,1770637283876,gap_time,N/A,,,,GapTime_732,N/A,N/A,N/A,N/A,N/A,N/A
380,1770637284617,Sentence shown,HF_89_A,,true,true,N/A,N/A,N/A,N/A,N/A,N/A,N/A
380,1770637285571,Validation IR pressed,HF_89_A,,true,true,Spacebar,1,N/A,954,N/A,N/A,N/A
380,1770637285571,IR pressed,HF_89_A,,true,true,Spacebar,1,N/A,954,N/A,N/A,N/A
380,1770637285946,WR pressed,HF_89_A,,true,true,Yes,N/A,N/A,N/A,375,N/A,N/A
380,1770637285946,gap_time,N/A,,true,true,GapTime_795,N/A,N/A,N/A,N/A,N/A,N/A
380,1770637286751,Sentence shown,LVH_123_P,true,,true,N/A,N/A,N/A,N/A,N/A,N/A,N/A
380,1770637288354,IR pressed,LVH_123_P,true,,true,Spacebar,1,N/A,1603,N/A,N/A,N/A
380,1770637288634,WR pressed,LVH_123_P,true,,true,No,N/A,1,N/A,280,N/A,N/A
380,1770637288635,gap_time,N/A,true,,true,GapTime_1065,N/A,N/A,N/A,N/A,N/A,N/A
380,1770637289701,Sentence shown,HH_137_P,true,,true,N/A,N/A,N/A,N/A,N/A,N/A,N/A
380,1770637292362,IR pressed,HH_137_P,true,,true,Spacebar,1,N/A,2661,N/A,N/A,N/A
380,1770637292746,WR pressed,HH_137_P,true,,true,Yes,N/A,1,N/A,384,N/A,N/A
380,1770637292746,gap_time,N/A,true,,true,GapTime_804,N/A,N/A,N/A,N/A,N/A,N/A
380,1770637293566,Sentence shown,HF_67_A,,,,N/A,N/A,N/A,N/A,N/A,N/A,N/A
380,1770637297570,gap_time,N/A,,,,GapTime_747,N/A,N/A,N/A,N/A,N/A,N/A
380,1770637298324,Sentence shown,HF_85_A,,,,N/A,N/A,N/A,N/A,N/A,N/A,N/A
380,1770637302330,gap_time,N/A,,,,GapTime_897,N/A,N/A,N/A,N/A,N/A,N/A
380,1770637303243,Sentence shown,LVH_105_P,true,,true,N/A,N/A,N/A,N/A,N/A,N/A,N/A
380,1770637304834,IR pressed,LVH_105_P,true,,true,Spacebar,1,N/A,1591,N/A,N/A,N/A
380,1770637305137,WR pressed,LVH_105_P,true,,true,Yes,N/A,1,N/A,303,N/A,N/A
380,1770637305137,gap_time,N/A,true,,true,GapTime_1010,N/A,N/A,N/A,N/A,N/A,N/A
380,1770637306151,Sentence shown,HF_73_A,,,,N/A,N/A,N/A,N/A,N/A,N/A,N/A
380,1770637310160,gap_time,N/A,,,,GapTime_703,N/A,N/A,N/A,N/A,N/A,N/A
380,1770637310866,Sentence shown,HF_75_A,,,,N/A,N/A,N/A,N/A,N/A,N/A,N/A
380,1770637314878,gap_time,N/A,,,,GapTime_721,N/A,N/A,N/A,N/A,N/A,N/A
380,1770637315614,Sentence shown,HF_90_A,,,,N/A,N/A,N/A,N/A,N/A,N/A,N/A
380,1770637319625,gap_time,N/A,,,,GapTime_1180,N/A,N/A,N/A,N/A,N/A,N/A
380,1770637320819,Sentence shown,HF_88_A,,,,N/A,N/A,N/A,N/A,N/A,N/A,N/A
380,1770637324824,gap_time,N/A,,,,GapTime_1037,N/A,N/A,N/A,N/A,N/A,N/A
380,1770637325863,Sentence shown,HF_88_A,,true,true,N/A,N/A,N/A,N/A,N/A,N/A,N/A
380,1770637327498,Validation IR pressed,HF_88_A,,true,true,Spacebar,1,N/A,1635,N/A,N/A,N/A
380,1770637327498,IR pressed,HF_88_A,,true,true,Spacebar,1,N/A,1635,N/A,N/A,N/A
380,1770637327882,WR pressed,HF_88_A,,true,true,Yes,N/A,N/A,N/A,384,N/A,N/A
380,1770637327882,gap_time,N/A,,true,true,GapTime_1066,N/A,N/A,N/A,N/A,N/A,N/A
380,1770637328956,Sentence shown,HF_90_A,,true,true,N/A,N/A,N/A,N/A,N/A,N/A,N/A
380,1770637330418,Validation IR pressed,HF_90_A,,true,true,Spacebar,1,N/A,1461,N/A,N/A,N/A
380,1770637330418,IR pressed,HF_90_A,,true,true,Spacebar,1,N/A,1461,N/A,N/A,N/A
380,1770637330626,WR pressed,HF_90_A,,true,true,Yes,N/A,N/A,N/A,208,N/A,N/A
380,1770637330626,gap_time,N/A,,true,true,GapTime_1167,N/A,N/A,N/A,N/A,N/A,N/A
380,1770637331808,Sentence shown,HF_82_A,,,,N/A,N/A,N/A,N/A,N/A,N/A,N/A
380,1770637335813,gap_time,N/A,,,,GapTime_808,N/A,N/A,N/A,N/A,N/A,N/A
380,1770637336635,Sentence shown,HF_91_A,,,,N/A,N/A,N/A,N/A,N/A,N/A,N/A
380,1770637340639,gap_time,N/A,,,,GapTime_774,N/A,N/A,N/A,N/A,N/A,N/A
380,1770637341426,Sentence shown,HF_82_A,,true,true,N/A,N/A,N/A,N/A,N/A,N/A,N/A
380,1770637342906,Validation IR pressed,HF_82_A,,true,true,Spacebar,1,N/A,1480,N/A,N/A,N/A
380,1770637342906,IR pressed,HF_82_A,,true,true,Spacebar,1,N/A,1480,N/A,N/A,N/A
380,1770637343378,WR pressed,HF_82_A,,true,true,Yes,N/A,N/A,N/A,472,N/A,N/A
380,1770637343378,gap_time,N/A,,true,true,GapTime_1110,N/A,N/A,N/A,N/A,N/A,N/A
380,1770637344492,Sentence shown,HF_72_A,,,,N/A,N/A,N/A,N/A,N/A,N/A,N/A
380,1770637347738,Validation Wrong IR pressed,HF_72_A,,,,Spacebar,0,N/A,3246,N/A,N/A,N/A
380,1770637347738,IR pressed,HF_72_A,,,,Spacebar,0,N/A,3246,N/A,N/A,N/A
380,1770637347962,WR pressed,HF_72_A,,,,Yes,N/A,N/A,N/A,223,N/A,N/A
380,1770637347962,gap_time,N/A,,,,GapTime_961,N/A,N/A,N/A,N/A,N/A,N/A
380,1770637348937,Sentence shown,HH_154_A,true,,,N/A,N/A,N/A,N/A,N/A,N/A,N/A
380,1770637352948,gap_time,N/A,true,,,GapTime_1110,N/A,N/A,N/A,N/A,N/A,N/A
380,1770637354064,Sentence shown,LVH_171_A,true,,,N/A,N/A,N/A,N/A,N/A,N/A,N/A
380,1770637358074,gap_time,N/A,true,,,GapTime_793,N/A,N/A,N/A,N/A,N/A,N/A
380,1770637358876,Sentence shown,HVL_157_A,true,,,N/A,N/A,N/A,N/A,N/A,N/A,N/A
380,1770637362877,gap_time,N/A,true,,,GapTime_875,N/A,N/A,N/A,N/A,N/A,N/A
380,1770637363753,Sentence shown,LVL_147_A,true,,,N/A,N/A,N/A,N/A,N/A,N/A,N/A
380,1770637367761,gap_time,N/A,true,,,GapTime_767,N/A,N/A,N/A,N/A,N/A,N/A
380,1770637368529,Sentence shown,HF_70_A,,,,N/A,N/A,N/A,N/A,N/A,N/A,N/A
380,1770637372537,gap_time,N/A,,,,GapTime_1004,N/A,N/A,N/A,N/A,N/A,N/A
380,1770637373557,Sentence shown,HF_78_A,,,,N/A,N/A,N/A,N/A,N/A,N/A,N/A
380,1770637377566,gap_time,N/A,,,,GapTime_1014,N/A,N/A,N/A,N/A,N/A,N/A
380,1770637378589,Sentence shown,HF_93_A,,,,N/A,N/A,N/A,N/A,N/A,N/A,N/A
380,1770637382600,gap_time,N/A,,,,GapTime_745,N/A,N/A,N/A,N/A,N/A,N/A
380,1770637383350,Sentence shown,HF_78_A,,true,true,N/A,N/A,N/A,N/A,N/A,N/A,N/A
380,1770637384866,Validation IR pressed,HF_78_A,,true,true,Spacebar,1,N/A,1516,N/A,N/A,N/A
380,1770637384866,IR pressed,HF_78_A,,true,true,Spacebar,1,N/A,1516,N/A,N/A,N/A
380,1770637385344,WR pressed,HF_78_A,,true,true,Yes,N/A,N/A,N/A,478,N/A,N/A
380,1770637385344,gap_time,N/A,,true,true,GapTime_968,N/A,N/A,N/A,N/A,N/A,N/A
380,1770637386322,Sentence shown,HH_139_A,true,,,N/A,N/A,N/A,N/A,N/A,N/A,N/A
380,1770637390336,gap_time,N/A,true,,,GapTime_1207,N/A,N/A,N/A,N/A,N/A,N/A
380,1770637391550,Sentence shown,HF_93_A,,true,true,N/A,N/A,N/A,N/A,N/A,N/A,N/A
380,1770637392753,Validation IR pressed,HF_93_A,,true,true,Spacebar,1,N/A,1203,N/A,N/A,N/A
380,1770637392753,IR pressed,HF_93_A,,true,true,Spacebar,1,N/A,1203,N/A,N/A,N/A
380,1770637393041,WR pressed,HF_93_A,,true,true,Yes,N/A,N/A,N/A,288,N/A,N/A
380,1770637393041,gap_time,N/A,,true,true,GapTime_1065,N/A,N/A,N/A,N/A,N/A,N/A
380,1770637394112,Sentence shown,LVH_171_A,true,,true,N/A,N/A,N/A,N/A,N/A,N/A,N/A
380,1770637396073,IR pressed,LVH_171_A,true,,true,Spacebar,1,N/A,1961,N/A,N/A,N/A
380,1770637396473,WR pressed,LVH_171_A,true,,true,Yes,N/A,1,N/A,400,N/A,N/A
380,1770637396473,gap_time,N/A,true,,true,GapTime_1211,N/A,N/A,N/A,N/A,N/A,N/A
380,1770637397692,Sentence shown,HH_154_P,true,,true,N/A,N/A,N/A,N/A,N/A,N/A,N/A
380,1770637399889,IR pressed,HH_154_P,true,,true,Spacebar,1,N/A,2197,N/A,N/A,N/A
380,1770637400321,WR pressed,HH_154_P,true,,true,Yes,N/A,0,N/A,432,N/A,N/A
380,1770637400321,gap_time,N/A,true,,true,GapTime_782,N/A,N/A,N/A,N/A,N/A,N/A
380,1770637401113,Sentence shown,HF_97_A,,,,N/A,N/A,N/A,N/A,N/A,N/A,N/A
380,1770637405125,gap_time,N/A,,,,GapTime_980,N/A,N/A,N/A,N/A,N/A,N/A
380,1770637406120,Sentence shown,HVL_157_P,true,,true,N/A,N/A,N/A,N/A,N/A,N/A,N/A
380,1770637408481,IR pressed,HVL_157_P,true,,true,Spacebar,1,N/A,2361,N/A,N/A,N/A
380,1770637408745,WR pressed,HVL_157_P,true,,true,No,N/A,1,N/A,264,N/A,N/A
380,1770637408745,gap_time,N/A,true,,true,GapTime_1219,N/A,N/A,N/A,N/A,N/A,N/A
380,1770637409965,Sentence shown,HF_87_A,,,,N/A,N/A,N/A,N/A,N/A,N/A,N/A
380,1770637413975,gap_time,N/A,,,,GapTime_1203,N/A,N/A,N/A,N/A,N/A,N/A
380,1770637415185,Sentence shown,LVL_147_A,true,,true,N/A,N/A,N/A,N/A,N/A,N/A,N/A
380,1770637417416,IR pressed,LVL_147_A,true,,true,Spacebar,1,N/A,2231,N/A,N/A,N/A
380,1770637417808,WR pressed,LVL_147_A,true,,true,Yes,N/A,1,N/A,392,N/A,N/A
380,1770637417809,gap_time,N/A,true,,true,GapTime_1015,N/A,N/A,N/A,N/A,N/A,N/A
380,1770637418833,Sentence shown,HF_77_A,,,,N/A,N/A,N/A,N/A,N/A,N/A,N/A
380,1770637422840,gap_time,N/A,,,,GapTime_714,N/A,N/A,N/A,N/A,N/A,N/A
380,1770637423564,Sentence shown,HH_139_A,true,,true,N/A,N/A,N/A,N/A,N/A,N/A,N/A
380,1770637424961,IR pressed,HH_139_A,true,,true,Spacebar,1,N/A,1397,N/A,N/A,N/A
380,1770637425201,WR pressed,HH_139_A,true,,true,Yes,N/A,1,N/A,240,N/A,N/A
380,1770637425201,gap_time,N/A,true,,true,GapTime_718,N/A,N/A,N/A,N/A,N/A,N/A
380,1770637425921,Sentence shown,HF_66_A,,,,N/A,N/A,N/A,N/A,N/A,N/A,N/A
380,1770637429935,gap_time,N/A,,,,GapTime_730,N/A,N/A,N/A,N/A,N/A,N/A
380,1770637430671,Sentence shown,HF_69_A,,,,N/A,N/A,N/A,N/A,N/A,N/A,N/A
380,1770637434684,gap_time,N/A,,,,GapTime_745,N/A,N/A,N/A,N/A,N/A,N/A
380,1770637435439,Sentence shown,HVL_100_P,true,,,N/A,N/A,N/A,N/A,N/A,N/A,N/A
380,1770637438745,Validation Wrong IR pressed,HVL_100_P,true,,,Spacebar,0,N/A,3306,N/A,N/A,N/A
380,1770637438745,IR pressed,HVL_100_P,true,,,Spacebar,0,N/A,3306,N/A,N/A,N/A
380,1770637439193,WR pressed,HVL_100_P,true,,,No,N/A,1,N/A,448,N/A,N/A
380,1770637439193,gap_time,N/A,true,,,GapTime_924,N/A,N/A,N/A,N/A,N/A,N/A
380,1770637440127,Sentence shown,HF_74_A,,,,N/A,N/A,N/A,N/A,N/A,N/A,N/A
380,1770637444137,gap_time,N/A,,,,GapTime_1259,N/A,N/A,N/A,N/A,N/A,N/A
380,1770637445403,Sentence shown,HF_69_A,,true,true,N/A,N/A,N/A,N/A,N/A,N/A,N/A
380,1770637447048,Validation IR pressed,HF_69_A,,true,true,Spacebar,1,N/A,1645,N/A,N/A,N/A
380,1770637447048,IR pressed,HF_69_A,,true,true,Spacebar,1,N/A,1645,N/A,N/A,N/A
380,1770637447376,WR pressed,HF_69_A,,true,true,Yes,N/A,N/A,N/A,328,N/A,N/A
380,1770637447376,gap_time,N/A,,true,true,GapTime_855,N/A,N/A,N/A,N/A,N/A,N/A
380,1770637448234,Sentence shown,HVL_100_A,true,,true,N/A,N/A,N/A,N/A,N/A,N/A,N/A
380,1770637450473,IR pressed,HVL_100_A,true,,true,Spacebar,1,N/A,2239,N/A,N/A,N/A
380,1770637450705,WR pressed,HVL_100_A,true,,true,Yes,N/A,0,N/A,232,N/A,N/A
380,1770637450705,gap_time,N/A,true,,true,GapTime_796,N/A,N/A,N/A,N/A,N/A,N/A
