participant_ID,Timestamp,Event,Stimulus,isTarget,isValidation,isRepeat,Button,Accuracy IR,Accuracy WR,Reaction_time_IR,Reaction_time_WR,CR_IR,CR_WR
382,1770638576427,Practice Sentence shown,HL_54_A,,,,N/A,N/A,N/A,N/A,N/A,N/A,N/A
382,1770638581943,Practice Sentence shown,HL_63_A,,,,N/A,N/A,N/A,N/A,N/A,N/A,N/A
382,1770638587452,Practice Sentence shown,HL_9_A,,,,N/A,N/A,N/A,N/A,N/A,N/A,N/A
382,1770638592966,Practice Sentence shown,HL_70_A,,,,N/A,N/A,N/A,N/A,N/A,N/A,N/A
382,1770638596370,Practice IR pressed,HL_70_A,,,,Spacebar,0,N/A,3404,N/A,N/A,N/A
382,1770638601353,Practice Sentence shown,HH_108_A,true,,,N/A,N/A,N/A,N/A,N/A,N/A,N/A
382,1770638606867,Practice Sentence shown,HL_103_A,,,,N/A,N/A,N/A,N/A,N/A,N/A,N/A
382,1770638612396,Practice Sentence shown,HL_26_A,,,,N/A,N/A,N/A,N/A,N/A,N/A,N/A
382,1770638617906,Practice Sentence shown,HH_103_A,true,,,N/A,N/A,N/A,N/A,N/A,N/A,N/A
382,1770638620820,Practice IR pressed,HH_103_A,true,,,Spacebar,0,N/A,2913,N/A,N/A,N/A
382,1770638623983,Practice Sentence shown,HL_25_A,,,,N/A,N/A,N/A,N/A,N/A,N/A,N/A
382,1770638629497,Practice Sentence shown,HH_108_P,true,,true,N/A,N/A,N/A,N/A,N/A,N/A,N/A
382,1770638633512,Practice Missed,HH_108_P,true,,true,None,0,N/A,N/A,N/A,N/A,N/A
382,1770638642893,Practice Sentence shown,HL_10_A,,,,N/A,N/A,N/A,N/A,N/A,N/A,N/A
382,1770638648409,Practice Sentence shown,HH_102_A,true,,,N/A,N/A,N/A,N/A,N/A,N/A,N/A
382,1770638653922,Practice Sentence shown,HH_127_A,true,,,N/A,N/A,N/A,N/A,N/A,N/A,N/A
382,1770638659432,Practice Sentence shown,HL_49_A,,,,N/A,N/A,N/A,N/A,N/A,N/A,N/A
382,1770638660713,Practice IR pressed,HL_49_A,,,,Spacebar,0,N/A,1281,N/A,N/A,N/A
382,1770638663912,Practice Sentence shown,HL_105_A,,,,N/A,N/A,N/A,N/A,N/A,N/A,N/A
382,1770638669428,Practice Sentence shown,HH_103_P,true,,true,N/A,N/A,N/A,N/A,N/A,N/A,N/A
382,1770638670885,Practice IR pressed,HH_103_P,true,,true,Spacebar,1,N/A,1457,N/A,N/A,N/A
382,1770638675493,Practice WR pressed,HH_103_P,true,,true,Yes,N/A,0,N/A,4608,N/A,N/A
382,1770638678165,Practice Sentence shown,HH_134_A,true,,,N/A,N/A,N/A,N/A,N/A,N/A,N/A
382,1770638683688,Practice Sentence shown,HH_102_A,true,,true,N/A,N/A,N/A,N/A,N/A,N/A,N/A
382,1770638687697,Practice Missed,HH_102_A,true,,true,None,0,N/A,N/A,N/A,N/A,N/A
382,1770638692471,Practice Sentence shown,HH_134_A,true,,true,N/A,N/A,N/A,N/A,N/A,N/A,N/A
382,1770638694978,Practice IR pressed,HH_134_A,true,,true,Spacebar,1,N/A,2507,N/A,N/A,N/A
382,1770638698600,Practice WR pressed,HH_134_A,true,,true,Yes,N/A,1,N/A,3622,N/A,N/A
382,1770638700116,Practice Sentence shown,HH_127_P,true,,true,N/A,N/A,N/A,N/A,N/A,N/A,N/A
382,1770638702191,Practice IR pressed,HH_127_P,true,,true,Spacebar,1,N/A,2075,N/A,N/A,N/A
382,1770638703572,Practice WR pressed,HH_127_P,true,,true,Yes,N/A,0,N/A,1381,N/A,N/A
382,1770638715731,Practice Sentence shown,HL_32_A,,,,N/A,N/A,N/A,N/A,N/A,N/A,N/A
382,1770638721244,Practice Sentence shown,HL_63_A,,,,N/A,N/A,N/A,N/A,N/A,N/A,N/A
382,1770638726774,Practice Sentence shown,HH_103_A,true,,,N/A,N/A,N/A,N/A,N/A,N/A,N/A
382,1770638732294,Practice Sentence shown,HL_72_A,,,,N/A,N/A,N/A,N/A,N/A,N/A,N/A
382,1770638737813,Practice Sentence shown,HL_1_A,,,,N/A,N/A,N/A,N/A,N/A,N/A,N/A
382,1770638743337,Practice Sentence shown,HL_49_A,,,,N/A,N/A,N/A,N/A,N/A,N/A,N/A
382,1770638745685,Practice IR pressed,HL_49_A,,,,Spacebar,0,N/A,2348,N/A,N/A,N/A
382,1770638747494,Practice Sentence shown,HH_132_A,true,,,N/A,N/A,N/A,N/A,N/A,N/A,N/A
382,1770638753011,Practice Sentence shown,HL_26_A,,,,N/A,N/A,N/A,N/A,N/A,N/A,N/A
382,1770638754171,Practice IR pressed,HL_26_A,,,,Spacebar,0,N/A,1160,N/A,N/A,N/A
382,1770638756499,Practice Sentence shown,HL_69_A,,,,N/A,N/A,N/A,N/A,N/A,N/A,N/A
382,1770638762020,Practice Sentence shown,HH_103_P,true,,true,N/A,N/A,N/A,N/A,N/A,N/A,N/A
382,1770638766034,Practice Missed,HH_103_P,true,,true,None,0,N/A,N/A,N/A,N/A,N/A
382,1770638768087,Practice Sentence shown,HL_35_A,,,,N/A,N/A,N/A,N/A,N/A,N/A,N/A
382,1770638773617,Practice Sentence shown,HH_132_P,true,,true,N/A,N/A,N/A,N/A,N/A,N/A,N/A
382,1770638776139,Practice IR pressed,HH_132_P,true,,true,Spacebar,1,N/A,2522,N/A,N/A,N/A
382,1770638777843,Practice WR pressed,HH_132_P,true,,true,No,N/A,1,N/A,1704,N/A,N/A
382,1770638779359,Practice Sentence shown,HL_104_A,,,,N/A,N/A,N/A,N/A,N/A,N/A,N/A
382,1770638780853,Practice IR pressed,HL_104_A,,,,Spacebar,0,N/A,1494,N/A,N/A,N/A
382,1770638782120,Practice Sentence shown,HH_107_A,true,,,N/A,N/A,N/A,N/A,N/A,N/A,N/A
382,1770638787631,Practice Sentence shown,HH_113_A,true,,,N/A,N/A,N/A,N/A,N/A,N/A,N/A
382,1770638793149,Practice Sentence shown,HH_104_A,true,,,N/A,N/A,N/A,N/A,N/A,N/A,N/A
382,1770638798656,Practice Sentence shown,HL_58_A,,,,N/A,N/A,N/A,N/A,N/A,N/A,N/A
382,1770638804184,Practice Sentence shown,HH_113_A,true,,true,N/A,N/A,N/A,N/A,N/A,N/A,N/A
382,1770638805916,Practice IR pressed,HH_113_A,true,,true,Spacebar,1,N/A,1732,N/A,N/A,N/A
382,1770638808749,Practice WR pressed,HH_113_A,true,,true,No,N/A,0,N/A,2833,N/A,N/A
382,1770638810787,Practice Sentence shown,HH_104_P,true,,true,N/A,N/A,N/A,N/A,N/A,N/A,N/A
382,1770638813318,Practice IR pressed,HH_104_P,true,,true,Spacebar,1,N/A,2531,N/A,N/A,N/A
382,1770638815626,Practice WR pressed,HH_104_P,true,,true,No,N/A,1,N/A,2308,N/A,N/A
382,1770638817128,Practice Sentence shown,HH_107_A,true,,true,N/A,N/A,N/A,N/A,N/A,N/A,N/A
382,1770638819175,Practice IR pressed,HH_107_A,true,,true,Spacebar,1,N/A,2046,N/A,N/A,N/A
382,1770638821987,Practice WR pressed,HH_107_A,true,,true,Yes,N/A,1,N/A,2812,N/A,N/A
382,1770638828751,Practice Sentence shown,HL_80_A,,,,N/A,N/A,N/A,N/A,N/A,N/A,N/A
382,1770638834263,Practice Sentence shown,HL_78_A,,,,N/A,N/A,N/A,N/A,N/A,N/A,N/A
382,1770638839781,Practice Sentence shown,HH_108_A,true,,,N/A,N/A,N/A,N/A,N/A,N/A,N/A
382,1770638845294,Practice Sentence shown,HL_106_A,,,,N/A,N/A,N/A,N/A,N/A,N/A,N/A
382,1770638850809,Practice Sentence shown,HL_100_A,,,,N/A,N/A,N/A,N/A,N/A,N/A,N/A
382,1770638856322,Practice Sentence shown,HL_81_A,,,,N/A,N/A,N/A,N/A,N/A,N/A,N/A
382,1770638861836,Practice Sentence shown,HL_104_A,,,,N/A,N/A,N/A,N/A,N/A,N/A,N/A
382,1770638867349,Practice Sentence shown,HH_108_P,true,,true,N/A,N/A,N/A,N/A,N/A,N/A,N/A
382,1770638871351,Practice Missed,HH_108_P,true,,true,None,0,N/A,N/A,N/A,N/A,N/A
382,1770638872547,Practice Sentence shown,HL_87_A,,,,N/A,N/A,N/A,N/A,N/A,N/A,N/A
382,1770638878062,Practice Sentence shown,HL_62_A,,,,N/A,N/A,N/A,N/A,N/A,N/A,N/A
382,1770638883585,Practice Sentence shown,HH_131_A,true,,,N/A,N/A,N/A,N/A,N/A,N/A,N/A
382,1770638889102,Practice Sentence shown,HL_90_A,,,,N/A,N/A,N/A,N/A,N/A,N/A,N/A
382,1770638894634,Practice Sentence shown,HL_94_A,,,,N/A,N/A,N/A,N/A,N/A,N/A,N/A
382,1770638900147,Practice Sentence shown,HH_100_A,true,,,N/A,N/A,N/A,N/A,N/A,N/A,N/A
382,1770638905672,Practice Sentence shown,HH_136_A,true,,,N/A,N/A,N/A,N/A,N/A,N/A,N/A
382,1770638911182,Practice Sentence shown,HH_132_A,true,,,N/A,N/A,N/A,N/A,N/A,N/A,N/A
382,1770638916710,Practice Sentence shown,HH_100_A,true,,true,N/A,N/A,N/A,N/A,N/A,N/A,N/A
382,1770638918205,Practice IR pressed,HH_100_A,true,,true,Spacebar,1,N/A,1495,N/A,N/A,N/A
382,1770638920117,Practice WR pressed,HH_100_A,true,,true,No,N/A,0,N/A,1912,N/A,N/A
382,1770638921443,Practice Sentence shown,HH_131_A,true,,true,N/A,N/A,N/A,N/A,N/A,N/A,N/A
382,1770638923042,Practice IR pressed,HH_131_A,true,,true,Spacebar,1,N/A,1599,N/A,N/A,N/A
382,1770638924233,Practice WR pressed,HH_131_A,true,,true,Yes,N/A,1,N/A,1191,N/A,N/A
382,1770638925745,Practice Sentence shown,HH_136_P,true,,true,N/A,N/A,N/A,N/A,N/A,N/A,N/A
382,1770638927080,Practice IR pressed,HH_136_P,true,,true,Spacebar,1,N/A,1334,N/A,N/A,N/A
382,1770638928819,Practice WR pressed,HH_136_P,true,,true,No,N/A,1,N/A,1739,N/A,N/A
382,1770638930331,Practice Sentence shown,HH_132_P,true,,true,N/A,N/A,N/A,N/A,N/A,N/A,N/A
382,1770638931575,Practice IR pressed,HH_132_P,true,,true,Spacebar,1,N/A,1244,N/A,N/A,N/A
382,1770638932752,Practice WR pressed,HH_132_P,true,,true,Yes,N/A,0,N/A,1177,N/A,N/A
382,1770638953306,Sentence shown,HF_15_A,,,,N/A,N/A,N/A,N/A,N/A,N/A,N/A
382,1770638957320,gap_time,N/A,,,,GapTime_911,N/A,N/A,N/A,N/A,N/A,N/A
382,1770638958243,Sentence shown,HF_16_A,,,,N/A,N/A,N/A,N/A,N/A,N/A,N/A
382,1770638962247,gap_time,N/A,,,,GapTime_881,N/A,N/A,N/A,N/A,N/A,N/A
382,1770638963129,Sentence shown,HF_20_A,,,,N/A,N/A,N/A,N/A,N/A,N/A,N/A
382,1770638967143,gap_time,N/A,,,,GapTime_1156,N/A,N/A,N/A,N/A,N/A,N/A
382,1770638968306,Sentence shown,HF_31_A,,,,N/A,N/A,N/A,N/A,N/A,N/A,N/A
382,1770638972316,gap_time,N/A,,,,GapTime_1108,N/A,N/A,N/A,N/A,N/A,N/A
382,1770638973432,Sentence shown,HF_32_A,,,,N/A,N/A,N/A,N/A,N/A,N/A,N/A
382,1770638977440,gap_time,N/A,,,,GapTime_1153,N/A,N/A,N/A,N/A,N/A,N/A
382,1770638978608,Sentence shown,HF_4_A,,,,N/A,N/A,N/A,N/A,N/A,N/A,N/A
382,1770638982620,gap_time,N/A,,,,GapTime_739,N/A,N/A,N/A,N/A,N/A,N/A
382,1770638983361,Sentence shown,HH_169_P,true,,,N/A,N/A,N/A,N/A,N/A,N/A,N/A
382,1770638987366,gap_time,N/A,true,,,GapTime_1025,N/A,N/A,N/A,N/A,N/A,N/A
382,1770638988404,Sentence shown,HF_2_A,,,,N/A,N/A,N/A,N/A,N/A,N/A,N/A
382,1770638992409,gap_time,N/A,,,,GapTime_1082,N/A,N/A,N/A,N/A,N/A,N/A
382,1770638993505,Sentence shown,LVH_126_A,true,,,N/A,N/A,N/A,N/A,N/A,N/A,N/A
382,1770638997514,gap_time,N/A,true,,,GapTime_1077,N/A,N/A,N/A,N/A,N/A,N/A
382,1770638998604,Sentence shown,HF_26_A,,,,N/A,N/A,N/A,N/A,N/A,N/A,N/A
382,1770639002609,gap_time,N/A,,,,GapTime_868,N/A,N/A,N/A,N/A,N/A,N/A
382,1770639003484,Sentence shown,HF_26_A,,true,true,N/A,N/A,N/A,N/A,N/A,N/A,N/A
382,1770639004437,Validation IR pressed,HF_26_A,,true,true,Spacebar,1,N/A,953,N/A,N/A,N/A
382,1770639004437,IR pressed,HF_26_A,,true,true,Spacebar,1,N/A,953,N/A,N/A,N/A
382,1770639005682,WR pressed,HF_26_A,,true,true,Yes,N/A,N/A,N/A,1245,N/A,N/A
382,1770639005683,gap_time,N/A,,true,true,GapTime_747,N/A,N/A,N/A,N/A,N/A,N/A
382,1770639006442,Sentence shown,LVL_114_P,true,,,N/A,N/A,N/A,N/A,N/A,N/A,N/A
382,1770639010451,gap_time,N/A,true,,,GapTime_1187,N/A,N/A,N/A,N/A,N/A,N/A
382,1770639011645,Sentence shown,HF_24_A,,,,N/A,N/A,N/A,N/A,N/A,N/A,N/A
382,1770639015652,gap_time,N/A,,,,GapTime_877,N/A,N/A,N/A,N/A,N/A,N/A
382,1770639016538,Sentence shown,HF_24_A,,true,true,N/A,N/A,N/A,N/A,N/A,N/A,N/A
382,1770639017291,Validation IR pressed,HF_24_A,,true,true,Spacebar,1,N/A,752,N/A,N/A,N/A
382,1770639017291,IR pressed,HF_24_A,,true,true,Spacebar,1,N/A,752,N/A,N/A,N/A
382,1770639018646,WR pressed,HF_24_A,,true,true,Yes,N/A,N/A,N/A,1355,N/A,N/A
382,1770639018647,gap_time,N/A,,true,true,GapTime_1008,N/A,N/A,N/A,N/A,N/A,N/A
382,1770639019662,Sentence shown,HF_19_A,,,,N/A,N/A,N/A,N/A,N/A,N/A,N/A
382,1770639023679,gap_time,N/A,,,,GapTime_1062,N/A,N/A,N/A,N/A,N/A,N/A
382,1770639024754,Sentence shown,HVL_119_A,true,,,N/A,N/A,N/A,N/A,N/A,N/A,N/A
382,1770639028766,gap_time,N/A,true,,,GapTime_742,N/A,N/A,N/A,N/A,N/A,N/A
382,1770639029526,Sentence shown,HH_169_A,true,,true,N/A,N/A,N/A,N/A,N/A,N/A,N/A
382,1770639031071,IR pressed,HH_169_A,true,,true,Spacebar,1,N/A,1545,N/A,N/A,N/A
382,1770639032185,WR pressed,HH_169_A,true,,true,No,N/A,1,N/A,1114,N/A,N/A
382,1770639032185,gap_time,N/A,true,,true,GapTime_1191,N/A,N/A,N/A,N/A,N/A,N/A
382,1770639033386,Sentence shown,HH_178_P,true,,,N/A,N/A,N/A,N/A,N/A,N/A,N/A
382,1770639037392,gap_time,N/A,true,,,GapTime_1271,N/A,N/A,N/A,N/A,N/A,N/A
382,1770639038678,Sentence shown,LVH_126_A,true,,true,N/A,N/A,N/A,N/A,N/A,N/A,N/A
382,1770639040670,IR pressed,LVH_126_A,true,,true,Spacebar,1,N/A,1992,N/A,N/A,N/A
382,1770639041629,WR pressed,LVH_126_A,true,,true,No,N/A,0,N/A,959,N/A,N/A
382,1770639041630,gap_time,N/A,true,,true,GapTime_885,N/A,N/A,N/A,N/A,N/A,N/A
382,1770639042528,Sentence shown,HH_146_A,true,,,N/A,N/A,N/A,N/A,N/A,N/A,N/A
382,1770639046541,gap_time,N/A,true,,,GapTime_747,N/A,N/A,N/A,N/A,N/A,N/A
382,1770639047296,Sentence shown,HF_28_A,,,,N/A,N/A,N/A,N/A,N/A,N/A,N/A
382,1770639051306,gap_time,N/A,,,,GapTime_1279,N/A,N/A,N/A,N/A,N/A,N/A
382,1770639052595,Sentence shown,HF_7_A,,,,N/A,N/A,N/A,N/A,N/A,N/A,N/A
382,1770639056611,gap_time,N/A,,,,GapTime_1262,N/A,N/A,N/A,N/A,N/A,N/A
382,1770639057877,Sentence shown,HF_7_A,,true,true,N/A,N/A,N/A,N/A,N/A,N/A,N/A
382,1770639059052,Validation IR pressed,HF_7_A,,true,true,Spacebar,1,N/A,1175,N/A,N/A,N/A
382,1770639059052,IR pressed,HF_7_A,,true,true,Spacebar,1,N/A,1175,N/A,N/A,N/A
382,1770639060145,WR pressed,HF_7_A,,true,true,Yes,N/A,N/A,N/A,1093,N/A,N/A
382,1770639060146,gap_time,N/A,,true,true,GapTime_983,N/A,N/A,N/A,N/A,N/A,N/A
382,1770639061135,Sentence shown,LVL_114_A,true,,true,N/A,N/A,N/A,N/A,N/A,N/A,N/A
382,1770639062446,IR pressed,LVL_114_A,true,,true,Spacebar,1,N/A,1310,N/A,N/A,N/A
382,1770639063893,WR pressed,LVL_114_A,true,,true,No,N/A,1,N/A,1447,N/A,N/A
382,1770639063894,gap_time,N/A,true,,true,GapTime_940,N/A,N/A,N/A,N/A,N/A,N/A
382,1770639064844,Sentence shown,HF_9_A,,,,N/A,N/A,N/A,N/A,N/A,N/A,N/A
382,1770639065852,Validation Wrong IR pressed,HF_9_A,,,,Spacebar,0,N/A,1008,N/A,N/A,N/A
382,1770639065852,IR pressed,HF_9_A,,,,Spacebar,0,N/A,1008,N/A,N/A,N/A
382,1770639067212,WR pressed,HF_9_A,,,,No,N/A,N/A,N/A,1360,N/A,N/A
382,1770639067213,gap_time,N/A,,,,GapTime_770,N/A,N/A,N/A,N/A,N/A,N/A
382,1770639067988,Sentence shown,LVL_121_A,true,,,N/A,N/A,N/A,N/A,N/A,N/A,N/A
382,1770639072002,gap_time,N/A,true,,,GapTime_1230,N/A,N/A,N/A,N/A,N/A,N/A
382,1770639073246,Sentence shown,HVL_119_P,true,,true,N/A,N/A,N/A,N/A,N/A,N/A,N/A
382,1770639075158,IR pressed,HVL_119_P,true,,true,Spacebar,1,N/A,1912,N/A,N/A,N/A
382,1770639075886,WR pressed,HVL_119_P,true,,true,No,N/A,1,N/A,728,N/A,N/A
382,1770639075887,gap_time,N/A,true,,true,GapTime_821,N/A,N/A,N/A,N/A,N/A,N/A
382,1770639076710,Sentence shown,HH_178_P,true,,true,N/A,N/A,N/A,N/A,N/A,N/A,N/A
382,1770639078011,IR pressed,HH_178_P,true,,true,Spacebar,1,N/A,1301,N/A,N/A,N/A
382,1770639079101,WR pressed,HH_178_P,true,,true,No,N/A,0,N/A,1090,N/A,N/A
382,1770639079101,gap_time,N/A,true,,true,GapTime_1137,N/A,N/A,N/A,N/A,N/A,N/A
382,1770639080244,Sentence shown,HF_23_A,,,,N/A,N/A,N/A,N/A,N/A,N/A,N/A
382,1770639084248,gap_time,N/A,,,,GapTime_1006,N/A,N/A,N/A,N/A,N/A,N/A
382,1770639085270,Sentence shown,HF_23_A,,true,true,N/A,N/A,N/A,N/A,N/A,N/A,N/A
382,1770639086030,Validation IR pressed,HF_23_A,,true,true,Spacebar,1,N/A,760,N/A,N/A,N/A
382,1770639086030,IR pressed,HF_23_A,,true,true,Spacebar,1,N/A,760,N/A,N/A,N/A
382,1770639088615,WR pressed,HF_23_A,,true,true,Yes,N/A,N/A,N/A,2585,N/A,N/A
382,1770639088616,gap_time,N/A,,true,true,GapTime_1206,N/A,N/A,N/A,N/A,N/A,N/A
382,1770639089828,Sentence shown,HF_17_A,,,,N/A,N/A,N/A,N/A,N/A,N/A,N/A
382,1770639091540,Validation Wrong IR pressed,HF_17_A,,,,Spacebar,0,N/A,1712,N/A,N/A,N/A
382,1770639091540,IR pressed,HF_17_A,,,,Spacebar,0,N/A,1712,N/A,N/A,N/A
382,1770639092517,WR pressed,HF_17_A,,,,No,N/A,N/A,N/A,977,N/A,N/A
382,1770639092517,gap_time,N/A,,,,GapTime_860,N/A,N/A,N/A,N/A,N/A,N/A
382,1770639093386,Sentence shown,HH_146_P,true,,true,N/A,N/A,N/A,N/A,N/A,N/A,N/A
382,1770639095005,IR pressed,HH_146_P,true,,true,Spacebar,1,N/A,1619,N/A,N/A,N/A
382,1770639095814,WR pressed,HH_146_P,true,,true,No,N/A,1,N/A,809,N/A,N/A
382,1770639095814,gap_time,N/A,true,,true,GapTime_1283,N/A,N/A,N/A,N/A,N/A,N/A
382,1770639097107,Sentence shown,HF_1_A,,,,N/A,N/A,N/A,N/A,N/A,N/A,N/A
382,1770639098180,Validation Wrong IR pressed,HF_1_A,,,,Spacebar,0,N/A,1073,N/A,N/A,N/A
382,1770639098180,IR pressed,HF_1_A,,,,Spacebar,0,N/A,1073,N/A,N/A,N/A
382,1770639098916,WR pressed,HF_1_A,,,,No,N/A,N/A,N/A,736,N/A,N/A
382,1770639098916,gap_time,N/A,,,,GapTime_1256,N/A,N/A,N/A,N/A,N/A,N/A
382,1770639100180,Sentence shown,LVL_121_P,true,,true,N/A,N/A,N/A,N/A,N/A,N/A,N/A
382,1770639101468,IR pressed,LVL_121_P,true,,true,Spacebar,1,N/A,1287,N/A,N/A,N/A
382,1770639104201,WR pressed,LVL_121_P,true,,true,No,N/A,1,N/A,2733,N/A,N/A
382,1770639104201,gap_time,N/A,true,,true,GapTime_718,N/A,N/A,N/A,N/A,N/A,N/A
382,1770639104923,Sentence shown,HF_22_A,,,,N/A,N/A,N/A,N/A,N/A,N/A,N/A
382,1770639108935,gap_time,N/A,,,,GapTime_774,N/A,N/A,N/A,N/A,N/A,N/A
382,1770639109718,Sentence shown,HF_8_A,,,,N/A,N/A,N/A,N/A,N/A,N/A,N/A
382,1770639111937,Validation Wrong IR pressed,HF_8_A,,,,Spacebar,0,N/A,2219,N/A,N/A,N/A
382,1770639111937,IR pressed,HF_8_A,,,,Spacebar,0,N/A,2219,N/A,N/A,N/A
382,1770639112876,WR pressed,HF_8_A,,,,No,N/A,N/A,N/A,939,N/A,N/A
382,1770639112877,gap_time,N/A,,,,GapTime_886,N/A,N/A,N/A,N/A,N/A,N/A
382,1770639113774,Sentence shown,HF_10_A,,,,N/A,N/A,N/A,N/A,N/A,N/A,N/A
382,1770639117778,gap_time,N/A,,,,GapTime_809,N/A,N/A,N/A,N/A,N/A,N/A
382,1770639118602,Sentence shown,HVL_126_P,true,,,N/A,N/A,N/A,N/A,N/A,N/A,N/A
382,1770639122610,gap_time,N/A,true,,,GapTime_1221,N/A,N/A,N/A,N/A,N/A,N/A
382,1770639123847,Sentence shown,HH_143_A,true,,,N/A,N/A,N/A,N/A,N/A,N/A,N/A
382,1770639127851,gap_time,N/A,true,,,GapTime_1190,N/A,N/A,N/A,N/A,N/A,N/A
382,1770639129054,Sentence shown,HF_11_A,,,,N/A,N/A,N/A,N/A,N/A,N/A,N/A
382,1770639130709,Validation Wrong IR pressed,HF_11_A,,,,Spacebar,0,N/A,1654,N/A,N/A,N/A
382,1770639130709,IR pressed,HF_11_A,,,,Spacebar,0,N/A,1654,N/A,N/A,N/A
382,1770639131505,WR pressed,HF_11_A,,,,No,N/A,N/A,N/A,796,N/A,N/A
382,1770639131505,gap_time,N/A,,,,GapTime_806,N/A,N/A,N/A,N/A,N/A,N/A
382,1770639132321,Sentence shown,HF_25_A,,,,N/A,N/A,N/A,N/A,N/A,N/A,N/A
382,1770639136327,gap_time,N/A,,,,GapTime_1127,N/A,N/A,N/A,N/A,N/A,N/A
382,1770639137461,Sentence shown,HF_25_A,,true,true,N/A,N/A,N/A,N/A,N/A,N/A,N/A
382,1770639138174,Validation IR pressed,HF_25_A,,true,true,Spacebar,1,N/A,713,N/A,N/A,N/A
382,1770639138174,IR pressed,HF_25_A,,true,true,Spacebar,1,N/A,713,N/A,N/A,N/A
382,1770639139229,WR pressed,HF_25_A,,true,true,Yes,N/A,N/A,N/A,1055,N/A,N/A
382,1770639139229,gap_time,N/A,,true,true,GapTime_1034,N/A,N/A,N/A,N/A,N/A,N/A
382,1770639140269,Sentence shown,HF_27_A,,,,N/A,N/A,N/A,N/A,N/A,N/A,N/A
382,1770639144284,gap_time,N/A,,,,GapTime_951,N/A,N/A,N/A,N/A,N/A,N/A
382,1770639145249,Sentence shown,LVH_105_A,true,,,N/A,N/A,N/A,N/A,N/A,N/A,N/A
382,1770639149256,gap_time,N/A,true,,,GapTime_1270,N/A,N/A,N/A,N/A,N/A,N/A
382,1770639150529,Sentence shown,HF_13_A,,,,N/A,N/A,N/A,N/A,N/A,N/A,N/A
382,1770639154535,gap_time,N/A,,,,GapTime_1109,N/A,N/A,N/A,N/A,N/A,N/A
382,1770639155656,Sentence shown,HH_143_A,true,,true,N/A,N/A,N/A,N/A,N/A,N/A,N/A
382,1770639156782,IR pressed,HH_143_A,true,,true,Spacebar,1,N/A,1126,N/A,N/A,N/A
382,1770639157704,WR pressed,HH_143_A,true,,true,Yes,N/A,1,N/A,922,N/A,N/A
382,1770639157705,gap_time,N/A,true,,true,GapTime_1103,N/A,N/A,N/A,N/A,N/A,N/A
382,1770639158813,Sentence shown,HVL_126_A,true,,true,N/A,N/A,N/A,N/A,N/A,N/A,N/A
382,1770639160440,IR pressed,HVL_126_A,true,,true,Spacebar,1,N/A,1627,N/A,N/A,N/A
382,1770639161593,WR pressed,HVL_126_A,true,,true,No,N/A,1,N/A,1153,N/A,N/A
382,1770639161594,gap_time,N/A,true,,true,GapTime_932,N/A,N/A,N/A,N/A,N/A,N/A
382,1770639162541,Sentence shown,HF_5_A,,,,N/A,N/A,N/A,N/A,N/A,N/A,N/A
382,1770639163984,Validation Wrong IR pressed,HF_5_A,,,,Spacebar,0,N/A,1443,N/A,N/A,N/A
382,1770639163984,IR pressed,HF_5_A,,,,Spacebar,0,N/A,1443,N/A,N/A,N/A
382,1770639164971,WR pressed,HF_5_A,,,,No,N/A,N/A,N/A,987,N/A,N/A
382,1770639164971,gap_time,N/A,,,,GapTime_863,N/A,N/A,N/A,N/A,N/A,N/A
382,1770639165850,Sentence shown,HF_18_A,,,,N/A,N/A,N/A,N/A,N/A,N/A,N/A
382,1770639169863,gap_time,N/A,,,,GapTime_1241,N/A,N/A,N/A,N/A,N/A,N/A
382,1770639171114,Sentence shown,LVL_106_A,true,,,N/A,N/A,N/A,N/A,N/A,N/A,N/A
382,1770639175116,gap_time,N/A,true,,,GapTime_728,N/A,N/A,N/A,N/A,N/A,N/A
382,1770639175854,Sentence shown,HVL_154_A,true,,,N/A,N/A,N/A,N/A,N/A,N/A,N/A
382,1770639179869,gap_time,N/A,true,,,GapTime_966,N/A,N/A,N/A,N/A,N/A,N/A
382,1770639180849,Sentence shown,HF_18_A,,true,true,N/A,N/A,N/A,N/A,N/A,N/A,N/A
382,1770639182541,Validation IR pressed,HF_18_A,,true,true,Spacebar,1,N/A,1692,N/A,N/A,N/A
382,1770639182541,IR pressed,HF_18_A,,true,true,Spacebar,1,N/A,1692,N/A,N/A,N/A
382,1770639183341,WR pressed,HF_18_A,,true,true,Yes,N/A,N/A,N/A,800,N/A,N/A
382,1770639183342,gap_time,N/A,,true,true,GapTime_1274,N/A,N/A,N/A,N/A,N/A,N/A
382,1770639184628,Sentence shown,HF_6_A,,,,N/A,N/A,N/A,N/A,N/A,N/A,N/A
382,1770639188635,gap_time,N/A,,,,GapTime_1085,N/A,N/A,N/A,N/A,N/A,N/A
382,1770639189724,Sentence shown,LVH_105_P,true,,true,N/A,N/A,N/A,N/A,N/A,N/A,N/A
382,1770639191359,IR pressed,LVH_105_P,true,,true,Spacebar,1,N/A,1635,N/A,N/A,N/A
382,1770639192017,WR pressed,LVH_105_P,true,,true,No,N/A,1,N/A,658,N/A,N/A
382,1770639192017,gap_time,N/A,true,,true,GapTime_1288,N/A,N/A,N/A,N/A,N/A,N/A
382,1770639193321,Sentence shown,HF_21_A,,,,N/A,N/A,N/A,N/A,N/A,N/A,N/A
382,1770639197330,gap_time,N/A,,,,GapTime_1277,N/A,N/A,N/A,N/A,N/A,N/A
382,1770639198608,Sentence shown,HF_6_A,,true,true,N/A,N/A,N/A,N/A,N/A,N/A,N/A
382,1770639200198,Validation IR pressed,HF_6_A,,true,true,Spacebar,1,N/A,1590,N/A,N/A,N/A
382,1770639200198,IR pressed,HF_6_A,,true,true,Spacebar,1,N/A,1590,N/A,N/A,N/A
382,1770639201621,WR pressed,HF_6_A,,true,true,Yes,N/A,N/A,N/A,1423,N/A,N/A
382,1770639201621,gap_time,N/A,,true,true,GapTime_900,N/A,N/A,N/A,N/A,N/A,N/A
382,1770639202538,Sentence shown,HF_21_A,,true,true,N/A,N/A,N/A,N/A,N/A,N/A,N/A
382,1770639203817,Validation IR pressed,HF_21_A,,true,true,Spacebar,1,N/A,1279,N/A,N/A,N/A
382,1770639203817,IR pressed,HF_21_A,,true,true,Spacebar,1,N/A,1279,N/A,N/A,N/A
382,1770639204440,WR pressed,HF_21_A,,true,true,Yes,N/A,N/A,N/A,623,N/A,N/A
382,1770639204440,gap_time,N/A,,true,true,GapTime_885,N/A,N/A,N/A,N/A,N/A,N/A
382,1770639205339,Sentence shown,HF_29_A,,,,N/A,N/A,N/A,N/A,N/A,N/A,N/A
382,1770639209355,gap_time,N/A,,,,GapTime_708,N/A,N/A,N/A,N/A,N/A,N/A
382,1770639210071,Sentence shown,HF_29_A,,true,true,N/A,N/A,N/A,N/A,N/A,N/A,N/A
382,1770639210926,Validation IR pressed,HF_29_A,,true,true,Spacebar,1,N/A,855,N/A,N/A,N/A
382,1770639210926,IR pressed,HF_29_A,,true,true,Spacebar,1,N/A,855,N/A,N/A,N/A
382,1770639211505,WR pressed,HF_29_A,,true,true,Yes,N/A,N/A,N/A,579,N/A,N/A
382,1770639211505,gap_time,N/A,,true,true,GapTime_1238,N/A,N/A,N/A,N/A,N/A,N/A
382,1770639212753,Sentence shown,LVH_104_P,true,,,N/A,N/A,N/A,N/A,N/A,N/A,N/A
382,1770639216755,gap_time,N/A,true,,,GapTime_1219,N/A,N/A,N/A,N/A,N/A,N/A
382,1770639217983,Sentence shown,HVL_149_P,true,,,N/A,N/A,N/A,N/A,N/A,N/A,N/A
382,1770639221995,gap_time,N/A,true,,,GapTime_1192,N/A,N/A,N/A,N/A,N/A,N/A
382,1770639223196,Sentence shown,HVL_154_A,true,,true,N/A,N/A,N/A,N/A,N/A,N/A,N/A
382,1770639224415,IR pressed,HVL_154_A,true,,true,Spacebar,1,N/A,1219,N/A,N/A,N/A
382,1770639225084,WR pressed,HVL_154_A,true,,true,Yes,N/A,1,N/A,669,N/A,N/A
382,1770639225085,gap_time,N/A,true,,true,GapTime_885,N/A,N/A,N/A,N/A,N/A,N/A
382,1770639225987,Sentence shown,LVL_106_A,true,,true,N/A,N/A,N/A,N/A,N/A,N/A,N/A
382,1770639227838,IR pressed,LVL_106_A,true,,true,Spacebar,1,N/A,1850,N/A,N/A,N/A
382,1770639229984,WR pressed,LVL_106_A,true,,true,Yes,N/A,1,N/A,2146,N/A,N/A
382,1770639229985,gap_time,N/A,true,,true,GapTime_788,N/A,N/A,N/A,N/A,N/A,N/A
382,1770639230779,Sentence shown,HF_12_A,,,,N/A,N/A,N/A,N/A,N/A,N/A,N/A
382,1770639234791,gap_time,N/A,,,,GapTime_797,N/A,N/A,N/A,N/A,N/A,N/A
382,1770639235593,Sentence shown,HF_33_A,,,,N/A,N/A,N/A,N/A,N/A,N/A,N/A
382,1770639239602,gap_time,N/A,,,,GapTime_754,N/A,N/A,N/A,N/A,N/A,N/A
382,1770639240365,Sentence shown,HF_14_A,,,,N/A,N/A,N/A,N/A,N/A,N/A,N/A
382,1770639244377,gap_time,N/A,,,,GapTime_835,N/A,N/A,N/A,N/A,N/A,N/A
382,1770639245225,Sentence shown,LVH_146_P,true,,,N/A,N/A,N/A,N/A,N/A,N/A,N/A
382,1770639249233,gap_time,N/A,true,,,GapTime_835,N/A,N/A,N/A,N/A,N/A,N/A
382,1770639250086,Sentence shown,HF_14_A,,true,true,N/A,N/A,N/A,N/A,N/A,N/A,N/A
382,1770639251054,Validation IR pressed,HF_14_A,,true,true,Spacebar,1,N/A,968,N/A,N/A,N/A
382,1770639251054,IR pressed,HF_14_A,,true,true,Spacebar,1,N/A,968,N/A,N/A,N/A
382,1770639251761,WR pressed,HF_14_A,,true,true,Yes,N/A,N/A,N/A,707,N/A,N/A
382,1770639251761,gap_time,N/A,,true,true,GapTime_983,N/A,N/A,N/A,N/A,N/A,N/A
382,1770639252751,Sentence shown,LVL_119_P,true,,,N/A,N/A,N/A,N/A,N/A,N/A,N/A
382,1770639256764,gap_time,N/A,true,,,GapTime_852,N/A,N/A,N/A,N/A,N/A,N/A
382,1770639257624,Sentence shown,HVL_149_P,true,,true,N/A,N/A,N/A,N/A,N/A,N/A,N/A
382,1770639258658,IR pressed,HVL_149_P,true,,true,Spacebar,1,N/A,1033,N/A,N/A,N/A
382,1770639259261,WR pressed,HVL_149_P,true,,true,Yes,N/A,1,N/A,603,N/A,N/A
382,1770639259261,gap_time,N/A,true,,true,GapTime_936,N/A,N/A,N/A,N/A,N/A,N/A
382,1770639260202,Sentence shown,LVH_104_P,true,,true,N/A,N/A,N/A,N/A,N/A,N/A,N/A
382,1770639261268,IR pressed,LVH_104_P,true,,true,Spacebar,1,N/A,1066,N/A,N/A,N/A
382,1770639261929,WR pressed,LVH_104_P,true,,true,Yes,N/A,1,N/A,661,N/A,N/A
382,1770639261929,gap_time,N/A,true,,true,GapTime_997,N/A,N/A,N/A,N/A,N/A,N/A
382,1770639262937,Sentence shown,HF_30_A,,,,N/A,N/A,N/A,N/A,N/A,N/A,N/A
382,1770639266952,gap_time,N/A,,,,GapTime_1153,N/A,N/A,N/A,N/A,N/A,N/A
382,1770639268116,Sentence shown,LVH_146_A,true,,true,N/A,N/A,N/A,N/A,N/A,N/A,N/A
382,1770639270412,IR pressed,LVH_146_A,true,,true,Spacebar,1,N/A,2296,N/A,N/A,N/A
382,1770639270973,WR pressed,LVH_146_A,true,,true,No,N/A,1,N/A,561,N/A,N/A
382,1770639270974,gap_time,N/A,true,,true,GapTime_949,N/A,N/A,N/A,N/A,N/A,N/A
382,1770639271934,Sentence shown,LVL_119_P,true,,true,N/A,N/A,N/A,N/A,N/A,N/A,N/A
382,1770639273322,IR pressed,LVL_119_P,true,,true,Spacebar,1,N/A,1388,N/A,N/A,N/A
382,1770639274006,WR pressed,LVL_119_P,true,,true,No,N/A,0,N/A,684,N/A,N/A
382,1770639274006,gap_time,N/A,true,,true,GapTime_962,N/A,N/A,N/A,N/A,N/A,N/A
382,1770639274979,Rest Phase started,N/A,true,,true,Rest,N/A,N/A,N/A,N/A,N/A,N/A
382,1770639279666,Sentence shown,HF_34_A,,,,N/A,N/A,N/A,N/A,N/A,N/A,N/A
382,1770639283678,gap_time,N/A,,,,GapTime_1217,N/A,N/A,N/A,N/A,N/A,N/A
382,1770639284906,Sentence shown,HF_57_A,,,,N/A,N/A,N/A,N/A,N/A,N/A,N/A
382,1770639288913,gap_time,N/A,,,,GapTime_804,N/A,N/A,N/A,N/A,N/A,N/A
382,1770639289721,Sentence shown,LVL_101_A,true,,,N/A,N/A,N/A,N/A,N/A,N/A,N/A
382,1770639293735,gap_time,N/A,true,,,GapTime_1211,N/A,N/A,N/A,N/A,N/A,N/A
382,1770639294948,Sentence shown,HF_34_A,,true,true,N/A,N/A,N/A,N/A,N/A,N/A,N/A
382,1770639295901,Validation IR pressed,HF_34_A,,true,true,Spacebar,1,N/A,953,N/A,N/A,N/A
382,1770639295901,IR pressed,HF_34_A,,true,true,Spacebar,1,N/A,953,N/A,N/A,N/A
382,1770639296524,WR pressed,HF_34_A,,true,true,Yes,N/A,N/A,N/A,623,N/A,N/A
382,1770639296524,gap_time,N/A,,true,true,GapTime_1098,N/A,N/A,N/A,N/A,N/A,N/A
382,1770639297637,Sentence shown,HF_47_A,,,,N/A,N/A,N/A,N/A,N/A,N/A,N/A
382,1770639301654,gap_time,N/A,,,,GapTime_1021,N/A,N/A,N/A,N/A,N/A,N/A
382,1770639302679,Sentence shown,HF_57_A,,true,true,N/A,N/A,N/A,N/A,N/A,N/A,N/A
382,1770639306691,Validation Missed,HF_57_A,,true,true,None,0,N/A,N/A,N/A,N/A,N/A
382,1770639306692,gap_time,N/A,,true,true,GapTime_1155,N/A,N/A,N/A,N/A,N/A,N/A
382,1770639307864,Sentence shown,HVL_114_P,true,,,N/A,N/A,N/A,N/A,N/A,N/A,N/A
382,1770639311868,gap_time,N/A,true,,,GapTime_943,N/A,N/A,N/A,N/A,N/A,N/A
382,1770639312814,Sentence shown,HF_65_A,,,,N/A,N/A,N/A,N/A,N/A,N/A,N/A
382,1770639316824,gap_time,N/A,,,,GapTime_1186,N/A,N/A,N/A,N/A,N/A,N/A
382,1770639318028,Sentence shown,HF_36_A,,,,N/A,N/A,N/A,N/A,N/A,N/A,N/A
382,1770639322042,gap_time,N/A,,,,GapTime_1070,N/A,N/A,N/A,N/A,N/A,N/A
382,1770639323116,Sentence shown,HF_49_A,,,,N/A,N/A,N/A,N/A,N/A,N/A,N/A
382,1770639327055,Validation Wrong IR pressed,HF_49_A,,,,Spacebar,0,N/A,3939,N/A,N/A,N/A
382,1770639327055,IR pressed,HF_49_A,,,,Spacebar,0,N/A,3939,N/A,N/A,N/A
382,1770639328665,WR pressed,HF_49_A,,,,No,N/A,N/A,N/A,1610,N/A,N/A
382,1770639328666,gap_time,N/A,,,,GapTime_1064,N/A,N/A,N/A,N/A,N/A,N/A
382,1770639329744,Sentence shown,HF_36_A,,true,true,N/A,N/A,N/A,N/A,N/A,N/A,N/A
382,1770639331004,Validation IR pressed,HF_36_A,,true,true,Spacebar,1,N/A,1260,N/A,N/A,N/A
382,1770639331004,IR pressed,HF_36_A,,true,true,Spacebar,1,N/A,1260,N/A,N/A,N/A
382,1770639331914,WR pressed,HF_36_A,,true,true,Yes,N/A,N/A,N/A,910,N/A,N/A
382,1770639331915,gap_time,N/A,,true,true,GapTime_766,N/A,N/A,N/A,N/A,N/A,N/A
382,1770639332691,Sentence shown,LVL_101_A,true,,true,N/A,N/A,N/A,N/A,N/A,N/A,N/A
382,1770639336694,gap_time,N/A,true,,true,GapTime_902,N/A,N/A,N/A,N/A,N/A,N/A
382,1770639337598,Sentence shown,HVL_114_P,true,,true,N/A,N/A,N/A,N/A,N/A,N/A,N/A
382,1770639339146,IR pressed,HVL_114_P,true,,true,Spacebar,1,N/A,1548,N/A,N/A,N/A
382,1770639339818,WR pressed,HVL_114_P,true,,true,Yes,N/A,1,N/A,672,N/A,N/A
382,1770639339818,gap_time,N/A,true,,true,GapTime_745,N/A,N/A,N/A,N/A,N/A,N/A
382,1770639340577,Sentence shown,HF_53_A,,,,N/A,N/A,N/A,N/A,N/A,N/A,N/A
382,1770639344584,gap_time,N/A,,,,GapTime_1128,N/A,N/A,N/A,N/A,N/A,N/A
382,1770639345730,Sentence shown,HF_54_A,,,,N/A,N/A,N/A,N/A,N/A,N/A,N/A
382,1770639349743,gap_time,N/A,,,,GapTime_761,N/A,N/A,N/A,N/A,N/A,N/A
382,1770639350517,Sentence shown,LVH_117_A,true,,,N/A,N/A,N/A,N/A,N/A,N/A,N/A
382,1770639354525,gap_time,N/A,true,,,GapTime_1128,N/A,N/A,N/A,N/A,N/A,N/A
382,1770639355658,Sentence shown,HF_39_A,,,,N/A,N/A,N/A,N/A,N/A,N/A,N/A
382,1770639359671,gap_time,N/A,,,,GapTime_1016,N/A,N/A,N/A,N/A,N/A,N/A
382,1770639360692,Sentence shown,HF_39_A,,true,true,N/A,N/A,N/A,N/A,N/A,N/A,N/A
382,1770639361601,Validation IR pressed,HF_39_A,,true,true,Spacebar,1,N/A,909,N/A,N/A,N/A
382,1770639361601,IR pressed,HF_39_A,,true,true,Spacebar,1,N/A,909,N/A,N/A,N/A
382,1770639362131,WR pressed,HF_39_A,,true,true,Yes,N/A,N/A,N/A,530,N/A,N/A
382,1770639362131,gap_time,N/A,,true,true,GapTime_851,N/A,N/A,N/A,N/A,N/A,N/A
382,1770639362996,Sentence shown,HF_63_A,,,,N/A,N/A,N/A,N/A,N/A,N/A,N/A
382,1770639367010,gap_time,N/A,,,,GapTime_938,N/A,N/A,N/A,N/A,N/A,N/A
382,1770639367955,Sentence shown,HF_38_A,,,,N/A,N/A,N/A,N/A,N/A,N/A,N/A
382,1770639371968,gap_time,N/A,,,,GapTime_902,N/A,N/A,N/A,N/A,N/A,N/A
382,1770639372874,Sentence shown,LVH_117_A,true,,true,N/A,N/A,N/A,N/A,N/A,N/A,N/A
382,1770639373745,IR pressed,LVH_117_A,true,,true,Spacebar,1,N/A,871,N/A,N/A,N/A
382,1770639374369,WR pressed,LVH_117_A,true,,true,Yes,N/A,1,N/A,624,N/A,N/A
382,1770639374369,gap_time,N/A,true,,true,GapTime_876,N/A,N/A,N/A,N/A,N/A,N/A
382,1770639375247,Sentence shown,HH_177_P,true,,,N/A,N/A,N/A,N/A,N/A,N/A,N/A
382,1770639379254,gap_time,N/A,true,,,GapTime_748,N/A,N/A,N/A,N/A,N/A,N/A
382,1770639380017,Sentence shown,HH_167_A,true,,,N/A,N/A,N/A,N/A,N/A,N/A,N/A
382,1770639384028,gap_time,N/A,true,,,GapTime_860,N/A,N/A,N/A,N/A,N/A,N/A
382,1770639384899,Sentence shown,HH_162_A,true,,,N/A,N/A,N/A,N/A,N/A,N/A,N/A
382,1770639388914,gap_time,N/A,true,,,GapTime_907,N/A,N/A,N/A,N/A,N/A,N/A
382,1770639389832,Sentence shown,HF_55_A,,,,N/A,N/A,N/A,N/A,N/A,N/A,N/A
382,1770639393844,gap_time,N/A,,,,GapTime_1244,N/A,N/A,N/A,N/A,N/A,N/A
382,1770639395104,Sentence shown,HF_50_A,,,,N/A,N/A,N/A,N/A,N/A,N/A,N/A
382,1770639399111,gap_time,N/A,,,,GapTime_711,N/A,N/A,N/A,N/A,N/A,N/A
382,1770639399825,Sentence shown,HF_55_A,,true,true,N/A,N/A,N/A,N/A,N/A,N/A,N/A
382,1770639401466,Validation IR pressed,HF_55_A,,true,true,Spacebar,1,N/A,1641,N/A,N/A,N/A
382,1770639401466,IR pressed,HF_55_A,,true,true,Spacebar,1,N/A,1641,N/A,N/A,N/A
382,1770639402129,WR pressed,HF_55_A,,true,true,Yes,N/A,N/A,N/A,663,N/A,N/A
382,1770639402130,gap_time,N/A,,true,true,GapTime_1004,N/A,N/A,N/A,N/A,N/A,N/A
382,1770639403136,Sentence shown,HH_177_A,true,,true,N/A,N/A,N/A,N/A,N/A,N/A,N/A
382,1770639404540,IR pressed,HH_177_A,true,,true,Spacebar,1,N/A,1404,N/A,N/A,N/A
382,1770639405159,WR pressed,HH_177_A,true,,true,Yes,N/A,0,N/A,619,N/A,N/A
382,1770639405159,gap_time,N/A,true,,true,GapTime_1095,N/A,N/A,N/A,N/A,N/A,N/A
382,1770639406263,Sentence shown,HF_56_A,,,,N/A,N/A,N/A,N/A,N/A,N/A,N/A
382,1770639410269,gap_time,N/A,,,,GapTime_1076,N/A,N/A,N/A,N/A,N/A,N/A
382,1770639411354,Sentence shown,LVL_102_A,true,,,N/A,N/A,N/A,N/A,N/A,N/A,N/A
382,1770639415369,gap_time,N/A,true,,,GapTime_1158,N/A,N/A,N/A,N/A,N/A,N/A
382,1770639416539,Sentence shown,HVL_139_P,true,,,N/A,N/A,N/A,N/A,N/A,N/A,N/A
382,1770639420550,gap_time,N/A,true,,,GapTime_800,N/A,N/A,N/A,N/A,N/A,N/A
382,1770639421359,Sentence shown,HH_167_A,true,,true,N/A,N/A,N/A,N/A,N/A,N/A,N/A
382,1770639422551,IR pressed,HH_167_A,true,,true,Spacebar,1,N/A,1192,N/A,N/A,N/A
382,1770639423353,WR pressed,HH_167_A,true,,true,Yes,N/A,1,N/A,802,N/A,N/A
382,1770639423353,gap_time,N/A,true,,true,GapTime_1216,N/A,N/A,N/A,N/A,N/A,N/A
382,1770639424579,Sentence shown,HF_60_A,,,,N/A,N/A,N/A,N/A,N/A,N/A,N/A
382,1770639428591,gap_time,N/A,,,,GapTime_855,N/A,N/A,N/A,N/A,N/A,N/A
382,1770639429455,Sentence shown,HF_45_A,,,,N/A,N/A,N/A,N/A,N/A,N/A,N/A
382,1770639433473,gap_time,N/A,,,,GapTime_829,N/A,N/A,N/A,N/A,N/A,N/A
382,1770639434308,Sentence shown,HH_162_P,true,,true,N/A,N/A,N/A,N/A,N/A,N/A,N/A
382,1770639437776,IR pressed,HH_162_P,true,,true,Spacebar,1,N/A,3468,N/A,N/A,N/A
382,1770639439706,WR pressed,HH_162_P,true,,true,No,N/A,1,N/A,1930,N/A,N/A
382,1770639439707,gap_time,N/A,true,,true,GapTime_958,N/A,N/A,N/A,N/A,N/A,N/A
382,1770639440668,Sentence shown,HF_64_A,,,,N/A,N/A,N/A,N/A,N/A,N/A,N/A
382,1770639444683,gap_time,N/A,,,,GapTime_1221,N/A,N/A,N/A,N/A,N/A,N/A
382,1770639445917,Sentence shown,LVL_102_P,true,,true,N/A,N/A,N/A,N/A,N/A,N/A,N/A
382,1770639447700,IR pressed,LVL_102_P,true,,true,Spacebar,1,N/A,1783,N/A,N/A,N/A
382,1770639448323,WR pressed,LVL_102_P,true,,true,No,N/A,1,N/A,623,N/A,N/A
382,1770639448323,gap_time,N/A,true,,true,GapTime_833,N/A,N/A,N/A,N/A,N/A,N/A
382,1770639449167,Sentence shown,HVL_151_A,true,,,N/A,N/A,N/A,N/A,N/A,N/A,N/A
382,1770639453174,gap_time,N/A,true,,,GapTime_949,N/A,N/A,N/A,N/A,N/A,N/A
382,1770639454136,Sentence shown,HF_46_A,,,,N/A,N/A,N/A,N/A,N/A,N/A,N/A
382,1770639458148,gap_time,N/A,,,,GapTime_844,N/A,N/A,N/A,N/A,N/A,N/A
382,1770639459002,Sentence shown,HF_41_A,,,,N/A,N/A,N/A,N/A,N/A,N/A,N/A
382,1770639463009,gap_time,N/A,,,,GapTime_1153,N/A,N/A,N/A,N/A,N/A,N/A
382,1770639464174,Sentence shown,HF_46_A,,true,true,N/A,N/A,N/A,N/A,N/A,N/A,N/A
382,1770639465004,Validation IR pressed,HF_46_A,,true,true,Spacebar,1,N/A,830,N/A,N/A,N/A
382,1770639465004,IR pressed,HF_46_A,,true,true,Spacebar,1,N/A,830,N/A,N/A,N/A
382,1770639465606,WR pressed,HF_46_A,,true,true,Yes,N/A,N/A,N/A,602,N/A,N/A
382,1770639465606,gap_time,N/A,,true,true,GapTime_1063,N/A,N/A,N/A,N/A,N/A,N/A
382,1770639466671,Sentence shown,LVH_144_P,true,,,N/A,N/A,N/A,N/A,N/A,N/A,N/A
382,1770639470683,gap_time,N/A,true,,,GapTime_1233,N/A,N/A,N/A,N/A,N/A,N/A
382,1770639471922,Sentence shown,HVL_139_A,true,,true,N/A,N/A,N/A,N/A,N/A,N/A,N/A
382,1770639473542,IR pressed,HVL_139_A,true,,true,Spacebar,1,N/A,1620,N/A,N/A,N/A
382,1770639474157,WR pressed,HVL_139_A,true,,true,No,N/A,1,N/A,615,N/A,N/A
382,1770639474158,gap_time,N/A,true,,true,GapTime_847,N/A,N/A,N/A,N/A,N/A,N/A
382,1770639475017,Sentence shown,HF_40_A,,,,N/A,N/A,N/A,N/A,N/A,N/A,N/A
382,1770639479031,gap_time,N/A,,,,GapTime_717,N/A,N/A,N/A,N/A,N/A,N/A
382,1770639479752,Sentence shown,HVL_151_A,true,,true,N/A,N/A,N/A,N/A,N/A,N/A,N/A
382,1770639480947,IR pressed,HVL_151_A,true,,true,Spacebar,1,N/A,1195,N/A,N/A,N/A
382,1770639481871,WR pressed,HVL_151_A,true,,true,No,N/A,0,N/A,924,N/A,N/A
382,1770639481871,gap_time,N/A,true,,true,GapTime_1276,N/A,N/A,N/A,N/A,N/A,N/A
382,1770639483152,Sentence shown,HF_48_A,,,,N/A,N/A,N/A,N/A,N/A,N/A,N/A
382,1770639487165,gap_time,N/A,,,,GapTime_1044,N/A,N/A,N/A,N/A,N/A,N/A
382,1770639488213,Sentence shown,HH_188_P,true,,,N/A,N/A,N/A,N/A,N/A,N/A,N/A
382,1770639492223,gap_time,N/A,true,,,GapTime_1108,N/A,N/A,N/A,N/A,N/A,N/A
382,1770639493334,Sentence shown,HF_59_A,,,,N/A,N/A,N/A,N/A,N/A,N/A,N/A
382,1770639497345,gap_time,N/A,,,,GapTime_761,N/A,N/A,N/A,N/A,N/A,N/A
382,1770639498120,Sentence shown,HF_59_A,,true,true,N/A,N/A,N/A,N/A,N/A,N/A,N/A
382,1770639498842,Validation IR pressed,HF_59_A,,true,true,Spacebar,1,N/A,722,N/A,N/A,N/A
382,1770639498842,IR pressed,HF_59_A,,true,true,Spacebar,1,N/A,722,N/A,N/A,N/A
382,1770639499405,WR pressed,HF_59_A,,true,true,Yes,N/A,N/A,N/A,563,N/A,N/A
382,1770639499405,gap_time,N/A,,true,true,GapTime_725,N/A,N/A,N/A,N/A,N/A,N/A
382,1770639500145,Sentence shown,HF_62_A,,,,N/A,N/A,N/A,N/A,N/A,N/A,N/A
382,1770639501835,Validation Wrong IR pressed,HF_62_A,,,,Spacebar,0,N/A,1689,N/A,N/A,N/A
382,1770639501835,IR pressed,HF_62_A,,,,Spacebar,0,N/A,1689,N/A,N/A,N/A
382,1770639502585,WR pressed,HF_62_A,,,,No,N/A,N/A,N/A,750,N/A,N/A
382,1770639502586,gap_time,N/A,,,,GapTime_908,N/A,N/A,N/A,N/A,N/A,N/A
382,1770639503498,Sentence shown,HF_37_A,,,,N/A,N/A,N/A,N/A,N/A,N/A,N/A
382,1770639507504,gap_time,N/A,,,,GapTime_774,N/A,N/A,N/A,N/A,N/A,N/A
382,1770639508279,Sentence shown,HF_35_A,,,,N/A,N/A,N/A,N/A,N/A,N/A,N/A
382,1770639512282,gap_time,N/A,,,,GapTime_883,N/A,N/A,N/A,N/A,N/A,N/A
382,1770639513172,Sentence shown,HF_62_A,,true,true,N/A,N/A,N/A,N/A,N/A,N/A,N/A
382,1770639514601,Validation IR pressed,HF_62_A,,true,true,Spacebar,1,N/A,1429,N/A,N/A,N/A
382,1770639514601,IR pressed,HF_62_A,,true,true,Spacebar,1,N/A,1429,N/A,N/A,N/A
382,1770639517210,WR pressed,HF_62_A,,true,true,No,N/A,N/A,N/A,2609,N/A,N/A
382,1770639517211,gap_time,N/A,,true,true,GapTime_797,N/A,N/A,N/A,N/A,N/A,N/A
382,1770639518016,Sentence shown,HF_35_A,,true,true,N/A,N/A,N/A,N/A,N/A,N/A,N/A
382,1770639519127,Validation IR pressed,HF_35_A,,true,true,Spacebar,1,N/A,1111,N/A,N/A,N/A
382,1770639519127,IR pressed,HF_35_A,,true,true,Spacebar,1,N/A,1111,N/A,N/A,N/A
382,1770639519754,WR pressed,HF_35_A,,true,true,Yes,N/A,N/A,N/A,627,N/A,N/A
382,1770639519754,gap_time,N/A,,true,true,GapTime_988,N/A,N/A,N/A,N/A,N/A,N/A
382,1770639520745,Sentence shown,LVH_144_P,true,,true,N/A,N/A,N/A,N/A,N/A,N/A,N/A
382,1770639521894,IR pressed,LVH_144_P,true,,true,Spacebar,1,N/A,1148,N/A,N/A,N/A
382,1770639522615,WR pressed,LVH_144_P,true,,true,No,N/A,0,N/A,720,N/A,N/A
382,1770639522615,gap_time,N/A,true,,true,GapTime_811,N/A,N/A,N/A,N/A,N/A,N/A
382,1770639523435,Sentence shown,HF_52_A,,,,N/A,N/A,N/A,N/A,N/A,N/A,N/A
382,1770639524616,Validation Wrong IR pressed,HF_52_A,,,,Spacebar,0,N/A,1181,N/A,N/A,N/A
382,1770639524616,IR pressed,HF_52_A,,,,Spacebar,0,N/A,1181,N/A,N/A,N/A
382,1770639525737,WR pressed,HF_52_A,,,,No,N/A,N/A,N/A,1121,N/A,N/A
382,1770639525738,gap_time,N/A,,,,GapTime_1221,N/A,N/A,N/A,N/A,N/A,N/A
382,1770639526972,Sentence shown,HF_61_A,,,,N/A,N/A,N/A,N/A,N/A,N/A,N/A
382,1770639528274,Validation Wrong IR pressed,HF_61_A,,,,Spacebar,0,N/A,1302,N/A,N/A,N/A
382,1770639528274,IR pressed,HF_61_A,,,,Spacebar,0,N/A,1302,N/A,N/A,N/A
382,1770639529067,WR pressed,HF_61_A,,,,No,N/A,N/A,N/A,793,N/A,N/A
382,1770639529068,gap_time,N/A,,,,GapTime_1136,N/A,N/A,N/A,N/A,N/A,N/A
382,1770639530205,Sentence shown,LVH_101_P,true,,,N/A,N/A,N/A,N/A,N/A,N/A,N/A
382,1770639534220,gap_time,N/A,true,,,GapTime_1031,N/A,N/A,N/A,N/A,N/A,N/A
382,1770639535253,Sentence shown,HH_188_P,true,,true,N/A,N/A,N/A,N/A,N/A,N/A,N/A
382,1770639536456,IR pressed,HH_188_P,true,,true,Spacebar,1,N/A,1203,N/A,N/A,N/A
382,1770639537448,WR pressed,HH_188_P,true,,true,No,N/A,0,N/A,992,N/A,N/A
382,1770639537448,gap_time,N/A,true,,true,GapTime_1020,N/A,N/A,N/A,N/A,N/A,N/A
382,1770639538483,Sentence shown,LVL_144_P,true,,,N/A,N/A,N/A,N/A,N/A,N/A,N/A
382,1770639542489,gap_time,N/A,true,,,GapTime_1002,N/A,N/A,N/A,N/A,N/A,N/A
382,1770639543500,Sentence shown,HF_42_A,,,,N/A,N/A,N/A,N/A,N/A,N/A,N/A
382,1770639547505,gap_time,N/A,,,,GapTime_1128,N/A,N/A,N/A,N/A,N/A,N/A
382,1770639548644,Sentence shown,HF_44_A,,,,N/A,N/A,N/A,N/A,N/A,N/A,N/A
382,1770639552653,gap_time,N/A,,,,GapTime_823,N/A,N/A,N/A,N/A,N/A,N/A
382,1770639553480,Sentence shown,LVL_118_P,true,,,N/A,N/A,N/A,N/A,N/A,N/A,N/A
382,1770639557496,gap_time,N/A,true,,,GapTime_725,N/A,N/A,N/A,N/A,N/A,N/A
382,1770639558237,Sentence shown,HVL_145_A,true,,,N/A,N/A,N/A,N/A,N/A,N/A,N/A
382,1770639562253,gap_time,N/A,true,,,GapTime_1066,N/A,N/A,N/A,N/A,N/A,N/A
382,1770639563325,Sentence shown,LVH_101_A,true,,true,N/A,N/A,N/A,N/A,N/A,N/A,N/A
382,1770639567329,gap_time,N/A,true,,true,GapTime_1028,N/A,N/A,N/A,N/A,N/A,N/A
382,1770639568360,Sentence shown,LVH_109_A,true,,,N/A,N/A,N/A,N/A,N/A,N/A,N/A
382,1770639572366,gap_time,N/A,true,,,GapTime_1166,N/A,N/A,N/A,N/A,N/A,N/A
382,1770639573549,Sentence shown,HF_58_A,,,,N/A,N/A,N/A,N/A,N/A,N/A,N/A
382,1770639577556,gap_time,N/A,,,,GapTime_1081,N/A,N/A,N/A,N/A,N/A,N/A
382,1770639578644,Sentence shown,HF_51_A,,,,N/A,N/A,N/A,N/A,N/A,N/A,N/A
382,1770639582649,gap_time,N/A,,,,GapTime_736,N/A,N/A,N/A,N/A,N/A,N/A
382,1770639583402,Sentence shown,LVL_118_P,true,,true,N/A,N/A,N/A,N/A,N/A,N/A,N/A
382,1770639584902,IR pressed,LVL_118_P,true,,true,Spacebar,1,N/A,1500,N/A,N/A,N/A
382,1770639585884,WR pressed,LVL_118_P,true,,true,No,N/A,0,N/A,982,N/A,N/A
382,1770639585884,gap_time,N/A,true,,true,GapTime_934,N/A,N/A,N/A,N/A,N/A,N/A
382,1770639586832,Sentence shown,LVL_144_A,true,,true,N/A,N/A,N/A,N/A,N/A,N/A,N/A
382,1770639588518,IR pressed,LVL_144_A,true,,true,Spacebar,1,N/A,1686,N/A,N/A,N/A
382,1770639589571,WR pressed,LVL_144_A,true,,true,No,N/A,1,N/A,1052,N/A,N/A
382,1770639589571,gap_time,N/A,true,,true,GapTime_1119,N/A,N/A,N/A,N/A,N/A,N/A
382,1770639590702,Sentence shown,HF_43_A,,,,N/A,N/A,N/A,N/A,N/A,N/A,N/A
382,1770639594718,gap_time,N/A,,,,GapTime_1153,N/A,N/A,N/A,N/A,N/A,N/A
382,1770639595882,Sentence shown,HVL_145_P,true,,true,N/A,N/A,N/A,N/A,N/A,N/A,N/A
382,1770639597179,IR pressed,HVL_145_P,true,,true,Spacebar,1,N/A,1297,N/A,N/A,N/A
382,1770639597817,WR pressed,HVL_145_P,true,,true,No,N/A,1,N/A,638,N/A,N/A
382,1770639597817,gap_time,N/A,true,,true,GapTime_782,N/A,N/A,N/A,N/A,N/A,N/A
382,1770639598608,Sentence shown,HF_43_A,,true,true,N/A,N/A,N/A,N/A,N/A,N/A,N/A
382,1770639599775,Validation IR pressed,HF_43_A,,true,true,Spacebar,1,N/A,1167,N/A,N/A,N/A
382,1770639599775,IR pressed,HF_43_A,,true,true,Spacebar,1,N/A,1167,N/A,N/A,N/A
382,1770639600409,WR pressed,HF_43_A,,true,true,Yes,N/A,N/A,N/A,634,N/A,N/A
382,1770639600410,gap_time,N/A,,true,true,GapTime_787,N/A,N/A,N/A,N/A,N/A,N/A
382,1770639601209,Sentence shown,LVH_109_P,true,,true,N/A,N/A,N/A,N/A,N/A,N/A,N/A
382,1770639602304,IR pressed,LVH_109_P,true,,true,Spacebar,1,N/A,1095,N/A,N/A,N/A
382,1770639602835,WR pressed,LVH_109_P,true,,true,No,N/A,1,N/A,531,N/A,N/A
382,1770639602836,gap_time,N/A,true,,true,GapTime_987,N/A,N/A,N/A,N/A,N/A,N/A
382,1770639603825,Rest Phase started,N/A,true,,true,Rest,N/A,N/A,N/A,N/A,N/A,N/A
382,1770639644721,Sentence shown,HF_82_A,,,,N/A,N/A,N/A,N/A,N/A,N/A,N/A
382,1770639648733,gap_time,N/A,,,,GapTime_1246,N/A,N/A,N/A,N/A,N/A,N/A
382,1770639649993,Sentence shown,HF_73_A,,,,N/A,N/A,N/A,N/A,N/A,N/A,N/A
382,1770639653996,gap_time,N/A,,,,GapTime_1296,N/A,N/A,N/A,N/A,N/A,N/A
382,1770639655302,Sentence shown,HF_88_A,,,,N/A,N/A,N/A,N/A,N/A,N/A,N/A
382,1770639659313,gap_time,N/A,,,,GapTime_735,N/A,N/A,N/A,N/A,N/A,N/A
382,1770639660053,Sentence shown,HF_85_A,,,,N/A,N/A,N/A,N/A,N/A,N/A,N/A
382,1770639664062,gap_time,N/A,,,,GapTime_1056,N/A,N/A,N/A,N/A,N/A,N/A
382,1770639665122,Sentence shown,HF_73_A,,true,true,N/A,N/A,N/A,N/A,N/A,N/A,N/A
382,1770639666389,Validation IR pressed,HF_73_A,,true,true,Spacebar,1,N/A,1267,N/A,N/A,N/A
382,1770639666389,IR pressed,HF_73_A,,true,true,Spacebar,1,N/A,1267,N/A,N/A,N/A
382,1770639667290,WR pressed,HF_73_A,,true,true,Yes,N/A,N/A,N/A,901,N/A,N/A
382,1770639667290,gap_time,N/A,,true,true,GapTime_961,N/A,N/A,N/A,N/A,N/A,N/A
382,1770639668259,Sentence shown,HF_88_A,,true,true,N/A,N/A,N/A,N/A,N/A,N/A,N/A
382,1770639669431,Validation IR pressed,HF_88_A,,true,true,Spacebar,1,N/A,1172,N/A,N/A,N/A
382,1770639669431,IR pressed,HF_88_A,,true,true,Spacebar,1,N/A,1172,N/A,N/A,N/A
382,1770639670153,WR pressed,HF_88_A,,true,true,Yes,N/A,N/A,N/A,722,N/A,N/A
382,1770639670154,gap_time,N/A,,true,true,GapTime_1005,N/A,N/A,N/A,N/A,N/A,N/A
382,1770639671163,Sentence shown,HF_96_A,,,,N/A,N/A,N/A,N/A,N/A,N/A,N/A
382,1770639675167,gap_time,N/A,,,,GapTime_715,N/A,N/A,N/A,N/A,N/A,N/A
382,1770639675898,Sentence shown,HF_95_A,,,,N/A,N/A,N/A,N/A,N/A,N/A,N/A
382,1770639679909,gap_time,N/A,,,,GapTime_1140,N/A,N/A,N/A,N/A,N/A,N/A
382,1770639681060,Sentence shown,HF_72_A,,,,N/A,N/A,N/A,N/A,N/A,N/A,N/A
382,1770639685077,gap_time,N/A,,,,GapTime_993,N/A,N/A,N/A,N/A,N/A,N/A
382,1770639686085,Sentence shown,HF_71_A,,,,N/A,N/A,N/A,N/A,N/A,N/A,N/A
382,1770639689970,Validation Wrong IR pressed,HF_71_A,,,,Spacebar,0,N/A,3885,N/A,N/A,N/A
382,1770639689970,IR pressed,HF_71_A,,,,Spacebar,0,N/A,3885,N/A,N/A,N/A
382,1770639691151,WR pressed,HF_71_A,,,,No,N/A,N/A,N/A,1181,N/A,N/A
382,1770639691151,gap_time,N/A,,,,GapTime_1160,N/A,N/A,N/A,N/A,N/A,N/A
382,1770639692322,Sentence shown,LVH_103_P,true,,,N/A,N/A,N/A,N/A,N/A,N/A,N/A
382,1770639696338,gap_time,N/A,true,,,GapTime_1046,N/A,N/A,N/A,N/A,N/A,N/A
382,1770639697400,Sentence shown,HF_80_A,,,,N/A,N/A,N/A,N/A,N/A,N/A,N/A
382,1770639701407,gap_time,N/A,,,,GapTime_940,N/A,N/A,N/A,N/A,N/A,N/A
382,1770639702350,Sentence shown,HF_79_A,,,,N/A,N/A,N/A,N/A,N/A,N/A,N/A
382,1770639706361,gap_time,N/A,,,,GapTime_956,N/A,N/A,N/A,N/A,N/A,N/A
382,1770639707331,Sentence shown,HVL_122_P,true,,,N/A,N/A,N/A,N/A,N/A,N/A,N/A
382,1770639711342,gap_time,N/A,true,,,GapTime_975,N/A,N/A,N/A,N/A,N/A,N/A
382,1770639712320,Sentence shown,HF_79_A,,true,true,N/A,N/A,N/A,N/A,N/A,N/A,N/A
382,1770639713358,Validation IR pressed,HF_79_A,,true,true,Spacebar,1,N/A,1038,N/A,N/A,N/A
382,1770639713358,IR pressed,HF_79_A,,true,true,Spacebar,1,N/A,1038,N/A,N/A,N/A
382,1770639713813,WR pressed,HF_79_A,,true,true,Yes,N/A,N/A,N/A,455,N/A,N/A
382,1770639713813,gap_time,N/A,,true,true,GapTime_730,N/A,N/A,N/A,N/A,N/A,N/A
382,1770639714555,Sentence shown,HH_164_A,true,,,N/A,N/A,N/A,N/A,N/A,N/A,N/A
382,1770639718565,gap_time,N/A,true,,,GapTime_960,N/A,N/A,N/A,N/A,N/A,N/A
382,1770639719541,Sentence shown,HF_70_A,,,,N/A,N/A,N/A,N/A,N/A,N/A,N/A
382,1770639723553,gap_time,N/A,,,,GapTime_1104,N/A,N/A,N/A,N/A,N/A,N/A
382,1770639724661,Sentence shown,LVH_103_P,true,,true,N/A,N/A,N/A,N/A,N/A,N/A,N/A
382,1770639725828,IR pressed,LVH_103_P,true,,true,Spacebar,1,N/A,1167,N/A,N/A,N/A
382,1770639728128,WR pressed,LVH_103_P,true,,true,No,N/A,0,N/A,2300,N/A,N/A
382,1770639728129,gap_time,N/A,true,,true,GapTime_1098,N/A,N/A,N/A,N/A,N/A,N/A
382,1770639729230,Sentence shown,HF_97_A,,,,N/A,N/A,N/A,N/A,N/A,N/A,N/A
382,1770639733243,gap_time,N/A,,,,GapTime_825,N/A,N/A,N/A,N/A,N/A,N/A
382,1770639734070,Sentence shown,HF_90_A,,,,N/A,N/A,N/A,N/A,N/A,N/A,N/A
382,1770639735541,Validation Wrong IR pressed,HF_90_A,,,,Spacebar,0,N/A,1471,N/A,N/A,N/A
382,1770639735541,IR pressed,HF_90_A,,,,Spacebar,0,N/A,1471,N/A,N/A,N/A
382,1770639736468,WR pressed,HF_90_A,,,,No,N/A,N/A,N/A,927,N/A,N/A
382,1770639736469,gap_time,N/A,,,,GapTime_1037,N/A,N/A,N/A,N/A,N/A,N/A
382,1770639737522,Sentence shown,HF_75_A,,,,N/A,N/A,N/A,N/A,N/A,N/A,N/A
382,1770639741528,gap_time,N/A,,,,GapTime_776,N/A,N/A,N/A,N/A,N/A,N/A
382,1770639742320,Sentence shown,HH_164_A,true,,true,N/A,N/A,N/A,N/A,N/A,N/A,N/A
382,1770639743328,IR pressed,HH_164_A,true,,true,Spacebar,1,N/A,1008,N/A,N/A,N/A
382,1770639743850,WR pressed,HH_164_A,true,,true,No,N/A,0,N/A,521,N/A,N/A
382,1770639743850,gap_time,N/A,true,,true,GapTime_931,N/A,N/A,N/A,N/A,N/A,N/A
382,1770639744788,Sentence shown,HVL_122_P,true,,true,N/A,N/A,N/A,N/A,N/A,N/A,N/A
382,1770639746067,IR pressed,HVL_122_P,true,,true,Spacebar,1,N/A,1279,N/A,N/A,N/A
382,1770639746609,WR pressed,HVL_122_P,true,,true,Yes,N/A,1,N/A,542,N/A,N/A
382,1770639746609,gap_time,N/A,true,,true,GapTime_855,N/A,N/A,N/A,N/A,N/A,N/A
382,1770639747465,Sentence shown,HF_87_A,,,,N/A,N/A,N/A,N/A,N/A,N/A,N/A
382,1770639751478,gap_time,N/A,,,,GapTime_1039,N/A,N/A,N/A,N/A,N/A,N/A
382,1770639752524,Sentence shown,HVL_131_P,true,,,N/A,N/A,N/A,N/A,N/A,N/A,N/A
382,1770639756542,gap_time,N/A,true,,,GapTime_1113,N/A,N/A,N/A,N/A,N/A,N/A
382,1770639757669,Sentence shown,HF_89_A,,,,N/A,N/A,N/A,N/A,N/A,N/A,N/A
382,1770639761679,gap_time,N/A,,,,GapTime_1143,N/A,N/A,N/A,N/A,N/A,N/A
382,1770639762834,Sentence shown,HF_89_A,,true,true,N/A,N/A,N/A,N/A,N/A,N/A,N/A
382,1770639763727,Validation IR pressed,HF_89_A,,true,true,Spacebar,1,N/A,893,N/A,N/A,N/A
382,1770639763727,IR pressed,HF_89_A,,true,true,Spacebar,1,N/A,893,N/A,N/A,N/A
382,1770639764196,WR pressed,HF_89_A,,true,true,Yes,N/A,N/A,N/A,469,N/A,N/A
382,1770639764197,gap_time,N/A,,true,true,GapTime_744,N/A,N/A,N/A,N/A,N/A,N/A
382,1770639764949,Sentence shown,HF_69_A,,,,N/A,N/A,N/A,N/A,N/A,N/A,N/A
382,1770639768951,gap_time,N/A,,,,GapTime_740,N/A,N/A,N/A,N/A,N/A,N/A
382,1770639769695,Sentence shown,HF_74_A,,,,N/A,N/A,N/A,N/A,N/A,N/A,N/A
382,1770639773697,gap_time,N/A,,,,GapTime_836,N/A,N/A,N/A,N/A,N/A,N/A
382,1770639774536,Sentence shown,HF_69_A,,true,true,N/A,N/A,N/A,N/A,N/A,N/A,N/A
382,1770639775690,Validation IR pressed,HF_69_A,,true,true,Spacebar,1,N/A,1154,N/A,N/A,N/A
382,1770639775690,IR pressed,HF_69_A,,true,true,Spacebar,1,N/A,1154,N/A,N/A,N/A
382,1770639779662,WR pressed,HF_69_A,,true,true,Yes,N/A,N/A,N/A,3972,N/A,N/A
382,1770639779662,gap_time,N/A,,true,true,GapTime_1178,N/A,N/A,N/A,N/A,N/A,N/A
382,1770639780849,Sentence shown,HF_91_A,,,,N/A,N/A,N/A,N/A,N/A,N/A,N/A
382,1770639784864,gap_time,N/A,,,,GapTime_989,N/A,N/A,N/A,N/A,N/A,N/A
382,1770639785855,Sentence shown,HH_180_P,true,,,N/A,N/A,N/A,N/A,N/A,N/A,N/A
382,1770639789865,gap_time,N/A,true,,,GapTime_928,N/A,N/A,N/A,N/A,N/A,N/A
382,1770639790809,Sentence shown,HF_94_A,,,,N/A,N/A,N/A,N/A,N/A,N/A,N/A
382,1770639794820,gap_time,N/A,,,,GapTime_1237,N/A,N/A,N/A,N/A,N/A,N/A
382,1770639796059,Sentence shown,HVL_105_A,true,,,N/A,N/A,N/A,N/A,N/A,N/A,N/A
382,1770639800067,gap_time,N/A,true,,,GapTime_916,N/A,N/A,N/A,N/A,N/A,N/A
382,1770639800994,Sentence shown,HVL_131_A,true,,true,N/A,N/A,N/A,N/A,N/A,N/A,N/A
382,1770639802577,IR pressed,HVL_131_A,true,,true,Spacebar,1,N/A,1583,N/A,N/A,N/A
382,1770639803070,WR pressed,HVL_131_A,true,,true,No,N/A,1,N/A,493,N/A,N/A
382,1770639803071,gap_time,N/A,true,,true,GapTime_907,N/A,N/A,N/A,N/A,N/A,N/A
382,1770639803987,Sentence shown,HF_94_A,,true,true,N/A,N/A,N/A,N/A,N/A,N/A,N/A
382,1770639805301,Validation IR pressed,HF_94_A,,true,true,Spacebar,1,N/A,1314,N/A,N/A,N/A
382,1770639805301,IR pressed,HF_94_A,,true,true,Spacebar,1,N/A,1314,N/A,N/A,N/A
382,1770639805821,WR pressed,HF_94_A,,true,true,Yes,N/A,N/A,N/A,520,N/A,N/A
382,1770639805822,gap_time,N/A,,true,true,GapTime_847,N/A,N/A,N/A,N/A,N/A,N/A
382,1770639806682,Sentence shown,HH_147_P,true,,,N/A,N/A,N/A,N/A,N/A,N/A,N/A
382,1770639810688,gap_time,N/A,true,,,GapTime_837,N/A,N/A,N/A,N/A,N/A,N/A
382,1770639811526,Sentence shown,HVL_138_A,true,,,N/A,N/A,N/A,N/A,N/A,N/A,N/A
382,1770639815542,gap_time,N/A,true,,,GapTime_1099,N/A,N/A,N/A,N/A,N/A,N/A
382,1770639816652,Sentence shown,HF_77_A,,,,N/A,N/A,N/A,N/A,N/A,N/A,N/A
382,1770639820653,gap_time,N/A,,,,GapTime_1224,N/A,N/A,N/A,N/A,N/A,N/A
382,1770639821891,Sentence shown,HF_76_A,,,,N/A,N/A,N/A,N/A,N/A,N/A,N/A
382,1770639825901,gap_time,N/A,,,,GapTime_1206,N/A,N/A,N/A,N/A,N/A,N/A
382,1770639827120,Sentence shown,HF_77_A,,true,true,N/A,N/A,N/A,N/A,N/A,N/A,N/A
382,1770639828432,Validation IR pressed,HF_77_A,,true,true,Spacebar,1,N/A,1312,N/A,N/A,N/A
382,1770639828432,IR pressed,HF_77_A,,true,true,Spacebar,1,N/A,1312,N/A,N/A,N/A
382,1770639828852,WR pressed,HF_77_A,,true,true,Yes,N/A,N/A,N/A,420,N/A,N/A
382,1770639828853,gap_time,N/A,,true,true,GapTime_1268,N/A,N/A,N/A,N/A,N/A,N/A
382,1770639830125,Sentence shown,LVL_141_A,true,,,N/A,N/A,N/A,N/A,N/A,N/A,N/A
382,1770639834130,gap_time,N/A,true,,,GapTime_962,N/A,N/A,N/A,N/A,N/A,N/A
382,1770639835095,Sentence shown,HH_180_P,true,,true,N/A,N/A,N/A,N/A,N/A,N/A,N/A
382,1770639836612,IR pressed,HH_180_P,true,,true,Spacebar,1,N/A,1517,N/A,N/A,N/A
382,1770639839782,WR pressed,HH_180_P,true,,true,Yes,N/A,1,N/A,3170,N/A,N/A
382,1770639839783,gap_time,N/A,true,,true,GapTime_1169,N/A,N/A,N/A,N/A,N/A,N/A
382,1770639840962,Sentence shown,HF_92_A,,,,N/A,N/A,N/A,N/A,N/A,N/A,N/A
382,1770639844968,gap_time,N/A,,,,GapTime_1295,N/A,N/A,N/A,N/A,N/A,N/A
382,1770639846272,Sentence shown,HVL_105_P,true,,true,N/A,N/A,N/A,N/A,N/A,N/A,N/A
382,1770639848144,IR pressed,HVL_105_P,true,,true,Spacebar,1,N/A,1872,N/A,N/A,N/A
382,1770639848811,WR pressed,HVL_105_P,true,,true,No,N/A,1,N/A,667,N/A,N/A
382,1770639848812,gap_time,N/A,true,,true,GapTime_1002,N/A,N/A,N/A,N/A,N/A,N/A
382,1770639849816,Sentence shown,HF_84_A,,,,N/A,N/A,N/A,N/A,N/A,N/A,N/A
382,1770639853819,gap_time,N/A,,,,GapTime_1176,N/A,N/A,N/A,N/A,N/A,N/A
382,1770639855005,Sentence shown,HF_92_A,,true,true,N/A,N/A,N/A,N/A,N/A,N/A,N/A
382,1770639856202,Validation IR pressed,HF_92_A,,true,true,Spacebar,1,N/A,1197,N/A,N/A,N/A
382,1770639856202,IR pressed,HF_92_A,,true,true,Spacebar,1,N/A,1197,N/A,N/A,N/A
382,1770639856842,WR pressed,HF_92_A,,true,true,Yes,N/A,N/A,N/A,640,N/A,N/A
382,1770639856843,gap_time,N/A,,true,true,GapTime_784,N/A,N/A,N/A,N/A,N/A,N/A
382,1770639857632,Sentence shown,HH_147_A,true,,true,N/A,N/A,N/A,N/A,N/A,N/A,N/A
382,1770639858822,IR pressed,HH_147_A,true,,true,Spacebar,1,N/A,1190,N/A,N/A,N/A
382,1770639859393,WR pressed,HH_147_A,true,,true,No,N/A,1,N/A,571,N/A,N/A
382,1770639859394,gap_time,N/A,true,,true,GapTime_956,N/A,N/A,N/A,N/A,N/A,N/A
382,1770639860361,Sentence shown,HVL_138_A,true,,true,N/A,N/A,N/A,N/A,N/A,N/A,N/A
382,1770639861540,IR pressed,HVL_138_A,true,,true,Spacebar,1,N/A,1179,N/A,N/A,N/A
382,1770639862356,WR pressed,HVL_138_A,true,,true,Yes,N/A,1,N/A,816,N/A,N/A
382,1770639862357,gap_time,N/A,true,,true,GapTime_1234,N/A,N/A,N/A,N/A,N/A,N/A
382,1770639863594,Sentence shown,LVL_129_A,true,,,N/A,N/A,N/A,N/A,N/A,N/A,N/A
382,1770639867598,gap_time,N/A,true,,,GapTime_1006,N/A,N/A,N/A,N/A,N/A,N/A
382,1770639868606,Sentence shown,LVL_117_P,true,,,N/A,N/A,N/A,N/A,N/A,N/A,N/A
382,1770639872614,gap_time,N/A,true,,,GapTime_904,N/A,N/A,N/A,N/A,N/A,N/A
382,1770639873527,Sentence shown,HF_81_A,,,,N/A,N/A,N/A,N/A,N/A,N/A,N/A
382,1770639877533,gap_time,N/A,,,,GapTime_1029,N/A,N/A,N/A,N/A,N/A,N/A
382,1770639878565,Sentence shown,HF_68_A,,,,N/A,N/A,N/A,N/A,N/A,N/A,N/A
382,1770639880209,Validation Wrong IR pressed,HF_68_A,,,,Spacebar,0,N/A,1644,N/A,N/A,N/A
382,1770639880209,IR pressed,HF_68_A,,,,Spacebar,0,N/A,1644,N/A,N/A,N/A
382,1770639880844,WR pressed,HF_68_A,,,,No,N/A,N/A,N/A,635,N/A,N/A
382,1770639880845,gap_time,N/A,,,,GapTime_1239,N/A,N/A,N/A,N/A,N/A,N/A
382,1770639882095,Sentence shown,LVL_141_P,true,,true,N/A,N/A,N/A,N/A,N/A,N/A,N/A
382,1770639886111,gap_time,N/A,true,,true,GapTime_879,N/A,N/A,N/A,N/A,N/A,N/A
382,1770639886997,Sentence shown,HF_68_A,,true,true,N/A,N/A,N/A,N/A,N/A,N/A,N/A
382,1770639888156,Validation IR pressed,HF_68_A,,true,true,Spacebar,1,N/A,1159,N/A,N/A,N/A
382,1770639888156,IR pressed,HF_68_A,,true,true,Spacebar,1,N/A,1159,N/A,N/A,N/A
382,1770639888636,WR pressed,HF_68_A,,true,true,Yes,N/A,N/A,N/A,480,N/A,N/A
382,1770639888637,gap_time,N/A,,true,true,GapTime_1109,N/A,N/A,N/A,N/A,N/A,N/A
382,1770639889749,Sentence shown,HF_78_A,,,,N/A,N/A,N/A,N/A,N/A,N/A,N/A
382,1770639893761,gap_time,N/A,,,,GapTime_711,N/A,N/A,N/A,N/A,N/A,N/A
382,1770639894491,Sentence shown,LVH_130_A,true,,,N/A,N/A,N/A,N/A,N/A,N/A,N/A
382,1770639898504,gap_time,N/A,true,,,GapTime_1228,N/A,N/A,N/A,N/A,N/A,N/A
382,1770639899737,Sentence shown,HH_176_A,true,,,N/A,N/A,N/A,N/A,N/A,N/A,N/A
382,1770639903738,gap_time,N/A,true,,,GapTime_946,N/A,N/A,N/A,N/A,N/A,N/A
382,1770639904695,Sentence shown,HF_67_A,,,,N/A,N/A,N/A,N/A,N/A,N/A,N/A
382,1770639908707,gap_time,N/A,,,,GapTime_1109,N/A,N/A,N/A,N/A,N/A,N/A
382,1770639909825,Sentence shown,LVL_117_P,true,,true,N/A,N/A,N/A,N/A,N/A,N/A,N/A
382,1770639911504,IR pressed,LVL_117_P,true,,true,Spacebar,1,N/A,1679,N/A,N/A,N/A
382,1770639916216,WR pressed,LVL_117_P,true,,true,Yes,N/A,1,N/A,4712,N/A,N/A
382,1770639916217,gap_time,N/A,true,,true,GapTime_834,N/A,N/A,N/A,N/A,N/A,N/A
382,1770639917059,Sentence shown,LVL_129_A,true,,true,N/A,N/A,N/A,N/A,N/A,N/A,N/A
382,1770639918691,IR pressed,LVL_129_A,true,,true,Spacebar,1,N/A,1632,N/A,N/A,N/A
382,1770639919251,WR pressed,LVL_129_A,true,,true,No,N/A,0,N/A,560,N/A,N/A
382,1770639919252,gap_time,N/A,true,,true,GapTime_1289,N/A,N/A,N/A,N/A,N/A,N/A
382,1770639920557,Sentence shown,HF_93_A,,,,N/A,N/A,N/A,N/A,N/A,N/A,N/A
382,1770639924566,gap_time,N/A,,,,GapTime_1036,N/A,N/A,N/A,N/A,N/A,N/A
382,1770639925605,Sentence shown,HF_93_A,,true,true,N/A,N/A,N/A,N/A,N/A,N/A,N/A
382,1770639926276,Validation IR pressed,HF_93_A,,true,true,Spacebar,1,N/A,671,N/A,N/A,N/A
382,1770639926276,IR pressed,HF_93_A,,true,true,Spacebar,1,N/A,671,N/A,N/A,N/A
382,1770639927365,WR pressed,HF_93_A,,true,true,Yes,N/A,N/A,N/A,1089,N/A,N/A
382,1770639927365,gap_time,N/A,,true,true,GapTime_1266,N/A,N/A,N/A,N/A,N/A,N/A
382,1770639928632,Sentence shown,HF_83_A,,,,N/A,N/A,N/A,N/A,N/A,N/A,N/A
382,1770639932636,gap_time,N/A,,,,GapTime_894,N/A,N/A,N/A,N/A,N/A,N/A
382,1770639933541,Sentence shown,HF_86_A,,,,N/A,N/A,N/A,N/A,N/A,N/A,N/A
382,1770639937551,gap_time,N/A,,,,GapTime_932,N/A,N/A,N/A,N/A,N/A,N/A
382,1770639938488,Sentence shown,LVH_106_P,true,,,N/A,N/A,N/A,N/A,N/A,N/A,N/A
382,1770639942490,gap_time,N/A,true,,,GapTime_1268,N/A,N/A,N/A,N/A,N/A,N/A
382,1770639943766,Sentence shown,LVL_104_P,true,,,N/A,N/A,N/A,N/A,N/A,N/A,N/A
382,1770639947774,gap_time,N/A,true,,,GapTime_1075,N/A,N/A,N/A,N/A,N/A,N/A
382,1770639948861,Sentence shown,HH_176_P,true,,true,N/A,N/A,N/A,N/A,N/A,N/A,N/A
382,1770639950233,IR pressed,HH_176_P,true,,true,Spacebar,1,N/A,1372,N/A,N/A,N/A
382,1770639950797,WR pressed,HH_176_P,true,,true,No,N/A,1,N/A,564,N/A,N/A
382,1770639950797,gap_time,N/A,true,,true,GapTime_754,N/A,N/A,N/A,N/A,N/A,N/A
382,1770639951561,Sentence shown,LVH_130_P,true,,true,N/A,N/A,N/A,N/A,N/A,N/A,N/A
382,1770639952614,IR pressed,LVH_130_P,true,,true,Spacebar,1,N/A,1053,N/A,N/A,N/A
382,1770639953267,WR pressed,LVH_130_P,true,,true,No,N/A,1,N/A,653,N/A,N/A
382,1770639953267,gap_time,N/A,true,,true,GapTime_1206,N/A,N/A,N/A,N/A,N/A,N/A
382,1770639954489,Sentence shown,HF_66_A,,,,N/A,N/A,N/A,N/A,N/A,N/A,N/A
382,1770639958500,gap_time,N/A,,,,GapTime_962,N/A,N/A,N/A,N/A,N/A,N/A
382,1770639959470,Sentence shown,LVH_161_A,true,,,N/A,N/A,N/A,N/A,N/A,N/A,N/A
382,1770639963479,gap_time,N/A,true,,,GapTime_1092,N/A,N/A,N/A,N/A,N/A,N/A
382,1770639964584,Sentence shown,LVH_106_A,true,,true,N/A,N/A,N/A,N/A,N/A,N/A,N/A
382,1770639966029,IR pressed,LVH_106_A,true,,true,Spacebar,1,N/A,1445,N/A,N/A,N/A
382,1770639966791,WR pressed,LVH_106_A,true,,true,No,N/A,1,N/A,762,N/A,N/A
382,1770639966792,gap_time,N/A,true,,true,GapTime_1106,N/A,N/A,N/A,N/A,N/A,N/A
382,1770639967900,Sentence shown,LVL_104_A,true,,true,N/A,N/A,N/A,N/A,N/A,N/A,N/A
382,1770639968945,IR pressed,LVL_104_A,true,,true,Spacebar,1,N/A,1045,N/A,N/A,N/A
382,1770639969542,WR pressed,LVL_104_A,true,,true,No,N/A,1,N/A,597,N/A,N/A
382,1770639969543,gap_time,N/A,true,,true,GapTime_1273,N/A,N/A,N/A,N/A,N/A,N/A
382,1770639970819,Sentence shown,LVH_161_A,true,,true,N/A,N/A,N/A,N/A,N/A,N/A,N/A
382,1770639972725,IR pressed,LVH_161_A,true,,true,Spacebar,1,N/A,1906,N/A,N/A,N/A
382,1770639976105,WR pressed,LVH_161_A,true,,true,No,N/A,0,N/A,3380,N/A,N/A
382,1770639976105,gap_time,N/A,true,,true,GapTime_1266,N/A,N/A,N/A,N/A,N/A,N/A
