participant_ID,Timestamp,Event,Stimulus,isTarget,isValidation,isRepeat,Button,Accuracy IR,Accuracy WR,Reaction_time_IR,Reaction_time_WR,CR_IR,CR_WR
383,1770639312360,Practice Sentence shown,HL_29_A,,,,N/A,N/A,N/A,N/A,N/A,N/A,N/A
383,1770639317876,Practice Sentence shown,HH_125_A,true,,,N/A,N/A,N/A,N/A,N/A,N/A,N/A
383,1770639323402,Practice Sentence shown,HL_20_A,,,,N/A,N/A,N/A,N/A,N/A,N/A,N/A
383,1770639328912,Practice Sentence shown,HH_113_A,true,,,N/A,N/A,N/A,N/A,N/A,N/A,N/A
383,1770639334428,Practice Sentence shown,HH_123_A,true,,,N/A,N/A,N/A,N/A,N/A,N/A,N/A
383,1770639339937,Practice Sentence shown,HL_87_A,,,,N/A,N/A,N/A,N/A,N/A,N/A,N/A
383,1770639345451,Practice Sentence shown,HL_15_A,,,,N/A,N/A,N/A,N/A,N/A,N/A,N/A
383,1770639350965,Practice Sentence shown,HH_113_P,true,,true,N/A,N/A,N/A,N/A,N/A,N/A,N/A
383,1770639354693,Practice IR pressed,HH_113_P,true,,true,Spacebar,1,N/A,3728,N/A,N/A,N/A
383,1770639360659,Practice WR pressed,HH_113_P,true,,true,No,N/A,1,N/A,5966,N/A,N/A
383,1770639362165,Practice Sentence shown,HH_125_A,true,,true,N/A,N/A,N/A,N/A,N/A,N/A,N/A
383,1770639366178,Practice Missed,HH_125_A,true,,true,None,0,N/A,N/A,N/A,N/A,N/A
383,1770639370297,Practice Sentence shown,HH_118_A,true,,,N/A,N/A,N/A,N/A,N/A,N/A,N/A
383,1770639375819,Practice Sentence shown,HL_31_A,,,,N/A,N/A,N/A,N/A,N/A,N/A,N/A
383,1770639381336,Practice Sentence shown,HL_104_A,,,,N/A,N/A,N/A,N/A,N/A,N/A,N/A
383,1770639386851,Practice Sentence shown,HH_123_A,true,,true,N/A,N/A,N/A,N/A,N/A,N/A,N/A
383,1770639388206,Practice IR pressed,HH_123_A,true,,true,Spacebar,1,N/A,1355,N/A,N/A,N/A
383,1770639390830,Practice WR pressed,HH_123_A,true,,true,Yes,N/A,1,N/A,2624,N/A,N/A
383,1770639392344,Practice Sentence shown,HL_8_A,,,,N/A,N/A,N/A,N/A,N/A,N/A,N/A
383,1770639397869,Practice Sentence shown,HH_118_P,true,,true,N/A,N/A,N/A,N/A,N/A,N/A,N/A
383,1770639399915,Practice IR pressed,HH_118_P,true,,true,Spacebar,1,N/A,2046,N/A,N/A,N/A
383,1770639403218,Practice WR pressed,HH_118_P,true,,true,No,N/A,1,N/A,3303,N/A,N/A
383,1770639404734,Practice Sentence shown,HH_101_A,true,,,N/A,N/A,N/A,N/A,N/A,N/A,N/A
383,1770639410237,Practice Sentence shown,HL_16_A,,,,N/A,N/A,N/A,N/A,N/A,N/A,N/A
383,1770639415760,Practice Sentence shown,HL_94_A,,,,N/A,N/A,N/A,N/A,N/A,N/A,N/A
383,1770639421294,Practice Sentence shown,HL_51_A,,,,N/A,N/A,N/A,N/A,N/A,N/A,N/A
383,1770639426803,Practice Sentence shown,HH_101_P,true,,true,N/A,N/A,N/A,N/A,N/A,N/A,N/A
383,1770639428548,Practice IR pressed,HH_101_P,true,,true,Spacebar,1,N/A,1745,N/A,N/A,N/A
383,1770639429786,Practice WR pressed,HH_101_P,true,,true,No,N/A,1,N/A,1238,N/A,N/A
383,1770639453414,Sentence shown,HF_24_A,,,,N/A,N/A,N/A,N/A,N/A,N/A,N/A
383,1770639457428,gap_time,N/A,,,,GapTime_884,N/A,N/A,N/A,N/A,N/A,N/A
383,1770639458332,Sentence shown,HF_2_A,,,,N/A,N/A,N/A,N/A,N/A,N/A,N/A
383,1770639462348,gap_time,N/A,,,,GapTime_749,N/A,N/A,N/A,N/A,N/A,N/A
383,1770639463111,Sentence shown,LVL_123_P,true,,,N/A,N/A,N/A,N/A,N/A,N/A,N/A
383,1770639467116,gap_time,N/A,true,,,GapTime_1053,N/A,N/A,N/A,N/A,N/A,N/A
383,1770639468176,Sentence shown,HF_6_A,,,,N/A,N/A,N/A,N/A,N/A,N/A,N/A
383,1770639472180,gap_time,N/A,,,,GapTime_800,N/A,N/A,N/A,N/A,N/A,N/A
383,1770639472994,Sentence shown,HF_22_A,,,,N/A,N/A,N/A,N/A,N/A,N/A,N/A
383,1770639476995,gap_time,N/A,,,,GapTime_880,N/A,N/A,N/A,N/A,N/A,N/A
383,1770639477879,Sentence shown,HF_6_A,,true,true,N/A,N/A,N/A,N/A,N/A,N/A,N/A
383,1770639480351,Validation IR pressed,HF_6_A,,true,true,Spacebar,1,N/A,2472,N/A,N/A,N/A
383,1770639480351,IR pressed,HF_6_A,,true,true,Spacebar,1,N/A,2472,N/A,N/A,N/A
383,1770639481650,WR pressed,HF_6_A,,true,true,No,N/A,N/A,N/A,1298,N/A,N/A
383,1770639481650,gap_time,N/A,,true,true,GapTime_1189,N/A,N/A,N/A,N/A,N/A,N/A
383,1770639482854,Sentence shown,HF_22_A,,true,true,N/A,N/A,N/A,N/A,N/A,N/A,N/A
383,1770639484660,Validation IR pressed,HF_22_A,,true,true,Spacebar,1,N/A,1806,N/A,N/A,N/A
383,1770639484660,IR pressed,HF_22_A,,true,true,Spacebar,1,N/A,1806,N/A,N/A,N/A
383,1770639485760,WR pressed,HF_22_A,,true,true,Yes,N/A,N/A,N/A,1100,N/A,N/A
383,1770639485767,gap_time,N/A,,true,true,GapTime_760,N/A,N/A,N/A,N/A,N/A,N/A
383,1770639486530,Sentence shown,HH_137_A,true,,,N/A,N/A,N/A,N/A,N/A,N/A,N/A
383,1770639490544,gap_time,N/A,true,,,GapTime_704,N/A,N/A,N/A,N/A,N/A,N/A
383,1770639491262,Sentence shown,HF_1_A,,,,N/A,N/A,N/A,N/A,N/A,N/A,N/A
383,1770639495281,gap_time,N/A,,,,GapTime_992,N/A,N/A,N/A,N/A,N/A,N/A
383,1770639496290,Sentence shown,HF_9_A,,,,N/A,N/A,N/A,N/A,N/A,N/A,N/A
383,1770639500304,gap_time,N/A,,,,GapTime_1265,N/A,N/A,N/A,N/A,N/A,N/A
383,1770639501582,Sentence shown,HF_9_A,,true,true,N/A,N/A,N/A,N/A,N/A,N/A,N/A
383,1770639503292,Validation IR pressed,HF_9_A,,true,true,Spacebar,1,N/A,1709,N/A,N/A,N/A
383,1770639503292,IR pressed,HF_9_A,,true,true,Spacebar,1,N/A,1709,N/A,N/A,N/A
383,1770639503583,WR pressed,HF_9_A,,true,true,Yes,N/A,N/A,N/A,291,N/A,N/A
383,1770639503583,gap_time,N/A,,true,true,GapTime_1227,N/A,N/A,N/A,N/A,N/A,N/A
383,1770639504811,Sentence shown,LVL_123_P,true,,true,N/A,N/A,N/A,N/A,N/A,N/A,N/A
383,1770639506937,IR pressed,LVL_123_P,true,,true,Spacebar,1,N/A,2125,N/A,N/A,N/A
383,1770639507826,WR pressed,LVL_123_P,true,,true,No,N/A,0,N/A,889,N/A,N/A
383,1770639507827,gap_time,N/A,true,,true,GapTime_999,N/A,N/A,N/A,N/A,N/A,N/A
383,1770639508828,Sentence shown,HF_21_A,,,,N/A,N/A,N/A,N/A,N/A,N/A,N/A
383,1770639512842,gap_time,N/A,,,,GapTime_1263,N/A,N/A,N/A,N/A,N/A,N/A
383,1770639514109,Sentence shown,HF_21_A,,true,true,N/A,N/A,N/A,N/A,N/A,N/A,N/A
383,1770639515701,Validation IR pressed,HF_21_A,,true,true,Spacebar,1,N/A,1592,N/A,N/A,N/A
383,1770639515701,IR pressed,HF_21_A,,true,true,Spacebar,1,N/A,1592,N/A,N/A,N/A
383,1770639516134,WR pressed,HF_21_A,,true,true,Yes,N/A,N/A,N/A,433,N/A,N/A
383,1770639516135,gap_time,N/A,,true,true,GapTime_1186,N/A,N/A,N/A,N/A,N/A,N/A
383,1770639517328,Sentence shown,HF_33_A,,,,N/A,N/A,N/A,N/A,N/A,N/A,N/A
383,1770639521332,gap_time,N/A,,,,GapTime_802,N/A,N/A,N/A,N/A,N/A,N/A
383,1770639522136,Sentence shown,HF_33_A,,true,true,N/A,N/A,N/A,N/A,N/A,N/A,N/A
383,1770639524139,Validation IR pressed,HF_33_A,,true,true,Spacebar,1,N/A,2003,N/A,N/A,N/A
383,1770639524139,IR pressed,HF_33_A,,true,true,Spacebar,1,N/A,2003,N/A,N/A,N/A
383,1770639524845,WR pressed,HF_33_A,,true,true,Yes,N/A,N/A,N/A,706,N/A,N/A
383,1770639524850,gap_time,N/A,,true,true,GapTime_1195,N/A,N/A,N/A,N/A,N/A,N/A
383,1770639526056,Sentence shown,HH_137_P,true,,true,N/A,N/A,N/A,N/A,N/A,N/A,N/A
383,1770639527976,IR pressed,HH_137_P,true,,true,Spacebar,1,N/A,1920,N/A,N/A,N/A
383,1770639528345,WR pressed,HH_137_P,true,,true,No,N/A,1,N/A,369,N/A,N/A
383,1770639528352,gap_time,N/A,true,,true,GapTime_719,N/A,N/A,N/A,N/A,N/A,N/A
383,1770639529092,Sentence shown,HF_31_A,,,,N/A,N/A,N/A,N/A,N/A,N/A,N/A
383,1770639533099,gap_time,N/A,,,,GapTime_791,N/A,N/A,N/A,N/A,N/A,N/A
383,1770639533901,Sentence shown,HVL_152_P,true,,,N/A,N/A,N/A,N/A,N/A,N/A,N/A
383,1770639537913,gap_time,N/A,true,,,GapTime_792,N/A,N/A,N/A,N/A,N/A,N/A
383,1770639538713,Sentence shown,HF_26_A,,,,N/A,N/A,N/A,N/A,N/A,N/A,N/A
383,1770639542722,gap_time,N/A,,,,GapTime_726,N/A,N/A,N/A,N/A,N/A,N/A
383,1770639543457,Sentence shown,HVL_103_A,true,,,N/A,N/A,N/A,N/A,N/A,N/A,N/A
383,1770639547458,gap_time,N/A,true,,,GapTime_807,N/A,N/A,N/A,N/A,N/A,N/A
383,1770639548277,Sentence shown,HF_27_A,,,,N/A,N/A,N/A,N/A,N/A,N/A,N/A
383,1770639552284,gap_time,N/A,,,,GapTime_1297,N/A,N/A,N/A,N/A,N/A,N/A
383,1770639553592,Sentence shown,HVL_152_A,true,,true,N/A,N/A,N/A,N/A,N/A,N/A,N/A
383,1770639556640,IR pressed,HVL_152_A,true,,true,Spacebar,1,N/A,3048,N/A,N/A,N/A
383,1770639557638,WR pressed,HVL_152_A,true,,true,No,N/A,1,N/A,998,N/A,N/A
383,1770639557639,gap_time,N/A,true,,true,GapTime_1232,N/A,N/A,N/A,N/A,N/A,N/A
383,1770639558883,Sentence shown,HF_30_A,,,,N/A,N/A,N/A,N/A,N/A,N/A,N/A
383,1770639562602,Validation Wrong IR pressed,HF_30_A,,,,Spacebar,0,N/A,3719,N/A,N/A,N/A
383,1770639562602,IR pressed,HF_30_A,,,,Spacebar,0,N/A,3719,N/A,N/A,N/A
383,1770639562926,WR pressed,HF_30_A,,,,No,N/A,N/A,N/A,324,N/A,N/A
383,1770639562926,gap_time,N/A,,,,GapTime_907,N/A,N/A,N/A,N/A,N/A,N/A
383,1770639563845,Sentence shown,HF_8_A,,,,N/A,N/A,N/A,N/A,N/A,N/A,N/A
383,1770639567859,gap_time,N/A,,,,GapTime_1001,N/A,N/A,N/A,N/A,N/A,N/A
383,1770639568874,Sentence shown,HF_11_A,,,,N/A,N/A,N/A,N/A,N/A,N/A,N/A
383,1770639572886,gap_time,N/A,,,,GapTime_830,N/A,N/A,N/A,N/A,N/A,N/A
383,1770639573727,Sentence shown,HVL_103_P,true,,true,N/A,N/A,N/A,N/A,N/A,N/A,N/A
383,1770639575777,IR pressed,HVL_103_P,true,,true,Spacebar,1,N/A,2050,N/A,N/A,N/A
383,1770639575978,WR pressed,HVL_103_P,true,,true,No,N/A,1,N/A,201,N/A,N/A
383,1770639575979,gap_time,N/A,true,,true,GapTime_942,N/A,N/A,N/A,N/A,N/A,N/A
383,1770639576926,Sentence shown,HF_4_A,,,,N/A,N/A,N/A,N/A,N/A,N/A,N/A
383,1770639580926,gap_time,N/A,,,,GapTime_1216,N/A,N/A,N/A,N/A,N/A,N/A
383,1770639582159,Sentence shown,HVL_114_A,true,,,N/A,N/A,N/A,N/A,N/A,N/A,N/A
383,1770639586169,gap_time,N/A,true,,,GapTime_970,N/A,N/A,N/A,N/A,N/A,N/A
383,1770639587145,Sentence shown,LVH_124_A,true,,,N/A,N/A,N/A,N/A,N/A,N/A,N/A
383,1770639591157,gap_time,N/A,true,,,GapTime_727,N/A,N/A,N/A,N/A,N/A,N/A
383,1770639591901,Sentence shown,HF_4_A,,true,true,N/A,N/A,N/A,N/A,N/A,N/A,N/A
383,1770639594120,Validation IR pressed,HF_4_A,,true,true,Spacebar,1,N/A,2219,N/A,N/A,N/A
383,1770639594120,IR pressed,HF_4_A,,true,true,Spacebar,1,N/A,2219,N/A,N/A,N/A
383,1770639594459,WR pressed,HF_4_A,,true,true,Yes,N/A,N/A,N/A,339,N/A,N/A
383,1770639594466,gap_time,N/A,,true,true,GapTime_732,N/A,N/A,N/A,N/A,N/A,N/A
383,1770639595215,Sentence shown,HF_5_A,,,,N/A,N/A,N/A,N/A,N/A,N/A,N/A
383,1770639597234,Validation Wrong IR pressed,HF_5_A,,,,Spacebar,0,N/A,2019,N/A,N/A,N/A
383,1770639597234,IR pressed,HF_5_A,,,,Spacebar,0,N/A,2019,N/A,N/A,N/A
383,1770639597527,WR pressed,HF_5_A,,,,No,N/A,N/A,N/A,293,N/A,N/A
383,1770639597527,gap_time,N/A,,,,GapTime_1295,N/A,N/A,N/A,N/A,N/A,N/A
383,1770639598836,Sentence shown,LVL_140_P,true,,,N/A,N/A,N/A,N/A,N/A,N/A,N/A
383,1770639602846,gap_time,N/A,true,,,GapTime_1128,N/A,N/A,N/A,N/A,N/A,N/A
383,1770639603983,Sentence shown,HF_13_A,,,,N/A,N/A,N/A,N/A,N/A,N/A,N/A
383,1770639607676,Validation Wrong IR pressed,HF_13_A,,,,Spacebar,0,N/A,3693,N/A,N/A,N/A
383,1770639607676,IR pressed,HF_13_A,,,,Spacebar,0,N/A,3693,N/A,N/A,N/A
383,1770639608174,WR pressed,HF_13_A,,,,No,N/A,N/A,N/A,498,N/A,N/A
383,1770639608181,gap_time,N/A,,,,GapTime_1106,N/A,N/A,N/A,N/A,N/A,N/A
383,1770639609290,Sentence shown,LVL_106_A,true,,,N/A,N/A,N/A,N/A,N/A,N/A,N/A
383,1770639613291,gap_time,N/A,true,,,GapTime_979,N/A,N/A,N/A,N/A,N/A,N/A
383,1770639614273,Sentence shown,HVL_114_A,true,,true,N/A,N/A,N/A,N/A,N/A,N/A,N/A
383,1770639616049,IR pressed,HVL_114_A,true,,true,Spacebar,1,N/A,1776,N/A,N/A,N/A
383,1770639616394,WR pressed,HVL_114_A,true,,true,Yes,N/A,1,N/A,345,N/A,N/A
383,1770639616394,gap_time,N/A,true,,true,GapTime_1121,N/A,N/A,N/A,N/A,N/A,N/A
383,1770639617518,Sentence shown,LVH_156_P,true,,,N/A,N/A,N/A,N/A,N/A,N/A,N/A
383,1770639621523,gap_time,N/A,true,,,GapTime_986,N/A,N/A,N/A,N/A,N/A,N/A
383,1770639622523,Sentence shown,HH_150_P,true,,,N/A,N/A,N/A,N/A,N/A,N/A,N/A
383,1770639626535,gap_time,N/A,true,,,GapTime_982,N/A,N/A,N/A,N/A,N/A,N/A
383,1770639627534,Sentence shown,LVH_123_P,true,,,N/A,N/A,N/A,N/A,N/A,N/A,N/A
383,1770639631536,gap_time,N/A,true,,,GapTime_831,N/A,N/A,N/A,N/A,N/A,N/A
383,1770639632390,Sentence shown,LVH_124_P,true,,true,N/A,N/A,N/A,N/A,N/A,N/A,N/A
383,1770639634317,IR pressed,LVH_124_P,true,,true,Spacebar,1,N/A,1926,N/A,N/A,N/A
383,1770639634674,WR pressed,LVH_124_P,true,,true,No,N/A,1,N/A,357,N/A,N/A
383,1770639634677,gap_time,N/A,true,,true,GapTime_1243,N/A,N/A,N/A,N/A,N/A,N/A
383,1770639635926,Sentence shown,HF_23_A,,,,N/A,N/A,N/A,N/A,N/A,N/A,N/A
383,1770639638177,Validation Wrong IR pressed,HF_23_A,,,,Spacebar,0,N/A,2251,N/A,N/A,N/A
383,1770639638177,IR pressed,HF_23_A,,,,Spacebar,0,N/A,2251,N/A,N/A,N/A
383,1770639638679,WR pressed,HF_23_A,,,,No,N/A,N/A,N/A,502,N/A,N/A
383,1770639638681,gap_time,N/A,,,,GapTime_988,N/A,N/A,N/A,N/A,N/A,N/A
383,1770639639681,Sentence shown,HF_14_A,,,,N/A,N/A,N/A,N/A,N/A,N/A,N/A
383,1770639643692,gap_time,N/A,,,,GapTime_1196,N/A,N/A,N/A,N/A,N/A,N/A
383,1770639644902,Sentence shown,HF_14_A,,true,true,N/A,N/A,N/A,N/A,N/A,N/A,N/A
383,1770639646435,Validation IR pressed,HF_14_A,,true,true,Spacebar,1,N/A,1533,N/A,N/A,N/A
383,1770639646435,IR pressed,HF_14_A,,true,true,Spacebar,1,N/A,1533,N/A,N/A,N/A
383,1770639646846,WR pressed,HF_14_A,,true,true,Yes,N/A,N/A,N/A,411,N/A,N/A
383,1770639646846,gap_time,N/A,,true,true,GapTime_955,N/A,N/A,N/A,N/A,N/A,N/A
383,1770639647807,Sentence shown,LVL_140_A,true,,true,N/A,N/A,N/A,N/A,N/A,N/A,N/A
383,1770639650582,IR pressed,LVL_140_A,true,,true,Spacebar,1,N/A,2775,N/A,N/A,N/A
383,1770639651470,WR pressed,LVL_140_A,true,,true,No,N/A,1,N/A,888,N/A,N/A
383,1770639651470,gap_time,N/A,true,,true,GapTime_714,N/A,N/A,N/A,N/A,N/A,N/A
383,1770639652196,Sentence shown,HF_20_A,,,,N/A,N/A,N/A,N/A,N/A,N/A,N/A
383,1770639654853,Validation Wrong IR pressed,HF_20_A,,,,Spacebar,0,N/A,2657,N/A,N/A,N/A
383,1770639654853,IR pressed,HF_20_A,,,,Spacebar,0,N/A,2657,N/A,N/A,N/A
383,1770639655156,WR pressed,HF_20_A,,,,Yes,N/A,N/A,N/A,302,N/A,N/A
383,1770639655156,gap_time,N/A,,,,GapTime_729,N/A,N/A,N/A,N/A,N/A,N/A
383,1770639655894,Sentence shown,LVH_171_A,true,,,N/A,N/A,N/A,N/A,N/A,N/A,N/A
383,1770639659897,gap_time,N/A,true,,,GapTime_1205,N/A,N/A,N/A,N/A,N/A,N/A
383,1770639661116,Sentence shown,LVL_106_A,true,,true,N/A,N/A,N/A,N/A,N/A,N/A,N/A
383,1770639663390,IR pressed,LVL_106_A,true,,true,Spacebar,1,N/A,2274,N/A,N/A,N/A
383,1770639663580,WR pressed,LVL_106_A,true,,true,No,N/A,0,N/A,190,N/A,N/A
383,1770639663587,gap_time,N/A,true,,true,GapTime_899,N/A,N/A,N/A,N/A,N/A,N/A
383,1770639664503,Sentence shown,LVH_156_P,true,,true,N/A,N/A,N/A,N/A,N/A,N/A,N/A
383,1770639666056,IR pressed,LVH_156_P,true,,true,Spacebar,1,N/A,1553,N/A,N/A,N/A
383,1770639666937,WR pressed,LVH_156_P,true,,true,Yes,N/A,1,N/A,881,N/A,N/A
383,1770639666938,gap_time,N/A,true,,true,GapTime_856,N/A,N/A,N/A,N/A,N/A,N/A
383,1770639667801,Sentence shown,HF_17_A,,,,N/A,N/A,N/A,N/A,N/A,N/A,N/A
383,1770639671390,Validation Wrong IR pressed,HF_17_A,,,,Spacebar,0,N/A,3589,N/A,N/A,N/A
383,1770639671390,IR pressed,HF_17_A,,,,Spacebar,0,N/A,3589,N/A,N/A,N/A
383,1770639671787,WR pressed,HF_17_A,,,,No,N/A,N/A,N/A,397,N/A,N/A
383,1770639671788,gap_time,N/A,,,,GapTime_988,N/A,N/A,N/A,N/A,N/A,N/A
383,1770639672792,Sentence shown,HH_150_P,true,,true,N/A,N/A,N/A,N/A,N/A,N/A,N/A
383,1770639675175,IR pressed,HH_150_P,true,,true,Spacebar,1,N/A,2383,N/A,N/A,N/A
383,1770639675439,WR pressed,HH_150_P,true,,true,Yes,N/A,1,N/A,264,N/A,N/A
383,1770639675441,gap_time,N/A,true,,true,GapTime_870,N/A,N/A,N/A,N/A,N/A,N/A
383,1770639676324,Sentence shown,HF_17_A,,true,true,N/A,N/A,N/A,N/A,N/A,N/A,N/A
383,1770639678295,Validation IR pressed,HF_17_A,,true,true,Spacebar,1,N/A,1971,N/A,N/A,N/A
383,1770639678295,IR pressed,HF_17_A,,true,true,Spacebar,1,N/A,1971,N/A,N/A,N/A
383,1770639678593,WR pressed,HF_17_A,,true,true,Yes,N/A,N/A,N/A,298,N/A,N/A
383,1770639678600,gap_time,N/A,,true,true,GapTime_734,N/A,N/A,N/A,N/A,N/A,N/A
383,1770639679351,Sentence shown,HF_19_A,,,,N/A,N/A,N/A,N/A,N/A,N/A,N/A
383,1770639683355,gap_time,N/A,,,,GapTime_795,N/A,N/A,N/A,N/A,N/A,N/A
383,1770639684160,Sentence shown,HF_10_A,,,,N/A,N/A,N/A,N/A,N/A,N/A,N/A
383,1770639686409,Validation Wrong IR pressed,HF_10_A,,,,Spacebar,0,N/A,2249,N/A,N/A,N/A
383,1770639686409,IR pressed,HF_10_A,,,,Spacebar,0,N/A,2249,N/A,N/A,N/A
383,1770639686649,WR pressed,HF_10_A,,,,No,N/A,N/A,N/A,240,N/A,N/A
383,1770639686656,gap_time,N/A,,,,GapTime_1040,N/A,N/A,N/A,N/A,N/A,N/A
383,1770639687705,Sentence shown,LVH_123_A,true,,true,N/A,N/A,N/A,N/A,N/A,N/A,N/A
383,1770639689723,IR pressed,LVH_123_A,true,,true,Spacebar,1,N/A,2018,N/A,N/A,N/A
383,1770639690249,WR pressed,LVH_123_A,true,,true,Yes,N/A,0,N/A,526,N/A,N/A
383,1770639690250,gap_time,N/A,true,,true,GapTime_1236,N/A,N/A,N/A,N/A,N/A,N/A
383,1770639691498,Sentence shown,HF_18_A,,,,N/A,N/A,N/A,N/A,N/A,N/A,N/A
383,1770639695506,gap_time,N/A,,,,GapTime_967,N/A,N/A,N/A,N/A,N/A,N/A
383,1770639696474,Sentence shown,HF_18_A,,true,true,N/A,N/A,N/A,N/A,N/A,N/A,N/A
383,1770639698575,Validation IR pressed,HF_18_A,,true,true,Spacebar,1,N/A,2101,N/A,N/A,N/A
383,1770639698575,IR pressed,HF_18_A,,true,true,Spacebar,1,N/A,2101,N/A,N/A,N/A
383,1770639698920,WR pressed,HF_18_A,,true,true,Yes,N/A,N/A,N/A,345,N/A,N/A
383,1770639698926,gap_time,N/A,,true,true,GapTime_1064,N/A,N/A,N/A,N/A,N/A,N/A
383,1770639699995,Sentence shown,HH_169_A,true,,,N/A,N/A,N/A,N/A,N/A,N/A,N/A
383,1770639704011,gap_time,N/A,true,,,GapTime_841,N/A,N/A,N/A,N/A,N/A,N/A
383,1770639704855,Sentence shown,HF_29_A,,,,N/A,N/A,N/A,N/A,N/A,N/A,N/A
383,1770639707306,Validation Wrong IR pressed,HF_29_A,,,,Spacebar,0,N/A,2451,N/A,N/A,N/A
383,1770639707306,IR pressed,HF_29_A,,,,Spacebar,0,N/A,2451,N/A,N/A,N/A
383,1770639708127,WR pressed,HF_29_A,,,,No,N/A,N/A,N/A,821,N/A,N/A
383,1770639708134,gap_time,N/A,,,,GapTime_981,N/A,N/A,N/A,N/A,N/A,N/A
383,1770639709117,Sentence shown,LVH_171_A,true,,true,N/A,N/A,N/A,N/A,N/A,N/A,N/A
383,1770639711192,IR pressed,LVH_171_A,true,,true,Spacebar,1,N/A,2075,N/A,N/A,N/A
383,1770639711681,WR pressed,LVH_171_A,true,,true,Yes,N/A,1,N/A,489,N/A,N/A
383,1770639711682,gap_time,N/A,true,,true,GapTime_748,N/A,N/A,N/A,N/A,N/A,N/A
383,1770639712443,Sentence shown,LVL_104_A,true,,,N/A,N/A,N/A,N/A,N/A,N/A,N/A
383,1770639716447,gap_time,N/A,true,,,GapTime_906,N/A,N/A,N/A,N/A,N/A,N/A
383,1770639717369,Sentence shown,HF_28_A,,,,N/A,N/A,N/A,N/A,N/A,N/A,N/A
383,1770639719646,Validation Wrong IR pressed,HF_28_A,,,,Spacebar,0,N/A,2277,N/A,N/A,N/A
383,1770639719646,IR pressed,HF_28_A,,,,Spacebar,0,N/A,2277,N/A,N/A,N/A
383,1770639719911,WR pressed,HF_28_A,,,,No,N/A,N/A,N/A,265,N/A,N/A
383,1770639719912,gap_time,N/A,,,,GapTime_958,N/A,N/A,N/A,N/A,N/A,N/A
383,1770639720882,Sentence shown,HF_28_A,,true,true,N/A,N/A,N/A,N/A,N/A,N/A,N/A
383,1770639722520,Validation IR pressed,HF_28_A,,true,true,Spacebar,1,N/A,1638,N/A,N/A,N/A
383,1770639722520,IR pressed,HF_28_A,,true,true,Spacebar,1,N/A,1638,N/A,N/A,N/A
383,1770639722727,WR pressed,HF_28_A,,true,true,Yes,N/A,N/A,N/A,207,N/A,N/A
383,1770639722734,gap_time,N/A,,true,true,GapTime_835,N/A,N/A,N/A,N/A,N/A,N/A
383,1770639723587,Sentence shown,HF_25_A,,,,N/A,N/A,N/A,N/A,N/A,N/A,N/A
383,1770639726146,Validation Wrong IR pressed,HF_25_A,,,,Spacebar,0,N/A,2559,N/A,N/A,N/A
383,1770639726146,IR pressed,HF_25_A,,,,Spacebar,0,N/A,2559,N/A,N/A,N/A
383,1770639727479,WR pressed,HF_25_A,,,,No,N/A,N/A,N/A,1333,N/A,N/A
383,1770639727480,gap_time,N/A,,,,GapTime_884,N/A,N/A,N/A,N/A,N/A,N/A
383,1770639728367,Sentence shown,HH_169_A,true,,true,N/A,N/A,N/A,N/A,N/A,N/A,N/A
383,1770639730090,IR pressed,HH_169_A,true,,true,Spacebar,1,N/A,1723,N/A,N/A,N/A
383,1770639731033,WR pressed,HH_169_A,true,,true,Yes,N/A,1,N/A,943,N/A,N/A
383,1770639731033,gap_time,N/A,true,,true,GapTime_777,N/A,N/A,N/A,N/A,N/A,N/A
383,1770639731814,Sentence shown,HVL_102_P,true,,,N/A,N/A,N/A,N/A,N/A,N/A,N/A
383,1770639735109,Validation Wrong IR pressed,HVL_102_P,true,,,Spacebar,0,N/A,3295,N/A,N/A,N/A
383,1770639735109,IR pressed,HVL_102_P,true,,,Spacebar,0,N/A,3295,N/A,N/A,N/A
383,1770639735376,WR pressed,HVL_102_P,true,,,No,N/A,0,N/A,267,N/A,N/A
383,1770639735376,gap_time,N/A,true,,,GapTime_1050,N/A,N/A,N/A,N/A,N/A,N/A
383,1770639736430,Sentence shown,HF_15_A,,,,N/A,N/A,N/A,N/A,N/A,N/A,N/A
383,1770639738194,Validation Wrong IR pressed,HF_15_A,,,,Spacebar,0,N/A,1763,N/A,N/A,N/A
383,1770639738194,IR pressed,HF_15_A,,,,Spacebar,0,N/A,1763,N/A,N/A,N/A
383,1770639738410,WR pressed,HF_15_A,,,,Yes,N/A,N/A,N/A,216,N/A,N/A
383,1770639738417,gap_time,N/A,,,,GapTime_1088,N/A,N/A,N/A,N/A,N/A,N/A
383,1770639739507,Sentence shown,HF_32_A,,,,N/A,N/A,N/A,N/A,N/A,N/A,N/A
383,1770639743520,gap_time,N/A,,,,GapTime_709,N/A,N/A,N/A,N/A,N/A,N/A
383,1770639744245,Sentence shown,HF_12_A,,,,N/A,N/A,N/A,N/A,N/A,N/A,N/A
383,1770639748247,gap_time,N/A,,,,GapTime_1166,N/A,N/A,N/A,N/A,N/A,N/A
383,1770639749417,Sentence shown,LVL_104_P,true,,true,N/A,N/A,N/A,N/A,N/A,N/A,N/A
383,1770639751637,IR pressed,LVL_104_P,true,,true,Spacebar,1,N/A,2220,N/A,N/A,N/A
383,1770639752827,WR pressed,LVL_104_P,true,,true,No,N/A,1,N/A,1189,N/A,N/A
383,1770639752827,gap_time,N/A,true,,true,GapTime_1257,N/A,N/A,N/A,N/A,N/A,N/A
383,1770639754095,Sentence shown,HVL_102_P,true,,true,N/A,N/A,N/A,N/A,N/A,N/A,N/A
383,1770639756739,IR pressed,HVL_102_P,true,,true,Spacebar,1,N/A,2644,N/A,N/A,N/A
383,1770639757088,WR pressed,HVL_102_P,true,,true,No,N/A,0,N/A,349,N/A,N/A
383,1770639757095,gap_time,N/A,true,,true,GapTime_879,N/A,N/A,N/A,N/A,N/A,N/A
383,1770639757983,Sentence shown,HH_182_P,true,,,N/A,N/A,N/A,N/A,N/A,N/A,N/A
383,1770639761994,gap_time,N/A,true,,,GapTime_1080,N/A,N/A,N/A,N/A,N/A,N/A
383,1770639763079,Sentence shown,HF_7_A,,,,N/A,N/A,N/A,N/A,N/A,N/A,N/A
383,1770639767090,gap_time,N/A,,,,GapTime_980,N/A,N/A,N/A,N/A,N/A,N/A
383,1770639768074,Sentence shown,HF_16_A,,,,N/A,N/A,N/A,N/A,N/A,N/A,N/A
383,1770639769927,Validation Wrong IR pressed,HF_16_A,,,,Spacebar,0,N/A,1853,N/A,N/A,N/A
383,1770639769927,IR pressed,HF_16_A,,,,Spacebar,0,N/A,1853,N/A,N/A,N/A
383,1770639770083,WR pressed,HF_16_A,,,,Yes,N/A,N/A,N/A,156,N/A,N/A
383,1770639770083,gap_time,N/A,,,,GapTime_787,N/A,N/A,N/A,N/A,N/A,N/A
383,1770639770882,Sentence shown,HH_182_A,true,,true,N/A,N/A,N/A,N/A,N/A,N/A,N/A
383,1770639774888,gap_time,N/A,true,,true,GapTime_935,N/A,N/A,N/A,N/A,N/A,N/A
383,1770639775830,Rest Phase started,N/A,true,,true,Rest,N/A,N/A,N/A,N/A,N/A,N/A
383,1770639817515,Sentence shown,LVH_107_A,true,,,N/A,N/A,N/A,N/A,N/A,N/A,N/A
383,1770639821516,gap_time,N/A,true,,,GapTime_1141,N/A,N/A,N/A,N/A,N/A,N/A
383,1770639822672,Sentence shown,LVL_135_A,true,,,N/A,N/A,N/A,N/A,N/A,N/A,N/A
383,1770639826682,gap_time,N/A,true,,,GapTime_1230,N/A,N/A,N/A,N/A,N/A,N/A
383,1770639827920,Sentence shown,HF_35_A,,,,N/A,N/A,N/A,N/A,N/A,N/A,N/A
383,1770639831925,gap_time,N/A,,,,GapTime_749,N/A,N/A,N/A,N/A,N/A,N/A
383,1770639832676,Sentence shown,HH_145_A,true,,,N/A,N/A,N/A,N/A,N/A,N/A,N/A
383,1770639836684,gap_time,N/A,true,,,GapTime_895,N/A,N/A,N/A,N/A,N/A,N/A
383,1770639837584,Sentence shown,HF_40_A,,,,N/A,N/A,N/A,N/A,N/A,N/A,N/A
383,1770639841595,gap_time,N/A,,,,GapTime_1257,N/A,N/A,N/A,N/A,N/A,N/A
383,1770639842870,Sentence shown,LVL_146_P,true,,,N/A,N/A,N/A,N/A,N/A,N/A,N/A
383,1770639846880,gap_time,N/A,true,,,GapTime_922,N/A,N/A,N/A,N/A,N/A,N/A
383,1770639847827,Sentence shown,HH_139_P,true,,,N/A,N/A,N/A,N/A,N/A,N/A,N/A
383,1770639851839,gap_time,N/A,true,,,GapTime_1196,N/A,N/A,N/A,N/A,N/A,N/A
383,1770639853049,Sentence shown,LVH_100_A,true,,,N/A,N/A,N/A,N/A,N/A,N/A,N/A
383,1770639857053,gap_time,N/A,true,,,GapTime_825,N/A,N/A,N/A,N/A,N/A,N/A
383,1770639857899,Sentence shown,LVH_107_A,true,,true,N/A,N/A,N/A,N/A,N/A,N/A,N/A
383,1770639861800,IR pressed,LVH_107_A,true,,true,Spacebar,1,N/A,3901,N/A,N/A,N/A
383,1770639862696,WR pressed,LVH_107_A,true,,true,Yes,N/A,1,N/A,896,N/A,N/A
383,1770639862703,gap_time,N/A,true,,true,GapTime_1089,N/A,N/A,N/A,N/A,N/A,N/A
383,1770639863803,Sentence shown,HF_45_A,,,,N/A,N/A,N/A,N/A,N/A,N/A,N/A
383,1770639867811,gap_time,N/A,,,,GapTime_1237,N/A,N/A,N/A,N/A,N/A,N/A
383,1770639869065,Sentence shown,LVL_135_P,true,,true,N/A,N/A,N/A,N/A,N/A,N/A,N/A
383,1770639873080,gap_time,N/A,true,,true,GapTime_1036,N/A,N/A,N/A,N/A,N/A,N/A
383,1770639874120,Sentence shown,HF_34_A,,,,N/A,N/A,N/A,N/A,N/A,N/A,N/A
383,1770639878126,gap_time,N/A,,,,GapTime_1192,N/A,N/A,N/A,N/A,N/A,N/A
383,1770639879326,Sentence shown,HF_54_A,,,,N/A,N/A,N/A,N/A,N/A,N/A,N/A
383,1770639883339,gap_time,N/A,,,,GapTime_877,N/A,N/A,N/A,N/A,N/A,N/A
383,1770639884225,Sentence shown,HF_34_A,,true,true,N/A,N/A,N/A,N/A,N/A,N/A,N/A
383,1770639885662,Validation IR pressed,HF_34_A,,true,true,Spacebar,1,N/A,1436,N/A,N/A,N/A
383,1770639885662,IR pressed,HF_34_A,,true,true,Spacebar,1,N/A,1436,N/A,N/A,N/A
383,1770639887106,WR pressed,HF_34_A,,true,true,Yes,N/A,N/A,N/A,1444,N/A,N/A
383,1770639887106,gap_time,N/A,,true,true,GapTime_949,N/A,N/A,N/A,N/A,N/A,N/A
383,1770639888063,Sentence shown,HF_54_A,,true,true,N/A,N/A,N/A,N/A,N/A,N/A,N/A
383,1770639889624,Validation IR pressed,HF_54_A,,true,true,Spacebar,1,N/A,1561,N/A,N/A,N/A
383,1770639889624,IR pressed,HF_54_A,,true,true,Spacebar,1,N/A,1561,N/A,N/A,N/A
383,1770639890076,WR pressed,HF_54_A,,true,true,Yes,N/A,N/A,N/A,452,N/A,N/A
383,1770639890083,gap_time,N/A,,true,true,GapTime_1200,N/A,N/A,N/A,N/A,N/A,N/A
383,1770639891296,Sentence shown,HH_145_A,true,,true,N/A,N/A,N/A,N/A,N/A,N/A,N/A
383,1770639893238,IR pressed,HH_145_A,true,,true,Spacebar,1,N/A,1942,N/A,N/A,N/A
383,1770639893445,WR pressed,HH_145_A,true,,true,Yes,N/A,1,N/A,207,N/A,N/A
383,1770639893446,gap_time,N/A,true,,true,GapTime_727,N/A,N/A,N/A,N/A,N/A,N/A
383,1770639894181,Sentence shown,HF_51_A,,,,N/A,N/A,N/A,N/A,N/A,N/A,N/A
383,1770639898188,gap_time,N/A,,,,GapTime_1211,N/A,N/A,N/A,N/A,N/A,N/A
383,1770639899404,Sentence shown,LVL_146_P,true,,true,N/A,N/A,N/A,N/A,N/A,N/A,N/A
383,1770639901263,IR pressed,LVL_146_P,true,,true,Spacebar,1,N/A,1859,N/A,N/A,N/A
383,1770639901475,WR pressed,LVL_146_P,true,,true,Yes,N/A,1,N/A,212,N/A,N/A
383,1770639901482,gap_time,N/A,true,,true,GapTime_886,N/A,N/A,N/A,N/A,N/A,N/A
383,1770639902380,Sentence shown,LVH_181_P,true,,,N/A,N/A,N/A,N/A,N/A,N/A,N/A
383,1770639906382,gap_time,N/A,true,,,GapTime_801,N/A,N/A,N/A,N/A,N/A,N/A
383,1770639907185,Sentence shown,HVL_117_P,true,,,N/A,N/A,N/A,N/A,N/A,N/A,N/A
383,1770639911203,gap_time,N/A,true,,,GapTime_800,N/A,N/A,N/A,N/A,N/A,N/A
383,1770639912024,Sentence shown,HH_139_A,true,,true,N/A,N/A,N/A,N/A,N/A,N/A,N/A
383,1770639914996,IR pressed,HH_139_A,true,,true,Spacebar,1,N/A,2972,N/A,N/A,N/A
383,1770639915316,WR pressed,HH_139_A,true,,true,No,N/A,1,N/A,320,N/A,N/A
383,1770639915320,gap_time,N/A,true,,true,GapTime_755,N/A,N/A,N/A,N/A,N/A,N/A
383,1770639916083,Sentence shown,HF_65_A,,,,N/A,N/A,N/A,N/A,N/A,N/A,N/A
383,1770639920090,gap_time,N/A,,,,GapTime_855,N/A,N/A,N/A,N/A,N/A,N/A
383,1770639920950,Sentence shown,LVH_100_P,true,,true,N/A,N/A,N/A,N/A,N/A,N/A,N/A
383,1770639923112,IR pressed,LVH_100_P,true,,true,Spacebar,1,N/A,2162,N/A,N/A,N/A
383,1770639923371,WR pressed,LVH_100_P,true,,true,No,N/A,1,N/A,259,N/A,N/A
383,1770639923378,gap_time,N/A,true,,true,GapTime_1042,N/A,N/A,N/A,N/A,N/A,N/A
383,1770639924429,Sentence shown,LVL_100_P,true,,,N/A,N/A,N/A,N/A,N/A,N/A,N/A
383,1770639926529,Validation Wrong IR pressed,LVL_100_P,true,,,Spacebar,0,N/A,2100,N/A,N/A,N/A
383,1770639926529,IR pressed,LVL_100_P,true,,,Spacebar,0,N/A,2100,N/A,N/A,N/A
383,1770639926731,WR pressed,LVL_100_P,true,,,No,N/A,1,N/A,202,N/A,N/A
383,1770639926732,gap_time,N/A,true,,,GapTime_1026,N/A,N/A,N/A,N/A,N/A,N/A
383,1770639927770,Sentence shown,HF_42_A,,,,N/A,N/A,N/A,N/A,N/A,N/A,N/A
383,1770639931779,gap_time,N/A,,,,GapTime_958,N/A,N/A,N/A,N/A,N/A,N/A
383,1770639932753,Sentence shown,LVL_111_A,true,,,N/A,N/A,N/A,N/A,N/A,N/A,N/A
383,1770639936758,gap_time,N/A,true,,,GapTime_711,N/A,N/A,N/A,N/A,N/A,N/A
383,1770639937485,Sentence shown,LVH_181_P,true,,true,N/A,N/A,N/A,N/A,N/A,N/A,N/A
383,1770639941487,gap_time,N/A,true,,true,GapTime_1214,N/A,N/A,N/A,N/A,N/A,N/A
383,1770639942716,Sentence shown,HF_52_A,,,,N/A,N/A,N/A,N/A,N/A,N/A,N/A
383,1770639946726,gap_time,N/A,,,,GapTime_1094,N/A,N/A,N/A,N/A,N/A,N/A
383,1770639947835,Sentence shown,HF_61_A,,,,N/A,N/A,N/A,N/A,N/A,N/A,N/A
383,1770639951850,gap_time,N/A,,,,GapTime_1297,N/A,N/A,N/A,N/A,N/A,N/A
383,1770639953150,Sentence shown,HF_57_A,,,,N/A,N/A,N/A,N/A,N/A,N/A,N/A
383,1770639957152,gap_time,N/A,,,,GapTime_1155,N/A,N/A,N/A,N/A,N/A,N/A
383,1770639958309,Sentence shown,HVL_117_P,true,,true,N/A,N/A,N/A,N/A,N/A,N/A,N/A
383,1770639959880,IR pressed,HVL_117_P,true,,true,Spacebar,1,N/A,1571,N/A,N/A,N/A
383,1770639960194,WR pressed,HVL_117_P,true,,true,Yes,N/A,1,N/A,314,N/A,N/A
383,1770639960201,gap_time,N/A,true,,true,GapTime_860,N/A,N/A,N/A,N/A,N/A,N/A
383,1770639961068,Sentence shown,HF_37_A,,,,N/A,N/A,N/A,N/A,N/A,N/A,N/A
383,1770639965081,gap_time,N/A,,,,GapTime_970,N/A,N/A,N/A,N/A,N/A,N/A
383,1770639966054,Sentence shown,LVL_100_A,true,,true,N/A,N/A,N/A,N/A,N/A,N/A,N/A
383,1770639967636,IR pressed,LVL_100_A,true,,true,Spacebar,1,N/A,1582,N/A,N/A,N/A
383,1770639967926,WR pressed,LVL_100_A,true,,true,Yes,N/A,0,N/A,290,N/A,N/A
383,1770639967927,gap_time,N/A,true,,true,GapTime_989,N/A,N/A,N/A,N/A,N/A,N/A
383,1770639968918,Sentence shown,HF_36_A,,,,N/A,N/A,N/A,N/A,N/A,N/A,N/A
383,1770639972919,gap_time,N/A,,,,GapTime_1126,N/A,N/A,N/A,N/A,N/A,N/A
383,1770639974050,Sentence shown,HF_37_A,,true,true,N/A,N/A,N/A,N/A,N/A,N/A,N/A
383,1770639975753,Validation IR pressed,HF_37_A,,true,true,Spacebar,1,N/A,1703,N/A,N/A,N/A
383,1770639975753,IR pressed,HF_37_A,,true,true,Spacebar,1,N/A,1703,N/A,N/A,N/A
383,1770639975993,WR pressed,HF_37_A,,true,true,Yes,N/A,N/A,N/A,240,N/A,N/A
383,1770639976000,gap_time,N/A,,true,true,GapTime_951,N/A,N/A,N/A,N/A,N/A,N/A
383,1770639976967,Sentence shown,HF_38_A,,,,N/A,N/A,N/A,N/A,N/A,N/A,N/A
383,1770639980981,gap_time,N/A,,,,GapTime_1128,N/A,N/A,N/A,N/A,N/A,N/A
383,1770639982111,Sentence shown,HF_38_A,,true,true,N/A,N/A,N/A,N/A,N/A,N/A,N/A
383,1770639983347,Validation IR pressed,HF_38_A,,true,true,Spacebar,1,N/A,1236,N/A,N/A,N/A
383,1770639983347,IR pressed,HF_38_A,,true,true,Spacebar,1,N/A,1236,N/A,N/A,N/A
383,1770639983675,WR pressed,HF_38_A,,true,true,Yes,N/A,N/A,N/A,328,N/A,N/A
383,1770639983681,gap_time,N/A,,true,true,GapTime_918,N/A,N/A,N/A,N/A,N/A,N/A
383,1770639984602,Sentence shown,HF_62_A,,,,N/A,N/A,N/A,N/A,N/A,N/A,N/A
383,1770639988605,gap_time,N/A,,,,GapTime_941,N/A,N/A,N/A,N/A,N/A,N/A
383,1770639989547,Sentence shown,LVL_111_A,true,,true,N/A,N/A,N/A,N/A,N/A,N/A,N/A
383,1770639991894,IR pressed,LVL_111_A,true,,true,Spacebar,1,N/A,2347,N/A,N/A,N/A
383,1770639992128,WR pressed,LVL_111_A,true,,true,Yes,N/A,1,N/A,233,N/A,N/A
383,1770639992128,gap_time,N/A,true,,true,GapTime_741,N/A,N/A,N/A,N/A,N/A,N/A
383,1770639992882,Sentence shown,HF_58_A,,,,N/A,N/A,N/A,N/A,N/A,N/A,N/A
383,1770639995023,Validation Wrong IR pressed,HF_58_A,,,,Spacebar,0,N/A,2141,N/A,N/A,N/A
383,1770639995023,IR pressed,HF_58_A,,,,Spacebar,0,N/A,2141,N/A,N/A,N/A
383,1770639995197,WR pressed,HF_58_A,,,,No,N/A,N/A,N/A,174,N/A,N/A
383,1770639995198,gap_time,N/A,,,,GapTime_907,N/A,N/A,N/A,N/A,N/A,N/A
383,1770639996110,Sentence shown,HF_60_A,,,,N/A,N/A,N/A,N/A,N/A,N/A,N/A
383,1770639998935,Validation Wrong IR pressed,HF_60_A,,,,Spacebar,0,N/A,2825,N/A,N/A,N/A
383,1770639998935,IR pressed,HF_60_A,,,,Spacebar,0,N/A,2825,N/A,N/A,N/A
383,1770639999091,WR pressed,HF_60_A,,,,No,N/A,N/A,N/A,156,N/A,N/A
383,1770639999098,gap_time,N/A,,,,GapTime_839,N/A,N/A,N/A,N/A,N/A,N/A
383,1770639999938,Sentence shown,HF_60_A,,true,true,N/A,N/A,N/A,N/A,N/A,N/A,N/A
383,1770640000930,Validation IR pressed,HF_60_A,,true,true,Spacebar,1,N/A,992,N/A,N/A,N/A
383,1770640000930,IR pressed,HF_60_A,,true,true,Spacebar,1,N/A,992,N/A,N/A,N/A
383,1770640001430,WR pressed,HF_60_A,,true,true,Yes,N/A,N/A,N/A,500,N/A,N/A
383,1770640001431,gap_time,N/A,,true,true,GapTime_1020,N/A,N/A,N/A,N/A,N/A,N/A
383,1770640002457,Sentence shown,LVH_133_P,true,,,N/A,N/A,N/A,N/A,N/A,N/A,N/A
383,1770640006458,gap_time,N/A,true,,,GapTime_1086,N/A,N/A,N/A,N/A,N/A,N/A
383,1770640007547,Sentence shown,HF_48_A,,,,N/A,N/A,N/A,N/A,N/A,N/A,N/A
383,1770640011553,gap_time,N/A,,,,GapTime_725,N/A,N/A,N/A,N/A,N/A,N/A
383,1770640012282,Sentence shown,HF_44_A,,,,N/A,N/A,N/A,N/A,N/A,N/A,N/A
383,1770640016298,gap_time,N/A,,,,GapTime_933,N/A,N/A,N/A,N/A,N/A,N/A
383,1770640017241,Sentence shown,HVL_153_A,true,,,N/A,N/A,N/A,N/A,N/A,N/A,N/A
383,1770640021254,gap_time,N/A,true,,,GapTime_757,N/A,N/A,N/A,N/A,N/A,N/A
383,1770640022026,Sentence shown,HVL_139_A,true,,,N/A,N/A,N/A,N/A,N/A,N/A,N/A
383,1770640026036,gap_time,N/A,true,,,GapTime_1264,N/A,N/A,N/A,N/A,N/A,N/A
383,1770640027316,Sentence shown,HF_64_A,,,,N/A,N/A,N/A,N/A,N/A,N/A,N/A
383,1770640031320,gap_time,N/A,,,,GapTime_924,N/A,N/A,N/A,N/A,N/A,N/A
383,1770640032250,Sentence shown,LVH_133_A,true,,true,N/A,N/A,N/A,N/A,N/A,N/A,N/A
383,1770640036253,gap_time,N/A,true,,true,GapTime_1242,N/A,N/A,N/A,N/A,N/A,N/A
383,1770640037508,Sentence shown,HF_63_A,,,,N/A,N/A,N/A,N/A,N/A,N/A,N/A
383,1770640041520,gap_time,N/A,,,,GapTime_731,N/A,N/A,N/A,N/A,N/A,N/A
383,1770640042265,Sentence shown,HF_64_A,,true,true,N/A,N/A,N/A,N/A,N/A,N/A,N/A
383,1770640044148,Validation IR pressed,HF_64_A,,true,true,Spacebar,1,N/A,1883,N/A,N/A,N/A
383,1770640044148,IR pressed,HF_64_A,,true,true,Spacebar,1,N/A,1883,N/A,N/A,N/A
383,1770640044569,WR pressed,HF_64_A,,true,true,Yes,N/A,N/A,N/A,421,N/A,N/A
383,1770640044576,gap_time,N/A,,true,true,GapTime_1066,N/A,N/A,N/A,N/A,N/A,N/A
383,1770640045645,Sentence shown,HVL_153_P,true,,true,N/A,N/A,N/A,N/A,N/A,N/A,N/A
383,1770640048354,IR pressed,HVL_153_P,true,,true,Spacebar,1,N/A,2709,N/A,N/A,N/A
383,1770640048821,WR pressed,HVL_153_P,true,,true,No,N/A,1,N/A,467,N/A,N/A
383,1770640048822,gap_time,N/A,true,,true,GapTime_1224,N/A,N/A,N/A,N/A,N/A,N/A
383,1770640050047,Sentence shown,HF_39_A,,,,N/A,N/A,N/A,N/A,N/A,N/A,N/A
383,1770640054062,gap_time,N/A,,,,GapTime_1001,N/A,N/A,N/A,N/A,N/A,N/A
383,1770640055074,Sentence shown,HF_53_A,,,,N/A,N/A,N/A,N/A,N/A,N/A,N/A
383,1770640059090,gap_time,N/A,,,,GapTime_1239,N/A,N/A,N/A,N/A,N/A,N/A
383,1770640060345,Sentence shown,HF_43_A,,,,N/A,N/A,N/A,N/A,N/A,N/A,N/A
383,1770640064347,gap_time,N/A,,,,GapTime_891,N/A,N/A,N/A,N/A,N/A,N/A
383,1770640065244,Sentence shown,HF_55_A,,,,N/A,N/A,N/A,N/A,N/A,N/A,N/A
383,1770640069260,gap_time,N/A,,,,GapTime_780,N/A,N/A,N/A,N/A,N/A,N/A
383,1770640070047,Sentence shown,HVL_139_A,true,,true,N/A,N/A,N/A,N/A,N/A,N/A,N/A
383,1770640072070,IR pressed,HVL_139_A,true,,true,Spacebar,1,N/A,2023,N/A,N/A,N/A
383,1770640072499,WR pressed,HVL_139_A,true,,true,Yes,N/A,1,N/A,429,N/A,N/A
383,1770640072500,gap_time,N/A,true,,true,GapTime_1293,N/A,N/A,N/A,N/A,N/A,N/A
383,1770640073808,Sentence shown,HF_49_A,,,,N/A,N/A,N/A,N/A,N/A,N/A,N/A
383,1770640076125,Validation Wrong IR pressed,HF_49_A,,,,Spacebar,0,N/A,2317,N/A,N/A,N/A
383,1770640076125,IR pressed,HF_49_A,,,,Spacebar,0,N/A,2317,N/A,N/A,N/A
383,1770640076285,WR pressed,HF_49_A,,,,No,N/A,N/A,N/A,160,N/A,N/A
383,1770640076289,gap_time,N/A,,,,GapTime_700,N/A,N/A,N/A,N/A,N/A,N/A
383,1770640076992,Sentence shown,HF_50_A,,,,N/A,N/A,N/A,N/A,N/A,N/A,N/A
383,1770640080124,Validation Wrong IR pressed,HF_50_A,,,,Spacebar,0,N/A,3131,N/A,N/A,N/A
383,1770640080124,IR pressed,HF_50_A,,,,Spacebar,0,N/A,3131,N/A,N/A,N/A
383,1770640080713,WR pressed,HF_50_A,,,,No,N/A,N/A,N/A,589,N/A,N/A
383,1770640080714,gap_time,N/A,,,,GapTime_1074,N/A,N/A,N/A,N/A,N/A,N/A
383,1770640081792,Sentence shown,HF_49_A,,true,true,N/A,N/A,N/A,N/A,N/A,N/A,N/A
383,1770640083402,Validation IR pressed,HF_49_A,,true,true,Spacebar,1,N/A,1610,N/A,N/A,N/A
383,1770640083402,IR pressed,HF_49_A,,true,true,Spacebar,1,N/A,1610,N/A,N/A,N/A
383,1770640083640,WR pressed,HF_49_A,,true,true,Yes,N/A,N/A,N/A,238,N/A,N/A
383,1770640083641,gap_time,N/A,,true,true,GapTime_1202,N/A,N/A,N/A,N/A,N/A,N/A
383,1770640084844,Sentence shown,HF_47_A,,,,N/A,N/A,N/A,N/A,N/A,N/A,N/A
383,1770640088857,gap_time,N/A,,,,GapTime_858,N/A,N/A,N/A,N/A,N/A,N/A
383,1770640089726,Sentence shown,HF_46_A,,,,N/A,N/A,N/A,N/A,N/A,N/A,N/A
383,1770640093736,gap_time,N/A,,,,GapTime_1136,N/A,N/A,N/A,N/A,N/A,N/A
383,1770640094877,Sentence shown,HH_176_A,true,,,N/A,N/A,N/A,N/A,N/A,N/A,N/A
383,1770640098878,gap_time,N/A,true,,,GapTime_1247,N/A,N/A,N/A,N/A,N/A,N/A
383,1770640100126,Sentence shown,HF_41_A,,,,N/A,N/A,N/A,N/A,N/A,N/A,N/A
383,1770640102342,Validation Wrong IR pressed,HF_41_A,,,,Spacebar,0,N/A,2216,N/A,N/A,N/A
383,1770640102342,IR pressed,HF_41_A,,,,Spacebar,0,N/A,2216,N/A,N/A,N/A
383,1770640103042,WR pressed,HF_41_A,,,,No,N/A,N/A,N/A,700,N/A,N/A
383,1770640103048,gap_time,N/A,,,,GapTime_1163,N/A,N/A,N/A,N/A,N/A,N/A
383,1770640104226,Sentence shown,HF_46_A,,true,true,N/A,N/A,N/A,N/A,N/A,N/A,N/A
383,1770640107501,Validation IR pressed,HF_46_A,,true,true,Spacebar,1,N/A,3275,N/A,N/A,N/A
383,1770640107501,IR pressed,HF_46_A,,true,true,Spacebar,1,N/A,3275,N/A,N/A,N/A
383,1770640107807,WR pressed,HF_46_A,,true,true,Yes,N/A,N/A,N/A,306,N/A,N/A
383,1770640107810,gap_time,N/A,,true,true,GapTime_956,N/A,N/A,N/A,N/A,N/A,N/A
383,1770640108773,Sentence shown,HF_41_A,,true,true,N/A,N/A,N/A,N/A,N/A,N/A,N/A
383,1770640109993,Validation IR pressed,HF_41_A,,true,true,Spacebar,1,N/A,1220,N/A,N/A,N/A
383,1770640109993,IR pressed,HF_41_A,,true,true,Spacebar,1,N/A,1220,N/A,N/A,N/A
383,1770640110288,WR pressed,HF_41_A,,true,true,Yes,N/A,N/A,N/A,294,N/A,N/A
383,1770640110288,gap_time,N/A,,true,true,GapTime_1253,N/A,N/A,N/A,N/A,N/A,N/A
383,1770640111550,Sentence shown,HH_175_P,true,,,N/A,N/A,N/A,N/A,N/A,N/A,N/A
383,1770640115564,gap_time,N/A,true,,,GapTime_743,N/A,N/A,N/A,N/A,N/A,N/A
383,1770640116312,Sentence shown,HF_56_A,,,,N/A,N/A,N/A,N/A,N/A,N/A,N/A
383,1770640120322,gap_time,N/A,,,,GapTime_929,N/A,N/A,N/A,N/A,N/A,N/A
383,1770640121255,Sentence shown,HH_176_P,true,,true,N/A,N/A,N/A,N/A,N/A,N/A,N/A
383,1770640122995,IR pressed,HH_176_P,true,,true,Spacebar,1,N/A,1740,N/A,N/A,N/A
383,1770640123213,WR pressed,HH_176_P,true,,true,Yes,N/A,0,N/A,218,N/A,N/A
383,1770640123220,gap_time,N/A,true,,true,GapTime_954,N/A,N/A,N/A,N/A,N/A,N/A
383,1770640124189,Sentence shown,HVL_116_P,true,,,N/A,N/A,N/A,N/A,N/A,N/A,N/A
383,1770640128191,gap_time,N/A,true,,,GapTime_1001,N/A,N/A,N/A,N/A,N/A,N/A
383,1770640129195,Sentence shown,HF_56_A,,true,true,N/A,N/A,N/A,N/A,N/A,N/A,N/A
383,1770640131329,Validation IR pressed,HF_56_A,,true,true,Spacebar,1,N/A,2134,N/A,N/A,N/A
383,1770640131329,IR pressed,HF_56_A,,true,true,Spacebar,1,N/A,2134,N/A,N/A,N/A
383,1770640131627,WR pressed,HF_56_A,,true,true,Yes,N/A,N/A,N/A,298,N/A,N/A
383,1770640131634,gap_time,N/A,,true,true,GapTime_1221,N/A,N/A,N/A,N/A,N/A,N/A
383,1770640132862,Sentence shown,HF_59_A,,,,N/A,N/A,N/A,N/A,N/A,N/A,N/A
383,1770640136863,gap_time,N/A,,,,GapTime_1104,N/A,N/A,N/A,N/A,N/A,N/A
383,1770640137974,Sentence shown,HH_175_P,true,,true,N/A,N/A,N/A,N/A,N/A,N/A,N/A
383,1770640140862,IR pressed,HH_175_P,true,,true,Spacebar,1,N/A,2888,N/A,N/A,N/A
383,1770640141544,WR pressed,HH_175_P,true,,true,No,N/A,0,N/A,682,N/A,N/A
383,1770640141545,gap_time,N/A,true,,true,GapTime_1058,N/A,N/A,N/A,N/A,N/A,N/A
383,1770640142609,Sentence shown,HVL_116_A,true,,true,N/A,N/A,N/A,N/A,N/A,N/A,N/A
383,1770640145221,IR pressed,HVL_116_A,true,,true,Spacebar,1,N/A,2612,N/A,N/A,N/A
383,1770640145515,WR pressed,HVL_116_A,true,,true,No,N/A,1,N/A,294,N/A,N/A
383,1770640145516,gap_time,N/A,true,,true,GapTime_755,N/A,N/A,N/A,N/A,N/A,N/A
383,1770640146276,Rest Phase started,N/A,true,,true,Rest,N/A,N/A,N/A,N/A,N/A,N/A
383,1770640254077,Sentence shown,HF_69_A,,,,N/A,N/A,N/A,N/A,N/A,N/A,N/A
383,1770640258091,gap_time,N/A,,,,GapTime_887,N/A,N/A,N/A,N/A,N/A,N/A
383,1770640258980,Sentence shown,HF_67_A,,,,N/A,N/A,N/A,N/A,N/A,N/A,N/A
383,1770640262990,gap_time,N/A,,,,GapTime_921,N/A,N/A,N/A,N/A,N/A,N/A
383,1770640263921,Sentence shown,HF_83_A,,,,N/A,N/A,N/A,N/A,N/A,N/A,N/A
383,1770640267938,gap_time,N/A,,,,GapTime_956,N/A,N/A,N/A,N/A,N/A,N/A
383,1770640268906,Sentence shown,HF_69_A,,true,true,N/A,N/A,N/A,N/A,N/A,N/A,N/A
383,1770640270669,Validation IR pressed,HF_69_A,,true,true,Spacebar,1,N/A,1763,N/A,N/A,N/A
383,1770640270669,IR pressed,HF_69_A,,true,true,Spacebar,1,N/A,1763,N/A,N/A,N/A
383,1770640271069,WR pressed,HF_69_A,,true,true,Yes,N/A,N/A,N/A,399,N/A,N/A
383,1770640271075,gap_time,N/A,,true,true,GapTime_1193,N/A,N/A,N/A,N/A,N/A,N/A
383,1770640272281,Sentence shown,HF_81_A,,,,N/A,N/A,N/A,N/A,N/A,N/A,N/A
383,1770640276297,gap_time,N/A,,,,GapTime_984,N/A,N/A,N/A,N/A,N/A,N/A
383,1770640277291,Sentence shown,HVL_121_P,true,,,N/A,N/A,N/A,N/A,N/A,N/A,N/A
383,1770640281306,gap_time,N/A,true,,,GapTime_820,N/A,N/A,N/A,N/A,N/A,N/A
383,1770640282135,Sentence shown,LVL_108_P,true,,,N/A,N/A,N/A,N/A,N/A,N/A,N/A
383,1770640286144,gap_time,N/A,true,,,GapTime_984,N/A,N/A,N/A,N/A,N/A,N/A
383,1770640287142,Sentence shown,HF_85_A,,,,N/A,N/A,N/A,N/A,N/A,N/A,N/A
383,1770640291152,gap_time,N/A,,,,GapTime_805,N/A,N/A,N/A,N/A,N/A,N/A
383,1770640291964,Sentence shown,HF_93_A,,,,N/A,N/A,N/A,N/A,N/A,N/A,N/A
383,1770640295970,gap_time,N/A,,,,GapTime_1213,N/A,N/A,N/A,N/A,N/A,N/A
383,1770640297199,Sentence shown,HF_79_A,,,,N/A,N/A,N/A,N/A,N/A,N/A,N/A
383,1770640301207,gap_time,N/A,,,,GapTime_962,N/A,N/A,N/A,N/A,N/A,N/A
383,1770640302186,Sentence shown,HF_76_A,,,,N/A,N/A,N/A,N/A,N/A,N/A,N/A
383,1770640306188,gap_time,N/A,,,,GapTime_1166,N/A,N/A,N/A,N/A,N/A,N/A
383,1770640307359,Sentence shown,LVL_108_P,true,,true,N/A,N/A,N/A,N/A,N/A,N/A,N/A
383,1770640310869,IR pressed,LVL_108_P,true,,true,Spacebar,1,N/A,3510,N/A,N/A,N/A
383,1770640311675,WR pressed,LVL_108_P,true,,true,No,N/A,0,N/A,806,N/A,N/A
383,1770640311676,gap_time,N/A,true,,true,GapTime_1081,N/A,N/A,N/A,N/A,N/A,N/A
383,1770640312762,Sentence shown,HF_79_A,,true,true,N/A,N/A,N/A,N/A,N/A,N/A,N/A
383,1770640316111,Validation IR pressed,HF_79_A,,true,true,Spacebar,1,N/A,3349,N/A,N/A,N/A
383,1770640316111,IR pressed,HF_79_A,,true,true,Spacebar,1,N/A,3349,N/A,N/A,N/A
383,1770640316298,WR pressed,HF_79_A,,true,true,Yes,N/A,N/A,N/A,187,N/A,N/A
383,1770640316299,gap_time,N/A,,true,true,GapTime_963,N/A,N/A,N/A,N/A,N/A,N/A
383,1770640317277,Sentence shown,LVH_146_A,true,,,N/A,N/A,N/A,N/A,N/A,N/A,N/A
383,1770640321283,gap_time,N/A,true,,,GapTime_985,N/A,N/A,N/A,N/A,N/A,N/A
383,1770640322282,Sentence shown,HVL_121_A,true,,true,N/A,N/A,N/A,N/A,N/A,N/A,N/A
383,1770640325294,IR pressed,HVL_121_A,true,,true,Spacebar,1,N/A,3012,N/A,N/A,N/A
383,1770640325764,WR pressed,HVL_121_A,true,,true,No,N/A,1,N/A,470,N/A,N/A
383,1770640325771,gap_time,N/A,true,,true,GapTime_1080,N/A,N/A,N/A,N/A,N/A,N/A
383,1770640326866,Sentence shown,HF_68_A,,,,N/A,N/A,N/A,N/A,N/A,N/A,N/A
383,1770640330879,gap_time,N/A,,,,GapTime_805,N/A,N/A,N/A,N/A,N/A,N/A
383,1770640331701,Sentence shown,HVL_163_A,true,,,N/A,N/A,N/A,N/A,N/A,N/A,N/A
383,1770640335716,gap_time,N/A,true,,,GapTime_1070,N/A,N/A,N/A,N/A,N/A,N/A
383,1770640336787,Sentence shown,HF_89_A,,,,N/A,N/A,N/A,N/A,N/A,N/A,N/A
383,1770640340792,gap_time,N/A,,,,GapTime_820,N/A,N/A,N/A,N/A,N/A,N/A
383,1770640341618,Sentence shown,HVL_129_A,true,,,N/A,N/A,N/A,N/A,N/A,N/A,N/A
383,1770640345629,gap_time,N/A,true,,,GapTime_1272,N/A,N/A,N/A,N/A,N/A,N/A
383,1770640346907,Sentence shown,HF_97_A,,,,N/A,N/A,N/A,N/A,N/A,N/A,N/A
383,1770640350909,gap_time,N/A,,,,GapTime_1201,N/A,N/A,N/A,N/A,N/A,N/A
383,1770640352112,Sentence shown,HF_89_A,,true,true,N/A,N/A,N/A,N/A,N/A,N/A,N/A
383,1770640354343,Validation IR pressed,HF_89_A,,true,true,Spacebar,1,N/A,2231,N/A,N/A,N/A
383,1770640354343,IR pressed,HF_89_A,,true,true,Spacebar,1,N/A,2231,N/A,N/A,N/A
383,1770640355189,WR pressed,HF_89_A,,true,true,Yes,N/A,N/A,N/A,846,N/A,N/A
383,1770640355196,gap_time,N/A,,true,true,GapTime_864,N/A,N/A,N/A,N/A,N/A,N/A
383,1770640356062,Sentence shown,HF_84_A,,,,N/A,N/A,N/A,N/A,N/A,N/A,N/A
383,1770640360073,gap_time,N/A,,,,GapTime_821,N/A,N/A,N/A,N/A,N/A,N/A
383,1770640360903,Sentence shown,HVL_163_A,true,,true,N/A,N/A,N/A,N/A,N/A,N/A,N/A
383,1770640362703,IR pressed,HVL_163_A,true,,true,Spacebar,1,N/A,1800,N/A,N/A,N/A
383,1770640362883,WR pressed,HVL_163_A,true,,true,Yes,N/A,1,N/A,180,N/A,N/A
383,1770640362887,gap_time,N/A,true,,true,GapTime_1044,N/A,N/A,N/A,N/A,N/A,N/A
383,1770640363937,Sentence shown,HF_84_A,,true,true,N/A,N/A,N/A,N/A,N/A,N/A,N/A
383,1770640365365,Validation IR pressed,HF_84_A,,true,true,Spacebar,1,N/A,1428,N/A,N/A,N/A
383,1770640365365,IR pressed,HF_84_A,,true,true,Spacebar,1,N/A,1428,N/A,N/A,N/A
383,1770640365526,WR pressed,HF_84_A,,true,true,Yes,N/A,N/A,N/A,161,N/A,N/A
383,1770640365526,gap_time,N/A,,true,true,GapTime_965,N/A,N/A,N/A,N/A,N/A,N/A
383,1770640366499,Sentence shown,HH_180_P,true,,,N/A,N/A,N/A,N/A,N/A,N/A,N/A
383,1770640370507,gap_time,N/A,true,,,GapTime_964,N/A,N/A,N/A,N/A,N/A,N/A
383,1770640371490,Sentence shown,LVH_146_P,true,,true,N/A,N/A,N/A,N/A,N/A,N/A,N/A
383,1770640373630,IR pressed,LVH_146_P,true,,true,Spacebar,1,N/A,2140,N/A,N/A,N/A
383,1770640373847,WR pressed,LVH_146_P,true,,true,No,N/A,1,N/A,217,N/A,N/A
383,1770640373847,gap_time,N/A,true,,true,GapTime_1067,N/A,N/A,N/A,N/A,N/A,N/A
383,1770640374925,Sentence shown,HF_94_A,,,,N/A,N/A,N/A,N/A,N/A,N/A,N/A
383,1770640378936,gap_time,N/A,,,,GapTime_805,N/A,N/A,N/A,N/A,N/A,N/A
383,1770640379744,Sentence shown,HF_91_A,,,,N/A,N/A,N/A,N/A,N/A,N/A,N/A
383,1770640383746,gap_time,N/A,,,,GapTime_1248,N/A,N/A,N/A,N/A,N/A,N/A
383,1770640385006,Sentence shown,LVH_104_A,true,,,N/A,N/A,N/A,N/A,N/A,N/A,N/A
383,1770640389021,gap_time,N/A,true,,,GapTime_1217,N/A,N/A,N/A,N/A,N/A,N/A
383,1770640390241,Sentence shown,HVL_129_P,true,,true,N/A,N/A,N/A,N/A,N/A,N/A,N/A
383,1770640394254,gap_time,N/A,true,,true,GapTime_831,N/A,N/A,N/A,N/A,N/A,N/A
383,1770640395094,Sentence shown,HF_66_A,,,,N/A,N/A,N/A,N/A,N/A,N/A,N/A
383,1770640399099,gap_time,N/A,,,,GapTime_1100,N/A,N/A,N/A,N/A,N/A,N/A
383,1770640400210,Sentence shown,HF_66_A,,true,true,N/A,N/A,N/A,N/A,N/A,N/A,N/A
383,1770640402261,Validation IR pressed,HF_66_A,,true,true,Spacebar,1,N/A,2051,N/A,N/A,N/A
383,1770640402261,IR pressed,HF_66_A,,true,true,Spacebar,1,N/A,2051,N/A,N/A,N/A
383,1770640402374,WR pressed,HF_66_A,,true,true,Yes,N/A,N/A,N/A,113,N/A,N/A
383,1770640402375,gap_time,N/A,,true,true,GapTime_1243,N/A,N/A,N/A,N/A,N/A,N/A
383,1770640403623,Sentence shown,HH_180_P,true,,true,N/A,N/A,N/A,N/A,N/A,N/A,N/A
383,1770640405124,IR pressed,HH_180_P,true,,true,Spacebar,1,N/A,1501,N/A,N/A,N/A
383,1770640405266,WR pressed,HH_180_P,true,,true,Yes,N/A,1,N/A,142,N/A,N/A
383,1770640405267,gap_time,N/A,true,,true,GapTime_1040,N/A,N/A,N/A,N/A,N/A,N/A
383,1770640406323,Sentence shown,HH_187_A,true,,,N/A,N/A,N/A,N/A,N/A,N/A,N/A
383,1770640410339,gap_time,N/A,true,,,GapTime_963,N/A,N/A,N/A,N/A,N/A,N/A
383,1770640411305,Sentence shown,HF_95_A,,,,N/A,N/A,N/A,N/A,N/A,N/A,N/A
383,1770640415315,gap_time,N/A,,,,GapTime_773,N/A,N/A,N/A,N/A,N/A,N/A
383,1770640416100,Sentence shown,HH_138_A,true,,,N/A,N/A,N/A,N/A,N/A,N/A,N/A
383,1770640420105,gap_time,N/A,true,,,GapTime_1013,N/A,N/A,N/A,N/A,N/A,N/A
383,1770640421123,Sentence shown,HF_95_A,,true,true,N/A,N/A,N/A,N/A,N/A,N/A,N/A
383,1770640423162,Validation IR pressed,HF_95_A,,true,true,Spacebar,1,N/A,2038,N/A,N/A,N/A
383,1770640423162,IR pressed,HF_95_A,,true,true,Spacebar,1,N/A,2038,N/A,N/A,N/A
383,1770640423429,WR pressed,HF_95_A,,true,true,Yes,N/A,N/A,N/A,267,N/A,N/A
383,1770640423430,gap_time,N/A,,true,true,GapTime_806,N/A,N/A,N/A,N/A,N/A,N/A
383,1770640424241,Sentence shown,HF_70_A,,,,N/A,N/A,N/A,N/A,N/A,N/A,N/A
383,1770640426840,Validation Wrong IR pressed,HF_70_A,,,,Spacebar,0,N/A,2599,N/A,N/A,N/A
383,1770640426840,IR pressed,HF_70_A,,,,Spacebar,0,N/A,2599,N/A,N/A,N/A
383,1770640427006,WR pressed,HF_70_A,,,,No,N/A,N/A,N/A,166,N/A,N/A
383,1770640427012,gap_time,N/A,,,,GapTime_984,N/A,N/A,N/A,N/A,N/A,N/A
383,1770640428000,Sentence shown,HF_96_A,,,,N/A,N/A,N/A,N/A,N/A,N/A,N/A
383,1770640432006,gap_time,N/A,,,,GapTime_1031,N/A,N/A,N/A,N/A,N/A,N/A
383,1770640433040,Sentence shown,LVH_104_A,true,,true,N/A,N/A,N/A,N/A,N/A,N/A,N/A
383,1770640435450,IR pressed,LVH_104_A,true,,true,Spacebar,1,N/A,2410,N/A,N/A,N/A
383,1770640435564,WR pressed,LVH_104_A,true,,true,Yes,N/A,1,N/A,114,N/A,N/A
383,1770640435565,gap_time,N/A,true,,true,GapTime_784,N/A,N/A,N/A,N/A,N/A,N/A
383,1770640436361,Sentence shown,HH_187_P,true,,true,N/A,N/A,N/A,N/A,N/A,N/A,N/A
383,1770640439838,IR pressed,HH_187_P,true,,true,Spacebar,1,N/A,3477,N/A,N/A,N/A
383,1770640440189,WR pressed,HH_187_P,true,,true,No,N/A,1,N/A,351,N/A,N/A
383,1770640440189,gap_time,N/A,true,,true,GapTime_970,N/A,N/A,N/A,N/A,N/A,N/A
383,1770640441171,Sentence shown,HF_80_A,,,,N/A,N/A,N/A,N/A,N/A,N/A,N/A
383,1770640445176,gap_time,N/A,,,,GapTime_1195,N/A,N/A,N/A,N/A,N/A,N/A
383,1770640446388,Sentence shown,HF_78_A,,,,N/A,N/A,N/A,N/A,N/A,N/A,N/A
383,1770640450394,gap_time,N/A,,,,GapTime_991,N/A,N/A,N/A,N/A,N/A,N/A
383,1770640451399,Sentence shown,HF_80_A,,true,true,N/A,N/A,N/A,N/A,N/A,N/A,N/A
383,1770640453106,Validation IR pressed,HF_80_A,,true,true,Spacebar,1,N/A,1707,N/A,N/A,N/A
383,1770640453106,IR pressed,HF_80_A,,true,true,Spacebar,1,N/A,1707,N/A,N/A,N/A
383,1770640453360,WR pressed,HF_80_A,,true,true,Yes,N/A,N/A,N/A,254,N/A,N/A
383,1770640453365,gap_time,N/A,,true,true,GapTime_1130,N/A,N/A,N/A,N/A,N/A,N/A
383,1770640454507,Sentence shown,HF_73_A,,,,N/A,N/A,N/A,N/A,N/A,N/A,N/A
383,1770640458508,gap_time,N/A,,,,GapTime_752,N/A,N/A,N/A,N/A,N/A,N/A
383,1770640459277,Sentence shown,HF_72_A,,,,N/A,N/A,N/A,N/A,N/A,N/A,N/A
383,1770640463280,gap_time,N/A,,,,GapTime_755,N/A,N/A,N/A,N/A,N/A,N/A
383,1770640464048,Sentence shown,HF_82_A,,,,N/A,N/A,N/A,N/A,N/A,N/A,N/A
383,1770640468063,gap_time,N/A,,,,GapTime_1162,N/A,N/A,N/A,N/A,N/A,N/A
383,1770640469239,Sentence shown,HH_138_A,true,,true,N/A,N/A,N/A,N/A,N/A,N/A,N/A
383,1770640472446,IR pressed,HH_138_A,true,,true,Spacebar,1,N/A,3207,N/A,N/A,N/A
383,1770640473392,WR pressed,HH_138_A,true,,true,No,N/A,0,N/A,946,N/A,N/A
383,1770640473399,gap_time,N/A,true,,true,GapTime_938,N/A,N/A,N/A,N/A,N/A,N/A
383,1770640474341,Sentence shown,HF_87_A,,,,N/A,N/A,N/A,N/A,N/A,N/A,N/A
383,1770640478343,gap_time,N/A,,,,GapTime_953,N/A,N/A,N/A,N/A,N/A,N/A
383,1770640479311,Sentence shown,LVH_126_P,true,,,N/A,N/A,N/A,N/A,N/A,N/A,N/A
383,1770640483324,gap_time,N/A,true,,,GapTime_812,N/A,N/A,N/A,N/A,N/A,N/A
383,1770640484145,Sentence shown,HF_88_A,,,,N/A,N/A,N/A,N/A,N/A,N/A,N/A
383,1770640488158,gap_time,N/A,,,,GapTime_816,N/A,N/A,N/A,N/A,N/A,N/A
383,1770640488978,Sentence shown,HF_87_A,,true,true,N/A,N/A,N/A,N/A,N/A,N/A,N/A
383,1770640490615,Validation IR pressed,HF_87_A,,true,true,Spacebar,1,N/A,1637,N/A,N/A,N/A
383,1770640490615,IR pressed,HF_87_A,,true,true,Spacebar,1,N/A,1637,N/A,N/A,N/A
383,1770640490851,WR pressed,HF_87_A,,true,true,Yes,N/A,N/A,N/A,236,N/A,N/A
383,1770640490858,gap_time,N/A,,true,true,GapTime_830,N/A,N/A,N/A,N/A,N/A,N/A
383,1770640491703,Sentence shown,LVL_130_P,true,,,N/A,N/A,N/A,N/A,N/A,N/A,N/A
383,1770640495704,gap_time,N/A,true,,,GapTime_948,N/A,N/A,N/A,N/A,N/A,N/A
383,1770640496653,Sentence shown,HF_74_A,,,,N/A,N/A,N/A,N/A,N/A,N/A,N/A
383,1770640500666,gap_time,N/A,,,,GapTime_1175,N/A,N/A,N/A,N/A,N/A,N/A
383,1770640501843,Sentence shown,LVH_126_P,true,,true,N/A,N/A,N/A,N/A,N/A,N/A,N/A
383,1770640503980,IR pressed,LVH_126_P,true,,true,Spacebar,1,N/A,2137,N/A,N/A,N/A
383,1770640505018,WR pressed,LVH_126_P,true,,true,No,N/A,0,N/A,1038,N/A,N/A
383,1770640505025,gap_time,N/A,true,,true,GapTime_716,N/A,N/A,N/A,N/A,N/A,N/A
383,1770640505755,Sentence shown,HF_86_A,,,,N/A,N/A,N/A,N/A,N/A,N/A,N/A
383,1770640508435,Validation Wrong IR pressed,HF_86_A,,,,Spacebar,0,N/A,2680,N/A,N/A,N/A
383,1770640508435,IR pressed,HF_86_A,,,,Spacebar,0,N/A,2680,N/A,N/A,N/A
383,1770640508622,WR pressed,HF_86_A,,,,No,N/A,N/A,N/A,187,N/A,N/A
383,1770640508629,gap_time,N/A,,,,GapTime_1095,N/A,N/A,N/A,N/A,N/A,N/A
383,1770640509731,Sentence shown,HF_92_A,,,,N/A,N/A,N/A,N/A,N/A,N/A,N/A
383,1770640511835,Validation Wrong IR pressed,HF_92_A,,,,Spacebar,0,N/A,2104,N/A,N/A,N/A
383,1770640511835,IR pressed,HF_92_A,,,,Spacebar,0,N/A,2104,N/A,N/A,N/A
383,1770640512048,WR pressed,HF_92_A,,,,Yes,N/A,N/A,N/A,213,N/A,N/A
383,1770640512048,gap_time,N/A,,,,GapTime_1292,N/A,N/A,N/A,N/A,N/A,N/A
383,1770640513348,Sentence shown,LVL_130_A,true,,true,N/A,N/A,N/A,N/A,N/A,N/A,N/A
383,1770640514952,IR pressed,LVL_130_A,true,,true,Spacebar,1,N/A,1604,N/A,N/A,N/A
383,1770640515521,WR pressed,LVL_130_A,true,,true,Yes,N/A,0,N/A,569,N/A,N/A
383,1770640515522,gap_time,N/A,true,,true,GapTime_708,N/A,N/A,N/A,N/A,N/A,N/A
383,1770640516240,Sentence shown,HF_90_A,,,,N/A,N/A,N/A,N/A,N/A,N/A,N/A
383,1770640519348,Validation Wrong IR pressed,HF_90_A,,,,Spacebar,0,N/A,3107,N/A,N/A,N/A
383,1770640519348,IR pressed,HF_90_A,,,,Spacebar,0,N/A,3107,N/A,N/A,N/A
383,1770640520019,WR pressed,HF_90_A,,,,Yes,N/A,N/A,N/A,671,N/A,N/A
383,1770640520022,gap_time,N/A,,,,GapTime_803,N/A,N/A,N/A,N/A,N/A,N/A
383,1770640520839,Sentence shown,HF_92_A,,true,true,N/A,N/A,N/A,N/A,N/A,N/A,N/A
383,1770640522007,Validation IR pressed,HF_92_A,,true,true,Spacebar,1,N/A,1167,N/A,N/A,N/A
383,1770640522007,IR pressed,HF_92_A,,true,true,Spacebar,1,N/A,1167,N/A,N/A,N/A
383,1770640522386,WR pressed,HF_92_A,,true,true,Yes,N/A,N/A,N/A,379,N/A,N/A
383,1770640522386,gap_time,N/A,,true,true,GapTime_977,N/A,N/A,N/A,N/A,N/A,N/A
383,1770640523373,Sentence shown,LVL_110_A,true,,,N/A,N/A,N/A,N/A,N/A,N/A,N/A
383,1770640527382,gap_time,N/A,true,,,GapTime_996,N/A,N/A,N/A,N/A,N/A,N/A
383,1770640528394,Sentence shown,HF_75_A,,,,N/A,N/A,N/A,N/A,N/A,N/A,N/A
383,1770640532414,gap_time,N/A,,,,GapTime_716,N/A,N/A,N/A,N/A,N/A,N/A
383,1770640533145,Sentence shown,HVL_110_P,true,,,N/A,N/A,N/A,N/A,N/A,N/A,N/A
383,1770640537155,gap_time,N/A,true,,,GapTime_853,N/A,N/A,N/A,N/A,N/A,N/A
383,1770640538018,Sentence shown,HF_75_A,,true,true,N/A,N/A,N/A,N/A,N/A,N/A,N/A
383,1770640539090,Validation IR pressed,HF_75_A,,true,true,Spacebar,1,N/A,1072,N/A,N/A,N/A
383,1770640539090,IR pressed,HF_75_A,,true,true,Spacebar,1,N/A,1072,N/A,N/A,N/A
383,1770640539326,WR pressed,HF_75_A,,true,true,Yes,N/A,N/A,N/A,236,N/A,N/A
383,1770640539326,gap_time,N/A,,true,true,GapTime_762,N/A,N/A,N/A,N/A,N/A,N/A
383,1770640540101,Sentence shown,HF_71_A,,,,N/A,N/A,N/A,N/A,N/A,N/A,N/A
383,1770640544107,gap_time,N/A,,,,GapTime_1295,N/A,N/A,N/A,N/A,N/A,N/A
383,1770640545410,Sentence shown,LVH_116_P,true,,,N/A,N/A,N/A,N/A,N/A,N/A,N/A
383,1770640549271,Validation Wrong IR pressed,LVH_116_P,true,,,Spacebar,0,N/A,3861,N/A,N/A,N/A
383,1770640549271,IR pressed,LVH_116_P,true,,,Spacebar,0,N/A,3861,N/A,N/A,N/A
383,1770640550127,WR pressed,LVH_116_P,true,,,No,N/A,1,N/A,856,N/A,N/A
383,1770640550134,gap_time,N/A,true,,,GapTime_1164,N/A,N/A,N/A,N/A,N/A,N/A
383,1770640551314,Sentence shown,HF_77_A,,,,N/A,N/A,N/A,N/A,N/A,N/A,N/A
383,1770640555322,gap_time,N/A,,,,GapTime_1108,N/A,N/A,N/A,N/A,N/A,N/A
383,1770640556432,Sentence shown,HH_165_P,true,,,N/A,N/A,N/A,N/A,N/A,N/A,N/A
383,1770640560438,gap_time,N/A,true,,,GapTime_894,N/A,N/A,N/A,N/A,N/A,N/A
383,1770640561343,Sentence shown,LVL_117_A,true,,,N/A,N/A,N/A,N/A,N/A,N/A,N/A
383,1770640565356,gap_time,N/A,true,,,GapTime_1267,N/A,N/A,N/A,N/A,N/A,N/A
383,1770640566627,Sentence shown,LVL_110_A,true,,true,N/A,N/A,N/A,N/A,N/A,N/A,N/A
383,1770640568369,IR pressed,LVL_110_A,true,,true,Spacebar,1,N/A,1741,N/A,N/A,N/A
383,1770640568937,WR pressed,LVL_110_A,true,,true,Yes,N/A,1,N/A,567,N/A,N/A
383,1770640568937,gap_time,N/A,true,,true,GapTime_716,N/A,N/A,N/A,N/A,N/A,N/A
383,1770640569661,Sentence shown,HVL_110_P,true,,true,N/A,N/A,N/A,N/A,N/A,N/A,N/A
383,1770640573157,IR pressed,HVL_110_P,true,,true,Spacebar,1,N/A,3496,N/A,N/A,N/A
383,1770640573328,WR pressed,HVL_110_P,true,,true,Yes,N/A,1,N/A,171,N/A,N/A
383,1770640573335,gap_time,N/A,true,,true,GapTime_1008,N/A,N/A,N/A,N/A,N/A,N/A
383,1770640574352,Sentence shown,LVH_116_A,true,,true,N/A,N/A,N/A,N/A,N/A,N/A,N/A
383,1770640575823,IR pressed,LVH_116_A,true,,true,Spacebar,1,N/A,1471,N/A,N/A,N/A
383,1770640575955,WR pressed,LVH_116_A,true,,true,Yes,N/A,0,N/A,132,N/A,N/A
383,1770640575956,gap_time,N/A,true,,true,GapTime_702,N/A,N/A,N/A,N/A,N/A,N/A
383,1770640576661,Sentence shown,HH_165_A,true,,true,N/A,N/A,N/A,N/A,N/A,N/A,N/A
383,1770640578461,IR pressed,HH_165_A,true,,true,Spacebar,1,N/A,1800,N/A,N/A,N/A
383,1770640578668,WR pressed,HH_165_A,true,,true,No,N/A,1,N/A,207,N/A,N/A
383,1770640578675,gap_time,N/A,true,,true,GapTime_1290,N/A,N/A,N/A,N/A,N/A,N/A
383,1770640579977,Sentence shown,LVL_117_P,true,,true,N/A,N/A,N/A,N/A,N/A,N/A,N/A
383,1770640582580,IR pressed,LVL_117_P,true,,true,Spacebar,1,N/A,2603,N/A,N/A,N/A
383,1770640583398,WR pressed,LVL_117_P,true,,true,Yes,N/A,0,N/A,818,N/A,N/A
383,1770640583405,gap_time,N/A,true,,true,GapTime_1223,N/A,N/A,N/A,N/A,N/A,N/A
