participant_ID,Timestamp,Event,Stimulus,isTarget,isValidation,isRepeat,Button,Accuracy IR,Accuracy WR,Reaction_time_IR,Reaction_time_WR,CR_IR,CR_WR
384,1770619819711,Practice Sentence shown,HL_50_A,,,,N/A,N/A,N/A,N/A,N/A,N/A,N/A
384,1770619825225,Practice Sentence shown,HL_100_A,,,,N/A,N/A,N/A,N/A,N/A,N/A,N/A
384,1770619830749,Practice Sentence shown,HH_131_A,true,,,N/A,N/A,N/A,N/A,N/A,N/A,N/A
384,1770619836263,Practice Sentence shown,HL_96_A,,,,N/A,N/A,N/A,N/A,N/A,N/A,N/A
384,1770619841779,Practice Sentence shown,HH_134_A,true,,,N/A,N/A,N/A,N/A,N/A,N/A,N/A
384,1770619847293,Practice Sentence shown,HL_95_A,,,,N/A,N/A,N/A,N/A,N/A,N/A,N/A
384,1770619852812,Practice Sentence shown,HL_55_A,,,,N/A,N/A,N/A,N/A,N/A,N/A,N/A
384,1770619858336,Practice Sentence shown,HL_69_A,,,,N/A,N/A,N/A,N/A,N/A,N/A,N/A
384,1770619863860,Practice Sentence shown,HL_93_A,,,,N/A,N/A,N/A,N/A,N/A,N/A,N/A
384,1770619869372,Practice Sentence shown,HH_131_A,true,,true,N/A,N/A,N/A,N/A,N/A,N/A,N/A
384,1770619871328,Practice IR pressed,HH_131_A,true,,true,Spacebar,1,N/A,1956,N/A,N/A,N/A
384,1770619875538,Practice WR pressed,HH_131_A,true,,true,Yes,N/A,1,N/A,4209,N/A,N/A
384,1770619877057,Practice Sentence shown,HH_121_A,true,,,N/A,N/A,N/A,N/A,N/A,N/A,N/A
384,1770619882577,Practice Sentence shown,HH_134_P,true,,true,N/A,N/A,N/A,N/A,N/A,N/A,N/A
384,1770619886581,Practice Missed,HH_134_P,true,,true,None,0,N/A,N/A,N/A,N/A,N/A
384,1770619895740,Practice Sentence shown,HL_65_A,,,,N/A,N/A,N/A,N/A,N/A,N/A,N/A
384,1770619901263,Practice Sentence shown,HH_132_A,true,,,N/A,N/A,N/A,N/A,N/A,N/A,N/A
384,1770619906778,Practice Sentence shown,HH_135_A,true,,,N/A,N/A,N/A,N/A,N/A,N/A,N/A
384,1770619912285,Practice Sentence shown,HL_86_A,,,,N/A,N/A,N/A,N/A,N/A,N/A,N/A
384,1770619917800,Practice Sentence shown,HH_121_A,true,,true,N/A,N/A,N/A,N/A,N/A,N/A,N/A
384,1770619921808,Practice Missed,HH_121_A,true,,true,None,0,N/A,N/A,N/A,N/A,N/A
384,1770619925640,Practice Sentence shown,HL_22_A,,,,N/A,N/A,N/A,N/A,N/A,N/A,N/A
384,1770619931150,Practice Sentence shown,HH_135_P,true,,true,N/A,N/A,N/A,N/A,N/A,N/A,N/A
384,1770619932534,Practice IR pressed,HH_135_P,true,,true,Spacebar,1,N/A,1384,N/A,N/A,N/A
384,1770619935161,Practice WR pressed,HH_135_P,true,,true,No,N/A,1,N/A,2627,N/A,N/A
384,1770619936663,Practice Sentence shown,HH_132_P,true,,true,N/A,N/A,N/A,N/A,N/A,N/A,N/A
384,1770619939103,Practice IR pressed,HH_132_P,true,,true,Spacebar,1,N/A,2440,N/A,N/A,N/A
384,1770619945690,Practice WR pressed,HH_132_P,true,,true,No,N/A,1,N/A,6587,N/A,N/A
384,1770619974331,Sentence shown,HVL_107_A,true,,,N/A,N/A,N/A,N/A,N/A,N/A,N/A
384,1770619978345,gap_time,N/A,true,,,GapTime_1126,N/A,N/A,N/A,N/A,N/A,N/A
384,1770619979481,Sentence shown,HF_16_A,,,,N/A,N/A,N/A,N/A,N/A,N/A,N/A
384,1770619983487,gap_time,N/A,,,,GapTime_1072,N/A,N/A,N/A,N/A,N/A,N/A
384,1770619984566,Sentence shown,HF_16_A,,true,true,N/A,N/A,N/A,N/A,N/A,N/A,N/A
384,1770619985361,Validation IR pressed,HF_16_A,,true,true,Spacebar,1,N/A,795,N/A,N/A,N/A
384,1770619985361,IR pressed,HF_16_A,,true,true,Spacebar,1,N/A,795,N/A,N/A,N/A
384,1770619986832,WR pressed,HF_16_A,,true,true,Yes,N/A,N/A,N/A,1471,N/A,N/A
384,1770619986832,gap_time,N/A,,true,true,GapTime_878,N/A,N/A,N/A,N/A,N/A,N/A
384,1770619987716,Sentence shown,HH_158_A,true,,,N/A,N/A,N/A,N/A,N/A,N/A,N/A
384,1770619991731,gap_time,N/A,true,,,GapTime_725,N/A,N/A,N/A,N/A,N/A,N/A
384,1770619992470,Sentence shown,HVL_118_P,true,,,N/A,N/A,N/A,N/A,N/A,N/A,N/A
384,1770619996484,gap_time,N/A,true,,,GapTime_870,N/A,N/A,N/A,N/A,N/A,N/A
384,1770619997362,Sentence shown,HF_22_A,,,,N/A,N/A,N/A,N/A,N/A,N/A,N/A
384,1770620001373,gap_time,N/A,,,,GapTime_868,N/A,N/A,N/A,N/A,N/A,N/A
384,1770620002248,Sentence shown,LVH_107_P,true,,,N/A,N/A,N/A,N/A,N/A,N/A,N/A
384,1770620006263,gap_time,N/A,true,,,GapTime_968,N/A,N/A,N/A,N/A,N/A,N/A
384,1770620007243,Sentence shown,LVH_164_A,true,,,N/A,N/A,N/A,N/A,N/A,N/A,N/A
384,1770620011254,gap_time,N/A,true,,,GapTime_1112,N/A,N/A,N/A,N/A,N/A,N/A
384,1770620012370,Sentence shown,HF_14_A,,,,N/A,N/A,N/A,N/A,N/A,N/A,N/A
384,1770620016373,gap_time,N/A,,,,GapTime_992,N/A,N/A,N/A,N/A,N/A,N/A
384,1770620017379,Sentence shown,HH_158_A,true,,true,N/A,N/A,N/A,N/A,N/A,N/A,N/A
384,1770620019088,IR pressed,HH_158_A,true,,true,Spacebar,1,N/A,1709,N/A,N/A,N/A
384,1770620021554,WR pressed,HH_158_A,true,,true,No,N/A,0,N/A,2466,N/A,N/A
384,1770620021554,gap_time,N/A,true,,true,GapTime_1000,N/A,N/A,N/A,N/A,N/A,N/A
384,1770620022559,Sentence shown,HVL_107_P,true,,true,N/A,N/A,N/A,N/A,N/A,N/A,N/A
384,1770620024069,IR pressed,HVL_107_P,true,,true,Spacebar,1,N/A,1510,N/A,N/A,N/A
384,1770620026416,WR pressed,HVL_107_P,true,,true,Yes,N/A,0,N/A,2347,N/A,N/A
384,1770620026423,gap_time,N/A,true,,true,GapTime_757,N/A,N/A,N/A,N/A,N/A,N/A
384,1770620027188,Sentence shown,LVL_129_P,true,,,N/A,N/A,N/A,N/A,N/A,N/A,N/A
384,1770620031196,gap_time,N/A,true,,,GapTime_774,N/A,N/A,N/A,N/A,N/A,N/A
384,1770620031983,Sentence shown,HF_23_A,,,,N/A,N/A,N/A,N/A,N/A,N/A,N/A
384,1770620035999,gap_time,N/A,,,,GapTime_1216,N/A,N/A,N/A,N/A,N/A,N/A
384,1770620037227,Sentence shown,HVL_118_A,true,,true,N/A,N/A,N/A,N/A,N/A,N/A,N/A
384,1770620039177,IR pressed,HVL_118_A,true,,true,Spacebar,1,N/A,1950,N/A,N/A,N/A
384,1770620042911,WR pressed,HVL_118_A,true,,true,No,N/A,1,N/A,3734,N/A,N/A
384,1770620042916,gap_time,N/A,true,,true,GapTime_758,N/A,N/A,N/A,N/A,N/A,N/A
384,1770620043687,Sentence shown,HF_24_A,,,,N/A,N/A,N/A,N/A,N/A,N/A,N/A
384,1770620047688,gap_time,N/A,,,,GapTime_792,N/A,N/A,N/A,N/A,N/A,N/A
384,1770620048491,Sentence shown,HF_2_A,,,,N/A,N/A,N/A,N/A,N/A,N/A,N/A
384,1770620050810,Validation Wrong IR pressed,HF_2_A,,,,Spacebar,0,N/A,2319,N/A,N/A,N/A
384,1770620050810,IR pressed,HF_2_A,,,,Spacebar,0,N/A,2319,N/A,N/A,N/A
384,1770620056264,WR pressed,HF_2_A,,,,No,N/A,N/A,N/A,5454,N/A,N/A
384,1770620056271,gap_time,N/A,,,,GapTime_906,N/A,N/A,N/A,N/A,N/A,N/A
384,1770620057189,Sentence shown,HF_24_A,,true,true,N/A,N/A,N/A,N/A,N/A,N/A,N/A
384,1770620058184,Validation IR pressed,HF_24_A,,true,true,Spacebar,1,N/A,995,N/A,N/A,N/A
384,1770620058184,IR pressed,HF_24_A,,true,true,Spacebar,1,N/A,995,N/A,N/A,N/A
384,1770620058837,WR pressed,HF_24_A,,true,true,Yes,N/A,N/A,N/A,653,N/A,N/A
384,1770620058837,gap_time,N/A,,true,true,GapTime_954,N/A,N/A,N/A,N/A,N/A,N/A
384,1770620059806,Sentence shown,LVH_107_A,true,,true,N/A,N/A,N/A,N/A,N/A,N/A,N/A
384,1770620060989,IR pressed,LVH_107_A,true,,true,Spacebar,1,N/A,1183,N/A,N/A,N/A
384,1770620062195,WR pressed,LVH_107_A,true,,true,Yes,N/A,0,N/A,1206,N/A,N/A
384,1770620062201,gap_time,N/A,true,,true,GapTime_730,N/A,N/A,N/A,N/A,N/A,N/A
384,1770620062948,Sentence shown,HF_12_A,,,,N/A,N/A,N/A,N/A,N/A,N/A,N/A
384,1770620066967,gap_time,N/A,,,,GapTime_805,N/A,N/A,N/A,N/A,N/A,N/A
384,1770620067789,Sentence shown,HF_10_A,,,,N/A,N/A,N/A,N/A,N/A,N/A,N/A
384,1770620071795,gap_time,N/A,,,,GapTime_1077,N/A,N/A,N/A,N/A,N/A,N/A
384,1770620072874,Sentence shown,LVH_164_A,true,,true,N/A,N/A,N/A,N/A,N/A,N/A,N/A
384,1770620073892,IR pressed,LVH_164_A,true,,true,Spacebar,1,N/A,1018,N/A,N/A,N/A
384,1770620074442,WR pressed,LVH_164_A,true,,true,Yes,N/A,1,N/A,550,N/A,N/A
384,1770620074447,gap_time,N/A,true,,true,GapTime_1230,N/A,N/A,N/A,N/A,N/A,N/A
384,1770620075686,Sentence shown,LVL_129_P,true,,true,N/A,N/A,N/A,N/A,N/A,N/A,N/A
384,1770620077263,IR pressed,LVL_129_P,true,,true,Spacebar,1,N/A,1577,N/A,N/A,N/A
384,1770620077859,WR pressed,LVL_129_P,true,,true,Yes,N/A,1,N/A,596,N/A,N/A
384,1770620077865,gap_time,N/A,true,,true,GapTime_796,N/A,N/A,N/A,N/A,N/A,N/A
384,1770620078676,Sentence shown,LVH_137_P,true,,,N/A,N/A,N/A,N/A,N/A,N/A,N/A
384,1770620082689,gap_time,N/A,true,,,GapTime_998,N/A,N/A,N/A,N/A,N/A,N/A
384,1770620083699,Sentence shown,HF_6_A,,,,N/A,N/A,N/A,N/A,N/A,N/A,N/A
384,1770620087712,gap_time,N/A,,,,GapTime_859,N/A,N/A,N/A,N/A,N/A,N/A
384,1770620088586,Sentence shown,HF_7_A,,,,N/A,N/A,N/A,N/A,N/A,N/A,N/A
384,1770620092590,gap_time,N/A,,,,GapTime_1008,N/A,N/A,N/A,N/A,N/A,N/A
384,1770620093607,Sentence shown,HF_21_A,,,,N/A,N/A,N/A,N/A,N/A,N/A,N/A
384,1770620097609,gap_time,N/A,,,,GapTime_753,N/A,N/A,N/A,N/A,N/A,N/A
384,1770620098382,Sentence shown,LVH_137_P,true,,true,N/A,N/A,N/A,N/A,N/A,N/A,N/A
384,1770620099565,IR pressed,LVH_137_P,true,,true,Spacebar,1,N/A,1183,N/A,N/A,N/A
384,1770620100269,WR pressed,LVH_137_P,true,,true,Yes,N/A,1,N/A,704,N/A,N/A
384,1770620100269,gap_time,N/A,true,,true,GapTime_729,N/A,N/A,N/A,N/A,N/A,N/A
384,1770620101010,Sentence shown,HF_7_A,,true,true,N/A,N/A,N/A,N/A,N/A,N/A,N/A
384,1770620102092,Validation IR pressed,HF_7_A,,true,true,Spacebar,1,N/A,1082,N/A,N/A,N/A
384,1770620102092,IR pressed,HF_7_A,,true,true,Spacebar,1,N/A,1082,N/A,N/A,N/A
384,1770620102735,WR pressed,HF_7_A,,true,true,Yes,N/A,N/A,N/A,643,N/A,N/A
384,1770620102736,gap_time,N/A,,true,true,GapTime_1081,N/A,N/A,N/A,N/A,N/A,N/A
384,1770620103830,Sentence shown,LVL_103_A,true,,,N/A,N/A,N/A,N/A,N/A,N/A,N/A
384,1770620107833,gap_time,N/A,true,,,GapTime_782,N/A,N/A,N/A,N/A,N/A,N/A
384,1770620108627,Sentence shown,HF_31_A,,,,N/A,N/A,N/A,N/A,N/A,N/A,N/A
384,1770620112472,Validation Wrong IR pressed,HF_31_A,,,,Spacebar,0,N/A,3845,N/A,N/A,N/A
384,1770620112472,IR pressed,HF_31_A,,,,Spacebar,0,N/A,3845,N/A,N/A,N/A
384,1770620115485,WR pressed,HF_31_A,,,,No,N/A,N/A,N/A,3013,N/A,N/A
384,1770620115492,gap_time,N/A,,,,GapTime_943,N/A,N/A,N/A,N/A,N/A,N/A
384,1770620116450,Sentence shown,HF_25_A,,,,N/A,N/A,N/A,N/A,N/A,N/A,N/A
384,1770620120460,gap_time,N/A,,,,GapTime_779,N/A,N/A,N/A,N/A,N/A,N/A
384,1770620121247,Sentence shown,HF_25_A,,true,true,N/A,N/A,N/A,N/A,N/A,N/A,N/A
384,1770620122155,Validation IR pressed,HF_25_A,,true,true,Spacebar,1,N/A,908,N/A,N/A,N/A
384,1770620122155,IR pressed,HF_25_A,,true,true,Spacebar,1,N/A,908,N/A,N/A,N/A
384,1770620122539,WR pressed,HF_25_A,,true,true,Yes,N/A,N/A,N/A,384,N/A,N/A
384,1770620122546,gap_time,N/A,,true,true,GapTime_994,N/A,N/A,N/A,N/A,N/A,N/A
384,1770620123548,Sentence shown,HF_31_A,,true,true,N/A,N/A,N/A,N/A,N/A,N/A,N/A
384,1770620125230,Validation IR pressed,HF_31_A,,true,true,Spacebar,1,N/A,1682,N/A,N/A,N/A
384,1770620125230,IR pressed,HF_31_A,,true,true,Spacebar,1,N/A,1682,N/A,N/A,N/A
384,1770620126742,WR pressed,HF_31_A,,true,true,Yes,N/A,N/A,N/A,1512,N/A,N/A
384,1770620126742,gap_time,N/A,,true,true,GapTime_970,N/A,N/A,N/A,N/A,N/A,N/A
384,1770620127720,Sentence shown,HF_15_A,,,,N/A,N/A,N/A,N/A,N/A,N/A,N/A
384,1770620130185,Validation Wrong IR pressed,HF_15_A,,,,Spacebar,0,N/A,2465,N/A,N/A,N/A
384,1770620130185,IR pressed,HF_15_A,,,,Spacebar,0,N/A,2465,N/A,N/A,N/A
384,1770620132004,WR pressed,HF_15_A,,,,Yes,N/A,N/A,N/A,1819,N/A,N/A
384,1770620132005,gap_time,N/A,,,,GapTime_837,N/A,N/A,N/A,N/A,N/A,N/A
384,1770620132858,Sentence shown,HF_28_A,,,,N/A,N/A,N/A,N/A,N/A,N/A,N/A
384,1770620136861,gap_time,N/A,,,,GapTime_1079,N/A,N/A,N/A,N/A,N/A,N/A
384,1770620137954,Sentence shown,LVL_103_A,true,,true,N/A,N/A,N/A,N/A,N/A,N/A,N/A
384,1770620139263,IR pressed,LVL_103_A,true,,true,Spacebar,1,N/A,1309,N/A,N/A,N/A
384,1770620139852,WR pressed,LVL_103_A,true,,true,Yes,N/A,1,N/A,589,N/A,N/A
384,1770620139853,gap_time,N/A,true,,true,GapTime_1225,N/A,N/A,N/A,N/A,N/A,N/A
384,1770620141090,Sentence shown,HF_15_A,,true,true,N/A,N/A,N/A,N/A,N/A,N/A,N/A
384,1770620142442,Validation IR pressed,HF_15_A,,true,true,Spacebar,1,N/A,1352,N/A,N/A,N/A
384,1770620142442,IR pressed,HF_15_A,,true,true,Spacebar,1,N/A,1352,N/A,N/A,N/A
384,1770620143073,WR pressed,HF_15_A,,true,true,Yes,N/A,N/A,N/A,631,N/A,N/A
384,1770620143073,gap_time,N/A,,true,true,GapTime_1115,N/A,N/A,N/A,N/A,N/A,N/A
384,1770620144191,Sentence shown,HF_1_A,,,,N/A,N/A,N/A,N/A,N/A,N/A,N/A
384,1770620145875,Validation Wrong IR pressed,HF_1_A,,,,Spacebar,0,N/A,1684,N/A,N/A,N/A
384,1770620145875,IR pressed,HF_1_A,,,,Spacebar,0,N/A,1684,N/A,N/A,N/A
384,1770620149833,WR pressed,HF_1_A,,,,No,N/A,N/A,N/A,3958,N/A,N/A
384,1770620149834,gap_time,N/A,,,,GapTime_841,N/A,N/A,N/A,N/A,N/A,N/A
384,1770620150681,Sentence shown,HF_26_A,,,,N/A,N/A,N/A,N/A,N/A,N/A,N/A
384,1770620154697,gap_time,N/A,,,,GapTime_1016,N/A,N/A,N/A,N/A,N/A,N/A
384,1770620155727,Sentence shown,LVH_156_A,true,,,N/A,N/A,N/A,N/A,N/A,N/A,N/A
384,1770620159741,gap_time,N/A,true,,,GapTime_1191,N/A,N/A,N/A,N/A,N/A,N/A
384,1770620160948,Sentence shown,HF_20_A,,,,N/A,N/A,N/A,N/A,N/A,N/A,N/A
384,1770620164963,gap_time,N/A,,,,GapTime_980,N/A,N/A,N/A,N/A,N/A,N/A
384,1770620165957,Sentence shown,HF_11_A,,,,N/A,N/A,N/A,N/A,N/A,N/A,N/A
384,1770620169962,gap_time,N/A,,,,GapTime_1109,N/A,N/A,N/A,N/A,N/A,N/A
384,1770620171080,Sentence shown,LVL_126_P,true,,,N/A,N/A,N/A,N/A,N/A,N/A,N/A
384,1770620175088,gap_time,N/A,true,,,GapTime_828,N/A,N/A,N/A,N/A,N/A,N/A
384,1770620175931,Sentence shown,HVL_138_P,true,,,N/A,N/A,N/A,N/A,N/A,N/A,N/A
384,1770620179935,gap_time,N/A,true,,,GapTime_895,N/A,N/A,N/A,N/A,N/A,N/A
384,1770620180846,Sentence shown,HF_11_A,,true,true,N/A,N/A,N/A,N/A,N/A,N/A,N/A
384,1770620182084,Validation IR pressed,HF_11_A,,true,true,Spacebar,1,N/A,1238,N/A,N/A,N/A
384,1770620182084,IR pressed,HF_11_A,,true,true,Spacebar,1,N/A,1238,N/A,N/A,N/A
384,1770620182814,WR pressed,HF_11_A,,true,true,Yes,N/A,N/A,N/A,730,N/A,N/A
384,1770620182821,gap_time,N/A,,true,true,GapTime_919,N/A,N/A,N/A,N/A,N/A,N/A
384,1770620183749,Sentence shown,HF_9_A,,,,N/A,N/A,N/A,N/A,N/A,N/A,N/A
384,1770620187753,gap_time,N/A,,,,GapTime_857,N/A,N/A,N/A,N/A,N/A,N/A
384,1770620188613,Sentence shown,HF_8_A,,,,N/A,N/A,N/A,N/A,N/A,N/A,N/A
384,1770620190184,Validation Wrong IR pressed,HF_8_A,,,,Spacebar,0,N/A,1571,N/A,N/A,N/A
384,1770620190184,IR pressed,HF_8_A,,,,Spacebar,0,N/A,1571,N/A,N/A,N/A
384,1770620191137,WR pressed,HF_8_A,,,,Yes,N/A,N/A,N/A,952,N/A,N/A
384,1770620191143,gap_time,N/A,,,,GapTime_1149,N/A,N/A,N/A,N/A,N/A,N/A
384,1770620192294,Sentence shown,LVH_156_P,true,,true,N/A,N/A,N/A,N/A,N/A,N/A,N/A
384,1770620193699,IR pressed,LVH_156_P,true,,true,Spacebar,1,N/A,1405,N/A,N/A,N/A
384,1770620194053,WR pressed,LVH_156_P,true,,true,No,N/A,1,N/A,354,N/A,N/A
384,1770620194054,gap_time,N/A,true,,true,GapTime_1238,N/A,N/A,N/A,N/A,N/A,N/A
384,1770620195295,Sentence shown,HF_29_A,,,,N/A,N/A,N/A,N/A,N/A,N/A,N/A
384,1770620199306,gap_time,N/A,,,,GapTime_747,N/A,N/A,N/A,N/A,N/A,N/A
384,1770620200071,Sentence shown,HH_137_A,true,,,N/A,N/A,N/A,N/A,N/A,N/A,N/A
384,1770620204083,gap_time,N/A,true,,,GapTime_805,N/A,N/A,N/A,N/A,N/A,N/A
384,1770620204903,Sentence shown,LVL_146_A,true,,,N/A,N/A,N/A,N/A,N/A,N/A,N/A
384,1770620208904,gap_time,N/A,true,,,GapTime_1284,N/A,N/A,N/A,N/A,N/A,N/A
384,1770620210190,Sentence shown,LVL_126_A,true,,true,N/A,N/A,N/A,N/A,N/A,N/A,N/A
384,1770620214203,gap_time,N/A,true,,true,GapTime_1021,N/A,N/A,N/A,N/A,N/A,N/A
384,1770620215228,Sentence shown,HH_144_P,true,,,N/A,N/A,N/A,N/A,N/A,N/A,N/A
384,1770620219232,gap_time,N/A,true,,,GapTime_968,N/A,N/A,N/A,N/A,N/A,N/A
384,1770620220221,Sentence shown,HF_30_A,,,,N/A,N/A,N/A,N/A,N/A,N/A,N/A
384,1770620222063,Validation Wrong IR pressed,HF_30_A,,,,Spacebar,0,N/A,1842,N/A,N/A,N/A
384,1770620222063,IR pressed,HF_30_A,,,,Spacebar,0,N/A,1842,N/A,N/A,N/A
384,1770620223467,WR pressed,HF_30_A,,,,No,N/A,N/A,N/A,1404,N/A,N/A
384,1770620223469,gap_time,N/A,,,,GapTime_1211,N/A,N/A,N/A,N/A,N/A,N/A
384,1770620224691,Sentence shown,HVL_138_P,true,,true,N/A,N/A,N/A,N/A,N/A,N/A,N/A
384,1770620227838,IR pressed,HVL_138_P,true,,true,Spacebar,1,N/A,3147,N/A,N/A,N/A
384,1770620229231,WR pressed,HVL_138_P,true,,true,Yes,N/A,1,N/A,1393,N/A,N/A
384,1770620229237,gap_time,N/A,true,,true,GapTime_977,N/A,N/A,N/A,N/A,N/A,N/A
384,1770620230230,Sentence shown,HVL_153_A,true,,,N/A,N/A,N/A,N/A,N/A,N/A,N/A
384,1770620234245,gap_time,N/A,true,,,GapTime_1020,N/A,N/A,N/A,N/A,N/A,N/A
384,1770620235272,Sentence shown,HF_17_A,,,,N/A,N/A,N/A,N/A,N/A,N/A,N/A
384,1770620239275,gap_time,N/A,,,,GapTime_955,N/A,N/A,N/A,N/A,N/A,N/A
384,1770620240239,Sentence shown,HH_137_P,true,,true,N/A,N/A,N/A,N/A,N/A,N/A,N/A
384,1770620242488,IR pressed,HH_137_P,true,,true,Spacebar,1,N/A,2249,N/A,N/A,N/A
384,1770620248304,WR pressed,HH_137_P,true,,true,No,N/A,1,N/A,5815,N/A,N/A
384,1770620248309,gap_time,N/A,true,,true,GapTime_1126,N/A,N/A,N/A,N/A,N/A,N/A
384,1770620249449,Sentence shown,HH_187_P,true,,,N/A,N/A,N/A,N/A,N/A,N/A,N/A
384,1770620253450,gap_time,N/A,true,,,GapTime_941,N/A,N/A,N/A,N/A,N/A,N/A
384,1770620254393,Sentence shown,HF_19_A,,,,N/A,N/A,N/A,N/A,N/A,N/A,N/A
384,1770620258406,gap_time,N/A,,,,GapTime_1163,N/A,N/A,N/A,N/A,N/A,N/A
384,1770620259572,Sentence shown,HF_4_A,,,,N/A,N/A,N/A,N/A,N/A,N/A,N/A
384,1770620263582,gap_time,N/A,,,,GapTime_1189,N/A,N/A,N/A,N/A,N/A,N/A
384,1770620264781,Sentence shown,HH_144_P,true,,true,N/A,N/A,N/A,N/A,N/A,N/A,N/A
384,1770620266629,IR pressed,HH_144_P,true,,true,Spacebar,1,N/A,1847,N/A,N/A,N/A
384,1770620269087,WR pressed,HH_144_P,true,,true,Yes,N/A,1,N/A,2458,N/A,N/A
384,1770620269094,gap_time,N/A,true,,true,GapTime_1081,N/A,N/A,N/A,N/A,N/A,N/A
384,1770620270183,Sentence shown,HF_19_A,,true,true,N/A,N/A,N/A,N/A,N/A,N/A,N/A
384,1770620271257,Validation IR pressed,HF_19_A,,true,true,Spacebar,1,N/A,1074,N/A,N/A,N/A
384,1770620271257,IR pressed,HF_19_A,,true,true,Spacebar,1,N/A,1074,N/A,N/A,N/A
384,1770620271590,WR pressed,HF_19_A,,true,true,Yes,N/A,N/A,N/A,333,N/A,N/A
384,1770620271596,gap_time,N/A,,true,true,GapTime_718,N/A,N/A,N/A,N/A,N/A,N/A
384,1770620272317,Sentence shown,LVL_146_P,true,,true,N/A,N/A,N/A,N/A,N/A,N/A,N/A
384,1770620273326,IR pressed,LVL_146_P,true,,true,Spacebar,1,N/A,1009,N/A,N/A,N/A
384,1770620274061,WR pressed,LVL_146_P,true,,true,No,N/A,1,N/A,735,N/A,N/A
384,1770620274068,gap_time,N/A,true,,true,GapTime_955,N/A,N/A,N/A,N/A,N/A,N/A
384,1770620275035,Sentence shown,HVL_153_A,true,,true,N/A,N/A,N/A,N/A,N/A,N/A,N/A
384,1770620278381,IR pressed,HVL_153_A,true,,true,Spacebar,1,N/A,3346,N/A,N/A,N/A
384,1770620313593,WR pressed,HVL_153_A,true,,true,No,N/A,0,N/A,35212,N/A,N/A
384,1770620313600,gap_time,N/A,true,,true,GapTime_941,N/A,N/A,N/A,N/A,N/A,N/A
384,1770620314558,Sentence shown,HF_5_A,,,,N/A,N/A,N/A,N/A,N/A,N/A,N/A
384,1770620316027,Validation Wrong IR pressed,HF_5_A,,,,Spacebar,0,N/A,1469,N/A,N/A,N/A
384,1770620316027,IR pressed,HF_5_A,,,,Spacebar,0,N/A,1469,N/A,N/A,N/A
384,1770620318221,WR pressed,HF_5_A,,,,Yes,N/A,N/A,N/A,2194,N/A,N/A
384,1770620318222,gap_time,N/A,,,,GapTime_815,N/A,N/A,N/A,N/A,N/A,N/A
384,1770620319042,Sentence shown,HF_27_A,,,,N/A,N/A,N/A,N/A,N/A,N/A,N/A
384,1770620323056,gap_time,N/A,,,,GapTime_747,N/A,N/A,N/A,N/A,N/A,N/A
384,1770620323809,Sentence shown,HF_33_A,,,,N/A,N/A,N/A,N/A,N/A,N/A,N/A
384,1770620327820,gap_time,N/A,,,,GapTime_1061,N/A,N/A,N/A,N/A,N/A,N/A
384,1770620328891,Sentence shown,HH_187_A,true,,true,N/A,N/A,N/A,N/A,N/A,N/A,N/A
384,1770620329913,IR pressed,HH_187_A,true,,true,Spacebar,1,N/A,1022,N/A,N/A,N/A
384,1770620330775,WR pressed,HH_187_A,true,,true,No,N/A,1,N/A,862,N/A,N/A
384,1770620330776,gap_time,N/A,true,,true,GapTime_1201,N/A,N/A,N/A,N/A,N/A,N/A
384,1770620331985,Sentence shown,HF_13_A,,,,N/A,N/A,N/A,N/A,N/A,N/A,N/A
384,1770620335988,gap_time,N/A,,,,GapTime_1168,N/A,N/A,N/A,N/A,N/A,N/A
384,1770620337159,Sentence shown,HF_13_A,,true,true,N/A,N/A,N/A,N/A,N/A,N/A,N/A
384,1770620338575,Validation IR pressed,HF_13_A,,true,true,Spacebar,1,N/A,1416,N/A,N/A,N/A
384,1770620338575,IR pressed,HF_13_A,,true,true,Spacebar,1,N/A,1416,N/A,N/A,N/A
384,1770620339221,WR pressed,HF_13_A,,true,true,Yes,N/A,N/A,N/A,646,N/A,N/A
384,1770620339222,gap_time,N/A,,true,true,GapTime_846,N/A,N/A,N/A,N/A,N/A,N/A
384,1770620340084,Sentence shown,HF_32_A,,,,N/A,N/A,N/A,N/A,N/A,N/A,N/A
384,1770620341199,Validation Wrong IR pressed,HF_32_A,,,,Spacebar,0,N/A,1115,N/A,N/A,N/A
384,1770620341199,IR pressed,HF_32_A,,,,Spacebar,0,N/A,1115,N/A,N/A,N/A
384,1770620343491,WR pressed,HF_32_A,,,,No,N/A,N/A,N/A,2292,N/A,N/A
384,1770620343498,gap_time,N/A,,,,GapTime_702,N/A,N/A,N/A,N/A,N/A,N/A
384,1770620344213,Sentence shown,HF_18_A,,,,N/A,N/A,N/A,N/A,N/A,N/A,N/A
384,1770620348223,gap_time,N/A,,,,GapTime_1019,N/A,N/A,N/A,N/A,N/A,N/A
384,1770620349246,Sentence shown,HF_32_A,,true,true,N/A,N/A,N/A,N/A,N/A,N/A,N/A
384,1770620351344,Validation IR pressed,HF_32_A,,true,true,Spacebar,1,N/A,2098,N/A,N/A,N/A
384,1770620351344,IR pressed,HF_32_A,,true,true,Spacebar,1,N/A,2098,N/A,N/A,N/A
384,1770620351692,WR pressed,HF_32_A,,true,true,Yes,N/A,N/A,N/A,348,N/A,N/A
384,1770620351699,gap_time,N/A,,true,true,GapTime_918,N/A,N/A,N/A,N/A,N/A,N/A
384,1770620352628,Rest Phase started,N/A,,true,true,Rest,N/A,N/A,N/A,N/A,N/A,N/A
384,1770620362328,Sentence shown,HF_34_A,,,,N/A,N/A,N/A,N/A,N/A,N/A,N/A
384,1770620366330,gap_time,N/A,,,,GapTime_1046,N/A,N/A,N/A,N/A,N/A,N/A
384,1770620367390,Sentence shown,HF_39_A,,,,N/A,N/A,N/A,N/A,N/A,N/A,N/A
384,1770620371405,gap_time,N/A,,,,GapTime_934,N/A,N/A,N/A,N/A,N/A,N/A
384,1770620372349,Sentence shown,HF_44_A,,,,N/A,N/A,N/A,N/A,N/A,N/A,N/A
384,1770620376351,gap_time,N/A,,,,GapTime_903,N/A,N/A,N/A,N/A,N/A,N/A
384,1770620377264,Sentence shown,LVL_125_A,true,,,N/A,N/A,N/A,N/A,N/A,N/A,N/A
384,1770620381280,gap_time,N/A,true,,,GapTime_1255,N/A,N/A,N/A,N/A,N/A,N/A
384,1770620382547,Sentence shown,HF_62_A,,,,N/A,N/A,N/A,N/A,N/A,N/A,N/A
384,1770620386556,gap_time,N/A,,,,GapTime_985,N/A,N/A,N/A,N/A,N/A,N/A
384,1770620387555,Sentence shown,HF_35_A,,,,N/A,N/A,N/A,N/A,N/A,N/A,N/A
384,1770620391561,gap_time,N/A,,,,GapTime_769,N/A,N/A,N/A,N/A,N/A,N/A
384,1770620392344,Sentence shown,HH_165_P,true,,,N/A,N/A,N/A,N/A,N/A,N/A,N/A
384,1770620396353,gap_time,N/A,true,,,GapTime_839,N/A,N/A,N/A,N/A,N/A,N/A
384,1770620397201,Sentence shown,HF_62_A,,true,true,N/A,N/A,N/A,N/A,N/A,N/A,N/A
384,1770620398597,Validation IR pressed,HF_62_A,,true,true,Spacebar,1,N/A,1396,N/A,N/A,N/A
384,1770620398597,IR pressed,HF_62_A,,true,true,Spacebar,1,N/A,1396,N/A,N/A,N/A
384,1770620399969,WR pressed,HF_62_A,,true,true,Yes,N/A,N/A,N/A,1372,N/A,N/A
384,1770620399972,gap_time,N/A,,true,true,GapTime_897,N/A,N/A,N/A,N/A,N/A,N/A
384,1770620400871,Sentence shown,LVL_138_A,true,,,N/A,N/A,N/A,N/A,N/A,N/A,N/A
384,1770620404883,gap_time,N/A,true,,,GapTime_724,N/A,N/A,N/A,N/A,N/A,N/A
384,1770620405610,Sentence shown,LVL_125_A,true,,true,N/A,N/A,N/A,N/A,N/A,N/A,N/A
384,1770620407841,IR pressed,LVL_125_A,true,,true,Spacebar,1,N/A,2231,N/A,N/A,N/A
384,1770620411113,WR pressed,LVL_125_A,true,,true,Yes,N/A,1,N/A,3272,N/A,N/A
384,1770620411113,gap_time,N/A,true,,true,GapTime_735,N/A,N/A,N/A,N/A,N/A,N/A
384,1770620411855,Sentence shown,HF_64_A,,,,N/A,N/A,N/A,N/A,N/A,N/A,N/A
384,1770620415857,gap_time,N/A,,,,GapTime_1038,N/A,N/A,N/A,N/A,N/A,N/A
384,1770620416902,Sentence shown,HF_53_A,,,,N/A,N/A,N/A,N/A,N/A,N/A,N/A
384,1770620420908,gap_time,N/A,,,,GapTime_1021,N/A,N/A,N/A,N/A,N/A,N/A
384,1770620421932,Sentence shown,HF_43_A,,,,N/A,N/A,N/A,N/A,N/A,N/A,N/A
384,1770620425934,gap_time,N/A,,,,GapTime_918,N/A,N/A,N/A,N/A,N/A,N/A
384,1770620426864,Sentence shown,HF_43_A,,true,true,N/A,N/A,N/A,N/A,N/A,N/A,N/A
384,1770620427739,Validation IR pressed,HF_43_A,,true,true,Spacebar,1,N/A,875,N/A,N/A,N/A
384,1770620427739,IR pressed,HF_43_A,,true,true,Spacebar,1,N/A,875,N/A,N/A,N/A
384,1770620428133,WR pressed,HF_43_A,,true,true,Yes,N/A,N/A,N/A,394,N/A,N/A
384,1770620428138,gap_time,N/A,,true,true,GapTime_1093,N/A,N/A,N/A,N/A,N/A,N/A
384,1770620429238,Sentence shown,HF_38_A,,,,N/A,N/A,N/A,N/A,N/A,N/A,N/A
384,1770620433245,gap_time,N/A,,,,GapTime_1209,N/A,N/A,N/A,N/A,N/A,N/A
384,1770620434462,Sentence shown,LVL_145_P,true,,,N/A,N/A,N/A,N/A,N/A,N/A,N/A
384,1770620438478,gap_time,N/A,true,,,GapTime_980,N/A,N/A,N/A,N/A,N/A,N/A
384,1770620439471,Sentence shown,LVL_138_P,true,,true,N/A,N/A,N/A,N/A,N/A,N/A,N/A
384,1770620441258,IR pressed,LVL_138_P,true,,true,Spacebar,1,N/A,1787,N/A,N/A,N/A
384,1770620442010,WR pressed,LVL_138_P,true,,true,No,N/A,1,N/A,752,N/A,N/A
384,1770620442010,gap_time,N/A,true,,true,GapTime_1089,N/A,N/A,N/A,N/A,N/A,N/A
384,1770620443111,Sentence shown,HH_165_P,true,,true,N/A,N/A,N/A,N/A,N/A,N/A,N/A
384,1770620446086,IR pressed,HH_165_P,true,,true,Spacebar,1,N/A,2975,N/A,N/A,N/A
384,1770620446788,WR pressed,HH_165_P,true,,true,Yes,N/A,1,N/A,702,N/A,N/A
384,1770620446794,gap_time,N/A,true,,true,GapTime_1125,N/A,N/A,N/A,N/A,N/A,N/A
384,1770620447924,Sentence shown,LVH_146_A,true,,,N/A,N/A,N/A,N/A,N/A,N/A,N/A
384,1770620451926,gap_time,N/A,true,,,GapTime_996,N/A,N/A,N/A,N/A,N/A,N/A
384,1770620452938,Sentence shown,HF_50_A,,,,N/A,N/A,N/A,N/A,N/A,N/A,N/A
384,1770620456946,gap_time,N/A,,,,GapTime_1010,N/A,N/A,N/A,N/A,N/A,N/A
384,1770620457979,Sentence shown,HF_59_A,,,,N/A,N/A,N/A,N/A,N/A,N/A,N/A
384,1770620461985,gap_time,N/A,,,,GapTime_785,N/A,N/A,N/A,N/A,N/A,N/A
384,1770620462790,Sentence shown,LVH_122_P,true,,,N/A,N/A,N/A,N/A,N/A,N/A,N/A
384,1770620466794,gap_time,N/A,true,,,GapTime_953,N/A,N/A,N/A,N/A,N/A,N/A
384,1770620467760,Sentence shown,HF_55_A,,,,N/A,N/A,N/A,N/A,N/A,N/A,N/A
384,1770620471776,gap_time,N/A,,,,GapTime_1184,N/A,N/A,N/A,N/A,N/A,N/A
384,1770620472964,Sentence shown,HF_54_A,,,,N/A,N/A,N/A,N/A,N/A,N/A,N/A
384,1770620476973,gap_time,N/A,,,,GapTime_1206,N/A,N/A,N/A,N/A,N/A,N/A
384,1770620478182,Sentence shown,HF_54_A,,true,true,N/A,N/A,N/A,N/A,N/A,N/A,N/A
384,1770620479127,Validation IR pressed,HF_54_A,,true,true,Spacebar,1,N/A,945,N/A,N/A,N/A
384,1770620479127,IR pressed,HF_54_A,,true,true,Spacebar,1,N/A,945,N/A,N/A,N/A
384,1770620479428,WR pressed,HF_54_A,,true,true,Yes,N/A,N/A,N/A,301,N/A,N/A
384,1770620479428,gap_time,N/A,,true,true,GapTime_1191,N/A,N/A,N/A,N/A,N/A,N/A
384,1770620480628,Sentence shown,HVL_110_A,true,,,N/A,N/A,N/A,N/A,N/A,N/A,N/A
384,1770620484630,gap_time,N/A,true,,,GapTime_705,N/A,N/A,N/A,N/A,N/A,N/A
384,1770620485350,Sentence shown,LVH_146_P,true,,true,N/A,N/A,N/A,N/A,N/A,N/A,N/A
384,1770620487836,IR pressed,LVH_146_P,true,,true,Spacebar,1,N/A,2486,N/A,N/A,N/A
384,1770620489270,WR pressed,LVH_146_P,true,,true,No,N/A,1,N/A,1434,N/A,N/A
384,1770620489276,gap_time,N/A,true,,true,GapTime_708,N/A,N/A,N/A,N/A,N/A,N/A
384,1770620490000,Sentence shown,LVL_145_P,true,,true,N/A,N/A,N/A,N/A,N/A,N/A,N/A
384,1770620491904,IR pressed,LVL_145_P,true,,true,Spacebar,1,N/A,1904,N/A,N/A,N/A
384,1770620492797,WR pressed,LVL_145_P,true,,true,No,N/A,0,N/A,893,N/A,N/A
384,1770620492804,gap_time,N/A,true,,true,GapTime_975,N/A,N/A,N/A,N/A,N/A,N/A
384,1770620493791,Sentence shown,HF_61_A,,,,N/A,N/A,N/A,N/A,N/A,N/A,N/A
384,1770620497796,gap_time,N/A,,,,GapTime_1042,N/A,N/A,N/A,N/A,N/A,N/A
384,1770620498845,Sentence shown,HF_65_A,,,,N/A,N/A,N/A,N/A,N/A,N/A,N/A
384,1770620502850,gap_time,N/A,,,,GapTime_1061,N/A,N/A,N/A,N/A,N/A,N/A
384,1770620503923,Sentence shown,LVH_134_A,true,,,N/A,N/A,N/A,N/A,N/A,N/A,N/A
384,1770620507928,gap_time,N/A,true,,,GapTime_888,N/A,N/A,N/A,N/A,N/A,N/A
384,1770620508826,Sentence shown,LVH_122_P,true,,true,N/A,N/A,N/A,N/A,N/A,N/A,N/A
384,1770620510398,IR pressed,LVH_122_P,true,,true,Spacebar,1,N/A,1572,N/A,N/A,N/A
384,1770620511093,WR pressed,LVH_122_P,true,,true,Yes,N/A,1,N/A,695,N/A,N/A
384,1770620511094,gap_time,N/A,true,,true,GapTime_1021,N/A,N/A,N/A,N/A,N/A,N/A
384,1770620512126,Sentence shown,HF_42_A,,,,N/A,N/A,N/A,N/A,N/A,N/A,N/A
384,1770620516130,gap_time,N/A,,,,GapTime_927,N/A,N/A,N/A,N/A,N/A,N/A
384,1770620517065,Sentence shown,HVL_110_A,true,,true,N/A,N/A,N/A,N/A,N/A,N/A,N/A
384,1770620518262,IR pressed,HVL_110_A,true,,true,Spacebar,1,N/A,1197,N/A,N/A,N/A
384,1770620518974,WR pressed,HVL_110_A,true,,true,Yes,N/A,1,N/A,712,N/A,N/A
384,1770620518974,gap_time,N/A,true,,true,GapTime_1210,N/A,N/A,N/A,N/A,N/A,N/A
384,1770620520186,Sentence shown,HF_42_A,,true,true,N/A,N/A,N/A,N/A,N/A,N/A,N/A
384,1770620521616,Validation IR pressed,HF_42_A,,true,true,Spacebar,1,N/A,1430,N/A,N/A,N/A
384,1770620521616,IR pressed,HF_42_A,,true,true,Spacebar,1,N/A,1430,N/A,N/A,N/A
384,1770620521915,WR pressed,HF_42_A,,true,true,Yes,N/A,N/A,N/A,299,N/A,N/A
384,1770620521920,gap_time,N/A,,true,true,GapTime_1240,N/A,N/A,N/A,N/A,N/A,N/A
384,1770620523176,Sentence shown,LVH_106_P,true,,,N/A,N/A,N/A,N/A,N/A,N/A,N/A
384,1770620527192,gap_time,N/A,true,,,GapTime_702,N/A,N/A,N/A,N/A,N/A,N/A
384,1770620527903,Sentence shown,HVL_122_P,true,,,N/A,N/A,N/A,N/A,N/A,N/A,N/A
384,1770620531918,gap_time,N/A,true,,,GapTime_1202,N/A,N/A,N/A,N/A,N/A,N/A
384,1770620533130,Sentence shown,HF_56_A,,,,N/A,N/A,N/A,N/A,N/A,N/A,N/A
384,1770620537146,gap_time,N/A,,,,GapTime_1004,N/A,N/A,N/A,N/A,N/A,N/A
384,1770620538152,Sentence shown,HF_60_A,,,,N/A,N/A,N/A,N/A,N/A,N/A,N/A
384,1770620542155,gap_time,N/A,,,,GapTime_1080,N/A,N/A,N/A,N/A,N/A,N/A
384,1770620543242,Sentence shown,LVH_134_A,true,,true,N/A,N/A,N/A,N/A,N/A,N/A,N/A
384,1770620544313,IR pressed,LVH_134_A,true,,true,Spacebar,1,N/A,1071,N/A,N/A,N/A
384,1770620544818,WR pressed,LVH_134_A,true,,true,Yes,N/A,1,N/A,505,N/A,N/A
384,1770620544824,gap_time,N/A,true,,true,GapTime_1239,N/A,N/A,N/A,N/A,N/A,N/A
384,1770620546071,Sentence shown,HF_56_A,,true,true,N/A,N/A,N/A,N/A,N/A,N/A,N/A
384,1770620547698,Validation IR pressed,HF_56_A,,true,true,Spacebar,1,N/A,1627,N/A,N/A,N/A
384,1770620547698,IR pressed,HF_56_A,,true,true,Spacebar,1,N/A,1627,N/A,N/A,N/A
384,1770620548157,WR pressed,HF_56_A,,true,true,Yes,N/A,N/A,N/A,459,N/A,N/A
384,1770620548164,gap_time,N/A,,true,true,GapTime_1217,N/A,N/A,N/A,N/A,N/A,N/A
384,1770620549390,Sentence shown,HF_41_A,,,,N/A,N/A,N/A,N/A,N/A,N/A,N/A
384,1770620553392,gap_time,N/A,,,,GapTime_986,N/A,N/A,N/A,N/A,N/A,N/A
384,1770620554387,Sentence shown,HF_60_A,,true,true,N/A,N/A,N/A,N/A,N/A,N/A,N/A
384,1770620555787,Validation IR pressed,HF_60_A,,true,true,Spacebar,1,N/A,1400,N/A,N/A,N/A
384,1770620555787,IR pressed,HF_60_A,,true,true,Spacebar,1,N/A,1400,N/A,N/A,N/A
384,1770620556210,WR pressed,HF_60_A,,true,true,Yes,N/A,N/A,N/A,423,N/A,N/A
384,1770620556217,gap_time,N/A,,true,true,GapTime_1240,N/A,N/A,N/A,N/A,N/A,N/A
384,1770620557459,Sentence shown,HH_138_A,true,,,N/A,N/A,N/A,N/A,N/A,N/A,N/A
384,1770620561472,gap_time,N/A,true,,,GapTime_922,N/A,N/A,N/A,N/A,N/A,N/A
384,1770620562406,Sentence shown,HF_36_A,,,,N/A,N/A,N/A,N/A,N/A,N/A,N/A
384,1770620566408,gap_time,N/A,,,,GapTime_1146,N/A,N/A,N/A,N/A,N/A,N/A
384,1770620567560,Sentence shown,HVL_122_A,true,,true,N/A,N/A,N/A,N/A,N/A,N/A,N/A
384,1770620571566,gap_time,N/A,true,,true,GapTime_1004,N/A,N/A,N/A,N/A,N/A,N/A
384,1770620572580,Sentence shown,LVH_106_A,true,,true,N/A,N/A,N/A,N/A,N/A,N/A,N/A
384,1770620574130,IR pressed,LVH_106_A,true,,true,Spacebar,1,N/A,1550,N/A,N/A,N/A
384,1770620574736,WR pressed,LVH_106_A,true,,true,No,N/A,1,N/A,606,N/A,N/A
384,1770620574736,gap_time,N/A,true,,true,GapTime_802,N/A,N/A,N/A,N/A,N/A,N/A
384,1770620575540,Sentence shown,HH_186_A,true,,,N/A,N/A,N/A,N/A,N/A,N/A,N/A
384,1770620579545,gap_time,N/A,true,,,GapTime_1119,N/A,N/A,N/A,N/A,N/A,N/A
384,1770620580672,Sentence shown,HF_57_A,,,,N/A,N/A,N/A,N/A,N/A,N/A,N/A
384,1770620584674,gap_time,N/A,,,,GapTime_1033,N/A,N/A,N/A,N/A,N/A,N/A
384,1770620585712,Sentence shown,HF_47_A,,,,N/A,N/A,N/A,N/A,N/A,N/A,N/A
384,1770620589726,gap_time,N/A,,,,GapTime_1291,N/A,N/A,N/A,N/A,N/A,N/A
384,1770620591023,Sentence shown,HF_37_A,,,,N/A,N/A,N/A,N/A,N/A,N/A,N/A
384,1770620595039,gap_time,N/A,,,,GapTime_1224,N/A,N/A,N/A,N/A,N/A,N/A
384,1770620596271,Sentence shown,HH_138_P,true,,true,N/A,N/A,N/A,N/A,N/A,N/A,N/A
384,1770620597842,IR pressed,HH_138_P,true,,true,Spacebar,1,N/A,1571,N/A,N/A,N/A
384,1770620598533,WR pressed,HH_138_P,true,,true,Yes,N/A,0,N/A,691,N/A,N/A
384,1770620598533,gap_time,N/A,true,,true,GapTime_1228,N/A,N/A,N/A,N/A,N/A,N/A
384,1770620599763,Sentence shown,HH_186_A,true,,true,N/A,N/A,N/A,N/A,N/A,N/A,N/A
384,1770620601081,IR pressed,HH_186_A,true,,true,Spacebar,1,N/A,1318,N/A,N/A,N/A
384,1770620601587,WR pressed,HH_186_A,true,,true,Yes,N/A,1,N/A,506,N/A,N/A
384,1770620601587,gap_time,N/A,true,,true,GapTime_1108,N/A,N/A,N/A,N/A,N/A,N/A
384,1770620602709,Sentence shown,HF_37_A,,true,true,N/A,N/A,N/A,N/A,N/A,N/A,N/A
384,1770620603848,Validation IR pressed,HF_37_A,,true,true,Spacebar,1,N/A,1139,N/A,N/A,N/A
384,1770620603848,IR pressed,HF_37_A,,true,true,Spacebar,1,N/A,1139,N/A,N/A,N/A
384,1770620604236,WR pressed,HF_37_A,,true,true,Yes,N/A,N/A,N/A,388,N/A,N/A
384,1770620604237,gap_time,N/A,,true,true,GapTime_1216,N/A,N/A,N/A,N/A,N/A,N/A
384,1770620605465,Sentence shown,HF_63_A,,,,N/A,N/A,N/A,N/A,N/A,N/A,N/A
384,1770620609466,gap_time,N/A,,,,GapTime_1254,N/A,N/A,N/A,N/A,N/A,N/A
384,1770620610729,Sentence shown,HF_49_A,,,,N/A,N/A,N/A,N/A,N/A,N/A,N/A
384,1770620613309,Validation Wrong IR pressed,HF_49_A,,,,Spacebar,0,N/A,2580,N/A,N/A,N/A
384,1770620613309,IR pressed,HF_49_A,,,,Spacebar,0,N/A,2580,N/A,N/A,N/A
384,1770620618202,WR pressed,HF_49_A,,,,No,N/A,N/A,N/A,4893,N/A,N/A
384,1770620618203,gap_time,N/A,,,,GapTime_740,N/A,N/A,N/A,N/A,N/A,N/A
384,1770620618958,Sentence shown,HF_52_A,,,,N/A,N/A,N/A,N/A,N/A,N/A,N/A
384,1770620622971,gap_time,N/A,,,,GapTime_815,N/A,N/A,N/A,N/A,N/A,N/A
384,1770620623797,Sentence shown,HH_162_P,true,,,N/A,N/A,N/A,N/A,N/A,N/A,N/A
384,1770620627807,gap_time,N/A,true,,,GapTime_1012,N/A,N/A,N/A,N/A,N/A,N/A
384,1770620628828,Sentence shown,HF_51_A,,,,N/A,N/A,N/A,N/A,N/A,N/A,N/A
384,1770620632831,gap_time,N/A,,,,GapTime_1112,N/A,N/A,N/A,N/A,N/A,N/A
384,1770620633949,Sentence shown,HVL_152_P,true,,,N/A,N/A,N/A,N/A,N/A,N/A,N/A
384,1770620637956,gap_time,N/A,true,,,GapTime_896,N/A,N/A,N/A,N/A,N/A,N/A
384,1770620638865,Sentence shown,HF_51_A,,true,true,N/A,N/A,N/A,N/A,N/A,N/A,N/A
384,1770620639844,Validation IR pressed,HF_51_A,,true,true,Spacebar,1,N/A,979,N/A,N/A,N/A
384,1770620639844,IR pressed,HF_51_A,,true,true,Spacebar,1,N/A,979,N/A,N/A,N/A
384,1770620640177,WR pressed,HF_51_A,,true,true,Yes,N/A,N/A,N/A,333,N/A,N/A
384,1770620640183,gap_time,N/A,,true,true,GapTime_1105,N/A,N/A,N/A,N/A,N/A,N/A
384,1770620641305,Sentence shown,HF_48_A,,,,N/A,N/A,N/A,N/A,N/A,N/A,N/A
384,1770620645318,gap_time,N/A,,,,GapTime_1068,N/A,N/A,N/A,N/A,N/A,N/A
384,1770620646398,Sentence shown,HF_48_A,,true,true,N/A,N/A,N/A,N/A,N/A,N/A,N/A
384,1770620647244,Validation IR pressed,HF_48_A,,true,true,Spacebar,1,N/A,846,N/A,N/A,N/A
384,1770620647244,IR pressed,HF_48_A,,true,true,Spacebar,1,N/A,846,N/A,N/A,N/A
384,1770620647380,WR pressed,HF_48_A,,true,true,Yes,N/A,N/A,N/A,136,N/A,N/A
384,1770620647386,gap_time,N/A,,true,true,GapTime_732,N/A,N/A,N/A,N/A,N/A,N/A
384,1770620648128,Sentence shown,HVL_101_A,true,,,N/A,N/A,N/A,N/A,N/A,N/A,N/A
384,1770620652134,gap_time,N/A,true,,,GapTime_899,N/A,N/A,N/A,N/A,N/A,N/A
384,1770620653039,Sentence shown,HF_58_A,,,,N/A,N/A,N/A,N/A,N/A,N/A,N/A
384,1770620657045,gap_time,N/A,,,,GapTime_704,N/A,N/A,N/A,N/A,N/A,N/A
384,1770620657771,Sentence shown,HF_40_A,,,,N/A,N/A,N/A,N/A,N/A,N/A,N/A
384,1770620661780,gap_time,N/A,,,,GapTime_871,N/A,N/A,N/A,N/A,N/A,N/A
384,1770620662667,Sentence shown,HVL_152_P,true,,true,N/A,N/A,N/A,N/A,N/A,N/A,N/A
384,1770620664235,IR pressed,HVL_152_P,true,,true,Spacebar,1,N/A,1568,N/A,N/A,N/A
384,1770620664602,WR pressed,HVL_152_P,true,,true,Yes,N/A,1,N/A,367,N/A,N/A
384,1770620664602,gap_time,N/A,true,,true,GapTime_789,N/A,N/A,N/A,N/A,N/A,N/A
384,1770620665404,Sentence shown,HH_162_A,true,,true,N/A,N/A,N/A,N/A,N/A,N/A,N/A
384,1770620666711,IR pressed,HH_162_A,true,,true,Spacebar,1,N/A,1307,N/A,N/A,N/A
384,1770620666855,WR pressed,HH_162_A,true,,true,Yes,N/A,0,N/A,144,N/A,N/A
384,1770620666856,gap_time,N/A,true,,true,GapTime_1059,N/A,N/A,N/A,N/A,N/A,N/A
384,1770620667931,Sentence shown,LVL_144_P,true,,,N/A,N/A,N/A,N/A,N/A,N/A,N/A
384,1770620671936,gap_time,N/A,true,,,GapTime_972,N/A,N/A,N/A,N/A,N/A,N/A
384,1770620672912,Sentence shown,HF_45_A,,,,N/A,N/A,N/A,N/A,N/A,N/A,N/A
384,1770620676924,gap_time,N/A,,,,GapTime_1246,N/A,N/A,N/A,N/A,N/A,N/A
384,1770620678172,Sentence shown,HF_46_A,,,,N/A,N/A,N/A,N/A,N/A,N/A,N/A
384,1770620682179,gap_time,N/A,,,,GapTime_971,N/A,N/A,N/A,N/A,N/A,N/A
384,1770620683170,Sentence shown,HF_45_A,,true,true,N/A,N/A,N/A,N/A,N/A,N/A,N/A
384,1770620684287,Validation IR pressed,HF_45_A,,true,true,Spacebar,1,N/A,1117,N/A,N/A,N/A
384,1770620684287,IR pressed,HF_45_A,,true,true,Spacebar,1,N/A,1117,N/A,N/A,N/A
384,1770620684408,WR pressed,HF_45_A,,true,true,Yes,N/A,N/A,N/A,121,N/A,N/A
384,1770620684414,gap_time,N/A,,true,true,GapTime_780,N/A,N/A,N/A,N/A,N/A,N/A
384,1770620685200,Sentence shown,HVL_101_P,true,,true,N/A,N/A,N/A,N/A,N/A,N/A,N/A
384,1770620689201,gap_time,N/A,true,,true,GapTime_1068,N/A,N/A,N/A,N/A,N/A,N/A
384,1770620690285,Sentence shown,LVL_144_A,true,,true,N/A,N/A,N/A,N/A,N/A,N/A,N/A
384,1770620691903,IR pressed,LVL_144_A,true,,true,Spacebar,1,N/A,1618,N/A,N/A,N/A
384,1770620692031,WR pressed,LVL_144_A,true,,true,Yes,N/A,0,N/A,128,N/A,N/A
384,1770620692031,gap_time,N/A,true,,true,GapTime_991,N/A,N/A,N/A,N/A,N/A,N/A
384,1770620693023,Rest Phase started,N/A,true,,true,Rest,N/A,N/A,N/A,N/A,N/A,N/A
384,1770620700254,Sentence shown,HF_95_A,,,,N/A,N/A,N/A,N/A,N/A,N/A,N/A
384,1770620704255,gap_time,N/A,,,,GapTime_1155,N/A,N/A,N/A,N/A,N/A,N/A
384,1770620705424,Sentence shown,HF_95_A,,true,true,N/A,N/A,N/A,N/A,N/A,N/A,N/A
384,1770620707413,Validation IR pressed,HF_95_A,,true,true,Spacebar,1,N/A,1989,N/A,N/A,N/A
384,1770620707413,IR pressed,HF_95_A,,true,true,Spacebar,1,N/A,1989,N/A,N/A,N/A
384,1770620707609,WR pressed,HF_95_A,,true,true,Yes,N/A,N/A,N/A,196,N/A,N/A
384,1770620707614,gap_time,N/A,,true,true,GapTime_1167,N/A,N/A,N/A,N/A,N/A,N/A
384,1770620708783,Sentence shown,HF_66_A,,,,N/A,N/A,N/A,N/A,N/A,N/A,N/A
384,1770620712792,gap_time,N/A,,,,GapTime_1053,N/A,N/A,N/A,N/A,N/A,N/A
384,1770620713849,Sentence shown,HF_66_A,,true,true,N/A,N/A,N/A,N/A,N/A,N/A,N/A
384,1770620714703,Validation IR pressed,HF_66_A,,true,true,Spacebar,1,N/A,854,N/A,N/A,N/A
384,1770620714703,IR pressed,HF_66_A,,true,true,Spacebar,1,N/A,854,N/A,N/A,N/A
384,1770620714818,WR pressed,HF_66_A,,true,true,Yes,N/A,N/A,N/A,115,N/A,N/A
384,1770620714821,gap_time,N/A,,true,true,GapTime_890,N/A,N/A,N/A,N/A,N/A,N/A
384,1770620715722,Sentence shown,HF_84_A,,,,N/A,N/A,N/A,N/A,N/A,N/A,N/A
384,1770620719731,gap_time,N/A,,,,GapTime_1197,N/A,N/A,N/A,N/A,N/A,N/A
384,1770620720941,Sentence shown,HF_91_A,,,,N/A,N/A,N/A,N/A,N/A,N/A,N/A
384,1770620724945,gap_time,N/A,,,,GapTime_777,N/A,N/A,N/A,N/A,N/A,N/A
384,1770620725736,Sentence shown,LVL_148_A,true,,,N/A,N/A,N/A,N/A,N/A,N/A,N/A
384,1770620729739,gap_time,N/A,true,,,GapTime_1088,N/A,N/A,N/A,N/A,N/A,N/A
384,1770620730830,Sentence shown,HF_77_A,,,,N/A,N/A,N/A,N/A,N/A,N/A,N/A
384,1770620734833,gap_time,N/A,,,,GapTime_723,N/A,N/A,N/A,N/A,N/A,N/A
384,1770620735570,Sentence shown,HF_67_A,,,,N/A,N/A,N/A,N/A,N/A,N/A,N/A
384,1770620739579,gap_time,N/A,,,,GapTime_853,N/A,N/A,N/A,N/A,N/A,N/A
384,1770620740452,Sentence shown,HF_77_A,,true,true,N/A,N/A,N/A,N/A,N/A,N/A,N/A
384,1770620741784,Validation IR pressed,HF_77_A,,true,true,Spacebar,1,N/A,1332,N/A,N/A,N/A
384,1770620741784,IR pressed,HF_77_A,,true,true,Spacebar,1,N/A,1332,N/A,N/A,N/A
384,1770620741957,WR pressed,HF_77_A,,true,true,Yes,N/A,N/A,N/A,173,N/A,N/A
384,1770620741964,gap_time,N/A,,true,true,GapTime_1261,N/A,N/A,N/A,N/A,N/A,N/A
384,1770620743234,Sentence shown,HF_67_A,,true,true,N/A,N/A,N/A,N/A,N/A,N/A,N/A
384,1770620744251,Validation IR pressed,HF_67_A,,true,true,Spacebar,1,N/A,1017,N/A,N/A,N/A
384,1770620744251,IR pressed,HF_67_A,,true,true,Spacebar,1,N/A,1017,N/A,N/A,N/A
384,1770620744357,WR pressed,HF_67_A,,true,true,Yes,N/A,N/A,N/A,106,N/A,N/A
384,1770620744363,gap_time,N/A,,true,true,GapTime_1112,N/A,N/A,N/A,N/A,N/A,N/A
384,1770620745479,Sentence shown,HF_76_A,,,,N/A,N/A,N/A,N/A,N/A,N/A,N/A
384,1770620749490,gap_time,N/A,,,,GapTime_784,N/A,N/A,N/A,N/A,N/A,N/A
384,1770620750296,Sentence shown,HF_76_A,,true,true,N/A,N/A,N/A,N/A,N/A,N/A,N/A
384,1770620751203,Validation IR pressed,HF_76_A,,true,true,Spacebar,1,N/A,907,N/A,N/A,N/A
384,1770620751203,IR pressed,HF_76_A,,true,true,Spacebar,1,N/A,907,N/A,N/A,N/A
384,1770620751315,WR pressed,HF_76_A,,true,true,Yes,N/A,N/A,N/A,112,N/A,N/A
384,1770620751321,gap_time,N/A,,true,true,GapTime_824,N/A,N/A,N/A,N/A,N/A,N/A
384,1770620752148,Sentence shown,LVL_128_P,true,,,N/A,N/A,N/A,N/A,N/A,N/A,N/A
384,1770620756163,gap_time,N/A,true,,,GapTime_767,N/A,N/A,N/A,N/A,N/A,N/A
384,1770620756946,Sentence shown,LVL_148_P,true,,true,N/A,N/A,N/A,N/A,N/A,N/A,N/A
384,1770620758637,IR pressed,LVL_148_P,true,,true,Spacebar,1,N/A,1691,N/A,N/A,N/A
384,1770620758833,WR pressed,LVL_148_P,true,,true,No,N/A,1,N/A,196,N/A,N/A
384,1770620758839,gap_time,N/A,true,,true,GapTime_1113,N/A,N/A,N/A,N/A,N/A,N/A
384,1770620759954,Sentence shown,HF_69_A,,,,N/A,N/A,N/A,N/A,N/A,N/A,N/A
384,1770620763960,gap_time,N/A,,,,GapTime_926,N/A,N/A,N/A,N/A,N/A,N/A
384,1770620764888,Sentence shown,LVH_126_A,true,,,N/A,N/A,N/A,N/A,N/A,N/A,N/A
384,1770620768901,gap_time,N/A,true,,,GapTime_969,N/A,N/A,N/A,N/A,N/A,N/A
384,1770620769877,Sentence shown,HF_96_A,,,,N/A,N/A,N/A,N/A,N/A,N/A,N/A
384,1770620773889,gap_time,N/A,,,,GapTime_1144,N/A,N/A,N/A,N/A,N/A,N/A
384,1770620775042,Sentence shown,LVL_128_P,true,,true,N/A,N/A,N/A,N/A,N/A,N/A,N/A
384,1770620776082,IR pressed,LVL_128_P,true,,true,Spacebar,1,N/A,1040,N/A,N/A,N/A
384,1770620776617,WR pressed,LVL_128_P,true,,true,Yes,N/A,1,N/A,535,N/A,N/A
384,1770620776623,gap_time,N/A,true,,true,GapTime_1113,N/A,N/A,N/A,N/A,N/A,N/A
384,1770620777743,Sentence shown,LVH_121_P,true,,,N/A,N/A,N/A,N/A,N/A,N/A,N/A
384,1770620781744,gap_time,N/A,true,,,GapTime_1285,N/A,N/A,N/A,N/A,N/A,N/A
384,1770620783031,Sentence shown,HVL_105_P,true,,,N/A,N/A,N/A,N/A,N/A,N/A,N/A
384,1770620787033,gap_time,N/A,true,,,GapTime_1223,N/A,N/A,N/A,N/A,N/A,N/A
384,1770620788270,Sentence shown,HH_143_A,true,,,N/A,N/A,N/A,N/A,N/A,N/A,N/A
384,1770620792280,gap_time,N/A,true,,,GapTime_1137,N/A,N/A,N/A,N/A,N/A,N/A
384,1770620793427,Sentence shown,HF_75_A,,,,N/A,N/A,N/A,N/A,N/A,N/A,N/A
384,1770620797440,gap_time,N/A,,,,GapTime_891,N/A,N/A,N/A,N/A,N/A,N/A
384,1770620798342,Sentence shown,LVH_170_P,true,,,N/A,N/A,N/A,N/A,N/A,N/A,N/A
384,1770620802353,gap_time,N/A,true,,,GapTime_1112,N/A,N/A,N/A,N/A,N/A,N/A
384,1770620803476,Sentence shown,HF_73_A,,,,N/A,N/A,N/A,N/A,N/A,N/A,N/A
384,1770620807483,gap_time,N/A,,,,GapTime_1155,N/A,N/A,N/A,N/A,N/A,N/A
384,1770620808642,Sentence shown,LVH_126_A,true,,true,N/A,N/A,N/A,N/A,N/A,N/A,N/A
384,1770620810188,IR pressed,LVH_126_A,true,,true,Spacebar,1,N/A,1546,N/A,N/A,N/A
384,1770620811094,WR pressed,LVH_126_A,true,,true,Yes,N/A,1,N/A,906,N/A,N/A
384,1770620811094,gap_time,N/A,true,,true,GapTime_768,N/A,N/A,N/A,N/A,N/A,N/A
384,1770620811867,Sentence shown,HF_94_A,,,,N/A,N/A,N/A,N/A,N/A,N/A,N/A
384,1770620815878,gap_time,N/A,,,,GapTime_846,N/A,N/A,N/A,N/A,N/A,N/A
384,1770620816729,Sentence shown,HVL_105_P,true,,true,N/A,N/A,N/A,N/A,N/A,N/A,N/A
384,1770620818244,IR pressed,HVL_105_P,true,,true,Spacebar,1,N/A,1515,N/A,N/A,N/A
384,1770620818678,WR pressed,HVL_105_P,true,,true,Yes,N/A,1,N/A,434,N/A,N/A
384,1770620818684,gap_time,N/A,true,,true,GapTime_1000,N/A,N/A,N/A,N/A,N/A,N/A
384,1770620819689,Sentence shown,HH_164_P,true,,,N/A,N/A,N/A,N/A,N/A,N/A,N/A
384,1770620823702,gap_time,N/A,true,,,GapTime_1072,N/A,N/A,N/A,N/A,N/A,N/A
384,1770620824776,Sentence shown,LVH_121_A,true,,true,N/A,N/A,N/A,N/A,N/A,N/A,N/A
384,1770620826072,IR pressed,LVH_121_A,true,,true,Spacebar,1,N/A,1296,N/A,N/A,N/A
384,1770620826375,WR pressed,LVH_121_A,true,,true,Yes,N/A,0,N/A,303,N/A,N/A
384,1770620826381,gap_time,N/A,true,,true,GapTime_899,N/A,N/A,N/A,N/A,N/A,N/A
384,1770620827294,Sentence shown,HF_83_A,,,,N/A,N/A,N/A,N/A,N/A,N/A,N/A
384,1770620831303,gap_time,N/A,,,,GapTime_805,N/A,N/A,N/A,N/A,N/A,N/A
384,1770620832121,Sentence shown,HF_70_A,,,,N/A,N/A,N/A,N/A,N/A,N/A,N/A
384,1770620836137,gap_time,N/A,,,,GapTime_956,N/A,N/A,N/A,N/A,N/A,N/A
384,1770620837104,Sentence shown,HF_83_A,,true,true,N/A,N/A,N/A,N/A,N/A,N/A,N/A
384,1770620838543,Validation IR pressed,HF_83_A,,true,true,Spacebar,1,N/A,1439,N/A,N/A,N/A
384,1770620838543,IR pressed,HF_83_A,,true,true,Spacebar,1,N/A,1439,N/A,N/A,N/A
384,1770620839006,WR pressed,HF_83_A,,true,true,Yes,N/A,N/A,N/A,463,N/A,N/A
384,1770620839012,gap_time,N/A,,true,true,GapTime_1042,N/A,N/A,N/A,N/A,N/A,N/A
384,1770620840068,Sentence shown,HH_143_P,true,,true,N/A,N/A,N/A,N/A,N/A,N/A,N/A
384,1770620843785,IR pressed,HH_143_P,true,,true,Spacebar,1,N/A,3717,N/A,N/A,N/A
384,1770620844379,WR pressed,HH_143_P,true,,true,Yes,N/A,0,N/A,594,N/A,N/A
384,1770620844384,gap_time,N/A,true,,true,GapTime_824,N/A,N/A,N/A,N/A,N/A,N/A
384,1770620845210,Sentence shown,HVL_129_A,true,,,N/A,N/A,N/A,N/A,N/A,N/A,N/A
384,1770620849214,gap_time,N/A,true,,,GapTime_707,N/A,N/A,N/A,N/A,N/A,N/A
384,1770620849934,Sentence shown,HF_70_A,,true,true,N/A,N/A,N/A,N/A,N/A,N/A,N/A
384,1770620853945,Validation Missed,HF_70_A,,true,true,None,0,N/A,N/A,N/A,N/A,N/A
384,1770620853945,gap_time,N/A,,true,true,GapTime_975,N/A,N/A,N/A,N/A,N/A,N/A
384,1770620854923,Sentence shown,HF_80_A,,,,N/A,N/A,N/A,N/A,N/A,N/A,N/A
384,1770620858925,gap_time,N/A,,,,GapTime_1018,N/A,N/A,N/A,N/A,N/A,N/A
384,1770620859960,Sentence shown,LVH_170_P,true,,true,N/A,N/A,N/A,N/A,N/A,N/A,N/A
384,1770620861688,IR pressed,LVH_170_P,true,,true,Spacebar,1,N/A,1728,N/A,N/A,N/A
384,1770620862550,WR pressed,LVH_170_P,true,,true,No,N/A,0,N/A,862,N/A,N/A
384,1770620862556,gap_time,N/A,true,,true,GapTime_802,N/A,N/A,N/A,N/A,N/A,N/A
384,1770620863366,Sentence shown,HF_68_A,,,,N/A,N/A,N/A,N/A,N/A,N/A,N/A
384,1770620867379,gap_time,N/A,,,,GapTime_1001,N/A,N/A,N/A,N/A,N/A,N/A
384,1770620868382,Sentence shown,HF_85_A,,,,N/A,N/A,N/A,N/A,N/A,N/A,N/A
384,1770620872398,gap_time,N/A,,,,GapTime_1216,N/A,N/A,N/A,N/A,N/A,N/A
384,1770620873628,Sentence shown,LVL_124_P,true,,,N/A,N/A,N/A,N/A,N/A,N/A,N/A
384,1770620877636,gap_time,N/A,true,,,GapTime_1150,N/A,N/A,N/A,N/A,N/A,N/A
384,1770620878788,Sentence shown,HH_164_A,true,,true,N/A,N/A,N/A,N/A,N/A,N/A,N/A
384,1770620880358,IR pressed,HH_164_A,true,,true,Spacebar,1,N/A,1570,N/A,N/A,N/A
384,1770620882271,WR pressed,HH_164_A,true,,true,Yes,N/A,0,N/A,1913,N/A,N/A
384,1770620882277,gap_time,N/A,true,,true,GapTime_1220,N/A,N/A,N/A,N/A,N/A,N/A
384,1770620883500,Sentence shown,HF_93_A,,,,N/A,N/A,N/A,N/A,N/A,N/A,N/A
384,1770620887506,gap_time,N/A,,,,GapTime_1010,N/A,N/A,N/A,N/A,N/A,N/A
384,1770620888521,Sentence shown,HVL_129_A,true,,true,N/A,N/A,N/A,N/A,N/A,N/A,N/A
384,1770620890894,IR pressed,HVL_129_A,true,,true,Spacebar,1,N/A,2373,N/A,N/A,N/A
384,1770620891325,WR pressed,HVL_129_A,true,,true,Yes,N/A,1,N/A,431,N/A,N/A
384,1770620891332,gap_time,N/A,true,,true,GapTime_1066,N/A,N/A,N/A,N/A,N/A,N/A
384,1770620892415,Sentence shown,HF_86_A,,,,N/A,N/A,N/A,N/A,N/A,N/A,N/A
384,1770620896430,gap_time,N/A,,,,GapTime_1290,N/A,N/A,N/A,N/A,N/A,N/A
384,1770620897728,Sentence shown,LVH_157_A,true,,,N/A,N/A,N/A,N/A,N/A,N/A,N/A
384,1770620901730,gap_time,N/A,true,,,GapTime_713,N/A,N/A,N/A,N/A,N/A,N/A
384,1770620902455,Sentence shown,HH_141_A,true,,,N/A,N/A,N/A,N/A,N/A,N/A,N/A
384,1770620906459,gap_time,N/A,true,,,GapTime_1251,N/A,N/A,N/A,N/A,N/A,N/A
384,1770620907712,Sentence shown,HF_86_A,,true,true,N/A,N/A,N/A,N/A,N/A,N/A,N/A
384,1770620909296,Validation IR pressed,HF_86_A,,true,true,Spacebar,1,N/A,1584,N/A,N/A,N/A
384,1770620909296,IR pressed,HF_86_A,,true,true,Spacebar,1,N/A,1584,N/A,N/A,N/A
384,1770620909638,WR pressed,HF_86_A,,true,true,Yes,N/A,N/A,N/A,342,N/A,N/A
384,1770620909639,gap_time,N/A,,true,true,GapTime_1015,N/A,N/A,N/A,N/A,N/A,N/A
384,1770620910672,Sentence shown,HF_89_A,,,,N/A,N/A,N/A,N/A,N/A,N/A,N/A
384,1770620914684,gap_time,N/A,,,,GapTime_1026,N/A,N/A,N/A,N/A,N/A,N/A
384,1770620915726,Sentence shown,LVL_124_A,true,,true,N/A,N/A,N/A,N/A,N/A,N/A,N/A
384,1770620919737,gap_time,N/A,true,,true,GapTime_709,N/A,N/A,N/A,N/A,N/A,N/A
384,1770620920456,Sentence shown,HF_74_A,,,,N/A,N/A,N/A,N/A,N/A,N/A,N/A
384,1770620924470,gap_time,N/A,,,,GapTime_1048,N/A,N/A,N/A,N/A,N/A,N/A
384,1770620925527,Sentence shown,HF_74_A,,true,true,N/A,N/A,N/A,N/A,N/A,N/A,N/A
384,1770620926480,Validation IR pressed,HF_74_A,,true,true,Spacebar,1,N/A,953,N/A,N/A,N/A
384,1770620926480,IR pressed,HF_74_A,,true,true,Spacebar,1,N/A,953,N/A,N/A,N/A
384,1770620926601,WR pressed,HF_74_A,,true,true,Yes,N/A,N/A,N/A,121,N/A,N/A
384,1770620926601,gap_time,N/A,,true,true,GapTime_1298,N/A,N/A,N/A,N/A,N/A,N/A
384,1770620927911,Sentence shown,HF_78_A,,,,N/A,N/A,N/A,N/A,N/A,N/A,N/A
384,1770620931913,gap_time,N/A,,,,GapTime_1116,N/A,N/A,N/A,N/A,N/A,N/A
384,1770620933037,Sentence shown,HF_71_A,,,,N/A,N/A,N/A,N/A,N/A,N/A,N/A
384,1770620937050,gap_time,N/A,,,,GapTime_1183,N/A,N/A,N/A,N/A,N/A,N/A
384,1770620938246,Sentence shown,HF_97_A,,,,N/A,N/A,N/A,N/A,N/A,N/A,N/A
384,1770620942257,gap_time,N/A,,,,GapTime_966,N/A,N/A,N/A,N/A,N/A,N/A
384,1770620943237,Sentence shown,HH_141_A,true,,true,N/A,N/A,N/A,N/A,N/A,N/A,N/A
384,1770620947240,gap_time,N/A,true,,true,GapTime_1124,N/A,N/A,N/A,N/A,N/A,N/A
384,1770620948378,Sentence shown,LVH_157_P,true,,true,N/A,N/A,N/A,N/A,N/A,N/A,N/A
384,1770620951071,IR pressed,LVH_157_P,true,,true,Spacebar,1,N/A,2693,N/A,N/A,N/A
384,1770620951282,WR pressed,LVH_157_P,true,,true,Yes,N/A,0,N/A,211,N/A,N/A
384,1770620951289,gap_time,N/A,true,,true,GapTime_809,N/A,N/A,N/A,N/A,N/A,N/A
384,1770620952099,Sentence shown,HF_88_A,,,,N/A,N/A,N/A,N/A,N/A,N/A,N/A
384,1770620956102,gap_time,N/A,,,,GapTime_1156,N/A,N/A,N/A,N/A,N/A,N/A
384,1770620957271,Sentence shown,HF_90_A,,,,N/A,N/A,N/A,N/A,N/A,N/A,N/A
384,1770620961284,gap_time,N/A,,,,GapTime_703,N/A,N/A,N/A,N/A,N/A,N/A
384,1770620961995,Sentence shown,HF_90_A,,true,true,N/A,N/A,N/A,N/A,N/A,N/A,N/A
384,1770620963020,Validation IR pressed,HF_90_A,,true,true,Spacebar,1,N/A,1025,N/A,N/A,N/A
384,1770620963020,IR pressed,HF_90_A,,true,true,Spacebar,1,N/A,1025,N/A,N/A,N/A
384,1770620963278,WR pressed,HF_90_A,,true,true,Yes,N/A,N/A,N/A,258,N/A,N/A
384,1770620963283,gap_time,N/A,,true,true,GapTime_1123,N/A,N/A,N/A,N/A,N/A,N/A
384,1770620964414,Sentence shown,HF_81_A,,,,N/A,N/A,N/A,N/A,N/A,N/A,N/A
384,1770620968430,gap_time,N/A,,,,GapTime_747,N/A,N/A,N/A,N/A,N/A,N/A
384,1770620969190,Sentence shown,HF_82_A,,,,N/A,N/A,N/A,N/A,N/A,N/A,N/A
384,1770620973193,gap_time,N/A,,,,GapTime_1293,N/A,N/A,N/A,N/A,N/A,N/A
384,1770620974498,Sentence shown,HH_177_P,true,,,N/A,N/A,N/A,N/A,N/A,N/A,N/A
384,1770620978505,gap_time,N/A,true,,,GapTime_884,N/A,N/A,N/A,N/A,N/A,N/A
384,1770620979408,Sentence shown,HVL_103_A,true,,,N/A,N/A,N/A,N/A,N/A,N/A,N/A
384,1770620983413,gap_time,N/A,true,,,GapTime_1209,N/A,N/A,N/A,N/A,N/A,N/A
384,1770620984633,Sentence shown,HF_92_A,,,,N/A,N/A,N/A,N/A,N/A,N/A,N/A
384,1770620988646,gap_time,N/A,,,,GapTime_817,N/A,N/A,N/A,N/A,N/A,N/A
384,1770620989472,Sentence shown,HF_72_A,,,,N/A,N/A,N/A,N/A,N/A,N/A,N/A
384,1770620993477,gap_time,N/A,,,,GapTime_1106,N/A,N/A,N/A,N/A,N/A,N/A
384,1770620994599,Sentence shown,LVL_106_A,true,,,N/A,N/A,N/A,N/A,N/A,N/A,N/A
384,1770620998612,gap_time,N/A,true,,,GapTime_719,N/A,N/A,N/A,N/A,N/A,N/A
384,1770620999347,Sentence shown,HF_79_A,,,,N/A,N/A,N/A,N/A,N/A,N/A,N/A
384,1770621003361,gap_time,N/A,,,,GapTime_1256,N/A,N/A,N/A,N/A,N/A,N/A
384,1770621004627,Sentence shown,HVL_103_P,true,,true,N/A,N/A,N/A,N/A,N/A,N/A,N/A
384,1770621006047,IR pressed,HVL_103_P,true,,true,Spacebar,1,N/A,1420,N/A,N/A,N/A
384,1770621007054,WR pressed,HVL_103_P,true,,true,No,N/A,1,N/A,1007,N/A,N/A
384,1770621007061,gap_time,N/A,true,,true,GapTime_960,N/A,N/A,N/A,N/A,N/A,N/A
384,1770621008036,Sentence shown,HVL_154_P,true,,,N/A,N/A,N/A,N/A,N/A,N/A,N/A
384,1770621012047,gap_time,N/A,true,,,GapTime_1141,N/A,N/A,N/A,N/A,N/A,N/A
384,1770621013203,Sentence shown,HH_177_P,true,,true,N/A,N/A,N/A,N/A,N/A,N/A,N/A
384,1770621017207,gap_time,N/A,true,,true,GapTime_788,N/A,N/A,N/A,N/A,N/A,N/A
384,1770621018013,Sentence shown,HF_87_A,,,,N/A,N/A,N/A,N/A,N/A,N/A,N/A
384,1770621022021,gap_time,N/A,,,,GapTime_1091,N/A,N/A,N/A,N/A,N/A,N/A
384,1770621023119,Sentence shown,LVL_106_A,true,,true,N/A,N/A,N/A,N/A,N/A,N/A,N/A
384,1770621027135,gap_time,N/A,true,,true,GapTime_984,N/A,N/A,N/A,N/A,N/A,N/A
384,1770621028135,Sentence shown,HVL_154_A,true,,true,N/A,N/A,N/A,N/A,N/A,N/A,N/A
384,1770621029914,IR pressed,HVL_154_A,true,,true,Spacebar,1,N/A,1779,N/A,N/A,N/A
384,1770621030246,WR pressed,HVL_154_A,true,,true,Yes,N/A,0,N/A,332,N/A,N/A
384,1770621030253,gap_time,N/A,true,,true,GapTime_1007,N/A,N/A,N/A,N/A,N/A,N/A
