participant_ID,Timestamp,Event,Stimulus,isTarget,isValidation,isRepeat,Button,Accuracy IR,Accuracy WR,Reaction_time_IR,Reaction_time_WR,CR_IR,CR_WR
396,1770659314571,Practice Sentence shown,HL_104_A,,,,N/A,N/A,N/A,N/A,N/A,N/A,N/A
396,1770659320075,Practice Sentence shown,HL_61_A,,,,N/A,N/A,N/A,N/A,N/A,N/A,N/A
396,1770659325579,Practice Sentence shown,HL_110_A,,,,N/A,N/A,N/A,N/A,N/A,N/A,N/A
396,1770659331082,Practice Sentence shown,HL_114_A,,,,N/A,N/A,N/A,N/A,N/A,N/A,N/A
396,1770659336584,Practice Sentence shown,HH_133_A,true,,,N/A,N/A,N/A,N/A,N/A,N/A,N/A
396,1770659342087,Practice Sentence shown,HH_116_A,true,,,N/A,N/A,N/A,N/A,N/A,N/A,N/A
396,1770659347591,Practice Sentence shown,HL_65_A,,,,N/A,N/A,N/A,N/A,N/A,N/A,N/A
396,1770659353094,Practice Sentence shown,HH_125_A,true,,,N/A,N/A,N/A,N/A,N/A,N/A,N/A
396,1770659358596,Practice Sentence shown,HH_135_A,true,,,N/A,N/A,N/A,N/A,N/A,N/A,N/A
396,1770659364100,Practice Sentence shown,HL_72_A,,,,N/A,N/A,N/A,N/A,N/A,N/A,N/A
396,1770659366687,Practice IR pressed,HL_72_A,,,,Spacebar,0,N/A,2586,N/A,N/A,N/A
396,1770659370712,Practice Sentence shown,HH_116_P,true,,true,N/A,N/A,N/A,N/A,N/A,N/A,N/A
396,1770659372326,Practice IR pressed,HH_116_P,true,,true,Spacebar,1,N/A,1614,N/A,N/A,N/A
396,1770659375573,Practice WR pressed,HH_116_P,true,,true,No,N/A,1,N/A,3247,N/A,N/A
396,1770659377076,Practice Sentence shown,HL_99_A,,,,N/A,N/A,N/A,N/A,N/A,N/A,N/A
396,1770659378900,Practice IR pressed,HL_99_A,,,,Spacebar,0,N/A,1823,N/A,N/A,N/A
396,1770659381961,Practice Sentence shown,HH_133_A,true,,true,N/A,N/A,N/A,N/A,N/A,N/A,N/A
396,1770659383669,Practice IR pressed,HH_133_A,true,,true,Spacebar,1,N/A,1708,N/A,N/A,N/A
396,1770659384207,Practice WR pressed,HH_133_A,true,,true,Yes,N/A,1,N/A,538,N/A,N/A
396,1770659385710,Practice Sentence shown,HL_60_A,,,,N/A,N/A,N/A,N/A,N/A,N/A,N/A
396,1770659391213,Practice Sentence shown,HH_125_P,true,,true,N/A,N/A,N/A,N/A,N/A,N/A,N/A
396,1770659392966,Practice IR pressed,HH_125_P,true,,true,Spacebar,1,N/A,1753,N/A,N/A,N/A
396,1770659395696,Practice WR pressed,HH_125_P,true,,true,No,N/A,1,N/A,2730,N/A,N/A
396,1770659397199,Practice Sentence shown,HH_135_A,true,,true,N/A,N/A,N/A,N/A,N/A,N/A,N/A
396,1770659399663,Practice IR pressed,HH_135_A,true,,true,Spacebar,1,N/A,2464,N/A,N/A,N/A
396,1770659402629,Practice WR pressed,HH_135_A,true,,true,Yes,N/A,1,N/A,2966,N/A,N/A
396,1770659404132,Practice Sentence shown,HH_130_A,true,,,N/A,N/A,N/A,N/A,N/A,N/A,N/A
396,1770659409635,Practice Sentence shown,HL_81_A,,,,N/A,N/A,N/A,N/A,N/A,N/A,N/A
396,1770659415138,Practice Sentence shown,HL_87_A,,,,N/A,N/A,N/A,N/A,N/A,N/A,N/A
396,1770659420642,Practice Sentence shown,HH_130_P,true,,true,N/A,N/A,N/A,N/A,N/A,N/A,N/A
396,1770659421968,Practice IR pressed,HH_130_P,true,,true,Spacebar,1,N/A,1326,N/A,N/A,N/A
396,1770659423034,Practice WR pressed,HH_130_P,true,,true,No,N/A,1,N/A,1066,N/A,N/A
396,1770659450315,Sentence shown,HF_28_A,,,,N/A,N/A,N/A,N/A,N/A,N/A,N/A
396,1770659454317,gap_time,N/A,,,,GapTime_872,N/A,N/A,N/A,N/A,N/A,N/A
396,1770659455192,Sentence shown,HF_28_A,,true,true,N/A,N/A,N/A,N/A,N/A,N/A,N/A
396,1770659456298,Validation IR pressed,HF_28_A,,true,true,Spacebar,1,N/A,1105,N/A,N/A,N/A
396,1770659456298,IR pressed,HF_28_A,,true,true,Spacebar,1,N/A,1105,N/A,N/A,N/A
396,1770659457558,WR pressed,HF_28_A,,true,true,Yes,N/A,N/A,N/A,1260,N/A,N/A
396,1770659457559,gap_time,N/A,,true,true,GapTime_961,N/A,N/A,N/A,N/A,N/A,N/A
396,1770659458523,Sentence shown,HF_32_A,,,,N/A,N/A,N/A,N/A,N/A,N/A,N/A
396,1770659462524,gap_time,N/A,,,,GapTime_810,N/A,N/A,N/A,N/A,N/A,N/A
396,1770659463336,Sentence shown,HVL_123_P,true,,,N/A,N/A,N/A,N/A,N/A,N/A,N/A
396,1770659467337,gap_time,N/A,true,,,GapTime_1006,N/A,N/A,N/A,N/A,N/A,N/A
396,1770659468346,Sentence shown,HF_19_A,,,,N/A,N/A,N/A,N/A,N/A,N/A,N/A
396,1770659472347,gap_time,N/A,,,,GapTime_1075,N/A,N/A,N/A,N/A,N/A,N/A
396,1770659473424,Sentence shown,HF_26_A,,,,N/A,N/A,N/A,N/A,N/A,N/A,N/A
396,1770659477426,gap_time,N/A,,,,GapTime_1027,N/A,N/A,N/A,N/A,N/A,N/A
396,1770659478456,Sentence shown,HF_1_A,,,,N/A,N/A,N/A,N/A,N/A,N/A,N/A
396,1770659482457,gap_time,N/A,,,,GapTime_1280,N/A,N/A,N/A,N/A,N/A,N/A
396,1770659483739,Sentence shown,HVL_123_P,true,,true,N/A,N/A,N/A,N/A,N/A,N/A,N/A
396,1770659484848,IR pressed,HVL_123_P,true,,true,Spacebar,1,N/A,1109,N/A,N/A,N/A
396,1770659487023,WR pressed,HVL_123_P,true,,true,Yes,N/A,1,N/A,2175,N/A,N/A
396,1770659487024,gap_time,N/A,true,,true,GapTime_875,N/A,N/A,N/A,N/A,N/A,N/A
396,1770659487902,Sentence shown,HF_26_A,,true,true,N/A,N/A,N/A,N/A,N/A,N/A,N/A
396,1770659490089,Validation IR pressed,HF_26_A,,true,true,Spacebar,1,N/A,2187,N/A,N/A,N/A
396,1770659490089,IR pressed,HF_26_A,,true,true,Spacebar,1,N/A,2187,N/A,N/A,N/A
396,1770659490833,WR pressed,HF_26_A,,true,true,Yes,N/A,N/A,N/A,744,N/A,N/A
396,1770659490834,gap_time,N/A,,true,true,GapTime_861,N/A,N/A,N/A,N/A,N/A,N/A
396,1770659491696,Sentence shown,HF_13_A,,,,N/A,N/A,N/A,N/A,N/A,N/A,N/A
396,1770659495697,gap_time,N/A,,,,GapTime_1300,N/A,N/A,N/A,N/A,N/A,N/A
396,1770659497000,Sentence shown,HF_5_A,,,,N/A,N/A,N/A,N/A,N/A,N/A,N/A
396,1770659501001,gap_time,N/A,,,,GapTime_1138,N/A,N/A,N/A,N/A,N/A,N/A
396,1770659502142,Sentence shown,HH_167_A,true,,,N/A,N/A,N/A,N/A,N/A,N/A,N/A
396,1770659506143,gap_time,N/A,true,,,GapTime_766,N/A,N/A,N/A,N/A,N/A,N/A
396,1770659506912,Sentence shown,HF_7_A,,,,N/A,N/A,N/A,N/A,N/A,N/A,N/A
396,1770659510913,gap_time,N/A,,,,GapTime_979,N/A,N/A,N/A,N/A,N/A,N/A
396,1770659511895,Sentence shown,LVL_112_A,true,,,N/A,N/A,N/A,N/A,N/A,N/A,N/A
396,1770659515896,gap_time,N/A,true,,,GapTime_892,N/A,N/A,N/A,N/A,N/A,N/A
396,1770659516790,Sentence shown,HF_7_A,,true,true,N/A,N/A,N/A,N/A,N/A,N/A,N/A
396,1770659517756,Validation IR pressed,HF_7_A,,true,true,Spacebar,1,N/A,966,N/A,N/A,N/A
396,1770659517756,IR pressed,HF_7_A,,true,true,Spacebar,1,N/A,966,N/A,N/A,N/A
396,1770659518558,WR pressed,HF_7_A,,true,true,Yes,N/A,N/A,N/A,802,N/A,N/A
396,1770659518559,gap_time,N/A,,true,true,GapTime_966,N/A,N/A,N/A,N/A,N/A,N/A
396,1770659519528,Sentence shown,HVL_111_P,true,,,N/A,N/A,N/A,N/A,N/A,N/A,N/A
396,1770659523530,gap_time,N/A,true,,,GapTime_1149,N/A,N/A,N/A,N/A,N/A,N/A
396,1770659524681,Sentence shown,HF_27_A,,,,N/A,N/A,N/A,N/A,N/A,N/A,N/A
396,1770659528682,gap_time,N/A,,,,GapTime_762,N/A,N/A,N/A,N/A,N/A,N/A
396,1770659529446,Sentence shown,LVH_144_A,true,,,N/A,N/A,N/A,N/A,N/A,N/A,N/A
396,1770659533447,gap_time,N/A,true,,,GapTime_1070,N/A,N/A,N/A,N/A,N/A,N/A
396,1770659534520,Sentence shown,HF_33_A,,,,N/A,N/A,N/A,N/A,N/A,N/A,N/A
396,1770659538521,gap_time,N/A,,,,GapTime_1190,N/A,N/A,N/A,N/A,N/A,N/A
396,1770659539713,Sentence shown,HH_167_A,true,,true,N/A,N/A,N/A,N/A,N/A,N/A,N/A
396,1770659540822,IR pressed,HH_167_A,true,,true,Spacebar,1,N/A,1109,N/A,N/A,N/A
396,1770659542752,WR pressed,HH_167_A,true,,true,Yes,N/A,1,N/A,1930,N/A,N/A
396,1770659542753,gap_time,N/A,true,,true,GapTime_1090,N/A,N/A,N/A,N/A,N/A,N/A
396,1770659543845,Sentence shown,HF_16_A,,,,N/A,N/A,N/A,N/A,N/A,N/A,N/A
396,1770659547847,gap_time,N/A,,,,GapTime_889,N/A,N/A,N/A,N/A,N/A,N/A
396,1770659548738,Sentence shown,LVL_112_P,true,,true,N/A,N/A,N/A,N/A,N/A,N/A,N/A
396,1770659550372,IR pressed,LVL_112_P,true,,true,Spacebar,1,N/A,1634,N/A,N/A,N/A
396,1770659554629,WR pressed,LVL_112_P,true,,true,No,N/A,1,N/A,4257,N/A,N/A
396,1770659554631,gap_time,N/A,true,,true,GapTime_984,N/A,N/A,N/A,N/A,N/A,N/A
396,1770659555617,Sentence shown,HF_16_A,,true,true,N/A,N/A,N/A,N/A,N/A,N/A,N/A
396,1770659556757,Validation IR pressed,HF_16_A,,true,true,Spacebar,1,N/A,1139,N/A,N/A,N/A
396,1770659556757,IR pressed,HF_16_A,,true,true,Spacebar,1,N/A,1139,N/A,N/A,N/A
396,1770659557612,WR pressed,HF_16_A,,true,true,Yes,N/A,N/A,N/A,855,N/A,N/A
396,1770659557613,gap_time,N/A,,true,true,GapTime_828,N/A,N/A,N/A,N/A,N/A,N/A
396,1770659558443,Sentence shown,HF_31_A,,,,N/A,N/A,N/A,N/A,N/A,N/A,N/A
396,1770659562445,gap_time,N/A,,,,GapTime_781,N/A,N/A,N/A,N/A,N/A,N/A
396,1770659563228,Sentence shown,HVL_111_A,true,,true,N/A,N/A,N/A,N/A,N/A,N/A,N/A
396,1770659564639,IR pressed,HVL_111_A,true,,true,Spacebar,1,N/A,1411,N/A,N/A,N/A
396,1770659565543,WR pressed,HVL_111_A,true,,true,No,N/A,1,N/A,904,N/A,N/A
396,1770659565544,gap_time,N/A,true,,true,GapTime_791,N/A,N/A,N/A,N/A,N/A,N/A
396,1770659566338,Sentence shown,HH_175_A,true,,,N/A,N/A,N/A,N/A,N/A,N/A,N/A
396,1770659570339,gap_time,N/A,true,,,GapTime_1184,N/A,N/A,N/A,N/A,N/A,N/A
396,1770659571526,Sentence shown,HF_8_A,,,,N/A,N/A,N/A,N/A,N/A,N/A,N/A
396,1770659573636,Validation Wrong IR pressed,HF_8_A,,,,Spacebar,0,N/A,2110,N/A,N/A,N/A
396,1770659573636,IR pressed,HF_8_A,,,,Spacebar,0,N/A,2110,N/A,N/A,N/A
396,1770659576253,WR pressed,HF_8_A,,,,No,N/A,N/A,N/A,2616,N/A,N/A
396,1770659576254,gap_time,N/A,,,,GapTime_1109,N/A,N/A,N/A,N/A,N/A,N/A
396,1770659577365,Sentence shown,HF_15_A,,,,N/A,N/A,N/A,N/A,N/A,N/A,N/A
396,1770659581367,gap_time,N/A,,,,GapTime_899,N/A,N/A,N/A,N/A,N/A,N/A
396,1770659582268,Sentence shown,LVH_117_A,true,,,N/A,N/A,N/A,N/A,N/A,N/A,N/A
396,1770659586270,gap_time,N/A,true,,,GapTime_937,N/A,N/A,N/A,N/A,N/A,N/A
396,1770659587210,Sentence shown,LVH_144_A,true,,true,N/A,N/A,N/A,N/A,N/A,N/A,N/A
396,1770659588360,IR pressed,LVH_144_A,true,,true,Spacebar,1,N/A,1150,N/A,N/A,N/A
396,1770659591324,WR pressed,LVH_144_A,true,,true,Yes,N/A,1,N/A,2964,N/A,N/A
396,1770659591326,gap_time,N/A,true,,true,GapTime_917,N/A,N/A,N/A,N/A,N/A,N/A
396,1770659592245,Sentence shown,HF_11_A,,,,N/A,N/A,N/A,N/A,N/A,N/A,N/A
396,1770659596247,gap_time,N/A,,,,GapTime_801,N/A,N/A,N/A,N/A,N/A,N/A
396,1770659597050,Sentence shown,HF_25_A,,,,N/A,N/A,N/A,N/A,N/A,N/A,N/A
396,1770659601052,gap_time,N/A,,,,GapTime_1075,N/A,N/A,N/A,N/A,N/A,N/A
396,1770659602128,Sentence shown,HH_175_P,true,,true,N/A,N/A,N/A,N/A,N/A,N/A,N/A
396,1770659603565,IR pressed,HH_175_P,true,,true,Spacebar,1,N/A,1436,N/A,N/A,N/A
396,1770659604051,WR pressed,HH_175_P,true,,true,No,N/A,1,N/A,486,N/A,N/A
396,1770659604053,gap_time,N/A,true,,true,GapTime_821,N/A,N/A,N/A,N/A,N/A,N/A
396,1770659604875,Sentence shown,HF_2_A,,,,N/A,N/A,N/A,N/A,N/A,N/A,N/A
396,1770659606463,Validation Wrong IR pressed,HF_2_A,,,,Spacebar,0,N/A,1588,N/A,N/A,N/A
396,1770659606463,IR pressed,HF_2_A,,,,Spacebar,0,N/A,1588,N/A,N/A,N/A
396,1770659607724,WR pressed,HF_2_A,,,,No,N/A,N/A,N/A,1261,N/A,N/A
396,1770659607725,gap_time,N/A,,,,GapTime_1098,N/A,N/A,N/A,N/A,N/A,N/A
396,1770659608825,Sentence shown,LVL_101_P,true,,,N/A,N/A,N/A,N/A,N/A,N/A,N/A
396,1770659612827,gap_time,N/A,true,,,GapTime_852,N/A,N/A,N/A,N/A,N/A,N/A
396,1770659613681,Sentence shown,HF_2_A,,true,true,N/A,N/A,N/A,N/A,N/A,N/A,N/A
396,1770659614904,Validation IR pressed,HF_2_A,,true,true,Spacebar,1,N/A,1223,N/A,N/A,N/A
396,1770659614904,IR pressed,HF_2_A,,true,true,Spacebar,1,N/A,1223,N/A,N/A,N/A
396,1770659615644,WR pressed,HF_2_A,,true,true,Yes,N/A,N/A,N/A,740,N/A,N/A
396,1770659615645,gap_time,N/A,,true,true,GapTime_1003,N/A,N/A,N/A,N/A,N/A,N/A
396,1770659616650,Sentence shown,HF_29_A,,,,N/A,N/A,N/A,N/A,N/A,N/A,N/A
396,1770659620652,gap_time,N/A,,,,GapTime_1159,N/A,N/A,N/A,N/A,N/A,N/A
396,1770659621814,Sentence shown,HH_153_P,true,,,N/A,N/A,N/A,N/A,N/A,N/A,N/A
396,1770659625815,gap_time,N/A,true,,,GapTime_776,N/A,N/A,N/A,N/A,N/A,N/A
396,1770659626593,Sentence shown,LVH_117_P,true,,true,N/A,N/A,N/A,N/A,N/A,N/A,N/A
396,1770659630595,gap_time,N/A,true,,true,GapTime_817,N/A,N/A,N/A,N/A,N/A,N/A
396,1770659631414,Sentence shown,HF_29_A,,true,true,N/A,N/A,N/A,N/A,N/A,N/A,N/A
396,1770659632493,Validation IR pressed,HF_29_A,,true,true,Spacebar,1,N/A,1079,N/A,N/A,N/A
396,1770659632493,IR pressed,HF_29_A,,true,true,Spacebar,1,N/A,1079,N/A,N/A,N/A
396,1770659633311,WR pressed,HF_29_A,,true,true,Yes,N/A,N/A,N/A,818,N/A,N/A
396,1770659633312,gap_time,N/A,,true,true,GapTime_1203,N/A,N/A,N/A,N/A,N/A,N/A
396,1770659634518,Sentence shown,HF_30_A,,,,N/A,N/A,N/A,N/A,N/A,N/A,N/A
396,1770659638519,gap_time,N/A,,,,GapTime_820,N/A,N/A,N/A,N/A,N/A,N/A
396,1770659639341,Sentence shown,HF_22_A,,,,N/A,N/A,N/A,N/A,N/A,N/A,N/A
396,1770659643343,gap_time,N/A,,,,GapTime_753,N/A,N/A,N/A,N/A,N/A,N/A
396,1770659644098,Sentence shown,LVL_101_P,true,,true,N/A,N/A,N/A,N/A,N/A,N/A,N/A
396,1770659646142,IR pressed,LVL_101_P,true,,true,Spacebar,1,N/A,2043,N/A,N/A,N/A
396,1770659646862,WR pressed,LVL_101_P,true,,true,Yes,N/A,1,N/A,720,N/A,N/A
396,1770659646863,gap_time,N/A,true,,true,GapTime_964,N/A,N/A,N/A,N/A,N/A,N/A
396,1770659647829,Sentence shown,HF_22_A,,true,true,N/A,N/A,N/A,N/A,N/A,N/A,N/A
396,1770659649082,Validation IR pressed,HF_22_A,,true,true,Spacebar,1,N/A,1253,N/A,N/A,N/A
396,1770659649082,IR pressed,HF_22_A,,true,true,Spacebar,1,N/A,1253,N/A,N/A,N/A
396,1770659649550,WR pressed,HF_22_A,,true,true,Yes,N/A,N/A,N/A,468,N/A,N/A
396,1770659649552,gap_time,N/A,,true,true,GapTime_806,N/A,N/A,N/A,N/A,N/A,N/A
396,1770659650360,Sentence shown,HF_12_A,,,,N/A,N/A,N/A,N/A,N/A,N/A,N/A
396,1770659654361,gap_time,N/A,,,,GapTime_786,N/A,N/A,N/A,N/A,N/A,N/A
396,1770659655150,Sentence shown,HF_10_A,,,,N/A,N/A,N/A,N/A,N/A,N/A,N/A
396,1770659659151,gap_time,N/A,,,,GapTime_1237,N/A,N/A,N/A,N/A,N/A,N/A
396,1770659660390,Sentence shown,LVL_113_P,true,,,N/A,N/A,N/A,N/A,N/A,N/A,N/A
396,1770659664392,gap_time,N/A,true,,,GapTime_1086,N/A,N/A,N/A,N/A,N/A,N/A
396,1770659665480,Sentence shown,HH_153_A,true,,true,N/A,N/A,N/A,N/A,N/A,N/A,N/A
396,1770659669482,gap_time,N/A,true,,true,GapTime_1012,N/A,N/A,N/A,N/A,N/A,N/A
396,1770659670496,Sentence shown,HF_10_A,,true,true,N/A,N/A,N/A,N/A,N/A,N/A,N/A
396,1770659671483,Validation IR pressed,HF_10_A,,true,true,Spacebar,1,N/A,987,N/A,N/A,N/A
396,1770659671483,IR pressed,HF_10_A,,true,true,Spacebar,1,N/A,987,N/A,N/A,N/A
396,1770659672316,WR pressed,HF_10_A,,true,true,Yes,N/A,N/A,N/A,833,N/A,N/A
396,1770659672317,gap_time,N/A,,true,true,GapTime_1104,N/A,N/A,N/A,N/A,N/A,N/A
396,1770659673424,Sentence shown,HF_14_A,,,,N/A,N/A,N/A,N/A,N/A,N/A,N/A
396,1770659676803,Validation Wrong IR pressed,HF_14_A,,,,Spacebar,0,N/A,3379,N/A,N/A,N/A
396,1770659676803,IR pressed,HF_14_A,,,,Spacebar,0,N/A,3379,N/A,N/A,N/A
396,1770659678224,WR pressed,HF_14_A,,,,No,N/A,N/A,N/A,1421,N/A,N/A
396,1770659678225,gap_time,N/A,,,,GapTime_908,N/A,N/A,N/A,N/A,N/A,N/A
396,1770659679137,Sentence shown,HH_171_P,true,,,N/A,N/A,N/A,N/A,N/A,N/A,N/A
396,1770659683138,gap_time,N/A,true,,,GapTime_1102,N/A,N/A,N/A,N/A,N/A,N/A
396,1770659684242,Sentence shown,HF_4_A,,,,N/A,N/A,N/A,N/A,N/A,N/A,N/A
396,1770659688244,gap_time,N/A,,,,GapTime_1050,N/A,N/A,N/A,N/A,N/A,N/A
396,1770659689296,Sentence shown,HVL_131_A,true,,,N/A,N/A,N/A,N/A,N/A,N/A,N/A
396,1770659693298,gap_time,N/A,true,,,GapTime_931,N/A,N/A,N/A,N/A,N/A,N/A
396,1770659694230,Sentence shown,HF_4_A,,true,true,N/A,N/A,N/A,N/A,N/A,N/A,N/A
396,1770659695533,Validation IR pressed,HF_4_A,,true,true,Spacebar,1,N/A,1303,N/A,N/A,N/A
396,1770659695533,IR pressed,HF_4_A,,true,true,Spacebar,1,N/A,1303,N/A,N/A,N/A
396,1770659696387,WR pressed,HF_4_A,,true,true,Yes,N/A,N/A,N/A,854,N/A,N/A
396,1770659696388,gap_time,N/A,,true,true,GapTime_715,N/A,N/A,N/A,N/A,N/A,N/A
396,1770659697105,Sentence shown,LVL_134_A,true,,,N/A,N/A,N/A,N/A,N/A,N/A,N/A
396,1770659701107,gap_time,N/A,true,,,GapTime_943,N/A,N/A,N/A,N/A,N/A,N/A
396,1770659702052,Sentence shown,LVL_113_A,true,,true,N/A,N/A,N/A,N/A,N/A,N/A,N/A
396,1770659703773,IR pressed,LVL_113_A,true,,true,Spacebar,1,N/A,1721,N/A,N/A,N/A
396,1770659704302,WR pressed,LVL_113_A,true,,true,No,N/A,1,N/A,528,N/A,N/A
396,1770659704303,gap_time,N/A,true,,true,GapTime_1035,N/A,N/A,N/A,N/A,N/A,N/A
396,1770659705340,Sentence shown,HF_23_A,,,,N/A,N/A,N/A,N/A,N/A,N/A,N/A
396,1770659709341,gap_time,N/A,,,,GapTime_1147,N/A,N/A,N/A,N/A,N/A,N/A
396,1770659710491,Sentence shown,HF_18_A,,,,N/A,N/A,N/A,N/A,N/A,N/A,N/A
396,1770659714493,gap_time,N/A,,,,GapTime_832,N/A,N/A,N/A,N/A,N/A,N/A
396,1770659715327,Sentence shown,HH_171_P,true,,true,N/A,N/A,N/A,N/A,N/A,N/A,N/A
396,1770659716743,IR pressed,HH_171_P,true,,true,Spacebar,1,N/A,1416,N/A,N/A,N/A
396,1770659718759,WR pressed,HH_171_P,true,,true,Yes,N/A,1,N/A,2016,N/A,N/A
396,1770659718760,gap_time,N/A,true,,true,GapTime_1259,N/A,N/A,N/A,N/A,N/A,N/A
396,1770659720022,Sentence shown,HF_23_A,,true,true,N/A,N/A,N/A,N/A,N/A,N/A,N/A
396,1770659721342,Validation IR pressed,HF_23_A,,true,true,Spacebar,1,N/A,1320,N/A,N/A,N/A
396,1770659721342,IR pressed,HF_23_A,,true,true,Spacebar,1,N/A,1320,N/A,N/A,N/A
396,1770659721790,WR pressed,HF_23_A,,true,true,Yes,N/A,N/A,N/A,448,N/A,N/A
396,1770659721791,gap_time,N/A,,true,true,GapTime_830,N/A,N/A,N/A,N/A,N/A,N/A
396,1770659722623,Sentence shown,HF_24_A,,,,N/A,N/A,N/A,N/A,N/A,N/A,N/A
396,1770659726625,gap_time,N/A,,,,GapTime_812,N/A,N/A,N/A,N/A,N/A,N/A
396,1770659727439,Sentence shown,HF_17_A,,,,N/A,N/A,N/A,N/A,N/A,N/A,N/A
396,1770659731440,gap_time,N/A,,,,GapTime_970,N/A,N/A,N/A,N/A,N/A,N/A
396,1770659732413,Sentence shown,HVL_131_P,true,,true,N/A,N/A,N/A,N/A,N/A,N/A,N/A
396,1770659735283,IR pressed,HVL_131_P,true,,true,Spacebar,1,N/A,2870,N/A,N/A,N/A
396,1770659735992,WR pressed,HVL_131_P,true,,true,No,N/A,1,N/A,709,N/A,N/A
396,1770659735993,gap_time,N/A,true,,true,GapTime_954,N/A,N/A,N/A,N/A,N/A,N/A
396,1770659736950,Sentence shown,LVL_134_A,true,,true,N/A,N/A,N/A,N/A,N/A,N/A,N/A
396,1770659738064,IR pressed,LVL_134_A,true,,true,Spacebar,1,N/A,1113,N/A,N/A,N/A
396,1770659738396,WR pressed,LVL_134_A,true,,true,Yes,N/A,1,N/A,332,N/A,N/A
396,1770659738398,gap_time,N/A,true,,true,GapTime_1269,N/A,N/A,N/A,N/A,N/A,N/A
396,1770659739669,Sentence shown,HF_6_A,,,,N/A,N/A,N/A,N/A,N/A,N/A,N/A
396,1770659743670,gap_time,N/A,,,,GapTime_946,N/A,N/A,N/A,N/A,N/A,N/A
396,1770659744618,Sentence shown,HVL_136_A,true,,,N/A,N/A,N/A,N/A,N/A,N/A,N/A
396,1770659748620,gap_time,N/A,true,,,GapTime_718,N/A,N/A,N/A,N/A,N/A,N/A
396,1770659749341,Sentence shown,LVH_157_P,true,,,N/A,N/A,N/A,N/A,N/A,N/A,N/A
396,1770659753342,gap_time,N/A,true,,,GapTime_1049,N/A,N/A,N/A,N/A,N/A,N/A
396,1770659754393,Sentence shown,HF_21_A,,,,N/A,N/A,N/A,N/A,N/A,N/A,N/A
396,1770659758394,gap_time,N/A,,,,GapTime_1026,N/A,N/A,N/A,N/A,N/A,N/A
396,1770659759422,Sentence shown,HF_20_A,,,,N/A,N/A,N/A,N/A,N/A,N/A,N/A
396,1770659763423,gap_time,N/A,,,,GapTime_748,N/A,N/A,N/A,N/A,N/A,N/A
396,1770659764174,Sentence shown,HVL_136_A,true,,true,N/A,N/A,N/A,N/A,N/A,N/A,N/A
396,1770659766427,IR pressed,HVL_136_A,true,,true,Spacebar,1,N/A,2253,N/A,N/A,N/A
396,1770659768882,WR pressed,HVL_136_A,true,,true,Yes,N/A,1,N/A,2455,N/A,N/A
396,1770659768883,gap_time,N/A,true,,true,GapTime_1273,N/A,N/A,N/A,N/A,N/A,N/A
396,1770659770159,Sentence shown,LVH_138_P,true,,,N/A,N/A,N/A,N/A,N/A,N/A,N/A
396,1770659774160,gap_time,N/A,true,,,GapTime_757,N/A,N/A,N/A,N/A,N/A,N/A
396,1770659774919,Sentence shown,HF_9_A,,,,N/A,N/A,N/A,N/A,N/A,N/A,N/A
396,1770659778920,gap_time,N/A,,,,GapTime_1164,N/A,N/A,N/A,N/A,N/A,N/A
396,1770659780087,Sentence shown,LVH_157_A,true,,true,N/A,N/A,N/A,N/A,N/A,N/A,N/A
396,1770659782281,IR pressed,LVH_157_A,true,,true,Spacebar,1,N/A,2194,N/A,N/A,N/A
396,1770659785033,WR pressed,LVH_157_A,true,,true,No,N/A,1,N/A,2752,N/A,N/A
396,1770659785034,gap_time,N/A,true,,true,GapTime_1080,N/A,N/A,N/A,N/A,N/A,N/A
396,1770659786116,Sentence shown,LVH_138_P,true,,true,N/A,N/A,N/A,N/A,N/A,N/A,N/A
396,1770659787360,IR pressed,LVH_138_P,true,,true,Spacebar,1,N/A,1244,N/A,N/A,N/A
396,1770659787877,WR pressed,LVH_138_P,true,,true,Yes,N/A,1,N/A,517,N/A,N/A
396,1770659787879,gap_time,N/A,true,,true,GapTime_756,N/A,N/A,N/A,N/A,N/A,N/A
396,1770659788636,Rest Phase started,N/A,true,,true,Rest,N/A,N/A,N/A,N/A,N/A,N/A
396,1770659930827,Sentence shown,HF_47_A,,,,N/A,N/A,N/A,N/A,N/A,N/A,N/A
396,1770659934829,gap_time,N/A,,,,GapTime_1094,N/A,N/A,N/A,N/A,N/A,N/A
396,1770659935925,Sentence shown,HF_50_A,,,,N/A,N/A,N/A,N/A,N/A,N/A,N/A
396,1770659939927,gap_time,N/A,,,,GapTime_745,N/A,N/A,N/A,N/A,N/A,N/A
396,1770659940674,Sentence shown,HF_50_A,,true,true,N/A,N/A,N/A,N/A,N/A,N/A,N/A
396,1770659941796,Validation IR pressed,HF_50_A,,true,true,Spacebar,1,N/A,1122,N/A,N/A,N/A
396,1770659941796,IR pressed,HF_50_A,,true,true,Spacebar,1,N/A,1122,N/A,N/A,N/A
396,1770659942364,WR pressed,HF_50_A,,true,true,Yes,N/A,N/A,N/A,567,N/A,N/A
396,1770659942365,gap_time,N/A,,true,true,GapTime_978,N/A,N/A,N/A,N/A,N/A,N/A
396,1770659943345,Sentence shown,LVL_123_P,true,,,N/A,N/A,N/A,N/A,N/A,N/A,N/A
396,1770659947347,gap_time,N/A,true,,,GapTime_1076,N/A,N/A,N/A,N/A,N/A,N/A
396,1770659948425,Sentence shown,HF_34_A,,,,N/A,N/A,N/A,N/A,N/A,N/A,N/A
396,1770659952426,gap_time,N/A,,,,GapTime_1014,N/A,N/A,N/A,N/A,N/A,N/A
396,1770659953443,Sentence shown,LVL_100_A,true,,,N/A,N/A,N/A,N/A,N/A,N/A,N/A
396,1770659957444,gap_time,N/A,true,,,GapTime_1222,N/A,N/A,N/A,N/A,N/A,N/A
396,1770659958669,Sentence shown,HF_53_A,,,,N/A,N/A,N/A,N/A,N/A,N/A,N/A
396,1770659962670,gap_time,N/A,,,,GapTime_1181,N/A,N/A,N/A,N/A,N/A,N/A
396,1770659963853,Sentence shown,HF_34_A,,true,true,N/A,N/A,N/A,N/A,N/A,N/A,N/A
396,1770659964783,Validation IR pressed,HF_34_A,,true,true,Spacebar,1,N/A,930,N/A,N/A,N/A
396,1770659964783,IR pressed,HF_34_A,,true,true,Spacebar,1,N/A,930,N/A,N/A,N/A
396,1770659966484,WR pressed,HF_34_A,,true,true,Yes,N/A,N/A,N/A,1700,N/A,N/A
396,1770659966485,gap_time,N/A,,true,true,GapTime_884,N/A,N/A,N/A,N/A,N/A,N/A
396,1770659967371,Sentence shown,HF_51_A,,,,N/A,N/A,N/A,N/A,N/A,N/A,N/A
396,1770659971373,gap_time,N/A,,,,GapTime_972,N/A,N/A,N/A,N/A,N/A,N/A
396,1770659972347,Sentence shown,HF_54_A,,,,N/A,N/A,N/A,N/A,N/A,N/A,N/A
396,1770659976349,gap_time,N/A,,,,GapTime_1127,N/A,N/A,N/A,N/A,N/A,N/A
396,1770659977478,Sentence shown,HVL_138_A,true,,,N/A,N/A,N/A,N/A,N/A,N/A,N/A
396,1770659981479,gap_time,N/A,true,,,GapTime_947,N/A,N/A,N/A,N/A,N/A,N/A
396,1770659982429,Sentence shown,HF_52_A,,,,N/A,N/A,N/A,N/A,N/A,N/A,N/A
396,1770659986430,gap_time,N/A,,,,GapTime_1164,N/A,N/A,N/A,N/A,N/A,N/A
396,1770659987597,Sentence shown,LVL_123_P,true,,true,N/A,N/A,N/A,N/A,N/A,N/A,N/A
396,1770659988919,IR pressed,LVL_123_P,true,,true,Spacebar,1,N/A,1322,N/A,N/A,N/A
396,1770659990279,WR pressed,LVL_123_P,true,,true,Yes,N/A,1,N/A,1359,N/A,N/A
396,1770659990280,gap_time,N/A,true,,true,GapTime_906,N/A,N/A,N/A,N/A,N/A,N/A
396,1770659991188,Sentence shown,HF_35_A,,,,N/A,N/A,N/A,N/A,N/A,N/A,N/A
396,1770659995189,gap_time,N/A,,,,GapTime_854,N/A,N/A,N/A,N/A,N/A,N/A
396,1770659996046,Sentence shown,HF_36_A,,,,N/A,N/A,N/A,N/A,N/A,N/A,N/A
396,1770660000048,gap_time,N/A,,,,GapTime_1149,N/A,N/A,N/A,N/A,N/A,N/A
396,1770660001199,Sentence shown,LVL_100_P,true,,true,N/A,N/A,N/A,N/A,N/A,N/A,N/A
396,1770660003301,IR pressed,LVL_100_P,true,,true,Spacebar,1,N/A,2102,N/A,N/A,N/A
396,1770660005878,WR pressed,LVL_100_P,true,,true,No,N/A,1,N/A,2577,N/A,N/A
396,1770660005880,gap_time,N/A,true,,true,GapTime_1239,N/A,N/A,N/A,N/A,N/A,N/A
396,1770660007120,Sentence shown,HH_148_A,true,,,N/A,N/A,N/A,N/A,N/A,N/A,N/A
396,1770660011122,gap_time,N/A,true,,,GapTime_821,N/A,N/A,N/A,N/A,N/A,N/A
396,1770660011945,Sentence shown,HF_37_A,,,,N/A,N/A,N/A,N/A,N/A,N/A,N/A
396,1770660015946,gap_time,N/A,,,,GapTime_998,N/A,N/A,N/A,N/A,N/A,N/A
396,1770660016946,Sentence shown,HVL_138_P,true,,true,N/A,N/A,N/A,N/A,N/A,N/A,N/A
396,1770660018664,IR pressed,HVL_138_P,true,,true,Spacebar,1,N/A,1717,N/A,N/A,N/A
396,1770660024294,WR pressed,HVL_138_P,true,,true,No,N/A,1,N/A,5630,N/A,N/A
396,1770660024295,gap_time,N/A,true,,true,GapTime_716,N/A,N/A,N/A,N/A,N/A,N/A
396,1770660025013,Sentence shown,HVL_122_P,true,,,N/A,N/A,N/A,N/A,N/A,N/A,N/A
396,1770660029015,gap_time,N/A,true,,,GapTime_1150,N/A,N/A,N/A,N/A,N/A,N/A
396,1770660030167,Sentence shown,HF_57_A,,,,N/A,N/A,N/A,N/A,N/A,N/A,N/A
396,1770660034169,gap_time,N/A,,,,GapTime_883,N/A,N/A,N/A,N/A,N/A,N/A
396,1770660035054,Sentence shown,HF_48_A,,,,N/A,N/A,N/A,N/A,N/A,N/A,N/A
396,1770660039055,gap_time,N/A,,,,GapTime_1150,N/A,N/A,N/A,N/A,N/A,N/A
396,1770660040207,Sentence shown,HF_48_A,,true,true,N/A,N/A,N/A,N/A,N/A,N/A,N/A
396,1770660041620,Validation IR pressed,HF_48_A,,true,true,Spacebar,1,N/A,1413,N/A,N/A,N/A
396,1770660041620,IR pressed,HF_48_A,,true,true,Spacebar,1,N/A,1413,N/A,N/A,N/A
396,1770660042312,WR pressed,HF_48_A,,true,true,Yes,N/A,N/A,N/A,692,N/A,N/A
396,1770660042314,gap_time,N/A,,true,true,GapTime_1070,N/A,N/A,N/A,N/A,N/A,N/A
396,1770660043386,Sentence shown,HF_57_A,,true,true,N/A,N/A,N/A,N/A,N/A,N/A,N/A
396,1770660045238,Validation IR pressed,HF_57_A,,true,true,Spacebar,1,N/A,1852,N/A,N/A,N/A
396,1770660045238,IR pressed,HF_57_A,,true,true,Spacebar,1,N/A,1852,N/A,N/A,N/A
396,1770660045702,WR pressed,HF_57_A,,true,true,Yes,N/A,N/A,N/A,464,N/A,N/A
396,1770660045703,gap_time,N/A,,true,true,GapTime_1078,N/A,N/A,N/A,N/A,N/A,N/A
396,1770660046783,Sentence shown,HF_61_A,,,,N/A,N/A,N/A,N/A,N/A,N/A,N/A
396,1770660050785,gap_time,N/A,,,,GapTime_1197,N/A,N/A,N/A,N/A,N/A,N/A
396,1770660051984,Sentence shown,HVL_100_A,true,,,N/A,N/A,N/A,N/A,N/A,N/A,N/A
396,1770660055015,Validation Wrong IR pressed,HVL_100_A,true,,,Spacebar,0,N/A,3030,N/A,N/A,N/A
396,1770660055015,IR pressed,HVL_100_A,true,,,Spacebar,0,N/A,3030,N/A,N/A,N/A
396,1770660056925,WR pressed,HVL_100_A,true,,,No,N/A,0,N/A,1910,N/A,N/A
396,1770660056927,gap_time,N/A,true,,,GapTime_879,N/A,N/A,N/A,N/A,N/A,N/A
396,1770660057808,Sentence shown,HVL_122_A,true,,true,N/A,N/A,N/A,N/A,N/A,N/A,N/A
396,1770660059482,IR pressed,HVL_122_A,true,,true,Spacebar,1,N/A,1674,N/A,N/A,N/A
396,1770660060051,WR pressed,HVL_122_A,true,,true,No,N/A,1,N/A,569,N/A,N/A
396,1770660060052,gap_time,N/A,true,,true,GapTime_803,N/A,N/A,N/A,N/A,N/A,N/A
396,1770660060858,Sentence shown,HF_61_A,,true,true,N/A,N/A,N/A,N/A,N/A,N/A,N/A
396,1770660062160,Validation IR pressed,HF_61_A,,true,true,Spacebar,1,N/A,1302,N/A,N/A,N/A
396,1770660062160,IR pressed,HF_61_A,,true,true,Spacebar,1,N/A,1302,N/A,N/A,N/A
396,1770660063034,WR pressed,HF_61_A,,true,true,Yes,N/A,N/A,N/A,874,N/A,N/A
396,1770660063035,gap_time,N/A,,true,true,GapTime_890,N/A,N/A,N/A,N/A,N/A,N/A
396,1770660063927,Sentence shown,HH_148_A,true,,true,N/A,N/A,N/A,N/A,N/A,N/A,N/A
396,1770660067929,gap_time,N/A,true,,true,GapTime_1297,N/A,N/A,N/A,N/A,N/A,N/A
396,1770660069228,Sentence shown,LVL_144_P,true,,,N/A,N/A,N/A,N/A,N/A,N/A,N/A
396,1770660073229,gap_time,N/A,true,,,GapTime_891,N/A,N/A,N/A,N/A,N/A,N/A
396,1770660074123,Sentence shown,HF_60_A,,,,N/A,N/A,N/A,N/A,N/A,N/A,N/A
396,1770660078123,gap_time,N/A,,,,GapTime_971,N/A,N/A,N/A,N/A,N/A,N/A
396,1770660079097,Sentence shown,HF_38_A,,,,N/A,N/A,N/A,N/A,N/A,N/A,N/A
396,1770660083098,gap_time,N/A,,,,GapTime_1235,N/A,N/A,N/A,N/A,N/A,N/A
396,1770660084335,Sentence shown,HF_39_A,,,,N/A,N/A,N/A,N/A,N/A,N/A,N/A
396,1770660087367,Validation Wrong IR pressed,HF_39_A,,,,Spacebar,0,N/A,3032,N/A,N/A,N/A
396,1770660087367,IR pressed,HF_39_A,,,,Spacebar,0,N/A,3032,N/A,N/A,N/A
396,1770660087907,WR pressed,HF_39_A,,,,Yes,N/A,N/A,N/A,540,N/A,N/A
396,1770660087908,gap_time,N/A,,,,GapTime_821,N/A,N/A,N/A,N/A,N/A,N/A
396,1770660088731,Sentence shown,HVL_100_A,true,,true,N/A,N/A,N/A,N/A,N/A,N/A,N/A
396,1770660091107,IR pressed,HVL_100_A,true,,true,Spacebar,1,N/A,2376,N/A,N/A,N/A
396,1770660091626,WR pressed,HVL_100_A,true,,true,Yes,N/A,1,N/A,519,N/A,N/A
396,1770660091627,gap_time,N/A,true,,true,GapTime_1182,N/A,N/A,N/A,N/A,N/A,N/A
396,1770660092811,Sentence shown,HF_39_A,,true,true,N/A,N/A,N/A,N/A,N/A,N/A,N/A
396,1770660093935,Validation IR pressed,HF_39_A,,true,true,Spacebar,1,N/A,1124,N/A,N/A,N/A
396,1770660093935,IR pressed,HF_39_A,,true,true,Spacebar,1,N/A,1124,N/A,N/A,N/A
396,1770660094442,WR pressed,HF_39_A,,true,true,Yes,N/A,N/A,N/A,507,N/A,N/A
396,1770660094443,gap_time,N/A,,true,true,GapTime_947,N/A,N/A,N/A,N/A,N/A,N/A
396,1770660095392,Sentence shown,LVL_128_A,true,,,N/A,N/A,N/A,N/A,N/A,N/A,N/A
396,1770660099394,gap_time,N/A,true,,,GapTime_1042,N/A,N/A,N/A,N/A,N/A,N/A
396,1770660100438,Sentence shown,HF_58_A,,,,N/A,N/A,N/A,N/A,N/A,N/A,N/A
396,1770660104439,gap_time,N/A,,,,GapTime_947,N/A,N/A,N/A,N/A,N/A,N/A
396,1770660105388,Sentence shown,HF_44_A,,,,N/A,N/A,N/A,N/A,N/A,N/A,N/A
396,1770660109390,gap_time,N/A,,,,GapTime_962,N/A,N/A,N/A,N/A,N/A,N/A
396,1770660110354,Sentence shown,HF_56_A,,,,N/A,N/A,N/A,N/A,N/A,N/A,N/A
396,1770660114356,gap_time,N/A,,,,GapTime_1259,N/A,N/A,N/A,N/A,N/A,N/A
396,1770660115617,Sentence shown,HF_44_A,,true,true,N/A,N/A,N/A,N/A,N/A,N/A,N/A
396,1770660116775,Validation IR pressed,HF_44_A,,true,true,Spacebar,1,N/A,1158,N/A,N/A,N/A
396,1770660116775,IR pressed,HF_44_A,,true,true,Spacebar,1,N/A,1158,N/A,N/A,N/A
396,1770660117483,WR pressed,HF_44_A,,true,true,Yes,N/A,N/A,N/A,708,N/A,N/A
396,1770660117484,gap_time,N/A,,true,true,GapTime_916,N/A,N/A,N/A,N/A,N/A,N/A
396,1770660118402,Sentence shown,LVL_144_A,true,,true,N/A,N/A,N/A,N/A,N/A,N/A,N/A
396,1770660120308,IR pressed,LVL_144_A,true,,true,Spacebar,1,N/A,1906,N/A,N/A,N/A
396,1770660122257,WR pressed,LVL_144_A,true,,true,No,N/A,1,N/A,1949,N/A,N/A
396,1770660122258,gap_time,N/A,true,,true,GapTime_853,N/A,N/A,N/A,N/A,N/A,N/A
396,1770660123113,Sentence shown,LVL_128_A,true,,true,N/A,N/A,N/A,N/A,N/A,N/A,N/A
396,1770660124845,IR pressed,LVL_128_A,true,,true,Spacebar,1,N/A,1732,N/A,N/A,N/A
396,1770660126011,WR pressed,LVL_128_A,true,,true,Yes,N/A,1,N/A,1166,N/A,N/A
396,1770660126012,gap_time,N/A,true,,true,GapTime_879,N/A,N/A,N/A,N/A,N/A,N/A
396,1770660126892,Sentence shown,LVH_126_P,true,,,N/A,N/A,N/A,N/A,N/A,N/A,N/A
396,1770660130894,gap_time,N/A,true,,,GapTime_1265,N/A,N/A,N/A,N/A,N/A,N/A
396,1770660132161,Sentence shown,HF_49_A,,,,N/A,N/A,N/A,N/A,N/A,N/A,N/A
396,1770660136162,gap_time,N/A,,,,GapTime_1296,N/A,N/A,N/A,N/A,N/A,N/A
396,1770660137461,Sentence shown,HF_46_A,,,,N/A,N/A,N/A,N/A,N/A,N/A,N/A
396,1770660141462,gap_time,N/A,,,,GapTime_961,N/A,N/A,N/A,N/A,N/A,N/A
396,1770660142426,Sentence shown,HF_64_A,,,,N/A,N/A,N/A,N/A,N/A,N/A,N/A
396,1770660146427,gap_time,N/A,,,,GapTime_833,N/A,N/A,N/A,N/A,N/A,N/A
396,1770660147261,Sentence shown,HF_62_A,,,,N/A,N/A,N/A,N/A,N/A,N/A,N/A
396,1770660151262,gap_time,N/A,,,,GapTime_799,N/A,N/A,N/A,N/A,N/A,N/A
396,1770660152063,Sentence shown,LVH_126_A,true,,true,N/A,N/A,N/A,N/A,N/A,N/A,N/A
396,1770660153342,IR pressed,LVH_126_A,true,,true,Spacebar,1,N/A,1279,N/A,N/A,N/A
396,1770660154045,WR pressed,LVH_126_A,true,,true,No,N/A,1,N/A,703,N/A,N/A
396,1770660154047,gap_time,N/A,true,,true,GapTime_758,N/A,N/A,N/A,N/A,N/A,N/A
396,1770660154807,Sentence shown,HF_55_A,,,,N/A,N/A,N/A,N/A,N/A,N/A,N/A
396,1770660158808,gap_time,N/A,,,,GapTime_943,N/A,N/A,N/A,N/A,N/A,N/A
396,1770660159753,Sentence shown,HF_55_A,,true,true,N/A,N/A,N/A,N/A,N/A,N/A,N/A
396,1770660160791,Validation IR pressed,HF_55_A,,true,true,Spacebar,1,N/A,1038,N/A,N/A,N/A
396,1770660160791,IR pressed,HF_55_A,,true,true,Spacebar,1,N/A,1038,N/A,N/A,N/A
396,1770660161179,WR pressed,HF_55_A,,true,true,Yes,N/A,N/A,N/A,388,N/A,N/A
396,1770660161180,gap_time,N/A,,true,true,GapTime_1162,N/A,N/A,N/A,N/A,N/A,N/A
396,1770660162344,Sentence shown,HF_59_A,,,,N/A,N/A,N/A,N/A,N/A,N/A,N/A
396,1770660166346,gap_time,N/A,,,,GapTime_1198,N/A,N/A,N/A,N/A,N/A,N/A
396,1770660167546,Sentence shown,HVL_104_P,true,,,N/A,N/A,N/A,N/A,N/A,N/A,N/A
396,1770660171547,gap_time,N/A,true,,,GapTime_859,N/A,N/A,N/A,N/A,N/A,N/A
396,1770660172409,Sentence shown,HF_40_A,,,,N/A,N/A,N/A,N/A,N/A,N/A,N/A
396,1770660176410,gap_time,N/A,,,,GapTime_1252,N/A,N/A,N/A,N/A,N/A,N/A
396,1770660177665,Sentence shown,HF_41_A,,,,N/A,N/A,N/A,N/A,N/A,N/A,N/A
396,1770660181666,gap_time,N/A,,,,GapTime_784,N/A,N/A,N/A,N/A,N/A,N/A
396,1770660182452,Sentence shown,HF_65_A,,,,N/A,N/A,N/A,N/A,N/A,N/A,N/A
396,1770660186454,gap_time,N/A,,,,GapTime_887,N/A,N/A,N/A,N/A,N/A,N/A
396,1770660187343,Sentence shown,HVL_104_P,true,,true,N/A,N/A,N/A,N/A,N/A,N/A,N/A
396,1770660188606,IR pressed,HVL_104_P,true,,true,Spacebar,1,N/A,1263,N/A,N/A,N/A
396,1770660192162,WR pressed,HVL_104_P,true,,true,Yes,N/A,1,N/A,3556,N/A,N/A
396,1770660192163,gap_time,N/A,true,,true,GapTime_1212,N/A,N/A,N/A,N/A,N/A,N/A
396,1770660193377,Sentence shown,HH_185_P,true,,,N/A,N/A,N/A,N/A,N/A,N/A,N/A
396,1770660197379,gap_time,N/A,true,,,GapTime_847,N/A,N/A,N/A,N/A,N/A,N/A
396,1770660198228,Sentence shown,HF_42_A,,,,N/A,N/A,N/A,N/A,N/A,N/A,N/A
396,1770660202230,gap_time,N/A,,,,GapTime_724,N/A,N/A,N/A,N/A,N/A,N/A
396,1770660202956,Sentence shown,LVH_121_A,true,,,N/A,N/A,N/A,N/A,N/A,N/A,N/A
396,1770660206957,gap_time,N/A,true,,,GapTime_1027,N/A,N/A,N/A,N/A,N/A,N/A
396,1770660207986,Sentence shown,HF_43_A,,,,N/A,N/A,N/A,N/A,N/A,N/A,N/A
396,1770660211988,gap_time,N/A,,,,GapTime_1184,N/A,N/A,N/A,N/A,N/A,N/A
396,1770660213174,Sentence shown,LVH_156_P,true,,,N/A,N/A,N/A,N/A,N/A,N/A,N/A
396,1770660217175,gap_time,N/A,true,,,GapTime_978,N/A,N/A,N/A,N/A,N/A,N/A
396,1770660218156,Sentence shown,HH_138_P,true,,,N/A,N/A,N/A,N/A,N/A,N/A,N/A
396,1770660222157,gap_time,N/A,true,,,GapTime_1140,N/A,N/A,N/A,N/A,N/A,N/A
396,1770660223299,Sentence shown,LVH_178_A,true,,,N/A,N/A,N/A,N/A,N/A,N/A,N/A
396,1770660227301,gap_time,N/A,true,,,GapTime_1021,N/A,N/A,N/A,N/A,N/A,N/A
396,1770660228326,Sentence shown,HH_185_P,true,,true,N/A,N/A,N/A,N/A,N/A,N/A,N/A
396,1770660229751,IR pressed,HH_185_P,true,,true,Spacebar,1,N/A,1425,N/A,N/A,N/A
396,1770660231101,WR pressed,HH_185_P,true,,true,Yes,N/A,1,N/A,1350,N/A,N/A
396,1770660231102,gap_time,N/A,true,,true,GapTime_921,N/A,N/A,N/A,N/A,N/A,N/A
396,1770660232024,Sentence shown,HF_45_A,,,,N/A,N/A,N/A,N/A,N/A,N/A,N/A
396,1770660236025,gap_time,N/A,,,,GapTime_1026,N/A,N/A,N/A,N/A,N/A,N/A
396,1770660237054,Sentence shown,HF_45_A,,true,true,N/A,N/A,N/A,N/A,N/A,N/A,N/A
396,1770660238198,Validation IR pressed,HF_45_A,,true,true,Spacebar,1,N/A,1144,N/A,N/A,N/A
396,1770660238198,IR pressed,HF_45_A,,true,true,Spacebar,1,N/A,1144,N/A,N/A,N/A
396,1770660238677,WR pressed,HF_45_A,,true,true,Yes,N/A,N/A,N/A,479,N/A,N/A
396,1770660238678,gap_time,N/A,,true,true,GapTime_1025,N/A,N/A,N/A,N/A,N/A,N/A
396,1770660239705,Sentence shown,HF_63_A,,,,N/A,N/A,N/A,N/A,N/A,N/A,N/A
396,1770660243707,gap_time,N/A,,,,GapTime_1191,N/A,N/A,N/A,N/A,N/A,N/A
396,1770660244900,Sentence shown,LVH_156_P,true,,true,N/A,N/A,N/A,N/A,N/A,N/A,N/A
396,1770660245985,IR pressed,LVH_156_P,true,,true,Spacebar,1,N/A,1085,N/A,N/A,N/A
396,1770660246452,WR pressed,LVH_156_P,true,,true,Yes,N/A,1,N/A,467,N/A,N/A
396,1770660246452,gap_time,N/A,true,,true,GapTime_746,N/A,N/A,N/A,N/A,N/A,N/A
396,1770660247200,Sentence shown,LVH_121_P,true,,true,N/A,N/A,N/A,N/A,N/A,N/A,N/A
396,1770660248510,IR pressed,LVH_121_P,true,,true,Spacebar,1,N/A,1310,N/A,N/A,N/A
396,1770660249107,WR pressed,LVH_121_P,true,,true,No,N/A,1,N/A,597,N/A,N/A
396,1770660249108,gap_time,N/A,true,,true,GapTime_1111,N/A,N/A,N/A,N/A,N/A,N/A
396,1770660250221,Sentence shown,HF_63_A,,true,true,N/A,N/A,N/A,N/A,N/A,N/A,N/A
396,1770660251718,Validation IR pressed,HF_63_A,,true,true,Spacebar,1,N/A,1497,N/A,N/A,N/A
396,1770660251718,IR pressed,HF_63_A,,true,true,Spacebar,1,N/A,1497,N/A,N/A,N/A
396,1770660252277,WR pressed,HF_63_A,,true,true,Yes,N/A,N/A,N/A,558,N/A,N/A
396,1770660252277,gap_time,N/A,,true,true,GapTime_1039,N/A,N/A,N/A,N/A,N/A,N/A
396,1770660253318,Sentence shown,HH_149_A,true,,,N/A,N/A,N/A,N/A,N/A,N/A,N/A
396,1770660257320,gap_time,N/A,true,,,GapTime_930,N/A,N/A,N/A,N/A,N/A,N/A
396,1770660258252,Sentence shown,HH_138_A,true,,true,N/A,N/A,N/A,N/A,N/A,N/A,N/A
396,1770660259696,IR pressed,HH_138_A,true,,true,Spacebar,1,N/A,1444,N/A,N/A,N/A
396,1770660260154,WR pressed,HH_138_A,true,,true,No,N/A,1,N/A,458,N/A,N/A
396,1770660260155,gap_time,N/A,true,,true,GapTime_808,N/A,N/A,N/A,N/A,N/A,N/A
396,1770660260965,Sentence shown,LVH_178_A,true,,true,N/A,N/A,N/A,N/A,N/A,N/A,N/A
396,1770660262371,IR pressed,LVH_178_A,true,,true,Spacebar,1,N/A,1405,N/A,N/A,N/A
396,1770660262788,WR pressed,LVH_178_A,true,,true,Yes,N/A,1,N/A,416,N/A,N/A
396,1770660262789,gap_time,N/A,true,,true,GapTime_1247,N/A,N/A,N/A,N/A,N/A,N/A
396,1770660264038,Sentence shown,HH_149_P,true,,true,N/A,N/A,N/A,N/A,N/A,N/A,N/A
396,1770660265340,IR pressed,HH_149_P,true,,true,Spacebar,1,N/A,1302,N/A,N/A,N/A
396,1770660265829,WR pressed,HH_149_P,true,,true,No,N/A,1,N/A,489,N/A,N/A
396,1770660265830,gap_time,N/A,true,,true,GapTime_1024,N/A,N/A,N/A,N/A,N/A,N/A
396,1770660266855,Rest Phase started,N/A,true,,true,Rest,N/A,N/A,N/A,N/A,N/A,N/A
396,1770660331037,Sentence shown,HF_95_A,,,,N/A,N/A,N/A,N/A,N/A,N/A,N/A
396,1770660335039,gap_time,N/A,,,,GapTime_1292,N/A,N/A,N/A,N/A,N/A,N/A
396,1770660336333,Sentence shown,HF_70_A,,,,N/A,N/A,N/A,N/A,N/A,N/A,N/A
396,1770660340335,gap_time,N/A,,,,GapTime_1077,N/A,N/A,N/A,N/A,N/A,N/A
396,1770660341414,Sentence shown,HF_96_A,,,,N/A,N/A,N/A,N/A,N/A,N/A,N/A
396,1770660345415,gap_time,N/A,,,,GapTime_1232,N/A,N/A,N/A,N/A,N/A,N/A
396,1770660346648,Sentence shown,HVL_117_P,true,,,N/A,N/A,N/A,N/A,N/A,N/A,N/A
396,1770660350650,gap_time,N/A,true,,,GapTime_919,N/A,N/A,N/A,N/A,N/A,N/A
396,1770660351570,Sentence shown,HF_69_A,,,,N/A,N/A,N/A,N/A,N/A,N/A,N/A
396,1770660355571,gap_time,N/A,,,,GapTime_1052,N/A,N/A,N/A,N/A,N/A,N/A
396,1770660356625,Sentence shown,HF_93_A,,,,N/A,N/A,N/A,N/A,N/A,N/A,N/A
396,1770660360627,gap_time,N/A,,,,GapTime_1173,N/A,N/A,N/A,N/A,N/A,N/A
396,1770660361801,Sentence shown,HF_82_A,,,,N/A,N/A,N/A,N/A,N/A,N/A,N/A
396,1770660365802,gap_time,N/A,,,,GapTime_1186,N/A,N/A,N/A,N/A,N/A,N/A
396,1770660366990,Sentence shown,HF_82_A,,true,true,N/A,N/A,N/A,N/A,N/A,N/A,N/A
396,1770660367782,Validation IR pressed,HF_82_A,,true,true,Spacebar,1,N/A,792,N/A,N/A,N/A
396,1770660367782,IR pressed,HF_82_A,,true,true,Spacebar,1,N/A,792,N/A,N/A,N/A
396,1770660368228,WR pressed,HF_82_A,,true,true,Yes,N/A,N/A,N/A,446,N/A,N/A
396,1770660368229,gap_time,N/A,,true,true,GapTime_990,N/A,N/A,N/A,N/A,N/A,N/A
396,1770660369222,Sentence shown,HVL_117_A,true,,true,N/A,N/A,N/A,N/A,N/A,N/A,N/A
396,1770660372279,IR pressed,HVL_117_A,true,,true,Spacebar,1,N/A,3057,N/A,N/A,N/A
396,1770660372838,WR pressed,HVL_117_A,true,,true,No,N/A,1,N/A,559,N/A,N/A
396,1770660372839,gap_time,N/A,true,,true,GapTime_1182,N/A,N/A,N/A,N/A,N/A,N/A
396,1770660374023,Sentence shown,HF_81_A,,,,N/A,N/A,N/A,N/A,N/A,N/A,N/A
396,1770660378024,gap_time,N/A,,,,GapTime_1007,N/A,N/A,N/A,N/A,N/A,N/A
396,1770660379033,Sentence shown,HF_77_A,,,,N/A,N/A,N/A,N/A,N/A,N/A,N/A
396,1770660383034,gap_time,N/A,,,,GapTime_1107,N/A,N/A,N/A,N/A,N/A,N/A
396,1770660384144,Sentence shown,HVL_129_P,true,,,N/A,N/A,N/A,N/A,N/A,N/A,N/A
396,1770660388145,gap_time,N/A,true,,,GapTime_1289,N/A,N/A,N/A,N/A,N/A,N/A
396,1770660389436,Sentence shown,LVH_123_A,true,,,N/A,N/A,N/A,N/A,N/A,N/A,N/A
396,1770660393437,gap_time,N/A,true,,,GapTime_1029,N/A,N/A,N/A,N/A,N/A,N/A
396,1770660394468,Sentence shown,HF_68_A,,,,N/A,N/A,N/A,N/A,N/A,N/A,N/A
396,1770660398469,gap_time,N/A,,,,GapTime_740,N/A,N/A,N/A,N/A,N/A,N/A
396,1770660399212,Sentence shown,HVL_154_A,true,,,N/A,N/A,N/A,N/A,N/A,N/A,N/A
396,1770660403213,gap_time,N/A,true,,,GapTime_1238,N/A,N/A,N/A,N/A,N/A,N/A
396,1770660404453,Sentence shown,HF_94_A,,,,N/A,N/A,N/A,N/A,N/A,N/A,N/A
396,1770660408455,gap_time,N/A,,,,GapTime_827,N/A,N/A,N/A,N/A,N/A,N/A
396,1770660409284,Sentence shown,HF_75_A,,,,N/A,N/A,N/A,N/A,N/A,N/A,N/A
396,1770660413285,gap_time,N/A,,,,GapTime_894,N/A,N/A,N/A,N/A,N/A,N/A
396,1770660414182,Sentence shown,HH_137_A,true,,,N/A,N/A,N/A,N/A,N/A,N/A,N/A
396,1770660418183,gap_time,N/A,true,,,GapTime_1214,N/A,N/A,N/A,N/A,N/A,N/A
396,1770660419399,Sentence shown,HF_75_A,,true,true,N/A,N/A,N/A,N/A,N/A,N/A,N/A
396,1770660420406,Validation IR pressed,HF_75_A,,true,true,Spacebar,1,N/A,1007,N/A,N/A,N/A
396,1770660420406,IR pressed,HF_75_A,,true,true,Spacebar,1,N/A,1007,N/A,N/A,N/A
396,1770660421236,WR pressed,HF_75_A,,true,true,Yes,N/A,N/A,N/A,830,N/A,N/A
396,1770660421237,gap_time,N/A,,true,true,GapTime_1044,N/A,N/A,N/A,N/A,N/A,N/A
396,1770660422284,Sentence shown,HVL_129_P,true,,true,N/A,N/A,N/A,N/A,N/A,N/A,N/A
396,1770660423677,IR pressed,HVL_129_P,true,,true,Spacebar,1,N/A,1393,N/A,N/A,N/A
396,1770660424236,WR pressed,HVL_129_P,true,,true,Yes,N/A,1,N/A,559,N/A,N/A
396,1770660424237,gap_time,N/A,true,,true,GapTime_1299,N/A,N/A,N/A,N/A,N/A,N/A
396,1770660425538,Sentence shown,LVH_123_P,true,,true,N/A,N/A,N/A,N/A,N/A,N/A,N/A
396,1770660427060,IR pressed,LVH_123_P,true,,true,Spacebar,1,N/A,1522,N/A,N/A,N/A
396,1770660427487,WR pressed,LVH_123_P,true,,true,No,N/A,1,N/A,427,N/A,N/A
396,1770660427488,gap_time,N/A,true,,true,GapTime_714,N/A,N/A,N/A,N/A,N/A,N/A
396,1770660428204,Sentence shown,HF_78_A,,,,N/A,N/A,N/A,N/A,N/A,N/A,N/A
396,1770660432206,gap_time,N/A,,,,GapTime_1102,N/A,N/A,N/A,N/A,N/A,N/A
396,1770660433310,Sentence shown,HF_92_A,,,,N/A,N/A,N/A,N/A,N/A,N/A,N/A
396,1770660437311,gap_time,N/A,,,,GapTime_782,N/A,N/A,N/A,N/A,N/A,N/A
396,1770660438095,Sentence shown,HF_88_A,,,,N/A,N/A,N/A,N/A,N/A,N/A,N/A
396,1770660442097,gap_time,N/A,,,,GapTime_853,N/A,N/A,N/A,N/A,N/A,N/A
396,1770660442952,Sentence shown,LVH_122_A,true,,,N/A,N/A,N/A,N/A,N/A,N/A,N/A
396,1770660446953,gap_time,N/A,true,,,GapTime_1016,N/A,N/A,N/A,N/A,N/A,N/A
396,1770660447971,Sentence shown,HVL_154_A,true,,true,N/A,N/A,N/A,N/A,N/A,N/A,N/A
396,1770660449008,IR pressed,HVL_154_A,true,,true,Spacebar,1,N/A,1037,N/A,N/A,N/A
396,1770660450270,WR pressed,HVL_154_A,true,,true,Yes,N/A,1,N/A,1262,N/A,N/A
396,1770660450271,gap_time,N/A,true,,true,GapTime_929,N/A,N/A,N/A,N/A,N/A,N/A
396,1770660451202,Sentence shown,HVL_113_A,true,,,N/A,N/A,N/A,N/A,N/A,N/A,N/A
396,1770660455204,gap_time,N/A,true,,,GapTime_840,N/A,N/A,N/A,N/A,N/A,N/A
396,1770660456046,Sentence shown,HH_137_P,true,,true,N/A,N/A,N/A,N/A,N/A,N/A,N/A
396,1770660457842,IR pressed,HH_137_P,true,,true,Spacebar,1,N/A,1796,N/A,N/A,N/A
396,1770660458501,WR pressed,HH_137_P,true,,true,No,N/A,1,N/A,659,N/A,N/A
396,1770660458503,gap_time,N/A,true,,true,GapTime_1292,N/A,N/A,N/A,N/A,N/A,N/A
396,1770660459797,Sentence shown,HF_71_A,,,,N/A,N/A,N/A,N/A,N/A,N/A,N/A
396,1770660463799,gap_time,N/A,,,,GapTime_1171,N/A,N/A,N/A,N/A,N/A,N/A
396,1770660464972,Sentence shown,HF_71_A,,true,true,N/A,N/A,N/A,N/A,N/A,N/A,N/A
396,1770660465884,Validation IR pressed,HF_71_A,,true,true,Spacebar,1,N/A,912,N/A,N/A,N/A
396,1770660465884,IR pressed,HF_71_A,,true,true,Spacebar,1,N/A,912,N/A,N/A,N/A
396,1770660466231,WR pressed,HF_71_A,,true,true,Yes,N/A,N/A,N/A,347,N/A,N/A
396,1770660466232,gap_time,N/A,,true,true,GapTime_870,N/A,N/A,N/A,N/A,N/A,N/A
396,1770660467105,Sentence shown,HF_80_A,,,,N/A,N/A,N/A,N/A,N/A,N/A,N/A
396,1770660471106,gap_time,N/A,,,,GapTime_720,N/A,N/A,N/A,N/A,N/A,N/A
396,1770660471828,Sentence shown,LVL_104_A,true,,,N/A,N/A,N/A,N/A,N/A,N/A,N/A
396,1770660475830,gap_time,N/A,true,,,GapTime_999,N/A,N/A,N/A,N/A,N/A,N/A
396,1770660476829,Sentence shown,HF_87_A,,,,N/A,N/A,N/A,N/A,N/A,N/A,N/A
396,1770660480831,gap_time,N/A,,,,GapTime_1285,N/A,N/A,N/A,N/A,N/A,N/A
396,1770660482118,Sentence shown,LVH_122_A,true,,true,N/A,N/A,N/A,N/A,N/A,N/A,N/A
396,1770660483169,IR pressed,LVH_122_A,true,,true,Spacebar,1,N/A,1051,N/A,N/A,N/A
396,1770660483851,WR pressed,LVH_122_A,true,,true,Yes,N/A,1,N/A,682,N/A,N/A
396,1770660483852,gap_time,N/A,true,,true,GapTime_1046,N/A,N/A,N/A,N/A,N/A,N/A
396,1770660484899,Sentence shown,HF_67_A,,,,N/A,N/A,N/A,N/A,N/A,N/A,N/A
396,1770660488900,gap_time,N/A,,,,GapTime_1104,N/A,N/A,N/A,N/A,N/A,N/A
396,1770660490006,Sentence shown,HVL_113_P,true,,true,N/A,N/A,N/A,N/A,N/A,N/A,N/A
396,1770660491901,IR pressed,HVL_113_P,true,,true,Spacebar,1,N/A,1895,N/A,N/A,N/A
396,1770660492621,WR pressed,HVL_113_P,true,,true,No,N/A,1,N/A,720,N/A,N/A
396,1770660492622,gap_time,N/A,true,,true,GapTime_872,N/A,N/A,N/A,N/A,N/A,N/A
396,1770660493496,Sentence shown,HF_67_A,,true,true,N/A,N/A,N/A,N/A,N/A,N/A,N/A
396,1770660494633,Validation IR pressed,HF_67_A,,true,true,Spacebar,1,N/A,1137,N/A,N/A,N/A
396,1770660494633,IR pressed,HF_67_A,,true,true,Spacebar,1,N/A,1137,N/A,N/A,N/A
396,1770660495189,WR pressed,HF_67_A,,true,true,Yes,N/A,N/A,N/A,556,N/A,N/A
396,1770660495190,gap_time,N/A,,true,true,GapTime_828,N/A,N/A,N/A,N/A,N/A,N/A
396,1770660496021,Sentence shown,HF_74_A,,,,N/A,N/A,N/A,N/A,N/A,N/A,N/A
396,1770660500022,gap_time,N/A,,,,GapTime_1221,N/A,N/A,N/A,N/A,N/A,N/A
396,1770660501245,Sentence shown,LVL_104_P,true,,true,N/A,N/A,N/A,N/A,N/A,N/A,N/A
396,1770660505247,gap_time,N/A,true,,true,GapTime_1214,N/A,N/A,N/A,N/A,N/A,N/A
396,1770660506463,Sentence shown,HF_66_A,,,,N/A,N/A,N/A,N/A,N/A,N/A,N/A
396,1770660510464,gap_time,N/A,,,,GapTime_748,N/A,N/A,N/A,N/A,N/A,N/A
396,1770660511214,Sentence shown,HF_72_A,,,,N/A,N/A,N/A,N/A,N/A,N/A,N/A
396,1770660515216,gap_time,N/A,,,,GapTime_966,N/A,N/A,N/A,N/A,N/A,N/A
396,1770660516184,Sentence shown,HF_85_A,,,,N/A,N/A,N/A,N/A,N/A,N/A,N/A
396,1770660520185,gap_time,N/A,,,,GapTime_732,N/A,N/A,N/A,N/A,N/A,N/A
396,1770660520919,Sentence shown,HF_73_A,,,,N/A,N/A,N/A,N/A,N/A,N/A,N/A
396,1770660524920,gap_time,N/A,,,,GapTime_1153,N/A,N/A,N/A,N/A,N/A,N/A
396,1770660526076,Sentence shown,HF_85_A,,true,true,N/A,N/A,N/A,N/A,N/A,N/A,N/A
396,1770660526925,Validation IR pressed,HF_85_A,,true,true,Spacebar,1,N/A,849,N/A,N/A,N/A
396,1770660526925,IR pressed,HF_85_A,,true,true,Spacebar,1,N/A,849,N/A,N/A,N/A
396,1770660527412,WR pressed,HF_85_A,,true,true,Yes,N/A,N/A,N/A,487,N/A,N/A
396,1770660527414,gap_time,N/A,,true,true,GapTime_1282,N/A,N/A,N/A,N/A,N/A,N/A
396,1770660528698,Sentence shown,LVL_119_P,true,,,N/A,N/A,N/A,N/A,N/A,N/A,N/A
396,1770660532699,gap_time,N/A,true,,,GapTime_844,N/A,N/A,N/A,N/A,N/A,N/A
396,1770660533545,Sentence shown,HF_73_A,,true,true,N/A,N/A,N/A,N/A,N/A,N/A,N/A
396,1770660534638,Validation IR pressed,HF_73_A,,true,true,Spacebar,1,N/A,1093,N/A,N/A,N/A
396,1770660534638,IR pressed,HF_73_A,,true,true,Spacebar,1,N/A,1093,N/A,N/A,N/A
396,1770660535170,WR pressed,HF_73_A,,true,true,Yes,N/A,N/A,N/A,532,N/A,N/A
396,1770660535171,gap_time,N/A,,true,true,GapTime_1154,N/A,N/A,N/A,N/A,N/A,N/A
396,1770660536327,Sentence shown,HF_83_A,,,,N/A,N/A,N/A,N/A,N/A,N/A,N/A
396,1770660540328,gap_time,N/A,,,,GapTime_713,N/A,N/A,N/A,N/A,N/A,N/A
396,1770660541043,Sentence shown,HH_143_P,true,,,N/A,N/A,N/A,N/A,N/A,N/A,N/A
396,1770660545045,gap_time,N/A,true,,,GapTime_740,N/A,N/A,N/A,N/A,N/A,N/A
396,1770660545787,Sentence shown,LVH_136_P,true,,,N/A,N/A,N/A,N/A,N/A,N/A,N/A
396,1770660549788,gap_time,N/A,true,,,GapTime_798,N/A,N/A,N/A,N/A,N/A,N/A
396,1770660550588,Sentence shown,HF_90_A,,,,N/A,N/A,N/A,N/A,N/A,N/A,N/A
396,1770660554589,gap_time,N/A,,,,GapTime_1261,N/A,N/A,N/A,N/A,N/A,N/A
396,1770660555853,Sentence shown,LVL_133_A,true,,,N/A,N/A,N/A,N/A,N/A,N/A,N/A
396,1770660559853,gap_time,N/A,true,,,GapTime_1191,N/A,N/A,N/A,N/A,N/A,N/A
396,1770660561046,Sentence shown,HH_165_P,true,,,N/A,N/A,N/A,N/A,N/A,N/A,N/A
396,1770660565047,gap_time,N/A,true,,,GapTime_831,N/A,N/A,N/A,N/A,N/A,N/A
396,1770660565880,Sentence shown,LVL_119_A,true,,true,N/A,N/A,N/A,N/A,N/A,N/A,N/A
396,1770660567429,IR pressed,LVL_119_A,true,,true,Spacebar,1,N/A,1549,N/A,N/A,N/A
396,1770660568503,WR pressed,LVL_119_A,true,,true,No,N/A,1,N/A,1074,N/A,N/A
396,1770660568504,gap_time,N/A,true,,true,GapTime_1116,N/A,N/A,N/A,N/A,N/A,N/A
396,1770660569622,Sentence shown,HF_76_A,,,,N/A,N/A,N/A,N/A,N/A,N/A,N/A
396,1770660573623,gap_time,N/A,,,,GapTime_717,N/A,N/A,N/A,N/A,N/A,N/A
396,1770660574342,Sentence shown,HF_84_A,,,,N/A,N/A,N/A,N/A,N/A,N/A,N/A
396,1770660578343,gap_time,N/A,,,,GapTime_1032,N/A,N/A,N/A,N/A,N/A,N/A
396,1770660579377,Sentence shown,HH_143_A,true,,true,N/A,N/A,N/A,N/A,N/A,N/A,N/A
396,1770660581925,IR pressed,HH_143_A,true,,true,Spacebar,1,N/A,2548,N/A,N/A,N/A
396,1770660583989,WR pressed,HH_143_A,true,,true,No,N/A,1,N/A,2064,N/A,N/A
396,1770660583990,gap_time,N/A,true,,true,GapTime_1166,N/A,N/A,N/A,N/A,N/A,N/A
396,1770660585158,Sentence shown,HF_76_A,,true,true,N/A,N/A,N/A,N/A,N/A,N/A,N/A
396,1770660586393,Validation IR pressed,HF_76_A,,true,true,Spacebar,1,N/A,1235,N/A,N/A,N/A
396,1770660586393,IR pressed,HF_76_A,,true,true,Spacebar,1,N/A,1235,N/A,N/A,N/A
396,1770660586971,WR pressed,HF_76_A,,true,true,Yes,N/A,N/A,N/A,578,N/A,N/A
396,1770660586973,gap_time,N/A,,true,true,GapTime_1046,N/A,N/A,N/A,N/A,N/A,N/A
396,1770660588020,Sentence shown,LVH_136_P,true,,true,N/A,N/A,N/A,N/A,N/A,N/A,N/A
396,1770660589592,IR pressed,LVH_136_P,true,,true,Spacebar,1,N/A,1572,N/A,N/A,N/A
396,1770660590383,WR pressed,LVH_136_P,true,,true,Yes,N/A,1,N/A,791,N/A,N/A
396,1770660590384,gap_time,N/A,true,,true,GapTime_709,N/A,N/A,N/A,N/A,N/A,N/A
396,1770660591095,Sentence shown,HF_86_A,,,,N/A,N/A,N/A,N/A,N/A,N/A,N/A
396,1770660595097,gap_time,N/A,,,,GapTime_966,N/A,N/A,N/A,N/A,N/A,N/A
396,1770660596064,Sentence shown,HH_145_A,true,,,N/A,N/A,N/A,N/A,N/A,N/A,N/A
396,1770660600066,gap_time,N/A,true,,,GapTime_1050,N/A,N/A,N/A,N/A,N/A,N/A
396,1770660601118,Sentence shown,HF_89_A,,,,N/A,N/A,N/A,N/A,N/A,N/A,N/A
396,1770660603416,Validation Wrong IR pressed,HF_89_A,,,,Spacebar,0,N/A,2298,N/A,N/A,N/A
396,1770660603416,IR pressed,HF_89_A,,,,Spacebar,0,N/A,2298,N/A,N/A,N/A
396,1770660604553,WR pressed,HF_89_A,,,,No,N/A,N/A,N/A,1137,N/A,N/A
396,1770660604554,gap_time,N/A,,,,GapTime_1134,N/A,N/A,N/A,N/A,N/A,N/A
396,1770660605690,Sentence shown,HF_89_A,,true,true,N/A,N/A,N/A,N/A,N/A,N/A,N/A
396,1770660607257,Validation IR pressed,HF_89_A,,true,true,Spacebar,1,N/A,1567,N/A,N/A,N/A
396,1770660607257,IR pressed,HF_89_A,,true,true,Spacebar,1,N/A,1567,N/A,N/A,N/A
396,1770660607559,WR pressed,HF_89_A,,true,true,Yes,N/A,N/A,N/A,302,N/A,N/A
396,1770660607560,gap_time,N/A,,true,true,GapTime_1054,N/A,N/A,N/A,N/A,N/A,N/A
396,1770660608616,Sentence shown,LVL_133_A,true,,true,N/A,N/A,N/A,N/A,N/A,N/A,N/A
396,1770660609811,IR pressed,LVL_133_A,true,,true,Spacebar,1,N/A,1195,N/A,N/A,N/A
396,1770660610352,WR pressed,LVL_133_A,true,,true,Yes,N/A,1,N/A,541,N/A,N/A
396,1770660610353,gap_time,N/A,true,,true,GapTime_1205,N/A,N/A,N/A,N/A,N/A,N/A
396,1770660611560,Sentence shown,HF_79_A,,,,N/A,N/A,N/A,N/A,N/A,N/A,N/A
396,1770660615561,gap_time,N/A,,,,GapTime_859,N/A,N/A,N/A,N/A,N/A,N/A
396,1770660616423,Sentence shown,LVH_139_P,true,,,N/A,N/A,N/A,N/A,N/A,N/A,N/A
396,1770660620424,gap_time,N/A,true,,,GapTime_814,N/A,N/A,N/A,N/A,N/A,N/A
396,1770660621240,Sentence shown,HF_79_A,,true,true,N/A,N/A,N/A,N/A,N/A,N/A,N/A
396,1770660622446,Validation IR pressed,HF_79_A,,true,true,Spacebar,1,N/A,1206,N/A,N/A,N/A
396,1770660622446,IR pressed,HF_79_A,,true,true,Spacebar,1,N/A,1206,N/A,N/A,N/A
396,1770660622932,WR pressed,HF_79_A,,true,true,Yes,N/A,N/A,N/A,486,N/A,N/A
396,1770660622933,gap_time,N/A,,true,true,GapTime_975,N/A,N/A,N/A,N/A,N/A,N/A
396,1770660623910,Sentence shown,HH_165_P,true,,true,N/A,N/A,N/A,N/A,N/A,N/A,N/A
396,1770660625692,IR pressed,HH_165_P,true,,true,Spacebar,1,N/A,1782,N/A,N/A,N/A
396,1770660626507,WR pressed,HH_165_P,true,,true,Yes,N/A,1,N/A,814,N/A,N/A
396,1770660626508,gap_time,N/A,true,,true,GapTime_1128,N/A,N/A,N/A,N/A,N/A,N/A
396,1770660627638,Sentence shown,LVL_145_P,true,,,N/A,N/A,N/A,N/A,N/A,N/A,N/A
396,1770660631639,gap_time,N/A,true,,,GapTime_1235,N/A,N/A,N/A,N/A,N/A,N/A
396,1770660632876,Sentence shown,HF_97_A,,,,N/A,N/A,N/A,N/A,N/A,N/A,N/A
396,1770660636877,gap_time,N/A,,,,GapTime_850,N/A,N/A,N/A,N/A,N/A,N/A
396,1770660637729,Sentence shown,HH_145_A,true,,true,N/A,N/A,N/A,N/A,N/A,N/A,N/A
396,1770660639966,IR pressed,HH_145_A,true,,true,Spacebar,1,N/A,2237,N/A,N/A,N/A
396,1770660640370,WR pressed,HH_145_A,true,,true,Yes,N/A,1,N/A,403,N/A,N/A
396,1770660640371,gap_time,N/A,true,,true,GapTime_815,N/A,N/A,N/A,N/A,N/A,N/A
396,1770660641187,Sentence shown,HF_97_A,,true,true,N/A,N/A,N/A,N/A,N/A,N/A,N/A
396,1770660642570,Validation IR pressed,HF_97_A,,true,true,Spacebar,1,N/A,1383,N/A,N/A,N/A
396,1770660642570,IR pressed,HF_97_A,,true,true,Spacebar,1,N/A,1383,N/A,N/A,N/A
396,1770660642903,WR pressed,HF_97_A,,true,true,Yes,N/A,N/A,N/A,332,N/A,N/A
396,1770660642904,gap_time,N/A,,true,true,GapTime_1256,N/A,N/A,N/A,N/A,N/A,N/A
396,1770660644162,Sentence shown,HF_91_A,,,,N/A,N/A,N/A,N/A,N/A,N/A,N/A
396,1770660648163,gap_time,N/A,,,,GapTime_1001,N/A,N/A,N/A,N/A,N/A,N/A
396,1770660649166,Sentence shown,LVH_139_A,true,,true,N/A,N/A,N/A,N/A,N/A,N/A,N/A
396,1770660650522,IR pressed,LVH_139_A,true,,true,Spacebar,1,N/A,1356,N/A,N/A,N/A
396,1770660651322,WR pressed,LVH_139_A,true,,true,No,N/A,1,N/A,800,N/A,N/A
396,1770660651323,gap_time,N/A,true,,true,GapTime_1040,N/A,N/A,N/A,N/A,N/A,N/A
396,1770660652365,Sentence shown,LVL_145_P,true,,true,N/A,N/A,N/A,N/A,N/A,N/A,N/A
396,1770660654288,IR pressed,LVL_145_P,true,,true,Spacebar,1,N/A,1923,N/A,N/A,N/A
396,1770660654795,WR pressed,LVL_145_P,true,,true,Yes,N/A,1,N/A,507,N/A,N/A
396,1770660654796,gap_time,N/A,true,,true,GapTime_805,N/A,N/A,N/A,N/A,N/A,N/A
