participant_ID,Timestamp,Event,Stimulus,isTarget,isValidation,isRepeat,Button,Accuracy IR,Accuracy WR,Reaction_time_IR,Reaction_time_WR,CR_IR,CR_WR
398,1770725422793,Practice Sentence shown,HL_108_A,,,,N/A,N/A,N/A,N/A,N/A,N/A,N/A
398,1770725428318,Practice Sentence shown,HL_60_A,,,,N/A,N/A,N/A,N/A,N/A,N/A,N/A
398,1770725433834,Practice Sentence shown,HL_88_A,,,,N/A,N/A,N/A,N/A,N/A,N/A,N/A
398,1770725439353,Practice Sentence shown,HH_134_A,true,,,N/A,N/A,N/A,N/A,N/A,N/A,N/A
398,1770725444866,Practice Sentence shown,HH_133_A,true,,,N/A,N/A,N/A,N/A,N/A,N/A,N/A
398,1770725450376,Practice Sentence shown,HL_83_A,,,,N/A,N/A,N/A,N/A,N/A,N/A,N/A
398,1770725455887,Practice Sentence shown,HH_107_A,true,,,N/A,N/A,N/A,N/A,N/A,N/A,N/A
398,1770725461395,Practice Sentence shown,HL_84_A,,,,N/A,N/A,N/A,N/A,N/A,N/A,N/A
398,1770725466903,Practice Sentence shown,HH_133_P,true,,true,N/A,N/A,N/A,N/A,N/A,N/A,N/A
398,1770725468377,Practice IR pressed,HH_133_P,true,,true,Spacebar,1,N/A,1474,N/A,N/A,N/A
398,1770725471949,Practice WR pressed,HH_133_P,true,,true,Yes,N/A,0,N/A,3572,N/A,N/A
398,1770725476635,Practice Sentence shown,HL_66_A,,,,N/A,N/A,N/A,N/A,N/A,N/A,N/A
398,1770725482142,Practice Sentence shown,HH_124_A,true,,,N/A,N/A,N/A,N/A,N/A,N/A,N/A
398,1770725487664,Practice Sentence shown,HL_77_A,,,,N/A,N/A,N/A,N/A,N/A,N/A,N/A
398,1770725493183,Practice Sentence shown,HH_134_A,true,,true,N/A,N/A,N/A,N/A,N/A,N/A,N/A
398,1770725494184,Practice IR pressed,HH_134_A,true,,true,Spacebar,1,N/A,1001,N/A,N/A,N/A
398,1770725495307,Practice WR pressed,HH_134_A,true,,true,Yes,N/A,1,N/A,1123,N/A,N/A
398,1770725496815,Practice Sentence shown,HL_62_A,,,,N/A,N/A,N/A,N/A,N/A,N/A,N/A
398,1770725502322,Practice Sentence shown,HH_107_A,true,,true,N/A,N/A,N/A,N/A,N/A,N/A,N/A
398,1770725503431,Practice IR pressed,HH_107_A,true,,true,Spacebar,1,N/A,1109,N/A,N/A,N/A
398,1770725504360,Practice WR pressed,HH_107_A,true,,true,Yes,N/A,1,N/A,929,N/A,N/A
398,1770725505872,Practice Sentence shown,HL_67_A,,,,N/A,N/A,N/A,N/A,N/A,N/A,N/A
398,1770725511396,Practice Sentence shown,HH_124_P,true,,true,N/A,N/A,N/A,N/A,N/A,N/A,N/A
398,1770725515397,Practice Missed,HH_124_P,true,,true,None,0,N/A,N/A,N/A,N/A,N/A
398,1770725519793,Practice Sentence shown,HH_100_A,true,,,N/A,N/A,N/A,N/A,N/A,N/A,N/A
398,1770725525313,Practice Sentence shown,HL_14_A,,,,N/A,N/A,N/A,N/A,N/A,N/A,N/A
398,1770725526788,Practice IR pressed,HL_14_A,,,,Spacebar,0,N/A,1475,N/A,N/A,N/A
398,1770725530038,Practice Sentence shown,HH_100_P,true,,true,N/A,N/A,N/A,N/A,N/A,N/A,N/A
398,1770725534050,Practice Missed,HH_100_P,true,,true,None,0,N/A,N/A,N/A,N/A,N/A
398,1770725543511,Practice Sentence shown,HH_115_A,true,,,N/A,N/A,N/A,N/A,N/A,N/A,N/A
398,1770725549037,Practice Sentence shown,HH_136_A,true,,,N/A,N/A,N/A,N/A,N/A,N/A,N/A
398,1770725554547,Practice Sentence shown,HL_31_A,,,,N/A,N/A,N/A,N/A,N/A,N/A,N/A
398,1770725560054,Practice Sentence shown,HL_48_A,,,,N/A,N/A,N/A,N/A,N/A,N/A,N/A
398,1770725565574,Practice Sentence shown,HL_4_A,,,,N/A,N/A,N/A,N/A,N/A,N/A,N/A
398,1770725571090,Practice Sentence shown,HL_25_A,,,,N/A,N/A,N/A,N/A,N/A,N/A,N/A
398,1770725576619,Practice Sentence shown,HL_50_A,,,,N/A,N/A,N/A,N/A,N/A,N/A,N/A
398,1770725582127,Practice Sentence shown,HH_115_A,true,,true,N/A,N/A,N/A,N/A,N/A,N/A,N/A
398,1770725582906,Practice IR pressed,HH_115_A,true,,true,Spacebar,1,N/A,779,N/A,N/A,N/A
398,1770725583661,Practice WR pressed,HH_115_A,true,,true,Yes,N/A,1,N/A,755,N/A,N/A
398,1770725585170,Practice Sentence shown,HH_136_P,true,,true,N/A,N/A,N/A,N/A,N/A,N/A,N/A
398,1770725586175,Practice IR pressed,HH_136_P,true,,true,Spacebar,1,N/A,1005,N/A,N/A,N/A
398,1770725587004,Practice WR pressed,HH_136_P,true,,true,No,N/A,1,N/A,829,N/A,N/A
398,1770725588508,Practice Sentence shown,HL_30_A,,,,N/A,N/A,N/A,N/A,N/A,N/A,N/A
398,1770725589575,Practice IR pressed,HL_30_A,,,,Spacebar,0,N/A,1067,N/A,N/A,N/A
398,1770725592453,Practice Sentence shown,HL_5_A,,,,N/A,N/A,N/A,N/A,N/A,N/A,N/A
398,1770725597965,Practice Sentence shown,HL_58_A,,,,N/A,N/A,N/A,N/A,N/A,N/A,N/A
398,1770725600298,Practice IR pressed,HL_58_A,,,,Spacebar,0,N/A,2333,N/A,N/A,N/A
398,1770725601544,Practice Sentence shown,HL_53_A,,,,N/A,N/A,N/A,N/A,N/A,N/A,N/A
398,1770725607070,Practice Sentence shown,HH_117_A,true,,,N/A,N/A,N/A,N/A,N/A,N/A,N/A
398,1770725612581,Practice Sentence shown,HL_72_A,,,,N/A,N/A,N/A,N/A,N/A,N/A,N/A
398,1770725618100,Practice Sentence shown,HH_120_A,true,,,N/A,N/A,N/A,N/A,N/A,N/A,N/A
398,1770725623626,Practice Sentence shown,HH_100_A,true,,,N/A,N/A,N/A,N/A,N/A,N/A,N/A
398,1770725624642,Practice IR pressed,HH_100_A,true,,,Spacebar,0,N/A,1016,N/A,N/A,N/A
398,1770725626597,Practice Sentence shown,HH_100_P,true,,true,N/A,N/A,N/A,N/A,N/A,N/A,N/A
398,1770725628442,Practice IR pressed,HH_100_P,true,,true,Spacebar,1,N/A,1845,N/A,N/A,N/A
398,1770725630140,Practice WR pressed,HH_100_P,true,,true,No,N/A,1,N/A,1698,N/A,N/A
398,1770725631647,Practice Sentence shown,HH_120_P,true,,true,N/A,N/A,N/A,N/A,N/A,N/A,N/A
398,1770725633164,Practice IR pressed,HH_120_P,true,,true,Spacebar,1,N/A,1517,N/A,N/A,N/A
398,1770725634104,Practice WR pressed,HH_120_P,true,,true,Yes,N/A,0,N/A,940,N/A,N/A
398,1770725636806,Practice Sentence shown,HH_117_A,true,,true,N/A,N/A,N/A,N/A,N/A,N/A,N/A
398,1770725638586,Practice IR pressed,HH_117_A,true,,true,Spacebar,1,N/A,1780,N/A,N/A,N/A
398,1770725639098,Practice WR pressed,HH_117_A,true,,true,Yes,N/A,1,N/A,512,N/A,N/A
398,1770725682140,Sentence shown,HF_9_A,,,,N/A,N/A,N/A,N/A,N/A,N/A,N/A
398,1770725686141,gap_time,N/A,,,,GapTime_1193,N/A,N/A,N/A,N/A,N/A,N/A
398,1770725687349,Sentence shown,HF_9_A,,true,true,N/A,N/A,N/A,N/A,N/A,N/A,N/A
398,1770725688176,Validation IR pressed,HF_9_A,,true,true,Spacebar,1,N/A,827,N/A,N/A,N/A
398,1770725688176,IR pressed,HF_9_A,,true,true,Spacebar,1,N/A,827,N/A,N/A,N/A
398,1770725688906,WR pressed,HF_9_A,,true,true,Yes,N/A,N/A,N/A,729,N/A,N/A
398,1770725688906,gap_time,N/A,,true,true,GapTime_816,N/A,N/A,N/A,N/A,N/A,N/A
398,1770725689735,Sentence shown,HF_29_A,,,,N/A,N/A,N/A,N/A,N/A,N/A,N/A
398,1770725693743,gap_time,N/A,,,,GapTime_1269,N/A,N/A,N/A,N/A,N/A,N/A
398,1770725695017,Sentence shown,HF_21_A,,,,N/A,N/A,N/A,N/A,N/A,N/A,N/A
398,1770725699033,gap_time,N/A,,,,GapTime_1232,N/A,N/A,N/A,N/A,N/A,N/A
398,1770725700274,Sentence shown,HF_10_A,,,,N/A,N/A,N/A,N/A,N/A,N/A,N/A
398,1770725704285,gap_time,N/A,,,,GapTime_1216,N/A,N/A,N/A,N/A,N/A,N/A
398,1770725705505,Sentence shown,HF_30_A,,,,N/A,N/A,N/A,N/A,N/A,N/A,N/A
398,1770725709507,gap_time,N/A,,,,GapTime_722,N/A,N/A,N/A,N/A,N/A,N/A
398,1770725710243,Sentence shown,HF_1_A,,,,N/A,N/A,N/A,N/A,N/A,N/A,N/A
398,1770725711429,Validation Wrong IR pressed,HF_1_A,,,,Spacebar,0,N/A,1186,N/A,N/A,N/A
398,1770725711429,IR pressed,HF_1_A,,,,Spacebar,0,N/A,1186,N/A,N/A,N/A
398,1770725714660,WR pressed,HF_1_A,,,,No,N/A,N/A,N/A,3231,N/A,N/A
398,1770725714660,gap_time,N/A,,,,GapTime_710,N/A,N/A,N/A,N/A,N/A,N/A
398,1770725715374,Sentence shown,LVH_124_A,true,,,N/A,N/A,N/A,N/A,N/A,N/A,N/A
398,1770725719376,gap_time,N/A,true,,,GapTime_1027,N/A,N/A,N/A,N/A,N/A,N/A
398,1770725720412,Sentence shown,HF_1_A,,true,true,N/A,N/A,N/A,N/A,N/A,N/A,N/A
398,1770725724412,Validation Missed,HF_1_A,,true,true,None,0,N/A,N/A,N/A,N/A,N/A
398,1770725724413,gap_time,N/A,,true,true,GapTime_979,N/A,N/A,N/A,N/A,N/A,N/A
398,1770725725403,Sentence shown,HF_15_A,,,,N/A,N/A,N/A,N/A,N/A,N/A,N/A
398,1770725729415,gap_time,N/A,,,,GapTime_1198,N/A,N/A,N/A,N/A,N/A,N/A
398,1770725730624,Sentence shown,HF_33_A,,,,N/A,N/A,N/A,N/A,N/A,N/A,N/A
398,1770725732060,Validation Wrong IR pressed,HF_33_A,,,,Spacebar,0,N/A,1436,N/A,N/A,N/A
398,1770725732060,IR pressed,HF_33_A,,,,Spacebar,0,N/A,1436,N/A,N/A,N/A
398,1770725732458,WR pressed,HF_33_A,,,,No,N/A,N/A,N/A,398,N/A,N/A
398,1770725732458,gap_time,N/A,,,,GapTime_1159,N/A,N/A,N/A,N/A,N/A,N/A
398,1770725733630,Sentence shown,HF_20_A,,,,N/A,N/A,N/A,N/A,N/A,N/A,N/A
398,1770725737631,gap_time,N/A,,,,GapTime_1225,N/A,N/A,N/A,N/A,N/A,N/A
398,1770725738858,Sentence shown,HF_12_A,,,,N/A,N/A,N/A,N/A,N/A,N/A,N/A
398,1770725742864,gap_time,N/A,,,,GapTime_708,N/A,N/A,N/A,N/A,N/A,N/A
398,1770725743588,Sentence shown,LVL_105_P,true,,,N/A,N/A,N/A,N/A,N/A,N/A,N/A
398,1770725747596,gap_time,N/A,true,,,GapTime_1181,N/A,N/A,N/A,N/A,N/A,N/A
398,1770725748780,Sentence shown,LVL_120_P,true,,,N/A,N/A,N/A,N/A,N/A,N/A,N/A
398,1770725752782,gap_time,N/A,true,,,GapTime_737,N/A,N/A,N/A,N/A,N/A,N/A
398,1770725753522,Sentence shown,LVH_124_P,true,,true,N/A,N/A,N/A,N/A,N/A,N/A,N/A
398,1770725754453,IR pressed,LVH_124_P,true,,true,Spacebar,1,N/A,930,N/A,N/A,N/A
398,1770725755393,WR pressed,LVH_124_P,true,,true,Yes,N/A,0,N/A,940,N/A,N/A
398,1770725755393,gap_time,N/A,true,,true,GapTime_1284,N/A,N/A,N/A,N/A,N/A,N/A
398,1770725756682,Sentence shown,HF_8_A,,,,N/A,N/A,N/A,N/A,N/A,N/A,N/A
398,1770725760697,gap_time,N/A,,,,GapTime_1133,N/A,N/A,N/A,N/A,N/A,N/A
398,1770725761840,Sentence shown,HF_19_A,,,,N/A,N/A,N/A,N/A,N/A,N/A,N/A
398,1770725763000,Validation Wrong IR pressed,HF_19_A,,,,Spacebar,0,N/A,1160,N/A,N/A,N/A
398,1770725763000,IR pressed,HF_19_A,,,,Spacebar,0,N/A,1160,N/A,N/A,N/A
398,1770725766124,WR pressed,HF_19_A,,,,No,N/A,N/A,N/A,3124,N/A,N/A
398,1770725766124,gap_time,N/A,,,,GapTime_1045,N/A,N/A,N/A,N/A,N/A,N/A
398,1770725767186,Sentence shown,HF_5_A,,,,N/A,N/A,N/A,N/A,N/A,N/A,N/A
398,1770725771202,gap_time,N/A,,,,GapTime_1144,N/A,N/A,N/A,N/A,N/A,N/A
398,1770725772363,Sentence shown,HF_19_A,,true,true,N/A,N/A,N/A,N/A,N/A,N/A,N/A
398,1770725773379,Validation IR pressed,HF_19_A,,true,true,Spacebar,1,N/A,1016,N/A,N/A,N/A
398,1770725773379,IR pressed,HF_19_A,,true,true,Spacebar,1,N/A,1016,N/A,N/A,N/A
398,1770725775025,WR pressed,HF_19_A,,true,true,Yes,N/A,N/A,N/A,1646,N/A,N/A
398,1770725775026,gap_time,N/A,,true,true,GapTime_1092,N/A,N/A,N/A,N/A,N/A,N/A
398,1770725776125,Sentence shown,HF_23_A,,,,N/A,N/A,N/A,N/A,N/A,N/A,N/A
398,1770725778507,Validation Wrong IR pressed,HF_23_A,,,,Spacebar,0,N/A,2382,N/A,N/A,N/A
398,1770725778507,IR pressed,HF_23_A,,,,Spacebar,0,N/A,2382,N/A,N/A,N/A
398,1770725779853,WR pressed,HF_23_A,,,,No,N/A,N/A,N/A,1346,N/A,N/A
398,1770725779854,gap_time,N/A,,,,GapTime_1201,N/A,N/A,N/A,N/A,N/A,N/A
398,1770725781058,Sentence shown,HF_6_A,,,,N/A,N/A,N/A,N/A,N/A,N/A,N/A
398,1770725782472,Validation Wrong IR pressed,HF_6_A,,,,Spacebar,0,N/A,1414,N/A,N/A,N/A
398,1770725782472,IR pressed,HF_6_A,,,,Spacebar,0,N/A,1414,N/A,N/A,N/A
398,1770725785804,WR pressed,HF_6_A,,,,Yes,N/A,N/A,N/A,3332,N/A,N/A
398,1770725785805,gap_time,N/A,,,,GapTime_1070,N/A,N/A,N/A,N/A,N/A,N/A
398,1770725786878,Sentence shown,LVL_105_A,true,,true,N/A,N/A,N/A,N/A,N/A,N/A,N/A
398,1770725788186,IR pressed,LVL_105_A,true,,true,Spacebar,1,N/A,1308,N/A,N/A,N/A
398,1770725788456,WR pressed,LVL_105_A,true,,true,Yes,N/A,0,N/A,270,N/A,N/A
398,1770725788457,gap_time,N/A,true,,true,GapTime_1125,N/A,N/A,N/A,N/A,N/A,N/A
398,1770725789586,Sentence shown,LVL_120_P,true,,true,N/A,N/A,N/A,N/A,N/A,N/A,N/A
398,1770725791218,IR pressed,LVL_120_P,true,,true,Spacebar,1,N/A,1632,N/A,N/A,N/A
398,1770725791489,WR pressed,LVL_120_P,true,,true,Yes,N/A,1,N/A,271,N/A,N/A
398,1770725791489,gap_time,N/A,true,,true,GapTime_1255,N/A,N/A,N/A,N/A,N/A,N/A
398,1770725792756,Sentence shown,HF_27_A,,,,N/A,N/A,N/A,N/A,N/A,N/A,N/A
398,1770725796768,gap_time,N/A,,,,GapTime_1282,N/A,N/A,N/A,N/A,N/A,N/A
398,1770725798057,Sentence shown,LVL_106_A,true,,,N/A,N/A,N/A,N/A,N/A,N/A,N/A
398,1770725802071,gap_time,N/A,true,,,GapTime_1287,N/A,N/A,N/A,N/A,N/A,N/A
398,1770725803373,Sentence shown,HF_31_A,,,,N/A,N/A,N/A,N/A,N/A,N/A,N/A
398,1770725805035,Validation Wrong IR pressed,HF_31_A,,,,Spacebar,0,N/A,1661,N/A,N/A,N/A
398,1770725805035,IR pressed,HF_31_A,,,,Spacebar,0,N/A,1661,N/A,N/A,N/A
398,1770725807783,WR pressed,HF_31_A,,,,Yes,N/A,N/A,N/A,2748,N/A,N/A
398,1770725807784,gap_time,N/A,,,,GapTime_956,N/A,N/A,N/A,N/A,N/A,N/A
398,1770725808750,Sentence shown,LVL_142_A,true,,,N/A,N/A,N/A,N/A,N/A,N/A,N/A
398,1770725812753,gap_time,N/A,true,,,GapTime_1102,N/A,N/A,N/A,N/A,N/A,N/A
398,1770725813871,Sentence shown,HF_24_A,,,,N/A,N/A,N/A,N/A,N/A,N/A,N/A
398,1770725817873,gap_time,N/A,,,,GapTime_730,N/A,N/A,N/A,N/A,N/A,N/A
398,1770725818609,Sentence shown,LVL_106_A,true,,true,N/A,N/A,N/A,N/A,N/A,N/A,N/A
398,1770725820011,IR pressed,LVL_106_A,true,,true,Spacebar,1,N/A,1402,N/A,N/A,N/A
398,1770725820536,WR pressed,LVL_106_A,true,,true,Yes,N/A,1,N/A,525,N/A,N/A
398,1770725820537,gap_time,N/A,true,,true,GapTime_838,N/A,N/A,N/A,N/A,N/A,N/A
398,1770725821390,Sentence shown,HF_24_A,,true,true,N/A,N/A,N/A,N/A,N/A,N/A,N/A
398,1770725822411,Validation IR pressed,HF_24_A,,true,true,Spacebar,1,N/A,1020,N/A,N/A,N/A
398,1770725822411,IR pressed,HF_24_A,,true,true,Spacebar,1,N/A,1020,N/A,N/A,N/A
398,1770725822768,WR pressed,HF_24_A,,true,true,Yes,N/A,N/A,N/A,357,N/A,N/A
398,1770725822769,gap_time,N/A,,true,true,GapTime_1128,N/A,N/A,N/A,N/A,N/A,N/A
398,1770725823899,Sentence shown,LVH_109_A,true,,,N/A,N/A,N/A,N/A,N/A,N/A,N/A
398,1770725827908,gap_time,N/A,true,,,GapTime_982,N/A,N/A,N/A,N/A,N/A,N/A
398,1770725828896,Sentence shown,HF_17_A,,,,N/A,N/A,N/A,N/A,N/A,N/A,N/A
398,1770725832906,gap_time,N/A,,,,GapTime_978,N/A,N/A,N/A,N/A,N/A,N/A
398,1770725833893,Sentence shown,HF_4_A,,,,N/A,N/A,N/A,N/A,N/A,N/A,N/A
398,1770725835151,Validation Wrong IR pressed,HF_4_A,,,,Spacebar,0,N/A,1258,N/A,N/A,N/A
398,1770725835151,IR pressed,HF_4_A,,,,Spacebar,0,N/A,1258,N/A,N/A,N/A
398,1770725837115,WR pressed,HF_4_A,,,,No,N/A,N/A,N/A,1964,N/A,N/A
398,1770725837115,gap_time,N/A,,,,GapTime_1019,N/A,N/A,N/A,N/A,N/A,N/A
398,1770725838142,Sentence shown,HF_17_A,,true,true,N/A,N/A,N/A,N/A,N/A,N/A,N/A
398,1770725839280,Validation IR pressed,HF_17_A,,true,true,Spacebar,1,N/A,1137,N/A,N/A,N/A
398,1770725839280,IR pressed,HF_17_A,,true,true,Spacebar,1,N/A,1137,N/A,N/A,N/A
398,1770725839625,WR pressed,HF_17_A,,true,true,Yes,N/A,N/A,N/A,345,N/A,N/A
398,1770725839626,gap_time,N/A,,true,true,GapTime_755,N/A,N/A,N/A,N/A,N/A,N/A
398,1770725840396,Sentence shown,HH_149_P,true,,,N/A,N/A,N/A,N/A,N/A,N/A,N/A
398,1770725844405,gap_time,N/A,true,,,GapTime_765,N/A,N/A,N/A,N/A,N/A,N/A
398,1770725845173,Sentence shown,HF_25_A,,,,N/A,N/A,N/A,N/A,N/A,N/A,N/A
398,1770725846365,Validation Wrong IR pressed,HF_25_A,,,,Spacebar,0,N/A,1192,N/A,N/A,N/A
398,1770725846365,IR pressed,HF_25_A,,,,Spacebar,0,N/A,1192,N/A,N/A,N/A
398,1770725846776,WR pressed,HF_25_A,,,,Yes,N/A,N/A,N/A,411,N/A,N/A
398,1770725846777,gap_time,N/A,,,,GapTime_834,N/A,N/A,N/A,N/A,N/A,N/A
398,1770725847625,Sentence shown,LVH_109_A,true,,true,N/A,N/A,N/A,N/A,N/A,N/A,N/A
398,1770725848822,IR pressed,LVH_109_A,true,,true,Spacebar,1,N/A,1197,N/A,N/A,N/A
398,1770725849238,WR pressed,LVH_109_A,true,,true,Yes,N/A,1,N/A,416,N/A,N/A
398,1770725849239,gap_time,N/A,true,,true,GapTime_1264,N/A,N/A,N/A,N/A,N/A,N/A
398,1770725850512,Sentence shown,LVL_142_P,true,,true,N/A,N/A,N/A,N/A,N/A,N/A,N/A
398,1770725851605,IR pressed,LVL_142_P,true,,true,Spacebar,1,N/A,1093,N/A,N/A,N/A
398,1770725854127,WR pressed,LVL_142_P,true,,true,No,N/A,1,N/A,2522,N/A,N/A
398,1770725854128,gap_time,N/A,true,,true,GapTime_860,N/A,N/A,N/A,N/A,N/A,N/A
398,1770725854996,Sentence shown,HF_25_A,,true,true,N/A,N/A,N/A,N/A,N/A,N/A,N/A
398,1770725855863,Validation IR pressed,HF_25_A,,true,true,Spacebar,1,N/A,867,N/A,N/A,N/A
398,1770725855863,IR pressed,HF_25_A,,true,true,Spacebar,1,N/A,867,N/A,N/A,N/A
398,1770725856132,WR pressed,HF_25_A,,true,true,Yes,N/A,N/A,N/A,269,N/A,N/A
398,1770725856133,gap_time,N/A,,true,true,GapTime_1258,N/A,N/A,N/A,N/A,N/A,N/A
398,1770725857397,Sentence shown,HF_28_A,,,,N/A,N/A,N/A,N/A,N/A,N/A,N/A
398,1770725861398,gap_time,N/A,,,,GapTime_973,N/A,N/A,N/A,N/A,N/A,N/A
398,1770725862388,Sentence shown,HF_13_A,,,,N/A,N/A,N/A,N/A,N/A,N/A,N/A
398,1770725865914,Validation Wrong IR pressed,HF_13_A,,,,Spacebar,0,N/A,3526,N/A,N/A,N/A
398,1770725865914,IR pressed,HF_13_A,,,,Spacebar,0,N/A,3526,N/A,N/A,N/A
398,1770725866324,WR pressed,HF_13_A,,,,No,N/A,N/A,N/A,410,N/A,N/A
398,1770725866324,gap_time,N/A,,,,GapTime_1255,N/A,N/A,N/A,N/A,N/A,N/A
398,1770725867584,Sentence shown,HH_149_A,true,,true,N/A,N/A,N/A,N/A,N/A,N/A,N/A
398,1770725869851,IR pressed,HH_149_A,true,,true,Spacebar,1,N/A,2267,N/A,N/A,N/A
398,1770725870095,WR pressed,HH_149_A,true,,true,Yes,N/A,0,N/A,244,N/A,N/A
398,1770725870096,gap_time,N/A,true,,true,GapTime_1156,N/A,N/A,N/A,N/A,N/A,N/A
398,1770725871257,Sentence shown,HF_28_A,,true,true,N/A,N/A,N/A,N/A,N/A,N/A,N/A
398,1770725872371,Validation IR pressed,HF_28_A,,true,true,Spacebar,1,N/A,1114,N/A,N/A,N/A
398,1770725872371,IR pressed,HF_28_A,,true,true,Spacebar,1,N/A,1114,N/A,N/A,N/A
398,1770725872601,WR pressed,HF_28_A,,true,true,Yes,N/A,N/A,N/A,230,N/A,N/A
398,1770725872601,gap_time,N/A,,true,true,GapTime_858,N/A,N/A,N/A,N/A,N/A,N/A
398,1770725873461,Sentence shown,HH_173_A,true,,,N/A,N/A,N/A,N/A,N/A,N/A,N/A
398,1770725877465,gap_time,N/A,true,,,GapTime_1017,N/A,N/A,N/A,N/A,N/A,N/A
398,1770725878486,Sentence shown,HF_18_A,,,,N/A,N/A,N/A,N/A,N/A,N/A,N/A
398,1770725882493,gap_time,N/A,,,,GapTime_1083,N/A,N/A,N/A,N/A,N/A,N/A
398,1770725883591,Sentence shown,HF_7_A,,,,N/A,N/A,N/A,N/A,N/A,N/A,N/A
398,1770725887597,gap_time,N/A,,,,GapTime_741,N/A,N/A,N/A,N/A,N/A,N/A
398,1770725888354,Sentence shown,HF_16_A,,,,N/A,N/A,N/A,N/A,N/A,N/A,N/A
398,1770725892357,gap_time,N/A,,,,GapTime_768,N/A,N/A,N/A,N/A,N/A,N/A
398,1770725893131,Sentence shown,HVL_105_A,true,,,N/A,N/A,N/A,N/A,N/A,N/A,N/A
398,1770725897147,gap_time,N/A,true,,,GapTime_826,N/A,N/A,N/A,N/A,N/A,N/A
398,1770725897990,Sentence shown,HH_170_P,true,,,N/A,N/A,N/A,N/A,N/A,N/A,N/A
398,1770725901995,gap_time,N/A,true,,,GapTime_1166,N/A,N/A,N/A,N/A,N/A,N/A
398,1770725903177,Sentence shown,HF_2_A,,,,N/A,N/A,N/A,N/A,N/A,N/A,N/A
398,1770725907185,gap_time,N/A,,,,GapTime_1250,N/A,N/A,N/A,N/A,N/A,N/A
398,1770725908439,Sentence shown,HF_2_A,,true,true,N/A,N/A,N/A,N/A,N/A,N/A,N/A
398,1770725909311,Validation IR pressed,HF_2_A,,true,true,Spacebar,1,N/A,872,N/A,N/A,N/A
398,1770725909311,IR pressed,HF_2_A,,true,true,Spacebar,1,N/A,872,N/A,N/A,N/A
398,1770725910135,WR pressed,HF_2_A,,true,true,Yes,N/A,N/A,N/A,824,N/A,N/A
398,1770725910135,gap_time,N/A,,true,true,GapTime_1232,N/A,N/A,N/A,N/A,N/A,N/A
398,1770725911380,Sentence shown,HH_173_P,true,,true,N/A,N/A,N/A,N/A,N/A,N/A,N/A
398,1770725912682,IR pressed,HH_173_P,true,,true,Spacebar,1,N/A,1302,N/A,N/A,N/A
398,1770725916416,WR pressed,HH_173_P,true,,true,Yes,N/A,0,N/A,3734,N/A,N/A
398,1770725916416,gap_time,N/A,true,,true,GapTime_719,N/A,N/A,N/A,N/A,N/A,N/A
398,1770725917144,Sentence shown,HH_138_A,true,,,N/A,N/A,N/A,N/A,N/A,N/A,N/A
398,1770725921147,gap_time,N/A,true,,,GapTime_960,N/A,N/A,N/A,N/A,N/A,N/A
398,1770725922118,Sentence shown,HF_32_A,,,,N/A,N/A,N/A,N/A,N/A,N/A,N/A
398,1770725926134,gap_time,N/A,,,,GapTime_789,N/A,N/A,N/A,N/A,N/A,N/A
398,1770725926927,Sentence shown,HVL_105_P,true,,true,N/A,N/A,N/A,N/A,N/A,N/A,N/A
398,1770725930181,IR pressed,HVL_105_P,true,,true,Spacebar,1,N/A,3254,N/A,N/A,N/A
398,1770725930635,WR pressed,HVL_105_P,true,,true,Yes,N/A,0,N/A,454,N/A,N/A
398,1770725930636,gap_time,N/A,true,,true,GapTime_1281,N/A,N/A,N/A,N/A,N/A,N/A
398,1770725931926,Sentence shown,HF_22_A,,,,N/A,N/A,N/A,N/A,N/A,N/A,N/A
398,1770725935943,gap_time,N/A,,,,GapTime_957,N/A,N/A,N/A,N/A,N/A,N/A
398,1770725936912,Sentence shown,HF_32_A,,true,true,N/A,N/A,N/A,N/A,N/A,N/A,N/A
398,1770725938221,Validation IR pressed,HF_32_A,,true,true,Spacebar,1,N/A,1309,N/A,N/A,N/A
398,1770725938221,IR pressed,HF_32_A,,true,true,Spacebar,1,N/A,1309,N/A,N/A,N/A
398,1770725938693,WR pressed,HF_32_A,,true,true,Yes,N/A,N/A,N/A,472,N/A,N/A
398,1770725938694,gap_time,N/A,,true,true,GapTime_873,N/A,N/A,N/A,N/A,N/A,N/A
398,1770725939580,Sentence shown,LVH_123_P,true,,,N/A,N/A,N/A,N/A,N/A,N/A,N/A
398,1770725943591,gap_time,N/A,true,,,GapTime_1259,N/A,N/A,N/A,N/A,N/A,N/A
398,1770725944863,Sentence shown,HH_170_P,true,,true,N/A,N/A,N/A,N/A,N/A,N/A,N/A
398,1770725946884,IR pressed,HH_170_P,true,,true,Spacebar,1,N/A,2021,N/A,N/A,N/A
398,1770725947154,WR pressed,HH_170_P,true,,true,Yes,N/A,1,N/A,270,N/A,N/A
398,1770725947155,gap_time,N/A,true,,true,GapTime_1227,N/A,N/A,N/A,N/A,N/A,N/A
398,1770725948386,Sentence shown,HVL_100_A,true,,,N/A,N/A,N/A,N/A,N/A,N/A,N/A
398,1770725952389,gap_time,N/A,true,,,GapTime_950,N/A,N/A,N/A,N/A,N/A,N/A
398,1770725953355,Sentence shown,HF_11_A,,,,N/A,N/A,N/A,N/A,N/A,N/A,N/A
398,1770725957360,gap_time,N/A,,,,GapTime_1192,N/A,N/A,N/A,N/A,N/A,N/A
398,1770725958566,Sentence shown,HH_138_A,true,,true,N/A,N/A,N/A,N/A,N/A,N/A,N/A
398,1770725959701,IR pressed,HH_138_A,true,,true,Spacebar,1,N/A,1135,N/A,N/A,N/A
398,1770725960000,WR pressed,HH_138_A,true,,true,Yes,N/A,1,N/A,299,N/A,N/A
398,1770725960001,gap_time,N/A,true,,true,GapTime_1164,N/A,N/A,N/A,N/A,N/A,N/A
398,1770725961181,Sentence shown,HVL_106_P,true,,,N/A,N/A,N/A,N/A,N/A,N/A,N/A
398,1770725965191,gap_time,N/A,true,,,GapTime_802,N/A,N/A,N/A,N/A,N/A,N/A
398,1770725966004,Sentence shown,HF_11_A,,true,true,N/A,N/A,N/A,N/A,N/A,N/A,N/A
398,1770725967095,Validation IR pressed,HF_11_A,,true,true,Spacebar,1,N/A,1091,N/A,N/A,N/A
398,1770725967095,IR pressed,HF_11_A,,true,true,Spacebar,1,N/A,1091,N/A,N/A,N/A
398,1770725967339,WR pressed,HF_11_A,,true,true,Yes,N/A,N/A,N/A,244,N/A,N/A
398,1770725967339,gap_time,N/A,,true,true,GapTime_893,N/A,N/A,N/A,N/A,N/A,N/A
398,1770725968236,Sentence shown,HF_14_A,,,,N/A,N/A,N/A,N/A,N/A,N/A,N/A
398,1770725970270,Validation Wrong IR pressed,HF_14_A,,,,Spacebar,0,N/A,2034,N/A,N/A,N/A
398,1770725970270,IR pressed,HF_14_A,,,,Spacebar,0,N/A,2034,N/A,N/A,N/A
398,1770725970712,WR pressed,HF_14_A,,,,No,N/A,N/A,N/A,442,N/A,N/A
398,1770725970713,gap_time,N/A,,,,GapTime_918,N/A,N/A,N/A,N/A,N/A,N/A
398,1770725971639,Sentence shown,LVH_123_P,true,,true,N/A,N/A,N/A,N/A,N/A,N/A,N/A
398,1770725973306,IR pressed,LVH_123_P,true,,true,Spacebar,1,N/A,1667,N/A,N/A,N/A
398,1770725973537,WR pressed,LVH_123_P,true,,true,Yes,N/A,1,N/A,231,N/A,N/A
398,1770725973537,gap_time,N/A,true,,true,GapTime_1085,N/A,N/A,N/A,N/A,N/A,N/A
398,1770725974634,Sentence shown,HF_26_A,,,,N/A,N/A,N/A,N/A,N/A,N/A,N/A
398,1770725978638,gap_time,N/A,,,,GapTime_1300,N/A,N/A,N/A,N/A,N/A,N/A
398,1770725979941,Sentence shown,HVL_100_A,true,,true,N/A,N/A,N/A,N/A,N/A,N/A,N/A
398,1770725981101,IR pressed,HVL_100_A,true,,true,Spacebar,1,N/A,1160,N/A,N/A,N/A
398,1770725981413,WR pressed,HVL_100_A,true,,true,Yes,N/A,1,N/A,312,N/A,N/A
398,1770725981414,gap_time,N/A,true,,true,GapTime_1245,N/A,N/A,N/A,N/A,N/A,N/A
398,1770725982674,Sentence shown,HVL_135_P,true,,,N/A,N/A,N/A,N/A,N/A,N/A,N/A
398,1770725986678,gap_time,N/A,true,,,GapTime_1085,N/A,N/A,N/A,N/A,N/A,N/A
398,1770725987778,Sentence shown,LVH_144_P,true,,,N/A,N/A,N/A,N/A,N/A,N/A,N/A
398,1770725991787,gap_time,N/A,true,,,GapTime_914,N/A,N/A,N/A,N/A,N/A,N/A
398,1770725992712,Sentence shown,HVL_106_A,true,,true,N/A,N/A,N/A,N/A,N/A,N/A,N/A
398,1770725994121,IR pressed,HVL_106_A,true,,true,Spacebar,1,N/A,1409,N/A,N/A,N/A
398,1770725995246,WR pressed,HVL_106_A,true,,true,Yes,N/A,0,N/A,1125,N/A,N/A
398,1770725995246,gap_time,N/A,true,,true,GapTime_753,N/A,N/A,N/A,N/A,N/A,N/A
398,1770725996016,Sentence shown,HVL_135_P,true,,true,N/A,N/A,N/A,N/A,N/A,N/A,N/A
398,1770725997128,IR pressed,HVL_135_P,true,,true,Spacebar,1,N/A,1112,N/A,N/A,N/A
398,1770725997400,WR pressed,HVL_135_P,true,,true,Yes,N/A,1,N/A,272,N/A,N/A
398,1770725997400,gap_time,N/A,true,,true,GapTime_1013,N/A,N/A,N/A,N/A,N/A,N/A
398,1770725998416,Sentence shown,LVH_144_A,true,,true,N/A,N/A,N/A,N/A,N/A,N/A,N/A
398,1770725999335,IR pressed,LVH_144_A,true,,true,Spacebar,1,N/A,919,N/A,N/A,N/A
398,1770726001198,WR pressed,LVH_144_A,true,,true,No,N/A,1,N/A,1863,N/A,N/A
398,1770726001199,gap_time,N/A,true,,true,GapTime_1274,N/A,N/A,N/A,N/A,N/A,N/A
398,1770726002477,Rest Phase started,N/A,true,,true,Rest,N/A,N/A,N/A,N/A,N/A,N/A
398,1770726023375,Sentence shown,HF_35_A,,,,N/A,N/A,N/A,N/A,N/A,N/A,N/A
398,1770726027384,gap_time,N/A,,,,GapTime_976,N/A,N/A,N/A,N/A,N/A,N/A
398,1770726028374,Sentence shown,HF_41_A,,,,N/A,N/A,N/A,N/A,N/A,N/A,N/A
398,1770726032388,gap_time,N/A,,,,GapTime_1128,N/A,N/A,N/A,N/A,N/A,N/A
398,1770726033525,Sentence shown,LVL_126_A,true,,,N/A,N/A,N/A,N/A,N/A,N/A,N/A
398,1770726037528,gap_time,N/A,true,,,GapTime_859,N/A,N/A,N/A,N/A,N/A,N/A
398,1770726038404,Sentence shown,HF_41_A,,true,true,N/A,N/A,N/A,N/A,N/A,N/A,N/A
398,1770726039580,Validation IR pressed,HF_41_A,,true,true,Spacebar,1,N/A,1176,N/A,N/A,N/A
398,1770726039580,IR pressed,HF_41_A,,true,true,Spacebar,1,N/A,1176,N/A,N/A,N/A
398,1770726040231,WR pressed,HF_41_A,,true,true,Yes,N/A,N/A,N/A,651,N/A,N/A
398,1770726040232,gap_time,N/A,,true,true,GapTime_1097,N/A,N/A,N/A,N/A,N/A,N/A
398,1770726041344,Sentence shown,HH_175_P,true,,,N/A,N/A,N/A,N/A,N/A,N/A,N/A
398,1770726045347,gap_time,N/A,true,,,GapTime_881,N/A,N/A,N/A,N/A,N/A,N/A
398,1770726046239,Sentence shown,HF_53_A,,,,N/A,N/A,N/A,N/A,N/A,N/A,N/A
398,1770726050242,gap_time,N/A,,,,GapTime_961,N/A,N/A,N/A,N/A,N/A,N/A
398,1770726051217,Sentence shown,HF_46_A,,,,N/A,N/A,N/A,N/A,N/A,N/A,N/A
398,1770726055223,gap_time,N/A,,,,GapTime_1145,N/A,N/A,N/A,N/A,N/A,N/A
398,1770726056382,Sentence shown,HF_37_A,,,,N/A,N/A,N/A,N/A,N/A,N/A,N/A
398,1770726060388,gap_time,N/A,,,,GapTime_1255,N/A,N/A,N/A,N/A,N/A,N/A
398,1770726061658,Sentence shown,HF_46_A,,true,true,N/A,N/A,N/A,N/A,N/A,N/A,N/A
398,1770726062759,Validation IR pressed,HF_46_A,,true,true,Spacebar,1,N/A,1101,N/A,N/A,N/A
398,1770726062759,IR pressed,HF_46_A,,true,true,Spacebar,1,N/A,1101,N/A,N/A,N/A
398,1770726063223,WR pressed,HF_46_A,,true,true,Yes,N/A,N/A,N/A,464,N/A,N/A
398,1770726063224,gap_time,N/A,,true,true,GapTime_1109,N/A,N/A,N/A,N/A,N/A,N/A
398,1770726064344,Sentence shown,HF_49_A,,,,N/A,N/A,N/A,N/A,N/A,N/A,N/A
398,1770726068351,gap_time,N/A,,,,GapTime_1032,N/A,N/A,N/A,N/A,N/A,N/A
398,1770726069387,Sentence shown,LVH_168_A,true,,,N/A,N/A,N/A,N/A,N/A,N/A,N/A
398,1770726073402,gap_time,N/A,true,,,GapTime_1260,N/A,N/A,N/A,N/A,N/A,N/A
398,1770726074667,Sentence shown,HH_175_A,true,,true,N/A,N/A,N/A,N/A,N/A,N/A,N/A
398,1770726076405,IR pressed,HH_175_A,true,,true,Spacebar,1,N/A,1738,N/A,N/A,N/A
398,1770726077789,WR pressed,HH_175_A,true,,true,No,N/A,1,N/A,1384,N/A,N/A
398,1770726077790,gap_time,N/A,true,,true,GapTime_1091,N/A,N/A,N/A,N/A,N/A,N/A
398,1770726078893,Sentence shown,HVL_163_P,true,,,N/A,N/A,N/A,N/A,N/A,N/A,N/A
398,1770726082896,gap_time,N/A,true,,,GapTime_765,N/A,N/A,N/A,N/A,N/A,N/A
398,1770726083669,Sentence shown,LVL_126_A,true,,true,N/A,N/A,N/A,N/A,N/A,N/A,N/A
398,1770726087677,gap_time,N/A,true,,true,GapTime_1007,N/A,N/A,N/A,N/A,N/A,N/A
398,1770726088695,Sentence shown,HF_48_A,,,,N/A,N/A,N/A,N/A,N/A,N/A,N/A
398,1770726092698,gap_time,N/A,,,,GapTime_1137,N/A,N/A,N/A,N/A,N/A,N/A
398,1770726093843,Sentence shown,HF_50_A,,,,N/A,N/A,N/A,N/A,N/A,N/A,N/A
398,1770726097848,gap_time,N/A,,,,GapTime_725,N/A,N/A,N/A,N/A,N/A,N/A
398,1770726098587,Sentence shown,LVH_168_P,true,,true,N/A,N/A,N/A,N/A,N/A,N/A,N/A
398,1770726099847,IR pressed,LVH_168_P,true,,true,Spacebar,1,N/A,1260,N/A,N/A,N/A
398,1770726100190,WR pressed,LVH_168_P,true,,true,No,N/A,1,N/A,343,N/A,N/A
398,1770726100191,gap_time,N/A,true,,true,GapTime_1159,N/A,N/A,N/A,N/A,N/A,N/A
398,1770726101362,Sentence shown,HF_48_A,,true,true,N/A,N/A,N/A,N/A,N/A,N/A,N/A
398,1770726102622,Validation IR pressed,HF_48_A,,true,true,Spacebar,1,N/A,1260,N/A,N/A,N/A
398,1770726102622,IR pressed,HF_48_A,,true,true,Spacebar,1,N/A,1260,N/A,N/A,N/A
398,1770726104300,WR pressed,HF_48_A,,true,true,No,N/A,N/A,N/A,1678,N/A,N/A
398,1770726104300,gap_time,N/A,,true,true,GapTime_741,N/A,N/A,N/A,N/A,N/A,N/A
398,1770726105056,Sentence shown,HF_57_A,,,,N/A,N/A,N/A,N/A,N/A,N/A,N/A
398,1770726109070,gap_time,N/A,,,,GapTime_830,N/A,N/A,N/A,N/A,N/A,N/A
398,1770726109904,Sentence shown,HF_57_A,,true,true,N/A,N/A,N/A,N/A,N/A,N/A,N/A
398,1770726113909,Validation Missed,HF_57_A,,true,true,None,0,N/A,N/A,N/A,N/A,N/A
398,1770726113910,gap_time,N/A,,true,true,GapTime_978,N/A,N/A,N/A,N/A,N/A,N/A
398,1770726114898,Sentence shown,HF_50_A,,true,true,N/A,N/A,N/A,N/A,N/A,N/A,N/A
398,1770726115923,Validation IR pressed,HF_50_A,,true,true,Spacebar,1,N/A,1025,N/A,N/A,N/A
398,1770726115923,IR pressed,HF_50_A,,true,true,Spacebar,1,N/A,1025,N/A,N/A,N/A
398,1770726116296,WR pressed,HF_50_A,,true,true,Yes,N/A,N/A,N/A,373,N/A,N/A
398,1770726116297,gap_time,N/A,,true,true,GapTime_742,N/A,N/A,N/A,N/A,N/A,N/A
398,1770726117049,Sentence shown,HVL_163_A,true,,true,N/A,N/A,N/A,N/A,N/A,N/A,N/A
398,1770726118615,IR pressed,HVL_163_A,true,,true,Spacebar,1,N/A,1566,N/A,N/A,N/A
398,1770726118847,WR pressed,HVL_163_A,true,,true,Yes,N/A,0,N/A,232,N/A,N/A
398,1770726118848,gap_time,N/A,true,,true,GapTime_1055,N/A,N/A,N/A,N/A,N/A,N/A
398,1770726119919,Sentence shown,HH_153_A,true,,,N/A,N/A,N/A,N/A,N/A,N/A,N/A
398,1770726123933,gap_time,N/A,true,,,GapTime_872,N/A,N/A,N/A,N/A,N/A,N/A
398,1770726124811,Sentence shown,HF_39_A,,,,N/A,N/A,N/A,N/A,N/A,N/A,N/A
398,1770726128818,gap_time,N/A,,,,GapTime_747,N/A,N/A,N/A,N/A,N/A,N/A
398,1770726129581,Sentence shown,HF_61_A,,,,N/A,N/A,N/A,N/A,N/A,N/A,N/A
398,1770726133594,gap_time,N/A,,,,GapTime_726,N/A,N/A,N/A,N/A,N/A,N/A
398,1770726134331,Sentence shown,HF_64_A,,,,N/A,N/A,N/A,N/A,N/A,N/A,N/A
398,1770726138336,gap_time,N/A,,,,GapTime_1249,N/A,N/A,N/A,N/A,N/A,N/A
398,1770726139592,Sentence shown,HH_153_P,true,,true,N/A,N/A,N/A,N/A,N/A,N/A,N/A
398,1770726140683,IR pressed,HH_153_P,true,,true,Spacebar,1,N/A,1091,N/A,N/A,N/A
398,1770726141021,WR pressed,HH_153_P,true,,true,No,N/A,1,N/A,338,N/A,N/A
398,1770726141022,gap_time,N/A,true,,true,GapTime_841,N/A,N/A,N/A,N/A,N/A,N/A
398,1770726141868,Sentence shown,HF_64_A,,true,true,N/A,N/A,N/A,N/A,N/A,N/A,N/A
398,1770726143189,Validation IR pressed,HF_64_A,,true,true,Spacebar,1,N/A,1321,N/A,N/A,N/A
398,1770726143189,IR pressed,HF_64_A,,true,true,Spacebar,1,N/A,1321,N/A,N/A,N/A
398,1770726143460,WR pressed,HF_64_A,,true,true,Yes,N/A,N/A,N/A,271,N/A,N/A
398,1770726143460,gap_time,N/A,,true,true,GapTime_1265,N/A,N/A,N/A,N/A,N/A,N/A
398,1770726144738,Sentence shown,LVH_166_P,true,,,N/A,N/A,N/A,N/A,N/A,N/A,N/A
398,1770726148742,gap_time,N/A,true,,,GapTime_853,N/A,N/A,N/A,N/A,N/A,N/A
398,1770726149609,Sentence shown,LVH_119_A,true,,,N/A,N/A,N/A,N/A,N/A,N/A,N/A
398,1770726153624,gap_time,N/A,true,,,GapTime_974,N/A,N/A,N/A,N/A,N/A,N/A
398,1770726154600,Sentence shown,HF_55_A,,,,N/A,N/A,N/A,N/A,N/A,N/A,N/A
398,1770726158604,gap_time,N/A,,,,GapTime_1177,N/A,N/A,N/A,N/A,N/A,N/A
398,1770726159792,Sentence shown,HF_47_A,,,,N/A,N/A,N/A,N/A,N/A,N/A,N/A
398,1770726163800,gap_time,N/A,,,,GapTime_1198,N/A,N/A,N/A,N/A,N/A,N/A
398,1770726165008,Sentence shown,HF_38_A,,,,N/A,N/A,N/A,N/A,N/A,N/A,N/A
398,1770726169019,gap_time,N/A,,,,GapTime_1103,N/A,N/A,N/A,N/A,N/A,N/A
398,1770726170132,Sentence shown,LVL_102_P,true,,,N/A,N/A,N/A,N/A,N/A,N/A,N/A
398,1770726174139,gap_time,N/A,true,,,GapTime_871,N/A,N/A,N/A,N/A,N/A,N/A
398,1770726175024,Sentence shown,HF_47_A,,true,true,N/A,N/A,N/A,N/A,N/A,N/A,N/A
398,1770726179036,Validation Missed,HF_47_A,,true,true,None,0,N/A,N/A,N/A,N/A,N/A
398,1770726179036,gap_time,N/A,,true,true,GapTime_934,N/A,N/A,N/A,N/A,N/A,N/A
398,1770726179980,Sentence shown,HF_45_A,,,,N/A,N/A,N/A,N/A,N/A,N/A,N/A
398,1770726183995,gap_time,N/A,,,,GapTime_1296,N/A,N/A,N/A,N/A,N/A,N/A
398,1770726185300,Sentence shown,LVH_166_P,true,,true,N/A,N/A,N/A,N/A,N/A,N/A,N/A
398,1770726186301,IR pressed,LVH_166_P,true,,true,Spacebar,1,N/A,1001,N/A,N/A,N/A
398,1770726186599,WR pressed,LVH_166_P,true,,true,Yes,N/A,1,N/A,298,N/A,N/A
398,1770726186600,gap_time,N/A,true,,true,GapTime_834,N/A,N/A,N/A,N/A,N/A,N/A
398,1770726187438,Sentence shown,LVH_119_A,true,,true,N/A,N/A,N/A,N/A,N/A,N/A,N/A
398,1770726188560,IR pressed,LVH_119_A,true,,true,Spacebar,1,N/A,1122,N/A,N/A,N/A
398,1770726188763,WR pressed,LVH_119_A,true,,true,Yes,N/A,1,N/A,203,N/A,N/A
398,1770726188763,gap_time,N/A,true,,true,GapTime_915,N/A,N/A,N/A,N/A,N/A,N/A
398,1770726189689,Sentence shown,LVL_121_A,true,,,N/A,N/A,N/A,N/A,N/A,N/A,N/A
398,1770726193698,gap_time,N/A,true,,,GapTime_1273,N/A,N/A,N/A,N/A,N/A,N/A
398,1770726194980,Sentence shown,HF_58_A,,,,N/A,N/A,N/A,N/A,N/A,N/A,N/A
398,1770726198987,gap_time,N/A,,,,GapTime_1117,N/A,N/A,N/A,N/A,N/A,N/A
398,1770726200115,Sentence shown,HF_51_A,,,,N/A,N/A,N/A,N/A,N/A,N/A,N/A
398,1770726204124,gap_time,N/A,,,,GapTime_856,N/A,N/A,N/A,N/A,N/A,N/A
398,1770726204984,Sentence shown,HH_174_A,true,,,N/A,N/A,N/A,N/A,N/A,N/A,N/A
398,1770726208986,gap_time,N/A,true,,,GapTime_718,N/A,N/A,N/A,N/A,N/A,N/A
398,1770726209713,Sentence shown,LVL_102_A,true,,true,N/A,N/A,N/A,N/A,N/A,N/A,N/A
398,1770726211338,IR pressed,LVL_102_A,true,,true,Spacebar,1,N/A,1625,N/A,N/A,N/A
398,1770726211604,WR pressed,LVL_102_A,true,,true,Yes,N/A,0,N/A,266,N/A,N/A
398,1770726211604,gap_time,N/A,true,,true,GapTime_1240,N/A,N/A,N/A,N/A,N/A,N/A
398,1770726212859,Sentence shown,HF_60_A,,,,N/A,N/A,N/A,N/A,N/A,N/A,N/A
398,1770726216873,gap_time,N/A,,,,GapTime_936,N/A,N/A,N/A,N/A,N/A,N/A
398,1770726217811,Sentence shown,HF_40_A,,,,N/A,N/A,N/A,N/A,N/A,N/A,N/A
398,1770726221813,gap_time,N/A,,,,GapTime_732,N/A,N/A,N/A,N/A,N/A,N/A
398,1770726222561,Sentence shown,HF_40_A,,true,true,N/A,N/A,N/A,N/A,N/A,N/A,N/A
398,1770726223593,Validation IR pressed,HF_40_A,,true,true,Spacebar,1,N/A,1031,N/A,N/A,N/A
398,1770726223593,IR pressed,HF_40_A,,true,true,Spacebar,1,N/A,1031,N/A,N/A,N/A
398,1770726223905,WR pressed,HF_40_A,,true,true,Yes,N/A,N/A,N/A,312,N/A,N/A
398,1770726223906,gap_time,N/A,,true,true,GapTime_1001,N/A,N/A,N/A,N/A,N/A,N/A
398,1770726224919,Sentence shown,LVL_121_P,true,,true,N/A,N/A,N/A,N/A,N/A,N/A,N/A
398,1770726226344,IR pressed,LVL_121_P,true,,true,Spacebar,1,N/A,1424,N/A,N/A,N/A
398,1770726227511,WR pressed,LVL_121_P,true,,true,No,N/A,1,N/A,1167,N/A,N/A
398,1770726227512,gap_time,N/A,true,,true,GapTime_785,N/A,N/A,N/A,N/A,N/A,N/A
398,1770726228300,Sentence shown,HF_34_A,,,,N/A,N/A,N/A,N/A,N/A,N/A,N/A
398,1770726232316,gap_time,N/A,,,,GapTime_896,N/A,N/A,N/A,N/A,N/A,N/A
398,1770726233214,Sentence shown,HVL_112_P,true,,,N/A,N/A,N/A,N/A,N/A,N/A,N/A
398,1770726237233,gap_time,N/A,true,,,GapTime_754,N/A,N/A,N/A,N/A,N/A,N/A
398,1770726238004,Sentence shown,HF_44_A,,,,N/A,N/A,N/A,N/A,N/A,N/A,N/A
398,1770726242016,gap_time,N/A,,,,GapTime_928,N/A,N/A,N/A,N/A,N/A,N/A
398,1770726242957,Sentence shown,HF_59_A,,,,N/A,N/A,N/A,N/A,N/A,N/A,N/A
398,1770726246959,gap_time,N/A,,,,GapTime_821,N/A,N/A,N/A,N/A,N/A,N/A
398,1770726247792,Sentence shown,HH_174_A,true,,true,N/A,N/A,N/A,N/A,N/A,N/A,N/A
398,1770726248756,IR pressed,HH_174_A,true,,true,Spacebar,1,N/A,963,N/A,N/A,N/A
398,1770726249423,WR pressed,HH_174_A,true,,true,Yes,N/A,1,N/A,667,N/A,N/A
398,1770726249424,gap_time,N/A,true,,true,GapTime_1144,N/A,N/A,N/A,N/A,N/A,N/A
398,1770726250572,Sentence shown,LVH_140_P,true,,,N/A,N/A,N/A,N/A,N/A,N/A,N/A
398,1770726254582,gap_time,N/A,true,,,GapTime_922,N/A,N/A,N/A,N/A,N/A,N/A
398,1770726255505,Sentence shown,HF_36_A,,,,N/A,N/A,N/A,N/A,N/A,N/A,N/A
398,1770726256657,Validation Wrong IR pressed,HF_36_A,,,,Spacebar,0,N/A,1152,N/A,N/A,N/A
398,1770726256657,IR pressed,HF_36_A,,,,Spacebar,0,N/A,1152,N/A,N/A,N/A
398,1770726256930,WR pressed,HF_36_A,,,,Yes,N/A,N/A,N/A,273,N/A,N/A
398,1770726256931,gap_time,N/A,,,,GapTime_1279,N/A,N/A,N/A,N/A,N/A,N/A
398,1770726258213,Sentence shown,HVL_112_P,true,,true,N/A,N/A,N/A,N/A,N/A,N/A,N/A
398,1770726259480,IR pressed,HVL_112_P,true,,true,Spacebar,1,N/A,1267,N/A,N/A,N/A
398,1770726259678,WR pressed,HVL_112_P,true,,true,Yes,N/A,1,N/A,198,N/A,N/A
398,1770726259678,gap_time,N/A,true,,true,GapTime_1246,N/A,N/A,N/A,N/A,N/A,N/A
398,1770726260934,Sentence shown,HF_36_A,,true,true,N/A,N/A,N/A,N/A,N/A,N/A,N/A
398,1770726261918,Validation IR pressed,HF_36_A,,true,true,Spacebar,1,N/A,984,N/A,N/A,N/A
398,1770726261918,IR pressed,HF_36_A,,true,true,Spacebar,1,N/A,984,N/A,N/A,N/A
398,1770726262149,WR pressed,HF_36_A,,true,true,Yes,N/A,N/A,N/A,231,N/A,N/A
398,1770726262149,gap_time,N/A,,true,true,GapTime_866,N/A,N/A,N/A,N/A,N/A,N/A
398,1770726263028,Sentence shown,HF_63_A,,,,N/A,N/A,N/A,N/A,N/A,N/A,N/A
398,1770726267035,gap_time,N/A,,,,GapTime_905,N/A,N/A,N/A,N/A,N/A,N/A
398,1770726267948,Sentence shown,HF_52_A,,,,N/A,N/A,N/A,N/A,N/A,N/A,N/A
398,1770726270644,Validation Wrong IR pressed,HF_52_A,,,,Spacebar,0,N/A,2696,N/A,N/A,N/A
398,1770726270644,IR pressed,HF_52_A,,,,Spacebar,0,N/A,2696,N/A,N/A,N/A
398,1770726271508,WR pressed,HF_52_A,,,,No,N/A,N/A,N/A,864,N/A,N/A
398,1770726271508,gap_time,N/A,,,,GapTime_875,N/A,N/A,N/A,N/A,N/A,N/A
398,1770726272390,Sentence shown,HH_180_P,true,,,N/A,N/A,N/A,N/A,N/A,N/A,N/A
398,1770726276402,gap_time,N/A,true,,,GapTime_1208,N/A,N/A,N/A,N/A,N/A,N/A
398,1770726277612,Sentence shown,LVH_140_A,true,,true,N/A,N/A,N/A,N/A,N/A,N/A,N/A
398,1770726281613,gap_time,N/A,true,,true,GapTime_1066,N/A,N/A,N/A,N/A,N/A,N/A
398,1770726282682,Sentence shown,HF_54_A,,,,N/A,N/A,N/A,N/A,N/A,N/A,N/A
398,1770726286307,Validation Wrong IR pressed,HF_54_A,,,,Spacebar,0,N/A,3625,N/A,N/A,N/A
398,1770726286307,IR pressed,HF_54_A,,,,Spacebar,0,N/A,3625,N/A,N/A,N/A
398,1770726286593,WR pressed,HF_54_A,,,,No,N/A,N/A,N/A,286,N/A,N/A
398,1770726286593,gap_time,N/A,,,,GapTime_956,N/A,N/A,N/A,N/A,N/A,N/A
398,1770726287552,Sentence shown,HF_65_A,,,,N/A,N/A,N/A,N/A,N/A,N/A,N/A
398,1770726288974,Validation Wrong IR pressed,HF_65_A,,,,Spacebar,0,N/A,1422,N/A,N/A,N/A
398,1770726288974,IR pressed,HF_65_A,,,,Spacebar,0,N/A,1422,N/A,N/A,N/A
398,1770726289146,WR pressed,HF_65_A,,,,No,N/A,N/A,N/A,172,N/A,N/A
398,1770726289147,gap_time,N/A,,,,GapTime_1230,N/A,N/A,N/A,N/A,N/A,N/A
398,1770726290390,Sentence shown,HVL_146_A,true,,,N/A,N/A,N/A,N/A,N/A,N/A,N/A
398,1770726294405,gap_time,N/A,true,,,GapTime_859,N/A,N/A,N/A,N/A,N/A,N/A
398,1770726295269,Sentence shown,HVL_138_A,true,,,N/A,N/A,N/A,N/A,N/A,N/A,N/A
398,1770726299281,gap_time,N/A,true,,,GapTime_782,N/A,N/A,N/A,N/A,N/A,N/A
398,1770726300067,Sentence shown,HF_62_A,,,,N/A,N/A,N/A,N/A,N/A,N/A,N/A
398,1770726301902,Validation Wrong IR pressed,HF_62_A,,,,Spacebar,0,N/A,1835,N/A,N/A,N/A
398,1770726301902,IR pressed,HF_62_A,,,,Spacebar,0,N/A,1835,N/A,N/A,N/A
398,1770726306337,WR pressed,HF_62_A,,,,No,N/A,N/A,N/A,4435,N/A,N/A
398,1770726306338,gap_time,N/A,,,,GapTime_1160,N/A,N/A,N/A,N/A,N/A,N/A
398,1770726307510,Sentence shown,HF_56_A,,,,N/A,N/A,N/A,N/A,N/A,N/A,N/A
398,1770726311513,gap_time,N/A,,,,GapTime_1155,N/A,N/A,N/A,N/A,N/A,N/A
398,1770726312672,Sentence shown,LVL_148_P,true,,,N/A,N/A,N/A,N/A,N/A,N/A,N/A
398,1770726316687,gap_time,N/A,true,,,GapTime_1279,N/A,N/A,N/A,N/A,N/A,N/A
398,1770726317972,Sentence shown,HH_180_P,true,,true,N/A,N/A,N/A,N/A,N/A,N/A,N/A
398,1770726319450,IR pressed,HH_180_P,true,,true,Spacebar,1,N/A,1478,N/A,N/A,N/A
398,1770726319819,WR pressed,HH_180_P,true,,true,Yes,N/A,1,N/A,369,N/A,N/A
398,1770726319820,gap_time,N/A,true,,true,GapTime_858,N/A,N/A,N/A,N/A,N/A,N/A
398,1770726320683,Sentence shown,HF_43_A,,,,N/A,N/A,N/A,N/A,N/A,N/A,N/A
398,1770726324699,gap_time,N/A,,,,GapTime_1136,N/A,N/A,N/A,N/A,N/A,N/A
398,1770726325845,Sentence shown,HF_42_A,,,,N/A,N/A,N/A,N/A,N/A,N/A,N/A
398,1770726329848,gap_time,N/A,,,,GapTime_763,N/A,N/A,N/A,N/A,N/A,N/A
398,1770726330618,Sentence shown,HVL_146_P,true,,true,N/A,N/A,N/A,N/A,N/A,N/A,N/A
398,1770726332249,IR pressed,HVL_146_P,true,,true,Spacebar,1,N/A,1631,N/A,N/A,N/A
398,1770726332558,WR pressed,HVL_146_P,true,,true,No,N/A,1,N/A,309,N/A,N/A
398,1770726332558,gap_time,N/A,true,,true,GapTime_776,N/A,N/A,N/A,N/A,N/A,N/A
398,1770726333346,Sentence shown,HVL_138_A,true,,true,N/A,N/A,N/A,N/A,N/A,N/A,N/A
398,1770726337352,gap_time,N/A,true,,true,GapTime_1216,N/A,N/A,N/A,N/A,N/A,N/A
398,1770726338583,Sentence shown,HF_42_A,,true,true,N/A,N/A,N/A,N/A,N/A,N/A,N/A
398,1770726339756,Validation IR pressed,HF_42_A,,true,true,Spacebar,1,N/A,1173,N/A,N/A,N/A
398,1770726339756,IR pressed,HF_42_A,,true,true,Spacebar,1,N/A,1173,N/A,N/A,N/A
398,1770726340054,WR pressed,HF_42_A,,true,true,Yes,N/A,N/A,N/A,298,N/A,N/A
398,1770726340054,gap_time,N/A,,true,true,GapTime_812,N/A,N/A,N/A,N/A,N/A,N/A
398,1770726340880,Sentence shown,LVL_148_P,true,,true,N/A,N/A,N/A,N/A,N/A,N/A,N/A
398,1770726341940,IR pressed,LVL_148_P,true,,true,Spacebar,1,N/A,1060,N/A,N/A,N/A
398,1770726342128,WR pressed,LVL_148_P,true,,true,Yes,N/A,1,N/A,188,N/A,N/A
398,1770726342128,gap_time,N/A,true,,true,GapTime_1061,N/A,N/A,N/A,N/A,N/A,N/A
398,1770726343194,Rest Phase started,N/A,true,,true,Rest,N/A,N/A,N/A,N/A,N/A,N/A
398,1770726356148,Sentence shown,HF_78_A,,,,N/A,N/A,N/A,N/A,N/A,N/A,N/A
398,1770726360166,gap_time,N/A,,,,GapTime_855,N/A,N/A,N/A,N/A,N/A,N/A
398,1770726361030,Sentence shown,HVL_141_A,true,,,N/A,N/A,N/A,N/A,N/A,N/A,N/A
398,1770726365034,gap_time,N/A,true,,,GapTime_773,N/A,N/A,N/A,N/A,N/A,N/A
398,1770726365813,Sentence shown,HF_78_A,,true,true,N/A,N/A,N/A,N/A,N/A,N/A,N/A
398,1770726366869,Validation IR pressed,HF_78_A,,true,true,Spacebar,1,N/A,1056,N/A,N/A,N/A
398,1770726366869,IR pressed,HF_78_A,,true,true,Spacebar,1,N/A,1056,N/A,N/A,N/A
398,1770726367083,WR pressed,HF_78_A,,true,true,Yes,N/A,N/A,N/A,213,N/A,N/A
398,1770726367083,gap_time,N/A,,true,true,GapTime_1192,N/A,N/A,N/A,N/A,N/A,N/A
398,1770726368287,Sentence shown,HF_83_A,,,,N/A,N/A,N/A,N/A,N/A,N/A,N/A
398,1770726372303,gap_time,N/A,,,,GapTime_1102,N/A,N/A,N/A,N/A,N/A,N/A
398,1770726373420,Sentence shown,HF_83_A,,true,true,N/A,N/A,N/A,N/A,N/A,N/A,N/A
398,1770726374321,Validation IR pressed,HF_83_A,,true,true,Spacebar,1,N/A,901,N/A,N/A,N/A
398,1770726374321,IR pressed,HF_83_A,,true,true,Spacebar,1,N/A,901,N/A,N/A,N/A
398,1770726374595,WR pressed,HF_83_A,,true,true,Yes,N/A,N/A,N/A,274,N/A,N/A
398,1770726374596,gap_time,N/A,,true,true,GapTime_1286,N/A,N/A,N/A,N/A,N/A,N/A
398,1770726375883,Sentence shown,HF_80_A,,,,N/A,N/A,N/A,N/A,N/A,N/A,N/A
398,1770726379885,gap_time,N/A,,,,GapTime_1030,N/A,N/A,N/A,N/A,N/A,N/A
398,1770726380921,Sentence shown,HF_66_A,,,,N/A,N/A,N/A,N/A,N/A,N/A,N/A
398,1770726384927,gap_time,N/A,,,,GapTime_919,N/A,N/A,N/A,N/A,N/A,N/A
398,1770726385850,Sentence shown,HF_84_A,,,,N/A,N/A,N/A,N/A,N/A,N/A,N/A
398,1770726389864,gap_time,N/A,,,,GapTime_1170,N/A,N/A,N/A,N/A,N/A,N/A
398,1770726391048,Sentence shown,HVL_141_A,true,,true,N/A,N/A,N/A,N/A,N/A,N/A,N/A
398,1770726391928,IR pressed,HVL_141_A,true,,true,Spacebar,1,N/A,879,N/A,N/A,N/A
398,1770726392153,WR pressed,HVL_141_A,true,,true,Yes,N/A,1,N/A,225,N/A,N/A
398,1770726392154,gap_time,N/A,true,,true,GapTime_1077,N/A,N/A,N/A,N/A,N/A,N/A
398,1770726393243,Sentence shown,HH_183_A,true,,,N/A,N/A,N/A,N/A,N/A,N/A,N/A
398,1770726397249,gap_time,N/A,true,,,GapTime_738,N/A,N/A,N/A,N/A,N/A,N/A
398,1770726397989,Sentence shown,HF_88_A,,,,N/A,N/A,N/A,N/A,N/A,N/A,N/A
398,1770726402002,gap_time,N/A,,,,GapTime_888,N/A,N/A,N/A,N/A,N/A,N/A
398,1770726402893,Sentence shown,HF_67_A,,,,N/A,N/A,N/A,N/A,N/A,N/A,N/A
398,1770726406904,gap_time,N/A,,,,GapTime_1214,N/A,N/A,N/A,N/A,N/A,N/A
398,1770726408125,Sentence shown,HF_68_A,,,,N/A,N/A,N/A,N/A,N/A,N/A,N/A
398,1770726412134,gap_time,N/A,,,,GapTime_1138,N/A,N/A,N/A,N/A,N/A,N/A
398,1770726413276,Sentence shown,HF_71_A,,,,N/A,N/A,N/A,N/A,N/A,N/A,N/A
398,1770726417278,gap_time,N/A,,,,GapTime_727,N/A,N/A,N/A,N/A,N/A,N/A
398,1770726418016,Sentence shown,HF_67_A,,true,true,N/A,N/A,N/A,N/A,N/A,N/A,N/A
398,1770726418944,Validation IR pressed,HF_67_A,,true,true,Spacebar,1,N/A,928,N/A,N/A,N/A
398,1770726418944,IR pressed,HF_67_A,,true,true,Spacebar,1,N/A,928,N/A,N/A,N/A
398,1770726419414,WR pressed,HF_67_A,,true,true,Yes,N/A,N/A,N/A,470,N/A,N/A
398,1770726419414,gap_time,N/A,,true,true,GapTime_748,N/A,N/A,N/A,N/A,N/A,N/A
398,1770726420166,Sentence shown,HF_68_A,,true,true,N/A,N/A,N/A,N/A,N/A,N/A,N/A
398,1770726421067,Validation IR pressed,HF_68_A,,true,true,Spacebar,1,N/A,901,N/A,N/A,N/A
398,1770726421067,IR pressed,HF_68_A,,true,true,Spacebar,1,N/A,901,N/A,N/A,N/A
398,1770726421282,WR pressed,HF_68_A,,true,true,Yes,N/A,N/A,N/A,214,N/A,N/A
398,1770726421283,gap_time,N/A,,true,true,GapTime_809,N/A,N/A,N/A,N/A,N/A,N/A
398,1770726422100,Sentence shown,LVH_118_P,true,,,N/A,N/A,N/A,N/A,N/A,N/A,N/A
398,1770726426103,gap_time,N/A,true,,,GapTime_1236,N/A,N/A,N/A,N/A,N/A,N/A
398,1770726427345,Sentence shown,HF_96_A,,,,N/A,N/A,N/A,N/A,N/A,N/A,N/A
398,1770726431357,gap_time,N/A,,,,GapTime_1131,N/A,N/A,N/A,N/A,N/A,N/A
398,1770726432500,Sentence shown,HH_183_A,true,,true,N/A,N/A,N/A,N/A,N/A,N/A,N/A
398,1770726434162,IR pressed,HH_183_A,true,,true,Spacebar,1,N/A,1662,N/A,N/A,N/A
398,1770726434333,WR pressed,HH_183_A,true,,true,Yes,N/A,1,N/A,171,N/A,N/A
398,1770726434333,gap_time,N/A,true,,true,GapTime_811,N/A,N/A,N/A,N/A,N/A,N/A
398,1770726435157,Sentence shown,HF_94_A,,,,N/A,N/A,N/A,N/A,N/A,N/A,N/A
398,1770726439158,gap_time,N/A,,,,GapTime_1025,N/A,N/A,N/A,N/A,N/A,N/A
398,1770726440194,Sentence shown,HF_70_A,,,,N/A,N/A,N/A,N/A,N/A,N/A,N/A
398,1770726444198,gap_time,N/A,,,,GapTime_1299,N/A,N/A,N/A,N/A,N/A,N/A
398,1770726445498,Sentence shown,HF_85_A,,,,N/A,N/A,N/A,N/A,N/A,N/A,N/A
398,1770726449506,gap_time,N/A,,,,GapTime_989,N/A,N/A,N/A,N/A,N/A,N/A
398,1770726450501,Sentence shown,HF_77_A,,,,N/A,N/A,N/A,N/A,N/A,N/A,N/A
398,1770726454505,gap_time,N/A,,,,GapTime_1037,N/A,N/A,N/A,N/A,N/A,N/A
398,1770726455558,Sentence shown,LVH_118_A,true,,true,N/A,N/A,N/A,N/A,N/A,N/A,N/A
398,1770726457267,IR pressed,LVH_118_A,true,,true,Spacebar,1,N/A,1709,N/A,N/A,N/A
398,1770726457595,WR pressed,LVH_118_A,true,,true,Yes,N/A,0,N/A,328,N/A,N/A
398,1770726457595,gap_time,N/A,true,,true,GapTime_1004,N/A,N/A,N/A,N/A,N/A,N/A
398,1770726458605,Sentence shown,HF_81_A,,,,N/A,N/A,N/A,N/A,N/A,N/A,N/A
398,1770726462618,gap_time,N/A,,,,GapTime_786,N/A,N/A,N/A,N/A,N/A,N/A
398,1770726463419,Sentence shown,HF_81_A,,true,true,N/A,N/A,N/A,N/A,N/A,N/A,N/A
398,1770726466491,Validation IR pressed,HF_81_A,,true,true,Spacebar,1,N/A,3071,N/A,N/A,N/A
398,1770726466491,IR pressed,HF_81_A,,true,true,Spacebar,1,N/A,3071,N/A,N/A,N/A
398,1770726466893,WR pressed,HF_81_A,,true,true,Yes,N/A,N/A,N/A,402,N/A,N/A
398,1770726466893,gap_time,N/A,,true,true,GapTime_1054,N/A,N/A,N/A,N/A,N/A,N/A
398,1770726467951,Sentence shown,HF_69_A,,,,N/A,N/A,N/A,N/A,N/A,N/A,N/A
398,1770726471959,gap_time,N/A,,,,GapTime_995,N/A,N/A,N/A,N/A,N/A,N/A
398,1770726472962,Sentence shown,HF_92_A,,,,N/A,N/A,N/A,N/A,N/A,N/A,N/A
398,1770726476979,gap_time,N/A,,,,GapTime_1149,N/A,N/A,N/A,N/A,N/A,N/A
398,1770726478137,Sentence shown,HF_69_A,,true,true,N/A,N/A,N/A,N/A,N/A,N/A,N/A
398,1770726479104,Validation IR pressed,HF_69_A,,true,true,Spacebar,1,N/A,967,N/A,N/A,N/A
398,1770726479104,IR pressed,HF_69_A,,true,true,Spacebar,1,N/A,967,N/A,N/A,N/A
398,1770726479316,WR pressed,HF_69_A,,true,true,Yes,N/A,N/A,N/A,212,N/A,N/A
398,1770726479317,gap_time,N/A,,true,true,GapTime_1270,N/A,N/A,N/A,N/A,N/A,N/A
398,1770726480596,Sentence shown,HF_89_A,,,,N/A,N/A,N/A,N/A,N/A,N/A,N/A
398,1770726484599,gap_time,N/A,,,,GapTime_1200,N/A,N/A,N/A,N/A,N/A,N/A
398,1770726485810,Sentence shown,LVL_109_P,true,,,N/A,N/A,N/A,N/A,N/A,N/A,N/A
398,1770726489813,gap_time,N/A,true,,,GapTime_776,N/A,N/A,N/A,N/A,N/A,N/A
398,1770726490600,Sentence shown,HF_73_A,,,,N/A,N/A,N/A,N/A,N/A,N/A,N/A
398,1770726494610,gap_time,N/A,,,,GapTime_1240,N/A,N/A,N/A,N/A,N/A,N/A
398,1770726495853,Sentence shown,LVH_151_A,true,,,N/A,N/A,N/A,N/A,N/A,N/A,N/A
398,1770726499864,gap_time,N/A,true,,,GapTime_1044,N/A,N/A,N/A,N/A,N/A,N/A
398,1770726500916,Sentence shown,LVH_137_P,true,,,N/A,N/A,N/A,N/A,N/A,N/A,N/A
398,1770726504918,gap_time,N/A,true,,,GapTime_755,N/A,N/A,N/A,N/A,N/A,N/A
398,1770726505678,Sentence shown,HVL_117_P,true,,,N/A,N/A,N/A,N/A,N/A,N/A,N/A
398,1770726509682,gap_time,N/A,true,,,GapTime_1167,N/A,N/A,N/A,N/A,N/A,N/A
398,1770726510862,Sentence shown,HF_82_A,,,,N/A,N/A,N/A,N/A,N/A,N/A,N/A
398,1770726514876,gap_time,N/A,,,,GapTime_768,N/A,N/A,N/A,N/A,N/A,N/A
398,1770726515658,Sentence shown,LVL_109_P,true,,true,N/A,N/A,N/A,N/A,N/A,N/A,N/A
398,1770726519670,gap_time,N/A,true,,true,GapTime_1083,N/A,N/A,N/A,N/A,N/A,N/A
398,1770726520768,Sentence shown,LVL_130_A,true,,,N/A,N/A,N/A,N/A,N/A,N/A,N/A
398,1770726524770,gap_time,N/A,true,,,GapTime_931,N/A,N/A,N/A,N/A,N/A,N/A
398,1770726525711,Sentence shown,HF_74_A,,,,N/A,N/A,N/A,N/A,N/A,N/A,N/A
398,1770726529713,gap_time,N/A,,,,GapTime_1128,N/A,N/A,N/A,N/A,N/A,N/A
398,1770726530850,Sentence shown,HF_95_A,,,,N/A,N/A,N/A,N/A,N/A,N/A,N/A
398,1770726534857,gap_time,N/A,,,,GapTime_734,N/A,N/A,N/A,N/A,N/A,N/A
398,1770726535604,Sentence shown,LVH_137_P,true,,true,N/A,N/A,N/A,N/A,N/A,N/A,N/A
398,1770726536578,IR pressed,LVH_137_P,true,,true,Spacebar,1,N/A,974,N/A,N/A,N/A
398,1770726536889,WR pressed,LVH_137_P,true,,true,Yes,N/A,1,N/A,311,N/A,N/A
398,1770726536890,gap_time,N/A,true,,true,GapTime_1268,N/A,N/A,N/A,N/A,N/A,N/A
398,1770726538165,Sentence shown,HF_74_A,,true,true,N/A,N/A,N/A,N/A,N/A,N/A,N/A
398,1770726539072,Validation IR pressed,HF_74_A,,true,true,Spacebar,1,N/A,907,N/A,N/A,N/A
398,1770726539072,IR pressed,HF_74_A,,true,true,Spacebar,1,N/A,907,N/A,N/A,N/A
398,1770726539319,WR pressed,HF_74_A,,true,true,Yes,N/A,N/A,N/A,247,N/A,N/A
398,1770726539319,gap_time,N/A,,true,true,GapTime_1026,N/A,N/A,N/A,N/A,N/A,N/A
398,1770726540347,Sentence shown,LVH_151_P,true,,true,N/A,N/A,N/A,N/A,N/A,N/A,N/A
398,1770726541437,IR pressed,LVH_151_P,true,,true,Spacebar,1,N/A,1090,N/A,N/A,N/A
398,1770726541637,WR pressed,LVH_151_P,true,,true,Yes,N/A,0,N/A,200,N/A,N/A
398,1770726541637,gap_time,N/A,true,,true,GapTime_716,N/A,N/A,N/A,N/A,N/A,N/A
398,1770726542369,Sentence shown,HVL_117_A,true,,true,N/A,N/A,N/A,N/A,N/A,N/A,N/A
398,1770726544192,IR pressed,HVL_117_A,true,,true,Spacebar,1,N/A,1823,N/A,N/A,N/A
398,1770726544480,WR pressed,HVL_117_A,true,,true,Yes,N/A,0,N/A,288,N/A,N/A
398,1770726544481,gap_time,N/A,true,,true,GapTime_1132,N/A,N/A,N/A,N/A,N/A,N/A
398,1770726545615,Sentence shown,LVL_134_A,true,,,N/A,N/A,N/A,N/A,N/A,N/A,N/A
398,1770726549617,gap_time,N/A,true,,,GapTime_1280,N/A,N/A,N/A,N/A,N/A,N/A
398,1770726550906,Sentence shown,HF_72_A,,,,N/A,N/A,N/A,N/A,N/A,N/A,N/A
398,1770726554914,gap_time,N/A,,,,GapTime_970,N/A,N/A,N/A,N/A,N/A,N/A
398,1770726555890,Sentence shown,HH_159_P,true,,,N/A,N/A,N/A,N/A,N/A,N/A,N/A
398,1770726559895,gap_time,N/A,true,,,GapTime_1111,N/A,N/A,N/A,N/A,N/A,N/A
398,1770726561009,Sentence shown,HVL_150_A,true,,,N/A,N/A,N/A,N/A,N/A,N/A,N/A
398,1770726565013,gap_time,N/A,true,,,GapTime_790,N/A,N/A,N/A,N/A,N/A,N/A
398,1770726565815,Sentence shown,HF_76_A,,,,N/A,N/A,N/A,N/A,N/A,N/A,N/A
398,1770726569826,gap_time,N/A,,,,GapTime_1096,N/A,N/A,N/A,N/A,N/A,N/A
398,1770726570924,Sentence shown,LVL_130_P,true,,true,N/A,N/A,N/A,N/A,N/A,N/A,N/A
398,1770726573111,IR pressed,LVL_130_P,true,,true,Spacebar,1,N/A,2187,N/A,N/A,N/A
398,1770726573480,WR pressed,LVL_130_P,true,,true,Yes,N/A,0,N/A,368,N/A,N/A
398,1770726573480,gap_time,N/A,true,,true,GapTime_828,N/A,N/A,N/A,N/A,N/A,N/A
398,1770726574314,Sentence shown,HH_137_A,true,,,N/A,N/A,N/A,N/A,N/A,N/A,N/A
398,1770726578317,gap_time,N/A,true,,,GapTime_1056,N/A,N/A,N/A,N/A,N/A,N/A
398,1770726579382,Sentence shown,HVL_104_P,true,,,N/A,N/A,N/A,N/A,N/A,N/A,N/A
398,1770726583388,gap_time,N/A,true,,,GapTime_857,N/A,N/A,N/A,N/A,N/A,N/A
398,1770726584255,Sentence shown,LVL_128_P,true,,,N/A,N/A,N/A,N/A,N/A,N/A,N/A
398,1770726588259,gap_time,N/A,true,,,GapTime_1117,N/A,N/A,N/A,N/A,N/A,N/A
398,1770726589379,Sentence shown,LVL_134_A,true,,true,N/A,N/A,N/A,N/A,N/A,N/A,N/A
398,1770726590424,IR pressed,LVL_134_A,true,,true,Spacebar,1,N/A,1045,N/A,N/A,N/A
398,1770726590695,WR pressed,LVL_134_A,true,,true,Yes,N/A,1,N/A,271,N/A,N/A
398,1770726590696,gap_time,N/A,true,,true,GapTime_1148,N/A,N/A,N/A,N/A,N/A,N/A
398,1770726591847,Sentence shown,HF_86_A,,,,N/A,N/A,N/A,N/A,N/A,N/A,N/A
398,1770726593179,Validation Wrong IR pressed,HF_86_A,,,,Spacebar,0,N/A,1332,N/A,N/A,N/A
398,1770726593179,IR pressed,HF_86_A,,,,Spacebar,0,N/A,1332,N/A,N/A,N/A
398,1770726593382,WR pressed,HF_86_A,,,,Yes,N/A,N/A,N/A,203,N/A,N/A
398,1770726593383,gap_time,N/A,,,,GapTime_847,N/A,N/A,N/A,N/A,N/A,N/A
398,1770726594239,Sentence shown,HF_91_A,,,,N/A,N/A,N/A,N/A,N/A,N/A,N/A
398,1770726598247,gap_time,N/A,,,,GapTime_945,N/A,N/A,N/A,N/A,N/A,N/A
398,1770726599204,Sentence shown,HVL_150_P,true,,true,N/A,N/A,N/A,N/A,N/A,N/A,N/A
398,1770726600757,IR pressed,HVL_150_P,true,,true,Spacebar,1,N/A,1553,N/A,N/A,N/A
398,1770726601214,WR pressed,HVL_150_P,true,,true,Yes,N/A,0,N/A,457,N/A,N/A
398,1770726601214,gap_time,N/A,true,,true,GapTime_872,N/A,N/A,N/A,N/A,N/A,N/A
398,1770726602093,Sentence shown,HF_91_A,,true,true,N/A,N/A,N/A,N/A,N/A,N/A,N/A
398,1770726603097,Validation IR pressed,HF_91_A,,true,true,Spacebar,1,N/A,1004,N/A,N/A,N/A
398,1770726603097,IR pressed,HF_91_A,,true,true,Spacebar,1,N/A,1004,N/A,N/A,N/A
398,1770726603256,WR pressed,HF_91_A,,true,true,Yes,N/A,N/A,N/A,159,N/A,N/A
398,1770726603256,gap_time,N/A,,true,true,GapTime_844,N/A,N/A,N/A,N/A,N/A,N/A
398,1770726604103,Sentence shown,HH_159_P,true,,true,N/A,N/A,N/A,N/A,N/A,N/A,N/A
398,1770726605036,IR pressed,HH_159_P,true,,true,Spacebar,1,N/A,933,N/A,N/A,N/A
398,1770726605366,WR pressed,HH_159_P,true,,true,Yes,N/A,1,N/A,330,N/A,N/A
398,1770726605367,gap_time,N/A,true,,true,GapTime_927,N/A,N/A,N/A,N/A,N/A,N/A
398,1770726606310,Sentence shown,LVH_104_A,true,,,N/A,N/A,N/A,N/A,N/A,N/A,N/A
398,1770726610317,gap_time,N/A,true,,,GapTime_829,N/A,N/A,N/A,N/A,N/A,N/A
398,1770726611149,Sentence shown,HH_152_P,true,,,N/A,N/A,N/A,N/A,N/A,N/A,N/A
398,1770726615150,gap_time,N/A,true,,,GapTime_867,N/A,N/A,N/A,N/A,N/A,N/A
398,1770726616027,Sentence shown,HF_75_A,,,,N/A,N/A,N/A,N/A,N/A,N/A,N/A
398,1770726620028,gap_time,N/A,,,,GapTime_963,N/A,N/A,N/A,N/A,N/A,N/A
398,1770726620997,Sentence shown,HH_137_P,true,,true,N/A,N/A,N/A,N/A,N/A,N/A,N/A
398,1770726622165,IR pressed,HH_137_P,true,,true,Spacebar,1,N/A,1168,N/A,N/A,N/A
398,1770726622434,WR pressed,HH_137_P,true,,true,Yes,N/A,0,N/A,268,N/A,N/A
398,1770726622434,gap_time,N/A,true,,true,GapTime_1268,N/A,N/A,N/A,N/A,N/A,N/A
398,1770726623709,Sentence shown,HF_79_A,,,,N/A,N/A,N/A,N/A,N/A,N/A,N/A
398,1770726627719,gap_time,N/A,,,,GapTime_1265,N/A,N/A,N/A,N/A,N/A,N/A
398,1770726628993,Sentence shown,HF_79_A,,true,true,N/A,N/A,N/A,N/A,N/A,N/A,N/A
398,1770726629727,Validation IR pressed,HF_79_A,,true,true,Spacebar,1,N/A,734,N/A,N/A,N/A
398,1770726629727,IR pressed,HF_79_A,,true,true,Spacebar,1,N/A,734,N/A,N/A,N/A
398,1770726629983,WR pressed,HF_79_A,,true,true,Yes,N/A,N/A,N/A,256,N/A,N/A
398,1770726629983,gap_time,N/A,,true,true,GapTime_734,N/A,N/A,N/A,N/A,N/A,N/A
398,1770726630724,Sentence shown,HVL_104_P,true,,true,N/A,N/A,N/A,N/A,N/A,N/A,N/A
398,1770726631791,IR pressed,HVL_104_P,true,,true,Spacebar,1,N/A,1067,N/A,N/A,N/A
398,1770726631934,WR pressed,HVL_104_P,true,,true,Yes,N/A,1,N/A,143,N/A,N/A
398,1770726631935,gap_time,N/A,true,,true,GapTime_1059,N/A,N/A,N/A,N/A,N/A,N/A
398,1770726633005,Sentence shown,HF_90_A,,,,N/A,N/A,N/A,N/A,N/A,N/A,N/A
398,1770726637006,gap_time,N/A,,,,GapTime_767,N/A,N/A,N/A,N/A,N/A,N/A
398,1770726637775,Sentence shown,LVL_128_A,true,,true,N/A,N/A,N/A,N/A,N/A,N/A,N/A
398,1770726641789,gap_time,N/A,true,,true,GapTime_804,N/A,N/A,N/A,N/A,N/A,N/A
398,1770726642608,Sentence shown,HF_90_A,,true,true,N/A,N/A,N/A,N/A,N/A,N/A,N/A
398,1770726644155,Validation IR pressed,HF_90_A,,true,true,Spacebar,1,N/A,1547,N/A,N/A,N/A
398,1770726644155,IR pressed,HF_90_A,,true,true,Spacebar,1,N/A,1547,N/A,N/A,N/A
398,1770726644425,WR pressed,HF_90_A,,true,true,Yes,N/A,N/A,N/A,270,N/A,N/A
398,1770726644426,gap_time,N/A,,true,true,GapTime_724,N/A,N/A,N/A,N/A,N/A,N/A
398,1770726645153,Sentence shown,HF_97_A,,,,N/A,N/A,N/A,N/A,N/A,N/A,N/A
398,1770726649164,gap_time,N/A,,,,GapTime_1084,N/A,N/A,N/A,N/A,N/A,N/A
398,1770726650263,Sentence shown,HF_87_A,,,,N/A,N/A,N/A,N/A,N/A,N/A,N/A
398,1770726654267,gap_time,N/A,,,,GapTime_893,N/A,N/A,N/A,N/A,N/A,N/A
398,1770726655177,Sentence shown,HF_93_A,,,,N/A,N/A,N/A,N/A,N/A,N/A,N/A
398,1770726659189,gap_time,N/A,,,,GapTime_1109,N/A,N/A,N/A,N/A,N/A,N/A
398,1770726660302,Sentence shown,LVH_104_A,true,,true,N/A,N/A,N/A,N/A,N/A,N/A,N/A
398,1770726663685,IR pressed,LVH_104_A,true,,true,Spacebar,1,N/A,3383,N/A,N/A,N/A
398,1770726663937,WR pressed,LVH_104_A,true,,true,Yes,N/A,1,N/A,252,N/A,N/A
398,1770726663937,gap_time,N/A,true,,true,GapTime_822,N/A,N/A,N/A,N/A,N/A,N/A
398,1770726664766,Sentence shown,HH_152_A,true,,true,N/A,N/A,N/A,N/A,N/A,N/A,N/A
398,1770726665862,IR pressed,HH_152_A,true,,true,Spacebar,1,N/A,1096,N/A,N/A,N/A
398,1770726666251,WR pressed,HH_152_A,true,,true,Yes,N/A,0,N/A,389,N/A,N/A
398,1770726666251,gap_time,N/A,true,,true,GapTime_1186,N/A,N/A,N/A,N/A,N/A,N/A
